<?xml version="1.0" encoding="UTF-8"?>
<!-- Generated by org.testng.reporters.JUnitReportReporter -->
<testsuite hostname="Mukilsai" failures="2" tests="10" name="requests.GetRequests" time="5.201" errors="0" timestamp="2024-10-17T20:53:25 EDT" skipped="0">
  <testcase classname="requests.GetRequests" name="GetAllUser" time="0.247"/>
  <testcase classname="requests.GetRequests" name="GetAllUser" time="0.272"/>
  <testcase classname="requests.GetRequests" name="GetAllUser" time="0.322"/>
  <testcase classname="requests.GetRequests" name="GetAllUser" time="0.254"/>
  <testcase classname="requests.GetRequests" name="GetAllUser" time="0.270">
    <failure message="1 expectation failed.
Response body doesn&#039;t match expectation.
Expected: The content to match the given JSON schema.
error: instance type (array) does not match any allowed primitive type (allowed: [&quot;object&quot;])
    level: &quot;error&quot;
    schema: {&quot;loadingURI&quot;:&quot;file:/C:/Users/mukil/eclipse-workspace/Team5_kiruthika_RestAPI/target/test-classes/schema.json#&quot;,&quot;pointer&quot;:&quot;&quot;}
    instance: {&quot;pointer&quot;:&quot;&quot;}
    domain: &quot;validation&quot;
    keyword: &quot;type&quot;
    found: &quot;array&quot;
    expected: [&quot;object&quot;]

  Actual: [{&quot;userAddress&quot;:{&quot;addressId&quot;:10773,&quot;plotNumber&quot;:&quot;pl-21&quot;,&quot;street&quot;:&quot;Main street&quot;,&quot;state&quot;:&quot;GA&quot;,&quot;country&quot;:&quot;USA&quot;,&quot;zipCode&quot;:30001},&quot;user_id&quot;:10805,&quot;user_first_name&quot;:&quot;kiru&quot;,&quot;user_last_name&quot;:&quot;muthu&quot;,&quot;user_contact_number&quot;:4129967890,&quot;user_email_id&quot;:&quot;team05kiki@gmail.com&quot;,&quot;creation_time&quot;:&quot;2024-10-17T21:05:56.669+00:00&quot;,&quot;last_mod_time&quot;:&quot;2024-10-17T21:05:56.669+00:00&quot;}]
" type="java.lang.AssertionError">
      <![CDATA[java.lang.AssertionError: 1 expectation failed.
Response body doesn't match expectation.
Expected: The content to match the given JSON schema.
error: instance type (array) does not match any allowed primitive type (allowed: ["object"])
    level: "error"
    schema: {"loadingURI":"file:/C:/Users/mukil/eclipse-workspace/Team5_kiruthika_RestAPI/target/test-classes/schema.json#","pointer":""}
    instance: {"pointer":""}
    domain: "validation"
    keyword: "type"
    found: "array"
    expected: ["object"]

  Actual: [{"userAddress":{"addressId":10773,"plotNumber":"pl-21","street":"Main street","state":"GA","country":"USA","zipCode":30001},"user_id":10805,"user_first_name":"kiru","user_last_name":"muthu","user_contact_number":4129967890,"user_email_id":"team05kiki@gmail.com","creation_time":"2024-10-17T21:05:56.669+00:00","last_mod_time":"2024-10-17T21:05:56.669+00:00"}]

at java.base/jdk.internal.reflect.DirectConstructorHandleAccessor.newInstance(DirectConstructorHandleAccessor.java:62)
at java.base/java.lang.reflect.Constructor.newInstanceWithCaller(Constructor.java:502)
at java.base/java.lang.reflect.Constructor.newInstance(Constructor.java:486)
at org.codehaus.groovy.reflection.CachedConstructor.invoke(CachedConstructor.java:73)
at org.codehaus.groovy.runtime.callsite.ConstructorSite$ConstructorSiteNoUnwrapNoCoerce.callConstructor(ConstructorSite.java:108)
at org.codehaus.groovy.runtime.callsite.AbstractCallSite.callConstructor(AbstractCallSite.java:277)
at io.restassured.internal.ResponseSpecificationImpl$HamcrestAssertionClosure.validate(ResponseSpecificationImpl.groovy:512)
at io.restassured.internal.ResponseSpecificationImpl$HamcrestAssertionClosure$validate$1.call(Unknown Source)
at io.restassured.internal.ResponseSpecificationImpl.validateResponseIfRequired(ResponseSpecificationImpl.groovy:696)
at io.restassured.internal.ResponseSpecificationImpl.this$2$validateResponseIfRequired(ResponseSpecificationImpl.groovy)
at java.base/jdk.internal.reflect.DirectMethodHandleAccessor.invoke(DirectMethodHandleAccessor.java:103)
at java.base/java.lang.reflect.Method.invoke(Method.java:580)
at org.codehaus.groovy.runtime.callsite.PlainObjectMetaMethodSite.doInvoke(PlainObjectMetaMethodSite.java:43)
at org.codehaus.groovy.runtime.callsite.PogoMetaMethodSite$PogoCachedMethodSiteNoUnwrapNoCoerce.invoke(PogoMetaMethodSite.java:198)
at org.codehaus.groovy.runtime.callsite.PogoMetaMethodSite.callCurrent(PogoMetaMethodSite.java:62)
at org.codehaus.groovy.runtime.callsite.AbstractCallSite.callCurrent(AbstractCallSite.java:185)
at io.restassured.internal.ResponseSpecificationImpl.body(ResponseSpecificationImpl.groovy:107)
at io.restassured.internal.ValidatableResponseOptionsImpl.body(ValidatableResponseOptionsImpl.java:238)
at requests.GetRequests.GetAllUser(GetRequests.java:51)
at java.base/jdk.internal.reflect.DirectMethodHandleAccessor.invoke(DirectMethodHandleAccessor.java:103)
at java.base/java.lang.reflect.Method.invoke(Method.java:580)
at org.testng.internal.invokers.MethodInvocationHelper.invokeMethod(MethodInvocationHelper.java:141)
at org.testng.internal.invokers.TestInvoker.invokeMethod(TestInvoker.java:686)
at org.testng.internal.invokers.TestInvoker.invokeTestMethod(TestInvoker.java:230)
at org.testng.internal.invokers.MethodRunner.runInSequence(MethodRunner.java:63)
at org.testng.internal.invokers.TestInvoker$MethodInvocationAgent.invoke(TestInvoker.java:992)
at org.testng.internal.invokers.TestInvoker.invokeTestMethods(TestInvoker.java:203)
at org.testng.internal.invokers.TestMethodWorker.invokeTestMethods(TestMethodWorker.java:154)
at org.testng.internal.invokers.TestMethodWorker.run(TestMethodWorker.java:134)
at java.base/java.util.ArrayList.forEach(ArrayList.java:1596)
at org.testng.TestRunner.privateRun(TestRunner.java:739)
at org.testng.TestRunner.run(TestRunner.java:614)
at org.testng.SuiteRunner.runTest(SuiteRunner.java:421)
at org.testng.SuiteRunner.runSequentially(SuiteRunner.java:413)
at org.testng.SuiteRunner.privateRun(SuiteRunner.java:373)
at org.testng.SuiteRunner.run(SuiteRunner.java:312)
at org.testng.SuiteRunnerWorker.runSuite(SuiteRunnerWorker.java:52)
at org.testng.SuiteRunnerWorker.run(SuiteRunnerWorker.java:95)
at org.testng.TestNG.runSuitesSequentially(TestNG.java:1274)
at org.testng.TestNG.runSuitesLocally(TestNG.java:1208)
at org.testng.TestNG.runSuites(TestNG.java:1112)
at org.testng.TestNG.run(TestNG.java:1079)
at org.testng.remote.AbstractRemoteTestNG.run(AbstractRemoteTestNG.java:115)
at org.testng.remote.RemoteTestNG.initAndRun(RemoteTestNG.java:293)
at org.testng.remote.RemoteTestNG.main(RemoteTestNG.java:91)
]]>
    </failure>
  </testcase> <!-- GetAllUser -->
  <testcase classname="requests.GetRequests" name="GetAllUser" time="0.265"/>
  <testcase classname="requests.GetRequests" name="GetAllUser" time="0.279"/>
  <testcase classname="requests.GetRequests" name="GetAllUser" time="0.248"/>
  <testcase classname="requests.GetRequests" name="GetAllUser" time="0.245"/>
  <testcase classname="requests.GetRequests" name="GetAllUser" time="2.799">
    <failure message="1 expectation failed.
Response body doesn&#039;t match expectation.
Expected: The content to match the given JSON schema.
error: instance type (array) does not match any allowed primitive type (allowed: [&quot;object&quot;])
    level: &quot;error&quot;
    schema: {&quot;loadingURI&quot;:&quot;file:/C:/Users/mukil/eclipse-workspace/Team5_kiruthika_RestAPI/target/test-classes/schema.json#&quot;,&quot;pointer&quot;:&quot;&quot;}
    instance: {&quot;pointer&quot;:&quot;&quot;}
    domain: &quot;validation&quot;
    keyword: &quot;type&quot;
    found: &quot;array&quot;
    expected: [&quot;object&quot;]

  Actual: [{&quot;userAddress&quot;:{&quot;addressId&quot;:1,&quot;plotNumber&quot;:&quot;pl-03&quot;,&quot;street&quot;:&quot;palmilla&quot;,&quot;state&quot;:&quot;Florida&quot;,&quot;country&quot;:&quot;USA&quot;,&quot;zipCode&quot;:324578},&quot;user_id&quot;:1,&quot;user_first_name&quot;:&quot;Numpy&quot;,&quot;user_last_name&quot;:&quot;Ninja&quot;,&quot;user_contact_number&quot;:1234567891,&quot;user_email_id&quot;:&quot;Numpy@gmail.com&quot;,&quot;creation_time&quot;:&quot;2024-09-11T01:02:36.169+00:00&quot;,&quot;last_mod_time&quot;:&quot;2024-09-11T04:02:36.169+00:00&quot;},{&quot;userAddress&quot;:{&quot;addressId&quot;:10096,&quot;plotNumber&quot;:&quot;P1-14&quot;,&quot;street&quot;:&quot;Pine&quot;,&quot;state&quot;:&quot;FL&quot;,&quot;country&quot;:&quot;USA&quot;,&quot;zipCode&quot;:75001},&quot;user_id&quot;:10128,&quot;user_first_name&quot;:&quot;Charlie&quot;,&quot;user_last_name&quot;:&quot;Brown&quot;,&quot;user_contact_number&quot;:5087382991,&quot;user_email_id&quot;:&quot;comBrow@example.com&quot;,&quot;creation_time&quot;:&quot;2024-10-15T22:17:55.546+00:00&quot;,&quot;last_mod_time&quot;:&quot;2024-10-15T22:17:55.546+00:00&quot;},{&quot;userAddress&quot;:{&quot;addressId&quot;:10103,&quot;plotNumber&quot;:&quot;P1-11&quot;,&quot;street&quot;:&quot;Main&quot;,&quot;state&quot;:&quot;LA&quot;,&quot;country&quot;:&quot;USA&quot;,&quot;zipCode&quot;:20878},&quot;user_id&quot;:10135,&quot;user_first_name&quot;:&quot;lavanya&quot;,&quot;user_last_name&quot;:&quot;John&quot;,&quot;user_contact_number&quot;:4491934456,&quot;user_email_id&quot;:&quot;Team03LavaJoh@gmail.com&quot;,&quot;creation_time&quot;:&quot;2024-10-15T22:28:21.074+00:00&quot;,&quot;last_mod_time&quot;:&quot;2024-10-15T22:28:21.074+00:00&quot;},{&quot;userAddress&quot;:{&quot;addressId&quot;:10104,&quot;plotNumber&quot;:&quot;P1-12&quot;,&quot;street&quot;:&quot;Main&quot;,&quot;state&quot;:&quot;CA&quot;,&quot;country&quot;:&quot;USA&quot;,&quot;zipCode&quot;:20875},&quot;user_id&quot;:10136,&quot;user_first_name&quot;:&quot;Alice&quot;,&quot;user_last_name&quot;:&quot;Johnson&quot;,&quot;user_contact_number&quot;:2023777222,&quot;user_email_id&quot;:&quot;AcJohnso@example.com&quot;,&quot;creation_time&quot;:&quot;2024-10-15T22:28:21.305+00:00&quot;,&quot;last_mod_time&quot;:&quot;2024-10-15T22:28:21.305+00:00&quot;},{&quot;userAddress&quot;:{&quot;addressId&quot;:51,&quot;plotNumber&quot;:null,&quot;street&quot;:null,&quot;state&quot;:&quot;nj&quot;,&quot;country&quot;:&quot;us&quot;,&quot;zipCode&quot;:0},&quot;user_id&quot;:84,&quot;user_first_name&quot;:&quot;sm&quot;,&quot;user_last_name&quot;:&quot;sh&quot;,&quot;user_contact_number&quot;:7876541567,&quot;user_email_id&quot;:&quot;smsh@gmail.com&quot;,&quot;creation_time&quot;:&quot;2024-09-17T03:48:18.177+00:00&quot;,&quot;last_mod_time&quot;:&quot;2024-09-17T03:48:18.177+00:00&quot;},{&quot;userAddress&quot;:{&quot;addressId&quot;:9662,&quot;plotNumber&quot;:&quot;P1-110&quot;,&quot;street&quot;:&quot;Jacobi Haven&quot;,&quot;state&quot;:&quot;TX&quot;,&quot;country&quot;:&quot;USA&quot;,&quot;zipCode&quot;:12356},&quot;user_id&quot;:9694,&quot;user_first_name&quot;:&quot;Stanton&quot;,&quot;user_last_name&quot;:&quot;Abbott&quot;,&quot;user_contact_number&quot;:3607896745,&quot;user_email_id&quot;:&quot;Lela90@yahoo.com&quot;,&quot;creation_time&quot;:&quot;2024-10-14T15:11:14.527+00:00&quot;,&quot;last_mod_time&quot;:&quot;2024-10-14T15:11:14.527+00:00&quot;},{&quot;userAddress&quot;:{&quot;addressId&quot;:4466,&quot;plotNumber&quot;:&quot;ab-13&quot;,&quot;street&quot;:&quot;Irving&quot;,&quot;state&quot;:&quot;Texas&quot;,&quot;country&quot;:&quot;USA&quot;,&quot;zipCode&quot;:77144},&quot;user_id&quot;:4499,&quot;user_first_name&quot;:&quot;Darsh&quot;,&quot;user_last_name&quot;:&quot;Shebi&quot;,&quot;user_contact_number&quot;:9122334456,&quot;user_email_id&quot;:&quot;17@gmail.com&quot;,&quot;creation_time&quot;:&quot;2024-09-25T20:13:00.609+00:00&quot;,&quot;last_mod_time&quot;:&quot;2024-09-25T20:13:00.609+00:00&quot;},{&quot;userAddress&quot;:{&quot;addressId&quot;:96,&quot;plotNumber&quot;:&quot;897-E&quot;,&quot;street&quot;:&quot;hjhjh&quot;,&quot;state&quot;:&quot;hjkhkh&quot;,&quot;country&quot;:&quot;ghjjj&quot;,&quot;zipCode&quot;:72},&quot;user_id&quot;:129,&quot;user_first_name&quot;:&quot;jkok&quot;,&quot;user_last_name&quot;:&quot;ghjgkj&quot;,&quot;user_contact_number&quot;:4397635679,&quot;user_email_id&quot;:&quot;jik@gmail.com&quot;,&quot;creation_time&quot;:&quot;2024-09-17T15:47:10.461+00:00&quot;,&quot;last_mod_time&quot;:&quot;2024-09-17T15:47:10.461+00:00&quot;},{&quot;userAddress&quot;:{&quot;addressId&quot;:54,&quot;plotNumber&quot;:&quot;208-W&quot;,&quot;street&quot;:&quot;creek&quot;,&quot;state&quot;:&quot;Texsa&quot;,&quot;country&quot;:&quot;usa&quot;,&quot;zipCode&quot;:78765},&quot;user_id&quot;:87,&quot;user_first_name&quot;:&quot;sai&quot;,&quot;user_last_name&quot;:&quot;isha&quot;,&quot;user_contact_number&quot;:9809543279,&quot;user_email_id&quot;:&quot;ski@gmail.com&quot;,&quot;creation_time&quot;:&quot;2024-09-17T04:19:41.372+00:00&quot;,&quot;last_mod_time&quot;:&quot;2024-09-17T04:19:41.372+00:00&quot;},{&quot;userAddress&quot;:{&quot;addressId&quot;:1654,&quot;plotNumber&quot;:null,&quot;street&quot;:null,&quot;state&quot;:null,&quot;country&quot;:null,&quot;zipCode&quot;:null},&quot;user_id&quot;:1687,&quot;user_first_name&quot;:&quot;skalpana&quot;,&quot;user_last_name&quot;:&quot;mrenga&quot;,&quot;user_contact_number&quot;:3342623426,&quot;user_email_id&quot;:&quot;sneyagan@gmail.com&quot;,&quot;creation_time&quot;:&quot;2024-09-20T22:05:39.717+00:00&quot;,&quot;last_mod_time&quot;:&quot;2024-09-20T22:05:39.717+00:00&quot;},{&quot;userAddress&quot;:{&quot;addressId&quot;:56,&quot;plotNumber&quot;:&quot;208-W&quot;,&quot;street&quot;:&quot;creek&quot;,&quot;state&quot;:&quot;Texsa&quot;,&quot;country&quot;:&quot;usa&quot;,&quot;zipCode&quot;:78765},&quot;user_id&quot;:89,&quot;user_first_name&quot;:&quot;jkok&quot;,&quot;user_last_name&quot;:&quot;njk&quot;,&quot;user_contact_number&quot;:9843279098,&quot;user_email_id&quot;:&quot;okjki@gmail.com&quot;,&quot;creation_time&quot;:&quot;2024-09-17T04:22:28.748+00:00&quot;,&quot;last_mod_time&quot;:&quot;2024-09-17T04:22:28.748+00:00&quot;},{&quot;userAddress&quot;:{&quot;addressId&quot;:5353,&quot;plotNumber&quot;:&quot;pl-88&quot;,&quot;street&quot;:&quot;Broadway&quot;,&quot;state&quot;:&quot;New Jersey&quot;,&quot;country&quot;:&quot;USA&quot;,&quot;zipCode&quot;:837323},&quot;user_id&quot;:5386,&quot;user_first_name&quot;:&quot;dheena&quot;,&quot;user_last_name&quot;:&quot;selva&quot;,&quot;user_contact_number&quot;:7263826373,&quot;user_email_id&quot;:&quot;dhee@gmail.com&quot;,&quot;creation_time&quot;:&quot;2024-09-27T01:59:57.666+00:00&quot;,&quot;last_mod_time&quot;:&quot;2024-09-27T01:59:57.666+00:00&quot;},{&quot;userAddress&quot;:{&quot;addressId&quot;:2623,&quot;plotNumber&quot;:&quot;pl-91&quot;,&quot;street&quot;:&quot;Avenue&quot;,&quot;state&quot;:&quot;IN&quot;,&quot;country&quot;:&quot;USA&quot;,&quot;zipCode&quot;:954321},&quot;user_id&quot;:2656,&quot;user_first_name&quot;:&quot;dhiya&quot;,&quot;user_last_name&quot;:&quot;madhu&quot;,&quot;user_contact_number&quot;:2000009009,&quot;user_email_id&quot;:&quot;michigana@gmail.com&quot;,&quot;creation_time&quot;:&quot;2024-09-22T18:14:23.733+00:00&quot;,&quot;last_mod_time&quot;:&quot;2024-09-22T18:19:49.939+00:00&quot;},{&quot;userAddress&quot;:{&quot;addressId&quot;:8176,&quot;plotNumber&quot;:null,&quot;street&quot;:null,&quot;state&quot;:null,&quot;country&quot;:null,&quot;zipCode&quot;:null},&quot;user_id&quot;:8208,&quot;user_first_name&quot;:&quot;wpoGKckPVz&quot;,&quot;user_last_name&quot;:&quot;ZuHMasCQxc&quot;,&quot;user_contact_number&quot;:5764327390,&quot;user_email_id&quot;:&quot;team2an4mg06d0c1n@gmail.com&quot;,&quot;creation_time&quot;:&quot;2024-10-12T17:48:33.481+00:00&quot;,&quot;last_mod_time&quot;:&quot;2024-10-12T17:48:33.481+00:00&quot;},{&quot;userAddress&quot;:{&quot;addressId&quot;:6949,&quot;plotNumber&quot;:&quot;A10-46&quot;,&quot;street&quot;:&quot;SecondStreet&quot;,&quot;state&quot;:&quot;WA&quot;,&quot;country&quot;:&quot;USA&quot;,&quot;zipCode&quot;:98025},&quot;user_id&quot;:6982,&quot;user_first_name&quot;:&quot;UpdatedagainBhagyaTeamSixApiBootcamp&quot;,&quot;user_last_name&quot;:&quot;UpdatedTeamSixLastName&quot;,&quot;user_contact_number&quot;:1111223333,&quot;user_email_id&quot;:&quot;UpdatedBhagyaTeamSixApiBootcamp01@gmail.com&quot;,&quot;creation_time&quot;:&quot;2024-09-30T17:06:54.022+00:00&quot;,&quot;last_mod_time&quot;:&quot;2024-09-30T17:08:27.907+00:00&quot;},{&quot;userAddress&quot;:{&quot;addressId&quot;:1916,&quot;plotNumber&quot;:&quot;p-34&quot;,&quot;street&quot;:null,&quot;state&quot;:&quot;halifax&quot;,&quot;country&quot;:null,&quot;zipCode&quot;:3456},&quot;user_id&quot;:1949,&quot;user_first_name&quot;:&quot;retre&quot;,&quot;user_last_name&quot;:&quot;moha&quot;,&quot;user_contact_number&quot;:7777777777,&quot;user_email_id&quot;:&quot;uy@gmail.com&quot;,&quot;creation_time&quot;:&quot;2024-09-21T13:23:53.788+00:00&quot;,&quot;last_mod_time&quot;:&quot;2024-09-21T13:23:53.788+00:00&quot;},{&quot;userAddress&quot;:{&quot;addressId&quot;:5499,&quot;plotNumber&quot;:&quot;pl-51&quot;,&quot;street&quot;:&quot;vail rd&quot;,&quot;state&quot;:&quot;nj&quot;,&quot;country&quot;:&quot;usa&quot;,&quot;zipCode&quot;:54321},&quot;user_id&quot;:5532,&quot;user_first_name&quot;:&quot;smitha&quot;,&quot;user_last_name&quot;:&quot;dmaanj&quot;,&quot;user_contact_number&quot;:2100110115,&quot;user_email_id&quot;:&quot;api010291Team5@gmail.com&quot;,&quot;creation_time&quot;:&quot;2024-09-27T05:39:16.205+00:00&quot;,&quot;last_mod_time&quot;:&quot;2024-09-27T05:39:16.205+00:00&quot;},{&quot;userAddress&quot;:{&quot;addressId&quot;:400,&quot;plotNumber&quot;:&quot;6-t&quot;,&quot;street&quot;:&quot;troy&quot;,&quot;state&quot;:&quot;MI&quot;,&quot;country&quot;:&quot;USA&quot;,&quot;zipCode&quot;:48084},&quot;user_id&quot;:433,&quot;user_first_name&quot;:&quot;kNagabothu&quot;,&quot;user_last_name&quot;:&quot;abcd&quot;,&quot;user_contact_number&quot;:4994586789,&quot;user_email_id&quot;:&quot;piicamp3@gmail.com&quot;,&quot;creation_time&quot;:&quot;2024-09-18T03:59:08.360+00:00&quot;,&quot;last_mod_time&quot;:&quot;2024-09-23T20:26:54.666+00:00&quot;},{&quot;userAddress&quot;:{&quot;addressId&quot;:8177,&quot;plotNumber&quot;:null,&quot;street&quot;:null,&quot;state&quot;:null,&quot;country&quot;:null,&quot;zipCode&quot;:null},&quot;user_id&quot;:8209,&quot;user_first_name&quot;:&quot;iwTiUuPNLD&quot;,&quot;user_last_name&quot;:&quot;ekXVYflVml&quot;,&quot;user_contact_number&quot;:1460848609,&quot;user_email_id&quot;:&quot;team2jf8fo3gdoh2@gmail.com&quot;,&quot;creation_time&quot;:&quot;2024-10-12T17:48:34.135+00:00&quot;,&quot;last_mod_time&quot;:&quot;2024-10-12T17:48:34.135+00:00&quot;},{&quot;userAddress&quot;:{&quot;addressId&quot;:8990,&quot;plotNumber&quot;:&quot;Bt-11&quot;,&quot;street&quot;:&quot;First St&quot;,&quot;state&quot;:&quot;Texas&quot;,&quot;country&quot;:&quot;USA&quot;,&quot;zipCode&quot;:54877},&quot;user_id&quot;:9022,&quot;user_first_name&quot;:&quot;Teamthree&quot;,&quot;user_last_name&quot;:&quot;lastName&quot;,&quot;user_contact_number&quot;:5089372998,&quot;user_email_id&quot;:&quot;Team3a92ndc6i9bbi@gmail.com&quot;,&quot;creation_time&quot;:&quot;2024-10-13T23:17:21.715+00:00&quot;,&quot;last_mod_time&quot;:&quot;2024-10-13T23:17:21.715+00:00&quot;},{&quot;userAddress&quot;:{&quot;addressId&quot;:2636,&quot;plotNumber&quot;:&quot;pl-72&quot;,&quot;street&quot;:&quot;Broadway&quot;,&quot;state&quot;:&quot;New Jersey&quot;,&quot;country&quot;:&quot;USA&quot;,&quot;zipCode&quot;:72363},&quot;user_id&quot;:2669,&quot;user_first_name&quot;:&quot;randomFirstName&quot;,&quot;user_last_name&quot;:&quot;randomLastName&quot;,&quot;user_contact_number&quot;:3485021128,&quot;user_email_id&quot;:&quot;user40@example.com&quot;,&quot;creation_time&quot;:&quot;2024-09-22T18:48:37.617+00:00&quot;,&quot;last_mod_time&quot;:&quot;2024-09-22T18:48:37.617+00:00&quot;},{&quot;userAddress&quot;:{&quot;addressId&quot;:8991,&quot;plotNumber&quot;:&quot;P1-10&quot;,&quot;street&quot;:&quot;Runte Highway&quot;,&quot;state&quot;:&quot;TX&quot;,&quot;country&quot;:&quot;USA&quot;,&quot;zipCode&quot;:12356},&quot;user_id&quot;:9023,&quot;user_first_name&quot;:&quot;Dino&quot;,&quot;user_last_name&quot;:&quot;Prohaska&quot;,&quot;user_contact_number&quot;:3607896238,&quot;user_email_id&quot;:&quot;Margarett.Parisian@gmail.com&quot;,&quot;creation_time&quot;:&quot;2024-10-13T23:17:40.857+00:00&quot;,&quot;last_mod_time&quot;:&quot;2024-10-13T23:17:40.857+00:00&quot;},{&quot;userAddress&quot;:{&quot;addressId&quot;:1955,&quot;plotNumber&quot;:&quot;KB-425&quot;,&quot;street&quot;:&quot;CT&quot;,&quot;state&quot;:&quot;WA&quot;,&quot;country&quot;:&quot;USA&quot;,&quot;zipCode&quot;:98053222222},&quot;user_id&quot;:1988,&quot;user_first_name&quot;:&quot;Kiranrajq&quot;,&quot;user_last_name&quot;:&quot;Singhlal&quot;,&quot;user_contact_number&quot;:3252222221,&quot;user_email_id&quot;:&quot;kbalahara21@gmail.com&quot;,&quot;creation_time&quot;:&quot;2024-09-21T15:27:43.695+00:00&quot;,&quot;last_mod_time&quot;:&quot;2024-09-21T15:27:43.695+00:00&quot;},{&quot;userAddress&quot;:{&quot;addressId&quot;:3629,&quot;plotNumber&quot;:&quot;pl-00&quot;,&quot;street&quot;:&quot;WestLake lane&quot;,&quot;state&quot;:&quot;Texas&quot;,&quot;country&quot;:&quot;USA&quot;,&quot;zipCode&quot;:75064},&quot;user_id&quot;:3662,&quot;user_first_name&quot;:&quot;Gayathri&quot;,&quot;user_last_name&quot;:&quot;Selvaraj&quot;,&quot;user_contact_number&quot;:9840056432,&quot;user_email_id&quot;:&quot;yatra@gmail.com&quot;,&quot;creation_time&quot;:&quot;2024-09-23T15:06:12.155+00:00&quot;,&quot;last_mod_time&quot;:&quot;2024-09-23T15:06:12.155+00:00&quot;},{&quot;userAddress&quot;:{&quot;addressId&quot;:7662,&quot;plotNumber&quot;:&quot;12-A&quot;,&quot;street&quot;:&quot;brodway&quot;,&quot;state&quot;:&quot;TX&quot;,&quot;country&quot;:&quot;usa&quot;,&quot;zipCode&quot;:75035},&quot;user_id&quot;:7694,&quot;user_first_name&quot;:&quot;dfdfdf&quot;,&quot;user_last_name&quot;:&quot;fdfdf&quot;,&quot;user_contact_number&quot;:9199860558,&quot;user_email_id&quot;:&quot;radghi@email.com&quot;,&quot;creation_time&quot;:&quot;2024-10-10T18:20:29.334+00:00&quot;,&quot;last_mod_time&quot;:&quot;2024-10-10T18:20:29.334+00:00&quot;},{&quot;userAddress&quot;:{&quot;addressId&quot;:73,&quot;plotNumber&quot;:&quot;i-o&quot;,&quot;street&quot;:null,&quot;state&quot;:&quot;KL&quot;,&quot;country&quot;:null,&quot;zipCode&quot;:123321},&quot;user_id&quot;:106,&quot;user_first_name&quot;:&quot;Greene&quot;,&quot;user_last_name&quot;:&quot;Smith&quot;,&quot;user_contact_number&quot;:1234567899,&quot;user_email_id&quot;:&quot;gs@gmail.com&quot;,&quot;creation_time&quot;:&quot;2024-09-17T14:40:38.974+00:00&quot;,&quot;last_mod_time&quot;:&quot;2024-09-17T14:40:38.974+00:00&quot;},{&quot;userAddress&quot;:{&quot;addressId&quot;:5501,&quot;plotNumber&quot;:&quot;pl-51&quot;,&quot;street&quot;:&quot;vail rd&quot;,&quot;state&quot;:&quot;nj&quot;,&quot;country&quot;:&quot;usa&quot;,&quot;zipCode&quot;:54321},&quot;user_id&quot;:5534,&quot;user_first_name&quot;:&quot;smitha&quot;,&quot;user_last_name&quot;:&quot;dmaanj&quot;,&quot;user_contact_number&quot;:2990110115,&quot;user_email_id&quot;:&quot;api019291Team5@gmail.com&quot;,&quot;creation_time&quot;:&quot;2024-09-27T05:40:53.483+00:00&quot;,&quot;last_mod_time&quot;:&quot;2024-09-27T05:40:53.483+00:00&quot;},{&quot;userAddress&quot;:{&quot;addressId&quot;:3677,&quot;plotNumber&quot;:null,&quot;street&quot;:null,&quot;state&quot;:null,&quot;country&quot;:null,&quot;zipCode&quot;:null},&quot;user_id&quot;:3710,&quot;user_first_name&quot;:&quot;DeletefirstName&quot;,&quot;user_last_name&quot;:&quot;lastdelete&quot;,&quot;user_contact_number&quot;:7371668461,&quot;user_email_id&quot;:&quot;tommycmaf172183fg@gmail.com&quot;,&quot;creation_time&quot;:&quot;2024-09-23T15:24:55.086+00:00&quot;,&quot;last_mod_time&quot;:&quot;2024-09-23T15:24:55.086+00:00&quot;},{&quot;userAddress&quot;:{&quot;addressId&quot;:76,&quot;plotNumber&quot;:&quot;aaa-12&quot;,&quot;street&quot;:&quot;Austin&quot;,&quot;state&quot;:&quot;TX&quot;,&quot;country&quot;:&quot;USA&quot;,&quot;zipCode&quot;:78687},&quot;user_id&quot;:109,&quot;user_first_name&quot;:&quot;Debalina&quot;,&quot;user_last_name&quot;:&quot;Ch&quot;,&quot;user_contact_number&quot;:9830308888,&quot;user_email_id&quot;:&quot;Team1_Debalina@gmail.com&quot;,&quot;creation_time&quot;:&quot;2024-09-17T14:56:38.340+00:00&quot;,&quot;last_mod_time&quot;:&quot;2024-09-17T14:56:38.340+00:00&quot;},{&quot;userAddress&quot;:{&quot;addressId&quot;:7667,&quot;plotNumber&quot;:&quot;23-abc&quot;,&quot;street&quot;:&quot;Foster street&quot;,&quot;state&quot;:&quot;jhjkdlshf&quot;,&quot;country&quot;:&quot;kjdhfgka&quot;,&quot;zipCode&quot;:23465},&quot;user_id&quot;:7699,&quot;user_first_name&quot;:&quot;Michael j&quot;,&quot;user_last_name&quot;:&quot;Jackson&quot;,&quot;user_contact_number&quot;:8384578987,&quot;user_email_id&quot;:&quot;Michaelj@gmail.com&quot;,&quot;creation_time&quot;:&quot;2024-10-10T20:38:06.704+00:00&quot;,&quot;last_mod_time&quot;:&quot;2024-10-10T20:38:06.704+00:00&quot;},{&quot;userAddress&quot;:{&quot;addressId&quot;:81,&quot;plotNumber&quot;:&quot;897-E&quot;,&quot;street&quot;:&quot;hjhjh&quot;,&quot;state&quot;:&quot;Texsa&quot;,&quot;country&quot;:&quot;usa&quot;,&quot;zipCode&quot;:78765},&quot;user_id&quot;:114,&quot;user_first_name&quot;:&quot;jkok&quot;,&quot;user_last_name&quot;:&quot;ghjgkj&quot;,&quot;user_contact_number&quot;:6876356789,&quot;user_email_id&quot;:&quot;jij@gmail.com&quot;,&quot;creation_time&quot;:&quot;2024-09-17T15:20:52.960+00:00&quot;,&quot;last_mod_time&quot;:&quot;2024-09-17T15:20:52.960+00:00&quot;},{&quot;userAddress&quot;:{&quot;addressId&quot;:82,&quot;plotNumber&quot;:&quot;897-E&quot;,&quot;street&quot;:&quot;hjhjh&quot;,&quot;state&quot;:&quot;hjkhkh&quot;,&quot;country&quot;:&quot;ghjjj&quot;,&quot;zipCode&quot;:787897789789798},&quot;user_id&quot;:115,&quot;user_first_name&quot;:&quot;jkok&quot;,&quot;user_last_name&quot;:&quot;ghjgkj&quot;,&quot;user_contact_number&quot;:8976356789,&quot;user_email_id&quot;:&quot;jijklk@gmail.com&quot;,&quot;creation_time&quot;:&quot;2024-09-17T15:24:27.362+00:00&quot;,&quot;last_mod_time&quot;:&quot;2024-09-17T15:24:27.362+00:00&quot;},{&quot;userAddress&quot;:{&quot;addressId&quot;:835,&quot;plotNumber&quot;:&quot;p1-129&quot;,&quot;street&quot;:&quot;Main&quot;,&quot;state&quot;:&quot;NY&quot;,&quot;country&quot;:&quot;USA&quot;,&quot;zipCode&quot;:90901},&quot;user_id&quot;:868,&quot;user_first_name&quot;:&quot;Jne&quot;,&quot;user_last_name&quot;:&quot;Desmith&quot;,&quot;user_contact_number&quot;:1239578897,&quot;user_email_id&quot;:&quot;johnny.Doesmth@example.com&quot;,&quot;creation_time&quot;:&quot;2024-09-19T18:27:56.477+00:00&quot;,&quot;last_mod_time&quot;:&quot;2024-09-19T18:27:56.477+00:00&quot;},{&quot;userAddress&quot;:{&quot;addressId&quot;:84,&quot;plotNumber&quot;:&quot;897-E&quot;,&quot;street&quot;:&quot;hjhjh&quot;,&quot;state&quot;:&quot;hjkhkh&quot;,&quot;country&quot;:&quot;ghjjj&quot;,&quot;zipCode&quot;:7},&quot;user_id&quot;:117,&quot;user_first_name&quot;:&quot;jkok&quot;,&quot;user_last_name&quot;:&quot;ghjgkj&quot;,&quot;user_contact_number&quot;:5976356789,&quot;user_email_id&quot;:&quot;jilk@gmail.com&quot;,&quot;creation_time&quot;:&quot;2024-09-17T15:25:21.330+00:00&quot;,&quot;last_mod_time&quot;:&quot;2024-09-17T15:25:21.330+00:00&quot;},{&quot;userAddress&quot;:{&quot;addressId&quot;:85,&quot;plotNumber&quot;:&quot;897-E&quot;,&quot;street&quot;:&quot;hjhjh&quot;,&quot;state&quot;:&quot;hjkhkh&quot;,&quot;country&quot;:&quot;ghjjj&quot;,&quot;zipCode&quot;:72},&quot;user_id&quot;:118,&quot;user_first_name&quot;:&quot;jkok&quot;,&quot;user_last_name&quot;:&quot;ghjgkj&quot;,&quot;user_contact_number&quot;:5976356709,&quot;user_email_id&quot;:&quot;jiljkk@gmail.com&quot;,&quot;creation_time&quot;:&quot;2024-09-17T15:25:45.819+00:00&quot;,&quot;last_mod_time&quot;:&quot;2024-09-17T15:25:45.819+00:00&quot;},{&quot;userAddress&quot;:{&quot;addressId&quot;:87,&quot;plotNumber&quot;:&quot;p1-04&quot;,&quot;street&quot;:null,&quot;state&quot;:&quot;California&quot;,&quot;country&quot;:null,&quot;zipCode&quot;:22459},&quot;user_id&quot;:120,&quot;user_first_name&quot;:&quot;Subi&quot;,&quot;user_last_name&quot;:&quot;Sahu&quot;,&quot;user_contact_number&quot;:4087172791,&quot;user_email_id&quot;:&quot;Subhadrasahu11u@gmail.com&quot;,&quot;creation_time&quot;:&quot;2024-09-17T15:31:51.232+00:00&quot;,&quot;last_mod_time&quot;:&quot;2024-09-17T15:31:51.232+00:00&quot;},{&quot;userAddress&quot;:{&quot;addressId&quot;:625,&quot;plotNumber&quot;:&quot;4330-aa&quot;,&quot;street&quot;:&quot;woodward way&quot;,&quot;state&quot;:&quot;GA&quot;,&quot;country&quot;:&quot;USA&quot;,&quot;zipCode&quot;:30041},&quot;user_id&quot;:658,&quot;user_first_name&quot;:&quot;Divya&quot;,&quot;user_last_name&quot;:&quot;Narasimhan&quot;,&quot;user_contact_number&quot;:6822192716,&quot;user_email_id&quot;:&quot;divpradhome@gmail.com&quot;,&quot;creation_time&quot;:&quot;2024-09-19T03:41:14.425+00:00&quot;,&quot;last_mod_time&quot;:&quot;2024-09-19T03:41:14.425+00:00&quot;},{&quot;userAddress&quot;:{&quot;addressId&quot;:836,&quot;plotNumber&quot;:&quot;p1-899&quot;,&quot;street&quot;:&quot;Main&quot;,&quot;state&quot;:&quot;NY&quot;,&quot;country&quot;:&quot;USA&quot;,&quot;zipCode&quot;:10901},&quot;user_id&quot;:869,&quot;user_first_name&quot;:&quot;Janemith&quot;,&quot;user_last_name&quot;:&quot;Smihde&quot;,&quot;user_contact_number&quot;:8934507897,&quot;user_email_id&quot;:&quot;johnnn.Sithdoe@example.com&quot;,&quot;creation_time&quot;:&quot;2024-09-19T18:27:56.648+00:00&quot;,&quot;last_mod_time&quot;:&quot;2024-09-19T18:27:56.648+00:00&quot;},{&quot;userAddress&quot;:{&quot;addressId&quot;:98,&quot;plotNumber&quot;:&quot;pl-24&quot;,&quot;street&quot;:null,&quot;state&quot;:&quot;California&quot;,&quot;country&quot;:null,&quot;zipCode&quot;:32124},&quot;user_id&quot;:131,&quot;user_first_name&quot;:&quot;Eva&quot;,&quot;user_last_name&quot;:&quot;Thomas&quot;,&quot;user_contact_number&quot;:8324320002,&quot;user_email_id&quot;:&quot;EvaThomas@gmail.com&quot;,&quot;creation_time&quot;:&quot;2024-09-17T16:05:00.459+00:00&quot;,&quot;last_mod_time&quot;:&quot;2024-09-17T16:05:00.459+00:00&quot;},{&quot;userAddress&quot;:{&quot;addressId&quot;:99,&quot;plotNumber&quot;:&quot;43-gjf8&quot;,&quot;street&quot;:null,&quot;state&quot;:&quot;GA&quot;,&quot;country&quot;:null,&quot;zipCode&quot;:30338},&quot;user_id&quot;:132,&quot;user_first_name&quot;:&quot;jorrjo&quot;,&quot;user_last_name&quot;:&quot;grbabu&quot;,&quot;user_contact_number&quot;:1234556890,&quot;user_email_id&quot;:&quot;jojoiu@gmail.com&quot;,&quot;creation_time&quot;:&quot;2024-09-17T16:09:24.238+00:00&quot;,&quot;last_mod_time&quot;:&quot;2024-09-17T16:09:24.238+00:00&quot;},{&quot;userAddress&quot;:{&quot;addressId&quot;:837,&quot;plotNumber&quot;:&quot;p1-109&quot;,&quot;street&quot;:&quot;Main&quot;,&quot;state&quot;:&quot;NY&quot;,&quot;country&quot;:&quot;USA&quot;,&quot;zipCode&quot;:10971},&quot;user_id&quot;:870,&quot;user_first_name&quot;:&quot;SthJohnnny&quot;,&quot;user_last_name&quot;:&quot;JonyDoe&quot;,&quot;user_contact_number&quot;:1804567897,&quot;user_email_id&quot;:&quot;ohnnny.JonDoe@example.com&quot;,&quot;creation_time&quot;:&quot;2024-09-19T18:27:56.831+00:00&quot;,&quot;last_mod_time&quot;:&quot;2024-09-19T18:27:56.831+00:00&quot;},{&quot;userAddress&quot;:{&quot;addressId&quot;:1985,&quot;plotNumber&quot;:&quot;ab-13&quot;,&quot;street&quot;:&quot;Irving&quot;,&quot;state&quot;:&quot;Texas&quot;,&quot;country&quot;:&quot;USA&quot;,&quot;zipCode&quot;:77144},&quot;user_id&quot;:2018,&quot;user_first_name&quot;:&quot;Darsh&quot;,&quot;user_last_name&quot;:&quot;Shebi&quot;,&quot;user_contact_number&quot;:1122334455,&quot;user_email_id&quot;:&quot;Darsh10@gmail.com&quot;,&quot;creation_time&quot;:&quot;2024-09-21T17:02:13.108+00:00&quot;,&quot;last_mod_time&quot;:&quot;2024-09-21T17:02:13.108+00:00&quot;},{&quot;userAddress&quot;:{&quot;addressId&quot;:1986,&quot;plotNumber&quot;:&quot;j-4&quot;,&quot;street&quot;:null,&quot;state&quot;:&quot;halifax&quot;,&quot;country&quot;:null,&quot;zipCode&quot;:3456},&quot;user_id&quot;:2019,&quot;user_first_name&quot;:&quot;retre&quot;,&quot;user_last_name&quot;:&quot;moha&quot;,&quot;user_contact_number&quot;:9793633377,&quot;user_email_id&quot;:&quot;uy0u5@gmail.com&quot;,&quot;creation_time&quot;:&quot;2024-09-21T17:04:37.223+00:00&quot;,&quot;last_mod_time&quot;:&quot;2024-09-21T17:04:37.223+00:00&quot;},{&quot;userAddress&quot;:{&quot;addressId&quot;:1987,&quot;plotNumber&quot;:&quot;j-4&quot;,&quot;street&quot;:null,&quot;state&quot;:&quot;halifax&quot;,&quot;country&quot;:null,&quot;zipCode&quot;:3456},&quot;user_id&quot;:2020,&quot;user_first_name&quot;:&quot;retre&quot;,&quot;user_last_name&quot;:&quot;moha&quot;,&quot;user_contact_number&quot;:9793623377,&quot;user_email_id&quot;:&quot;uy0u25@gmail.com&quot;,&quot;creation_time&quot;:&quot;2024-09-21T17:05:03.328+00:00&quot;,&quot;last_mod_time&quot;:&quot;2024-09-21T17:05:03.328+00:00&quot;},{&quot;userAddress&quot;:{&quot;addressId&quot;:1988,&quot;plotNumber&quot;:&quot;j-4&quot;,&quot;street&quot;:null,&quot;state&quot;:&quot;halifax&quot;,&quot;country&quot;:null,&quot;zipCode&quot;:3456},&quot;user_id&quot;:2021,&quot;user_first_name&quot;:&quot;retre&quot;,&quot;user_last_name&quot;:&quot;moha&quot;,&quot;user_contact_number&quot;:9733623377,&quot;user_email_id&quot;:&quot;uy0u425@gmail.com&quot;,&quot;creation_time&quot;:&quot;2024-09-21T17:05:32.960+00:00&quot;,&quot;last_mod_time&quot;:&quot;2024-09-21T17:05:32.960+00:00&quot;},{&quot;userAddress&quot;:{&quot;addressId&quot;:1989,&quot;plotNumber&quot;:&quot;j-4&quot;,&quot;street&quot;:&quot;usaa&quot;,&quot;state&quot;:&quot;halifax&quot;,&quot;country&quot;:&quot;eee&quot;,&quot;zipCode&quot;:3456},&quot;user_id&quot;:2022,&quot;user_first_name&quot;:&quot;retre&quot;,&quot;user_last_name&quot;:&quot;moha&quot;,&quot;user_contact_number&quot;:9233623377,&quot;user_email_id&quot;:&quot;uy0u4225@gmail.com&quot;,&quot;creation_time&quot;:&quot;2024-09-21T17:06:19.794+00:00&quot;,&quot;last_mod_time&quot;:&quot;2024-09-21T17:06:19.794+00:00&quot;},{&quot;userAddress&quot;:{&quot;addressId&quot;:107,&quot;plotNumber&quot;:&quot;p1-09&quot;,&quot;street&quot;:null,&quot;state&quot;:&quot;Florida&quot;,&quot;country&quot;:null,&quot;zipCode&quot;:94536},&quot;user_id&quot;:140,&quot;user_first_name&quot;:&quot;Tia&quot;,&quot;user_last_name&quot;:&quot;das&quot;,&quot;user_contact_number&quot;:4082222622,&quot;user_email_id&quot;:&quot;Tia.das3@yahoo.com&quot;,&quot;creation_time&quot;:&quot;2024-09-17T16:23:07.226+00:00&quot;,&quot;last_mod_time&quot;:&quot;2024-09-17T16:23:07.226+00:00&quot;},{&quot;userAddress&quot;:{&quot;addressId&quot;:1990,&quot;plotNumber&quot;:&quot;vl-9&quot;,&quot;street&quot;:null,&quot;state&quot;:&quot;northyork&quot;,&quot;country&quot;:null,&quot;zipCode&quot;:null},&quot;user_id&quot;:2023,&quot;user_first_name&quot;:&quot;drithi&quot;,&quot;user_last_name&quot;:&quot;sasha&quot;,&quot;user_contact_number&quot;:5661442444,&quot;user_email_id&quot;:&quot;r667j616@gmail.com&quot;,&quot;creation_time&quot;:&quot;2024-09-21T17:09:25.798+00:00&quot;,&quot;last_mod_time&quot;:&quot;2024-09-21T17:09:25.798+00:00&quot;},{&quot;userAddress&quot;:{&quot;addressId&quot;:109,&quot;plotNumber&quot;:&quot;897-E&quot;,&quot;street&quot;:&quot;hjhjh&quot;,&quot;state&quot;:&quot;hjkhkh&quot;,&quot;country&quot;:&quot;ghjjj&quot;,&quot;zipCode&quot;:72},&quot;user_id&quot;:142,&quot;user_first_name&quot;:&quot;jkok&quot;,&quot;user_last_name&quot;:&quot;ghjgkj&quot;,&quot;user_contact_number&quot;:4397632679,&quot;user_email_id&quot;:&quot;jijkk@gmail.com&quot;,&quot;creation_time&quot;:&quot;2024-09-17T16:27:06.904+00:00&quot;,&quot;last_mod_time&quot;:&quot;2024-09-17T16:27:06.904+00:00&quot;},{&quot;userAddress&quot;:{&quot;addressId&quot;:163,&quot;plotNumber&quot;:&quot;pl-09&quot;,&quot;street&quot;:&quot;my Street&quot;,&quot;state&quot;:&quot;Texas&quot;,&quot;country&quot;:&quot;USA&quot;,&quot;zipCode&quot;:75068},&quot;user_id&quot;:196,&quot;user_first_name&quot;:&quot;Srikrishna&quot;,&quot;user_last_name&quot;:&quot;Jayakumar&quot;,&quot;user_contact_number&quot;:6476499545,&quot;user_email_id&quot;:&quot;vifnjcgf6@gmail.com&quot;,&quot;creation_time&quot;:&quot;2024-09-17T19:04:34.630+00:00&quot;,&quot;last_mod_time&quot;:&quot;2024-09-17T19:04:34.630+00:00&quot;},{&quot;userAddress&quot;:{&quot;addressId&quot;:2010,&quot;plotNumber&quot;:&quot;W-425&quot;,&quot;street&quot;:&quot;CT&quot;,&quot;state&quot;:&quot;WA&quot;,&quot;country&quot;:&quot;USA&quot;,&quot;zipCode&quot;:98052772},&quot;user_id&quot;:2043,&quot;user_first_name&quot;:&quot;Kiran A&quot;,&quot;user_last_name&quot;:&quot;Singh&quot;,&quot;user_contact_number&quot;:4252222226,&quot;user_email_id&quot;:&quot;kblihar@hotmail.com&quot;,&quot;creation_time&quot;:&quot;2024-09-21T17:43:00.287+00:00&quot;,&quot;last_mod_time&quot;:&quot;2024-09-21T17:43:00.287+00:00&quot;},{&quot;userAddress&quot;:{&quot;addressId&quot;:114,&quot;plotNumber&quot;:&quot;p-1&quot;,&quot;street&quot;:&quot;soaps&quot;,&quot;state&quot;:&quot;stateva&quot;,&quot;country&quot;:&quot;usa&quot;,&quot;zipCode&quot;:123456},&quot;user_id&quot;:147,&quot;user_first_name&quot;:&quot;ss&quot;,&quot;user_last_name&quot;:&quot;dgdf&quot;,&quot;user_contact_number&quot;:3345678904,&quot;user_email_id&quot;:&quot;25@dfgdf.sdf&quot;,&quot;creation_time&quot;:&quot;2024-09-17T16:33:40.168+00:00&quot;,&quot;last_mod_time&quot;:&quot;2024-09-17T16:33:40.168+00:00&quot;},{&quot;userAddress&quot;:{&quot;addressId&quot;:3111,&quot;plotNumber&quot;:&quot;pl-28&quot;,&quot;street&quot;:&quot;Broadway&quot;,&quot;state&quot;:&quot;Maryland&quot;,&quot;country&quot;:&quot;MD&quot;,&quot;zipCode&quot;:543215},&quot;user_id&quot;:3144,&quot;user_first_name&quot;:&quot;ziya&quot;,&quot;user_last_name&quot;:&quot;bhaskar&quot;,&quot;user_contact_number&quot;:9969806333,&quot;user_email_id&quot;:&quot;ziya2@gmail.com&quot;,&quot;creation_time&quot;:&quot;2024-09-23T02:27:05.901+00:00&quot;,&quot;last_mod_time&quot;:&quot;2024-09-23T02:35:09.927+00:00&quot;},{&quot;userAddress&quot;:{&quot;addressId&quot;:117,&quot;plotNumber&quot;:&quot;pl-03&quot;,&quot;street&quot;:&quot;Broadway&quot;,&quot;state&quot;:null,&quot;country&quot;:&quot;USA&quot;,&quot;zipCode&quot;:143422},&quot;user_id&quot;:150,&quot;user_first_name&quot;:&quot;REKHA&quot;,&quot;user_last_name&quot;:&quot;saroj&quot;,&quot;user_contact_number&quot;:2361778912,&quot;user_email_id&quot;:&quot;trekhasm@gmail.com&quot;,&quot;creation_time&quot;:&quot;2024-09-17T16:37:05.483+00:00&quot;,&quot;last_mod_time&quot;:&quot;2024-09-17T16:37:05.483+00:00&quot;},{&quot;userAddress&quot;:{&quot;addressId&quot;:3112,&quot;plotNumber&quot;:&quot;pl-72&quot;,&quot;street&quot;:&quot;Broadway&quot;,&quot;state&quot;:&quot;New Jersey&quot;,&quot;country&quot;:&quot;USA&quot;,&quot;zipCode&quot;:72363},&quot;user_id&quot;:3145,&quot;user_first_name&quot;:&quot;randomFirstName&quot;,&quot;user_last_name&quot;:&quot;randomLastName&quot;,&quot;user_contact_number&quot;:3403602275,&quot;user_email_id&quot;:&quot;user218@example.com&quot;,&quot;creation_time&quot;:&quot;2024-09-23T02:27:39.838+00:00&quot;,&quot;last_mod_time&quot;:&quot;2024-09-23T02:27:39.838+00:00&quot;},{&quot;userAddress&quot;:{&quot;addressId&quot;:3113,&quot;plotNumber&quot;:&quot;pl-72&quot;,&quot;street&quot;:&quot;Broadway&quot;,&quot;state&quot;:&quot;New Jersey&quot;,&quot;country&quot;:&quot;USA&quot;,&quot;zipCode&quot;:72363},&quot;user_id&quot;:3146,&quot;user_first_name&quot;:&quot;randomFirstName&quot;,&quot;user_last_name&quot;:&quot;randomLastName&quot;,&quot;user_contact_number&quot;:5358319471,&quot;user_email_id&quot;:&quot;user673@example.com&quot;,&quot;creation_time&quot;:&quot;2024-09-23T02:28:18.278+00:00&quot;,&quot;last_mod_time&quot;:&quot;2024-09-23T02:28:18.278+00:00&quot;},{&quot;userAddress&quot;:{&quot;addressId&quot;:65,&quot;plotNumber&quot;:&quot;897-E&quot;,&quot;street&quot;:&quot;hjhjh&quot;,&quot;state&quot;:&quot;khkh&quot;,&quot;country&quot;:&quot;ghjjj&quot;,&quot;zipCode&quot;:72},&quot;user_id&quot;:98,&quot;user_first_name&quot;:&quot;joi&quot;,&quot;user_last_name&quot;:&quot;jkj&quot;,&quot;user_contact_number&quot;:6745328976,&quot;user_email_id&quot;:&quot;k@gmail.com&quot;,&quot;creation_time&quot;:&quot;2024-09-17T14:00:56.370+00:00&quot;,&quot;last_mod_time&quot;:&quot;2024-09-17T16:39:59.496+00:00&quot;},{&quot;userAddress&quot;:{&quot;addressId&quot;:3115,&quot;plotNumber&quot;:&quot;pl-72&quot;,&quot;street&quot;:&quot;Broadway&quot;,&quot;state&quot;:&quot;New Jersey&quot;,&quot;country&quot;:&quot;USA&quot;,&quot;zipCode&quot;:72363},&quot;user_id&quot;:3148,&quot;user_first_name&quot;:&quot;randomFirstName&quot;,&quot;user_last_name&quot;:&quot;randomLastName&quot;,&quot;user_contact_number&quot;:6861200789,&quot;user_email_id&quot;:&quot;user891@example.com&quot;,&quot;creation_time&quot;:&quot;2024-09-23T02:30:03.690+00:00&quot;,&quot;last_mod_time&quot;:&quot;2024-09-23T02:30:03.690+00:00&quot;},{&quot;userAddress&quot;:{&quot;addressId&quot;:121,&quot;plotNumber&quot;:&quot;p1-04&quot;,&quot;street&quot;:null,&quot;state&quot;:&quot;California&quot;,&quot;country&quot;:null,&quot;zipCode&quot;:22459},&quot;user_id&quot;:154,&quot;user_first_name&quot;:&quot;Subi&quot;,&quot;user_last_name&quot;:&quot;Sahu&quot;,&quot;user_contact_number&quot;:4087172792,&quot;user_email_id&quot;:&quot;Subhadrasahu1@gmail.com&quot;,&quot;creation_time&quot;:&quot;2024-09-17T16:49:16.608+00:00&quot;,&quot;last_mod_time&quot;:&quot;2024-09-17T16:49:16.608+00:00&quot;},{&quot;userAddress&quot;:{&quot;addressId&quot;:124,&quot;plotNumber&quot;:&quot;AP-123&quot;,&quot;street&quot;:&quot;abc&quot;,&quot;state&quot;:&quot;flor&quot;,&quot;country&quot;:&quot;US&quot;,&quot;zipCode&quot;:1234},&quot;user_id&quot;:157,&quot;user_first_name&quot;:&quot;Taniap&quot;,&quot;user_last_name&quot;:&quot;Subia&quot;,&quot;user_contact_number&quot;:1234564462,&quot;user_email_id&quot;:&quot;trekh31@gsign.com&quot;,&quot;creation_time&quot;:&quot;2024-09-17T16:55:08.230+00:00&quot;,&quot;last_mod_time&quot;:&quot;2024-09-17T21:23:59.909+00:00&quot;},{&quot;userAddress&quot;:{&quot;addressId&quot;:3114,&quot;plotNumber&quot;:&quot;pl-13&quot;,&quot;street&quot;:&quot;Broadway&quot;,&quot;state&quot;:&quot;New Jersey&quot;,&quot;country&quot;:&quot;USA&quot;,&quot;zipCode&quot;:837300},&quot;user_id&quot;:3147,&quot;user_first_name&quot;:&quot;dheenatha&quot;,&quot;user_last_name&quot;:&quot;selva&quot;,&quot;user_contact_number&quot;:7009098088,&quot;user_email_id&quot;:&quot;zi5@gmail.com&quot;,&quot;creation_time&quot;:&quot;2024-09-23T02:28:48.583+00:00&quot;,&quot;last_mod_time&quot;:&quot;2024-09-23T02:35:11.775+00:00&quot;},{&quot;userAddress&quot;:{&quot;addressId&quot;:127,&quot;plotNumber&quot;:&quot;pl-370&quot;,&quot;street&quot;:&quot;plum cv&quot;,&quot;state&quot;:&quot;tn&quot;,&quot;country&quot;:&quot;USA&quot;,&quot;zipCode&quot;:38017},&quot;user_id&quot;:160,&quot;user_first_name&quot;:&quot;san&quot;,&quot;user_last_name&quot;:&quot;ash&quot;,&quot;user_contact_number&quot;:9876543210,&quot;user_email_id&quot;:&quot;san123@gmail.com&quot;,&quot;creation_time&quot;:&quot;2024-09-17T16:59:58.593+00:00&quot;,&quot;last_mod_time&quot;:&quot;2024-09-17T23:40:11.428+00:00&quot;},{&quot;userAddress&quot;:{&quot;addressId&quot;:9360,&quot;plotNumber&quot;:&quot;345-p&quot;,&quot;street&quot;:&quot;sterling&quot;,&quot;state&quot;:&quot;Minnesota&quot;,&quot;country&quot;:&quot;Chase&quot;,&quot;zipCode&quot;:55032},&quot;user_id&quot;:9392,&quot;user_first_name&quot;:&quot;ssallysheena&quot;,&quot;user_last_name&quot;:&quot;Hhansena&quot;,&quot;user_contact_number&quot;:6785644871,&quot;user_email_id&quot;:&quot;hr2@yahoo.com&quot;,&quot;creation_time&quot;:&quot;2024-10-14T07:15:30.306+00:00&quot;,&quot;last_mod_time&quot;:&quot;2024-10-14T07:15:30.306+00:00&quot;},{&quot;userAddress&quot;:{&quot;addressId&quot;:9363,&quot;plotNumber&quot;:&quot;345-p&quot;,&quot;street&quot;:&quot;sterling&quot;,&quot;state&quot;:&quot;Minnesota&quot;,&quot;country&quot;:null,&quot;zipCode&quot;:55032},&quot;user_id&quot;:9395,&quot;user_first_name&quot;:&quot;ssallsheena&quot;,&quot;user_last_name&quot;:&quot;Hhanena&quot;,&quot;user_contact_number&quot;:6985544871,&quot;user_email_id&quot;:&quot;hr4@yahoo.com&quot;,&quot;creation_time&quot;:&quot;2024-10-14T07:32:10.659+00:00&quot;,&quot;last_mod_time&quot;:&quot;2024-10-14T07:32:10.659+00:00&quot;},{&quot;userAddress&quot;:{&quot;addressId&quot;:9364,&quot;plotNumber&quot;:&quot;345-p&quot;,&quot;street&quot;:&quot;sterling&quot;,&quot;state&quot;:&quot;Minnesota&quot;,&quot;country&quot;:&quot;USA&quot;,&quot;zipCode&quot;:55032888},&quot;user_id&quot;:9396,&quot;user_first_name&quot;:&quot;ssallsheena&quot;,&quot;user_last_name&quot;:&quot;Hhanena&quot;,&quot;user_contact_number&quot;:6985534871,&quot;user_email_id&quot;:&quot;hr5@yahoo.com&quot;,&quot;creation_time&quot;:&quot;2024-10-14T07:35:50.426+00:00&quot;,&quot;last_mod_time&quot;:&quot;2024-10-14T07:35:50.426+00:00&quot;},{&quot;userAddress&quot;:{&quot;addressId&quot;:9365,&quot;plotNumber&quot;:&quot;345-p&quot;,&quot;street&quot;:&quot;sterling&quot;,&quot;state&quot;:&quot;Minnesota&quot;,&quot;country&quot;:&quot;USA&quot;,&quot;zipCode&quot;:5503288834},&quot;user_id&quot;:9397,&quot;user_first_name&quot;:&quot;ssallsheena&quot;,&quot;user_last_name&quot;:&quot;Hhanena&quot;,&quot;user_contact_number&quot;:6985533871,&quot;user_email_id&quot;:&quot;hr6@yahoo.com&quot;,&quot;creation_time&quot;:&quot;2024-10-14T07:36:53.192+00:00&quot;,&quot;last_mod_time&quot;:&quot;2024-10-14T07:36:53.192+00:00&quot;},{&quot;userAddress&quot;:{&quot;addressId&quot;:9366,&quot;plotNumber&quot;:&quot;345-p&quot;,&quot;street&quot;:&quot;sterling&quot;,&quot;state&quot;:&quot;Minnesota&quot;,&quot;country&quot;:&quot;USA&quot;,&quot;zipCode&quot;:55},&quot;user_id&quot;:9398,&quot;user_first_name&quot;:&quot;ssallsheena&quot;,&quot;user_last_name&quot;:&quot;Hhanena&quot;,&quot;user_contact_number&quot;:6985233871,&quot;user_email_id&quot;:&quot;hr8@yahoo.com&quot;,&quot;creation_time&quot;:&quot;2024-10-14T07:39:04.903+00:00&quot;,&quot;last_mod_time&quot;:&quot;2024-10-14T07:39:04.903+00:00&quot;},{&quot;userAddress&quot;:{&quot;addressId&quot;:9367,&quot;plotNumber&quot;:&quot;345-p&quot;,&quot;street&quot;:&quot;sterling&quot;,&quot;state&quot;:&quot;Minnesota&quot;,&quot;country&quot;:&quot;USA&quot;,&quot;zipCode&quot;:55000076},&quot;user_id&quot;:9399,&quot;user_first_name&quot;:&quot;ssallsheena&quot;,&quot;user_last_name&quot;:&quot;Hhanena&quot;,&quot;user_contact_number&quot;:6985233771,&quot;user_email_id&quot;:&quot;hr9@yahoo.com&quot;,&quot;creation_time&quot;:&quot;2024-10-14T07:40:12.341+00:00&quot;,&quot;last_mod_time&quot;:&quot;2024-10-14T07:40:12.341+00:00&quot;},{&quot;userAddress&quot;:{&quot;addressId&quot;:9369,&quot;plotNumber&quot;:&quot;345-p&quot;,&quot;street&quot;:&quot;sterling&quot;,&quot;state&quot;:&quot;Minnesota&quot;,&quot;country&quot;:&quot;USA&quot;,&quot;zipCode&quot;:52},&quot;user_id&quot;:9401,&quot;user_first_name&quot;:&quot;ssallsheena&quot;,&quot;user_last_name&quot;:&quot;Hhanena&quot;,&quot;user_contact_number&quot;:6955133771,&quot;user_email_id&quot;:&quot;hr11@yahoo.com&quot;,&quot;creation_time&quot;:&quot;2024-10-14T07:45:21.241+00:00&quot;,&quot;last_mod_time&quot;:&quot;2024-10-14T07:45:21.241+00:00&quot;},{&quot;userAddress&quot;:{&quot;addressId&quot;:170,&quot;plotNumber&quot;:&quot;pl-09&quot;,&quot;street&quot;:&quot;my Street&quot;,&quot;state&quot;:&quot;Texas&quot;,&quot;country&quot;:&quot;USA&quot;,&quot;zipCode&quot;:75068},&quot;user_id&quot;:203,&quot;user_first_name&quot;:&quot;Srikrishna&quot;,&quot;user_last_name&quot;:&quot;Jayakumar&quot;,&quot;user_contact_number&quot;:6566488545,&quot;user_email_id&quot;:&quot;vkifnkrish6@gmail.com&quot;,&quot;creation_time&quot;:&quot;2024-09-17T19:21:45.742+00:00&quot;,&quot;last_mod_time&quot;:&quot;2024-09-17T19:21:45.742+00:00&quot;},{&quot;userAddress&quot;:{&quot;addressId&quot;:324,&quot;plotNumber&quot;:&quot;ytyut-76&quot;,&quot;street&quot;:&quot;tyrrydghv&quot;,&quot;state&quot;:null,&quot;country&quot;:&quot;huh&quot;,&quot;zipCode&quot;:null},&quot;user_id&quot;:357,&quot;user_first_name&quot;:&quot;AKKSDKL&quot;,&quot;user_last_name&quot;:&quot;ashNB&quot;,&quot;user_contact_number&quot;:1701097142,&quot;user_email_id&quot;:&quot;rekha.saroj@gmail.COM&quot;,&quot;creation_time&quot;:&quot;2024-09-18T02:11:35.301+00:00&quot;,&quot;last_mod_time&quot;:&quot;2024-09-18T02:11:35.301+00:00&quot;},{&quot;userAddress&quot;:{&quot;addressId&quot;:3698,&quot;plotNumber&quot;:&quot;p1-68&quot;,&quot;street&quot;:&quot;vail rd&quot;,&quot;state&quot;:&quot;nj&quot;,&quot;country&quot;:&quot;usa&quot;,&quot;zipCode&quot;:7012},&quot;user_id&quot;:3731,&quot;user_first_name&quot;:&quot;Ananda&quot;,&quot;user_last_name&quot;:&quot;swamy&quot;,&quot;user_contact_number&quot;:6655334499,&quot;user_email_id&quot;:&quot;jiho12@gmail.com&quot;,&quot;creation_time&quot;:&quot;2024-09-23T15:28:54.302+00:00&quot;,&quot;last_mod_time&quot;:&quot;2024-09-23T15:28:54.302+00:00&quot;},{&quot;userAddress&quot;:{&quot;addressId&quot;:173,&quot;plotNumber&quot;:&quot;p1-09&quot;,&quot;street&quot;:&quot;Main&quot;,&quot;state&quot;:&quot;NY&quot;,&quot;country&quot;:&quot;USA&quot;,&quot;zipCode&quot;:10901},&quot;user_id&quot;:206,&quot;user_first_name&quot;:&quot;Johnnny&quot;,&quot;user_last_name&quot;:&quot;Doe&quot;,&quot;user_contact_number&quot;:1234567897,&quot;user_email_id&quot;:&quot;johnnny.doe@example.com&quot;,&quot;creation_time&quot;:&quot;2024-09-17T19:26:35.899+00:00&quot;,&quot;last_mod_time&quot;:&quot;2024-09-17T19:26:35.899+00:00&quot;},{&quot;userAddress&quot;:{&quot;addressId&quot;:174,&quot;plotNumber&quot;:&quot;pl-09&quot;,&quot;street&quot;:&quot;my Street&quot;,&quot;state&quot;:&quot;Texas&quot;,&quot;country&quot;:&quot;USA&quot;,&quot;zipCode&quot;:75068},&quot;user_id&quot;:207,&quot;user_first_name&quot;:&quot;Srikrishna&quot;,&quot;user_last_name&quot;:&quot;Jayakumar&quot;,&quot;user_contact_number&quot;:2266488545,&quot;user_email_id&quot;:&quot;vkifnkrifgdfg@gmail.com&quot;,&quot;creation_time&quot;:&quot;2024-09-17T19:32:39.988+00:00&quot;,&quot;last_mod_time&quot;:&quot;2024-09-17T19:32:39.988+00:00&quot;},{&quot;userAddress&quot;:{&quot;addressId&quot;:326,&quot;plotNumber&quot;:&quot;ytyut-76&quot;,&quot;street&quot;:&quot;tyrrydghv&quot;,&quot;state&quot;:null,&quot;country&quot;:&quot;huh&quot;,&quot;zipCode&quot;:null},&quot;user_id&quot;:359,&quot;user_first_name&quot;:&quot;AKKSDKL&quot;,&quot;user_last_name&quot;:&quot;ashNB&quot;,&quot;user_contact_number&quot;:1001097102,&quot;user_email_id&quot;:&quot;rekhasaroj@gmail.com&quot;,&quot;creation_time&quot;:&quot;2024-09-18T02:15:48.072+00:00&quot;,&quot;last_mod_time&quot;:&quot;2024-09-18T02:15:48.072+00:00&quot;},{&quot;userAddress&quot;:{&quot;addressId&quot;:5502,&quot;plotNumber&quot;:&quot;pl-51&quot;,&quot;street&quot;:&quot;vail rd&quot;,&quot;state&quot;:&quot;nj&quot;,&quot;country&quot;:&quot;usa&quot;,&quot;zipCode&quot;:54321},&quot;user_id&quot;:5535,&quot;user_first_name&quot;:&quot;smitha&quot;,&quot;user_last_name&quot;:&quot;dmaanj&quot;,&quot;user_contact_number&quot;:2999110115,&quot;user_email_id&quot;:&quot;api019299Team5@gmail.com&quot;,&quot;creation_time&quot;:&quot;2024-09-27T05:41:57.582+00:00&quot;,&quot;last_mod_time&quot;:&quot;2024-09-27T05:41:57.582+00:00&quot;},{&quot;userAddress&quot;:{&quot;addressId&quot;:6676,&quot;plotNumber&quot;:&quot;M-25&quot;,&quot;street&quot;:&quot;NewDV&quot;,&quot;state&quot;:&quot;NJ&quot;,&quot;country&quot;:&quot;USA&quot;,&quot;zipCode&quot;:8856},&quot;user_id&quot;:6709,&quot;user_first_name&quot;:&quot;Robin&quot;,&quot;user_last_name&quot;:&quot;Pra&quot;,&quot;user_contact_number&quot;:2017751089,&quot;user_email_id&quot;:&quot;robinrP54@gmail.com&quot;,&quot;creation_time&quot;:&quot;2024-09-30T13:34:38.610+00:00&quot;,&quot;last_mod_time&quot;:&quot;2024-09-30T13:34:38.610+00:00&quot;},{&quot;userAddress&quot;:{&quot;addressId&quot;:178,&quot;plotNumber&quot;:&quot;p1-09&quot;,&quot;street&quot;:&quot;Main&quot;,&quot;state&quot;:&quot;NY&quot;,&quot;country&quot;:&quot;USA&quot;,&quot;zipCode&quot;:10901},&quot;user_id&quot;:211,&quot;user_first_name&quot;:&quot;Don&quot;,&quot;user_last_name&quot;:&quot;Pullet&quot;,&quot;user_contact_number&quot;:5678901112,&quot;user_email_id&quot;:&quot;Don.Pullet@example.com&quot;,&quot;creation_time&quot;:&quot;2024-09-17T19:41:00.898+00:00&quot;,&quot;last_mod_time&quot;:&quot;2024-09-17T19:41:00.898+00:00&quot;},{&quot;userAddress&quot;:{&quot;addressId&quot;:179,&quot;plotNumber&quot;:&quot;p1-12&quot;,&quot;street&quot;:&quot;Oaklawn&quot;,&quot;state&quot;:&quot;NC&quot;,&quot;country&quot;:&quot;USA&quot;,&quot;zipCode&quot;:258450},&quot;user_id&quot;:212,&quot;user_first_name&quot;:&quot;Swagger&quot;,&quot;user_last_name&quot;:&quot;John&quot;,&quot;user_contact_number&quot;:9890112887,&quot;user_email_id&quot;:&quot;swagger.john@example.com&quot;,&quot;creation_time&quot;:&quot;2024-09-17T19:41:44.701+00:00&quot;,&quot;last_mod_time&quot;:&quot;2024-09-17T19:41:44.701+00:00&quot;},{&quot;userAddress&quot;:{&quot;addressId&quot;:2120,&quot;plotNumber&quot;:&quot;pl-51&quot;,&quot;street&quot;:&quot;vail rd&quot;,&quot;state&quot;:&quot;nj&quot;,&quot;country&quot;:&quot;usa&quot;,&quot;zipCode&quot;:54321},&quot;user_id&quot;:2153,&quot;user_first_name&quot;:&quot;ragu&quot;,&quot;user_last_name&quot;:&quot;lal&quot;,&quot;user_contact_number&quot;:3005000045,&quot;user_email_id&quot;:&quot;sdte7700@gmail.com&quot;,&quot;creation_time&quot;:&quot;2024-09-21T21:10:38.386+00:00&quot;,&quot;last_mod_time&quot;:&quot;2024-09-21T21:10:38.386+00:00&quot;},{&quot;userAddress&quot;:{&quot;addressId&quot;:6128,&quot;plotNumber&quot;:&quot;IbOQ-373&quot;,&quot;street&quot;:&quot;VPqzFst&quot;,&quot;state&quot;:&quot;GA&quot;,&quot;country&quot;:&quot;USA&quot;,&quot;zipCode&quot;:48786},&quot;user_id&quot;:6161,&quot;user_first_name&quot;:&quot;Raniq&quot;,&quot;user_last_name&quot;:&quot;Rao&quot;,&quot;user_contact_number&quot;:7878000882,&quot;user_email_id&quot;:&quot;MBV@gmail.com&quot;,&quot;creation_time&quot;:&quot;2024-09-28T13:40:06.674+00:00&quot;,&quot;last_mod_time&quot;:&quot;2024-09-28T13:40:06.674+00:00&quot;},{&quot;userAddress&quot;:{&quot;addressId&quot;:182,&quot;plotNumber&quot;:null,&quot;street&quot;:&quot;TestAPIo&quot;,&quot;state&quot;:&quot;TX&quot;,&quot;country&quot;:&quot;US&quot;,&quot;zipCode&quot;:75063},&quot;user_id&quot;:215,&quot;user_first_name&quot;:&quot;Gowrio&quot;,&quot;user_last_name&quot;:&quot;Mohano&quot;,&quot;user_contact_number&quot;:1234598766,&quot;user_email_id&quot;:&quot;gm1@gmail.com&quot;,&quot;creation_time&quot;:&quot;2024-09-17T19:50:28.737+00:00&quot;,&quot;last_mod_time&quot;:&quot;2024-09-17T19:50:28.737+00:00&quot;},{&quot;userAddress&quot;:{&quot;addressId&quot;:5042,&quot;plotNumber&quot;:&quot;pi-15&quot;,&quot;street&quot;:&quot;liuoy&quot;,&quot;state&quot;:&quot;Nj&quot;,&quot;country&quot;:&quot;usa&quot;,&quot;zipCode&quot;:78941},&quot;user_id&quot;:5075,&quot;user_first_name&quot;:&quot;ram&quot;,&quot;user_last_name&quot;:&quot;chan&quot;,&quot;user_contact_number&quot;:4569872568,&quot;user_email_id&quot;:&quot;mkiu8@gmail.com&quot;,&quot;creation_time&quot;:&quot;2024-09-26T20:23:58.782+00:00&quot;,&quot;last_mod_time&quot;:&quot;2024-09-26T20:23:58.782+00:00&quot;},{&quot;userAddress&quot;:{&quot;addressId&quot;:9312,&quot;plotNumber&quot;:&quot;N-43&quot;,&quot;street&quot;:&quot;Naga&quot;,&quot;state&quot;:&quot;Kakin&quot;,&quot;country&quot;:&quot;Indian&quot;,&quot;zipCode&quot;:7653},&quot;user_id&quot;:9344,&quot;user_first_name&quot;:&quot;Ramu&quot;,&quot;user_last_name&quot;:&quot;Kotan&quot;,&quot;user_contact_number&quot;:1235678764,&quot;user_email_id&quot;:&quot;msiran@gmail.com&quot;,&quot;creation_time&quot;:&quot;2024-10-14T06:43:08.869+00:00&quot;,&quot;last_mod_time&quot;:&quot;2024-10-14T06:43:08.869+00:00&quot;},{&quot;userAddress&quot;:{&quot;addressId&quot;:185,&quot;plotNumber&quot;:&quot;Bl-02&quot;,&quot;street&quot;:null,&quot;state&quot;:&quot;California&quot;,&quot;country&quot;:null,&quot;zipCode&quot;:32126},&quot;user_id&quot;:218,&quot;user_first_name&quot;:&quot;Emma&quot;,&quot;user_last_name&quot;:&quot;Carsen&quot;,&quot;user_contact_number&quot;:7324320008,&quot;user_email_id&quot;:&quot;emmacarsen@gmail.com&quot;,&quot;creation_time&quot;:&quot;2024-09-17T19:56:49.804+00:00&quot;,&quot;last_mod_time&quot;:&quot;2024-09-17T19:56:49.804+00:00&quot;},{&quot;userAddress&quot;:{&quot;addressId&quot;:186,&quot;plotNumber&quot;:&quot;6-t&quot;,&quot;street&quot;:&quot;troy&quot;,&quot;state&quot;:&quot;MI&quot;,&quot;country&quot;:&quot;USA&quot;,&quot;zipCode&quot;:48084},&quot;user_id&quot;:219,&quot;user_first_name&quot;:&quot;Karunya&quot;,&quot;user_last_name&quot;:&quot;abcd&quot;,&quot;user_contact_number&quot;:1234586789,&quot;user_email_id&quot;:&quot;abc3d@gmail.com&quot;,&quot;creation_time&quot;:&quot;2024-09-17T20:00:14.827+00:00&quot;,&quot;last_mod_time&quot;:&quot;2024-09-17T20:00:14.827+00:00&quot;},{&quot;userAddress&quot;:{&quot;addressId&quot;:725,&quot;plotNumber&quot;:&quot;B-15&quot;,&quot;street&quot;:&quot;Narayna&quot;,&quot;state&quot;:&quot;Delhi&quot;,&quot;country&quot;:&quot;India&quot;,&quot;zipCode&quot;:201601},&quot;user_id&quot;:758,&quot;user_first_name&quot;:&quot;Annu &quot;,&quot;user_last_name&quot;:&quot;Sharma&quot;,&quot;user_contact_number&quot;:9193225455,&quot;user_email_id&quot;:&quot;disney4@gmail.com&quot;,&quot;creation_time&quot;:&quot;2024-09-19T15:54:27.028+00:00&quot;,&quot;last_mod_time&quot;:&quot;2024-09-19T15:54:27.028+00:00&quot;},{&quot;userAddress&quot;:{&quot;addressId&quot;:10106,&quot;plotNumber&quot;:&quot;P1-14&quot;,&quot;street&quot;:&quot;Pine&quot;,&quot;state&quot;:&quot;FL&quot;,&quot;country&quot;:&quot;USA&quot;,&quot;zipCode&quot;:75001},&quot;user_id&quot;:10138,&quot;user_first_name&quot;:&quot;Charlie&quot;,&quot;user_last_name&quot;:&quot;Brown&quot;,&quot;user_contact_number&quot;:7087382991,&quot;user_email_id&quot;:&quot;comrow@example.com&quot;,&quot;creation_time&quot;:&quot;2024-10-15T22:28:21.740+00:00&quot;,&quot;last_mod_time&quot;:&quot;2024-10-15T22:28:21.740+00:00&quot;},{&quot;userAddress&quot;:{&quot;addressId&quot;:331,&quot;plotNumber&quot;:&quot;pl-76&quot;,&quot;street&quot;:&quot;tyrrydghv&quot;,&quot;state&quot;:null,&quot;country&quot;:&quot;huh&quot;,&quot;zipCode&quot;:null},&quot;user_id&quot;:364,&quot;user_first_name&quot;:&quot;AKKSDKL&quot;,&quot;user_last_name&quot;:&quot;ashNB&quot;,&quot;user_contact_number&quot;:1001997102,&quot;user_email_id&quot;:&quot;rekhasaroij@gmail.com&quot;,&quot;creation_time&quot;:&quot;2024-09-18T02:23:15.354+00:00&quot;,&quot;last_mod_time&quot;:&quot;2024-09-18T02:23:15.354+00:00&quot;},{&quot;userAddress&quot;:{&quot;addressId&quot;:190,&quot;plotNumber&quot;:&quot;2-21&quot;,&quot;street&quot;:&quot;Philly st&quot;,&quot;state&quot;:&quot;Philadelphia&quot;,&quot;country&quot;:&quot;USA&quot;,&quot;zipCode&quot;:421230},&quot;user_id&quot;:223,&quot;user_first_name&quot;:&quot;JhansiTest&quot;,&quot;user_last_name&quot;:&quot;Numpy&quot;,&quot;user_contact_number&quot;:9919999999,&quot;user_email_id&quot;:&quot;Team06Test@gmail.com&quot;,&quot;creation_time&quot;:&quot;2024-09-17T20:18:23.568+00:00&quot;,&quot;last_mod_time&quot;:&quot;2024-09-17T20:18:23.568+00:00&quot;},{&quot;userAddress&quot;:{&quot;addressId&quot;:8421,&quot;plotNumber&quot;:&quot;P1-10&quot;,&quot;street&quot;:&quot;Tiffany Mountains&quot;,&quot;state&quot;:&quot;TX&quot;,&quot;country&quot;:&quot;USA&quot;,&quot;zipCode&quot;:12356},&quot;user_id&quot;:8453,&quot;user_first_name&quot;:&quot;Titus&quot;,&quot;user_last_name&quot;:&quot;Boyer&quot;,&quot;user_contact_number&quot;:3607896146,&quot;user_email_id&quot;:&quot;Cleora.Jast@hotmail.com&quot;,&quot;creation_time&quot;:&quot;2024-10-13T04:49:18.356+00:00&quot;,&quot;last_mod_time&quot;:&quot;2024-10-13T04:49:18.356+00:00&quot;},{&quot;userAddress&quot;:{&quot;addressId&quot;:192,&quot;plotNumber&quot;:&quot;6-t&quot;,&quot;street&quot;:&quot;troy&quot;,&quot;state&quot;:&quot;MI&quot;,&quot;country&quot;:&quot;USA&quot;,&quot;zipCode&quot;:48084},&quot;user_id&quot;:225,&quot;user_first_name&quot;:&quot;Karunya Ngabothu&quot;,&quot;user_last_name&quot;:&quot;abcd&quot;,&quot;user_contact_number&quot;:4234586789,&quot;user_email_id&quot;:&quot;abc43d@gmail.com&quot;,&quot;creation_time&quot;:&quot;2024-09-17T20:31:04.480+00:00&quot;,&quot;last_mod_time&quot;:&quot;2024-09-17T20:31:04.480+00:00&quot;},{&quot;userAddress&quot;:{&quot;addressId&quot;:2710,&quot;plotNumber&quot;:&quot;A-30&quot;,&quot;street&quot;:&quot;DISNEY STREET&quot;,&quot;state&quot;:&quot;FL&quot;,&quot;country&quot;:&quot;USA&quot;,&quot;zipCode&quot;:76761},&quot;user_id&quot;:2743,&quot;user_first_name&quot;:&quot;SUMONA&quot;,&quot;user_last_name&quot;:&quot;SINGH&quot;,&quot;user_contact_number&quot;:1234567980,&quot;user_email_id&quot;:&quot;sumona@gmail.com&quot;,&quot;creation_time&quot;:&quot;2024-09-22T20:17:39.383+00:00&quot;,&quot;last_mod_time&quot;:&quot;2024-09-22T20:17:39.383+00:00&quot;},{&quot;userAddress&quot;:{&quot;addressId&quot;:729,&quot;plotNumber&quot;:&quot;AS-96&quot;,&quot;street&quot;:&quot;Raymond St&quot;,&quot;state&quot;:&quot;NJ&quot;,&quot;country&quot;:&quot;USA&quot;,&quot;zipCode&quot;:null},&quot;user_id&quot;:762,&quot;user_first_name&quot;:&quot;TeamFive&quot;,&quot;user_last_name&quot;:&quot;Tester&quot;,&quot;user_contact_number&quot;:7896328965,&quot;user_email_id&quot;:&quot;testfive6@gmail.com&quot;,&quot;creation_time&quot;:&quot;2024-09-19T16:07:34.057+00:00&quot;,&quot;last_mod_time&quot;:&quot;2024-09-19T16:07:34.057+00:00&quot;},{&quot;userAddress&quot;:{&quot;addressId&quot;:197,&quot;plotNumber&quot;:&quot;avb-76&quot;,&quot;street&quot;:&quot;plum&quot;,&quot;state&quot;:&quot;tn&quot;,&quot;country&quot;:&quot;usa&quot;,&quot;zipCode&quot;:38017},&quot;user_id&quot;:230,&quot;user_first_name&quot;:&quot;Sandya&quot;,&quot;user_last_name&quot;:&quot;Ashok&quot;,&quot;user_contact_number&quot;:9012860054,&quot;user_email_id&quot;:&quot;sandya@gmail.com&quot;,&quot;creation_time&quot;:&quot;2024-09-17T21:07:53.929+00:00&quot;,&quot;last_mod_time&quot;:&quot;2024-09-17T21:07:53.929+00:00&quot;},{&quot;userAddress&quot;:{&quot;addressId&quot;:198,&quot;plotNumber&quot;:&quot;sa-76&quot;,&quot;street&quot;:&quot;plum&quot;,&quot;state&quot;:&quot;tn&quot;,&quot;country&quot;:&quot;usa&quot;,&quot;zipCode&quot;:38017},&quot;user_id&quot;:231,&quot;user_first_name&quot;:&quot;Sandya&quot;,&quot;user_last_name&quot;:&quot;Ashok&quot;,&quot;user_contact_number&quot;:9012860084,&quot;user_email_id&quot;:&quot;sand@gmail.com&quot;,&quot;creation_time&quot;:&quot;2024-09-17T21:11:22.695+00:00&quot;,&quot;last_mod_time&quot;:&quot;2024-09-17T21:11:22.695+00:00&quot;},{&quot;userAddress&quot;:{&quot;addressId&quot;:199,&quot;plotNumber&quot;:&quot;p1-09&quot;,&quot;street&quot;:&quot;ATLANTA&quot;,&quot;state&quot;:&quot;GA&quot;,&quot;country&quot;:&quot;USA&quot;,&quot;zipCode&quot;:10901},&quot;user_id&quot;:232,&quot;user_first_name&quot;:&quot;NATHAN&quot;,&quot;user_last_name&quot;:&quot;AYYAR&quot;,&quot;user_contact_number&quot;:1234987654,&quot;user_email_id&quot;:&quot;NATHAN.AYYAR@example.com&quot;,&quot;creation_time&quot;:&quot;2024-09-17T21:12:07.623+00:00&quot;,&quot;last_mod_time&quot;:&quot;2024-09-17T21:12:07.623+00:00&quot;},{&quot;userAddress&quot;:{&quot;addressId&quot;:200,&quot;plotNumber&quot;:&quot;G-1&quot;,&quot;street&quot;:&quot;MGRoad&quot;,&quot;state&quot;:&quot;TX&quot;,&quot;country&quot;:&quot;USA&quot;,&quot;zipCode&quot;:55475},&quot;user_id&quot;:233,&quot;user_first_name&quot;:&quot;Abdul&quot;,&quot;user_last_name&quot;:&quot;Kalam&quot;,&quot;user_contact_number&quot;:1223334444,&quot;user_email_id&quot;:&quot;apj@india.com&quot;,&quot;creation_time&quot;:&quot;2024-09-17T21:14:57.871+00:00&quot;,&quot;last_mod_time&quot;:&quot;2024-09-17T21:14:57.871+00:00&quot;},{&quot;userAddress&quot;:{&quot;addressId&quot;:202,&quot;plotNumber&quot;:&quot;sa-76&quot;,&quot;street&quot;:&quot;plum&quot;,&quot;state&quot;:&quot;tn&quot;,&quot;country&quot;:&quot;usa&quot;,&quot;zipCode&quot;:38017},&quot;user_id&quot;:235,&quot;user_first_name&quot;:&quot;Sandya&quot;,&quot;user_last_name&quot;:&quot;Ashok&quot;,&quot;user_contact_number&quot;:9012861084,&quot;user_email_id&quot;:&quot;sad@gmail.com&quot;,&quot;creation_time&quot;:&quot;2024-09-17T21:19:32.138+00:00&quot;,&quot;last_mod_time&quot;:&quot;2024-09-17T21:19:32.138+00:00&quot;},{&quot;userAddress&quot;:{&quot;addressId&quot;:201,&quot;plotNumber&quot;:&quot;p2-11&quot;,&quot;street&quot;:&quot;Violet st&quot;,&quot;state&quot;:&quot;NY&quot;,&quot;country&quot;:&quot;USA&quot;,&quot;zipCode&quot;:235689},&quot;user_id&quot;:234,&quot;user_first_name&quot;:&quot;Sayali Team APIbootcamp&quot;,&quot;user_last_name&quot;:&quot;Jadhav&quot;,&quot;user_contact_number&quot;:7130082323,&quot;user_email_id&quot;:&quot;sayali.j@example.com&quot;,&quot;creation_time&quot;:&quot;2024-09-17T21:16:29.166+00:00&quot;,&quot;last_mod_time&quot;:&quot;2024-09-17T21:28:46.189+00:00&quot;},{&quot;userAddress&quot;:{&quot;addressId&quot;:3630,&quot;plotNumber&quot;:&quot;pl-13&quot;,&quot;street&quot;:&quot;Broadway&quot;,&quot;state&quot;:&quot;New Jersey&quot;,&quot;country&quot;:&quot;USA&quot;,&quot;zipCode&quot;:null},&quot;user_id&quot;:3663,&quot;user_first_name&quot;:&quot;dheenatha&quot;,&quot;user_last_name&quot;:&quot;selva&quot;,&quot;user_contact_number&quot;:7230098788,&quot;user_email_id&quot;:&quot;dheen16@gmail.com&quot;,&quot;creation_time&quot;:&quot;2024-09-23T15:06:20.318+00:00&quot;,&quot;last_mod_time&quot;:&quot;2024-09-23T15:06:20.318+00:00&quot;},{&quot;userAddress&quot;:{&quot;addressId&quot;:206,&quot;plotNumber&quot;:&quot;G-2&quot;,&quot;street&quot;:&quot;MGRoad&quot;,&quot;state&quot;:&quot;TX&quot;,&quot;country&quot;:&quot;USA&quot;,&quot;zipCode&quot;:55475},&quot;user_id&quot;:239,&quot;user_first_name&quot;:&quot;JayaTeamsixAPIbootcamp&quot;,&quot;user_last_name&quot;:&quot;Swaraj&quot;,&quot;user_contact_number&quot;:1122233444,&quot;user_email_id&quot;:&quot;jaya@nn.com&quot;,&quot;creation_time&quot;:&quot;2024-09-17T21:33:10.204+00:00&quot;,&quot;last_mod_time&quot;:&quot;2024-09-17T21:33:10.204+00:00&quot;},{&quot;userAddress&quot;:{&quot;addressId&quot;:3631,&quot;plotNumber&quot;:&quot;pl-13&quot;,&quot;street&quot;:&quot;Broadway&quot;,&quot;state&quot;:&quot;Texas&quot;,&quot;country&quot;:&quot;USA&quot;,&quot;zipCode&quot;:837300},&quot;user_id&quot;:3664,&quot;user_first_name&quot;:&quot;dheenatha&quot;,&quot;user_last_name&quot;:&quot;selva&quot;,&quot;user_contact_number&quot;:7239998783,&quot;user_email_id&quot;:&quot;dheen20@gmail.com&quot;,&quot;creation_time&quot;:&quot;2024-09-23T15:06:21.118+00:00&quot;,&quot;last_mod_time&quot;:&quot;2024-09-23T15:06:21.118+00:00&quot;},{&quot;userAddress&quot;:{&quot;addressId&quot;:208,&quot;plotNumber&quot;:&quot;pl-03&quot;,&quot;street&quot;:&quot;palmilla&quot;,&quot;state&quot;:&quot;Florida&quot;,&quot;country&quot;:&quot;USA&quot;,&quot;zipCode&quot;:77057},&quot;user_id&quot;:241,&quot;user_first_name&quot;:&quot;Tanvi&quot;,&quot;user_last_name&quot;:&quot;Jyoshith&quot;,&quot;user_contact_number&quot;:9999567991,&quot;user_email_id&quot;:&quot;Test987@gmail.com&quot;,&quot;creation_time&quot;:&quot;2024-09-17T21:35:55.610+00:00&quot;,&quot;last_mod_time&quot;:&quot;2024-09-17T21:35:55.610+00:00&quot;},{&quot;userAddress&quot;:{&quot;addressId&quot;:210,&quot;plotNumber&quot;:&quot;6-u&quot;,&quot;street&quot;:&quot;TestAPIt&quot;,&quot;state&quot;:&quot;TX&quot;,&quot;country&quot;:&quot;US&quot;,&quot;zipCode&quot;:75063},&quot;user_id&quot;:243,&quot;user_first_name&quot;:&quot;Gowrit&quot;,&quot;user_last_name&quot;:&quot;Mohant&quot;,&quot;user_contact_number&quot;:1234598768,&quot;user_email_id&quot;:&quot;gm2@gmail.com&quot;,&quot;creation_time&quot;:&quot;2024-09-17T21:37:02.834+00:00&quot;,&quot;last_mod_time&quot;:&quot;2024-09-17T21:37:02.834+00:00&quot;},{&quot;userAddress&quot;:{&quot;addressId&quot;:211,&quot;plotNumber&quot;:&quot;pl-03&quot;,&quot;street&quot;:&quot;palmilla&quot;,&quot;state&quot;:&quot;Florida&quot;,&quot;country&quot;:&quot;USA&quot;,&quot;zipCode&quot;:77057},&quot;user_id&quot;:244,&quot;user_first_name&quot;:&quot;Tanvi&quot;,&quot;user_last_name&quot;:&quot;Jyoshith&quot;,&quot;user_contact_number&quot;:9919567991,&quot;user_email_id&quot;:&quot;Test986@gmail.com&quot;,&quot;creation_time&quot;:&quot;2024-09-17T21:37:44.405+00:00&quot;,&quot;last_mod_time&quot;:&quot;2024-09-17T21:37:44.405+00:00&quot;},{&quot;userAddress&quot;:{&quot;addressId&quot;:212,&quot;plotNumber&quot;:&quot;abc-879&quot;,&quot;street&quot;:&quot;troy&quot;,&quot;state&quot;:&quot;MI&quot;,&quot;country&quot;:&quot;India&quot;,&quot;zipCode&quot;:49084449},&quot;user_id&quot;:245,&quot;user_first_name&quot;:&quot;Rio&quot;,&quot;user_last_name&quot;:&quot;Team&quot;,&quot;user_contact_number&quot;:7234586789,&quot;user_email_id&quot;:&quot;abc9i3d@gmail.com&quot;,&quot;creation_time&quot;:&quot;2024-09-17T21:37:59.456+00:00&quot;,&quot;last_mod_time&quot;:&quot;2024-09-17T21:37:59.456+00:00&quot;},{&quot;userAddress&quot;:{&quot;addressId&quot;:213,&quot;plotNumber&quot;:&quot;abc-879&quot;,&quot;street&quot;:&quot;troy&quot;,&quot;state&quot;:&quot;MI&quot;,&quot;country&quot;:&quot;india&quot;,&quot;zipCode&quot;:490},&quot;user_id&quot;:246,&quot;user_first_name&quot;:&quot;VishwakVishu&quot;,&quot;user_last_name&quot;:&quot;Team&quot;,&quot;user_contact_number&quot;:8034586789,&quot;user_email_id&quot;:&quot;abc9k3d@gmail.com&quot;,&quot;creation_time&quot;:&quot;2024-09-17T21:39:32.390+00:00&quot;,&quot;last_mod_time&quot;:&quot;2024-09-17T21:39:32.390+00:00&quot;},{&quot;userAddress&quot;:{&quot;addressId&quot;:1976,&quot;plotNumber&quot;:&quot;vl-9&quot;,&quot;street&quot;:null,&quot;state&quot;:&quot;northyork&quot;,&quot;country&quot;:null,&quot;zipCode&quot;:null},&quot;user_id&quot;:2009,&quot;user_first_name&quot;:&quot;drithi&quot;,&quot;user_last_name&quot;:&quot;sasha&quot;,&quot;user_contact_number&quot;:5626442444,&quot;user_email_id&quot;:&quot;r667j@gmail.com&quot;,&quot;creation_time&quot;:&quot;2024-09-21T16:50:59.520+00:00&quot;,&quot;last_mod_time&quot;:&quot;2024-09-21T16:50:59.520+00:00&quot;},{&quot;userAddress&quot;:{&quot;addressId&quot;:215,&quot;plotNumber&quot;:&quot;abc-879&quot;,&quot;street&quot;:&quot;troy&quot;,&quot;state&quot;:&quot;MI&quot;,&quot;country&quot;:&quot;india&quot;,&quot;zipCode&quot;:40},&quot;user_id&quot;:248,&quot;user_first_name&quot;:&quot;VishwakVishu&quot;,&quot;user_last_name&quot;:&quot;Teamvishu&quot;,&quot;user_contact_number&quot;:8934586789,&quot;user_email_id&quot;:&quot;abc9o3d@gmail.com&quot;,&quot;creation_time&quot;:&quot;2024-09-17T21:44:37.118+00:00&quot;,&quot;last_mod_time&quot;:&quot;2024-09-17T21:44:37.118+00:00&quot;},{&quot;userAddress&quot;:{&quot;addressId&quot;:216,&quot;plotNumber&quot;:&quot;abc-879&quot;,&quot;street&quot;:&quot;troy&quot;,&quot;state&quot;:&quot;MI&quot;,&quot;country&quot;:&quot;india&quot;,&quot;zipCode&quot;:40},&quot;user_id&quot;:249,&quot;user_first_name&quot;:&quot;aishu&quot;,&quot;user_last_name&quot;:&quot;vishu&quot;,&quot;user_contact_number&quot;:9934586789,&quot;user_email_id&quot;:&quot;abc9p3d@gmail.com&quot;,&quot;creation_time&quot;:&quot;2024-09-17T21:46:31.720+00:00&quot;,&quot;last_mod_time&quot;:&quot;2024-09-17T21:46:31.720+00:00&quot;},{&quot;userAddress&quot;:{&quot;addressId&quot;:217,&quot;plotNumber&quot;:&quot;abc-879&quot;,&quot;street&quot;:&quot;troy&quot;,&quot;state&quot;:&quot;MI&quot;,&quot;country&quot;:&quot;india&quot;,&quot;zipCode&quot;:40},&quot;user_id&quot;:250,&quot;user_first_name&quot;:&quot;aadhya&quot;,&quot;user_last_name&quot;:&quot;vishu&quot;,&quot;user_contact_number&quot;:7934586789,&quot;user_email_id&quot;:&quot;abc8p3d@gmail.com&quot;,&quot;creation_time&quot;:&quot;2024-09-17T21:49:11.150+00:00&quot;,&quot;last_mod_time&quot;:&quot;2024-09-17T21:49:11.150+00:00&quot;},{&quot;userAddress&quot;:{&quot;addressId&quot;:218,&quot;plotNumber&quot;:&quot;abc-879&quot;,&quot;street&quot;:&quot;troy&quot;,&quot;state&quot;:&quot;MI&quot;,&quot;country&quot;:&quot;india&quot;,&quot;zipCode&quot;:409},&quot;user_id&quot;:251,&quot;user_first_name&quot;:&quot;VishwkVishu&quot;,&quot;user_last_name&quot;:&quot;Tvishu&quot;,&quot;user_contact_number&quot;:9034586789,&quot;user_email_id&quot;:&quot;abc7683d@gmail.com&quot;,&quot;creation_time&quot;:&quot;2024-09-17T21:50:13.456+00:00&quot;,&quot;last_mod_time&quot;:&quot;2024-09-17T21:50:13.456+00:00&quot;},{&quot;userAddress&quot;:{&quot;addressId&quot;:3758,&quot;plotNumber&quot;:&quot;pl-72&quot;,&quot;street&quot;:&quot;Broadway&quot;,&quot;state&quot;:&quot;New Jersey&quot;,&quot;country&quot;:&quot;USA&quot;,&quot;zipCode&quot;:72363},&quot;user_id&quot;:3791,&quot;user_first_name&quot;:&quot;getTal&quot;,&quot;user_last_name&quot;:&quot;randomLastName&quot;,&quot;user_contact_number&quot;:2334322308,&quot;user_email_id&quot;:&quot;user207@example.com&quot;,&quot;creation_time&quot;:&quot;2024-09-23T15:47:16.048+00:00&quot;,&quot;last_mod_time&quot;:&quot;2024-09-23T15:47:16.048+00:00&quot;},{&quot;userAddress&quot;:{&quot;addressId&quot;:220,&quot;plotNumber&quot;:&quot;apt-098&quot;,&quot;street&quot;:&quot;troy&quot;,&quot;state&quot;:&quot;MI&quot;,&quot;country&quot;:&quot;USA&quot;,&quot;zipCode&quot;:null},&quot;user_id&quot;:253,&quot;user_first_name&quot;:&quot;Prannoy&quot;,&quot;user_last_name&quot;:&quot;Padamatinti&quot;,&quot;user_contact_number&quot;:9987612345,&quot;user_email_id&quot;:&quot;pra03d@gmail.com&quot;,&quot;creation_time&quot;:&quot;2024-09-17T21:53:09.295+00:00&quot;,&quot;last_mod_time&quot;:&quot;2024-09-17T21:53:09.295+00:00&quot;},{&quot;userAddress&quot;:{&quot;addressId&quot;:221,&quot;plotNumber&quot;:&quot;apt-090&quot;,&quot;street&quot;:&quot;troy&quot;,&quot;state&quot;:&quot;MI&quot;,&quot;country&quot;:&quot;USA&quot;,&quot;zipCode&quot;:null},&quot;user_id&quot;:254,&quot;user_first_name&quot;:&quot;PrannoyP&quot;,&quot;user_last_name&quot;:&quot;Padamatppinti&quot;,&quot;user_contact_number&quot;:9907612345,&quot;user_email_id&quot;:&quot;pramn03d@gmail.com&quot;,&quot;creation_time&quot;:&quot;2024-09-17T21:54:15.081+00:00&quot;,&quot;last_mod_time&quot;:&quot;2024-09-17T21:54:15.081+00:00&quot;},{&quot;userAddress&quot;:{&quot;addressId&quot;:222,&quot;plotNumber&quot;:&quot;897-uyt&quot;,&quot;street&quot;:&quot;troy&quot;,&quot;state&quot;:&quot;MI&quot;,&quot;country&quot;:&quot;USA&quot;,&quot;zipCode&quot;:48084},&quot;user_id&quot;:255,&quot;user_first_name&quot;:&quot;KarunyaNa&quot;,&quot;user_last_name&quot;:&quot;Tam&quot;,&quot;user_contact_number&quot;:9230586789,&quot;user_email_id&quot;:&quot;iu8y3d@gmail.com&quot;,&quot;creation_time&quot;:&quot;2024-09-17T22:01:29.407+00:00&quot;,&quot;last_mod_time&quot;:&quot;2024-09-17T22:01:29.407+00:00&quot;},{&quot;userAddress&quot;:{&quot;addressId&quot;:223,&quot;plotNumber&quot;:&quot;G-12&quot;,&quot;street&quot;:&quot;MGRoad&quot;,&quot;state&quot;:&quot;IL&quot;,&quot;country&quot;:&quot;USA&quot;,&quot;zipCode&quot;:55475},&quot;user_id&quot;:256,&quot;user_first_name&quot;:&quot;Team&quot;,&quot;user_last_name&quot;:&quot;Success&quot;,&quot;user_contact_number&quot;:9911224477,&quot;user_email_id&quot;:&quot;team@nn.com&quot;,&quot;creation_time&quot;:&quot;2024-09-17T22:05:31.047+00:00&quot;,&quot;last_mod_time&quot;:&quot;2024-09-17T22:05:31.047+00:00&quot;},{&quot;userAddress&quot;:{&quot;addressId&quot;:4441,&quot;plotNumber&quot;:&quot;p1-098&quot;,&quot;street&quot;:&quot;cxvbmnb &quot;,&quot;state&quot;:&quot;uibhjkl&quot;,&quot;country&quot;:&quot;USA&quot;,&quot;zipCode&quot;:90865},&quot;user_id&quot;:4474,&quot;user_first_name&quot;:&quot;bklekl&quot;,&quot;user_last_name&quot;:&quot;vddrop&quot;,&quot;user_contact_number&quot;:1103541352,&quot;user_email_id&quot;:&quot;cvfa.nme-1727289873358@example.com&quot;,&quot;creation_time&quot;:&quot;2024-09-25T18:44:33.931+00:00&quot;,&quot;last_mod_time&quot;:&quot;2024-09-25T18:44:33.931+00:00&quot;},{&quot;userAddress&quot;:{&quot;addressId&quot;:225,&quot;plotNumber&quot;:&quot;Test-01&quot;,&quot;street&quot;:&quot;Test st&quot;,&quot;state&quot;:&quot;NY&quot;,&quot;country&quot;:&quot;USA&quot;,&quot;zipCode&quot;:123456},&quot;user_id&quot;:258,&quot;user_first_name&quot;:&quot;TeamSixAPIbootcamp&quot;,&quot;user_last_name&quot;:&quot;XYZXYZ&quot;,&quot;user_contact_number&quot;:1112334455,&quot;user_email_id&quot;:&quot;team06-01@example.com&quot;,&quot;creation_time&quot;:&quot;2024-09-17T22:11:57.079+00:00&quot;,&quot;last_mod_time&quot;:&quot;2024-09-17T22:11:57.079+00:00&quot;},{&quot;userAddress&quot;:{&quot;addressId&quot;:3812,&quot;plotNumber&quot;:&quot;AB-12&quot;,&quot;street&quot;:null,&quot;state&quot;:&quot;CA&quot;,&quot;country&quot;:null,&quot;zipCode&quot;:null},&quot;user_id&quot;:3845,&quot;user_first_name&quot;:&quot;Teamfourname&quot;,&quot;user_last_name&quot;:&quot;Teamfourlastname&quot;,&quot;user_contact_number&quot;:1112223334,&quot;user_email_id&quot;:&quot;teamfour@gmail.com&quot;,&quot;creation_time&quot;:&quot;2024-09-23T15:57:51.873+00:00&quot;,&quot;last_mod_time&quot;:&quot;2024-09-23T15:57:51.873+00:00&quot;},{&quot;userAddress&quot;:{&quot;addressId&quot;:4467,&quot;plotNumber&quot;:&quot;p1-098&quot;,&quot;street&quot;:&quot;cxvbmnb &quot;,&quot;state&quot;:&quot;uibhjkl&quot;,&quot;country&quot;:&quot;USA&quot;,&quot;zipCode&quot;:90865},&quot;user_id&quot;:4500,&quot;user_first_name&quot;:&quot;betgplhjk&quot;,&quot;user_last_name&quot;:&quot;vhhjklko&quot;,&quot;user_contact_number&quot;:1099957825,&quot;user_email_id&quot;:&quot;nijua.loj-1727295336559@ecxfs.com&quot;,&quot;creation_time&quot;:&quot;2024-09-25T20:15:37.134+00:00&quot;,&quot;last_mod_time&quot;:&quot;2024-09-25T20:15:37.134+00:00&quot;},{&quot;userAddress&quot;:{&quot;addressId&quot;:228,&quot;plotNumber&quot;:&quot;pl-09&quot;,&quot;street&quot;:&quot;my Street&quot;,&quot;state&quot;:&quot;Texas&quot;,&quot;country&quot;:&quot;USA&quot;,&quot;zipCode&quot;:75068},&quot;user_id&quot;:261,&quot;user_first_name&quot;:&quot;Srikridfsdshna&quot;,&quot;user_last_name&quot;:&quot;zcgdfhdfgfhg&quot;,&quot;user_contact_number&quot;:4543478789,&quot;user_email_id&quot;:&quot;type@gmail.com&quot;,&quot;creation_time&quot;:&quot;2024-09-17T22:23:25.441+00:00&quot;,&quot;last_mod_time&quot;:&quot;2024-09-17T22:23:25.441+00:00&quot;},{&quot;userAddress&quot;:{&quot;addressId&quot;:229,&quot;plotNumber&quot;:&quot;sa-76&quot;,&quot;street&quot;:&quot;plum&quot;,&quot;state&quot;:&quot;tn&quot;,&quot;country&quot;:&quot;usa&quot;,&quot;zipCode&quot;:38017},&quot;user_id&quot;:262,&quot;user_first_name&quot;:&quot;Sandya&quot;,&quot;user_last_name&quot;:&quot;Ashok&quot;,&quot;user_contact_number&quot;:9012881084,&quot;user_email_id&quot;:&quot;sandyaash@gmail.com&quot;,&quot;creation_time&quot;:&quot;2024-09-17T22:37:51.994+00:00&quot;,&quot;last_mod_time&quot;:&quot;2024-09-17T22:37:51.994+00:00&quot;},{&quot;userAddress&quot;:{&quot;addressId&quot;:4505,&quot;plotNumber&quot;:&quot;p1-09&quot;,&quot;street&quot;:&quot;Main&quot;,&quot;state&quot;:&quot;NY&quot;,&quot;country&quot;:&quot;USA&quot;,&quot;zipCode&quot;:10901},&quot;user_id&quot;:4538,&quot;user_first_name&quot;:&quot;robr&quot;,&quot;user_last_name&quot;:&quot;api&quot;,&quot;user_contact_number&quot;:9248350780,&quot;user_email_id&quot;:&quot;robr.api@example.com&quot;,&quot;creation_time&quot;:&quot;2024-09-25T22:13:38.371+00:00&quot;,&quot;last_mod_time&quot;:&quot;2024-09-25T22:13:38.371+00:00&quot;},{&quot;userAddress&quot;:{&quot;addressId&quot;:231,&quot;plotNumber&quot;:&quot;pl-03&quot;,&quot;street&quot;:&quot;palmilla&quot;,&quot;state&quot;:&quot;Florida&quot;,&quot;country&quot;:&quot;USA&quot;,&quot;zipCode&quot;:77057},&quot;user_id&quot;:264,&quot;user_first_name&quot;:&quot;Tanvi&quot;,&quot;user_last_name&quot;:&quot;Jyoshith&quot;,&quot;user_contact_number&quot;:3578458901,&quot;user_email_id&quot;:&quot;Test988@gmail.com&quot;,&quot;creation_time&quot;:&quot;2024-09-17T22:49:05.492+00:00&quot;,&quot;last_mod_time&quot;:&quot;2024-09-17T22:49:05.492+00:00&quot;},{&quot;userAddress&quot;:{&quot;addressId&quot;:4506,&quot;plotNumber&quot;:&quot;p1-098&quot;,&quot;street&quot;:&quot;cxvbmnb &quot;,&quot;state&quot;:&quot;uibhjkl&quot;,&quot;country&quot;:&quot;USA&quot;,&quot;zipCode&quot;:90865},&quot;user_id&quot;:4539,&quot;user_first_name&quot;:&quot;betgpjk&quot;,&quot;user_last_name&quot;:&quot;vhklko&quot;,&quot;user_contact_number&quot;:1802144788,&quot;user_email_id&quot;:&quot;nijua.loj-1727302432930@ecxfs.com&quot;,&quot;creation_time&quot;:&quot;2024-09-25T22:13:53.570+00:00&quot;,&quot;last_mod_time&quot;:&quot;2024-09-25T22:13:53.570+00:00&quot;},{&quot;userAddress&quot;:{&quot;addressId&quot;:341,&quot;plotNumber&quot;:&quot;AS-23&quot;,&quot;street&quot;:&quot;Raymond St&quot;,&quot;state&quot;:&quot;NJ&quot;,&quot;country&quot;:&quot;USA&quot;,&quot;zipCode&quot;:0},&quot;user_id&quot;:374,&quot;user_first_name&quot;:&quot;teamFive&quot;,&quot;user_last_name&quot;:&quot;tester&quot;,&quot;user_contact_number&quot;:9876542210,&quot;user_email_id&quot;:&quot;teamfive@gmail.com&quot;,&quot;creation_time&quot;:&quot;2024-09-18T02:27:56.612+00:00&quot;,&quot;last_mod_time&quot;:&quot;2024-09-18T02:27:56.612+00:00&quot;},{&quot;userAddress&quot;:{&quot;addressId&quot;:342,&quot;plotNumber&quot;:&quot;AS-23&quot;,&quot;street&quot;:&quot;Raymond St&quot;,&quot;state&quot;:&quot;NJ&quot;,&quot;country&quot;:&quot;USA&quot;,&quot;zipCode&quot;:0},&quot;user_id&quot;:375,&quot;user_first_name&quot;:&quot;teamFive&quot;,&quot;user_last_name&quot;:&quot;tester&quot;,&quot;user_contact_number&quot;:9876502210,&quot;user_email_id&quot;:&quot;teamfivae@gmail.com&quot;,&quot;creation_time&quot;:&quot;2024-09-18T02:28:17.394+00:00&quot;,&quot;last_mod_time&quot;:&quot;2024-09-18T02:28:17.394+00:00&quot;},{&quot;userAddress&quot;:{&quot;addressId&quot;:241,&quot;plotNumber&quot;:&quot;4308-as&quot;,&quot;street&quot;:null,&quot;state&quot;:&quot;GA&quot;,&quot;country&quot;:null,&quot;zipCode&quot;:30338},&quot;user_id&quot;:274,&quot;user_first_name&quot;:&quot;emily&quot;,&quot;user_last_name&quot;:&quot;Stella&quot;,&quot;user_contact_number&quot;:3102774749,&quot;user_email_id&quot;:&quot;user_1726613521296@gmail.com&quot;,&quot;creation_time&quot;:&quot;2024-09-17T22:52:00.842+00:00&quot;,&quot;last_mod_time&quot;:&quot;2024-09-17T22:52:00.842+00:00&quot;},{&quot;userAddress&quot;:{&quot;addressId&quot;:346,&quot;plotNumber&quot;:&quot;3-8&quot;,&quot;street&quot;:null,&quot;state&quot;:&quot;KL&quot;,&quot;country&quot;:null,&quot;zipCode&quot;:123321},&quot;user_id&quot;:379,&quot;user_first_name&quot;:&quot;tina&quot;,&quot;user_last_name&quot;:&quot;Small&quot;,&quot;user_contact_number&quot;:1224567899,&quot;user_email_id&quot;:&quot;gs1@gmail.com&quot;,&quot;creation_time&quot;:&quot;2024-09-18T02:29:29.192+00:00&quot;,&quot;last_mod_time&quot;:&quot;2024-09-18T02:29:29.192+00:00&quot;},{&quot;userAddress&quot;:{&quot;addressId&quot;:826,&quot;plotNumber&quot;:&quot;p9-98&quot;,&quot;street&quot;:&quot;chg&quot;,&quot;state&quot;:&quot;hj&quot;,&quot;country&quot;:&quot;us&quot;,&quot;zipCode&quot;:98067},&quot;user_id&quot;:859,&quot;user_first_name&quot;:&quot;kliyt&quot;,&quot;user_last_name&quot;:&quot;sdfbj&quot;,&quot;user_contact_number&quot;:7865093429,&quot;user_email_id&quot;:&quot;vbn.fyhuj@example.com&quot;,&quot;creation_time&quot;:&quot;2024-09-19T18:12:31.766+00:00&quot;,&quot;last_mod_time&quot;:&quot;2024-09-19T18:12:31.766+00:00&quot;},{&quot;userAddress&quot;:{&quot;addressId&quot;:827,&quot;plotNumber&quot;:&quot;p9-98&quot;,&quot;street&quot;:&quot;chg&quot;,&quot;state&quot;:&quot;hj&quot;,&quot;country&quot;:&quot;us&quot;,&quot;zipCode&quot;:98067},&quot;user_id&quot;:860,&quot;user_first_name&quot;:&quot;kiyt&quot;,&quot;user_last_name&quot;:&quot;sdbj&quot;,&quot;user_contact_number&quot;:4865093429,&quot;user_email_id&quot;:&quot;vn.fyhuj@example.com&quot;,&quot;creation_time&quot;:&quot;2024-09-19T18:13:26.835+00:00&quot;,&quot;last_mod_time&quot;:&quot;2024-09-19T18:13:26.835+00:00&quot;},{&quot;userAddress&quot;:{&quot;addressId&quot;:8178,&quot;plotNumber&quot;:null,&quot;street&quot;:null,&quot;state&quot;:null,&quot;country&quot;:null,&quot;zipCode&quot;:null},&quot;user_id&quot;:8210,&quot;user_first_name&quot;:&quot;qfugdHCiEo&quot;,&quot;user_last_name&quot;:&quot;wHJVILgXmY&quot;,&quot;user_contact_number&quot;:7556982310,&quot;user_email_id&quot;:&quot;team2bnhmcmdil1ci@gmail.com&quot;,&quot;creation_time&quot;:&quot;2024-10-12T17:48:34.458+00:00&quot;,&quot;last_mod_time&quot;:&quot;2024-10-12T17:48:34.458+00:00&quot;},{&quot;userAddress&quot;:{&quot;addressId&quot;:8179,&quot;plotNumber&quot;:null,&quot;street&quot;:null,&quot;state&quot;:null,&quot;country&quot;:null,&quot;zipCode&quot;:null},&quot;user_id&quot;:8211,&quot;user_first_name&quot;:&quot;uzukPGmFcI&quot;,&quot;user_last_name&quot;:&quot;UfcfgKytoh&quot;,&quot;user_contact_number&quot;:2365027959,&quot;user_email_id&quot;:&quot;team2ppgp1fa8gm8@gmail.com&quot;,&quot;creation_time&quot;:&quot;2024-10-12T17:48:35.443+00:00&quot;,&quot;last_mod_time&quot;:&quot;2024-10-12T17:48:35.443+00:00&quot;},{&quot;userAddress&quot;:{&quot;addressId&quot;:842,&quot;plotNumber&quot;:&quot;p1-109&quot;,&quot;street&quot;:&quot;Main&quot;,&quot;state&quot;:&quot;NY&quot;,&quot;country&quot;:&quot;USA&quot;,&quot;zipCode&quot;:10971},&quot;user_id&quot;:875,&quot;user_first_name&quot;:&quot;Sthnnny&quot;,&quot;user_last_name&quot;:&quot;JoyDo&quot;,&quot;user_contact_number&quot;:1894907897,&quot;user_email_id&quot;:&quot;hnnny.JnDe@example.com&quot;,&quot;creation_time&quot;:&quot;2024-09-19T18:33:39.247+00:00&quot;,&quot;last_mod_time&quot;:&quot;2024-09-19T18:33:39.247+00:00&quot;},{&quot;userAddress&quot;:{&quot;addressId&quot;:843,&quot;plotNumber&quot;:null,&quot;street&quot;:null,&quot;state&quot;:&quot;CA&quot;,&quot;country&quot;:null,&quot;zipCode&quot;:12123},&quot;user_id&quot;:876,&quot;user_first_name&quot;:&quot;Anna&quot;,&quot;user_last_name&quot;:&quot;Doe&quot;,&quot;user_contact_number&quot;:1034569881,&quot;user_email_id&quot;:&quot;Ann.do@example.com&quot;,&quot;creation_time&quot;:&quot;2024-09-19T18:34:10.797+00:00&quot;,&quot;last_mod_time&quot;:&quot;2024-09-19T18:34:10.797+00:00&quot;},{&quot;userAddress&quot;:{&quot;addressId&quot;:765,&quot;plotNumber&quot;:&quot;10-E&quot;,&quot;street&quot;:&quot;Second St&quot;,&quot;state&quot;:&quot;OH&quot;,&quot;country&quot;:&quot;USA&quot;,&quot;zipCode&quot;:41050},&quot;user_id&quot;:798,&quot;user_first_name&quot;:&quot;mahesh&quot;,&quot;user_last_name&quot;:&quot;james&quot;,&quot;user_contact_number&quot;:5131129873,&quot;user_email_id&quot;:&quot;reetajames4@gmail.com&quot;,&quot;creation_time&quot;:&quot;2024-09-19T16:45:49.966+00:00&quot;,&quot;last_mod_time&quot;:&quot;2024-09-19T16:45:49.966+00:00&quot;},{&quot;userAddress&quot;:{&quot;addressId&quot;:3965,&quot;plotNumber&quot;:&quot;AB-383&quot;,&quot;street&quot;:&quot;Mockingbird way&quot;,&quot;state&quot;:&quot;OR&quot;,&quot;country&quot;:&quot;USA&quot;,&quot;zipCode&quot;:97007},&quot;user_id&quot;:3998,&quot;user_first_name&quot;:&quot;Andrea&quot;,&quot;user_last_name&quot;:&quot;Jerald&quot;,&quot;user_contact_number&quot;:9456745184,&quot;user_email_id&quot;:&quot;Andrea@gmail.com&quot;,&quot;creation_time&quot;:&quot;2024-09-23T16:35:07.283+00:00&quot;,&quot;last_mod_time&quot;:&quot;2024-09-23T16:35:07.283+00:00&quot;},{&quot;userAddress&quot;:{&quot;addressId&quot;:1374,&quot;plotNumber&quot;:&quot;A-282&quot;,&quot;street&quot;:&quot;BA dr&quot;,&quot;state&quot;:&quot;MA&quot;,&quot;country&quot;:&quot;USA&quot;,&quot;zipCode&quot;:69568},&quot;user_id&quot;:1407,&quot;user_first_name&quot;:&quot;Neha&quot;,&quot;user_last_name&quot;:&quot;wxyz&quot;,&quot;user_contact_number&quot;:7417598763,&quot;user_email_id&quot;:&quot;sbyz@gmail.com&quot;,&quot;creation_time&quot;:&quot;2024-09-20T18:25:16.793+00:00&quot;,&quot;last_mod_time&quot;:&quot;2024-09-20T18:25:16.793+00:00&quot;},{&quot;userAddress&quot;:{&quot;addressId&quot;:1923,&quot;plotNumber&quot;:&quot;pl-75&quot;,&quot;street&quot;:&quot;palmilla&quot;,&quot;state&quot;:&quot;Florida&quot;,&quot;country&quot;:&quot;USA&quot;,&quot;zipCode&quot;:324578},&quot;user_id&quot;:1956,&quot;user_first_name&quot;:&quot;NameFirs&quot;,&quot;user_last_name&quot;:&quot;NameLast&quot;,&quot;user_contact_number&quot;:2235577566,&quot;user_email_id&quot;:&quot;namefirst@gmail.com&quot;,&quot;creation_time&quot;:&quot;2024-09-21T13:47:54.530+00:00&quot;,&quot;last_mod_time&quot;:&quot;2024-09-21T13:57:15.043+00:00&quot;},{&quot;userAddress&quot;:{&quot;addressId&quot;:3117,&quot;plotNumber&quot;:&quot;pl-72&quot;,&quot;street&quot;:&quot;Broadway&quot;,&quot;state&quot;:&quot;New Jersey&quot;,&quot;country&quot;:&quot;USA&quot;,&quot;zipCode&quot;:72363},&quot;user_id&quot;:3150,&quot;user_first_name&quot;:&quot;randomFirstName&quot;,&quot;user_last_name&quot;:&quot;randomLastName&quot;,&quot;user_contact_number&quot;:4156312609,&quot;user_email_id&quot;:&quot;user581@example.com&quot;,&quot;creation_time&quot;:&quot;2024-09-23T02:31:23.162+00:00&quot;,&quot;last_mod_time&quot;:&quot;2024-09-23T02:31:23.162+00:00&quot;},{&quot;userAddress&quot;:{&quot;addressId&quot;:2483,&quot;plotNumber&quot;:&quot;KB-425&quot;,&quot;street&quot;:&quot;CT&quot;,&quot;state&quot;:&quot;WA&quot;,&quot;country&quot;:&quot;USA&quot;,&quot;zipCode&quot;:98052},&quot;user_id&quot;:2516,&quot;user_first_name&quot;:&quot;Kirano&quot;,&quot;user_last_name&quot;:&quot;Singho&quot;,&quot;user_contact_number&quot;:9952222222,&quot;user_email_id&quot;:&quot;kbalaharao@gmail.com&quot;,&quot;creation_time&quot;:&quot;2024-09-22T13:32:31.033+00:00&quot;,&quot;last_mod_time&quot;:&quot;2024-09-22T13:32:31.033+00:00&quot;},{&quot;userAddress&quot;:{&quot;addressId&quot;:2485,&quot;plotNumber&quot;:&quot;Y-23&quot;,&quot;street&quot;:&quot;Second St&quot;,&quot;state&quot;:&quot;New York&quot;,&quot;country&quot;:&quot;USA&quot;,&quot;zipCode&quot;:10001},&quot;user_id&quot;:2518,&quot;user_first_name&quot;:&quot;Gia&quot;,&quot;user_last_name&quot;:&quot;PHOSUKI&quot;,&quot;user_contact_number&quot;:1232222899,&quot;user_email_id&quot;:&quot;sumathi@hup.com&quot;,&quot;creation_time&quot;:&quot;2024-09-22T13:59:43.018+00:00&quot;,&quot;last_mod_time&quot;:&quot;2024-09-22T13:59:43.018+00:00&quot;},{&quot;userAddress&quot;:{&quot;addressId&quot;:2486,&quot;plotNumber&quot;:&quot;Y-23&quot;,&quot;street&quot;:&quot;Second St&quot;,&quot;state&quot;:&quot;New York&quot;,&quot;country&quot;:&quot;USA&quot;,&quot;zipCode&quot;:10001},&quot;user_id&quot;:2519,&quot;user_first_name&quot;:&quot;Gia&quot;,&quot;user_last_name&quot;:&quot;FHOSUKI&quot;,&quot;user_contact_number&quot;:1232227890,&quot;user_email_id&quot;:&quot;gia@hup.com&quot;,&quot;creation_time&quot;:&quot;2024-09-22T14:00:50.382+00:00&quot;,&quot;last_mod_time&quot;:&quot;2024-09-22T14:00:50.382+00:00&quot;},{&quot;userAddress&quot;:{&quot;addressId&quot;:623,&quot;plotNumber&quot;:&quot;R-201&quot;,&quot;street&quot;:&quot;parkerlind&quot;,&quot;state&quot;:&quot;NY&quot;,&quot;country&quot;:&quot;Canada&quot;,&quot;zipCode&quot;:76567},&quot;user_id&quot;:656,&quot;user_first_name&quot;:&quot;Gowthami&quot;,&quot;user_last_name&quot;:&quot;Addala&quot;,&quot;user_contact_number&quot;:4461236978,&quot;user_email_id&quot;:&quot;gdfgfhhji@gmail.com&quot;,&quot;creation_time&quot;:&quot;2024-09-19T03:35:30.820+00:00&quot;,&quot;last_mod_time&quot;:&quot;2024-09-23T20:26:16.306+00:00&quot;},{&quot;userAddress&quot;:{&quot;addressId&quot;:2594,&quot;plotNumber&quot;:&quot;pl-23&quot;,&quot;street&quot;:&quot;my Street&quot;,&quot;state&quot;:&quot;Texas&quot;,&quot;country&quot;:&quot;USA&quot;,&quot;zipCode&quot;:75068},&quot;user_id&quot;:2627,&quot;user_first_name&quot;:&quot;jkgdfdjkksdkv&quot;,&quot;user_last_name&quot;:&quot;zcghdfgfhg&quot;,&quot;user_contact_number&quot;:6778677778,&quot;user_email_id&quot;:&quot;tyfbghjhghje@gmail.com&quot;,&quot;creation_time&quot;:&quot;2024-09-22T17:33:10.807+00:00&quot;,&quot;last_mod_time&quot;:&quot;2024-09-22T17:33:10.807+00:00&quot;},{&quot;userAddress&quot;:{&quot;addressId&quot;:3845,&quot;plotNumber&quot;:&quot;4308-as&quot;,&quot;street&quot;:null,&quot;state&quot;:&quot;Ga&quot;,&quot;country&quot;:null,&quot;zipCode&quot;:30263},&quot;user_id&quot;:3878,&quot;user_first_name&quot;:&quot;Juda&quot;,&quot;user_last_name&quot;:&quot;Benhur&quot;,&quot;user_contact_number&quot;:9553097255,&quot;user_email_id&quot;:&quot;user_1727107556852@gmail.com&quot;,&quot;creation_time&quot;:&quot;2024-09-23T16:05:58.818+00:00&quot;,&quot;last_mod_time&quot;:&quot;2024-09-23T16:05:58.818+00:00&quot;},{&quot;userAddress&quot;:{&quot;addressId&quot;:3234,&quot;plotNumber&quot;:null,&quot;street&quot;:&quot;test&quot;,&quot;state&quot;:&quot;virginia&quot;,&quot;country&quot;:&quot;USA&quot;,&quot;zipCode&quot;:20166},&quot;user_id&quot;:3267,&quot;user_first_name&quot;:&quot;huma&quot;,&quot;user_last_name&quot;:&quot;rani&quot;,&quot;user_contact_number&quot;:5749339080,&quot;user_email_id&quot;:&quot;humarani1@cloud.com&quot;,&quot;creation_time&quot;:&quot;2024-09-23T03:54:50.055+00:00&quot;,&quot;last_mod_time&quot;:&quot;2024-09-23T03:54:50.055+00:00&quot;},{&quot;userAddress&quot;:{&quot;addressId&quot;:7287,&quot;plotNumber&quot;:&quot;AS-99&quot;,&quot;street&quot;:&quot;Gorniak&quot;,&quot;state&quot;:&quot;MI&quot;,&quot;country&quot;:&quot;USA&quot;,&quot;zipCode&quot;:7896},&quot;user_id&quot;:7320,&quot;user_first_name&quot;:&quot;TesterB&quot;,&quot;user_last_name&quot;:&quot;Numpy&quot;,&quot;user_contact_number&quot;:1237894565,&quot;user_email_id&quot;:&quot;testerlearner5@gmail.com&quot;,&quot;creation_time&quot;:&quot;2024-10-08T19:16:00.898+00:00&quot;,&quot;last_mod_time&quot;:&quot;2024-10-08T19:16:00.898+00:00&quot;},{&quot;userAddress&quot;:{&quot;addressId&quot;:3235,&quot;plotNumber&quot;:&quot;987-C&quot;,&quot;street&quot;:&quot;berry&quot;,&quot;state&quot;:&quot;tx&quot;,&quot;country&quot;:&quot;usa&quot;,&quot;zipCode&quot;:542576},&quot;user_id&quot;:3268,&quot;user_first_name&quot;:&quot;moni&quot;,&quot;user_last_name&quot;:&quot;john&quot;,&quot;user_contact_number&quot;:9736789543,&quot;user_email_id&quot;:&quot;join23@gmail.com&quot;,&quot;creation_time&quot;:&quot;2024-09-23T03:54:52.737+00:00&quot;,&quot;last_mod_time&quot;:&quot;2024-09-23T03:54:52.737+00:00&quot;},{&quot;userAddress&quot;:{&quot;addressId&quot;:3236,&quot;plotNumber&quot;:&quot;987-C&quot;,&quot;street&quot;:&quot;neom&quot;,&quot;state&quot;:&quot;michigan&quot;,&quot;country&quot;:&quot;usa&quot;,&quot;zipCode&quot;:null},&quot;user_id&quot;:3269,&quot;user_first_name&quot;:&quot;street&quot;,&quot;user_last_name&quot;:&quot;col&quot;,&quot;user_contact_number&quot;:6538976553,&quot;user_email_id&quot;:&quot;colstee@gmail.com&quot;,&quot;creation_time&quot;:&quot;2024-09-23T03:54:56.206+00:00&quot;,&quot;last_mod_time&quot;:&quot;2024-09-23T03:54:56.206+00:00&quot;},{&quot;userAddress&quot;:{&quot;addressId&quot;:8336,&quot;plotNumber&quot;:&quot;P1-10&quot;,&quot;street&quot;:&quot;Ludie Rest&quot;,&quot;state&quot;:&quot;TX&quot;,&quot;country&quot;:&quot;USA&quot;,&quot;zipCode&quot;:12356},&quot;user_id&quot;:8368,&quot;user_first_name&quot;:&quot;Jerrell&quot;,&quot;user_last_name&quot;:&quot;Koss&quot;,&quot;user_contact_number&quot;:3607896163,&quot;user_email_id&quot;:&quot;Sarah_Spencer27@gmail.com&quot;,&quot;creation_time&quot;:&quot;2024-10-12T21:40:12.962+00:00&quot;,&quot;last_mod_time&quot;:&quot;2024-10-12T21:40:12.962+00:00&quot;},{&quot;userAddress&quot;:{&quot;addressId&quot;:1874,&quot;plotNumber&quot;:&quot;a-024&quot;,&quot;street&quot;:&quot;street&quot;,&quot;state&quot;:&quot;TX&quot;,&quot;country&quot;:&quot;US&quot;,&quot;zipCode&quot;:10700},&quot;user_id&quot;:1907,&quot;user_first_name&quot;:&quot;Natasha&quot;,&quot;user_last_name&quot;:&quot;gupta&quot;,&quot;user_contact_number&quot;:4392339966,&quot;user_email_id&quot;:&quot;natasha123g@gmail.com&quot;,&quot;creation_time&quot;:&quot;2024-09-21T05:59:23.764+00:00&quot;,&quot;last_mod_time&quot;:&quot;2024-09-21T05:59:23.764+00:00&quot;},{&quot;userAddress&quot;:{&quot;addressId&quot;:3237,&quot;plotNumber&quot;:&quot;897-T&quot;,&quot;street&quot;:&quot;creek&quot;,&quot;state&quot;:&quot;illnois&quot;,&quot;country&quot;:&quot;usa&quot;,&quot;zipCode&quot;:98765},&quot;user_id&quot;:3270,&quot;user_first_name&quot;:&quot;sai&quot;,&quot;user_last_name&quot;:&quot;ken&quot;,&quot;user_contact_number&quot;:2429874351,&quot;user_email_id&quot;:&quot;pleramr87@gmail.com&quot;,&quot;creation_time&quot;:&quot;2024-09-23T03:57:29.490+00:00&quot;,&quot;last_mod_time&quot;:&quot;2024-09-23T03:57:29.490+00:00&quot;},{&quot;userAddress&quot;:{&quot;addressId&quot;:3699,&quot;plotNumber&quot;:&quot;p1-68&quot;,&quot;street&quot;:&quot;vail rd&quot;,&quot;state&quot;:&quot;nj&quot;,&quot;country&quot;:&quot;usa&quot;,&quot;zipCode&quot;:7012},&quot;user_id&quot;:3732,&quot;user_first_name&quot;:&quot;Swamy&quot;,&quot;user_last_name&quot;:&quot;Anand&quot;,&quot;user_contact_number&quot;:9944335566,&quot;user_email_id&quot;:&quot;ghiuytr89@gmail.com&quot;,&quot;creation_time&quot;:&quot;2024-09-23T15:28:54.716+00:00&quot;,&quot;last_mod_time&quot;:&quot;2024-09-23T15:28:54.716+00:00&quot;},{&quot;userAddress&quot;:{&quot;addressId&quot;:4391,&quot;plotNumber&quot;:&quot;V-37&quot;,&quot;street&quot;:null,&quot;state&quot;:&quot;NY&quot;,&quot;country&quot;:null,&quot;zipCode&quot;:null},&quot;user_id&quot;:4424,&quot;user_first_name&quot;:&quot;Ajex&quot;,&quot;user_last_name&quot;:&quot;abc&quot;,&quot;user_contact_number&quot;:2015284413,&quot;user_email_id&quot;:&quot;ajexab285@gmail.com&quot;,&quot;creation_time&quot;:&quot;2024-09-25T13:53:43.695+00:00&quot;,&quot;last_mod_time&quot;:&quot;2024-09-25T13:53:43.695+00:00&quot;},{&quot;userAddress&quot;:{&quot;addressId&quot;:1736,&quot;plotNumber&quot;:&quot;B-742&quot;,&quot;street&quot;:&quot;Sycamore Dr&quot;,&quot;state&quot;:&quot;Ohio&quot;,&quot;country&quot;:&quot;USA&quot;,&quot;zipCode&quot;:43025615},&quot;user_id&quot;:1769,&quot;user_first_name&quot;:&quot;Naira&quot;,&quot;user_last_name&quot;:&quot;kat&quot;,&quot;user_contact_number&quot;:5439870654,&quot;user_email_id&quot;:&quot;kat@gmail.com&quot;,&quot;creation_time&quot;:&quot;2024-09-21T00:13:10.200+00:00&quot;,&quot;last_mod_time&quot;:&quot;2024-09-21T00:13:10.200+00:00&quot;},{&quot;userAddress&quot;:{&quot;addressId&quot;:2552,&quot;plotNumber&quot;:&quot;pl-51&quot;,&quot;street&quot;:&quot;vail rd&quot;,&quot;state&quot;:&quot;nj&quot;,&quot;country&quot;:&quot;usa&quot;,&quot;zipCode&quot;:54321},&quot;user_id&quot;:2585,&quot;user_first_name&quot;:&quot;smithatset&quot;,&quot;user_last_name&quot;:&quot;dmaanj&quot;,&quot;user_contact_number&quot;:3300031145,&quot;user_email_id&quot;:&quot;ss315team5@gmail.com&quot;,&quot;creation_time&quot;:&quot;2024-09-22T16:27:04.306+00:00&quot;,&quot;last_mod_time&quot;:&quot;2024-09-22T16:27:04.306+00:00&quot;},{&quot;userAddress&quot;:{&quot;addressId&quot;:4216,&quot;plotNumber&quot;:null,&quot;street&quot;:&quot;test&quot;,&quot;state&quot;:&quot;virginia&quot;,&quot;country&quot;:&quot;USA&quot;,&quot;zipCode&quot;:201476767},&quot;user_id&quot;:4249,&quot;user_first_name&quot;:&quot;reshmak&quot;,&quot;user_last_name&quot;:&quot;rani&quot;,&quot;user_contact_number&quot;:8223397080,&quot;user_email_id&quot;:&quot;humerani8@icloud.com&quot;,&quot;creation_time&quot;:&quot;2024-09-23T18:31:01.813+00:00&quot;,&quot;last_mod_time&quot;:&quot;2024-09-23T18:31:01.813+00:00&quot;},{&quot;userAddress&quot;:{&quot;addressId&quot;:378,&quot;plotNumber&quot;:&quot;pl-373&quot;,&quot;street&quot;:&quot;Cypress&quot;,&quot;state&quot;:&quot;Atlanta&quot;,&quot;country&quot;:&quot;USA&quot;,&quot;zipCode&quot;:30026},&quot;user_id&quot;:411,&quot;user_first_name&quot;:&quot;Ravii&quot;,&quot;user_last_name&quot;:&quot;Rao&quot;,&quot;user_contact_number&quot;:1219352803,&quot;user_email_id&quot;:&quot;Ra9@gmail.com&quot;,&quot;creation_time&quot;:&quot;2024-09-18T02:47:15.445+00:00&quot;,&quot;last_mod_time&quot;:&quot;2024-09-21T03:34:12.442+00:00&quot;},{&quot;userAddress&quot;:{&quot;addressId&quot;:1347,&quot;plotNumber&quot;:&quot;13-abd&quot;,&quot;street&quot;:&quot;abc street&quot;,&quot;state&quot;:&quot;Abc&quot;,&quot;country&quot;:&quot;United states&quot;,&quot;zipCode&quot;:756765},&quot;user_id&quot;:1380,&quot;user_first_name&quot;:&quot;Bharathi&quot;,&quot;user_last_name&quot;:&quot;Chandrasekar&quot;,&quot;user_contact_number&quot;:4767657787,&quot;user_email_id&quot;:&quot;Bharathi@gmail.com&quot;,&quot;creation_time&quot;:&quot;2024-09-20T18:01:11.408+00:00&quot;,&quot;last_mod_time&quot;:&quot;2024-09-20T18:01:11.408+00:00&quot;},{&quot;userAddress&quot;:{&quot;addressId&quot;:1377,&quot;plotNumber&quot;:&quot;G-121&quot;,&quot;street&quot;:&quot;MGRoad&quot;,&quot;state&quot;:&quot;KA&quot;,&quot;country&quot;:&quot;Uk&quot;,&quot;zipCode&quot;:0},&quot;user_id&quot;:1410,&quot;user_first_name&quot;:&quot;Rom&quot;,&quot;user_last_name&quot;:&quot;Hitz&quot;,&quot;user_contact_number&quot;:3783457539,&quot;user_email_id&quot;:&quot;rom@nn.com&quot;,&quot;creation_time&quot;:&quot;2024-09-20T18:27:36.098+00:00&quot;,&quot;last_mod_time&quot;:&quot;2024-09-20T18:27:36.098+00:00&quot;},{&quot;userAddress&quot;:{&quot;addressId&quot;:4217,&quot;plotNumber&quot;:&quot;J-26&quot;,&quot;street&quot;:&quot;Jhonson Ferry&quot;,&quot;state&quot;:&quot;GA&quot;,&quot;country&quot;:&quot;USA&quot;,&quot;zipCode&quot;:300007},&quot;user_id&quot;:4250,&quot;user_first_name&quot;:&quot;Karthi&quot;,&quot;user_last_name&quot;:&quot;Mari&quot;,&quot;user_contact_number&quot;:7812345678,&quot;user_email_id&quot;:&quot;ABC@gmail.com&quot;,&quot;creation_time&quot;:&quot;2024-09-23T18:31:12.985+00:00&quot;,&quot;last_mod_time&quot;:&quot;2024-09-23T18:31:12.985+00:00&quot;},{&quot;userAddress&quot;:{&quot;addressId&quot;:4392,&quot;plotNumber&quot;:&quot;Bt-11&quot;,&quot;street&quot;:&quot;First St&quot;,&quot;state&quot;:&quot;Texas&quot;,&quot;country&quot;:&quot;USA&quot;,&quot;zipCode&quot;:54657},&quot;user_id&quot;:4425,&quot;user_first_name&quot;:&quot;Newfirstname&quot;,&quot;user_last_name&quot;:&quot;lastTrial&quot;,&quot;user_contact_number&quot;:1811986618,&quot;user_email_id&quot;:&quot;tommyo11nk0310g7@gmail.com&quot;,&quot;creation_time&quot;:&quot;2024-09-25T13:57:38.449+00:00&quot;,&quot;last_mod_time&quot;:&quot;2024-09-25T13:57:38.449+00:00&quot;},{&quot;userAddress&quot;:{&quot;addressId&quot;:5018,&quot;plotNumber&quot;:&quot;442-r&quot;,&quot;street&quot;:&quot;mainlane&quot;,&quot;state&quot;:&quot;NY&quot;,&quot;country&quot;:&quot;USA&quot;,&quot;zipCode&quot;:7816},&quot;user_id&quot;:5051,&quot;user_first_name&quot;:&quot;kuttan&quot;,&quot;user_last_name&quot;:&quot;vel&quot;,&quot;user_contact_number&quot;:1213141516,&quot;user_email_id&quot;:&quot;kuttan@gmail.com&quot;,&quot;creation_time&quot;:&quot;2024-09-26T19:35:12.362+00:00&quot;,&quot;last_mod_time&quot;:&quot;2024-09-26T19:35:12.362+00:00&quot;},{&quot;userAddress&quot;:{&quot;addressId&quot;:816,&quot;plotNumber&quot;:&quot;Bl-02&quot;,&quot;street&quot;:null,&quot;state&quot;:&quot;California&quot;,&quot;country&quot;:null,&quot;zipCode&quot;:32126},&quot;user_id&quot;:849,&quot;user_first_name&quot;:&quot;Eva&quot;,&quot;user_last_name&quot;:&quot;Thomas&quot;,&quot;user_contact_number&quot;:9624320008,&quot;user_email_id&quot;:&quot;Team4evathomas@gmail.com&quot;,&quot;creation_time&quot;:&quot;2024-09-19T17:51:03.048+00:00&quot;,&quot;last_mod_time&quot;:&quot;2024-09-19T17:51:03.048+00:00&quot;},{&quot;userAddress&quot;:{&quot;addressId&quot;:8974,&quot;plotNumber&quot;:&quot;Bt-11&quot;,&quot;street&quot;:&quot;First St&quot;,&quot;state&quot;:&quot;Texas&quot;,&quot;country&quot;:&quot;USA&quot;,&quot;zipCode&quot;:54877},&quot;user_id&quot;:9006,&quot;user_first_name&quot;:&quot;Teamthree&quot;,&quot;user_last_name&quot;:&quot;lastName&quot;,&quot;user_contact_number&quot;:2495151790,&quot;user_email_id&quot;:&quot;Team36m361l3bo6dm@gmail.com&quot;,&quot;creation_time&quot;:&quot;2024-10-13T23:00:08.433+00:00&quot;,&quot;last_mod_time&quot;:&quot;2024-10-13T23:00:08.433+00:00&quot;},{&quot;userAddress&quot;:{&quot;addressId&quot;:10107,&quot;plotNumber&quot;:&quot;P1-11&quot;,&quot;street&quot;:&quot;Main&quot;,&quot;state&quot;:&quot;LA&quot;,&quot;country&quot;:&quot;USA&quot;,&quot;zipCode&quot;:20878},&quot;user_id&quot;:10139,&quot;user_first_name&quot;:&quot;lavanya&quot;,&quot;user_last_name&quot;:&quot;John&quot;,&quot;user_contact_number&quot;:9491934456,&quot;user_email_id&quot;:&quot;Team03LyJohy@gmail.com&quot;,&quot;creation_time&quot;:&quot;2024-10-15T22:36:04.708+00:00&quot;,&quot;last_mod_time&quot;:&quot;2024-10-15T22:36:04.708+00:00&quot;},{&quot;userAddress&quot;:{&quot;addressId&quot;:278,&quot;plotNumber&quot;:&quot;A-122&quot;,&quot;street&quot;:&quot;aaaaa&quot;,&quot;state&quot;:null,&quot;country&quot;:&quot;canada&quot;,&quot;zipCode&quot;:123456},&quot;user_id&quot;:311,&quot;user_first_name&quot;:&quot;acgh&quot;,&quot;user_last_name&quot;:&quot;aaaa&quot;,&quot;user_contact_number&quot;:1778727142,&quot;user_email_id&quot;:&quot;avrvba@gmail.COM&quot;,&quot;creation_time&quot;:&quot;2024-09-17T23:56:26.584+00:00&quot;,&quot;last_mod_time&quot;:&quot;2024-09-17T23:56:26.584+00:00&quot;},{&quot;userAddress&quot;:{&quot;addressId&quot;:279,&quot;plotNumber&quot;:&quot;A-122&quot;,&quot;street&quot;:&quot;aaaaa&quot;,&quot;state&quot;:null,&quot;country&quot;:&quot;canada&quot;,&quot;zipCode&quot;:123456},&quot;user_id&quot;:312,&quot;user_first_name&quot;:&quot;dev&quot;,&quot;user_last_name&quot;:&quot;ash&quot;,&quot;user_contact_number&quot;:1978727142,&quot;user_email_id&quot;:&quot;hkrc@gmail.COM&quot;,&quot;creation_time&quot;:&quot;2024-09-17T23:58:47.177+00:00&quot;,&quot;last_mod_time&quot;:&quot;2024-09-17T23:58:47.177+00:00&quot;},{&quot;userAddress&quot;:{&quot;addressId&quot;:280,&quot;plotNumber&quot;:&quot;A-122&quot;,&quot;street&quot;:&quot;aaaaa&quot;,&quot;state&quot;:null,&quot;country&quot;:&quot;canada&quot;,&quot;zipCode&quot;:123456},&quot;user_id&quot;:313,&quot;user_first_name&quot;:&quot;dev&quot;,&quot;user_last_name&quot;:&quot;ash&quot;,&quot;user_contact_number&quot;:1971727142,&quot;user_email_id&quot;:&quot;hkrtc@gmail.COM&quot;,&quot;creation_time&quot;:&quot;2024-09-17T23:59:21.485+00:00&quot;,&quot;last_mod_time&quot;:&quot;2024-09-17T23:59:21.485+00:00&quot;},{&quot;userAddress&quot;:{&quot;addressId&quot;:281,&quot;plotNumber&quot;:&quot;pl-09&quot;,&quot;street&quot;:&quot;my Street&quot;,&quot;state&quot;:&quot;Texas&quot;,&quot;country&quot;:&quot;USA&quot;,&quot;zipCode&quot;:75068},&quot;user_id&quot;:314,&quot;user_first_name&quot;:&quot;dnsjfg&quot;,&quot;user_last_name&quot;:&quot;zcgdfhdfgfhg&quot;,&quot;user_contact_number&quot;:4543478728,&quot;user_email_id&quot;:&quot;ty1223dgpe@gmail.com&quot;,&quot;creation_time&quot;:&quot;2024-09-18T00:00:49.246+00:00&quot;,&quot;last_mod_time&quot;:&quot;2024-09-18T00:00:49.246+00:00&quot;},{&quot;userAddress&quot;:{&quot;addressId&quot;:282,&quot;plotNumber&quot;:&quot;AKM-234&quot;,&quot;street&quot;:&quot;AAA&quot;,&quot;state&quot;:null,&quot;country&quot;:&quot;AAS&quot;,&quot;zipCode&quot;:null},&quot;user_id&quot;:315,&quot;user_first_name&quot;:&quot;dev&quot;,&quot;user_last_name&quot;:&quot;ash&quot;,&quot;user_contact_number&quot;:1371727142,&quot;user_email_id&quot;:&quot;hkrtcd@gmail.COM&quot;,&quot;creation_time&quot;:&quot;2024-09-18T00:11:59.132+00:00&quot;,&quot;last_mod_time&quot;:&quot;2024-09-18T00:11:59.132+00:00&quot;},{&quot;userAddress&quot;:{&quot;addressId&quot;:283,&quot;plotNumber&quot;:&quot;aj-jj&quot;,&quot;street&quot;:&quot;tyrrydghv&quot;,&quot;state&quot;:null,&quot;country&quot;:&quot;huh&quot;,&quot;zipCode&quot;:null},&quot;user_id&quot;:316,&quot;user_first_name&quot;:&quot;dev&quot;,&quot;user_last_name&quot;:&quot;ash&quot;,&quot;user_contact_number&quot;:1371797142,&quot;user_email_id&quot;:&quot;hkrt@gmail.COM&quot;,&quot;creation_time&quot;:&quot;2024-09-18T00:16:09.067+00:00&quot;,&quot;last_mod_time&quot;:&quot;2024-09-18T00:16:09.067+00:00&quot;},{&quot;userAddress&quot;:{&quot;addressId&quot;:2711,&quot;plotNumber&quot;:&quot;a-30&quot;,&quot;street&quot;:&quot;DISNEY STREET&quot;,&quot;state&quot;:&quot;FL&quot;,&quot;country&quot;:&quot;usa&quot;,&quot;zipCode&quot;:76761456},&quot;user_id&quot;:2744,&quot;user_first_name&quot;:&quot;flu&quot;,&quot;user_last_name&quot;:&quot;SINGH&quot;,&quot;user_contact_number&quot;:1234567982,&quot;user_email_id&quot;:&quot;sumona12@gmail.com&quot;,&quot;creation_time&quot;:&quot;2024-09-22T20:23:13.468+00:00&quot;,&quot;last_mod_time&quot;:&quot;2024-09-22T20:23:13.468+00:00&quot;},{&quot;userAddress&quot;:{&quot;addressId&quot;:4442,&quot;plotNumber&quot;:&quot;pl-12&quot;,&quot;street&quot;:null,&quot;state&quot;:&quot;CA&quot;,&quot;country&quot;:null,&quot;zipCode&quot;:12345},&quot;user_id&quot;:4475,&quot;user_first_name&quot;:&quot;newname&quot;,&quot;user_last_name&quot;:&quot;lastnewneme&quot;,&quot;user_contact_number&quot;:1100220033,&quot;user_email_id&quot;:&quot;newname@example.com&quot;,&quot;creation_time&quot;:&quot;2024-09-25T19:03:18.694+00:00&quot;,&quot;last_mod_time&quot;:&quot;2024-09-25T19:03:18.694+00:00&quot;},{&quot;userAddress&quot;:{&quot;addressId&quot;:286,&quot;plotNumber&quot;:&quot;ytyut-76&quot;,&quot;street&quot;:&quot;tyrrydghv&quot;,&quot;state&quot;:null,&quot;country&quot;:&quot;huh&quot;,&quot;zipCode&quot;:null},&quot;user_id&quot;:319,&quot;user_first_name&quot;:&quot;BAJJL&quot;,&quot;user_last_name&quot;:&quot;ashNB&quot;,&quot;user_contact_number&quot;:1071797142,&quot;user_email_id&quot;:&quot;hkrtcjn@gmail.COM&quot;,&quot;creation_time&quot;:&quot;2024-09-18T00:37:21.233+00:00&quot;,&quot;last_mod_time&quot;:&quot;2024-09-18T00:37:21.233+00:00&quot;},{&quot;userAddress&quot;:{&quot;addressId&quot;:4468,&quot;plotNumber&quot;:&quot;N-47&quot;,&quot;street&quot;:&quot;range&quot;,&quot;state&quot;:&quot;NJ&quot;,&quot;country&quot;:&quot;USA&quot;,&quot;zipCode&quot;:3867},&quot;user_id&quot;:4501,&quot;user_first_name&quot;:&quot;Alexa&quot;,&quot;user_last_name&quot;:&quot;gmail&quot;,&quot;user_contact_number&quot;:2067102376,&quot;user_email_id&quot;:&quot;alexag7183@gmail.com&quot;,&quot;creation_time&quot;:&quot;2024-09-25T20:18:01.168+00:00&quot;,&quot;last_mod_time&quot;:&quot;2024-09-25T20:18:01.168+00:00&quot;},{&quot;userAddress&quot;:{&quot;addressId&quot;:3598,&quot;plotNumber&quot;:null,&quot;street&quot;:&quot;test&quot;,&quot;state&quot;:&quot;virginia&quot;,&quot;country&quot;:&quot;USA&quot;,&quot;zipCode&quot;:22},&quot;user_id&quot;:3631,&quot;user_first_name&quot;:&quot;Seema&quot;,&quot;user_last_name&quot;:&quot;Hassan&quot;,&quot;user_contact_number&quot;:5972339080,&quot;user_email_id&quot;:&quot;humarani8@cloud.com&quot;,&quot;creation_time&quot;:&quot;2024-09-23T14:24:22.728+00:00&quot;,&quot;last_mod_time&quot;:&quot;2024-09-23T14:24:22.728+00:00&quot;},{&quot;userAddress&quot;:{&quot;addressId&quot;:5785,&quot;plotNumber&quot;:&quot;p1-098&quot;,&quot;street&quot;:&quot;cxvbmnb &quot;,&quot;state&quot;:&quot;uibhjkl&quot;,&quot;country&quot;:&quot;USA&quot;,&quot;zipCode&quot;:90865},&quot;user_id&quot;:5818,&quot;user_first_name&quot;:&quot;bpghkhjd&quot;,&quot;user_last_name&quot;:&quot;vhdbhjfg&quot;,&quot;user_contact_number&quot;:1651154343,&quot;user_email_id&quot;:&quot;nijua.loj-1727454999355@ecxfs.com&quot;,&quot;creation_time&quot;:&quot;2024-09-27T16:36:39.819+00:00&quot;,&quot;last_mod_time&quot;:&quot;2024-09-27T16:36:39.819+00:00&quot;},{&quot;userAddress&quot;:{&quot;addressId&quot;:10108,&quot;plotNumber&quot;:&quot;P1-12&quot;,&quot;street&quot;:&quot;Main&quot;,&quot;state&quot;:&quot;CA&quot;,&quot;country&quot;:&quot;USA&quot;,&quot;zipCode&quot;:20875},&quot;user_id&quot;:10140,&quot;user_first_name&quot;:&quot;Alice&quot;,&quot;user_last_name&quot;:&quot;Johnson&quot;,&quot;user_contact_number&quot;:1003777222,&quot;user_email_id&quot;:&quot;AcJohn@example.com&quot;,&quot;creation_time&quot;:&quot;2024-10-15T22:36:04.911+00:00&quot;,&quot;last_mod_time&quot;:&quot;2024-10-15T22:36:04.911+00:00&quot;},{&quot;userAddress&quot;:{&quot;addressId&quot;:4508,&quot;plotNumber&quot;:&quot;p1-098&quot;,&quot;street&quot;:&quot;cxvbmnb &quot;,&quot;state&quot;:&quot;uibhjkl&quot;,&quot;country&quot;:&quot;USA&quot;,&quot;zipCode&quot;:90865},&quot;user_id&quot;:4541,&quot;user_first_name&quot;:&quot;betgoppjk&quot;,&quot;user_last_name&quot;:&quot;vhklkhjo&quot;,&quot;user_contact_number&quot;:1376250958,&quot;user_email_id&quot;:&quot;nijua.loj-1727302810899@ecxfs.com&quot;,&quot;creation_time&quot;:&quot;2024-09-25T22:20:11.476+00:00&quot;,&quot;last_mod_time&quot;:&quot;2024-09-25T22:20:11.476+00:00&quot;},{&quot;userAddress&quot;:{&quot;addressId&quot;:3139,&quot;plotNumber&quot;:&quot;pl-72&quot;,&quot;street&quot;:&quot;Broadway&quot;,&quot;state&quot;:&quot;New Jersey&quot;,&quot;country&quot;:&quot;USA&quot;,&quot;zipCode&quot;:72363},&quot;user_id&quot;:3172,&quot;user_first_name&quot;:&quot;randomFirstName&quot;,&quot;user_last_name&quot;:&quot;randomLastName&quot;,&quot;user_contact_number&quot;:3950309585,&quot;user_email_id&quot;:&quot;user256@example.com&quot;,&quot;creation_time&quot;:&quot;2024-09-23T02:45:15.763+00:00&quot;,&quot;last_mod_time&quot;:&quot;2024-09-23T02:45:15.763+00:00&quot;},{&quot;userAddress&quot;:{&quot;addressId&quot;:832,&quot;plotNumber&quot;:&quot;p1-899&quot;,&quot;street&quot;:&quot;Main&quot;,&quot;state&quot;:&quot;NY&quot;,&quot;country&quot;:&quot;USA&quot;,&quot;zipCode&quot;:10901},&quot;user_id&quot;:865,&quot;user_first_name&quot;:&quot;Janesmith&quot;,&quot;user_last_name&quot;:&quot;Smithdoe&quot;,&quot;user_contact_number&quot;:8934567897,&quot;user_email_id&quot;:&quot;johnnn.Smithdoe@example.com&quot;,&quot;creation_time&quot;:&quot;2024-09-19T18:23:36.347+00:00&quot;,&quot;last_mod_time&quot;:&quot;2024-09-19T18:23:36.347+00:00&quot;},{&quot;userAddress&quot;:{&quot;addressId&quot;:833,&quot;plotNumber&quot;:&quot;p1-109&quot;,&quot;street&quot;:&quot;Main&quot;,&quot;state&quot;:&quot;NY&quot;,&quot;country&quot;:&quot;USA&quot;,&quot;zipCode&quot;:10971},&quot;user_id&quot;:866,&quot;user_first_name&quot;:&quot;SmithJohnnny&quot;,&quot;user_last_name&quot;:&quot;JonnyDoe&quot;,&quot;user_contact_number&quot;:1894567897,&quot;user_email_id&quot;:&quot;ohnnny.JonnyDoe@example.com&quot;,&quot;creation_time&quot;:&quot;2024-09-19T18:23:36.516+00:00&quot;,&quot;last_mod_time&quot;:&quot;2024-09-19T18:23:36.516+00:00&quot;},{&quot;userAddress&quot;:{&quot;addressId&quot;:4509,&quot;plotNumber&quot;:&quot;p1-09&quot;,&quot;street&quot;:&quot;Main&quot;,&quot;state&quot;:&quot;NY&quot;,&quot;country&quot;:&quot;USA&quot;,&quot;zipCode&quot;:10901},&quot;user_id&quot;:4542,&quot;user_first_name&quot;:&quot;api&quot;,&quot;user_last_name&quot;:&quot;robr&quot;,&quot;user_contact_number&quot;:9248350456,&quot;user_email_id&quot;:&quot;api.robr@example.com&quot;,&quot;creation_time&quot;:&quot;2024-09-25T22:29:07.966+00:00&quot;,&quot;last_mod_time&quot;:&quot;2024-09-25T22:29:07.966+00:00&quot;},{&quot;userAddress&quot;:{&quot;addressId&quot;:840,&quot;plotNumber&quot;:&quot;p1-129&quot;,&quot;street&quot;:&quot;Main&quot;,&quot;state&quot;:&quot;NY&quot;,&quot;country&quot;:&quot;USA&quot;,&quot;zipCode&quot;:90901},&quot;user_id&quot;:873,&quot;user_first_name&quot;:&quot;Jnjk&quot;,&quot;user_last_name&quot;:&quot;Desmmth&quot;,&quot;user_contact_number&quot;:1899578899,&quot;user_email_id&quot;:&quot;johny.smth@example.com&quot;,&quot;creation_time&quot;:&quot;2024-09-19T18:33:38.885+00:00&quot;,&quot;last_mod_time&quot;:&quot;2024-09-19T18:33:38.885+00:00&quot;},{&quot;userAddress&quot;:{&quot;addressId&quot;:841,&quot;plotNumber&quot;:&quot;p1-899&quot;,&quot;street&quot;:&quot;Main&quot;,&quot;state&quot;:&quot;NY&quot;,&quot;country&quot;:&quot;USA&quot;,&quot;zipCode&quot;:10901},&quot;user_id&quot;:874,&quot;user_first_name&quot;:&quot;nemit&quot;,&quot;user_last_name&quot;:&quot;Shd&quot;,&quot;user_contact_number&quot;:8938907899,&quot;user_email_id&quot;:&quot;jon.Sithoe@example.com&quot;,&quot;creation_time&quot;:&quot;2024-09-19T18:33:39.048+00:00&quot;,&quot;last_mod_time&quot;:&quot;2024-09-19T18:33:39.048+00:00&quot;},{&quot;userAddress&quot;:{&quot;addressId&quot;:8081,&quot;plotNumber&quot;:&quot;P1-10&quot;,&quot;street&quot;:&quot;Destinee Ways&quot;,&quot;state&quot;:&quot;TX&quot;,&quot;country&quot;:&quot;USA&quot;,&quot;zipCode&quot;:12356},&quot;user_id&quot;:8113,&quot;user_first_name&quot;:&quot;Yoshiko&quot;,&quot;user_last_name&quot;:&quot;Hackett&quot;,&quot;user_contact_number&quot;:3607896116,&quot;user_email_id&quot;:&quot;Arturo72@yahoo.com&quot;,&quot;creation_time&quot;:&quot;2024-10-12T04:28:31.333+00:00&quot;,&quot;last_mod_time&quot;:&quot;2024-10-12T04:28:31.333+00:00&quot;},{&quot;userAddress&quot;:{&quot;addressId&quot;:644,&quot;plotNumber&quot;:&quot;A-2112&quot;,&quot;street&quot;:&quot;Stone&quot;,&quot;state&quot;:&quot;Atlanta&quot;,&quot;country&quot;:&quot;USA&quot;,&quot;zipCode&quot;:12345},&quot;user_id&quot;:677,&quot;user_first_name&quot;:&quot;Carlos&quot;,&quot;user_last_name&quot;:&quot;Maxwell&quot;,&quot;user_contact_number&quot;:9992224444,&quot;user_email_id&quot;:&quot;carlos@gmail.com&quot;,&quot;creation_time&quot;:&quot;2024-09-19T06:26:40.959+00:00&quot;,&quot;last_mod_time&quot;:&quot;2024-09-19T20:08:27.612+00:00&quot;},{&quot;userAddress&quot;:{&quot;addressId&quot;:458,&quot;plotNumber&quot;:null,&quot;street&quot;:null,&quot;state&quot;:null,&quot;country&quot;:null,&quot;zipCode&quot;:null},&quot;user_id&quot;:491,&quot;user_first_name&quot;:&quot;hhpyip&quot;,&quot;user_last_name&quot;:&quot;DnikPpyi&quot;,&quot;user_contact_number&quot;:9729910987,&quot;user_email_id&quot;:&quot;pIaty.mj@example.com&quot;,&quot;creation_time&quot;:&quot;2024-09-18T16:36:00.192+00:00&quot;,&quot;last_mod_time&quot;:&quot;2024-09-18T16:36:00.192+00:00&quot;},{&quot;userAddress&quot;:{&quot;addressId&quot;:1418,&quot;plotNumber&quot;:&quot;p1-04&quot;,&quot;street&quot;:&quot;abcd blvd&quot;,&quot;state&quot;:&quot;MI&quot;,&quot;country&quot;:&quot;US&quot;,&quot;zipCode&quot;:45678},&quot;user_id&quot;:1451,&quot;user_first_name&quot;:&quot;Shru&quot;,&quot;user_last_name&quot;:&quot;Shety&quot;,&quot;user_contact_number&quot;:1234432112,&quot;user_email_id&quot;:&quot;ssss@gmail.com&quot;,&quot;creation_time&quot;:&quot;2024-09-20T18:49:57.327+00:00&quot;,&quot;last_mod_time&quot;:&quot;2024-09-20T18:49:57.327+00:00&quot;},{&quot;userAddress&quot;:{&quot;addressId&quot;:8082,&quot;plotNumber&quot;:&quot;P1-10&quot;,&quot;street&quot;:&quot;Hand Squares&quot;,&quot;state&quot;:&quot;TX&quot;,&quot;country&quot;:&quot;USA&quot;,&quot;zipCode&quot;:12356},&quot;user_id&quot;:8114,&quot;user_first_name&quot;:&quot;Nya&quot;,&quot;user_last_name&quot;:&quot;Paucek&quot;,&quot;user_contact_number&quot;:3607896143,&quot;user_email_id&quot;:&quot;Octavia88@gmail.com&quot;,&quot;creation_time&quot;:&quot;2024-10-12T04:29:25.068+00:00&quot;,&quot;last_mod_time&quot;:&quot;2024-10-12T04:29:25.068+00:00&quot;},{&quot;userAddress&quot;:{&quot;addressId&quot;:381,&quot;plotNumber&quot;:&quot;pl-09&quot;,&quot;street&quot;:&quot;my Street&quot;,&quot;state&quot;:&quot;Texas&quot;,&quot;country&quot;:&quot;USA&quot;,&quot;zipCode&quot;:75068},&quot;user_id&quot;:414,&quot;user_first_name&quot;:&quot;tsdrial&quot;,&quot;user_last_name&quot;:&quot;zcghdfgfhg&quot;,&quot;user_contact_number&quot;:6756577778,&quot;user_email_id&quot;:&quot;ty123hjje@gmail.com&quot;,&quot;creation_time&quot;:&quot;2024-09-18T02:48:58.604+00:00&quot;,&quot;last_mod_time&quot;:&quot;2024-09-18T02:48:58.604+00:00&quot;},{&quot;userAddress&quot;:{&quot;addressId&quot;:3182,&quot;plotNumber&quot;:&quot;pl-72&quot;,&quot;street&quot;:&quot;Avenue&quot;,&quot;state&quot;:&quot;New Jersey&quot;,&quot;country&quot;:&quot;USA&quot;,&quot;zipCode&quot;:72322},&quot;user_id&quot;:3215,&quot;user_first_name&quot;:&quot;train&quot;,&quot;user_last_name&quot;:&quot;vehic&quot;,&quot;user_contact_number&quot;:7765799901,&quot;user_email_id&quot;:&quot;vehicl1@gmail.com&quot;,&quot;creation_time&quot;:&quot;2024-09-23T03:13:49.738+00:00&quot;,&quot;last_mod_time&quot;:&quot;2024-09-23T03:13:49.738+00:00&quot;},{&quot;userAddress&quot;:{&quot;addressId&quot;:8083,&quot;plotNumber&quot;:&quot;P1-10&quot;,&quot;street&quot;:&quot;Isidro Drive&quot;,&quot;state&quot;:&quot;TX&quot;,&quot;country&quot;:&quot;USA&quot;,&quot;zipCode&quot;:12356},&quot;user_id&quot;:8115,&quot;user_first_name&quot;:&quot;Moises&quot;,&quot;user_last_name&quot;:&quot;Connelly&quot;,&quot;user_contact_number&quot;:3607896115,&quot;user_email_id&quot;:&quot;Johnnie.Glover26@gmail.com&quot;,&quot;creation_time&quot;:&quot;2024-10-12T04:30:14.911+00:00&quot;,&quot;last_mod_time&quot;:&quot;2024-10-12T04:30:14.911+00:00&quot;},{&quot;userAddress&quot;:{&quot;addressId&quot;:736,&quot;plotNumber&quot;:&quot;AS-96&quot;,&quot;street&quot;:&quot;Raymond St&quot;,&quot;state&quot;:&quot;NJ&quot;,&quot;country&quot;:&quot;USA&quot;,&quot;zipCode&quot;:null},&quot;user_id&quot;:769,&quot;user_first_name&quot;:&quot;TeamFive&quot;,&quot;user_last_name&quot;:&quot;Tester&quot;,&quot;user_contact_number&quot;:7896328966,&quot;user_email_id&quot;:&quot;testfive55@gmail.com&quot;,&quot;creation_time&quot;:&quot;2024-09-19T16:14:43.110+00:00&quot;,&quot;last_mod_time&quot;:&quot;2024-09-19T16:14:43.110+00:00&quot;},{&quot;userAddress&quot;:{&quot;addressId&quot;:352,&quot;plotNumber&quot;:&quot;1-21&quot;,&quot;street&quot;:&quot;MN st&quot;,&quot;state&quot;:&quot;Tx&quot;,&quot;country&quot;:&quot;USofA&quot;,&quot;zipCode&quot;:12345},&quot;user_id&quot;:385,&quot;user_first_name&quot;:&quot;Jhansi&quot;,&quot;user_last_name&quot;:&quot;test&quot;,&quot;user_contact_number&quot;:1456789112,&quot;user_email_id&quot;:&quot;Jhansi@nn.com&quot;,&quot;creation_time&quot;:&quot;2024-09-18T02:31:11.400+00:00&quot;,&quot;last_mod_time&quot;:&quot;2024-09-18T02:55:53.294+00:00&quot;},{&quot;userAddress&quot;:{&quot;addressId&quot;:4957,&quot;plotNumber&quot;:&quot;Bt-11&quot;,&quot;street&quot;:&quot;First St&quot;,&quot;state&quot;:&quot;Texas&quot;,&quot;country&quot;:&quot;USA&quot;,&quot;zipCode&quot;:54657},&quot;user_id&quot;:4990,&quot;user_first_name&quot;:&quot;trialname&quot;,&quot;user_last_name&quot;:&quot;lasttrialname&quot;,&quot;user_contact_number&quot;:3812347618,&quot;user_email_id&quot;:&quot;tommtrial0g7@gmail.com&quot;,&quot;creation_time&quot;:&quot;2024-09-26T17:51:39.047+00:00&quot;,&quot;last_mod_time&quot;:&quot;2024-09-26T17:51:39.047+00:00&quot;},{&quot;userAddress&quot;:{&quot;addressId&quot;:385,&quot;plotNumber&quot;:&quot;1-21&quot;,&quot;street&quot;:&quot;MN st&quot;,&quot;state&quot;:&quot;Tx&quot;,&quot;country&quot;:&quot;USofA&quot;,&quot;zipCode&quot;:12345},&quot;user_id&quot;:418,&quot;user_first_name&quot;:&quot;JhansiL&quot;,&quot;user_last_name&quot;:&quot;test&quot;,&quot;user_contact_number&quot;:1456799112,&quot;user_email_id&quot;:&quot;Numpyy@gmail.com&quot;,&quot;creation_time&quot;:&quot;2024-09-18T02:58:24.806+00:00&quot;,&quot;last_mod_time&quot;:&quot;2024-09-18T02:58:24.806+00:00&quot;},{&quot;userAddress&quot;:{&quot;addressId&quot;:4997,&quot;plotNumber&quot;:&quot;p1-09&quot;,&quot;street&quot;:&quot;Main&quot;,&quot;state&quot;:&quot;NY&quot;,&quot;country&quot;:&quot;USA&quot;,&quot;zipCode&quot;:10901},&quot;user_id&quot;:5030,&quot;user_first_name&quot;:&quot;zara&quot;,&quot;user_last_name&quot;:&quot;id&quot;,&quot;user_contact_number&quot;:9248350409,&quot;user_email_id&quot;:&quot;zara.id@example.com&quot;,&quot;creation_time&quot;:&quot;2024-09-26T19:05:33.315+00:00&quot;,&quot;last_mod_time&quot;:&quot;2024-09-26T19:05:33.315+00:00&quot;},{&quot;userAddress&quot;:{&quot;addressId&quot;:389,&quot;plotNumber&quot;:&quot;p1-89&quot;,&quot;street&quot;:&quot;Mainww&quot;,&quot;state&quot;:&quot;NY&quot;,&quot;country&quot;:&quot;USA&quot;,&quot;zipCode&quot;:10901},&quot;user_id&quot;:422,&quot;user_first_name&quot;:&quot;Johnnnypo&quot;,&quot;user_last_name&quot;:&quot;Doe&quot;,&quot;user_contact_number&quot;:1239567897,&quot;user_email_id&quot;:&quot;johpnny.doe@example.com&quot;,&quot;creation_time&quot;:&quot;2024-09-18T03:10:04.363+00:00&quot;,&quot;last_mod_time&quot;:&quot;2024-09-18T03:10:04.363+00:00&quot;},{&quot;userAddress&quot;:{&quot;addressId&quot;:3407,&quot;plotNumber&quot;:&quot;pl-221&quot;,&quot;street&quot;:&quot;Wolf&quot;,&quot;state&quot;:&quot;Washington&quot;,&quot;country&quot;:&quot;USA&quot;,&quot;zipCode&quot;:22862},&quot;user_id&quot;:3440,&quot;user_first_name&quot;:&quot;Qary&quot;,&quot;user_last_name&quot;:&quot;Stark&quot;,&quot;user_contact_number&quot;:8973344894,&quot;user_email_id&quot;:&quot;Gary@got.com&quot;,&quot;creation_time&quot;:&quot;2024-09-23T13:14:09.692+00:00&quot;,&quot;last_mod_time&quot;:&quot;2024-09-23T13:14:09.692+00:00&quot;},{&quot;userAddress&quot;:{&quot;addressId&quot;:391,&quot;plotNumber&quot;:&quot;897-E&quot;,&quot;street&quot;:&quot;hjhjh&quot;,&quot;state&quot;:&quot;hjkhkh&quot;,&quot;country&quot;:&quot;ghjjj&quot;,&quot;zipCode&quot;:8},&quot;user_id&quot;:424,&quot;user_first_name&quot;:&quot;sai&quot;,&quot;user_last_name&quot;:&quot;ken&quot;,&quot;user_contact_number&quot;:2175326749,&quot;user_email_id&quot;:&quot;sai123@gmail.com&quot;,&quot;creation_time&quot;:&quot;2024-09-18T03:19:51.203+00:00&quot;,&quot;last_mod_time&quot;:&quot;2024-09-18T03:19:51.203+00:00&quot;},{&quot;userAddress&quot;:{&quot;addressId&quot;:392,&quot;plotNumber&quot;:&quot;p1-89&quot;,&quot;street&quot;:&quot;Mainww&quot;,&quot;state&quot;:&quot;NY&quot;,&quot;country&quot;:&quot;USA&quot;,&quot;zipCode&quot;:10901},&quot;user_id&quot;:425,&quot;user_first_name&quot;:&quot;hjghgfh&quot;,&quot;user_last_name&quot;:&quot;Dnoe&quot;,&quot;user_contact_number&quot;:1239977891,&quot;user_email_id&quot;:&quot;johpnppop.doe@example.com&quot;,&quot;creation_time&quot;:&quot;2024-09-18T03:22:01.378+00:00&quot;,&quot;last_mod_time&quot;:&quot;2024-09-18T03:22:01.378+00:00&quot;},{&quot;userAddress&quot;:{&quot;addressId&quot;:393,&quot;plotNumber&quot;:&quot;p1-099&quot;,&quot;street&quot;:&quot;Mainww&quot;,&quot;state&quot;:&quot;NY&quot;,&quot;country&quot;:&quot;USA&quot;,&quot;zipCode&quot;:10901},&quot;user_id&quot;:426,&quot;user_first_name&quot;:&quot;hjglgh&quot;,&quot;user_last_name&quot;:&quot;Dnoepk&quot;,&quot;user_contact_number&quot;:1325460987,&quot;user_email_id&quot;:&quot;vgt.mj@example.com&quot;,&quot;creation_time&quot;:&quot;2024-09-18T03:28:41.895+00:00&quot;,&quot;last_mod_time&quot;:&quot;2024-09-18T03:28:41.895+00:00&quot;},{&quot;userAddress&quot;:{&quot;addressId&quot;:401,&quot;plotNumber&quot;:&quot;p1-909&quot;,&quot;street&quot;:&quot;Mainwwm&quot;,&quot;state&quot;:&quot;NY&quot;,&quot;country&quot;:&quot;USA&quot;,&quot;zipCode&quot;:10801},&quot;user_id&quot;:434,&quot;user_first_name&quot;:&quot;hhpyi&quot;,&quot;user_last_name&quot;:&quot;DnikPyi&quot;,&quot;user_contact_number&quot;:9720910987,&quot;user_email_id&quot;:&quot;pIrty.mj@example.com&quot;,&quot;creation_time&quot;:&quot;2024-09-18T04:00:12.106+00:00&quot;,&quot;last_mod_time&quot;:&quot;2024-09-18T04:00:12.106+00:00&quot;},{&quot;userAddress&quot;:{&quot;addressId&quot;:411,&quot;plotNumber&quot;:&quot;A-51&quot;,&quot;street&quot;:&quot;casablanca&quot;,&quot;state&quot;:&quot;california&quot;,&quot;country&quot;:&quot;USA&quot;,&quot;zipCode&quot;:95123},&quot;user_id&quot;:444,&quot;user_first_name&quot;:&quot;Ambika&quot;,&quot;user_last_name&quot;:&quot;Sathish&quot;,&quot;user_contact_number&quot;:9161234567,&quot;user_email_id&quot;:&quot;ambika@gmail.com&quot;,&quot;creation_time&quot;:&quot;2024-09-18T05:13:53.111+00:00&quot;,&quot;last_mod_time&quot;:&quot;2024-09-18T05:13:53.111+00:00&quot;},{&quot;userAddress&quot;:{&quot;addressId&quot;:7099,&quot;plotNumber&quot;:&quot;Pl-56&quot;,&quot;street&quot;:&quot;Cypress Hill Dr&quot;,&quot;state&quot;:&quot;Texas&quot;,&quot;country&quot;:&quot;USA&quot;,&quot;zipCode&quot;:65677},&quot;user_id&quot;:7132,&quot;user_first_name&quot;:&quot;Lorenzo&quot;,&quot;user_last_name&quot;:&quot;Wisoky&quot;,&quot;user_contact_number&quot;:1862371942,&quot;user_email_id&quot;:&quot;jason.turcotte@example.com&quot;,&quot;creation_time&quot;:&quot;2024-10-01T02:46:41.564+00:00&quot;,&quot;last_mod_time&quot;:&quot;2024-10-01T02:46:41.564+00:00&quot;},{&quot;userAddress&quot;:{&quot;addressId&quot;:7100,&quot;plotNumber&quot;:&quot;Pl-56&quot;,&quot;street&quot;:&quot;Cypress Hill Dr&quot;,&quot;state&quot;:&quot;Texas&quot;,&quot;country&quot;:&quot;USA&quot;,&quot;zipCode&quot;:65677},&quot;user_id&quot;:7133,&quot;user_first_name&quot;:&quot;Loris&quot;,&quot;user_last_name&quot;:&quot;Cole&quot;,&quot;user_contact_number&quot;:5884840368,&quot;user_email_id&quot;:&quot;terrence.bartoletti@example.com&quot;,&quot;creation_time&quot;:&quot;2024-10-01T02:49:12.493+00:00&quot;,&quot;last_mod_time&quot;:&quot;2024-10-01T02:49:12.493+00:00&quot;},{&quot;userAddress&quot;:{&quot;addressId&quot;:7101,&quot;plotNumber&quot;:&quot;Pl-56&quot;,&quot;street&quot;:&quot;Cypress Hill Dr&quot;,&quot;state&quot;:&quot;Texas&quot;,&quot;country&quot;:&quot;USA&quot;,&quot;zipCode&quot;:65677},&quot;user_id&quot;:7134,&quot;user_first_name&quot;:&quot;Rigoberto&quot;,&quot;user_last_name&quot;:&quot;Barrows&quot;,&quot;user_contact_number&quot;:5321456302,&quot;user_email_id&quot;:&quot;sherwood.steuber@example.com&quot;,&quot;creation_time&quot;:&quot;2024-10-01T02:50:09.905+00:00&quot;,&quot;last_mod_time&quot;:&quot;2024-10-01T02:50:09.905+00:00&quot;},{&quot;userAddress&quot;:{&quot;addressId&quot;:1393,&quot;plotNumber&quot;:&quot;pl-23&quot;,&quot;street&quot;:&quot;my Street&quot;,&quot;state&quot;:&quot;Texas&quot;,&quot;country&quot;:&quot;USA&quot;,&quot;zipCode&quot;:75068},&quot;user_id&quot;:1426,&quot;user_first_name&quot;:&quot;teamtwotrial&quot;,&quot;user_last_name&quot;:&quot;zcghdfgfhg&quot;,&quot;user_contact_number&quot;:5677778888,&quot;user_email_id&quot;:&quot;viji123@gmail.com&quot;,&quot;creation_time&quot;:&quot;2024-09-20T18:31:59.887+00:00&quot;,&quot;last_mod_time&quot;:&quot;2024-09-20T18:31:59.887+00:00&quot;},{&quot;userAddress&quot;:{&quot;addressId&quot;:738,&quot;plotNumber&quot;:&quot;P-201&quot;,&quot;street&quot;:&quot;parkerland&quot;,&quot;state&quot;:&quot;NY&quot;,&quot;country&quot;:&quot;USA&quot;,&quot;zipCode&quot;:7659999999999999},&quot;user_id&quot;:771,&quot;user_first_name&quot;:&quot;Gril&quot;,&quot;user_last_name&quot;:&quot;Amanda&quot;,&quot;user_contact_number&quot;:4555569123,&quot;user_email_id&quot;:&quot;gril@gmail.com&quot;,&quot;creation_time&quot;:&quot;2024-09-19T16:16:37.429+00:00&quot;,&quot;last_mod_time&quot;:&quot;2024-09-19T16:16:37.429+00:00&quot;},{&quot;userAddress&quot;:{&quot;addressId&quot;:1928,&quot;plotNumber&quot;:&quot;p-34&quot;,&quot;street&quot;:null,&quot;state&quot;:&quot;halifax&quot;,&quot;country&quot;:null,&quot;zipCode&quot;:3456},&quot;user_id&quot;:1961,&quot;user_first_name&quot;:&quot;retre&quot;,&quot;user_last_name&quot;:&quot;moha&quot;,&quot;user_contact_number&quot;:7722333377,&quot;user_email_id&quot;:&quot;uyj3ju@gmail.com&quot;,&quot;creation_time&quot;:&quot;2024-09-21T14:07:57.449+00:00&quot;,&quot;last_mod_time&quot;:&quot;2024-09-21T14:07:57.449+00:00&quot;},{&quot;userAddress&quot;:{&quot;addressId&quot;:768,&quot;plotNumber&quot;:&quot;17-A&quot;,&quot;street&quot;:&quot;Third St&quot;,&quot;state&quot;:&quot;KY&quot;,&quot;country&quot;:&quot;USA&quot;,&quot;zipCode&quot;:41011},&quot;user_id&quot;:801,&quot;user_first_name&quot;:&quot;mohan&quot;,&quot;user_last_name&quot;:&quot;kumar&quot;,&quot;user_contact_number&quot;:8591129875,&quot;user_email_id&quot;:&quot;mohank@gmail.com&quot;,&quot;creation_time&quot;:&quot;2024-09-19T16:47:42.154+00:00&quot;,&quot;last_mod_time&quot;:&quot;2024-09-19T16:47:42.154+00:00&quot;},{&quot;userAddress&quot;:{&quot;addressId&quot;:8373,&quot;plotNumber&quot;:&quot;A-1234&quot;,&quot;street&quot;:&quot;Main street&quot;,&quot;state&quot;:&quot;Texas&quot;,&quot;country&quot;:&quot;USA&quot;,&quot;zipCode&quot;:12425},&quot;user_id&quot;:8405,&quot;user_first_name&quot;:&quot;FOne&quot;,&quot;user_last_name&quot;:&quot;Lone&quot;,&quot;user_contact_number&quot;:9123456789,&quot;user_email_id&quot;:&quot;dsgsfs@gmail.com&quot;,&quot;creation_time&quot;:&quot;2024-10-13T02:21:16.693+00:00&quot;,&quot;last_mod_time&quot;:&quot;2024-10-13T02:21:16.693+00:00&quot;},{&quot;userAddress&quot;:{&quot;addressId&quot;:1468,&quot;plotNumber&quot;:&quot;pp-01&quot;,&quot;street&quot;:&quot;Broadway new ln&quot;,&quot;state&quot;:&quot;Texas&quot;,&quot;country&quot;:&quot;USA&quot;,&quot;zipCode&quot;:7005063},&quot;user_id&quot;:1501,&quot;user_first_name&quot;:&quot;zoya&quot;,&quot;user_last_name&quot;:&quot;saya&quot;,&quot;user_contact_number&quot;:6789065437,&quot;user_email_id&quot;:&quot;zoaa@gmail.com&quot;,&quot;creation_time&quot;:&quot;2024-09-20T19:55:24.699+00:00&quot;,&quot;last_mod_time&quot;:&quot;2024-09-20T19:55:24.699+00:00&quot;},{&quot;userAddress&quot;:{&quot;addressId&quot;:3229,&quot;plotNumber&quot;:&quot;vl-4&quot;,&quot;street&quot;:null,&quot;state&quot;:&quot;northyork&quot;,&quot;country&quot;:null,&quot;zipCode&quot;:null},&quot;user_id&quot;:3262,&quot;user_first_name&quot;:&quot;varsha&quot;,&quot;user_last_name&quot;:&quot;akasha&quot;,&quot;user_contact_number&quot;:1999798883,&quot;user_email_id&quot;:&quot;kikalr1289@gmail.com&quot;,&quot;creation_time&quot;:&quot;2024-09-23T03:45:11.002+00:00&quot;,&quot;last_mod_time&quot;:&quot;2024-09-23T03:45:11.002+00:00&quot;},{&quot;userAddress&quot;:{&quot;addressId&quot;:434,&quot;plotNumber&quot;:&quot;H-120&quot;,&quot;street&quot;:&quot;IGRA&quot;,&quot;state&quot;:&quot;IL&quot;,&quot;country&quot;:&quot;USA&quot;,&quot;zipCode&quot;:55475},&quot;user_id&quot;:467,&quot;user_first_name&quot;:&quot;Teams&quot;,&quot;user_last_name&quot;:&quot;Success&quot;,&quot;user_contact_number&quot;:9011224777,&quot;user_email_id&quot;:&quot;teams@nn.com&quot;,&quot;creation_time&quot;:&quot;2024-09-18T15:03:35.733+00:00&quot;,&quot;last_mod_time&quot;:&quot;2024-09-18T15:03:35.733+00:00&quot;},{&quot;userAddress&quot;:{&quot;addressId&quot;:1470,&quot;plotNumber&quot;:&quot;pp-01&quot;,&quot;street&quot;:&quot;Broadway new ln&quot;,&quot;state&quot;:&quot;Texas&quot;,&quot;country&quot;:&quot;USA&quot;,&quot;zipCode&quot;:7005063},&quot;user_id&quot;:1503,&quot;user_first_name&quot;:&quot;zoya&quot;,&quot;user_last_name&quot;:&quot;saya&quot;,&quot;user_contact_number&quot;:6789065037,&quot;user_email_id&quot;:&quot;zona@gmail.com&quot;,&quot;creation_time&quot;:&quot;2024-09-20T19:58:28.244+00:00&quot;,&quot;last_mod_time&quot;:&quot;2024-09-20T19:58:28.244+00:00&quot;},{&quot;userAddress&quot;:{&quot;addressId&quot;:440,&quot;plotNumber&quot;:&quot;Bl-02&quot;,&quot;street&quot;:null,&quot;state&quot;:&quot;California&quot;,&quot;country&quot;:null,&quot;zipCode&quot;:32126},&quot;user_id&quot;:473,&quot;user_first_name&quot;:&quot;Mathew&quot;,&quot;user_last_name&quot;:&quot;Thomas&quot;,&quot;user_contact_number&quot;:9014320008,&quot;user_email_id&quot;:&quot;Mathewnew@gmail.com&quot;,&quot;creation_time&quot;:&quot;2024-09-18T15:46:10.001+00:00&quot;,&quot;last_mod_time&quot;:&quot;2024-09-18T15:46:10.001+00:00&quot;},{&quot;userAddress&quot;:{&quot;addressId&quot;:441,&quot;plotNumber&quot;:&quot;Bl-02&quot;,&quot;street&quot;:null,&quot;state&quot;:&quot;California&quot;,&quot;country&quot;:null,&quot;zipCode&quot;:32126},&quot;user_id&quot;:474,&quot;user_first_name&quot;:&quot;Mathew&quot;,&quot;user_last_name&quot;:&quot;Thomas&quot;,&quot;user_contact_number&quot;:3014320008,&quot;user_email_id&quot;:&quot;Mathewnew1@gmail.com&quot;,&quot;creation_time&quot;:&quot;2024-09-18T15:47:46.859+00:00&quot;,&quot;last_mod_time&quot;:&quot;2024-09-18T15:47:46.859+00:00&quot;},{&quot;userAddress&quot;:{&quot;addressId&quot;:444,&quot;plotNumber&quot;:&quot;K-390&quot;,&quot;street&quot;:&quot;ranchocordava&quot;,&quot;state&quot;:&quot;cal&quot;,&quot;country&quot;:&quot;US&quot;,&quot;zipCode&quot;:0},&quot;user_id&quot;:477,&quot;user_first_name&quot;:&quot;Rose&quot;,&quot;user_last_name&quot;:&quot;jack&quot;,&quot;user_contact_number&quot;:9876578775,&quot;user_email_id&quot;:&quot;rose34@gmail.com&quot;,&quot;creation_time&quot;:&quot;2024-09-18T15:52:13.975+00:00&quot;,&quot;last_mod_time&quot;:&quot;2024-09-18T15:52:13.975+00:00&quot;},{&quot;userAddress&quot;:{&quot;addressId&quot;:2712,&quot;plotNumber&quot;:&quot;a-30&quot;,&quot;street&quot;:&quot;DISNEY STREET&quot;,&quot;state&quot;:&quot;FL&quot;,&quot;country&quot;:&quot;usa&quot;,&quot;zipCode&quot;:767614564},&quot;user_id&quot;:2745,&quot;user_first_name&quot;:&quot;fever&quot;,&quot;user_last_name&quot;:&quot;SINGH&quot;,&quot;user_contact_number&quot;:1234557982,&quot;user_email_id&quot;:&quot;sumona123@gmail.com&quot;,&quot;creation_time&quot;:&quot;2024-09-22T20:24:03.387+00:00&quot;,&quot;last_mod_time&quot;:&quot;2024-09-22T20:24:03.387+00:00&quot;},{&quot;userAddress&quot;:{&quot;addressId&quot;:459,&quot;plotNumber&quot;:&quot;Bl-02&quot;,&quot;street&quot;:null,&quot;state&quot;:&quot;California&quot;,&quot;country&quot;:null,&quot;zipCode&quot;:32126},&quot;user_id&quot;:492,&quot;user_first_name&quot;:&quot;MathewNEw&quot;,&quot;user_last_name&quot;:&quot;Thomas&quot;,&quot;user_contact_number&quot;:4324320008,&quot;user_email_id&quot;:&quot;Mathewnew10@gmail.com&quot;,&quot;creation_time&quot;:&quot;2024-09-18T16:38:44.840+00:00&quot;,&quot;last_mod_time&quot;:&quot;2024-09-18T16:38:44.840+00:00&quot;},{&quot;userAddress&quot;:{&quot;addressId&quot;:1841,&quot;plotNumber&quot;:&quot;a-234&quot;,&quot;street&quot;:&quot;streetd&quot;,&quot;state&quot;:&quot;TX&quot;,&quot;country&quot;:&quot;US&quot;,&quot;zipCode&quot;:null},&quot;user_id&quot;:1874,&quot;user_first_name&quot;:&quot;priya&quot;,&quot;user_last_name&quot;:&quot;gupta&quot;,&quot;user_contact_number&quot;:5694329956,&quot;user_email_id&quot;:&quot;priyag@gmail.com&quot;,&quot;creation_time&quot;:&quot;2024-09-21T04:00:21.954+00:00&quot;,&quot;last_mod_time&quot;:&quot;2024-09-21T04:00:21.954+00:00&quot;},{&quot;userAddress&quot;:{&quot;addressId&quot;:2261,&quot;plotNumber&quot;:&quot;W-425&quot;,&quot;street&quot;:&quot;CT&quot;,&quot;state&quot;:&quot;WA&quot;,&quot;country&quot;:&quot;USA&quot;,&quot;zipCode&quot;:null},&quot;user_id&quot;:2294,&quot;user_first_name&quot;:&quot;Kiran Vx&quot;,&quot;user_last_name&quot;:&quot;Sin&quot;,&quot;user_contact_number&quot;:4252777277,&quot;user_email_id&quot;:&quot;kbaalhrs77@hotmail.com&quot;,&quot;creation_time&quot;:&quot;2024-09-22T00:51:36.943+00:00&quot;,&quot;last_mod_time&quot;:&quot;2024-09-22T00:51:36.943+00:00&quot;},{&quot;userAddress&quot;:{&quot;addressId&quot;:535,&quot;plotNumber&quot;:&quot;117-AB&quot;,&quot;street&quot;:&quot;nehru streets&quot;,&quot;state&quot;:&quot;CA&quot;,&quot;country&quot;:&quot;USA&quot;,&quot;zipCode&quot;:93651},&quot;user_id&quot;:568,&quot;user_first_name&quot;:&quot;Karthi&quot;,&quot;user_last_name&quot;:&quot;UdayaR&quot;,&quot;user_contact_number&quot;:1234567819,&quot;user_email_id&quot;:&quot;Apicamp17@gmail.com&quot;,&quot;creation_time&quot;:&quot;2024-09-19T01:11:05.253+00:00&quot;,&quot;last_mod_time&quot;:&quot;2024-09-19T01:11:05.253+00:00&quot;},{&quot;userAddress&quot;:{&quot;addressId&quot;:5043,&quot;plotNumber&quot;:&quot;1214-hp&quot;,&quot;street&quot;:null,&quot;state&quot;:&quot;AL&quot;,&quot;country&quot;:null,&quot;zipCode&quot;:44136},&quot;user_id&quot;:5076,&quot;user_first_name&quot;:&quot;martin&quot;,&quot;user_last_name&quot;:&quot;jr&quot;,&quot;user_contact_number&quot;:2345431212,&quot;user_email_id&quot;:&quot;martinjr@gmail.com&quot;,&quot;creation_time&quot;:&quot;2024-09-26T20:26:45.531+00:00&quot;,&quot;last_mod_time&quot;:&quot;2024-09-26T20:26:45.531+00:00&quot;},{&quot;userAddress&quot;:{&quot;addressId&quot;:4349,&quot;plotNumber&quot;:&quot;p1-098&quot;,&quot;street&quot;:null,&quot;state&quot;:&quot;ui&quot;,&quot;country&quot;:null,&quot;zipCode&quot;:90865},&quot;user_id&quot;:4382,&quot;user_first_name&quot;:&quot;bnget&quot;,&quot;user_last_name&quot;:&quot;vhjj&quot;,&quot;user_contact_number&quot;:2147483647,&quot;user_email_id&quot;:&quot;dfgh.bnm@ecm.com&quot;,&quot;creation_time&quot;:&quot;2024-09-25T00:23:19.792+00:00&quot;,&quot;last_mod_time&quot;:&quot;2024-09-25T00:23:19.792+00:00&quot;},{&quot;userAddress&quot;:{&quot;addressId&quot;:4420,&quot;plotNumber&quot;:&quot;P-2345&quot;,&quot;street&quot;:null,&quot;state&quot;:&quot;VA&quot;,&quot;country&quot;:null,&quot;zipCode&quot;:23454},&quot;user_id&quot;:4453,&quot;user_first_name&quot;:&quot;samiksha&quot;,&quot;user_last_name&quot;:&quot;strisatheng&quot;,&quot;user_contact_number&quot;:3432345645,&quot;user_email_id&quot;:&quot;ss67@gmail.com&quot;,&quot;creation_time&quot;:&quot;2024-09-25T16:24:18.281+00:00&quot;,&quot;last_mod_time&quot;:&quot;2024-09-25T16:24:18.281+00:00&quot;},{&quot;userAddress&quot;:{&quot;addressId&quot;:4220,&quot;plotNumber&quot;:null,&quot;street&quot;:&quot;test&quot;,&quot;state&quot;:&quot;virginia&quot;,&quot;country&quot;:&quot;USA&quot;,&quot;zipCode&quot;:20156},&quot;user_id&quot;:4253,&quot;user_first_name&quot;:&quot;RAHULllk&quot;,&quot;user_last_name&quot;:&quot;rani&quot;,&quot;user_contact_number&quot;:8823397080,&quot;user_email_id&quot;:&quot;humerani9@icloud.com&quot;,&quot;creation_time&quot;:&quot;2024-09-23T18:35:25.941+00:00&quot;,&quot;last_mod_time&quot;:&quot;2024-09-23T18:35:25.941+00:00&quot;},{&quot;userAddress&quot;:{&quot;addressId&quot;:4443,&quot;plotNumber&quot;:&quot;p1-098&quot;,&quot;street&quot;:&quot;cxvbmnb &quot;,&quot;state&quot;:&quot;uibhjkl&quot;,&quot;country&quot;:&quot;USA&quot;,&quot;zipCode&quot;:90865},&quot;user_id&quot;:4476,&quot;user_first_name&quot;:&quot;bklekl&quot;,&quot;user_last_name&quot;:&quot;vdbnhdrop&quot;,&quot;user_contact_number&quot;:1583470998,&quot;user_email_id&quot;:&quot;cvfa.nme-1727291157610@example.com&quot;,&quot;creation_time&quot;:&quot;2024-09-25T19:05:58.123+00:00&quot;,&quot;last_mod_time&quot;:&quot;2024-09-25T19:05:58.123+00:00&quot;},{&quot;userAddress&quot;:{&quot;addressId&quot;:1132,&quot;plotNumber&quot;:&quot;12-a&quot;,&quot;street&quot;:null,&quot;state&quot;:&quot;IL&quot;,&quot;country&quot;:null,&quot;zipCode&quot;:1234567},&quot;user_id&quot;:1165,&quot;user_first_name&quot;:&quot;sony&quot;,&quot;user_last_name&quot;:&quot;null&quot;,&quot;user_contact_number&quot;:2211111111,&quot;user_email_id&quot;:&quot;johny@gmail.com&quot;,&quot;creation_time&quot;:&quot;2024-09-20T04:40:51.925+00:00&quot;,&quot;last_mod_time&quot;:&quot;2024-09-20T04:40:51.925+00:00&quot;},{&quot;userAddress&quot;:{&quot;addressId&quot;:1133,&quot;plotNumber&quot;:null,&quot;street&quot;:null,&quot;state&quot;:&quot;CA&quot;,&quot;country&quot;:null,&quot;zipCode&quot;:12123},&quot;user_id&quot;:1166,&quot;user_first_name&quot;:&quot;Ann&quot;,&quot;user_last_name&quot;:&quot;Doe&quot;,&quot;user_contact_number&quot;:1284567811,&quot;user_email_id&quot;:&quot;An2.do@example.com&quot;,&quot;creation_time&quot;:&quot;2024-09-20T04:41:57.684+00:00&quot;,&quot;last_mod_time&quot;:&quot;2024-09-20T04:41:57.684+00:00&quot;},{&quot;userAddress&quot;:{&quot;addressId&quot;:1008,&quot;plotNumber&quot;:&quot;pl-555&quot;,&quot;street&quot;:&quot;aqua&quot;,&quot;state&quot;:null,&quot;country&quot;:&quot;india&quot;,&quot;zipCode&quot;:629803},&quot;user_id&quot;:1041,&quot;user_first_name&quot;:&quot;asab&quot;,&quot;user_last_name&quot;:&quot;akasha&quot;,&quot;user_contact_number&quot;:3434343434,&quot;user_email_id&quot;:&quot;jhg@gmail.com&quot;,&quot;creation_time&quot;:&quot;2024-09-19T23:35:37.114+00:00&quot;,&quot;last_mod_time&quot;:&quot;2024-09-19T23:35:37.114+00:00&quot;},{&quot;userAddress&quot;:{&quot;addressId&quot;:1006,&quot;plotNumber&quot;:&quot;P1-100&quot;,&quot;street&quot;:&quot;Main&quot;,&quot;state&quot;:&quot;NY&quot;,&quot;country&quot;:&quot;USA&quot;,&quot;zipCode&quot;:10001},&quot;user_id&quot;:1039,&quot;user_first_name&quot;:&quot;Jagxfsdghniue&quot;,&quot;user_last_name&quot;:&quot;Dobnvxjke&quot;,&quot;user_contact_number&quot;:8976087810,&quot;user_email_id&quot;:&quot;javgfghhnfe.dovhje@example.com&quot;,&quot;creation_time&quot;:&quot;2024-09-19T23:32:47.899+00:00&quot;,&quot;last_mod_time&quot;:&quot;2024-09-19T23:32:47.899+00:00&quot;},{&quot;userAddress&quot;:{&quot;addressId&quot;:3335,&quot;plotNumber&quot;:&quot;897-T&quot;,&quot;street&quot;:&quot;creek&quot;,&quot;state&quot;:&quot;illnois&quot;,&quot;country&quot;:&quot;usa&quot;,&quot;zipCode&quot;:98765},&quot;user_id&quot;:3368,&quot;user_first_name&quot;:&quot;sai&quot;,&quot;user_last_name&quot;:&quot;ken&quot;,&quot;user_contact_number&quot;:8739874351,&quot;user_email_id&quot;:&quot;kloidsamr87@gmail.com&quot;,&quot;creation_time&quot;:&quot;2024-09-23T05:17:02.177+00:00&quot;,&quot;last_mod_time&quot;:&quot;2024-09-23T05:17:02.177+00:00&quot;},{&quot;userAddress&quot;:{&quot;addressId&quot;:4444,&quot;plotNumber&quot;:&quot;p1-099&quot;,&quot;street&quot;:&quot;cxvbmnb &quot;,&quot;state&quot;:&quot;uibhjkl&quot;,&quot;country&quot;:&quot;USA&quot;,&quot;zipCode&quot;:90865},&quot;user_id&quot;:4477,&quot;user_first_name&quot;:&quot;bklekhjl&quot;,&quot;user_last_name&quot;:&quot;vddrocghp&quot;,&quot;user_contact_number&quot;:1541779680,&quot;user_email_id&quot;:&quot;cvfa.nme-1727291158822@example.com&quot;,&quot;creation_time&quot;:&quot;2024-09-25T19:05:59.334+00:00&quot;,&quot;last_mod_time&quot;:&quot;2024-09-25T19:05:59.334+00:00&quot;},{&quot;userAddress&quot;:{&quot;addressId&quot;:4445,&quot;plotNumber&quot;:&quot;p1-100&quot;,&quot;street&quot;:&quot;cxvbmnb &quot;,&quot;state&quot;:&quot;uibhjkl&quot;,&quot;country&quot;:&quot;USA&quot;,&quot;zipCode&quot;:90865},&quot;user_id&quot;:4478,&quot;user_first_name&quot;:&quot;bkleklgh&quot;,&quot;user_last_name&quot;:&quot;vdvbhfhdrop&quot;,&quot;user_contact_number&quot;:1564928663,&quot;user_email_id&quot;:&quot;cvfa.nme-1727291159664@example.com&quot;,&quot;creation_time&quot;:&quot;2024-09-25T19:06:00.175+00:00&quot;,&quot;last_mod_time&quot;:&quot;2024-09-25T19:06:00.175+00:00&quot;},{&quot;userAddress&quot;:{&quot;addressId&quot;:2125,&quot;plotNumber&quot;:&quot;KB-425&quot;,&quot;street&quot;:&quot;CT&quot;,&quot;state&quot;:&quot;WA&quot;,&quot;country&quot;:&quot;USA&quot;,&quot;zipCode&quot;:98052},&quot;user_id&quot;:2158,&quot;user_first_name&quot;:&quot;Kiranlb&quot;,&quot;user_last_name&quot;:&quot;Singhla&quot;,&quot;user_contact_number&quot;:2252222221,&quot;user_email_id&quot;:&quot;kbalahara22@gmail.com&quot;,&quot;creation_time&quot;:&quot;2024-09-21T21:13:37.515+00:00&quot;,&quot;last_mod_time&quot;:&quot;2024-09-21T21:13:37.515+00:00&quot;},{&quot;userAddress&quot;:{&quot;addressId&quot;:3565,&quot;plotNumber&quot;:&quot;pl-221&quot;,&quot;street&quot;:&quot;Wolf&quot;,&quot;state&quot;:&quot;Washington&quot;,&quot;country&quot;:&quot;USA&quot;,&quot;zipCode&quot;:22862},&quot;user_id&quot;:3598,&quot;user_first_name&quot;:&quot;Nary&quot;,&quot;user_last_name&quot;:&quot;Stark&quot;,&quot;user_contact_number&quot;:1200334564,&quot;user_email_id&quot;:&quot;NaryStark@got.com&quot;,&quot;creation_time&quot;:&quot;2024-09-23T13:54:25.808+00:00&quot;,&quot;last_mod_time&quot;:&quot;2024-09-23T13:54:25.808+00:00&quot;},{&quot;userAddress&quot;:{&quot;addressId&quot;:8086,&quot;plotNumber&quot;:&quot;P1-10&quot;,&quot;street&quot;:&quot;Wisoky Square&quot;,&quot;state&quot;:&quot;TX&quot;,&quot;country&quot;:&quot;USA&quot;,&quot;zipCode&quot;:12356},&quot;user_id&quot;:8118,&quot;user_first_name&quot;:&quot;Conner&quot;,&quot;user_last_name&quot;:&quot;McGlynn&quot;,&quot;user_contact_number&quot;:3607896182,&quot;user_email_id&quot;:&quot;Emmy_Gibson@hotmail.com&quot;,&quot;creation_time&quot;:&quot;2024-10-12T04:31:08.591+00:00&quot;,&quot;last_mod_time&quot;:&quot;2024-10-12T04:31:08.591+00:00&quot;},{&quot;userAddress&quot;:{&quot;addressId&quot;:986,&quot;plotNumber&quot;:&quot;12-b&quot;,&quot;street&quot;:&quot;num street&quot;,&quot;state&quot;:&quot;abc state&quot;,&quot;country&quot;:&quot;usa&quot;,&quot;zipCode&quot;:3456},&quot;user_id&quot;:1019,&quot;user_first_name&quot;:&quot;Numpy&quot;,&quot;user_last_name&quot;:&quot;Selvi&quot;,&quot;user_contact_number&quot;:1234567845,&quot;user_email_id&quot;:&quot;njns@gmail.com&quot;,&quot;creation_time&quot;:&quot;2024-09-19T22:48:21.672+00:00&quot;,&quot;last_mod_time&quot;:&quot;2024-09-19T23:33:23.734+00:00&quot;},{&quot;userAddress&quot;:{&quot;addressId&quot;:1009,&quot;plotNumber&quot;:&quot;P1-100&quot;,&quot;street&quot;:&quot;Main&quot;,&quot;state&quot;:&quot;NY&quot;,&quot;country&quot;:&quot;USA&quot;,&quot;zipCode&quot;:10001},&quot;user_id&quot;:1042,&quot;user_first_name&quot;:&quot;Janiue&quot;,&quot;user_last_name&quot;:&quot;Dnvxjke&quot;,&quot;user_contact_number&quot;:4376087810,&quot;user_email_id&quot;:&quot;jahnfe.dovhje@example.com&quot;,&quot;creation_time&quot;:&quot;2024-09-19T23:37:15.298+00:00&quot;,&quot;last_mod_time&quot;:&quot;2024-09-19T23:37:15.298+00:00&quot;},{&quot;userAddress&quot;:{&quot;addressId&quot;:684,&quot;plotNumber&quot;:&quot;PL-90&quot;,&quot;street&quot;:&quot;Park Avenue&quot;,&quot;state&quot;:&quot;New York&quot;,&quot;country&quot;:&quot;USA&quot;,&quot;zipCode&quot;:750001},&quot;user_id&quot;:717,&quot;user_first_name&quot;:&quot;Jone&quot;,&quot;user_last_name&quot;:&quot;Doe&quot;,&quot;user_contact_number&quot;:9566121669,&quot;user_email_id&quot;:&quot;jone.doe@example.com&quot;,&quot;creation_time&quot;:&quot;2024-09-19T13:49:53.340+00:00&quot;,&quot;last_mod_time&quot;:&quot;2024-09-19T13:49:53.340+00:00&quot;},{&quot;userAddress&quot;:{&quot;addressId&quot;:1010,&quot;plotNumber&quot;:&quot;P1-05&quot;,&quot;street&quot;:&quot;Richmond&quot;,&quot;state&quot;:&quot;CA&quot;,&quot;country&quot;:&quot;USA&quot;,&quot;zipCode&quot;:94536},&quot;user_id&quot;:1043,&quot;user_first_name&quot;:&quot;Tim&quot;,&quot;user_last_name&quot;:&quot;Roy&quot;,&quot;user_contact_number&quot;:1111111111,&quot;user_email_id&quot;:&quot;tim.roy1@gmail.com&quot;,&quot;creation_time&quot;:&quot;2024-09-19T23:37:56.870+00:00&quot;,&quot;last_mod_time&quot;:&quot;2024-09-19T23:37:56.870+00:00&quot;},{&quot;userAddress&quot;:{&quot;addressId&quot;:8134,&quot;plotNumber&quot;:&quot;Bt-11&quot;,&quot;street&quot;:&quot;First St&quot;,&quot;state&quot;:&quot;Texas&quot;,&quot;country&quot;:&quot;USA&quot;,&quot;zipCode&quot;:54657},&quot;user_id&quot;:8166,&quot;user_first_name&quot;:&quot;myfirstname&quot;,&quot;user_last_name&quot;:&quot;lastTrial&quot;,&quot;user_contact_number&quot;:2858013409,&quot;user_email_id&quot;:&quot;Team23a1a2p47fohh@gmail.com&quot;,&quot;creation_time&quot;:&quot;2024-10-12T15:49:29.004+00:00&quot;,&quot;last_mod_time&quot;:&quot;2024-10-12T15:49:29.004+00:00&quot;},{&quot;userAddress&quot;:{&quot;addressId&quot;:472,&quot;plotNumber&quot;:&quot;3-8&quot;,&quot;street&quot;:null,&quot;state&quot;:&quot;KL&quot;,&quot;country&quot;:null,&quot;zipCode&quot;:123321},&quot;user_id&quot;:505,&quot;user_first_name&quot;:&quot;qaws rtre &quot;,&quot;user_last_name&quot;:&quot;Small&quot;,&quot;user_contact_number&quot;:9223567899,&quot;user_email_id&quot;:&quot;gsmall@gmail.com&quot;,&quot;creation_time&quot;:&quot;2024-09-18T17:45:59.420+00:00&quot;,&quot;last_mod_time&quot;:&quot;2024-09-18T17:45:59.420+00:00&quot;},{&quot;userAddress&quot;:{&quot;addressId&quot;:473,&quot;plotNumber&quot;:null,&quot;street&quot;:null,&quot;state&quot;:null,&quot;country&quot;:null,&quot;zipCode&quot;:null},&quot;user_id&quot;:506,&quot;user_first_name&quot;:&quot;sdfgdf&quot;,&quot;user_last_name&quot;:&quot;dgdf&quot;,&quot;user_contact_number&quot;:3345678903,&quot;user_email_id&quot;:&quot;25s@dfgdf.sdf&quot;,&quot;creation_time&quot;:&quot;2024-09-18T17:58:35.213+00:00&quot;,&quot;last_mod_time&quot;:&quot;2024-09-18T17:58:35.213+00:00&quot;},{&quot;userAddress&quot;:{&quot;addressId&quot;:474,&quot;plotNumber&quot;:&quot;3-8&quot;,&quot;street&quot;:null,&quot;state&quot;:&quot;KL&quot;,&quot;country&quot;:null,&quot;zipCode&quot;:123321},&quot;user_id&quot;:507,&quot;user_first_name&quot;:&quot;qaws rtre &quot;,&quot;user_last_name&quot;:&quot;rtre&quot;,&quot;user_contact_number&quot;:1231231231,&quot;user_email_id&quot;:&quot;1qaqsss@gmail.com&quot;,&quot;creation_time&quot;:&quot;2024-09-18T18:08:57.592+00:00&quot;,&quot;last_mod_time&quot;:&quot;2024-09-18T18:08:57.592+00:00&quot;},{&quot;userAddress&quot;:{&quot;addressId&quot;:475,&quot;plotNumber&quot;:&quot;3-8&quot;,&quot;street&quot;:null,&quot;state&quot;:&quot;KL&quot;,&quot;country&quot;:null,&quot;zipCode&quot;:123321},&quot;user_id&quot;:508,&quot;user_first_name&quot;:&quot;qaws rtre &quot;,&quot;user_last_name&quot;:&quot;rtre&quot;,&quot;user_contact_number&quot;:1231231131,&quot;user_email_id&quot;:&quot;a@d.da&quot;,&quot;creation_time&quot;:&quot;2024-09-18T18:12:36.897+00:00&quot;,&quot;last_mod_time&quot;:&quot;2024-09-18T18:12:36.897+00:00&quot;},{&quot;userAddress&quot;:{&quot;addressId&quot;:1011,&quot;plotNumber&quot;:&quot;pl-555&quot;,&quot;street&quot;:&quot;aqua&quot;,&quot;state&quot;:null,&quot;country&quot;:&quot;india&quot;,&quot;zipCode&quot;:629803},&quot;user_id&quot;:1044,&quot;user_first_name&quot;:&quot;asab&quot;,&quot;user_last_name&quot;:&quot;akasha&quot;,&quot;user_contact_number&quot;:3434343436,&quot;user_email_id&quot;:&quot;Delfina70@yahoo.com&quot;,&quot;creation_time&quot;:&quot;2024-09-19T23:39:34.235+00:00&quot;,&quot;last_mod_time&quot;:&quot;2024-09-19T23:39:34.235+00:00&quot;},{&quot;userAddress&quot;:{&quot;addressId&quot;:1012,&quot;plotNumber&quot;:&quot;pl-555&quot;,&quot;street&quot;:&quot;aqua&quot;,&quot;state&quot;:null,&quot;country&quot;:&quot;india&quot;,&quot;zipCode&quot;:629803},&quot;user_id&quot;:1045,&quot;user_first_name&quot;:&quot;asab&quot;,&quot;user_last_name&quot;:&quot;akasha&quot;,&quot;user_contact_number&quot;:3434343437,&quot;user_email_id&quot;:&quot;Edyth.Rutherford@hotmail.com&quot;,&quot;creation_time&quot;:&quot;2024-09-19T23:40:45.588+00:00&quot;,&quot;last_mod_time&quot;:&quot;2024-09-19T23:40:45.588+00:00&quot;},{&quot;userAddress&quot;:{&quot;addressId&quot;:8194,&quot;plotNumber&quot;:null,&quot;street&quot;:null,&quot;state&quot;:null,&quot;country&quot;:null,&quot;zipCode&quot;:null},&quot;user_id&quot;:8226,&quot;user_first_name&quot;:&quot;zHLgqrlmTo&quot;,&quot;user_last_name&quot;:&quot;ZjJrABORNz&quot;,&quot;user_contact_number&quot;:3308421707,&quot;user_email_id&quot;:&quot;team27275jcgg0afc@gmail.com&quot;,&quot;creation_time&quot;:&quot;2024-10-12T18:00:38.943+00:00&quot;,&quot;last_mod_time&quot;:&quot;2024-10-12T18:00:38.943+00:00&quot;},{&quot;userAddress&quot;:{&quot;addressId&quot;:1351,&quot;plotNumber&quot;:&quot;G-121&quot;,&quot;street&quot;:&quot;MGRoad&quot;,&quot;state&quot;:&quot;KA&quot;,&quot;country&quot;:&quot;Uk&quot;,&quot;zipCode&quot;:0},&quot;user_id&quot;:1384,&quot;user_first_name&quot;:&quot;Ro&quot;,&quot;user_last_name&quot;:&quot;Hit&quot;,&quot;user_contact_number&quot;:1783457539,&quot;user_email_id&quot;:&quot;ro@nn.com&quot;,&quot;creation_time&quot;:&quot;2024-09-20T18:01:38.932+00:00&quot;,&quot;last_mod_time&quot;:&quot;2024-09-20T18:01:38.932+00:00&quot;},{&quot;userAddress&quot;:{&quot;addressId&quot;:8195,&quot;plotNumber&quot;:null,&quot;street&quot;:null,&quot;state&quot;:null,&quot;country&quot;:null,&quot;zipCode&quot;:null},&quot;user_id&quot;:8227,&quot;user_first_name&quot;:&quot;rJBJMZWFXc&quot;,&quot;user_last_name&quot;:&quot;VRaqqXOlsK&quot;,&quot;user_contact_number&quot;:8990385451,&quot;user_email_id&quot;:&quot;team2mdckoo2nd6o7@gmail.com&quot;,&quot;creation_time&quot;:&quot;2024-10-12T18:00:39.077+00:00&quot;,&quot;last_mod_time&quot;:&quot;2024-10-12T18:00:39.077+00:00&quot;},{&quot;userAddress&quot;:{&quot;addressId&quot;:8196,&quot;plotNumber&quot;:null,&quot;street&quot;:null,&quot;state&quot;:null,&quot;country&quot;:null,&quot;zipCode&quot;:null},&quot;user_id&quot;:8228,&quot;user_first_name&quot;:&quot;pKXjVzJfrT&quot;,&quot;user_last_name&quot;:&quot;nxKCxPuFpK&quot;,&quot;user_contact_number&quot;:3188924762,&quot;user_email_id&quot;:&quot;team26god1o8pl0ek@gmail.com&quot;,&quot;creation_time&quot;:&quot;2024-10-12T18:00:39.209+00:00&quot;,&quot;last_mod_time&quot;:&quot;2024-10-12T18:00:39.209+00:00&quot;},{&quot;userAddress&quot;:{&quot;addressId&quot;:1394,&quot;plotNumber&quot;:&quot;pl-23&quot;,&quot;street&quot;:&quot;my Street&quot;,&quot;state&quot;:&quot;Texas&quot;,&quot;country&quot;:&quot;USA&quot;,&quot;zipCode&quot;:75068},&quot;user_id&quot;:1427,&quot;user_first_name&quot;:&quot;teamtwotrial&quot;,&quot;user_last_name&quot;:&quot;zcafsdfdgfhg&quot;,&quot;user_contact_number&quot;:5655778888,&quot;user_email_id&quot;:&quot;viji1323@gmail.com&quot;,&quot;creation_time&quot;:&quot;2024-09-20T18:32:40.168+00:00&quot;,&quot;last_mod_time&quot;:&quot;2024-09-20T18:32:40.168+00:00&quot;},{&quot;userAddress&quot;:{&quot;addressId&quot;:6479,&quot;plotNumber&quot;:&quot;plno-337&quot;,&quot;street&quot;:&quot;street&quot;,&quot;state&quot;:&quot;GA&quot;,&quot;country&quot;:&quot;USA&quot;,&quot;zipCode&quot;:30028},&quot;user_id&quot;:6512,&quot;user_first_name&quot;:&quot;Rain&quot;,&quot;user_last_name&quot;:&quot;Rao&quot;,&quot;user_contact_number&quot;:1111111114,&quot;user_email_id&quot;:&quot;rain1@gmail.com&quot;,&quot;creation_time&quot;:&quot;2024-09-29T23:34:18.685+00:00&quot;,&quot;last_mod_time&quot;:&quot;2024-09-29T23:34:18.685+00:00&quot;},{&quot;userAddress&quot;:{&quot;addressId&quot;:6480,&quot;plotNumber&quot;:null,&quot;street&quot;:null,&quot;state&quot;:null,&quot;country&quot;:null,&quot;zipCode&quot;:null},&quot;user_id&quot;:6513,&quot;user_first_name&quot;:&quot;Rain&quot;,&quot;user_last_name&quot;:&quot;Rao&quot;,&quot;user_contact_number&quot;:1111111116,&quot;user_email_id&quot;:&quot;rain11@gmail.com&quot;,&quot;creation_time&quot;:&quot;2024-09-29T23:34:20.036+00:00&quot;,&quot;last_mod_time&quot;:&quot;2024-09-29T23:34:20.036+00:00&quot;},{&quot;userAddress&quot;:{&quot;addressId&quot;:486,&quot;plotNumber&quot;:null,&quot;street&quot;:null,&quot;state&quot;:null,&quot;country&quot;:null,&quot;zipCode&quot;:null},&quot;user_id&quot;:519,&quot;user_first_name&quot;:&quot;NameF&quot;,&quot;user_last_name&quot;:&quot;NameL&quot;,&quot;user_contact_number&quot;:2233445566,&quot;user_email_id&quot;:&quot;name1@gmail.com&quot;,&quot;creation_time&quot;:&quot;2024-09-18T21:26:26.148+00:00&quot;,&quot;last_mod_time&quot;:&quot;2024-09-18T21:26:26.148+00:00&quot;},{&quot;userAddress&quot;:{&quot;addressId&quot;:487,&quot;plotNumber&quot;:&quot;pl-03&quot;,&quot;street&quot;:&quot;palmilla&quot;,&quot;state&quot;:&quot;Florida&quot;,&quot;country&quot;:&quot;USA&quot;,&quot;zipCode&quot;:77057},&quot;user_id&quot;:520,&quot;user_first_name&quot;:&quot;Tanvi&quot;,&quot;user_last_name&quot;:&quot;Jyoshith&quot;,&quot;user_contact_number&quot;:9999567990,&quot;user_email_id&quot;:&quot;Test98@gmail.com&quot;,&quot;creation_time&quot;:&quot;2024-09-18T21:31:55.919+00:00&quot;,&quot;last_mod_time&quot;:&quot;2024-09-18T21:31:55.919+00:00&quot;},{&quot;userAddress&quot;:{&quot;addressId&quot;:489,&quot;plotNumber&quot;:&quot;104-AB&quot;,&quot;street&quot;:&quot;nehru streets&quot;,&quot;state&quot;:&quot;GA&quot;,&quot;country&quot;:&quot;USA&quot;,&quot;zipCode&quot;:93671},&quot;user_id&quot;:522,&quot;user_first_name&quot;:&quot;Karthik&quot;,&quot;user_last_name&quot;:&quot;Udaya&quot;,&quot;user_contact_number&quot;:1234567844,&quot;user_email_id&quot;:&quot;Apicamp4@gmail.com&quot;,&quot;creation_time&quot;:&quot;2024-09-18T21:43:45.537+00:00&quot;,&quot;last_mod_time&quot;:&quot;2024-09-18T21:43:45.537+00:00&quot;},{&quot;userAddress&quot;:{&quot;addressId&quot;:492,&quot;plotNumber&quot;:&quot;pl-03&quot;,&quot;street&quot;:&quot;palmilla&quot;,&quot;state&quot;:&quot;Florida&quot;,&quot;country&quot;:&quot;USA&quot;,&quot;zipCode&quot;:77057},&quot;user_id&quot;:525,&quot;user_first_name&quot;:&quot;Tanvi&quot;,&quot;user_last_name&quot;:&quot;Jyoshith&quot;,&quot;user_contact_number&quot;:9999567992,&quot;user_email_id&quot;:&quot;Test980@gmail.com&quot;,&quot;creation_time&quot;:&quot;2024-09-18T22:02:56.490+00:00&quot;,&quot;last_mod_time&quot;:&quot;2024-09-18T22:02:56.490+00:00&quot;},{&quot;userAddress&quot;:{&quot;addressId&quot;:1908,&quot;plotNumber&quot;:&quot;B-21&quot;,&quot;street&quot;:&quot;Glen erin&quot;,&quot;state&quot;:&quot;CA&quot;,&quot;country&quot;:&quot;Canada&quot;,&quot;zipCode&quot;:90001},&quot;user_id&quot;:1941,&quot;user_first_name&quot;:&quot;kiara&quot;,&quot;user_last_name&quot;:&quot;singh&quot;,&quot;user_contact_number&quot;:9876543216,&quot;user_email_id&quot;:&quot;Aishwarya_krishtin.doe@example.com&quot;,&quot;creation_time&quot;:&quot;2024-09-21T09:13:59.414+00:00&quot;,&quot;last_mod_time&quot;:&quot;2024-09-21T09:14:00.088+00:00&quot;},{&quot;userAddress&quot;:{&quot;addressId&quot;:1929,&quot;plotNumber&quot;:&quot;p-34&quot;,&quot;street&quot;:null,&quot;state&quot;:&quot;halifax&quot;,&quot;country&quot;:null,&quot;zipCode&quot;:3456},&quot;user_id&quot;:1962,&quot;user_first_name&quot;:&quot;retre&quot;,&quot;user_last_name&quot;:&quot;moha&quot;,&quot;user_contact_number&quot;:9722333377,&quot;user_email_id&quot;:&quot;uyju@gmail.com&quot;,&quot;creation_time&quot;:&quot;2024-09-21T14:10:06.750+00:00&quot;,&quot;last_mod_time&quot;:&quot;2024-09-21T14:10:06.750+00:00&quot;},{&quot;userAddress&quot;:{&quot;addressId&quot;:495,&quot;plotNumber&quot;:&quot;sa-76&quot;,&quot;street&quot;:&quot;plum&quot;,&quot;state&quot;:&quot;tn&quot;,&quot;country&quot;:&quot;usa&quot;,&quot;zipCode&quot;:38017},&quot;user_id&quot;:528,&quot;user_first_name&quot;:&quot;Sandya&quot;,&quot;user_last_name&quot;:&quot;Ashok&quot;,&quot;user_contact_number&quot;:9542881084,&quot;user_email_id&quot;:&quot;sauysh@gmail.com&quot;,&quot;creation_time&quot;:&quot;2024-09-18T22:09:31.715+00:00&quot;,&quot;last_mod_time&quot;:&quot;2024-09-18T22:09:31.715+00:00&quot;},{&quot;userAddress&quot;:{&quot;addressId&quot;:496,&quot;plotNumber&quot;:&quot;sa-76&quot;,&quot;street&quot;:&quot;plum&quot;,&quot;state&quot;:&quot;tn&quot;,&quot;country&quot;:&quot;usa&quot;,&quot;zipCode&quot;:38017},&quot;user_id&quot;:529,&quot;user_first_name&quot;:&quot;Sandya&quot;,&quot;user_last_name&quot;:&quot;Ashok&quot;,&quot;user_contact_number&quot;:9545781084,&quot;user_email_id&quot;:&quot;sjag@gmail.com&quot;,&quot;creation_time&quot;:&quot;2024-09-18T22:25:00.221+00:00&quot;,&quot;last_mod_time&quot;:&quot;2024-09-18T22:25:00.221+00:00&quot;},{&quot;userAddress&quot;:{&quot;addressId&quot;:497,&quot;plotNumber&quot;:&quot;sa-76&quot;,&quot;street&quot;:&quot;plum&quot;,&quot;state&quot;:&quot;tn&quot;,&quot;country&quot;:&quot;usa&quot;,&quot;zipCode&quot;:38017},&quot;user_id&quot;:530,&quot;user_first_name&quot;:&quot;Sandya&quot;,&quot;user_last_name&quot;:&quot;Ashok&quot;,&quot;user_contact_number&quot;:9562881084,&quot;user_email_id&quot;:&quot;sja@gmail.com&quot;,&quot;creation_time&quot;:&quot;2024-09-18T22:27:00.305+00:00&quot;,&quot;last_mod_time&quot;:&quot;2024-09-18T22:27:00.305+00:00&quot;},{&quot;userAddress&quot;:{&quot;addressId&quot;:498,&quot;plotNumber&quot;:&quot;p1-192&quot;,&quot;street&quot;:&quot;Seattle&quot;,&quot;state&quot;:&quot;WA&quot;,&quot;country&quot;:&quot;USA&quot;,&quot;zipCode&quot;:298450},&quot;user_id&quot;:531,&quot;user_first_name&quot;:&quot;Taylor&quot;,&quot;user_last_name&quot;:&quot;Swift&quot;,&quot;user_contact_number&quot;:9890952887,&quot;user_email_id&quot;:&quot;Swift.Taylor@example.com&quot;,&quot;creation_time&quot;:&quot;2024-09-18T22:39:43.864+00:00&quot;,&quot;last_mod_time&quot;:&quot;2024-09-18T22:39:43.864+00:00&quot;},{&quot;userAddress&quot;:{&quot;addressId&quot;:500,&quot;plotNumber&quot;:null,&quot;street&quot;:null,&quot;state&quot;:null,&quot;country&quot;:null,&quot;zipCode&quot;:null},&quot;user_id&quot;:533,&quot;user_first_name&quot;:&quot;Tayler&quot;,&quot;user_last_name&quot;:&quot;Swiftry&quot;,&quot;user_contact_number&quot;:9890952886,&quot;user_email_id&quot;:&quot;Swifte.Taylor@example.com&quot;,&quot;creation_time&quot;:&quot;2024-09-18T23:07:21.944+00:00&quot;,&quot;last_mod_time&quot;:&quot;2024-09-18T23:07:21.944+00:00&quot;},{&quot;userAddress&quot;:{&quot;addressId&quot;:501,&quot;plotNumber&quot;:&quot;p1-59&quot;,&quot;street&quot;:&quot;Main&quot;,&quot;state&quot;:&quot;NY&quot;,&quot;country&quot;:&quot;USA&quot;,&quot;zipCode&quot;:10901},&quot;user_id&quot;:534,&quot;user_first_name&quot;:&quot;Jonnny&quot;,&quot;user_last_name&quot;:&quot;Doe&quot;,&quot;user_contact_number&quot;:1256567897,&quot;user_email_id&quot;:&quot;johnny.doe@example.com&quot;,&quot;creation_time&quot;:&quot;2024-09-18T23:14:56.003+00:00&quot;,&quot;last_mod_time&quot;:&quot;2024-09-18T23:14:56.003+00:00&quot;},{&quot;userAddress&quot;:{&quot;addressId&quot;:503,&quot;plotNumber&quot;:&quot;p1-192&quot;,&quot;street&quot;:&quot;Seattle&quot;,&quot;state&quot;:&quot;WA&quot;,&quot;country&quot;:&quot;USA&quot;,&quot;zipCode&quot;:298450},&quot;user_id&quot;:536,&quot;user_first_name&quot;:&quot;Taylerr&quot;,&quot;user_last_name&quot;:&quot;Swiftte&quot;,&quot;user_contact_number&quot;:9834952887,&quot;user_email_id&quot;:&quot;Swift@example.com&quot;,&quot;creation_time&quot;:&quot;2024-09-18T23:34:59.923+00:00&quot;,&quot;last_mod_time&quot;:&quot;2024-09-18T23:34:59.923+00:00&quot;},{&quot;userAddress&quot;:{&quot;addressId&quot;:504,&quot;plotNumber&quot;:&quot;p1-192&quot;,&quot;street&quot;:&quot;Seattle&quot;,&quot;state&quot;:&quot;WA&quot;,&quot;country&quot;:&quot;USA&quot;,&quot;zipCode&quot;:298450},&quot;user_id&quot;:537,&quot;user_first_name&quot;:&quot;Taylerer&quot;,&quot;user_last_name&quot;:&quot;Swifteet&quot;,&quot;user_contact_number&quot;:9890123887,&quot;user_email_id&quot;:&quot;Swifteet.Taylr@example.com&quot;,&quot;creation_time&quot;:&quot;2024-09-18T23:39:53.290+00:00&quot;,&quot;last_mod_time&quot;:&quot;2024-09-18T23:39:53.290+00:00&quot;},{&quot;userAddress&quot;:{&quot;addressId&quot;:505,&quot;plotNumber&quot;:&quot;AS-96&quot;,&quot;street&quot;:&quot;Raymond St&quot;,&quot;state&quot;:&quot;NJ&quot;,&quot;country&quot;:&quot;USA&quot;,&quot;zipCode&quot;:null},&quot;user_id&quot;:538,&quot;user_first_name&quot;:&quot;TeamFive&quot;,&quot;user_last_name&quot;:&quot;Tester&quot;,&quot;user_contact_number&quot;:7896328963,&quot;user_email_id&quot;:&quot;testfive@gmail.com&quot;,&quot;creation_time&quot;:&quot;2024-09-18T23:41:12.500+00:00&quot;,&quot;last_mod_time&quot;:&quot;2024-09-18T23:41:12.500+00:00&quot;},{&quot;userAddress&quot;:{&quot;addressId&quot;:506,&quot;plotNumber&quot;:&quot;p1-192&quot;,&quot;street&quot;:&quot;Seattle&quot;,&quot;state&quot;:&quot;WA&quot;,&quot;country&quot;:&quot;USA&quot;,&quot;zipCode&quot;:298450},&quot;user_id&quot;:539,&quot;user_first_name&quot;:&quot;Taylrer&quot;,&quot;user_last_name&quot;:&quot;Switeet&quot;,&quot;user_contact_number&quot;:9890123888,&quot;user_email_id&quot;:&quot;Swfteet.Taylr@example.com&quot;,&quot;creation_time&quot;:&quot;2024-09-18T23:41:33.542+00:00&quot;,&quot;last_mod_time&quot;:&quot;2024-09-18T23:41:33.542+00:00&quot;},{&quot;userAddress&quot;:{&quot;addressId&quot;:507,&quot;plotNumber&quot;:&quot;pl-123&quot;,&quot;street&quot;:null,&quot;state&quot;:&quot;Texas&quot;,&quot;country&quot;:null,&quot;zipCode&quot;:75062},&quot;user_id&quot;:540,&quot;user_first_name&quot;:&quot;Padmashree&quot;,&quot;user_last_name&quot;:&quot;Iraj&quot;,&quot;user_contact_number&quot;:9035700191,&quot;user_email_id&quot;:&quot;padm.ir@gmail.com&quot;,&quot;creation_time&quot;:&quot;2024-09-18T23:41:56.869+00:00&quot;,&quot;last_mod_time&quot;:&quot;2024-09-18T23:41:56.869+00:00&quot;},{&quot;userAddress&quot;:{&quot;addressId&quot;:536,&quot;plotNumber&quot;:&quot;123-A&quot;,&quot;street&quot;:&quot;Main St&quot;,&quot;state&quot;:&quot;OH&quot;,&quot;country&quot;:&quot;USA&quot;,&quot;zipCode&quot;:41050},&quot;user_id&quot;:569,&quot;user_first_name&quot;:&quot;Lakshmi&quot;,&quot;user_last_name&quot;:&quot;Bathi&quot;,&quot;user_contact_number&quot;:5132229876,&quot;user_email_id&quot;:&quot;lakshmibathi@gmail.com&quot;,&quot;creation_time&quot;:&quot;2024-09-19T01:17:09.090+00:00&quot;,&quot;last_mod_time&quot;:&quot;2024-09-19T01:17:09.090+00:00&quot;},{&quot;userAddress&quot;:{&quot;addressId&quot;:510,&quot;plotNumber&quot;:null,&quot;street&quot;:null,&quot;state&quot;:null,&quot;country&quot;:null,&quot;zipCode&quot;:null},&quot;user_id&quot;:543,&quot;user_first_name&quot;:&quot;sdfgdf&quot;,&quot;user_last_name&quot;:&quot;dgdf&quot;,&quot;user_contact_number&quot;:3345678902,&quot;user_email_id&quot;:&quot;25ssd@dfgdf.sdf&quot;,&quot;creation_time&quot;:&quot;2024-09-19T00:25:11.419+00:00&quot;,&quot;last_mod_time&quot;:&quot;2024-09-19T00:25:11.419+00:00&quot;},{&quot;userAddress&quot;:{&quot;addressId&quot;:511,&quot;plotNumber&quot;:&quot;105-AB&quot;,&quot;street&quot;:&quot;nehru streets&quot;,&quot;state&quot;:&quot;GA&quot;,&quot;country&quot;:&quot;USA&quot;,&quot;zipCode&quot;:93671},&quot;user_id&quot;:544,&quot;user_first_name&quot;:&quot;Karthikaa&quot;,&quot;user_last_name&quot;:&quot;Udayaaa&quot;,&quot;user_contact_number&quot;:1234567855,&quot;user_email_id&quot;:&quot;Apicamp5@gmail.com&quot;,&quot;creation_time&quot;:&quot;2024-09-19T00:26:16.971+00:00&quot;,&quot;last_mod_time&quot;:&quot;2024-09-19T00:26:16.971+00:00&quot;},{&quot;userAddress&quot;:{&quot;addressId&quot;:512,&quot;plotNumber&quot;:&quot;106-AB&quot;,&quot;street&quot;:&quot;nehru streets&quot;,&quot;state&quot;:&quot;GA&quot;,&quot;country&quot;:&quot;USA&quot;,&quot;zipCode&quot;:93671},&quot;user_id&quot;:545,&quot;user_first_name&quot;:&quot;Karthikaa&quot;,&quot;user_last_name&quot;:&quot;Udayaaa&quot;,&quot;user_contact_number&quot;:1234567866,&quot;user_email_id&quot;:&quot;Apicamp6@gmail.com&quot;,&quot;creation_time&quot;:&quot;2024-09-19T00:30:48.501+00:00&quot;,&quot;last_mod_time&quot;:&quot;2024-09-19T00:30:48.501+00:00&quot;},{&quot;userAddress&quot;:{&quot;addressId&quot;:518,&quot;plotNumber&quot;:&quot;A-505&quot;,&quot;street&quot;:&quot;silver dr&quot;,&quot;state&quot;:&quot;MA&quot;,&quot;country&quot;:&quot;USA&quot;,&quot;zipCode&quot;:24568},&quot;user_id&quot;:551,&quot;user_first_name&quot;:&quot;Neha&quot;,&quot;user_last_name&quot;:&quot;acb&quot;,&quot;user_contact_number&quot;:5412598763,&quot;user_email_id&quot;:&quot;abc@gmail.com&quot;,&quot;creation_time&quot;:&quot;2024-09-19T00:44:11.176+00:00&quot;,&quot;last_mod_time&quot;:&quot;2024-09-19T00:44:46.249+00:00&quot;},{&quot;userAddress&quot;:{&quot;addressId&quot;:519,&quot;plotNumber&quot;:&quot;107-AB&quot;,&quot;street&quot;:&quot;nehru streets&quot;,&quot;state&quot;:&quot;GA&quot;,&quot;country&quot;:&quot;USA&quot;,&quot;zipCode&quot;:93671},&quot;user_id&quot;:552,&quot;user_first_name&quot;:&quot;Karthikaa&quot;,&quot;user_last_name&quot;:&quot;Udayaaa&quot;,&quot;user_contact_number&quot;:1234567877,&quot;user_email_id&quot;:&quot;Apicamp7@gmail.com&quot;,&quot;creation_time&quot;:&quot;2024-09-19T00:46:24.863+00:00&quot;,&quot;last_mod_time&quot;:&quot;2024-09-19T00:46:24.863+00:00&quot;},{&quot;userAddress&quot;:{&quot;addressId&quot;:520,&quot;plotNumber&quot;:&quot;108-AB&quot;,&quot;street&quot;:&quot;nehru streets&quot;,&quot;state&quot;:&quot;GA&quot;,&quot;country&quot;:&quot;USA&quot;,&quot;zipCode&quot;:93671},&quot;user_id&quot;:553,&quot;user_first_name&quot;:&quot;Karthikaa&quot;,&quot;user_last_name&quot;:&quot;Udayaaa&quot;,&quot;user_contact_number&quot;:1234567888,&quot;user_email_id&quot;:&quot;Apicamp8@gmail.com&quot;,&quot;creation_time&quot;:&quot;2024-09-19T00:49:48.156+00:00&quot;,&quot;last_mod_time&quot;:&quot;2024-09-19T00:49:48.156+00:00&quot;},{&quot;userAddress&quot;:{&quot;addressId&quot;:521,&quot;plotNumber&quot;:&quot;109-AB&quot;,&quot;street&quot;:&quot;nehru streets&quot;,&quot;state&quot;:&quot;GA&quot;,&quot;country&quot;:&quot;USA&quot;,&quot;zipCode&quot;:93671},&quot;user_id&quot;:554,&quot;user_first_name&quot;:&quot;Karthikaa&quot;,&quot;user_last_name&quot;:&quot;Udayaaa&quot;,&quot;user_contact_number&quot;:1234567801,&quot;user_email_id&quot;:&quot;Apicamp9@gmail.com&quot;,&quot;creation_time&quot;:&quot;2024-09-19T00:51:40.453+00:00&quot;,&quot;last_mod_time&quot;:&quot;2024-09-19T00:51:40.453+00:00&quot;},{&quot;userAddress&quot;:{&quot;addressId&quot;:523,&quot;plotNumber&quot;:&quot;110-AB&quot;,&quot;street&quot;:&quot;nehru streets&quot;,&quot;state&quot;:&quot;CA&quot;,&quot;country&quot;:&quot;USA&quot;,&quot;zipCode&quot;:93651},&quot;user_id&quot;:556,&quot;user_first_name&quot;:&quot;Karthi&quot;,&quot;user_last_name&quot;:&quot;UdayaR&quot;,&quot;user_contact_number&quot;:1234567802,&quot;user_email_id&quot;:&quot;Apicamp10@gmail.com&quot;,&quot;creation_time&quot;:&quot;2024-09-19T00:58:52.877+00:00&quot;,&quot;last_mod_time&quot;:&quot;2024-09-19T00:58:52.877+00:00&quot;},{&quot;userAddress&quot;:{&quot;addressId&quot;:524,&quot;plotNumber&quot;:&quot;p1-192&quot;,&quot;street&quot;:&quot;Seattle&quot;,&quot;state&quot;:&quot;WA&quot;,&quot;country&quot;:&quot;USA&quot;,&quot;zipCode&quot;:298450},&quot;user_id&quot;:557,&quot;user_first_name&quot;:&quot;Taylr&quot;,&quot;user_last_name&quot;:&quot;Swifte&quot;,&quot;user_contact_number&quot;:9890052887,&quot;user_email_id&quot;:&quot;Sift.Taylr@example.com&quot;,&quot;creation_time&quot;:&quot;2024-09-19T01:00:15.888+00:00&quot;,&quot;last_mod_time&quot;:&quot;2024-09-19T01:00:15.888+00:00&quot;},{&quot;userAddress&quot;:{&quot;addressId&quot;:525,&quot;plotNumber&quot;:&quot;111-AB&quot;,&quot;street&quot;:&quot;nehru streets&quot;,&quot;state&quot;:&quot;CA&quot;,&quot;country&quot;:&quot;USA&quot;,&quot;zipCode&quot;:93651},&quot;user_id&quot;:558,&quot;user_first_name&quot;:&quot;Karthi&quot;,&quot;user_last_name&quot;:&quot;UdayaR&quot;,&quot;user_contact_number&quot;:1234567803,&quot;user_email_id&quot;:&quot;Apicamp11@gmail.com&quot;,&quot;creation_time&quot;:&quot;2024-09-19T01:00:53.417+00:00&quot;,&quot;last_mod_time&quot;:&quot;2024-09-19T01:00:53.417+00:00&quot;},{&quot;userAddress&quot;:{&quot;addressId&quot;:528,&quot;plotNumber&quot;:&quot;113-AB&quot;,&quot;street&quot;:&quot;nehru streets&quot;,&quot;state&quot;:&quot;CA&quot;,&quot;country&quot;:&quot;USA&quot;,&quot;zipCode&quot;:93651},&quot;user_id&quot;:561,&quot;user_first_name&quot;:&quot;Karthi&quot;,&quot;user_last_name&quot;:&quot;UdayaR&quot;,&quot;user_contact_number&quot;:1234567805,&quot;user_email_id&quot;:&quot;Apicamp13@gmail.com&quot;,&quot;creation_time&quot;:&quot;2024-09-19T01:04:39.832+00:00&quot;,&quot;last_mod_time&quot;:&quot;2024-09-19T01:04:39.832+00:00&quot;},{&quot;userAddress&quot;:{&quot;addressId&quot;:529,&quot;plotNumber&quot;:&quot;114-AB&quot;,&quot;street&quot;:&quot;nehru streets&quot;,&quot;state&quot;:&quot;CA&quot;,&quot;country&quot;:&quot;USA&quot;,&quot;zipCode&quot;:93651},&quot;user_id&quot;:562,&quot;user_first_name&quot;:&quot;Karthi&quot;,&quot;user_last_name&quot;:&quot;UdayaR&quot;,&quot;user_contact_number&quot;:1234567806,&quot;user_email_id&quot;:&quot;Apicamp14@gmail.com&quot;,&quot;creation_time&quot;:&quot;2024-09-19T01:05:28.632+00:00&quot;,&quot;last_mod_time&quot;:&quot;2024-09-19T01:05:28.632+00:00&quot;},{&quot;userAddress&quot;:{&quot;addressId&quot;:530,&quot;plotNumber&quot;:&quot;115-AB&quot;,&quot;street&quot;:&quot;nehru streets&quot;,&quot;state&quot;:&quot;CA&quot;,&quot;country&quot;:&quot;USA&quot;,&quot;zipCode&quot;:93651},&quot;user_id&quot;:563,&quot;user_first_name&quot;:&quot;Karthi&quot;,&quot;user_last_name&quot;:&quot;UdayaR&quot;,&quot;user_contact_number&quot;:1234567807,&quot;user_email_id&quot;:&quot;Apicamp15@gmail.com&quot;,&quot;creation_time&quot;:&quot;2024-09-19T01:09:04.024+00:00&quot;,&quot;last_mod_time&quot;:&quot;2024-09-19T01:09:04.024+00:00&quot;},{&quot;userAddress&quot;:{&quot;addressId&quot;:532,&quot;plotNumber&quot;:&quot;116-AB&quot;,&quot;street&quot;:&quot;nehru streets&quot;,&quot;state&quot;:&quot;CA&quot;,&quot;country&quot;:&quot;USA&quot;,&quot;zipCode&quot;:93651},&quot;user_id&quot;:565,&quot;user_first_name&quot;:&quot;Karthi&quot;,&quot;user_last_name&quot;:&quot;UdayaR&quot;,&quot;user_contact_number&quot;:1234567808,&quot;user_email_id&quot;:&quot;Apicamp16@gmail.com&quot;,&quot;creation_time&quot;:&quot;2024-09-19T01:10:19.376+00:00&quot;,&quot;last_mod_time&quot;:&quot;2024-09-19T01:10:19.376+00:00&quot;},{&quot;userAddress&quot;:{&quot;addressId&quot;:537,&quot;plotNumber&quot;:&quot;13-B&quot;,&quot;street&quot;:&quot;Second St&quot;,&quot;state&quot;:&quot;OH&quot;,&quot;country&quot;:&quot;USA&quot;,&quot;zipCode&quot;:41050},&quot;user_id&quot;:570,&quot;user_first_name&quot;:&quot;Reema&quot;,&quot;user_last_name&quot;:&quot;Loomis&quot;,&quot;user_contact_number&quot;:5131129876,&quot;user_email_id&quot;:&quot;reema123@gmail.com&quot;,&quot;creation_time&quot;:&quot;2024-09-19T01:18:13.939+00:00&quot;,&quot;last_mod_time&quot;:&quot;2024-09-19T01:18:13.939+00:00&quot;},{&quot;userAddress&quot;:{&quot;addressId&quot;:551,&quot;plotNumber&quot;:&quot;125-AB&quot;,&quot;street&quot;:&quot;nehru streets&quot;,&quot;state&quot;:&quot;CA&quot;,&quot;country&quot;:&quot;USA&quot;,&quot;zipCode&quot;:93651},&quot;user_id&quot;:584,&quot;user_first_name&quot;:&quot;Karthi&quot;,&quot;user_last_name&quot;:&quot;UdayaR&quot;,&quot;user_contact_number&quot;:1234567999,&quot;user_email_id&quot;:&quot;Apicamp25@gmail.com&quot;,&quot;creation_time&quot;:&quot;2024-09-19T01:25:21.286+00:00&quot;,&quot;last_mod_time&quot;:&quot;2024-09-19T01:25:21.286+00:00&quot;},{&quot;userAddress&quot;:{&quot;addressId&quot;:554,&quot;plotNumber&quot;:&quot;127-AB&quot;,&quot;street&quot;:&quot;nehru streets&quot;,&quot;state&quot;:&quot;CA&quot;,&quot;country&quot;:&quot;USA&quot;,&quot;zipCode&quot;:93651},&quot;user_id&quot;:587,&quot;user_first_name&quot;:&quot;Karthi&quot;,&quot;user_last_name&quot;:&quot;UdayaR&quot;,&quot;user_contact_number&quot;:1234569991,&quot;user_email_id&quot;:&quot;Apicamp27@gmail.com&quot;,&quot;creation_time&quot;:&quot;2024-09-19T01:37:59.381+00:00&quot;,&quot;last_mod_time&quot;:&quot;2024-09-19T01:37:59.381+00:00&quot;},{&quot;userAddress&quot;:{&quot;addressId&quot;:555,&quot;plotNumber&quot;:&quot;128-AB&quot;,&quot;street&quot;:&quot;nehru streets&quot;,&quot;state&quot;:&quot;CA&quot;,&quot;country&quot;:&quot;USA&quot;,&quot;zipCode&quot;:93651},&quot;user_id&quot;:588,&quot;user_first_name&quot;:&quot;Karthi&quot;,&quot;user_last_name&quot;:&quot;UdayaR&quot;,&quot;user_contact_number&quot;:1234569992,&quot;user_email_id&quot;:&quot;Apicamp28@gmail.com&quot;,&quot;creation_time&quot;:&quot;2024-09-19T01:39:11.813+00:00&quot;,&quot;last_mod_time&quot;:&quot;2024-09-19T01:39:11.813+00:00&quot;},{&quot;userAddress&quot;:{&quot;addressId&quot;:557,&quot;plotNumber&quot;:null,&quot;street&quot;:null,&quot;state&quot;:&quot;KL&quot;,&quot;country&quot;:null,&quot;zipCode&quot;:123123},&quot;user_id&quot;:590,&quot;user_first_name&quot;:&quot;qcheck&quot;,&quot;user_last_name&quot;:&quot;rtre&quot;,&quot;user_contact_number&quot;:1901231101,&quot;user_email_id&quot;:&quot;a@da.com&quot;,&quot;creation_time&quot;:&quot;2024-09-19T01:43:25.295+00:00&quot;,&quot;last_mod_time&quot;:&quot;2024-09-19T01:43:25.295+00:00&quot;},{&quot;userAddress&quot;:{&quot;addressId&quot;:561,&quot;plotNumber&quot;:&quot;AS-96&quot;,&quot;street&quot;:&quot;Raymond St&quot;,&quot;state&quot;:&quot;NJ&quot;,&quot;country&quot;:&quot;USA&quot;,&quot;zipCode&quot;:null},&quot;user_id&quot;:594,&quot;user_first_name&quot;:&quot;TeamFive&quot;,&quot;user_last_name&quot;:&quot;Tester&quot;,&quot;user_contact_number&quot;:7896328964,&quot;user_email_id&quot;:&quot;testfive5@gmail.com&quot;,&quot;creation_time&quot;:&quot;2024-09-19T01:48:33.630+00:00&quot;,&quot;last_mod_time&quot;:&quot;2024-09-19T01:48:33.630+00:00&quot;},{&quot;userAddress&quot;:{&quot;addressId&quot;:562,&quot;plotNumber&quot;:&quot;1123-asa&quot;,&quot;street&quot;:null,&quot;state&quot;:&quot;KL&quot;,&quot;country&quot;:null,&quot;zipCode&quot;:123123},&quot;user_id&quot;:595,&quot;user_first_name&quot;:&quot;qcheck&quot;,&quot;user_last_name&quot;:&quot;rtre&quot;,&quot;user_contact_number&quot;:9901231101,&quot;user_email_id&quot;:&quot;b@da.com&quot;,&quot;creation_time&quot;:&quot;2024-09-19T01:49:51.515+00:00&quot;,&quot;last_mod_time&quot;:&quot;2024-09-19T01:49:51.515+00:00&quot;},{&quot;userAddress&quot;:{&quot;addressId&quot;:563,&quot;plotNumber&quot;:&quot;12-a&quot;,&quot;street&quot;:null,&quot;state&quot;:&quot;KL&quot;,&quot;country&quot;:null,&quot;zipCode&quot;:123123},&quot;user_id&quot;:596,&quot;user_first_name&quot;:&quot;check&quot;,&quot;user_last_name&quot;:&quot;tre&quot;,&quot;user_contact_number&quot;:4901231101,&quot;user_email_id&quot;:&quot;c@da.com&quot;,&quot;creation_time&quot;:&quot;2024-09-19T01:52:10.792+00:00&quot;,&quot;last_mod_time&quot;:&quot;2024-09-19T01:52:10.792+00:00&quot;},{&quot;userAddress&quot;:{&quot;addressId&quot;:567,&quot;plotNumber&quot;:&quot;12-a&quot;,&quot;street&quot;:null,&quot;state&quot;:&quot;KL&quot;,&quot;country&quot;:null,&quot;zipCode&quot;:123123},&quot;user_id&quot;:600,&quot;user_first_name&quot;:&quot;check&quot;,&quot;user_last_name&quot;:&quot;tre&quot;,&quot;user_contact_number&quot;:4900231101,&quot;user_email_id&quot;:&quot;d@da.com&quot;,&quot;creation_time&quot;:&quot;2024-09-19T01:54:48.727+00:00&quot;,&quot;last_mod_time&quot;:&quot;2024-09-19T01:54:48.727+00:00&quot;},{&quot;userAddress&quot;:{&quot;addressId&quot;:568,&quot;plotNumber&quot;:&quot;12-a&quot;,&quot;street&quot;:null,&quot;state&quot;:&quot;KL&quot;,&quot;country&quot;:null,&quot;zipCode&quot;:123123},&quot;user_id&quot;:601,&quot;user_first_name&quot;:&quot;check&quot;,&quot;user_last_name&quot;:&quot;tre&quot;,&quot;user_contact_number&quot;:9900231101,&quot;user_email_id&quot;:&quot;e@da.com&quot;,&quot;creation_time&quot;:&quot;2024-09-19T01:55:43.293+00:00&quot;,&quot;last_mod_time&quot;:&quot;2024-09-19T01:55:43.293+00:00&quot;},{&quot;userAddress&quot;:{&quot;addressId&quot;:3085,&quot;plotNumber&quot;:&quot;pl-72&quot;,&quot;street&quot;:&quot;Broadway&quot;,&quot;state&quot;:&quot;New Jersey&quot;,&quot;country&quot;:&quot;USA&quot;,&quot;zipCode&quot;:72363},&quot;user_id&quot;:3118,&quot;user_first_name&quot;:&quot;randomFirstName&quot;,&quot;user_last_name&quot;:&quot;randomLastName&quot;,&quot;user_contact_number&quot;:2757325148,&quot;user_email_id&quot;:&quot;user391@example.com&quot;,&quot;creation_time&quot;:&quot;2024-09-23T02:02:55.642+00:00&quot;,&quot;last_mod_time&quot;:&quot;2024-09-23T02:02:55.642+00:00&quot;},{&quot;userAddress&quot;:{&quot;addressId&quot;:570,&quot;plotNumber&quot;:&quot;12-a&quot;,&quot;street&quot;:null,&quot;state&quot;:&quot;KL&quot;,&quot;country&quot;:null,&quot;zipCode&quot;:123123},&quot;user_id&quot;:603,&quot;user_first_name&quot;:&quot;check&quot;,&quot;user_last_name&quot;:&quot;tre&quot;,&quot;user_contact_number&quot;:7900231101,&quot;user_email_id&quot;:&quot;f@da.com&quot;,&quot;creation_time&quot;:&quot;2024-09-19T01:58:14.208+00:00&quot;,&quot;last_mod_time&quot;:&quot;2024-09-19T01:58:14.208+00:00&quot;},{&quot;userAddress&quot;:{&quot;addressId&quot;:571,&quot;plotNumber&quot;:&quot;pl-12&quot;,&quot;street&quot;:&quot;Broadway&quot;,&quot;state&quot;:&quot;New Jersey&quot;,&quot;country&quot;:&quot;USA&quot;,&quot;zipCode&quot;:238282},&quot;user_id&quot;:604,&quot;user_first_name&quot;:&quot;Thanya&quot;,&quot;user_last_name&quot;:&quot;Gurdev&quot;,&quot;user_contact_number&quot;:2827283733,&quot;user_email_id&quot;:&quot;thanya@gmail.com&quot;,&quot;creation_time&quot;:&quot;2024-09-19T01:58:40.175+00:00&quot;,&quot;last_mod_time&quot;:&quot;2024-09-19T01:58:40.175+00:00&quot;},{&quot;userAddress&quot;:{&quot;addressId&quot;:572,&quot;plotNumber&quot;:&quot;12-a&quot;,&quot;street&quot;:null,&quot;state&quot;:&quot;KL&quot;,&quot;country&quot;:null,&quot;zipCode&quot;:123123},&quot;user_id&quot;:605,&quot;user_first_name&quot;:&quot;check&quot;,&quot;user_last_name&quot;:&quot;tre&quot;,&quot;user_contact_number&quot;:6900231101,&quot;user_email_id&quot;:&quot;k@da.com&quot;,&quot;creation_time&quot;:&quot;2024-09-19T01:58:40.454+00:00&quot;,&quot;last_mod_time&quot;:&quot;2024-09-19T01:58:40.454+00:00&quot;},{&quot;userAddress&quot;:{&quot;addressId&quot;:3564,&quot;plotNumber&quot;:&quot;ab-23&quot;,&quot;street&quot;:&quot;Berlington&quot;,&quot;state&quot;:&quot;Texas&quot;,&quot;country&quot;:&quot;USA&quot;,&quot;zipCode&quot;:77031},&quot;user_id&quot;:3597,&quot;user_first_name&quot;:&quot;Dilina&quot;,&quot;user_last_name&quot;:&quot;Divan&quot;,&quot;user_contact_number&quot;:2455855196,&quot;user_email_id&quot;:&quot;cc210@gmail.com&quot;,&quot;creation_time&quot;:&quot;2024-09-23T13:53:31.352+00:00&quot;,&quot;last_mod_time&quot;:&quot;2024-09-23T13:53:31.352+00:00&quot;},{&quot;userAddress&quot;:{&quot;addressId&quot;:616,&quot;plotNumber&quot;:&quot;Prestwick-201&quot;,&quot;street&quot;:&quot;parkerlind&quot;,&quot;state&quot;:&quot;NY&quot;,&quot;country&quot;:&quot;USA&quot;,&quot;zipCode&quot;:76567},&quot;user_id&quot;:649,&quot;user_first_name&quot;:&quot;Gow&quot;,&quot;user_last_name&quot;:&quot;Addala&quot;,&quot;user_contact_number&quot;:4468869123,&quot;user_email_id&quot;:&quot;gowthami.addala@gmail.com&quot;,&quot;creation_time&quot;:&quot;2024-09-19T03:07:08.785+00:00&quot;,&quot;last_mod_time&quot;:&quot;2024-09-19T03:07:08.785+00:00&quot;},{&quot;userAddress&quot;:{&quot;addressId&quot;:3336,&quot;plotNumber&quot;:&quot;987-C&quot;,&quot;street&quot;:&quot;berry&quot;,&quot;state&quot;:&quot;tx&quot;,&quot;country&quot;:&quot;usa&quot;,&quot;zipCode&quot;:542576},&quot;user_id&quot;:3369,&quot;user_first_name&quot;:&quot;moni&quot;,&quot;user_last_name&quot;:&quot;john&quot;,&quot;user_contact_number&quot;:9726789543,&quot;user_email_id&quot;:&quot;joijkun23@gmail.com&quot;,&quot;creation_time&quot;:&quot;2024-09-23T05:17:02.309+00:00&quot;,&quot;last_mod_time&quot;:&quot;2024-09-23T05:17:02.309+00:00&quot;},{&quot;userAddress&quot;:{&quot;addressId&quot;:576,&quot;plotNumber&quot;:&quot;12-a&quot;,&quot;street&quot;:null,&quot;state&quot;:null,&quot;country&quot;:null,&quot;zipCode&quot;:123123},&quot;user_id&quot;:609,&quot;user_first_name&quot;:&quot;check&quot;,&quot;user_last_name&quot;:&quot;tre&quot;,&quot;user_contact_number&quot;:5900231101,&quot;user_email_id&quot;:&quot;l@da.com&quot;,&quot;creation_time&quot;:&quot;2024-09-19T02:03:33.934+00:00&quot;,&quot;last_mod_time&quot;:&quot;2024-09-19T02:03:33.934+00:00&quot;},{&quot;userAddress&quot;:{&quot;addressId&quot;:577,&quot;plotNumber&quot;:&quot;pl-12&quot;,&quot;street&quot;:&quot;Broadway&quot;,&quot;state&quot;:&quot;New Jersey&quot;,&quot;country&quot;:&quot;USA&quot;,&quot;zipCode&quot;:238282},&quot;user_id&quot;:610,&quot;user_first_name&quot;:&quot;Thanya&quot;,&quot;user_last_name&quot;:&quot;Gurdev&quot;,&quot;user_contact_number&quot;:2827281733,&quot;user_email_id&quot;:&quot;thanya2@gmail.com&quot;,&quot;creation_time&quot;:&quot;2024-09-19T02:04:35.865+00:00&quot;,&quot;last_mod_time&quot;:&quot;2024-09-19T02:04:35.865+00:00&quot;},{&quot;userAddress&quot;:{&quot;addressId&quot;:578,&quot;plotNumber&quot;:&quot;12-a&quot;,&quot;street&quot;:null,&quot;state&quot;:&quot;hhhhhhhhhhhhhhhhhhhhhhhhhhhh&quot;,&quot;country&quot;:null,&quot;zipCode&quot;:123123},&quot;user_id&quot;:611,&quot;user_first_name&quot;:&quot;check&quot;,&quot;user_last_name&quot;:&quot;tre&quot;,&quot;user_contact_number&quot;:7000231101,&quot;user_email_id&quot;:&quot;m@da.com&quot;,&quot;creation_time&quot;:&quot;2024-09-19T02:05:16.244+00:00&quot;,&quot;last_mod_time&quot;:&quot;2024-09-19T02:05:16.244+00:00&quot;},{&quot;userAddress&quot;:{&quot;addressId&quot;:702,&quot;plotNumber&quot;:&quot;12-D&quot;,&quot;street&quot;:&quot;paris street&quot;,&quot;state&quot;:&quot;VA&quot;,&quot;country&quot;:&quot;USA&quot;,&quot;zipCode&quot;:19844},&quot;user_id&quot;:735,&quot;user_first_name&quot;:&quot;August&quot;,&quot;user_last_name&quot;:&quot;may&quot;,&quot;user_contact_number&quot;:7208206420,&quot;user_email_id&quot;:&quot;august.may@gmail.com&quot;,&quot;creation_time&quot;:&quot;2024-09-19T14:50:17.922+00:00&quot;,&quot;last_mod_time&quot;:&quot;2024-09-19T22:27:20.597+00:00&quot;},{&quot;userAddress&quot;:{&quot;addressId&quot;:581,&quot;plotNumber&quot;:&quot;12-a&quot;,&quot;street&quot;:null,&quot;state&quot;:&quot;hi&quot;,&quot;country&quot;:null,&quot;zipCode&quot;:123123},&quot;user_id&quot;:614,&quot;user_first_name&quot;:&quot;check&quot;,&quot;user_last_name&quot;:&quot;tre&quot;,&quot;user_contact_number&quot;:1000231101,&quot;user_email_id&quot;:&quot;p@da.com&quot;,&quot;creation_time&quot;:&quot;2024-09-19T02:11:35.675+00:00&quot;,&quot;last_mod_time&quot;:&quot;2024-09-19T02:11:35.675+00:00&quot;},{&quot;userAddress&quot;:{&quot;addressId&quot;:728,&quot;plotNumber&quot;:&quot;897-A&quot;,&quot;street&quot;:&quot;creek&quot;,&quot;state&quot;:&quot;illnois&quot;,&quot;country&quot;:&quot;usa&quot;,&quot;zipCode&quot;:98765},&quot;user_id&quot;:761,&quot;user_first_name&quot;:&quot;sai&quot;,&quot;user_last_name&quot;:&quot;rampol&quot;,&quot;user_contact_number&quot;:2309872351,&quot;user_email_id&quot;:&quot;pleklr87@gmail.com&quot;,&quot;creation_time&quot;:&quot;2024-09-19T16:01:03.332+00:00&quot;,&quot;last_mod_time&quot;:&quot;2024-09-19T16:01:03.332+00:00&quot;},{&quot;userAddress&quot;:{&quot;addressId&quot;:1302,&quot;plotNumber&quot;:&quot;pn-03&quot;,&quot;street&quot;:&quot;enter st&quot;,&quot;state&quot;:&quot;texas&quot;,&quot;country&quot;:&quot;USA&quot;,&quot;zipCode&quot;:99993},&quot;user_id&quot;:1335,&quot;user_first_name&quot;:&quot;gayu&quot;,&quot;user_last_name&quot;:&quot;swn&quot;,&quot;user_contact_number&quot;:1063334444,&quot;user_email_id&quot;:&quot;gg2@gmail.com&quot;,&quot;creation_time&quot;:&quot;2024-09-20T16:53:54.363+00:00&quot;,&quot;last_mod_time&quot;:&quot;2024-09-20T16:53:54.363+00:00&quot;},{&quot;userAddress&quot;:{&quot;addressId&quot;:584,&quot;plotNumber&quot;:&quot;12-a&quot;,&quot;street&quot;:null,&quot;state&quot;:&quot;hi&quot;,&quot;country&quot;:null,&quot;zipCode&quot;:123123},&quot;user_id&quot;:617,&quot;user_first_name&quot;:&quot;check&quot;,&quot;user_last_name&quot;:&quot;tre&quot;,&quot;user_contact_number&quot;:9000231101,&quot;user_email_id&quot;:&quot;o@da.com&quot;,&quot;creation_time&quot;:&quot;2024-09-19T02:12:24.287+00:00&quot;,&quot;last_mod_time&quot;:&quot;2024-09-19T02:12:24.287+00:00&quot;},{&quot;userAddress&quot;:{&quot;addressId&quot;:4221,&quot;plotNumber&quot;:&quot;10-B&quot;,&quot;street&quot;:&quot;Second St&quot;,&quot;state&quot;:&quot;OH&quot;,&quot;country&quot;:&quot;USA&quot;,&quot;zipCode&quot;:41050},&quot;user_id&quot;:4254,&quot;user_first_name&quot;:&quot;mahesh&quot;,&quot;user_last_name&quot;:&quot;james&quot;,&quot;user_contact_number&quot;:5131129870,&quot;user_email_id&quot;:&quot;reetajames1@gmail.com&quot;,&quot;creation_time&quot;:&quot;2024-09-23T18:41:04.972+00:00&quot;,&quot;last_mod_time&quot;:&quot;2024-09-23T18:41:04.972+00:00&quot;},{&quot;userAddress&quot;:{&quot;addressId&quot;:586,&quot;plotNumber&quot;:&quot;12-a&quot;,&quot;street&quot;:null,&quot;state&quot;:&quot;hi&quot;,&quot;country&quot;:null,&quot;zipCode&quot;:null},&quot;user_id&quot;:619,&quot;user_first_name&quot;:&quot;check&quot;,&quot;user_last_name&quot;:&quot;tre&quot;,&quot;user_contact_number&quot;:9000231901,&quot;user_email_id&quot;:&quot;i@da.com&quot;,&quot;creation_time&quot;:&quot;2024-09-19T02:12:58.273+00:00&quot;,&quot;last_mod_time&quot;:&quot;2024-09-19T02:12:58.273+00:00&quot;},{&quot;userAddress&quot;:{&quot;addressId&quot;:587,&quot;plotNumber&quot;:&quot;132-AtB&quot;,&quot;street&quot;:&quot;nehru streets&quot;,&quot;state&quot;:&quot;CA&quot;,&quot;country&quot;:&quot;USA&quot;,&quot;zipCode&quot;:93651},&quot;user_id&quot;:620,&quot;user_first_name&quot;:&quot;Karthi&quot;,&quot;user_last_name&quot;:&quot;UdayaR&quot;,&quot;user_contact_number&quot;:1234569995,&quot;user_email_id&quot;:&quot;Apicamp32@gmail.com&quot;,&quot;creation_time&quot;:&quot;2024-09-19T02:14:01.305+00:00&quot;,&quot;last_mod_time&quot;:&quot;2024-09-19T02:14:01.305+00:00&quot;},{&quot;userAddress&quot;:{&quot;addressId&quot;:8346,&quot;plotNumber&quot;:&quot;P1-10&quot;,&quot;street&quot;:&quot;Goyette Cliffs&quot;,&quot;state&quot;:&quot;TX&quot;,&quot;country&quot;:&quot;USA&quot;,&quot;zipCode&quot;:12356},&quot;user_id&quot;:8378,&quot;user_first_name&quot;:&quot;Domenica&quot;,&quot;user_last_name&quot;:&quot;Koss&quot;,&quot;user_contact_number&quot;:3607896179,&quot;user_email_id&quot;:&quot;Makenzie.Kemmer@hotmail.com&quot;,&quot;creation_time&quot;:&quot;2024-10-12T22:05:46.049+00:00&quot;,&quot;last_mod_time&quot;:&quot;2024-10-12T22:05:46.049+00:00&quot;},{&quot;userAddress&quot;:{&quot;addressId&quot;:1851,&quot;plotNumber&quot;:&quot;A-202&quot;,&quot;street&quot;:&quot;lincon&quot;,&quot;state&quot;:&quot;Wa&quot;,&quot;country&quot;:&quot;USA&quot;,&quot;zipCode&quot;:98007},&quot;user_id&quot;:1884,&quot;user_first_name&quot;:&quot;Khushboo&quot;,&quot;user_last_name&quot;:&quot;Sharma&quot;,&quot;user_contact_number&quot;:2312309876,&quot;user_email_id&quot;:&quot;khushboo_Team09.Sharma@gmail.com&quot;,&quot;creation_time&quot;:&quot;2024-09-21T04:30:48.045+00:00&quot;,&quot;last_mod_time&quot;:&quot;2024-09-21T04:30:48.045+00:00&quot;},{&quot;userAddress&quot;:{&quot;addressId&quot;:590,&quot;plotNumber&quot;:&quot;897-A&quot;,&quot;street&quot;:&quot;creek&quot;,&quot;state&quot;:&quot;illnois&quot;,&quot;country&quot;:&quot;usa&quot;,&quot;zipCode&quot;:98765},&quot;user_id&quot;:623,&quot;user_first_name&quot;:&quot;sai&quot;,&quot;user_last_name&quot;:&quot;rampol&quot;,&quot;user_contact_number&quot;:7563190876,&quot;user_email_id&quot;:&quot;lkom78jhj3sai@gmail.com&quot;,&quot;creation_time&quot;:&quot;2024-09-19T02:15:04.935+00:00&quot;,&quot;last_mod_time&quot;:&quot;2024-09-19T02:15:04.935+00:00&quot;},{&quot;userAddress&quot;:{&quot;addressId&quot;:591,&quot;plotNumber&quot;:&quot;456-D&quot;,&quot;street&quot;:&quot;lake&quot;,&quot;state&quot;:&quot;tx&quot;,&quot;country&quot;:&quot;usa&quot;,&quot;zipCode&quot;:98545},&quot;user_id&quot;:624,&quot;user_first_name&quot;:&quot;mok&quot;,&quot;user_last_name&quot;:&quot;ninbn&quot;,&quot;user_contact_number&quot;:4560983456,&quot;user_email_id&quot;:&quot;kmo89ij@gmail.com&quot;,&quot;creation_time&quot;:&quot;2024-09-19T02:15:05.098+00:00&quot;,&quot;last_mod_time&quot;:&quot;2024-09-19T02:15:05.098+00:00&quot;},{&quot;userAddress&quot;:{&quot;addressId&quot;:592,&quot;plotNumber&quot;:&quot;987-C&quot;,&quot;street&quot;:&quot;bwood&quot;,&quot;state&quot;:&quot;ny&quot;,&quot;country&quot;:&quot;usa&quot;,&quot;zipCode&quot;:87962},&quot;user_id&quot;:625,&quot;user_first_name&quot;:&quot;pqp&quot;,&quot;user_last_name&quot;:&quot;mkjuh&quot;,&quot;user_contact_number&quot;:3498742198,&quot;user_email_id&quot;:&quot;nik67mk@gmail.com&quot;,&quot;creation_time&quot;:&quot;2024-09-19T02:15:05.258+00:00&quot;,&quot;last_mod_time&quot;:&quot;2024-09-19T02:15:05.258+00:00&quot;},{&quot;userAddress&quot;:{&quot;addressId&quot;:593,&quot;plotNumber&quot;:&quot;12-a&quot;,&quot;street&quot;:null,&quot;state&quot;:&quot;hi&quot;,&quot;country&quot;:null,&quot;zipCode&quot;:null},&quot;user_id&quot;:626,&quot;user_first_name&quot;:&quot;check&quot;,&quot;user_last_name&quot;:&quot;tre&quot;,&quot;user_contact_number&quot;:9900231901,&quot;user_email_id&quot;:&quot;j@da.com&quot;,&quot;creation_time&quot;:&quot;2024-09-19T02:15:57.976+00:00&quot;,&quot;last_mod_time&quot;:&quot;2024-09-19T02:15:57.976+00:00&quot;},{&quot;userAddress&quot;:{&quot;addressId&quot;:594,&quot;plotNumber&quot;:&quot;12-a&quot;,&quot;street&quot;:null,&quot;state&quot;:&quot;hi&quot;,&quot;country&quot;:null,&quot;zipCode&quot;:1},&quot;user_id&quot;:627,&quot;user_first_name&quot;:&quot;check&quot;,&quot;user_last_name&quot;:&quot;tre&quot;,&quot;user_contact_number&quot;:1900231901,&quot;user_email_id&quot;:&quot;z@da.com&quot;,&quot;creation_time&quot;:&quot;2024-09-19T02:19:48.617+00:00&quot;,&quot;last_mod_time&quot;:&quot;2024-09-19T02:19:48.617+00:00&quot;},{&quot;userAddress&quot;:{&quot;addressId&quot;:3152,&quot;plotNumber&quot;:&quot;307-A&quot;,&quot;street&quot;:&quot;laplace&quot;,&quot;state&quot;:&quot;PA&quot;,&quot;country&quot;:&quot;USA&quot;,&quot;zipCode&quot;:90876},&quot;user_id&quot;:3185,&quot;user_first_name&quot;:&quot;TestUserrr&quot;,&quot;user_last_name&quot;:&quot;TewstUserr&quot;,&quot;user_contact_number&quot;:2323232390,&quot;user_email_id&quot;:&quot;2390@gmail.com&quot;,&quot;creation_time&quot;:&quot;2024-09-23T02:52:19.073+00:00&quot;,&quot;last_mod_time&quot;:&quot;2024-09-23T02:52:19.073+00:00&quot;},{&quot;userAddress&quot;:{&quot;addressId&quot;:4222,&quot;plotNumber&quot;:&quot;13-B&quot;,&quot;street&quot;:&quot;Second St&quot;,&quot;state&quot;:&quot;OH&quot;,&quot;country&quot;:&quot;USA&quot;,&quot;zipCode&quot;:41050},&quot;user_id&quot;:4255,&quot;user_first_name&quot;:&quot;Reemasen&quot;,&quot;user_last_name&quot;:&quot;Loomisjunior&quot;,&quot;user_contact_number&quot;:5131129826,&quot;user_email_id&quot;:&quot;reema1234@gmail.com&quot;,&quot;creation_time&quot;:&quot;2024-09-23T18:42:29.951+00:00&quot;,&quot;last_mod_time&quot;:&quot;2024-09-23T18:42:29.951+00:00&quot;},{&quot;userAddress&quot;:{&quot;addressId&quot;:2713,&quot;plotNumber&quot;:&quot;a-30&quot;,&quot;street&quot;:&quot;DISNEY STREET&quot;,&quot;state&quot;:&quot;FL&quot;,&quot;country&quot;:&quot;usa&quot;,&quot;zipCode&quot;:76764},&quot;user_id&quot;:2746,&quot;user_first_name&quot;:&quot;fevers&quot;,&quot;user_last_name&quot;:&quot;SINGH&quot;,&quot;user_contact_number&quot;:1234357982,&quot;user_email_id&quot;:&quot;sumona1234@gmail.com&quot;,&quot;creation_time&quot;:&quot;2024-09-22T20:25:27.519+00:00&quot;,&quot;last_mod_time&quot;:&quot;2024-09-22T20:25:27.519+00:00&quot;},{&quot;userAddress&quot;:{&quot;addressId&quot;:1221,&quot;plotNumber&quot;:&quot;pl-373&quot;,&quot;street&quot;:&quot;Cypress&quot;,&quot;state&quot;:&quot;GA&quot;,&quot;country&quot;:&quot;USA&quot;,&quot;zipCode&quot;:30225},&quot;user_id&quot;:1254,&quot;user_first_name&quot;:&quot;last&quot;,&quot;user_last_name&quot;:&quot;Pk&quot;,&quot;user_contact_number&quot;:2219352803,&quot;user_email_id&quot;:&quot;lastpk1@gmail.com&quot;,&quot;creation_time&quot;:&quot;2024-09-20T14:37:35.157+00:00&quot;,&quot;last_mod_time&quot;:&quot;2024-09-20T14:37:35.157+00:00&quot;},{&quot;userAddress&quot;:{&quot;addressId&quot;:6118,&quot;plotNumber&quot;:&quot;pl-12&quot;,&quot;street&quot;:null,&quot;state&quot;:&quot;CA&quot;,&quot;country&quot;:null,&quot;zipCode&quot;:12345},&quot;user_id&quot;:6151,&quot;user_first_name&quot;:&quot;newname&quot;,&quot;user_last_name&quot;:&quot;lastnewneme&quot;,&quot;user_contact_number&quot;:9100220033,&quot;user_email_id&quot;:&quot;newnam1e@example.com&quot;,&quot;creation_time&quot;:&quot;2024-09-28T05:19:05.208+00:00&quot;,&quot;last_mod_time&quot;:&quot;2024-09-28T05:19:05.208+00:00&quot;},{&quot;userAddress&quot;:{&quot;addressId&quot;:1982,&quot;plotNumber&quot;:&quot;j-4&quot;,&quot;street&quot;:null,&quot;state&quot;:&quot;halifax&quot;,&quot;country&quot;:null,&quot;zipCode&quot;:3456},&quot;user_id&quot;:2015,&quot;user_first_name&quot;:&quot;retre&quot;,&quot;user_last_name&quot;:&quot;moha&quot;,&quot;user_contact_number&quot;:9790333377,&quot;user_email_id&quot;:&quot;uyji60u@gmail.com&quot;,&quot;creation_time&quot;:&quot;2024-09-21T16:59:10.063+00:00&quot;,&quot;last_mod_time&quot;:&quot;2024-09-21T16:59:10.063+00:00&quot;},{&quot;userAddress&quot;:{&quot;addressId&quot;:3092,&quot;plotNumber&quot;:&quot;A-30&quot;,&quot;street&quot;:&quot;DISNEY STREET&quot;,&quot;state&quot;:&quot;FL&quot;,&quot;country&quot;:&quot;USA&quot;,&quot;zipCode&quot;:null},&quot;user_id&quot;:3125,&quot;user_first_name&quot;:&quot;ANUS&quot;,&quot;user_last_name&quot;:&quot;PIPER&quot;,&quot;user_contact_number&quot;:1334568762,&quot;user_email_id&quot;:&quot;sumona12HF28@gmail.com&quot;,&quot;creation_time&quot;:&quot;2024-09-23T02:07:05.288+00:00&quot;,&quot;last_mod_time&quot;:&quot;2024-09-23T02:07:05.288+00:00&quot;},{&quot;userAddress&quot;:{&quot;addressId&quot;:603,&quot;plotNumber&quot;:&quot;12-a&quot;,&quot;street&quot;:null,&quot;state&quot;:&quot;hi&quot;,&quot;country&quot;:null,&quot;zipCode&quot;:12345},&quot;user_id&quot;:636,&quot;user_first_name&quot;:&quot;check&quot;,&quot;user_last_name&quot;:&quot;tre&quot;,&quot;user_contact_number&quot;:1900231900,&quot;user_email_id&quot;:&quot;q@da.com&quot;,&quot;creation_time&quot;:&quot;2024-09-19T02:28:04.949+00:00&quot;,&quot;last_mod_time&quot;:&quot;2024-09-19T02:28:04.949+00:00&quot;},{&quot;userAddress&quot;:{&quot;addressId&quot;:604,&quot;plotNumber&quot;:&quot;12-a&quot;,&quot;street&quot;:null,&quot;state&quot;:&quot;hi&quot;,&quot;country&quot;:null,&quot;zipCode&quot;:1234567},&quot;user_id&quot;:637,&quot;user_first_name&quot;:&quot;check&quot;,&quot;user_last_name&quot;:&quot;tre&quot;,&quot;user_contact_number&quot;:1908231900,&quot;user_email_id&quot;:&quot;x@da.com&quot;,&quot;creation_time&quot;:&quot;2024-09-19T02:28:35.297+00:00&quot;,&quot;last_mod_time&quot;:&quot;2024-09-19T02:28:35.297+00:00&quot;},{&quot;userAddress&quot;:{&quot;addressId&quot;:3153,&quot;plotNumber&quot;:&quot;307-A&quot;,&quot;street&quot;:&quot;laplace&quot;,&quot;state&quot;:&quot;PA&quot;,&quot;country&quot;:&quot;USA&quot;,&quot;zipCode&quot;:90876},&quot;user_id&quot;:3186,&quot;user_first_name&quot;:&quot;TestUserc&quot;,&quot;user_last_name&quot;:&quot;TestUserq&quot;,&quot;user_contact_number&quot;:2222487901,&quot;user_email_id&quot;:&quot;demo20@gmail.com&quot;,&quot;creation_time&quot;:&quot;2024-09-23T02:52:19.356+00:00&quot;,&quot;last_mod_time&quot;:&quot;2024-09-23T02:52:19.356+00:00&quot;},{&quot;userAddress&quot;:{&quot;addressId&quot;:4223,&quot;plotNumber&quot;:&quot;3-avon&quot;,&quot;street&quot;:&quot;avon rd&quot;,&quot;state&quot;:&quot;pa&quot;,&quot;country&quot;:&quot;usa&quot;,&quot;zipCode&quot;:34343},&quot;user_id&quot;:4256,&quot;user_first_name&quot;:&quot;Param&quot;,&quot;user_last_name&quot;:&quot;Kuppu&quot;,&quot;user_contact_number&quot;:7676565656,&quot;user_email_id&quot;:&quot;param.kuppu@gmail.com&quot;,&quot;creation_time&quot;:&quot;2024-09-23T18:47:17.484+00:00&quot;,&quot;last_mod_time&quot;:&quot;2024-09-23T18:47:17.484+00:00&quot;},{&quot;userAddress&quot;:{&quot;addressId&quot;:4224,&quot;plotNumber&quot;:&quot;J-26&quot;,&quot;street&quot;:&quot;Jhonson Ferry&quot;,&quot;state&quot;:&quot;GA&quot;,&quot;country&quot;:null,&quot;zipCode&quot;:300007},&quot;user_id&quot;:4257,&quot;user_first_name&quot;:&quot;Kathi&quot;,&quot;user_last_name&quot;:&quot;Vamshi&quot;,&quot;user_contact_number&quot;:7812444578,&quot;user_email_id&quot;:&quot;XXX@gmail.com&quot;,&quot;creation_time&quot;:&quot;2024-09-23T18:47:25.306+00:00&quot;,&quot;last_mod_time&quot;:&quot;2024-09-23T18:47:25.306+00:00&quot;},{&quot;userAddress&quot;:{&quot;addressId&quot;:4421,&quot;plotNumber&quot;:&quot;p1-098&quot;,&quot;street&quot;:null,&quot;state&quot;:&quot;uibhjkl&quot;,&quot;country&quot;:null,&quot;zipCode&quot;:90865},&quot;user_id&quot;:4454,&quot;user_first_name&quot;:&quot;bngetnmgh&quot;,&quot;user_last_name&quot;:&quot;vhjjvbhj&quot;,&quot;user_contact_number&quot;:1707250346,&quot;user_email_id&quot;:&quot;cvfa.nme-1727282878792@example.com&quot;,&quot;creation_time&quot;:&quot;2024-09-25T16:47:59.305+00:00&quot;,&quot;last_mod_time&quot;:&quot;2024-09-25T16:47:59.305+00:00&quot;},{&quot;userAddress&quot;:{&quot;addressId&quot;:1740,&quot;plotNumber&quot;:&quot;L-1&quot;,&quot;street&quot;:&quot;Blackwood Dr&quot;,&quot;state&quot;:&quot;Indianapolis&quot;,&quot;country&quot;:&quot;USA&quot;,&quot;zipCode&quot;:64087},&quot;user_id&quot;:1773,&quot;user_first_name&quot;:&quot;natas&quot;,&quot;user_last_name&quot;:&quot;jim&quot;,&quot;user_contact_number&quot;:5430450139,&quot;user_email_id&quot;:&quot;123456@gmail.com&quot;,&quot;creation_time&quot;:&quot;2024-09-21T00:22:02.248+00:00&quot;,&quot;last_mod_time&quot;:&quot;2024-09-21T00:22:02.248+00:00&quot;},{&quot;userAddress&quot;:{&quot;addressId&quot;:755,&quot;plotNumber&quot;:&quot;10-C&quot;,&quot;street&quot;:&quot;Second St&quot;,&quot;state&quot;:&quot;OH&quot;,&quot;country&quot;:&quot;USA&quot;,&quot;zipCode&quot;:41050},&quot;user_id&quot;:788,&quot;user_first_name&quot;:&quot;kaveri&quot;,&quot;user_last_name&quot;:&quot;james&quot;,&quot;user_contact_number&quot;:5131129871,&quot;user_email_id&quot;:&quot;reetajames2@gmail.com&quot;,&quot;creation_time&quot;:&quot;2024-09-19T16:39:09.005+00:00&quot;,&quot;last_mod_time&quot;:&quot;2024-09-19T16:39:09.005+00:00&quot;},{&quot;userAddress&quot;:{&quot;addressId&quot;:4422,&quot;plotNumber&quot;:&quot;ab-13&quot;,&quot;street&quot;:&quot;Irving&quot;,&quot;state&quot;:&quot;Texas&quot;,&quot;country&quot;:&quot;USA&quot;,&quot;zipCode&quot;:77144},&quot;user_id&quot;:4455,&quot;user_first_name&quot;:&quot;Darsh&quot;,&quot;user_last_name&quot;:&quot;Shebi&quot;,&quot;user_contact_number&quot;:9988776654,&quot;user_email_id&quot;:&quot;Darsh18@gmail.com&quot;,&quot;creation_time&quot;:&quot;2024-09-25T16:57:05.033+00:00&quot;,&quot;last_mod_time&quot;:&quot;2024-09-25T16:57:05.033+00:00&quot;},{&quot;userAddress&quot;:{&quot;addressId&quot;:4226,&quot;plotNumber&quot;:&quot;J-26&quot;,&quot;street&quot;:&quot;Jhonson Ferry&quot;,&quot;state&quot;:&quot;GA&quot;,&quot;country&quot;:&quot;USA&quot;,&quot;zipCode&quot;:30014007},&quot;user_id&quot;:4259,&quot;user_first_name&quot;:&quot;Kirth&quot;,&quot;user_last_name&quot;:&quot;Vamsh&quot;,&quot;user_contact_number&quot;:1112344578,&quot;user_email_id&quot;:&quot;HHH@gmail.com&quot;,&quot;creation_time&quot;:&quot;2024-09-23T18:49:57.987+00:00&quot;,&quot;last_mod_time&quot;:&quot;2024-09-23T18:49:57.987+00:00&quot;},{&quot;userAddress&quot;:{&quot;addressId&quot;:2642,&quot;plotNumber&quot;:&quot;pl-13&quot;,&quot;street&quot;:&quot;Broadway&quot;,&quot;state&quot;:&quot;New Jersey&quot;,&quot;country&quot;:&quot;USA&quot;,&quot;zipCode&quot;:837300},&quot;user_id&quot;:2675,&quot;user_first_name&quot;:&quot;dheenatha&quot;,&quot;user_last_name&quot;:&quot;selva&quot;,&quot;user_contact_number&quot;:7009998088,&quot;user_email_id&quot;:&quot;zi2@gmail.com&quot;,&quot;creation_time&quot;:&quot;2024-09-22T18:50:45.335+00:00&quot;,&quot;last_mod_time&quot;:&quot;2024-09-23T02:12:21.179+00:00&quot;},{&quot;userAddress&quot;:{&quot;addressId&quot;:3408,&quot;plotNumber&quot;:&quot;pl-hjki&quot;,&quot;street&quot;:&quot;Wolf&quot;,&quot;state&quot;:&quot;Washington&quot;,&quot;country&quot;:&quot;USA&quot;,&quot;zipCode&quot;:22862},&quot;user_id&quot;:3441,&quot;user_first_name&quot;:&quot;Qary&quot;,&quot;user_last_name&quot;:&quot;Stark&quot;,&quot;user_contact_number&quot;:8973344897,&quot;user_email_id&quot;:&quot;Garygot34@got.com&quot;,&quot;creation_time&quot;:&quot;2024-09-23T13:14:09.976+00:00&quot;,&quot;last_mod_time&quot;:&quot;2024-09-23T13:14:09.976+00:00&quot;},{&quot;userAddress&quot;:{&quot;addressId&quot;:580,&quot;plotNumber&quot;:&quot;134-AtB&quot;,&quot;street&quot;:&quot;nehru streets&quot;,&quot;state&quot;:&quot;mask&quot;,&quot;country&quot;:&quot;INDIA&quot;,&quot;zipCode&quot;:96611},&quot;user_id&quot;:613,&quot;user_first_name&quot;:&quot;Adiu&quot;,&quot;user_last_name&quot;:&quot;Ramkar&quot;,&quot;user_contact_number&quot;:1234569997,&quot;user_email_id&quot;:&quot;Apicamp39@gmail.com&quot;,&quot;creation_time&quot;:&quot;2024-09-19T02:07:10.135+00:00&quot;,&quot;last_mod_time&quot;:&quot;2024-09-19T05:30:48.041+00:00&quot;},{&quot;userAddress&quot;:{&quot;addressId&quot;:1741,&quot;plotNumber&quot;:&quot;L-1&quot;,&quot;street&quot;:&quot;Blackwood Dr&quot;,&quot;state&quot;:&quot;Indianapolis&quot;,&quot;country&quot;:&quot;USA&quot;,&quot;zipCode&quot;:64087},&quot;user_id&quot;:1774,&quot;user_first_name&quot;:&quot;natas&quot;,&quot;user_last_name&quot;:&quot;jim&quot;,&quot;user_contact_number&quot;:5431450139,&quot;user_email_id&quot;:&quot;123456@gm123l.com&quot;,&quot;creation_time&quot;:&quot;2024-09-21T00:22:26.964+00:00&quot;,&quot;last_mod_time&quot;:&quot;2024-09-21T00:22:26.964+00:00&quot;},{&quot;userAddress&quot;:{&quot;addressId&quot;:3409,&quot;plotNumber&quot;:&quot;pl-221&quot;,&quot;street&quot;:&quot;Wolf&quot;,&quot;state&quot;:&quot;Washington&quot;,&quot;country&quot;:&quot;USA&quot;,&quot;zipCode&quot;:22862},&quot;user_id&quot;:3442,&quot;user_first_name&quot;:&quot;Qary&quot;,&quot;user_last_name&quot;:&quot;Stark&quot;,&quot;user_contact_number&quot;:8973344898,&quot;user_email_id&quot;:&quot;Garygot67@got.com&quot;,&quot;creation_time&quot;:&quot;2024-09-23T13:14:10.069+00:00&quot;,&quot;last_mod_time&quot;:&quot;2024-09-23T13:14:10.069+00:00&quot;},{&quot;userAddress&quot;:{&quot;addressId&quot;:4423,&quot;plotNumber&quot;:&quot;p1-098&quot;,&quot;street&quot;:&quot;cxvbmnb &quot;,&quot;state&quot;:&quot;uibhjkl&quot;,&quot;country&quot;:&quot;USA&quot;,&quot;zipCode&quot;:90865},&quot;user_id&quot;:4456,&quot;user_first_name&quot;:&quot;bngetnklmgh&quot;,&quot;user_last_name&quot;:&quot;vhjjvbashj&quot;,&quot;user_contact_number&quot;:1058834052,&quot;user_email_id&quot;:&quot;cvfa.nme-1727283451293@example.com&quot;,&quot;creation_time&quot;:&quot;2024-09-25T16:57:31.853+00:00&quot;,&quot;last_mod_time&quot;:&quot;2024-09-25T16:57:31.853+00:00&quot;},{&quot;userAddress&quot;:{&quot;addressId&quot;:4446,&quot;plotNumber&quot;:&quot;p1-101&quot;,&quot;street&quot;:&quot;cxvbmnb &quot;,&quot;state&quot;:&quot;uibhjkl&quot;,&quot;country&quot;:&quot;USA&quot;,&quot;zipCode&quot;:90865},&quot;user_id&quot;:4479,&quot;user_first_name&quot;:&quot;bklfgekl&quot;,&quot;user_last_name&quot;:&quot;vdvhjdrop&quot;,&quot;user_contact_number&quot;:1874702566,&quot;user_email_id&quot;:&quot;cvfa.nme-1727291160464@example.com&quot;,&quot;creation_time&quot;:&quot;2024-09-25T19:06:00.988+00:00&quot;,&quot;last_mod_time&quot;:&quot;2024-09-25T19:06:00.988+00:00&quot;},{&quot;userAddress&quot;:{&quot;addressId&quot;:1858,&quot;plotNumber&quot;:&quot;vl-9&quot;,&quot;street&quot;:null,&quot;state&quot;:&quot;northyork&quot;,&quot;country&quot;:null,&quot;zipCode&quot;:56456},&quot;user_id&quot;:1891,&quot;user_first_name&quot;:&quot;surbi&quot;,&quot;user_last_name&quot;:&quot;sasha&quot;,&quot;user_contact_number&quot;:5252142444,&quot;user_email_id&quot;:&quot;red2e@gmail.com&quot;,&quot;creation_time&quot;:&quot;2024-09-21T04:47:07.196+00:00&quot;,&quot;last_mod_time&quot;:&quot;2024-09-21T04:47:07.196+00:00&quot;},{&quot;userAddress&quot;:{&quot;addressId&quot;:4447,&quot;plotNumber&quot;:&quot;p1-102&quot;,&quot;street&quot;:&quot;cxvbmnb &quot;,&quot;state&quot;:&quot;uibhjkl&quot;,&quot;country&quot;:&quot;USA&quot;,&quot;zipCode&quot;:90865},&quot;user_id&quot;:4480,&quot;user_first_name&quot;:&quot;bklioekl&quot;,&quot;user_last_name&quot;:&quot;vddrbkjuop&quot;,&quot;user_contact_number&quot;:1398900661,&quot;user_email_id&quot;:&quot;cvfa.nme-1727291161295@example.com&quot;,&quot;creation_time&quot;:&quot;2024-09-25T19:06:01.812+00:00&quot;,&quot;last_mod_time&quot;:&quot;2024-09-25T19:06:01.812+00:00&quot;},{&quot;userAddress&quot;:{&quot;addressId&quot;:1711,&quot;plotNumber&quot;:&quot;p1-02&quot;,&quot;street&quot;:&quot;Richmond&quot;,&quot;state&quot;:&quot;Assam&quot;,&quot;country&quot;:&quot;India&quot;,&quot;zipCode&quot;:78804},&quot;user_id&quot;:1744,&quot;user_first_name&quot;:&quot;Tim&quot;,&quot;user_last_name&quot;:&quot;Roy&quot;,&quot;user_contact_number&quot;:6666666676,&quot;user_email_id&quot;:&quot;tim.roy8@gmail.com&quot;,&quot;creation_time&quot;:&quot;2024-09-20T23:29:48.605+00:00&quot;,&quot;last_mod_time&quot;:&quot;2024-09-20T23:29:48.605+00:00&quot;},{&quot;userAddress&quot;:{&quot;addressId&quot;:7486,&quot;plotNumber&quot;:&quot;AS-99&quot;,&quot;street&quot;:&quot;Gorniak&quot;,&quot;state&quot;:&quot;MI&quot;,&quot;country&quot;:&quot;USA&quot;,&quot;zipCode&quot;:7896},&quot;user_id&quot;:7519,&quot;user_first_name&quot;:&quot;TesterAJ&quot;,&quot;user_last_name&quot;:&quot;Numpy&quot;,&quot;user_contact_number&quot;:2583691475,&quot;user_email_id&quot;:&quot;testlearneraj@gmail.com&quot;,&quot;creation_time&quot;:&quot;2024-10-09T16:28:06.253+00:00&quot;,&quot;last_mod_time&quot;:&quot;2024-10-09T16:28:06.253+00:00&quot;},{&quot;userAddress&quot;:{&quot;addressId&quot;:3191,&quot;plotNumber&quot;:&quot;pl-55&quot;,&quot;street&quot;:&quot;Grand St&quot;,&quot;state&quot;:&quot;IN&quot;,&quot;country&quot;:&quot;USA&quot;,&quot;zipCode&quot;:67855},&quot;user_id&quot;:3224,&quot;user_first_name&quot;:&quot;Mary&quot;,&quot;user_last_name&quot;:&quot;Jeferson&quot;,&quot;user_contact_number&quot;:7877998455,&quot;user_email_id&quot;:&quot;mathut@gmail.com&quot;,&quot;creation_time&quot;:&quot;2024-09-23T03:26:56.404+00:00&quot;,&quot;last_mod_time&quot;:&quot;2024-09-23T04:20:07.395+00:00&quot;},{&quot;userAddress&quot;:{&quot;addressId&quot;:7487,&quot;plotNumber&quot;:&quot;AS-99&quot;,&quot;street&quot;:&quot;Gorniak&quot;,&quot;state&quot;:&quot;MI&quot;,&quot;country&quot;:&quot;USA&quot;,&quot;zipCode&quot;:7896},&quot;user_id&quot;:7520,&quot;user_first_name&quot;:&quot;TesterAK&quot;,&quot;user_last_name&quot;:&quot;Numpy&quot;,&quot;user_contact_number&quot;:1472583696,&quot;user_email_id&quot;:&quot;testlearnerak@gmail.com&quot;,&quot;creation_time&quot;:&quot;2024-10-09T16:28:06.823+00:00&quot;,&quot;last_mod_time&quot;:&quot;2024-10-09T16:28:06.823+00:00&quot;},{&quot;userAddress&quot;:{&quot;addressId&quot;:1361,&quot;plotNumber&quot;:&quot;13-abd&quot;,&quot;street&quot;:&quot;abc street&quot;,&quot;state&quot;:&quot;Abc&quot;,&quot;country&quot;:&quot;United states&quot;,&quot;zipCode&quot;:756765},&quot;user_id&quot;:1394,&quot;user_first_name&quot;:&quot;Bharathi&quot;,&quot;user_last_name&quot;:&quot;Chandrasekar&quot;,&quot;user_contact_number&quot;:4767657780,&quot;user_email_id&quot;:&quot;Bharath@gmail.com&quot;,&quot;creation_time&quot;:&quot;2024-09-20T18:14:23.007+00:00&quot;,&quot;last_mod_time&quot;:&quot;2024-09-21T00:54:37.787+00:00&quot;},{&quot;userAddress&quot;:{&quot;addressId&quot;:1014,&quot;plotNumber&quot;:&quot;pl-555&quot;,&quot;street&quot;:&quot;aqua&quot;,&quot;state&quot;:null,&quot;country&quot;:&quot;india&quot;,&quot;zipCode&quot;:629803},&quot;user_id&quot;:1047,&quot;user_first_name&quot;:&quot;asab&quot;,&quot;user_last_name&quot;:&quot;akasha&quot;,&quot;user_contact_number&quot;:3434343438,&quot;user_email_id&quot;:&quot;Leta80@gmail.com&quot;,&quot;creation_time&quot;:&quot;2024-09-19T23:41:58.698+00:00&quot;,&quot;last_mod_time&quot;:&quot;2024-09-19T23:41:58.698+00:00&quot;},{&quot;userAddress&quot;:{&quot;addressId&quot;:2224,&quot;plotNumber&quot;:&quot;pl-51&quot;,&quot;street&quot;:&quot;vail rd&quot;,&quot;state&quot;:&quot;nj&quot;,&quot;country&quot;:&quot;usa&quot;,&quot;zipCode&quot;:54321},&quot;user_id&quot;:2257,&quot;user_first_name&quot;:&quot;rahi&quot;,&quot;user_last_name&quot;:&quot;laokkl&quot;,&quot;user_contact_number&quot;:3005556615,&quot;user_email_id&quot;:&quot;sdto77898@gmail.com&quot;,&quot;creation_time&quot;:&quot;2024-09-21T23:14:58.176+00:00&quot;,&quot;last_mod_time&quot;:&quot;2024-09-21T23:14:58.176+00:00&quot;},{&quot;userAddress&quot;:{&quot;addressId&quot;:1015,&quot;plotNumber&quot;:&quot;pl-555&quot;,&quot;street&quot;:&quot;aqua&quot;,&quot;state&quot;:null,&quot;country&quot;:&quot;india&quot;,&quot;zipCode&quot;:629803},&quot;user_id&quot;:1048,&quot;user_first_name&quot;:&quot;asab&quot;,&quot;user_last_name&quot;:&quot;akasha&quot;,&quot;user_contact_number&quot;:3434743437,&quot;user_email_id&quot;:&quot;Charles.Rogahn30@gmail.com&quot;,&quot;creation_time&quot;:&quot;2024-09-19T23:44:21.060+00:00&quot;,&quot;last_mod_time&quot;:&quot;2024-09-19T23:44:21.060+00:00&quot;},{&quot;userAddress&quot;:{&quot;addressId&quot;:2227,&quot;plotNumber&quot;:&quot;Bl-02&quot;,&quot;street&quot;:null,&quot;state&quot;:&quot;California&quot;,&quot;country&quot;:null,&quot;zipCode&quot;:32126},&quot;user_id&quot;:2260,&quot;user_first_name&quot;:&quot;Anvinew&quot;,&quot;user_last_name&quot;:&quot;Carsen&quot;,&quot;user_contact_number&quot;:8024320008,&quot;user_email_id&quot;:&quot;anvinew@gmail.com&quot;,&quot;creation_time&quot;:&quot;2024-09-21T23:20:54.194+00:00&quot;,&quot;last_mod_time&quot;:&quot;2024-09-21T23:20:54.194+00:00&quot;},{&quot;userAddress&quot;:{&quot;addressId&quot;:8138,&quot;plotNumber&quot;:&quot;P1-10&quot;,&quot;street&quot;:&quot;Adah Street&quot;,&quot;state&quot;:&quot;TX&quot;,&quot;country&quot;:&quot;USA&quot;,&quot;zipCode&quot;:12356},&quot;user_id&quot;:8170,&quot;user_first_name&quot;:&quot;Kattie&quot;,&quot;user_last_name&quot;:&quot;Altenwerth&quot;,&quot;user_contact_number&quot;:3607896102,&quot;user_email_id&quot;:&quot;Vallie.Gutmann@gmail.com&quot;,&quot;creation_time&quot;:&quot;2024-10-12T16:05:23.543+00:00&quot;,&quot;last_mod_time&quot;:&quot;2024-10-12T16:05:23.543+00:00&quot;},{&quot;userAddress&quot;:{&quot;addressId&quot;:1016,&quot;plotNumber&quot;:&quot;pl-555&quot;,&quot;street&quot;:&quot;aqua&quot;,&quot;state&quot;:null,&quot;country&quot;:&quot;india&quot;,&quot;zipCode&quot;:629803},&quot;user_id&quot;:1049,&quot;user_first_name&quot;:&quot;asab&quot;,&quot;user_last_name&quot;:&quot;akasha&quot;,&quot;user_contact_number&quot;:3434143437,&quot;user_email_id&quot;:&quot;Caleb9@yahoo.com&quot;,&quot;creation_time&quot;:&quot;2024-09-19T23:44:59.516+00:00&quot;,&quot;last_mod_time&quot;:&quot;2024-09-19T23:44:59.516+00:00&quot;},{&quot;userAddress&quot;:{&quot;addressId&quot;:704,&quot;plotNumber&quot;:&quot;pl-123&quot;,&quot;street&quot;:null,&quot;state&quot;:&quot;Texas&quot;,&quot;country&quot;:null,&quot;zipCode&quot;:75062},&quot;user_id&quot;:737,&quot;user_first_name&quot;:&quot;Padmashree&quot;,&quot;user_last_name&quot;:&quot;Iraj&quot;,&quot;user_contact_number&quot;:9035700192,&quot;user_email_id&quot;:&quot;padm1.ir@gmail.com&quot;,&quot;creation_time&quot;:&quot;2024-09-19T14:52:36.124+00:00&quot;,&quot;last_mod_time&quot;:&quot;2024-09-19T14:52:36.124+00:00&quot;},{&quot;userAddress&quot;:{&quot;addressId&quot;:723,&quot;plotNumber&quot;:&quot;A-30&quot;,&quot;street&quot;:&quot;DISNEY STREET&quot;,&quot;state&quot;:&quot;FL&quot;,&quot;country&quot;:&quot;USA&quot;,&quot;zipCode&quot;:23476},&quot;user_id&quot;:756,&quot;user_first_name&quot;:&quot;SharmS&quot;,&quot;user_last_name&quot;:&quot;kinGS&quot;,&quot;user_contact_number&quot;:1136868982,&quot;user_email_id&quot;:&quot;3457@gmail.com&quot;,&quot;creation_time&quot;:&quot;2024-09-19T15:39:17.901+00:00&quot;,&quot;last_mod_time&quot;:&quot;2024-09-23T03:14:17.403+00:00&quot;},{&quot;userAddress&quot;:{&quot;addressId&quot;:8140,&quot;plotNumber&quot;:&quot;P1-10&quot;,&quot;street&quot;:&quot;Cooper Locks&quot;,&quot;state&quot;:&quot;TX&quot;,&quot;country&quot;:&quot;USA&quot;,&quot;zipCode&quot;:12356},&quot;user_id&quot;:8172,&quot;user_first_name&quot;:&quot;Cedrick&quot;,&quot;user_last_name&quot;:&quot;Johnson&quot;,&quot;user_contact_number&quot;:3607896141,&quot;user_email_id&quot;:&quot;Keyshawn47@yahoo.com&quot;,&quot;creation_time&quot;:&quot;2024-10-12T16:14:19.065+00:00&quot;,&quot;last_mod_time&quot;:&quot;2024-10-12T16:14:19.065+00:00&quot;},{&quot;userAddress&quot;:{&quot;addressId&quot;:1981,&quot;plotNumber&quot;:&quot;vl-9&quot;,&quot;street&quot;:null,&quot;state&quot;:&quot;northyork&quot;,&quot;country&quot;:null,&quot;zipCode&quot;:null},&quot;user_id&quot;:2014,&quot;user_first_name&quot;:&quot;drithi&quot;,&quot;user_last_name&quot;:&quot;sasha&quot;,&quot;user_contact_number&quot;:5666442444,&quot;user_email_id&quot;:&quot;r667j66@gmail.com&quot;,&quot;creation_time&quot;:&quot;2024-09-21T16:56:04.037+00:00&quot;,&quot;last_mod_time&quot;:&quot;2024-09-21T16:56:04.037+00:00&quot;},{&quot;userAddress&quot;:{&quot;addressId&quot;:1768,&quot;plotNumber&quot;:&quot;BB-22&quot;,&quot;street&quot;:&quot;Wayne St&quot;,&quot;state&quot;:&quot;Assam&quot;,&quot;country&quot;:&quot;India&quot;,&quot;zipCode&quot;:789632},&quot;user_id&quot;:1801,&quot;user_first_name&quot;:&quot;Reggie&quot;,&quot;user_last_name&quot;:&quot;Thomas&quot;,&quot;user_contact_number&quot;:2589631470,&quot;user_email_id&quot;:&quot;reggie.thomas@gmail.com&quot;,&quot;creation_time&quot;:&quot;2024-09-21T01:28:47.376+00:00&quot;,&quot;last_mod_time&quot;:&quot;2024-09-21T01:28:47.871+00:00&quot;},{&quot;userAddress&quot;:{&quot;addressId&quot;:3192,&quot;plotNumber&quot;:&quot;12-o&quot;,&quot;street&quot;:&quot;qaws&quot;,&quot;state&quot;:&quot;qa&quot;,&quot;country&quot;:&quot;qazw&quot;,&quot;zipCode&quot;:123457890000},&quot;user_id&quot;:3225,&quot;user_first_name&quot;:&quot;drake&quot;,&quot;user_last_name&quot;:&quot;star&quot;,&quot;user_contact_number&quot;:1830001017,&quot;user_email_id&quot;:&quot;sport60@gmail.com&quot;,&quot;creation_time&quot;:&quot;2024-09-23T03:29:02.261+00:00&quot;,&quot;last_mod_time&quot;:&quot;2024-09-23T03:29:02.261+00:00&quot;},{&quot;userAddress&quot;:{&quot;addressId&quot;:709,&quot;plotNumber&quot;:&quot;897-A&quot;,&quot;street&quot;:&quot;creek&quot;,&quot;state&quot;:&quot;illnois&quot;,&quot;country&quot;:&quot;usa&quot;,&quot;zipCode&quot;:98765},&quot;user_id&quot;:742,&quot;user_first_name&quot;:&quot;sai&quot;,&quot;user_last_name&quot;:&quot;rampol&quot;,&quot;user_contact_number&quot;:2309874356,&quot;user_email_id&quot;:&quot;ploker87@gmail.com&quot;,&quot;creation_time&quot;:&quot;2024-09-19T15:15:50.238+00:00&quot;,&quot;last_mod_time&quot;:&quot;2024-09-19T15:15:50.238+00:00&quot;},{&quot;userAddress&quot;:{&quot;addressId&quot;:1769,&quot;plotNumber&quot;:&quot;AS-96&quot;,&quot;street&quot;:&quot;Raymond St&quot;,&quot;state&quot;:&quot;NJ&quot;,&quot;country&quot;:&quot;USA&quot;,&quot;zipCode&quot;:8896},&quot;user_id&quot;:1802,&quot;user_first_name&quot;:&quot;Lindsay&quot;,&quot;user_last_name&quot;:&quot;Tester&quot;,&quot;user_contact_number&quot;:1478523601,&quot;user_email_id&quot;:&quot;five2@gmail.com&quot;,&quot;creation_time&quot;:&quot;2024-09-21T01:28:48.442+00:00&quot;,&quot;last_mod_time&quot;:&quot;2024-09-21T01:28:48.904+00:00&quot;},{&quot;userAddress&quot;:{&quot;addressId&quot;:1782,&quot;plotNumber&quot;:&quot;4330-aa&quot;,&quot;street&quot;:&quot;woodward way&quot;,&quot;state&quot;:&quot;GA&quot;,&quot;country&quot;:&quot;USA&quot;,&quot;zipCode&quot;:30000041},&quot;user_id&quot;:1815,&quot;user_first_name&quot;:&quot;Divya&quot;,&quot;user_last_name&quot;:&quot;Narasimhan&quot;,&quot;user_contact_number&quot;:6822292716,&quot;user_email_id&quot;:&quot;divpradhome22@gmail.com&quot;,&quot;creation_time&quot;:&quot;2024-09-21T02:16:56.598+00:00&quot;,&quot;last_mod_time&quot;:&quot;2024-09-21T02:16:56.598+00:00&quot;},{&quot;userAddress&quot;:{&quot;addressId&quot;:1783,&quot;plotNumber&quot;:&quot;vl-9&quot;,&quot;street&quot;:null,&quot;state&quot;:&quot;northyork&quot;,&quot;country&quot;:null,&quot;zipCode&quot;:56456},&quot;user_id&quot;:1816,&quot;user_first_name&quot;:&quot;surbi&quot;,&quot;user_last_name&quot;:&quot;sasha&quot;,&quot;user_contact_number&quot;:1284143031,&quot;user_email_id&quot;:&quot;red4988@gmail.com&quot;,&quot;creation_time&quot;:&quot;2024-09-21T02:19:10.070+00:00&quot;,&quot;last_mod_time&quot;:&quot;2024-09-21T02:19:10.070+00:00&quot;},{&quot;userAddress&quot;:{&quot;addressId&quot;:1784,&quot;plotNumber&quot;:&quot;4330-aa&quot;,&quot;street&quot;:&quot;woodward way&quot;,&quot;state&quot;:&quot;GA&quot;,&quot;country&quot;:&quot;USA&quot;,&quot;zipCode&quot;:31},&quot;user_id&quot;:1817,&quot;user_first_name&quot;:&quot;Divya&quot;,&quot;user_last_name&quot;:&quot;Narasimhan&quot;,&quot;user_contact_number&quot;:6832292716,&quot;user_email_id&quot;:&quot;divpradhome222@gmail.com&quot;,&quot;creation_time&quot;:&quot;2024-09-21T02:19:32.972+00:00&quot;,&quot;last_mod_time&quot;:&quot;2024-09-21T02:19:32.972+00:00&quot;},{&quot;userAddress&quot;:{&quot;addressId&quot;:1785,&quot;plotNumber&quot;:&quot;vl-4&quot;,&quot;street&quot;:null,&quot;state&quot;:&quot;northyork&quot;,&quot;country&quot;:null,&quot;zipCode&quot;:56456},&quot;user_id&quot;:1818,&quot;user_first_name&quot;:&quot;barbi&quot;,&quot;user_last_name&quot;:&quot;akasha&quot;,&quot;user_contact_number&quot;:8345144031,&quot;user_email_id&quot;:&quot;redyr2688@gmail.com&quot;,&quot;creation_time&quot;:&quot;2024-09-21T02:20:53.316+00:00&quot;,&quot;last_mod_time&quot;:&quot;2024-09-21T02:20:53.316+00:00&quot;},{&quot;userAddress&quot;:{&quot;addressId&quot;:1786,&quot;plotNumber&quot;:&quot;vl-9&quot;,&quot;street&quot;:null,&quot;state&quot;:&quot;northyork&quot;,&quot;country&quot;:null,&quot;zipCode&quot;:56456},&quot;user_id&quot;:1819,&quot;user_first_name&quot;:&quot;surbi&quot;,&quot;user_last_name&quot;:&quot;sasha&quot;,&quot;user_contact_number&quot;:1254143031,&quot;user_email_id&quot;:&quot;red4588@gmail.com&quot;,&quot;creation_time&quot;:&quot;2024-09-21T02:20:53.638+00:00&quot;,&quot;last_mod_time&quot;:&quot;2024-09-21T02:20:53.638+00:00&quot;},{&quot;userAddress&quot;:{&quot;addressId&quot;:1788,&quot;plotNumber&quot;:&quot;vl-9&quot;,&quot;street&quot;:null,&quot;state&quot;:&quot;northyork&quot;,&quot;country&quot;:null,&quot;zipCode&quot;:56456},&quot;user_id&quot;:1821,&quot;user_first_name&quot;:&quot;surbi&quot;,&quot;user_last_name&quot;:&quot;sasha&quot;,&quot;user_contact_number&quot;:1251143031,&quot;user_email_id&quot;:&quot;red458@gmail.com&quot;,&quot;creation_time&quot;:&quot;2024-09-21T02:23:27.343+00:00&quot;,&quot;last_mod_time&quot;:&quot;2024-09-21T02:23:27.343+00:00&quot;},{&quot;userAddress&quot;:{&quot;addressId&quot;:721,&quot;plotNumber&quot;:&quot;897-A&quot;,&quot;street&quot;:&quot;creek&quot;,&quot;state&quot;:&quot;illnois&quot;,&quot;country&quot;:&quot;usa&quot;,&quot;zipCode&quot;:98765},&quot;user_id&quot;:754,&quot;user_first_name&quot;:&quot;sai&quot;,&quot;user_last_name&quot;:&quot;rampol&quot;,&quot;user_contact_number&quot;:2309874351,&quot;user_email_id&quot;:&quot;pler87@gmail.com&quot;,&quot;creation_time&quot;:&quot;2024-09-19T15:33:41.613+00:00&quot;,&quot;last_mod_time&quot;:&quot;2024-09-19T15:33:41.613+00:00&quot;},{&quot;userAddress&quot;:{&quot;addressId&quot;:680,&quot;plotNumber&quot;:&quot;St-20&quot;,&quot;street&quot;:&quot;new street&quot;,&quot;state&quot;:&quot;FL&quot;,&quot;country&quot;:&quot;USA&quot;,&quot;zipCode&quot;:432123},&quot;user_id&quot;:713,&quot;user_first_name&quot;:&quot;Evanew&quot;,&quot;user_last_name&quot;:&quot;Thomasnew&quot;,&quot;user_contact_number&quot;:3241231230,&quot;user_email_id&quot;:&quot;Team4Thomasneweva@gmail.com&quot;,&quot;creation_time&quot;:&quot;2024-09-19T12:33:30.142+00:00&quot;,&quot;last_mod_time&quot;:&quot;2024-09-19T15:38:26.150+00:00&quot;},{&quot;userAddress&quot;:{&quot;addressId&quot;:2519,&quot;plotNumber&quot;:&quot;lk-4&quot;,&quot;street&quot;:null,&quot;state&quot;:&quot;halifax&quot;,&quot;country&quot;:null,&quot;zipCode&quot;:3456},&quot;user_id&quot;:2552,&quot;user_first_name&quot;:&quot;dd&quot;,&quot;user_last_name&quot;:&quot;trisha&quot;,&quot;user_contact_number&quot;:7371374777,&quot;user_email_id&quot;:&quot;rufi2t3@gmail.com&quot;,&quot;creation_time&quot;:&quot;2024-09-22T15:27:23.471+00:00&quot;,&quot;last_mod_time&quot;:&quot;2024-09-22T15:27:23.471+00:00&quot;},{&quot;userAddress&quot;:{&quot;addressId&quot;:992,&quot;plotNumber&quot;:null,&quot;street&quot;:&quot;num street&quot;,&quot;state&quot;:&quot;abc state&quot;,&quot;country&quot;:null,&quot;zipCode&quot;:3456},&quot;user_id&quot;:1025,&quot;user_first_name&quot;:&quot;Numpy&quot;,&quot;user_last_name&quot;:&quot;Nin&quot;,&quot;user_contact_number&quot;:1346567845,&quot;user_email_id&quot;:&quot;njnfs@gmail.com&quot;,&quot;creation_time&quot;:&quot;2024-09-19T22:58:16.486+00:00&quot;,&quot;last_mod_time&quot;:&quot;2024-09-19T22:58:16.486+00:00&quot;},{&quot;userAddress&quot;:{&quot;addressId&quot;:8347,&quot;plotNumber&quot;:&quot;P1-11&quot;,&quot;street&quot;:&quot;Main&quot;,&quot;state&quot;:&quot;LA&quot;,&quot;country&quot;:&quot;USA&quot;,&quot;zipCode&quot;:20875},&quot;user_id&quot;:8379,&quot;user_first_name&quot;:&quot;yRam&quot;,&quot;user_last_name&quot;:&quot;Appa&quot;,&quot;user_contact_number&quot;:8188132103,&quot;user_email_id&quot;:&quot;Team03yRamappa@gmail.com&quot;,&quot;creation_time&quot;:&quot;2024-10-12T22:08:15.545+00:00&quot;,&quot;last_mod_time&quot;:&quot;2024-10-12T22:08:15.545+00:00&quot;},{&quot;userAddress&quot;:{&quot;addressId&quot;:848,&quot;plotNumber&quot;:&quot;p1-129&quot;,&quot;street&quot;:&quot;Main&quot;,&quot;state&quot;:&quot;NY&quot;,&quot;country&quot;:&quot;USA&quot;,&quot;zipCode&quot;:90901},&quot;user_id&quot;:881,&quot;user_first_name&quot;:&quot;Jnnmjk&quot;,&quot;user_last_name&quot;:&quot;Desmmmth&quot;,&quot;user_contact_number&quot;:1800578899,&quot;user_email_id&quot;:&quot;johnklky.smth@example.com&quot;,&quot;creation_time&quot;:&quot;2024-09-19T18:41:36.947+00:00&quot;,&quot;last_mod_time&quot;:&quot;2024-09-19T18:41:36.947+00:00&quot;},{&quot;userAddress&quot;:{&quot;addressId&quot;:849,&quot;plotNumber&quot;:&quot;p1-899&quot;,&quot;street&quot;:&quot;Main&quot;,&quot;state&quot;:&quot;NY&quot;,&quot;country&quot;:&quot;USA&quot;,&quot;zipCode&quot;:10901},&quot;user_id&quot;:882,&quot;user_first_name&quot;:&quot;nemlit&quot;,&quot;user_last_name&quot;:&quot;Sklhd&quot;,&quot;user_contact_number&quot;:7838907899,&quot;user_email_id&quot;:&quot;jon.Sibhjthoe@example.com&quot;,&quot;creation_time&quot;:&quot;2024-09-19T18:41:37.082+00:00&quot;,&quot;last_mod_time&quot;:&quot;2024-09-19T18:41:37.082+00:00&quot;},{&quot;userAddress&quot;:{&quot;addressId&quot;:850,&quot;plotNumber&quot;:&quot;p1-109&quot;,&quot;street&quot;:&quot;Main&quot;,&quot;state&quot;:&quot;NY&quot;,&quot;country&quot;:&quot;USA&quot;,&quot;zipCode&quot;:10971},&quot;user_id&quot;:883,&quot;user_first_name&quot;:&quot;Sthnnnny&quot;,&quot;user_last_name&quot;:&quot;JoynjkDo&quot;,&quot;user_contact_number&quot;:1674907897,&quot;user_email_id&quot;:&quot;hnnny.JnDvhje@example.com&quot;,&quot;creation_time&quot;:&quot;2024-09-19T18:41:37.262+00:00&quot;,&quot;last_mod_time&quot;:&quot;2024-09-19T18:41:37.262+00:00&quot;},{&quot;userAddress&quot;:{&quot;addressId&quot;:851,&quot;plotNumber&quot;:&quot;p1-129&quot;,&quot;street&quot;:&quot;Main&quot;,&quot;state&quot;:&quot;NY&quot;,&quot;country&quot;:&quot;USA&quot;,&quot;zipCode&quot;:90901},&quot;user_id&quot;:884,&quot;user_first_name&quot;:&quot;Jnnsdmjk&quot;,&quot;user_last_name&quot;:&quot;Dedrfsmmmth&quot;,&quot;user_contact_number&quot;:1823578899,&quot;user_email_id&quot;:&quot;johnkfghlky.smth@example.com&quot;,&quot;creation_time&quot;:&quot;2024-09-19T18:44:26.793+00:00&quot;,&quot;last_mod_time&quot;:&quot;2024-09-19T18:44:26.793+00:00&quot;},{&quot;userAddress&quot;:{&quot;addressId&quot;:852,&quot;plotNumber&quot;:&quot;p1-899&quot;,&quot;street&quot;:&quot;Main&quot;,&quot;state&quot;:&quot;NY&quot;,&quot;country&quot;:&quot;USA&quot;,&quot;zipCode&quot;:10901},&quot;user_id&quot;:885,&quot;user_first_name&quot;:&quot;nemdsflit&quot;,&quot;user_last_name&quot;:&quot;Skxdchflhd&quot;,&quot;user_contact_number&quot;:5638907899,&quot;user_email_id&quot;:&quot;jon.Sibhxfgjthoe@example.com&quot;,&quot;creation_time&quot;:&quot;2024-09-19T18:44:26.947+00:00&quot;,&quot;last_mod_time&quot;:&quot;2024-09-19T18:44:26.947+00:00&quot;},{&quot;userAddress&quot;:{&quot;addressId&quot;:853,&quot;plotNumber&quot;:&quot;p1-109&quot;,&quot;street&quot;:&quot;Main&quot;,&quot;state&quot;:&quot;NY&quot;,&quot;country&quot;:&quot;USA&quot;,&quot;zipCode&quot;:10971},&quot;user_id&quot;:886,&quot;user_first_name&quot;:&quot;Sthnnxdfgnny&quot;,&quot;user_last_name&quot;:&quot;JoynvghjjkDo&quot;,&quot;user_contact_number&quot;:1484907897,&quot;user_email_id&quot;:&quot;hnchnny.JnDvhje@example.com&quot;,&quot;creation_time&quot;:&quot;2024-09-19T18:44:27.119+00:00&quot;,&quot;last_mod_time&quot;:&quot;2024-09-19T18:44:27.119+00:00&quot;},{&quot;userAddress&quot;:{&quot;addressId&quot;:3087,&quot;plotNumber&quot;:&quot;A-30&quot;,&quot;street&quot;:&quot;DISNEY STREET&quot;,&quot;state&quot;:&quot;FL&quot;,&quot;country&quot;:&quot;USA&quot;,&quot;zipCode&quot;:null},&quot;user_id&quot;:3120,&quot;user_first_name&quot;:&quot;ANUS&quot;,&quot;user_last_name&quot;:&quot;POPE&quot;,&quot;user_contact_number&quot;:1334568982,&quot;user_email_id&quot;:&quot;sumona12HF@gmail.com&quot;,&quot;creation_time&quot;:&quot;2024-09-23T02:03:54.758+00:00&quot;,&quot;last_mod_time&quot;:&quot;2024-09-23T02:03:54.758+00:00&quot;},{&quot;userAddress&quot;:{&quot;addressId&quot;:4228,&quot;plotNumber&quot;:&quot;J-26&quot;,&quot;street&quot;:&quot;Jhonson Ferry&quot;,&quot;state&quot;:&quot;GA&quot;,&quot;country&quot;:&quot;USA&quot;,&quot;zipCode&quot;:3077014007},&quot;user_id&quot;:4261,&quot;user_first_name&quot;:&quot;Kith&quot;,&quot;user_last_name&quot;:&quot;Vmsh&quot;,&quot;user_contact_number&quot;:1114344578,&quot;user_email_id&quot;:&quot;H7H@gmail.com&quot;,&quot;creation_time&quot;:&quot;2024-09-23T18:51:05.991+00:00&quot;,&quot;last_mod_time&quot;:&quot;2024-09-23T18:51:05.991+00:00&quot;},{&quot;userAddress&quot;:{&quot;addressId&quot;:3566,&quot;plotNumber&quot;:&quot;pl-hjki&quot;,&quot;street&quot;:&quot;Wolf&quot;,&quot;state&quot;:&quot;Washington&quot;,&quot;country&quot;:&quot;USA&quot;,&quot;zipCode&quot;:22862},&quot;user_id&quot;:3599,&quot;user_first_name&quot;:&quot;Qary&quot;,&quot;user_last_name&quot;:&quot;Stark&quot;,&quot;user_contact_number&quot;:9973344897,&quot;user_email_id&quot;:&quot;Ganygot34@got.com&quot;,&quot;creation_time&quot;:&quot;2024-09-23T13:54:26.861+00:00&quot;,&quot;last_mod_time&quot;:&quot;2024-09-23T13:54:26.861+00:00&quot;},{&quot;userAddress&quot;:{&quot;addressId&quot;:1971,&quot;plotNumber&quot;:&quot;j-4&quot;,&quot;street&quot;:null,&quot;state&quot;:&quot;halifax&quot;,&quot;country&quot;:null,&quot;zipCode&quot;:3456},&quot;user_id&quot;:2004,&quot;user_first_name&quot;:&quot;retre&quot;,&quot;user_last_name&quot;:&quot;moha&quot;,&quot;user_contact_number&quot;:9792333377,&quot;user_email_id&quot;:&quot;uyji6u@gmail.com&quot;,&quot;creation_time&quot;:&quot;2024-09-21T16:14:08.201+00:00&quot;,&quot;last_mod_time&quot;:&quot;2024-09-21T16:14:08.201+00:00&quot;},{&quot;userAddress&quot;:{&quot;addressId&quot;:1304,&quot;plotNumber&quot;:&quot;P1-100&quot;,&quot;street&quot;:&quot;Main&quot;,&quot;state&quot;:&quot;NY&quot;,&quot;country&quot;:&quot;USA&quot;,&quot;zipCode&quot;:10001},&quot;user_id&quot;:1337,&quot;user_first_name&quot;:&quot;Jamvdne&quot;,&quot;user_last_name&quot;:&quot;Dkmoe&quot;,&quot;user_contact_number&quot;:1234589190,&quot;user_email_id&quot;:&quot;janjacsae.doe@example.com&quot;,&quot;creation_time&quot;:&quot;2024-09-20T17:03:10.165+00:00&quot;,&quot;last_mod_time&quot;:&quot;2024-09-20T17:03:10.165+00:00&quot;},{&quot;userAddress&quot;:{&quot;addressId&quot;:4352,&quot;plotNumber&quot;:&quot;p1-098&quot;,&quot;street&quot;:null,&quot;state&quot;:&quot;uibhjkl&quot;,&quot;country&quot;:null,&quot;zipCode&quot;:90865},&quot;user_id&quot;:4385,&quot;user_first_name&quot;:&quot;bngetnmgh&quot;,&quot;user_last_name&quot;:&quot;vhjjvbhj&quot;,&quot;user_contact_number&quot;:2147483646,&quot;user_email_id&quot;:&quot;cvfa.nme@example.com&quot;,&quot;creation_time&quot;:&quot;2024-09-25T01:58:04.010+00:00&quot;,&quot;last_mod_time&quot;:&quot;2024-09-25T01:58:04.010+00:00&quot;},{&quot;userAddress&quot;:{&quot;addressId&quot;:3701,&quot;plotNumber&quot;:&quot;S-320&quot;,&quot;street&quot;:&quot;ryson&quot;,&quot;state&quot;:&quot;NY&quot;,&quot;country&quot;:&quot;USA&quot;,&quot;zipCode&quot;:7857},&quot;user_id&quot;:3734,&quot;user_first_name&quot;:&quot;En&quot;,&quot;user_last_name&quot;:&quot;Ma&quot;,&quot;user_contact_number&quot;:2805006760,&quot;user_email_id&quot;:&quot;hpnps692@gmail.com&quot;,&quot;creation_time&quot;:&quot;2024-09-23T15:29:37.086+00:00&quot;,&quot;last_mod_time&quot;:&quot;2024-09-23T15:29:37.086+00:00&quot;},{&quot;userAddress&quot;:{&quot;addressId&quot;:4230,&quot;plotNumber&quot;:&quot;J-26&quot;,&quot;street&quot;:&quot;Jhonson Ferry&quot;,&quot;state&quot;:&quot;GA&quot;,&quot;country&quot;:&quot;USA&quot;,&quot;zipCode&quot;:30007},&quot;user_id&quot;:4263,&quot;user_first_name&quot;:&quot;Ki&quot;,&quot;user_last_name&quot;:&quot;Va&quot;,&quot;user_contact_number&quot;:7999344578,&quot;user_email_id&quot;:&quot;111yh@gmail.com&quot;,&quot;creation_time&quot;:&quot;2024-09-23T18:52:57.795+00:00&quot;,&quot;last_mod_time&quot;:&quot;2024-09-23T18:52:57.795+00:00&quot;},{&quot;userAddress&quot;:{&quot;addressId&quot;:1260,&quot;plotNumber&quot;:&quot;L-1&quot;,&quot;street&quot;:&quot;Blackwood Dr&quot;,&quot;state&quot;:&quot;Indianapolis&quot;,&quot;country&quot;:&quot;USA&quot;,&quot;zipCode&quot;:null},&quot;user_id&quot;:1293,&quot;user_first_name&quot;:&quot;lie&quot;,&quot;user_last_name&quot;:&quot;nkiit&quot;,&quot;user_contact_number&quot;:5430654609,&quot;user_email_id&quot;:&quot;nlie@gmail.com&quot;,&quot;creation_time&quot;:&quot;2024-09-20T15:17:17.924+00:00&quot;,&quot;last_mod_time&quot;:&quot;2024-09-20T15:17:17.924+00:00&quot;},{&quot;userAddress&quot;:{&quot;addressId&quot;:865,&quot;plotNumber&quot;:&quot;p1-129&quot;,&quot;street&quot;:&quot;Main&quot;,&quot;state&quot;:&quot;NY&quot;,&quot;country&quot;:&quot;USA&quot;,&quot;zipCode&quot;:90901},&quot;user_id&quot;:898,&quot;user_first_name&quot;:&quot;Jnhjhjnsdmjk&quot;,&quot;user_last_name&quot;:&quot;Dedrhjhjkfsmmmth&quot;,&quot;user_contact_number&quot;:1826567899,&quot;user_email_id&quot;:&quot;johnkfghnkhjklky.smth@example.com&quot;,&quot;creation_time&quot;:&quot;2024-09-19T18:58:44.765+00:00&quot;,&quot;last_mod_time&quot;:&quot;2024-09-19T18:58:44.765+00:00&quot;},{&quot;userAddress&quot;:{&quot;addressId&quot;:866,&quot;plotNumber&quot;:&quot;p1-129&quot;,&quot;street&quot;:&quot;Main&quot;,&quot;state&quot;:&quot;NY&quot;,&quot;country&quot;:&quot;USA&quot;,&quot;zipCode&quot;:90901},&quot;user_id&quot;:899,&quot;user_first_name&quot;:&quot;Jnhjhjhjnsdmjk&quot;,&quot;user_last_name&quot;:&quot;Dedrhjhjhjkfsmmmth&quot;,&quot;user_contact_number&quot;:1889567899,&quot;user_email_id&quot;:&quot;johnkfghnkhjklky.smthfgh@example.com&quot;,&quot;creation_time&quot;:&quot;2024-09-19T19:00:48.971+00:00&quot;,&quot;last_mod_time&quot;:&quot;2024-09-19T19:00:48.971+00:00&quot;},{&quot;userAddress&quot;:{&quot;addressId&quot;:1983,&quot;plotNumber&quot;:&quot;j-4&quot;,&quot;street&quot;:null,&quot;state&quot;:&quot;halifax&quot;,&quot;country&quot;:null,&quot;zipCode&quot;:3456},&quot;user_id&quot;:2016,&quot;user_first_name&quot;:&quot;retre&quot;,&quot;user_last_name&quot;:&quot;moha&quot;,&quot;user_contact_number&quot;:9799333377,&quot;user_email_id&quot;:&quot;uyji690u@gmail.com&quot;,&quot;creation_time&quot;:&quot;2024-09-21T16:59:27.698+00:00&quot;,&quot;last_mod_time&quot;:&quot;2024-09-21T16:59:27.698+00:00&quot;},{&quot;userAddress&quot;:{&quot;addressId&quot;:4231,&quot;plotNumber&quot;:&quot;J-26&quot;,&quot;street&quot;:&quot;Jhonson Ferry&quot;,&quot;state&quot;:&quot;GA&quot;,&quot;country&quot;:&quot;USA&quot;,&quot;zipCode&quot;:300007},&quot;user_id&quot;:4264,&quot;user_first_name&quot;:&quot;Kri&quot;,&quot;user_last_name&quot;:&quot;Vashi&quot;,&quot;user_contact_number&quot;:7002344578,&quot;user_email_id&quot;:&quot;aaa@gmail.com&quot;,&quot;creation_time&quot;:&quot;2024-09-23T18:55:23.235+00:00&quot;,&quot;last_mod_time&quot;:&quot;2024-09-23T18:55:23.235+00:00&quot;},{&quot;userAddress&quot;:{&quot;addressId&quot;:4353,&quot;plotNumber&quot;:&quot;p1-098&quot;,&quot;street&quot;:null,&quot;state&quot;:&quot;uibhjkl&quot;,&quot;country&quot;:null,&quot;zipCode&quot;:90865},&quot;user_id&quot;:4386,&quot;user_first_name&quot;:&quot;bngetnmgh&quot;,&quot;user_last_name&quot;:&quot;vhjjvbhj&quot;,&quot;user_contact_number&quot;:2147483547,&quot;user_email_id&quot;:&quot;cvfcgha.nme@example.com&quot;,&quot;creation_time&quot;:&quot;2024-09-25T02:07:07.568+00:00&quot;,&quot;last_mod_time&quot;:&quot;2024-09-25T02:07:07.568+00:00&quot;},{&quot;userAddress&quot;:{&quot;addressId&quot;:860,&quot;plotNumber&quot;:&quot;sss-111&quot;,&quot;street&quot;:&quot;Austin&quot;,&quot;state&quot;:&quot;CO&quot;,&quot;country&quot;:&quot;USA&quot;,&quot;zipCode&quot;:123111},&quot;user_id&quot;:893,&quot;user_first_name&quot;:&quot;Deblina&quot;,&quot;user_last_name&quot;:&quot;Ch&quot;,&quot;user_contact_number&quot;:9830306687,&quot;user_email_id&quot;:&quot;Team1Debalina4@gmail.com&quot;,&quot;creation_time&quot;:&quot;2024-09-19T18:50:09.138+00:00&quot;,&quot;last_mod_time&quot;:&quot;2024-09-19T19:08:02.739+00:00&quot;},{&quot;userAddress&quot;:{&quot;addressId&quot;:870,&quot;plotNumber&quot;:&quot;p1-129&quot;,&quot;street&quot;:&quot;Main&quot;,&quot;state&quot;:&quot;NY&quot;,&quot;country&quot;:&quot;USA&quot;,&quot;zipCode&quot;:90901},&quot;user_id&quot;:903,&quot;user_first_name&quot;:&quot;Jnhjhjsdmjk&quot;,&quot;user_last_name&quot;:&quot;Dedrhjhjkfsmmmth&quot;,&quot;user_contact_number&quot;:1889543899,&quot;user_email_id&quot;:&quot;johnkfghhjklky.smthfgh@example.com&quot;,&quot;creation_time&quot;:&quot;2024-09-19T19:13:38.512+00:00&quot;,&quot;last_mod_time&quot;:&quot;2024-09-19T19:13:38.512+00:00&quot;},{&quot;userAddress&quot;:{&quot;addressId&quot;:4232,&quot;plotNumber&quot;:&quot;AB-61&quot;,&quot;street&quot;:&quot;Atlantis&quot;,&quot;state&quot;:&quot;VA&quot;,&quot;country&quot;:&quot;USA&quot;,&quot;zipCode&quot;:13145},&quot;user_id&quot;:4265,&quot;user_first_name&quot;:&quot;AMRITA&quot;,&quot;user_last_name&quot;:&quot;ANAND&quot;,&quot;user_contact_number&quot;:4567872245,&quot;user_email_id&quot;:&quot;pqrs@gmail.com&quot;,&quot;creation_time&quot;:&quot;2024-09-23T18:56:09.073+00:00&quot;,&quot;last_mod_time&quot;:&quot;2024-09-23T18:56:09.073+00:00&quot;},{&quot;userAddress&quot;:{&quot;addressId&quot;:1274,&quot;plotNumber&quot;:&quot;pp-01&quot;,&quot;street&quot;:&quot;Broadway new ln&quot;,&quot;state&quot;:&quot;Texas&quot;,&quot;country&quot;:&quot;USA&quot;,&quot;zipCode&quot;:7005063},&quot;user_id&quot;:1307,&quot;user_first_name&quot;:&quot;zara&quot;,&quot;user_last_name&quot;:&quot;saya&quot;,&quot;user_contact_number&quot;:9003080000,&quot;user_email_id&quot;:&quot;asaya@gmail.com&quot;,&quot;creation_time&quot;:&quot;2024-09-20T15:59:04.569+00:00&quot;,&quot;last_mod_time&quot;:&quot;2024-09-20T15:59:04.569+00:00&quot;},{&quot;userAddress&quot;:{&quot;addressId&quot;:873,&quot;plotNumber&quot;:&quot;p1-129&quot;,&quot;street&quot;:&quot;Main&quot;,&quot;state&quot;:&quot;NY&quot;,&quot;country&quot;:&quot;USA&quot;,&quot;zipCode&quot;:90901},&quot;user_id&quot;:906,&quot;user_first_name&quot;:&quot;Jnhjhjsdjk&quot;,&quot;user_last_name&quot;:&quot;Dedrhjhjfsmmmth&quot;,&quot;user_contact_number&quot;:1880543899,&quot;user_email_id&quot;:&quot;johnkfghjklky.smthfgh@example.com&quot;,&quot;creation_time&quot;:&quot;2024-09-19T19:18:05.903+00:00&quot;,&quot;last_mod_time&quot;:&quot;2024-09-19T19:18:05.903+00:00&quot;},{&quot;userAddress&quot;:{&quot;addressId&quot;:5020,&quot;plotNumber&quot;:&quot;A-202&quot;,&quot;street&quot;:&quot;golden ln&quot;,&quot;state&quot;:&quot;MA&quot;,&quot;country&quot;:&quot;USA&quot;,&quot;zipCode&quot;:28456},&quot;user_id&quot;:5053,&quot;user_first_name&quot;:&quot;Test&quot;,&quot;user_last_name&quot;:&quot;Tester&quot;,&quot;user_contact_number&quot;:9876512009,&quot;user_email_id&quot;:&quot;te_009@gmail.com&quot;,&quot;creation_time&quot;:&quot;2024-09-26T19:37:14.412+00:00&quot;,&quot;last_mod_time&quot;:&quot;2024-09-26T19:37:14.412+00:00&quot;},{&quot;userAddress&quot;:{&quot;addressId&quot;:1276,&quot;plotNumber&quot;:&quot;pp-01&quot;,&quot;street&quot;:&quot;Broadway new ln&quot;,&quot;state&quot;:&quot;Texas&quot;,&quot;country&quot;:&quot;USA&quot;,&quot;zipCode&quot;:7005063},&quot;user_id&quot;:1309,&quot;user_first_name&quot;:&quot;yara&quot;,&quot;user_last_name&quot;:&quot;saya&quot;,&quot;user_contact_number&quot;:9333080000,&quot;user_email_id&quot;:&quot;zsaya@gmail.com&quot;,&quot;creation_time&quot;:&quot;2024-09-20T16:01:42.549+00:00&quot;,&quot;last_mod_time&quot;:&quot;2024-09-20T16:01:42.549+00:00&quot;},{&quot;userAddress&quot;:{&quot;addressId&quot;:4233,&quot;plotNumber&quot;:&quot;7-o&quot;,&quot;street&quot;:&quot;Abgh&quot;,&quot;state&quot;:&quot;TX&quot;,&quot;country&quot;:&quot;US&quot;,&quot;zipCode&quot;:75063},&quot;user_id&quot;:4266,&quot;user_first_name&quot;:&quot;Gowrisnoc&quot;,&quot;user_last_name&quot;:&quot;Mohansnoc&quot;,&quot;user_contact_number&quot;:5447384570,&quot;user_email_id&quot;:&quot;gmsc1@gmail.com&quot;,&quot;creation_time&quot;:&quot;2024-09-23T18:57:19.212+00:00&quot;,&quot;last_mod_time&quot;:&quot;2024-09-23T18:57:19.212+00:00&quot;},{&quot;userAddress&quot;:{&quot;addressId&quot;:4424,&quot;plotNumber&quot;:&quot;p1-098&quot;,&quot;street&quot;:&quot;cxvbmnb &quot;,&quot;state&quot;:&quot;uibhjkl&quot;,&quot;country&quot;:&quot;USA&quot;,&quot;zipCode&quot;:90865},&quot;user_id&quot;:4457,&quot;user_first_name&quot;:&quot;bnh&quot;,&quot;user_last_name&quot;:&quot;vhjjvba&quot;,&quot;user_contact_number&quot;:1871642540,&quot;user_email_id&quot;:&quot;cvfa.nme-1727283615178@example.com&quot;,&quot;creation_time&quot;:&quot;2024-09-25T17:00:15.721+00:00&quot;,&quot;last_mod_time&quot;:&quot;2024-09-25T17:00:15.721+00:00&quot;},{&quot;userAddress&quot;:{&quot;addressId&quot;:4448,&quot;plotNumber&quot;:&quot;p1-103&quot;,&quot;street&quot;:&quot;cxvbmnb &quot;,&quot;state&quot;:&quot;uibhjkl&quot;,&quot;country&quot;:&quot;USA&quot;,&quot;zipCode&quot;:90865},&quot;user_id&quot;:4481,&quot;user_first_name&quot;:&quot;bklertkl&quot;,&quot;user_last_name&quot;:&quot;vdxftgdrop&quot;,&quot;user_contact_number&quot;:1820831631,&quot;user_email_id&quot;:&quot;cvfa.nme-1727291162106@example.com&quot;,&quot;creation_time&quot;:&quot;2024-09-25T19:06:02.670+00:00&quot;,&quot;last_mod_time&quot;:&quot;2024-09-25T19:06:02.670+00:00&quot;},{&quot;userAddress&quot;:{&quot;addressId&quot;:880,&quot;plotNumber&quot;:&quot;p1-129&quot;,&quot;street&quot;:&quot;Main&quot;,&quot;state&quot;:&quot;NY&quot;,&quot;country&quot;:&quot;USA&quot;,&quot;zipCode&quot;:90901},&quot;user_id&quot;:913,&quot;user_first_name&quot;:&quot;Jnhjhhjsdjk&quot;,&quot;user_last_name&quot;:&quot;Dedrhjhhjkjfsmmmth&quot;,&quot;user_contact_number&quot;:1887843899,&quot;user_email_id&quot;:&quot;johnkfghlky.smthfgh@example.com&quot;,&quot;creation_time&quot;:&quot;2024-09-19T19:25:50.313+00:00&quot;,&quot;last_mod_time&quot;:&quot;2024-09-19T19:25:50.313+00:00&quot;},{&quot;userAddress&quot;:{&quot;addressId&quot;:884,&quot;plotNumber&quot;:&quot;pl-373&quot;,&quot;street&quot;:&quot;Cypress&quot;,&quot;state&quot;:&quot;GA&quot;,&quot;country&quot;:&quot;USA&quot;,&quot;zipCode&quot;:30225},&quot;user_id&quot;:917,&quot;user_first_name&quot;:&quot;Rushi&quot;,&quot;user_last_name&quot;:&quot;Pk&quot;,&quot;user_contact_number&quot;:1234567800,&quot;user_email_id&quot;:&quot;Rp@gmail.com&quot;,&quot;creation_time&quot;:&quot;2024-09-19T19:33:01.622+00:00&quot;,&quot;last_mod_time&quot;:&quot;2024-09-19T19:33:01.622+00:00&quot;},{&quot;userAddress&quot;:{&quot;addressId&quot;:8144,&quot;plotNumber&quot;:&quot;P1-10&quot;,&quot;street&quot;:&quot;Altenwerth Walks&quot;,&quot;state&quot;:&quot;TX&quot;,&quot;country&quot;:&quot;USA&quot;,&quot;zipCode&quot;:12356},&quot;user_id&quot;:8176,&quot;user_first_name&quot;:&quot;Henderson&quot;,&quot;user_last_name&quot;:&quot;Klocko&quot;,&quot;user_contact_number&quot;:3607896152,&quot;user_email_id&quot;:&quot;Elaina12@yahoo.com&quot;,&quot;creation_time&quot;:&quot;2024-10-12T16:18:06.612+00:00&quot;,&quot;last_mod_time&quot;:&quot;2024-10-12T16:18:06.612+00:00&quot;},{&quot;userAddress&quot;:{&quot;addressId&quot;:7748,&quot;plotNumber&quot;:&quot;pl-3&quot;,&quot;street&quot;:&quot;shadow sR&quot;,&quot;state&quot;:&quot;GA&quot;,&quot;country&quot;:&quot;INDIA&quot;,&quot;zipCode&quot;:66466},&quot;user_id&quot;:7780,&quot;user_first_name&quot;:&quot;Pete&quot;,&quot;user_last_name&quot;:&quot;Rempel&quot;,&quot;user_contact_number&quot;:5656565850,&quot;user_email_id&quot;:&quot;Team05PSM@gmail.com&quot;,&quot;creation_time&quot;:&quot;2024-10-11T02:09:32.272+00:00&quot;,&quot;last_mod_time&quot;:&quot;2024-10-11T02:09:32.272+00:00&quot;},{&quot;userAddress&quot;:{&quot;addressId&quot;:887,&quot;plotNumber&quot;:&quot;p1-129&quot;,&quot;street&quot;:&quot;Main&quot;,&quot;state&quot;:&quot;NY&quot;,&quot;country&quot;:&quot;USA&quot;,&quot;zipCode&quot;:90901},&quot;user_id&quot;:920,&quot;user_first_name&quot;:&quot;firstname&quot;,&quot;user_last_name&quot;:&quot;lastname&quot;,&quot;user_contact_number&quot;:1887849899,&quot;user_email_id&quot;:&quot;firstHname.last0name@example.com&quot;,&quot;creation_time&quot;:&quot;2024-09-19T19:35:47.335+00:00&quot;,&quot;last_mod_time&quot;:&quot;2024-09-19T19:35:47.335+00:00&quot;},{&quot;userAddress&quot;:{&quot;addressId&quot;:888,&quot;plotNumber&quot;:&quot;AB-61&quot;,&quot;street&quot;:&quot;Atlantis&quot;,&quot;state&quot;:&quot;VA&quot;,&quot;country&quot;:&quot;USA&quot;,&quot;zipCode&quot;:13145},&quot;user_id&quot;:921,&quot;user_first_name&quot;:&quot;AMRITA&quot;,&quot;user_last_name&quot;:&quot;ANAND&quot;,&quot;user_contact_number&quot;:4567893245,&quot;user_email_id&quot;:&quot;abcde@gmail.com&quot;,&quot;creation_time&quot;:&quot;2024-09-19T19:35:51.449+00:00&quot;,&quot;last_mod_time&quot;:&quot;2024-09-19T19:35:51.449+00:00&quot;},{&quot;userAddress&quot;:{&quot;addressId&quot;:889,&quot;plotNumber&quot;:&quot;pl-373&quot;,&quot;street&quot;:&quot;Cypress&quot;,&quot;state&quot;:&quot;GA&quot;,&quot;country&quot;:&quot;USA&quot;,&quot;zipCode&quot;:30225},&quot;user_id&quot;:922,&quot;user_first_name&quot;:&quot;Rushi&quot;,&quot;user_last_name&quot;:&quot;Pk&quot;,&quot;user_contact_number&quot;:1234560800,&quot;user_email_id&quot;:&quot;Rpk@gmail.com&quot;,&quot;creation_time&quot;:&quot;2024-09-19T19:39:12.346+00:00&quot;,&quot;last_mod_time&quot;:&quot;2024-09-19T19:39:12.346+00:00&quot;},{&quot;userAddress&quot;:{&quot;addressId&quot;:1888,&quot;plotNumber&quot;:&quot;p1-02&quot;,&quot;street&quot;:&quot;Richmond&quot;,&quot;state&quot;:&quot;Assam&quot;,&quot;country&quot;:&quot;India&quot;,&quot;zipCode&quot;:78804},&quot;user_id&quot;:1921,&quot;user_first_name&quot;:&quot;Rim&quot;,&quot;user_last_name&quot;:&quot;Roy&quot;,&quot;user_contact_number&quot;:6666666686,&quot;user_email_id&quot;:&quot;rim.roy8@gmail.com&quot;,&quot;creation_time&quot;:&quot;2024-09-21T06:39:47.048+00:00&quot;,&quot;last_mod_time&quot;:&quot;2024-09-21T06:39:47.048+00:00&quot;},{&quot;userAddress&quot;:{&quot;addressId&quot;:7754,&quot;plotNumber&quot;:&quot;Bt-11&quot;,&quot;street&quot;:&quot;First St&quot;,&quot;state&quot;:&quot;Texas&quot;,&quot;country&quot;:&quot;USA&quot;,&quot;zipCode&quot;:54657},&quot;user_id&quot;:7786,&quot;user_first_name&quot;:&quot;Newfirstname&quot;,&quot;user_last_name&quot;:&quot;lastTrial&quot;,&quot;user_contact_number&quot;:9737770199,&quot;user_email_id&quot;:&quot;tommyand42i2bbg6h@gmail.com&quot;,&quot;creation_time&quot;:&quot;2024-10-11T03:09:48.782+00:00&quot;,&quot;last_mod_time&quot;:&quot;2024-10-11T03:09:48.782+00:00&quot;},{&quot;userAddress&quot;:{&quot;addressId&quot;:8145,&quot;plotNumber&quot;:&quot;P1-10&quot;,&quot;street&quot;:&quot;Felton Points&quot;,&quot;state&quot;:&quot;TX&quot;,&quot;country&quot;:&quot;USA&quot;,&quot;zipCode&quot;:12356},&quot;user_id&quot;:8177,&quot;user_first_name&quot;:&quot;Kevon&quot;,&quot;user_last_name&quot;:&quot;Gleason&quot;,&quot;user_contact_number&quot;:3607896185,&quot;user_email_id&quot;:&quot;Kaitlyn41@hotmail.com&quot;,&quot;creation_time&quot;:&quot;2024-10-12T16:18:53.270+00:00&quot;,&quot;last_mod_time&quot;:&quot;2024-10-12T16:18:53.270+00:00&quot;},{&quot;userAddress&quot;:{&quot;addressId&quot;:893,&quot;plotNumber&quot;:&quot;p1-129&quot;,&quot;street&quot;:&quot;Main&quot;,&quot;state&quot;:&quot;NY&quot;,&quot;country&quot;:&quot;USA&quot;,&quot;zipCode&quot;:90901},&quot;user_id&quot;:926,&quot;user_first_name&quot;:&quot;firstnme&quot;,&quot;user_last_name&quot;:&quot;lasname&quot;,&quot;user_contact_number&quot;:1887049899,&quot;user_email_id&quot;:&quot;firstHame.last0name@example.com&quot;,&quot;creation_time&quot;:&quot;2024-09-19T19:42:51.187+00:00&quot;,&quot;last_mod_time&quot;:&quot;2024-09-19T19:42:51.187+00:00&quot;},{&quot;userAddress&quot;:{&quot;addressId&quot;:8146,&quot;plotNumber&quot;:&quot;P1-10&quot;,&quot;street&quot;:&quot;Johns Oval&quot;,&quot;state&quot;:&quot;TX&quot;,&quot;country&quot;:&quot;USA&quot;,&quot;zipCode&quot;:12356},&quot;user_id&quot;:8178,&quot;user_first_name&quot;:&quot;Onie&quot;,&quot;user_last_name&quot;:&quot;Willms&quot;,&quot;user_contact_number&quot;:3607896177,&quot;user_email_id&quot;:&quot;Dorian33@hotmail.com&quot;,&quot;creation_time&quot;:&quot;2024-10-12T16:18:57.283+00:00&quot;,&quot;last_mod_time&quot;:&quot;2024-10-12T16:18:57.283+00:00&quot;},{&quot;userAddress&quot;:{&quot;addressId&quot;:8147,&quot;plotNumber&quot;:&quot;P1-10&quot;,&quot;street&quot;:&quot;Samantha Squares&quot;,&quot;state&quot;:&quot;TX&quot;,&quot;country&quot;:&quot;USA&quot;,&quot;zipCode&quot;:12356},&quot;user_id&quot;:8179,&quot;user_first_name&quot;:&quot;Orville&quot;,&quot;user_last_name&quot;:&quot;Purdy&quot;,&quot;user_contact_number&quot;:3607896117,&quot;user_email_id&quot;:&quot;Vicente99@yahoo.com&quot;,&quot;creation_time&quot;:&quot;2024-10-12T16:19:00.887+00:00&quot;,&quot;last_mod_time&quot;:&quot;2024-10-12T16:19:00.887+00:00&quot;},{&quot;userAddress&quot;:{&quot;addressId&quot;:908,&quot;plotNumber&quot;:&quot;23-B&quot;,&quot;street&quot;:&quot;Fourth St&quot;,&quot;state&quot;:&quot;OH&quot;,&quot;country&quot;:&quot;USA&quot;,&quot;zipCode&quot;:41050},&quot;user_id&quot;:941,&quot;user_first_name&quot;:&quot;rich&quot;,&quot;user_last_name&quot;:&quot;Loomis&quot;,&quot;user_contact_number&quot;:5131129866,&quot;user_email_id&quot;:&quot;rich123@gmail.com&quot;,&quot;creation_time&quot;:&quot;2024-09-19T19:56:59.091+00:00&quot;,&quot;last_mod_time&quot;:&quot;2024-09-19T19:56:59.091+00:00&quot;},{&quot;userAddress&quot;:{&quot;addressId&quot;:909,&quot;plotNumber&quot;:&quot;pl-373&quot;,&quot;street&quot;:&quot;Cypress&quot;,&quot;state&quot;:&quot;GA&quot;,&quot;country&quot;:&quot;USA&quot;,&quot;zipCode&quot;:30225},&quot;user_id&quot;:942,&quot;user_first_name&quot;:&quot;Rushi&quot;,&quot;user_last_name&quot;:&quot;Pk&quot;,&quot;user_contact_number&quot;:1234060800,&quot;user_email_id&quot;:&quot;Rupk@gmail.com&quot;,&quot;creation_time&quot;:&quot;2024-09-19T19:59:48.328+00:00&quot;,&quot;last_mod_time&quot;:&quot;2024-09-19T19:59:48.328+00:00&quot;},{&quot;userAddress&quot;:{&quot;addressId&quot;:910,&quot;plotNumber&quot;:&quot;223-B&quot;,&quot;street&quot;:&quot;Fourth St&quot;,&quot;state&quot;:&quot;OH&quot;,&quot;country&quot;:&quot;USA&quot;,&quot;zipCode&quot;:41050},&quot;user_id&quot;:943,&quot;user_first_name&quot;:&quot;reema&quot;,&quot;user_last_name&quot;:&quot;sen&quot;,&quot;user_contact_number&quot;:5131129867,&quot;user_email_id&quot;:&quot;rema123@gmail.com&quot;,&quot;creation_time&quot;:&quot;2024-09-19T20:00:13.588+00:00&quot;,&quot;last_mod_time&quot;:&quot;2024-09-19T20:00:13.588+00:00&quot;},{&quot;userAddress&quot;:{&quot;addressId&quot;:911,&quot;plotNumber&quot;:&quot;pl-373&quot;,&quot;street&quot;:&quot;Cypress&quot;,&quot;state&quot;:&quot;GA&quot;,&quot;country&quot;:&quot;USA&quot;,&quot;zipCode&quot;:30225},&quot;user_id&quot;:944,&quot;user_first_name&quot;:&quot;Rushi&quot;,&quot;user_last_name&quot;:&quot;Pk&quot;,&quot;user_contact_number&quot;:1239060800,&quot;user_email_id&quot;:&quot;Rus.pk@gmail.com&quot;,&quot;creation_time&quot;:&quot;2024-09-19T20:05:41.698+00:00&quot;,&quot;last_mod_time&quot;:&quot;2024-09-19T20:05:41.698+00:00&quot;},{&quot;userAddress&quot;:{&quot;addressId&quot;:912,&quot;plotNumber&quot;:&quot;pl-373&quot;,&quot;street&quot;:&quot;Cypress&quot;,&quot;state&quot;:&quot;GA&quot;,&quot;country&quot;:&quot;USA&quot;,&quot;zipCode&quot;:30225},&quot;user_id&quot;:945,&quot;user_first_name&quot;:&quot;Rushi&quot;,&quot;user_last_name&quot;:&quot;Pk&quot;,&quot;user_contact_number&quot;:1239000800,&quot;user_email_id&quot;:&quot;Ruspk@gmail.com&quot;,&quot;creation_time&quot;:&quot;2024-09-19T20:06:11.411+00:00&quot;,&quot;last_mod_time&quot;:&quot;2024-09-19T20:06:11.411+00:00&quot;},{&quot;userAddress&quot;:{&quot;addressId&quot;:913,&quot;plotNumber&quot;:&quot;A-242&quot;,&quot;street&quot;:&quot;ln dr&quot;,&quot;state&quot;:&quot;CA&quot;,&quot;country&quot;:&quot;USA&quot;,&quot;zipCode&quot;:98568},&quot;user_id&quot;:946,&quot;user_first_name&quot;:&quot;Nehaabc&quot;,&quot;user_last_name&quot;:&quot;xyz&quot;,&quot;user_contact_number&quot;:5418598763,&quot;user_email_id&quot;:&quot;xyz@gmail.com&quot;,&quot;creation_time&quot;:&quot;2024-09-19T20:09:40.202+00:00&quot;,&quot;last_mod_time&quot;:&quot;2024-09-19T20:09:40.202+00:00&quot;},{&quot;userAddress&quot;:{&quot;addressId&quot;:915,&quot;plotNumber&quot;:&quot;A-282&quot;,&quot;street&quot;:&quot;BA dr&quot;,&quot;state&quot;:&quot;MA&quot;,&quot;country&quot;:&quot;USA&quot;,&quot;zipCode&quot;:69568},&quot;user_id&quot;:948,&quot;user_first_name&quot;:&quot;Neha&quot;,&quot;user_last_name&quot;:&quot;wxyz&quot;,&quot;user_contact_number&quot;:7418598763,&quot;user_email_id&quot;:&quot;sxyz@gmail.com&quot;,&quot;creation_time&quot;:&quot;2024-09-19T20:12:30.108+00:00&quot;,&quot;last_mod_time&quot;:&quot;2024-09-19T20:12:30.108+00:00&quot;},{&quot;userAddress&quot;:{&quot;addressId&quot;:916,&quot;plotNumber&quot;:&quot;B-21&quot;,&quot;street&quot;:&quot;Maple Dr&quot;,&quot;state&quot;:&quot;California&quot;,&quot;country&quot;:&quot;USA&quot;,&quot;zipCode&quot;:32012},&quot;user_id&quot;:949,&quot;user_first_name&quot;:&quot;Katie&quot;,&quot;user_last_name&quot;:&quot;Jim&quot;,&quot;user_contact_number&quot;:5674561209,&quot;user_email_id&quot;:&quot;katie@gmail.com&quot;,&quot;creation_time&quot;:&quot;2024-09-19T20:22:34.390+00:00&quot;,&quot;last_mod_time&quot;:&quot;2024-09-19T20:22:34.390+00:00&quot;},{&quot;userAddress&quot;:{&quot;addressId&quot;:918,&quot;plotNumber&quot;:&quot;p1-09&quot;,&quot;street&quot;:&quot;aldyn&quot;,&quot;state&quot;:&quot;GA&quot;,&quot;country&quot;:&quot;USA&quot;,&quot;zipCode&quot;:30189},&quot;user_id&quot;:951,&quot;user_first_name&quot;:&quot;Nathan&quot;,&quot;user_last_name&quot;:&quot;kama&quot;,&quot;user_contact_number&quot;:4567321890,&quot;user_email_id&quot;:&quot;nathan.kama@example.com&quot;,&quot;creation_time&quot;:&quot;2024-09-19T20:25:51.853+00:00&quot;,&quot;last_mod_time&quot;:&quot;2024-09-19T20:25:51.853+00:00&quot;},{&quot;userAddress&quot;:{&quot;addressId&quot;:926,&quot;plotNumber&quot;:&quot;pl-70&quot;,&quot;street&quot;:&quot;Grand St&quot;,&quot;state&quot;:&quot;IN&quot;,&quot;country&quot;:&quot;USA&quot;,&quot;zipCode&quot;:6757},&quot;user_id&quot;:959,&quot;user_first_name&quot;:&quot;Jone&quot;,&quot;user_last_name&quot;:&quot;Smith&quot;,&quot;user_contact_number&quot;:7897673455,&quot;user_email_id&quot;:&quot;Jone@abc.com&quot;,&quot;creation_time&quot;:&quot;2024-09-19T20:45:39.504+00:00&quot;,&quot;last_mod_time&quot;:&quot;2024-09-19T20:45:39.504+00:00&quot;},{&quot;userAddress&quot;:{&quot;addressId&quot;:929,&quot;plotNumber&quot;:&quot;223-a&quot;,&quot;street&quot;:&quot;Fourth St&quot;,&quot;state&quot;:&quot;OH&quot;,&quot;country&quot;:&quot;USA&quot;,&quot;zipCode&quot;:410501111},&quot;user_id&quot;:962,&quot;user_first_name&quot;:&quot;Rrani&quot;,&quot;user_last_name&quot;:&quot;sen&quot;,&quot;user_contact_number&quot;:5131129853,&quot;user_email_id&quot;:&quot;rani1@gmail.com&quot;,&quot;creation_time&quot;:&quot;2024-09-19T21:00:50.160+00:00&quot;,&quot;last_mod_time&quot;:&quot;2024-09-19T21:00:50.160+00:00&quot;},{&quot;userAddress&quot;:{&quot;addressId&quot;:930,&quot;plotNumber&quot;:&quot;223-a&quot;,&quot;street&quot;:&quot;Fourth St&quot;,&quot;state&quot;:&quot;OH&quot;,&quot;country&quot;:&quot;USA&quot;,&quot;zipCode&quot;:62327111},&quot;user_id&quot;:963,&quot;user_first_name&quot;:&quot;Rrani&quot;,&quot;user_last_name&quot;:&quot;sen&quot;,&quot;user_contact_number&quot;:5131129653,&quot;user_email_id&quot;:&quot;rani11@gmail.com&quot;,&quot;creation_time&quot;:&quot;2024-09-19T21:01:53.184+00:00&quot;,&quot;last_mod_time&quot;:&quot;2024-09-19T21:01:53.184+00:00&quot;},{&quot;userAddress&quot;:{&quot;addressId&quot;:931,&quot;plotNumber&quot;:&quot;223-a&quot;,&quot;street&quot;:&quot;Fourth St&quot;,&quot;state&quot;:&quot;OH&quot;,&quot;country&quot;:&quot;USA&quot;,&quot;zipCode&quot;:6232},&quot;user_id&quot;:964,&quot;user_first_name&quot;:&quot;Rrani&quot;,&quot;user_last_name&quot;:&quot;sen&quot;,&quot;user_contact_number&quot;:5131122653,&quot;user_email_id&quot;:&quot;rani21@gmail.com&quot;,&quot;creation_time&quot;:&quot;2024-09-19T21:04:10.283+00:00&quot;,&quot;last_mod_time&quot;:&quot;2024-09-19T21:04:10.283+00:00&quot;},{&quot;userAddress&quot;:{&quot;addressId&quot;:932,&quot;plotNumber&quot;:&quot;223-a&quot;,&quot;street&quot;:&quot;Fourth St&quot;,&quot;state&quot;:&quot;OH&quot;,&quot;country&quot;:&quot;USA&quot;,&quot;zipCode&quot;:6232},&quot;user_id&quot;:965,&quot;user_first_name&quot;:&quot;Rrani&quot;,&quot;user_last_name&quot;:&quot;sen&quot;,&quot;user_contact_number&quot;:5131112334,&quot;user_email_id&quot;:&quot;rani211@gmail.com&quot;,&quot;creation_time&quot;:&quot;2024-09-19T21:06:04.688+00:00&quot;,&quot;last_mod_time&quot;:&quot;2024-09-19T21:06:04.688+00:00&quot;},{&quot;userAddress&quot;:{&quot;addressId&quot;:945,&quot;plotNumber&quot;:&quot;A-2345&quot;,&quot;street&quot;:&quot;drlane&quot;,&quot;state&quot;:&quot;CA&quot;,&quot;country&quot;:&quot;USA&quot;,&quot;zipCode&quot;:null},&quot;user_id&quot;:978,&quot;user_first_name&quot;:&quot;Supriya&quot;,&quot;user_last_name&quot;:&quot;More&quot;,&quot;user_contact_number&quot;:4345678945,&quot;user_email_id&quot;:&quot;marewar45@gmail.com&quot;,&quot;creation_time&quot;:&quot;2024-09-19T21:30:10.230+00:00&quot;,&quot;last_mod_time&quot;:&quot;2024-09-19T21:30:10.230+00:00&quot;},{&quot;userAddress&quot;:{&quot;addressId&quot;:933,&quot;plotNumber&quot;:&quot;C-109&quot;,&quot;street&quot;:&quot;Doctor street&quot;,&quot;state&quot;:&quot;Rajasthan&quot;,&quot;country&quot;:&quot;India&quot;,&quot;zipCode&quot;:302021},&quot;user_id&quot;:966,&quot;user_first_name&quot;:&quot;Neha&quot;,&quot;user_last_name&quot;:&quot;Sukhani&quot;,&quot;user_contact_number&quot;:7778881220,&quot;user_email_id&quot;:&quot;nehasukhani@gmail.com&quot;,&quot;creation_time&quot;:&quot;2024-09-19T21:08:23.030+00:00&quot;,&quot;last_mod_time&quot;:&quot;2024-09-19T21:08:23.030+00:00&quot;},{&quot;userAddress&quot;:{&quot;addressId&quot;:934,&quot;plotNumber&quot;:&quot;223-a&quot;,&quot;street&quot;:&quot;Fourth St&quot;,&quot;state&quot;:&quot;OH&quot;,&quot;country&quot;:&quot;USA&quot;,&quot;zipCode&quot;:null},&quot;user_id&quot;:967,&quot;user_first_name&quot;:&quot;Rrani&quot;,&quot;user_last_name&quot;:&quot;sen&quot;,&quot;user_contact_number&quot;:5131112324,&quot;user_email_id&quot;:&quot;rani2111@gmail.com&quot;,&quot;creation_time&quot;:&quot;2024-09-19T21:09:36.618+00:00&quot;,&quot;last_mod_time&quot;:&quot;2024-09-19T21:09:36.618+00:00&quot;},{&quot;userAddress&quot;:{&quot;addressId&quot;:936,&quot;plotNumber&quot;:&quot;223-a&quot;,&quot;street&quot;:&quot;Fourth St&quot;,&quot;state&quot;:&quot;OH&quot;,&quot;country&quot;:&quot;USA&quot;,&quot;zipCode&quot;:null},&quot;user_id&quot;:969,&quot;user_first_name&quot;:&quot;Rrani&quot;,&quot;user_last_name&quot;:&quot;sen&quot;,&quot;user_contact_number&quot;:5131122324,&quot;user_email_id&quot;:&quot;rani2112@gmail.com&quot;,&quot;creation_time&quot;:&quot;2024-09-19T21:11:07.729+00:00&quot;,&quot;last_mod_time&quot;:&quot;2024-09-19T21:11:07.729+00:00&quot;},{&quot;userAddress&quot;:{&quot;addressId&quot;:938,&quot;plotNumber&quot;:&quot;pl-373&quot;,&quot;street&quot;:&quot;Cypress&quot;,&quot;state&quot;:&quot;GA&quot;,&quot;country&quot;:&quot;USA&quot;,&quot;zipCode&quot;:30225},&quot;user_id&quot;:971,&quot;user_first_name&quot;:&quot;Rushi&quot;,&quot;user_last_name&quot;:&quot;Pk&quot;,&quot;user_contact_number&quot;:1239370800,&quot;user_email_id&quot;:&quot;Rushipk@gmail.com&quot;,&quot;creation_time&quot;:&quot;2024-09-19T21:13:56.908+00:00&quot;,&quot;last_mod_time&quot;:&quot;2024-09-19T21:13:56.908+00:00&quot;},{&quot;userAddress&quot;:{&quot;addressId&quot;:939,&quot;plotNumber&quot;:&quot;pl-373&quot;,&quot;street&quot;:&quot;Cypress&quot;,&quot;state&quot;:&quot;GA&quot;,&quot;country&quot;:&quot;USA&quot;,&quot;zipCode&quot;:30225},&quot;user_id&quot;:972,&quot;user_first_name&quot;:&quot;Rushi&quot;,&quot;user_last_name&quot;:&quot;Pk&quot;,&quot;user_contact_number&quot;:1239373800,&quot;user_email_id&quot;:&quot;Rushik@gmail.com&quot;,&quot;creation_time&quot;:&quot;2024-09-19T21:15:13.517+00:00&quot;,&quot;last_mod_time&quot;:&quot;2024-09-19T21:15:13.517+00:00&quot;},{&quot;userAddress&quot;:{&quot;addressId&quot;:940,&quot;plotNumber&quot;:&quot;223-a&quot;,&quot;street&quot;:&quot;Fourth St&quot;,&quot;state&quot;:&quot;OH&quot;,&quot;country&quot;:&quot;USA&quot;,&quot;zipCode&quot;:41011},&quot;user_id&quot;:973,&quot;user_first_name&quot;:&quot;Rkrani&quot;,&quot;user_last_name&quot;:&quot;sekumarn&quot;,&quot;user_contact_number&quot;:8591113456,&quot;user_email_id&quot;:&quot;pkran42213@gmail.com&quot;,&quot;creation_time&quot;:&quot;2024-09-19T21:16:34.097+00:00&quot;,&quot;last_mod_time&quot;:&quot;2024-09-19T21:16:34.097+00:00&quot;},{&quot;userAddress&quot;:{&quot;addressId&quot;:941,&quot;plotNumber&quot;:&quot;pl-373&quot;,&quot;street&quot;:&quot;Cypress&quot;,&quot;state&quot;:&quot;GA&quot;,&quot;country&quot;:&quot;USA&quot;,&quot;zipCode&quot;:30225},&quot;user_id&quot;:974,&quot;user_first_name&quot;:&quot;Rushi&quot;,&quot;user_last_name&quot;:&quot;Pk&quot;,&quot;user_contact_number&quot;:1239372800,&quot;user_email_id&quot;:&quot;Ruship@gmail.com&quot;,&quot;creation_time&quot;:&quot;2024-09-19T21:16:40.267+00:00&quot;,&quot;last_mod_time&quot;:&quot;2024-09-19T21:16:40.267+00:00&quot;},{&quot;userAddress&quot;:{&quot;addressId&quot;:942,&quot;plotNumber&quot;:null,&quot;street&quot;:null,&quot;state&quot;:null,&quot;country&quot;:null,&quot;zipCode&quot;:null},&quot;user_id&quot;:975,&quot;user_first_name&quot;:&quot;Lata&quot;,&quot;user_last_name&quot;:&quot;Ch&quot;,&quot;user_contact_number&quot;:1214563412,&quot;user_email_id&quot;:&quot;Team1Lata8@gmail.com&quot;,&quot;creation_time&quot;:&quot;2024-09-19T21:23:44.741+00:00&quot;,&quot;last_mod_time&quot;:&quot;2024-09-19T21:23:44.741+00:00&quot;},{&quot;userAddress&quot;:{&quot;addressId&quot;:944,&quot;plotNumber&quot;:&quot;P-1235&quot;,&quot;street&quot;:null,&quot;state&quot;:&quot;CA&quot;,&quot;country&quot;:null,&quot;zipCode&quot;:12356},&quot;user_id&quot;:977,&quot;user_first_name&quot;:&quot;priya&quot;,&quot;user_last_name&quot;:&quot;marewar&quot;,&quot;user_contact_number&quot;:4338515254,&quot;user_email_id&quot;:&quot;marewar59@gmail.com&quot;,&quot;creation_time&quot;:&quot;2024-09-19T21:28:28.848+00:00&quot;,&quot;last_mod_time&quot;:&quot;2024-09-19T21:28:28.848+00:00&quot;},{&quot;userAddress&quot;:{&quot;addressId&quot;:946,&quot;plotNumber&quot;:&quot;B-4534&quot;,&quot;street&quot;:&quot;drlanew&quot;,&quot;state&quot;:&quot;CA&quot;,&quot;country&quot;:&quot;USA&quot;,&quot;zipCode&quot;:null},&quot;user_id&quot;:979,&quot;user_first_name&quot;:&quot;Sneha&quot;,&quot;user_last_name&quot;:&quot;Gore&quot;,&quot;user_contact_number&quot;:3453456677,&quot;user_email_id&quot;:&quot;marewar54@gmail.com&quot;,&quot;creation_time&quot;:&quot;2024-09-19T21:30:10.426+00:00&quot;,&quot;last_mod_time&quot;:&quot;2024-09-19T21:30:10.426+00:00&quot;},{&quot;userAddress&quot;:{&quot;addressId&quot;:947,&quot;plotNumber&quot;:&quot;pl-373&quot;,&quot;street&quot;:&quot;Cypress&quot;,&quot;state&quot;:&quot;GA&quot;,&quot;country&quot;:&quot;USA&quot;,&quot;zipCode&quot;:30225},&quot;user_id&quot;:980,&quot;user_first_name&quot;:&quot;Rushmi&quot;,&quot;user_last_name&quot;:&quot;Pk&quot;,&quot;user_contact_number&quot;:1229372800,&quot;user_email_id&quot;:&quot;Rushmp@gmail.com&quot;,&quot;creation_time&quot;:&quot;2024-09-19T21:31:19.012+00:00&quot;,&quot;last_mod_time&quot;:&quot;2024-09-19T21:31:19.012+00:00&quot;},{&quot;userAddress&quot;:{&quot;addressId&quot;:949,&quot;plotNumber&quot;:&quot;sss-111&quot;,&quot;street&quot;:&quot;Austin&quot;,&quot;state&quot;:&quot;TX&quot;,&quot;country&quot;:&quot;USA&quot;,&quot;zipCode&quot;:null},&quot;user_id&quot;:982,&quot;user_first_name&quot;:&quot;Debalina&quot;,&quot;user_last_name&quot;:&quot;Ch&quot;,&quot;user_contact_number&quot;:9830222687,&quot;user_email_id&quot;:&quot;Team1Debalina9@gmail.com&quot;,&quot;creation_time&quot;:&quot;2024-09-19T21:41:36.450+00:00&quot;,&quot;last_mod_time&quot;:&quot;2024-09-19T21:41:36.450+00:00&quot;},{&quot;userAddress&quot;:{&quot;addressId&quot;:953,&quot;plotNumber&quot;:&quot;H-1201&quot;,&quot;street&quot;:&quot;MOGRA&quot;,&quot;state&quot;:&quot;IL&quot;,&quot;country&quot;:&quot;USA&quot;,&quot;zipCode&quot;:55477},&quot;user_id&quot;:986,&quot;user_first_name&quot;:&quot;MyTeams&quot;,&quot;user_last_name&quot;:&quot;Success&quot;,&quot;user_contact_number&quot;:9900224777,&quot;user_email_id&quot;:&quot;teams6@nn.com&quot;,&quot;creation_time&quot;:&quot;2024-09-19T21:47:54.616+00:00&quot;,&quot;last_mod_time&quot;:&quot;2024-09-19T21:47:54.616+00:00&quot;},{&quot;userAddress&quot;:{&quot;addressId&quot;:954,&quot;plotNumber&quot;:&quot;H-1201&quot;,&quot;street&quot;:&quot;MOGRA&quot;,&quot;state&quot;:&quot;IL&quot;,&quot;country&quot;:&quot;USA&quot;,&quot;zipCode&quot;:55477},&quot;user_id&quot;:987,&quot;user_first_name&quot;:&quot;MyTeams&quot;,&quot;user_last_name&quot;:&quot;Success&quot;,&quot;user_contact_number&quot;:9900222777,&quot;user_email_id&quot;:&quot;teams06@nn.com&quot;,&quot;creation_time&quot;:&quot;2024-09-19T21:48:48.352+00:00&quot;,&quot;last_mod_time&quot;:&quot;2024-09-19T21:48:48.352+00:00&quot;},{&quot;userAddress&quot;:{&quot;addressId&quot;:955,&quot;plotNumber&quot;:&quot;H-1201&quot;,&quot;street&quot;:&quot;MOGRAN&quot;,&quot;state&quot;:&quot;IL&quot;,&quot;country&quot;:&quot;USA&quot;,&quot;zipCode&quot;:55477},&quot;user_id&quot;:988,&quot;user_first_name&quot;:&quot;MyTeams&quot;,&quot;user_last_name&quot;:&quot;Success&quot;,&quot;user_contact_number&quot;:9900222707,&quot;user_email_id&quot;:&quot;ninja06@nn.com&quot;,&quot;creation_time&quot;:&quot;2024-09-19T21:50:04.313+00:00&quot;,&quot;last_mod_time&quot;:&quot;2024-09-19T21:50:04.313+00:00&quot;},{&quot;userAddress&quot;:{&quot;addressId&quot;:956,&quot;plotNumber&quot;:&quot;223-a&quot;,&quot;street&quot;:&quot;Fourth St&quot;,&quot;state&quot;:&quot;OH&quot;,&quot;country&quot;:&quot;USA&quot;,&quot;zipCode&quot;:41011},&quot;user_id&quot;:989,&quot;user_first_name&quot;:&quot;rajamohan&quot;,&quot;user_last_name&quot;:&quot;madhupriyan&quot;,&quot;user_contact_number&quot;:8594313456,&quot;user_email_id&quot;:&quot;raja-mahan@gmail.com&quot;,&quot;creation_time&quot;:&quot;2024-09-19T21:55:36.015+00:00&quot;,&quot;last_mod_time&quot;:&quot;2024-09-19T21:55:36.015+00:00&quot;},{&quot;userAddress&quot;:{&quot;addressId&quot;:957,&quot;plotNumber&quot;:&quot;223-a&quot;,&quot;street&quot;:&quot;Fourth St&quot;,&quot;state&quot;:&quot;OH&quot;,&quot;country&quot;:&quot;USA&quot;,&quot;zipCode&quot;:41011},&quot;user_id&quot;:990,&quot;user_first_name&quot;:&quot;rajamohan&quot;,&quot;user_last_name&quot;:&quot;madhupriyan&quot;,&quot;user_contact_number&quot;:8595313456,&quot;user_email_id&quot;:&quot;raja.mahan@gmail.com&quot;,&quot;creation_time&quot;:&quot;2024-09-19T21:57:10.460+00:00&quot;,&quot;last_mod_time&quot;:&quot;2024-09-19T21:57:10.460+00:00&quot;},{&quot;userAddress&quot;:{&quot;addressId&quot;:958,&quot;plotNumber&quot;:&quot;223-a&quot;,&quot;street&quot;:&quot;Fourth St&quot;,&quot;state&quot;:&quot;OH&quot;,&quot;country&quot;:&quot;USA&quot;,&quot;zipCode&quot;:41011},&quot;user_id&quot;:991,&quot;user_first_name&quot;:&quot;ramamohan&quot;,&quot;user_last_name&quot;:&quot;priyan&quot;,&quot;user_contact_number&quot;:8596313456,&quot;user_email_id&quot;:&quot;rama33mahan@gmail.com&quot;,&quot;creation_time&quot;:&quot;2024-09-19T21:58:43.575+00:00&quot;,&quot;last_mod_time&quot;:&quot;2024-09-19T21:58:43.575+00:00&quot;},{&quot;userAddress&quot;:{&quot;addressId&quot;:959,&quot;plotNumber&quot;:&quot;223-a&quot;,&quot;street&quot;:&quot;Fourth St&quot;,&quot;state&quot;:&quot;OH&quot;,&quot;country&quot;:&quot;USA&quot;,&quot;zipCode&quot;:41011},&quot;user_id&quot;:992,&quot;user_first_name&quot;:&quot;ramamohanan&quot;,&quot;user_last_name&quot;:&quot;priyankumar&quot;,&quot;user_contact_number&quot;:8597313456,&quot;user_email_id&quot;:&quot;mohan33mahan@123gmail.com&quot;,&quot;creation_time&quot;:&quot;2024-09-19T21:59:35.483+00:00&quot;,&quot;last_mod_time&quot;:&quot;2024-09-19T21:59:35.483+00:00&quot;},{&quot;userAddress&quot;:{&quot;addressId&quot;:993,&quot;plotNumber&quot;:&quot;pl-555&quot;,&quot;street&quot;:&quot;aqua&quot;,&quot;state&quot;:null,&quot;country&quot;:&quot;india&quot;,&quot;zipCode&quot;:629803},&quot;user_id&quot;:1026,&quot;user_first_name&quot;:&quot;asab&quot;,&quot;user_last_name&quot;:&quot;akasha&quot;,&quot;user_contact_number&quot;:1234944661,&quot;user_email_id&quot;:&quot;wagyia5@gmail.com&quot;,&quot;creation_time&quot;:&quot;2024-09-19T22:58:56.742+00:00&quot;,&quot;last_mod_time&quot;:&quot;2024-09-19T22:58:56.742+00:00&quot;},{&quot;userAddress&quot;:{&quot;addressId&quot;:994,&quot;plotNumber&quot;:&quot;pl-555&quot;,&quot;street&quot;:&quot;aqua&quot;,&quot;state&quot;:null,&quot;country&quot;:&quot;india&quot;,&quot;zipCode&quot;:629803},&quot;user_id&quot;:1027,&quot;user_first_name&quot;:&quot;asab&quot;,&quot;user_last_name&quot;:&quot;akasha&quot;,&quot;user_contact_number&quot;:1238944661,&quot;user_email_id&quot;:&quot;wagyoa5@gmail.com&quot;,&quot;creation_time&quot;:&quot;2024-09-19T22:59:55.708+00:00&quot;,&quot;last_mod_time&quot;:&quot;2024-09-19T22:59:55.708+00:00&quot;},{&quot;userAddress&quot;:{&quot;addressId&quot;:962,&quot;plotNumber&quot;:null,&quot;street&quot;:null,&quot;state&quot;:null,&quot;country&quot;:null,&quot;zipCode&quot;:null},&quot;user_id&quot;:995,&quot;user_first_name&quot;:&quot;NameFirst&quot;,&quot;user_last_name&quot;:&quot;NameL&quot;,&quot;user_contact_number&quot;:2233477566,&quot;user_email_id&quot;:&quot;name2@gmail.com&quot;,&quot;creation_time&quot;:&quot;2024-09-19T22:08:39.069+00:00&quot;,&quot;last_mod_time&quot;:&quot;2024-09-19T22:08:39.069+00:00&quot;},{&quot;userAddress&quot;:{&quot;addressId&quot;:995,&quot;plotNumber&quot;:&quot;pl-555&quot;,&quot;street&quot;:&quot;aqua&quot;,&quot;state&quot;:null,&quot;country&quot;:&quot;india&quot;,&quot;zipCode&quot;:629803},&quot;user_id&quot;:1028,&quot;user_first_name&quot;:&quot;asab&quot;,&quot;user_last_name&quot;:&quot;akasha&quot;,&quot;user_contact_number&quot;:1248944661,&quot;user_email_id&quot;:&quot;wagyeoa5@gmail.com&quot;,&quot;creation_time&quot;:&quot;2024-09-19T23:01:01.685+00:00&quot;,&quot;last_mod_time&quot;:&quot;2024-09-19T23:01:01.685+00:00&quot;},{&quot;userAddress&quot;:{&quot;addressId&quot;:996,&quot;plotNumber&quot;:&quot;pl-555&quot;,&quot;street&quot;:&quot;aqua&quot;,&quot;state&quot;:null,&quot;country&quot;:&quot;india&quot;,&quot;zipCode&quot;:629803},&quot;user_id&quot;:1029,&quot;user_first_name&quot;:&quot;asab&quot;,&quot;user_last_name&quot;:&quot;akasha&quot;,&quot;user_contact_number&quot;:1248944761,&quot;user_email_id&quot;:&quot;Tyrique2@gmail.com&quot;,&quot;creation_time&quot;:&quot;2024-09-19T23:02:54.481+00:00&quot;,&quot;last_mod_time&quot;:&quot;2024-09-19T23:02:54.481+00:00&quot;},{&quot;userAddress&quot;:{&quot;addressId&quot;:2129,&quot;plotNumber&quot;:&quot;KB-425&quot;,&quot;street&quot;:&quot;CT&quot;,&quot;state&quot;:&quot;WA&quot;,&quot;country&quot;:&quot;USA&quot;,&quot;zipCode&quot;:9805255555555},&quot;user_id&quot;:2162,&quot;user_first_name&quot;:&quot;kmlKiran&quot;,&quot;user_last_name&quot;:&quot;kmlSingh&quot;,&quot;user_contact_number&quot;:8252222228,&quot;user_email_id&quot;:&quot;kkbaluahra@gmail.com&quot;,&quot;creation_time&quot;:&quot;2024-09-21T21:24:13.499+00:00&quot;,&quot;last_mod_time&quot;:&quot;2024-09-21T21:24:13.499+00:00&quot;},{&quot;userAddress&quot;:{&quot;addressId&quot;:998,&quot;plotNumber&quot;:&quot;pl-555&quot;,&quot;street&quot;:&quot;aqua&quot;,&quot;state&quot;:null,&quot;country&quot;:&quot;india&quot;,&quot;zipCode&quot;:629803},&quot;user_id&quot;:1031,&quot;user_first_name&quot;:&quot;asab&quot;,&quot;user_last_name&quot;:&quot;akasha&quot;,&quot;user_contact_number&quot;:1248944061,&quot;user_email_id&quot;:&quot;Crystel_Toy@gmail.com&quot;,&quot;creation_time&quot;:&quot;2024-09-19T23:05:11.324+00:00&quot;,&quot;last_mod_time&quot;:&quot;2024-09-19T23:05:11.324+00:00&quot;},{&quot;userAddress&quot;:{&quot;addressId&quot;:2520,&quot;plotNumber&quot;:&quot;pl-51&quot;,&quot;street&quot;:&quot;vail rd&quot;,&quot;state&quot;:&quot;nj&quot;,&quot;country&quot;:&quot;usa&quot;,&quot;zipCode&quot;:54321},&quot;user_id&quot;:2553,&quot;user_first_name&quot;:&quot;smithatset&quot;,&quot;user_last_name&quot;:&quot;dmaanj&quot;,&quot;user_contact_number&quot;:2323131145,&quot;user_email_id&quot;:&quot;ss241team5@gmail.com&quot;,&quot;creation_time&quot;:&quot;2024-09-22T15:27:35.556+00:00&quot;,&quot;last_mod_time&quot;:&quot;2024-09-22T15:27:35.556+00:00&quot;},{&quot;userAddress&quot;:{&quot;addressId&quot;:1000,&quot;plotNumber&quot;:&quot;pl-555&quot;,&quot;street&quot;:&quot;aqua&quot;,&quot;state&quot;:null,&quot;country&quot;:&quot;india&quot;,&quot;zipCode&quot;:629803},&quot;user_id&quot;:1033,&quot;user_first_name&quot;:&quot;asab&quot;,&quot;user_last_name&quot;:&quot;akasha&quot;,&quot;user_contact_number&quot;:1248944064,&quot;user_email_id&quot;:&quot;Enrique_Ebert@hotmail.com&quot;,&quot;creation_time&quot;:&quot;2024-09-19T23:06:32.062+00:00&quot;,&quot;last_mod_time&quot;:&quot;2024-09-19T23:06:32.062+00:00&quot;},{&quot;userAddress&quot;:{&quot;addressId&quot;:1001,&quot;plotNumber&quot;:&quot;P1-100&quot;,&quot;street&quot;:&quot;Main&quot;,&quot;state&quot;:&quot;NY&quot;,&quot;country&quot;:&quot;USA&quot;,&quot;zipCode&quot;:10001},&quot;user_id&quot;:1034,&quot;user_first_name&quot;:&quot;Jaghniue&quot;,&quot;user_last_name&quot;:&quot;Dobnjke&quot;,&quot;user_contact_number&quot;:8976567810,&quot;user_email_id&quot;:&quot;janfe.dovhje@example.com&quot;,&quot;creation_time&quot;:&quot;2024-09-19T23:17:24.050+00:00&quot;,&quot;last_mod_time&quot;:&quot;2024-09-19T23:17:24.050+00:00&quot;},{&quot;userAddress&quot;:{&quot;addressId&quot;:1002,&quot;plotNumber&quot;:&quot;P1-100&quot;,&quot;street&quot;:&quot;Main&quot;,&quot;state&quot;:&quot;NY&quot;,&quot;country&quot;:&quot;USA&quot;,&quot;zipCode&quot;:10001},&quot;user_id&quot;:1035,&quot;user_first_name&quot;:&quot;Jagxfghniue&quot;,&quot;user_last_name&quot;:&quot;Dobnvjke&quot;,&quot;user_contact_number&quot;:8976787810,&quot;user_email_id&quot;:&quot;javghnfe.dovhje@example.com&quot;,&quot;creation_time&quot;:&quot;2024-09-19T23:21:29.517+00:00&quot;,&quot;last_mod_time&quot;:&quot;2024-09-19T23:21:29.517+00:00&quot;},{&quot;userAddress&quot;:{&quot;addressId&quot;:1243,&quot;plotNumber&quot;:&quot;pp-01&quot;,&quot;street&quot;:&quot;Broadway new ln&quot;,&quot;state&quot;:&quot;Texas&quot;,&quot;country&quot;:&quot;USA&quot;,&quot;zipCode&quot;:7005063},&quot;user_id&quot;:1276,&quot;user_first_name&quot;:&quot;saranyaVandervort&quot;,&quot;user_last_name&quot;:&quot;saya&quot;,&quot;user_contact_number&quot;:9003480000,&quot;user_email_id&quot;:&quot;saya@gmail.com&quot;,&quot;creation_time&quot;:&quot;2024-09-20T15:05:04.456+00:00&quot;,&quot;last_mod_time&quot;:&quot;2024-09-20T15:35:09.093+00:00&quot;},{&quot;userAddress&quot;:{&quot;addressId&quot;:1267,&quot;plotNumber&quot;:&quot;AS-96&quot;,&quot;street&quot;:&quot;Raymond St&quot;,&quot;state&quot;:&quot;NJ&quot;,&quot;country&quot;:&quot;USA&quot;,&quot;zipCode&quot;:8896},&quot;user_id&quot;:1300,&quot;user_first_name&quot;:&quot;TeamFive&quot;,&quot;user_last_name&quot;:&quot;Tester&quot;,&quot;user_contact_number&quot;:1478523600,&quot;user_email_id&quot;:&quot;five1@gmail.com&quot;,&quot;creation_time&quot;:&quot;2024-09-20T15:36:03.654+00:00&quot;,&quot;last_mod_time&quot;:&quot;2024-09-20T15:36:03.654+00:00&quot;},{&quot;userAddress&quot;:{&quot;addressId&quot;:1329,&quot;plotNumber&quot;:&quot;23-AvonRoad&quot;,&quot;street&quot;:&quot;Devon&quot;,&quot;state&quot;:&quot;PA&quot;,&quot;country&quot;:&quot;US&quot;,&quot;zipCode&quot;:19334},&quot;user_id&quot;:1362,&quot;user_first_name&quot;:&quot;Param&quot;,&quot;user_last_name&quot;:&quot;Kuppu&quot;,&quot;user_contact_number&quot;:3344334433,&quot;user_email_id&quot;:&quot;paramdivi@gmail.com&quot;,&quot;creation_time&quot;:&quot;2024-09-20T17:36:06.303+00:00&quot;,&quot;last_mod_time&quot;:&quot;2024-09-20T17:36:06.303+00:00&quot;},{&quot;userAddress&quot;:{&quot;addressId&quot;:1910,&quot;plotNumber&quot;:&quot;AB-61&quot;,&quot;street&quot;:&quot;Atlantis&quot;,&quot;state&quot;:&quot;VA&quot;,&quot;country&quot;:null,&quot;zipCode&quot;:13145},&quot;user_id&quot;:1943,&quot;user_first_name&quot;:&quot;AMRITA&quot;,&quot;user_last_name&quot;:&quot;ANAND&quot;,&quot;user_contact_number&quot;:4267893245,&quot;user_email_id&quot;:&quot;x@gmail.com&quot;,&quot;creation_time&quot;:&quot;2024-09-21T11:37:42.390+00:00&quot;,&quot;last_mod_time&quot;:&quot;2024-09-21T11:37:42.390+00:00&quot;},{&quot;userAddress&quot;:{&quot;addressId&quot;:1358,&quot;plotNumber&quot;:null,&quot;street&quot;:null,&quot;state&quot;:null,&quot;country&quot;:null,&quot;zipCode&quot;:null},&quot;user_id&quot;:1391,&quot;user_first_name&quot;:&quot;Roh&quot;,&quot;user_last_name&quot;:&quot;Hit&quot;,&quot;user_contact_number&quot;:9783457539,&quot;user_email_id&quot;:&quot;ro1@nn.com&quot;,&quot;creation_time&quot;:&quot;2024-09-20T18:07:22.201+00:00&quot;,&quot;last_mod_time&quot;:&quot;2024-09-20T18:07:22.201+00:00&quot;},{&quot;userAddress&quot;:{&quot;addressId&quot;:1359,&quot;plotNumber&quot;:null,&quot;street&quot;:null,&quot;state&quot;:null,&quot;country&quot;:null,&quot;zipCode&quot;:null},&quot;user_id&quot;:1392,&quot;user_first_name&quot;:&quot;Roh&quot;,&quot;user_last_name&quot;:&quot;Hit&quot;,&quot;user_contact_number&quot;:9983457539,&quot;user_email_id&quot;:&quot;ro21@nn.com&quot;,&quot;creation_time&quot;:&quot;2024-09-20T18:08:51.098+00:00&quot;,&quot;last_mod_time&quot;:&quot;2024-09-20T18:08:51.098+00:00&quot;},{&quot;userAddress&quot;:{&quot;addressId&quot;:8348,&quot;plotNumber&quot;:&quot;P1-10&quot;,&quot;street&quot;:&quot;Schaden Ferry&quot;,&quot;state&quot;:&quot;TX&quot;,&quot;country&quot;:&quot;USA&quot;,&quot;zipCode&quot;:12356},&quot;user_id&quot;:8380,&quot;user_first_name&quot;:&quot;Brandt&quot;,&quot;user_last_name&quot;:&quot;Rodriguez&quot;,&quot;user_contact_number&quot;:3607896165,&quot;user_email_id&quot;:&quot;Nicklaus.Mann55@gmail.com&quot;,&quot;creation_time&quot;:&quot;2024-10-12T22:08:24.841+00:00&quot;,&quot;last_mod_time&quot;:&quot;2024-10-12T22:08:24.841+00:00&quot;},{&quot;userAddress&quot;:{&quot;addressId&quot;:7896,&quot;plotNumber&quot;:&quot;110-p&quot;,&quot;street&quot;:&quot;Oxford St&quot;,&quot;state&quot;:&quot;NY&quot;,&quot;country&quot;:&quot;USA&quot;,&quot;zipCode&quot;:17096},&quot;user_id&quot;:7928,&quot;user_first_name&quot;:&quot;Ruby&quot;,&quot;user_last_name&quot;:&quot;Rani&quot;,&quot;user_contact_number&quot;:7865743821,&quot;user_email_id&quot;:&quot;Ruby@gmail.com&quot;,&quot;creation_time&quot;:&quot;2024-10-11T19:35:59.419+00:00&quot;,&quot;last_mod_time&quot;:&quot;2024-10-11T19:35:59.419+00:00&quot;},{&quot;userAddress&quot;:{&quot;addressId&quot;:1911,&quot;plotNumber&quot;:&quot;AB-61&quot;,&quot;street&quot;:&quot;Atlantis&quot;,&quot;state&quot;:&quot;VA&quot;,&quot;country&quot;:null,&quot;zipCode&quot;:13145},&quot;user_id&quot;:1944,&quot;user_first_name&quot;:&quot;AMRITA&quot;,&quot;user_last_name&quot;:&quot;ANAND&quot;,&quot;user_contact_number&quot;:4269293245,&quot;user_email_id&quot;:&quot;a@gmail.com&quot;,&quot;creation_time&quot;:&quot;2024-09-21T11:39:43.660+00:00&quot;,&quot;last_mod_time&quot;:&quot;2024-09-21T11:39:43.660+00:00&quot;},{&quot;userAddress&quot;:{&quot;addressId&quot;:1912,&quot;plotNumber&quot;:&quot;AB-61&quot;,&quot;street&quot;:&quot;Atlantis&quot;,&quot;state&quot;:&quot;VA&quot;,&quot;country&quot;:&quot;USA&quot;,&quot;zipCode&quot;:1317845},&quot;user_id&quot;:1945,&quot;user_first_name&quot;:&quot;AMRITA&quot;,&quot;user_last_name&quot;:&quot;ANAND&quot;,&quot;user_contact_number&quot;:4567829245,&quot;user_email_id&quot;:&quot;b@gmail.com&quot;,&quot;creation_time&quot;:&quot;2024-09-21T11:41:00.648+00:00&quot;,&quot;last_mod_time&quot;:&quot;2024-09-21T11:41:00.648+00:00&quot;},{&quot;userAddress&quot;:{&quot;addressId&quot;:3704,&quot;plotNumber&quot;:&quot;pl-72&quot;,&quot;street&quot;:&quot;Broadway&quot;,&quot;state&quot;:&quot;New Jersey&quot;,&quot;country&quot;:&quot;USA&quot;,&quot;zipCode&quot;:72363},&quot;user_id&quot;:3737,&quot;user_first_name&quot;:&quot;randomFirstName&quot;,&quot;user_last_name&quot;:&quot;randomLastName&quot;,&quot;user_contact_number&quot;:2263485983,&quot;user_email_id&quot;:&quot;user964@example.com&quot;,&quot;creation_time&quot;:&quot;2024-09-23T15:33:19.485+00:00&quot;,&quot;last_mod_time&quot;:&quot;2024-09-23T15:33:19.485+00:00&quot;},{&quot;userAddress&quot;:{&quot;addressId&quot;:429,&quot;plotNumber&quot;:&quot;p1-04&quot;,&quot;street&quot;:&quot;def blvd &quot;,&quot;state&quot;:&quot;MI&quot;,&quot;country&quot;:&quot;US&quot;,&quot;zipCode&quot;:54321},&quot;user_id&quot;:462,&quot;user_first_name&quot;:&quot;Shruthi&quot;,&quot;user_last_name&quot;:&quot;Setty&quot;,&quot;user_contact_number&quot;:1234543289,&quot;user_email_id&quot;:&quot;ss@gmail.com&quot;,&quot;creation_time&quot;:&quot;2024-09-18T14:22:34.901+00:00&quot;,&quot;last_mod_time&quot;:&quot;2024-09-20T18:24:51.210+00:00&quot;},{&quot;userAddress&quot;:{&quot;addressId&quot;:1048,&quot;plotNumber&quot;:&quot;k-201&quot;,&quot;street&quot;:&quot;Rangerblvd&quot;,&quot;state&quot;:&quot;NY&quot;,&quot;country&quot;:&quot;Canada&quot;,&quot;zipCode&quot;:76567},&quot;user_id&quot;:1081,&quot;user_first_name&quot;:&quot;Pamela&quot;,&quot;user_last_name&quot;:&quot;Adio&quot;,&quot;user_contact_number&quot;:9789765457,&quot;user_email_id&quot;:&quot;Pamela@gmail.com&quot;,&quot;creation_time&quot;:&quot;2024-09-20T00:53:43.522+00:00&quot;,&quot;last_mod_time&quot;:&quot;2024-09-20T00:53:43.522+00:00&quot;},{&quot;userAddress&quot;:{&quot;addressId&quot;:1606,&quot;plotNumber&quot;:&quot;8-p&quot;,&quot;street&quot;:&quot;Firstupdate&quot;,&quot;state&quot;:&quot;TX&quot;,&quot;country&quot;:&quot;US&quot;,&quot;zipCode&quot;:75063},&quot;user_id&quot;:1639,&quot;user_first_name&quot;:&quot;Gowrifcon&quot;,&quot;user_last_name&quot;:&quot;Mohanfcon&quot;,&quot;user_contact_number&quot;:4567832145,&quot;user_email_id&quot;:&quot;gmcon@gmail.com&quot;,&quot;creation_time&quot;:&quot;2024-09-20T21:18:27.163+00:00&quot;,&quot;last_mod_time&quot;:&quot;2024-09-20T21:24:21.671+00:00&quot;},{&quot;userAddress&quot;:{&quot;addressId&quot;:1913,&quot;plotNumber&quot;:&quot;AB-61&quot;,&quot;street&quot;:&quot;Atlantis&quot;,&quot;state&quot;:&quot;VA&quot;,&quot;country&quot;:&quot;USA&quot;,&quot;zipCode&quot;:13145},&quot;user_id&quot;:1946,&quot;user_first_name&quot;:&quot;AMRITA&quot;,&quot;user_last_name&quot;:&quot;ANAND&quot;,&quot;user_contact_number&quot;:4567865325,&quot;user_email_id&quot;:&quot;e@gmail.com&quot;,&quot;creation_time&quot;:&quot;2024-09-21T11:44:04.947+00:00&quot;,&quot;last_mod_time&quot;:&quot;2024-09-21T11:44:04.947+00:00&quot;},{&quot;userAddress&quot;:{&quot;addressId&quot;:4234,&quot;plotNumber&quot;:&quot;vl-4&quot;,&quot;street&quot;:null,&quot;state&quot;:&quot;northyork&quot;,&quot;country&quot;:null,&quot;zipCode&quot;:56456},&quot;user_id&quot;:4267,&quot;user_first_name&quot;:&quot;Barbie&quot;,&quot;user_last_name&quot;:&quot;akasha&quot;,&quot;user_contact_number&quot;:5561316222,&quot;user_email_id&quot;:&quot;jayjay404@gmail.com&quot;,&quot;creation_time&quot;:&quot;2024-09-23T19:05:52.850+00:00&quot;,&quot;last_mod_time&quot;:&quot;2024-09-23T19:05:52.850+00:00&quot;},{&quot;userAddress&quot;:{&quot;addressId&quot;:3355,&quot;plotNumber&quot;:&quot;AD-78&quot;,&quot;street&quot;:&quot;DDDDD&quot;,&quot;state&quot;:&quot;TX&quot;,&quot;country&quot;:&quot;USA&quot;,&quot;zipCode&quot;:9876543},&quot;user_id&quot;:3388,&quot;user_first_name&quot;:&quot;SumathiGGGG&quot;,&quot;user_last_name&quot;:&quot;NMNM&quot;,&quot;user_contact_number&quot;:7896543216,&quot;user_email_id&quot;:&quot;mmmmm@gmail.com&quot;,&quot;creation_time&quot;:&quot;2024-09-23T06:21:01.455+00:00&quot;,&quot;last_mod_time&quot;:&quot;2024-09-23T06:21:01.455+00:00&quot;},{&quot;userAddress&quot;:{&quot;addressId&quot;:7289,&quot;plotNumber&quot;:&quot;12-3&quot;,&quot;street&quot;:&quot;qwerty&quot;,&quot;state&quot;:&quot;asdfgf&quot;,&quot;country&quot;:&quot;US&quot;,&quot;zipCode&quot;:675843},&quot;user_id&quot;:7322,&quot;user_first_name&quot;:&quot;Samson&quot;,&quot;user_last_name&quot;:&quot;Austin&quot;,&quot;user_contact_number&quot;:9900003012,&quot;user_email_id&quot;:&quot;samson.austin01@gmail.com&quot;,&quot;creation_time&quot;:&quot;2024-10-08T19:26:49.095+00:00&quot;,&quot;last_mod_time&quot;:&quot;2024-10-08T19:26:49.095+00:00&quot;},{&quot;userAddress&quot;:{&quot;addressId&quot;:1043,&quot;plotNumber&quot;:&quot;R-201&quot;,&quot;street&quot;:&quot;parkerlind&quot;,&quot;state&quot;:&quot;NY&quot;,&quot;country&quot;:&quot;Canada&quot;,&quot;zipCode&quot;:76567778899},&quot;user_id&quot;:1076,&quot;user_first_name&quot;:&quot;Gowthami&quot;,&quot;user_last_name&quot;:&quot;Addala&quot;,&quot;user_contact_number&quot;:4468769123,&quot;user_email_id&quot;:&quot;gowthami.ad@gmail.com&quot;,&quot;creation_time&quot;:&quot;2024-09-20T00:28:24.572+00:00&quot;,&quot;last_mod_time&quot;:&quot;2024-09-20T01:19:42.378+00:00&quot;},{&quot;userAddress&quot;:{&quot;addressId&quot;:9629,&quot;plotNumber&quot;:&quot;xyz-23&quot;,&quot;street&quot;:&quot;Morgan&quot;,&quot;state&quot;:&quot;Georgia&quot;,&quot;country&quot;:&quot;USA&quot;,&quot;zipCode&quot;:4555},&quot;user_id&quot;:9661,&quot;user_first_name&quot;:&quot;Reshma&quot;,&quot;user_last_name&quot;:&quot;Mary John&quot;,&quot;user_contact_number&quot;:4567899876,&quot;user_email_id&quot;:&quot;Team03Reshma@gmail.com&quot;,&quot;creation_time&quot;:&quot;2024-10-14T13:48:11.905+00:00&quot;,&quot;last_mod_time&quot;:&quot;2024-10-14T19:23:01.747+00:00&quot;},{&quot;userAddress&quot;:{&quot;addressId&quot;:1914,&quot;plotNumber&quot;:&quot;AB-61&quot;,&quot;street&quot;:&quot;Atlantis&quot;,&quot;state&quot;:&quot;VA&quot;,&quot;country&quot;:&quot;USA&quot;,&quot;zipCode&quot;:null},&quot;user_id&quot;:1947,&quot;user_first_name&quot;:&quot;AMRITA&quot;,&quot;user_last_name&quot;:&quot;ANAND&quot;,&quot;user_contact_number&quot;:4567891245,&quot;user_email_id&quot;:&quot;y@gmail.com&quot;,&quot;creation_time&quot;:&quot;2024-09-21T11:48:13.415+00:00&quot;,&quot;last_mod_time&quot;:&quot;2024-09-21T11:48:13.415+00:00&quot;},{&quot;userAddress&quot;:{&quot;addressId&quot;:4354,&quot;plotNumber&quot;:&quot;ab-13&quot;,&quot;street&quot;:&quot;Irving&quot;,&quot;state&quot;:&quot;Texas&quot;,&quot;country&quot;:&quot;USA&quot;,&quot;zipCode&quot;:77144},&quot;user_id&quot;:4387,&quot;user_first_name&quot;:&quot;Darsh&quot;,&quot;user_last_name&quot;:&quot;Shebi&quot;,&quot;user_contact_number&quot;:1122339955,&quot;user_email_id&quot;:&quot;Darsh13@gmail.com&quot;,&quot;creation_time&quot;:&quot;2024-09-25T02:27:15.071+00:00&quot;,&quot;last_mod_time&quot;:&quot;2024-09-25T02:27:15.071+00:00&quot;},{&quot;userAddress&quot;:{&quot;addressId&quot;:2725,&quot;plotNumber&quot;:&quot;pl-23&quot;,&quot;street&quot;:&quot;Cypress Dr&quot;,&quot;state&quot;:&quot;Texas&quot;,&quot;country&quot;:&quot;USA&quot;,&quot;zipCode&quot;:75688},&quot;user_id&quot;:2758,&quot;user_first_name&quot;:&quot;Vijayashree&quot;,&quot;user_last_name&quot;:&quot;TeamTwo&quot;,&quot;user_contact_number&quot;:4830489051,&quot;user_email_id&quot;:&quot;vijie11fbfdmn5hj@gmail.com&quot;,&quot;creation_time&quot;:&quot;2024-09-22T20:42:16.769+00:00&quot;,&quot;last_mod_time&quot;:&quot;2024-09-22T20:42:16.769+00:00&quot;},{&quot;userAddress&quot;:{&quot;addressId&quot;:4558,&quot;plotNumber&quot;:&quot;p1-098&quot;,&quot;street&quot;:&quot;cxvbmnb &quot;,&quot;state&quot;:&quot;uibhjkl&quot;,&quot;country&quot;:&quot;USA&quot;,&quot;zipCode&quot;:90865},&quot;user_id&quot;:4591,&quot;user_first_name&quot;:&quot;bpghkloph&quot;,&quot;user_last_name&quot;:&quot;vhjeioxddfg&quot;,&quot;user_contact_number&quot;:1281181284,&quot;user_email_id&quot;:&quot;nijua.loj-1727307834307@ecxfs.com&quot;,&quot;creation_time&quot;:&quot;2024-09-25T23:43:54.888+00:00&quot;,&quot;last_mod_time&quot;:&quot;2024-09-25T23:43:54.888+00:00&quot;},{&quot;userAddress&quot;:{&quot;addressId&quot;:1138,&quot;plotNumber&quot;:&quot;12-a&quot;,&quot;street&quot;:null,&quot;state&quot;:&quot;IL&quot;,&quot;country&quot;:null,&quot;zipCode&quot;:1234567},&quot;user_id&quot;:1171,&quot;user_first_name&quot;:&quot;sony&quot;,&quot;user_last_name&quot;:&quot;null&quot;,&quot;user_contact_number&quot;:2221111111,&quot;user_email_id&quot;:&quot;jjohny@gmail.com&quot;,&quot;creation_time&quot;:&quot;2024-09-20T04:44:41.069+00:00&quot;,&quot;last_mod_time&quot;:&quot;2024-09-20T04:44:41.069+00:00&quot;},{&quot;userAddress&quot;:{&quot;addressId&quot;:1053,&quot;plotNumber&quot;:&quot;AS-96&quot;,&quot;street&quot;:&quot;Raymond St&quot;,&quot;state&quot;:&quot;NJ&quot;,&quot;country&quot;:&quot;USA&quot;,&quot;zipCode&quot;:8896},&quot;user_id&quot;:1086,&quot;user_first_name&quot;:&quot;TeamFive&quot;,&quot;user_last_name&quot;:&quot;Tester&quot;,&quot;user_contact_number&quot;:7896328968,&quot;user_email_id&quot;:&quot;five0@gmail.com&quot;,&quot;creation_time&quot;:&quot;2024-09-20T01:37:33.027+00:00&quot;,&quot;last_mod_time&quot;:&quot;2024-09-20T01:37:33.027+00:00&quot;},{&quot;userAddress&quot;:{&quot;addressId&quot;:2727,&quot;plotNumber&quot;:&quot;pl-23&quot;,&quot;street&quot;:&quot;Cypress Dr&quot;,&quot;state&quot;:&quot;Texas&quot;,&quot;country&quot;:&quot;USA&quot;,&quot;zipCode&quot;:75688},&quot;user_id&quot;:2760,&quot;user_first_name&quot;:&quot;Vijayashree&quot;,&quot;user_last_name&quot;:&quot;TeamTwo&quot;,&quot;user_contact_number&quot;:1941005784,&quot;user_email_id&quot;:&quot;viji60ija2fim0g2@gmail.com&quot;,&quot;creation_time&quot;:&quot;2024-09-22T20:46:59.773+00:00&quot;,&quot;last_mod_time&quot;:&quot;2024-09-22T20:46:59.773+00:00&quot;},{&quot;userAddress&quot;:{&quot;addressId&quot;:3129,&quot;plotNumber&quot;:&quot;pl-28&quot;,&quot;street&quot;:&quot;Broadway&quot;,&quot;state&quot;:&quot;Maryland&quot;,&quot;country&quot;:&quot;MD&quot;,&quot;zipCode&quot;:543215},&quot;user_id&quot;:3162,&quot;user_first_name&quot;:&quot;ziya&quot;,&quot;user_last_name&quot;:&quot;bhaskar&quot;,&quot;user_contact_number&quot;:9969806313,&quot;user_email_id&quot;:&quot;ziya3@gmail.com&quot;,&quot;creation_time&quot;:&quot;2024-09-23T02:41:19.900+00:00&quot;,&quot;last_mod_time&quot;:&quot;2024-09-23T02:47:04.585+00:00&quot;},{&quot;userAddress&quot;:{&quot;addressId&quot;:4235,&quot;plotNumber&quot;:&quot;vl-4&quot;,&quot;street&quot;:null,&quot;state&quot;:&quot;northyork&quot;,&quot;country&quot;:null,&quot;zipCode&quot;:56456},&quot;user_id&quot;:4268,&quot;user_first_name&quot;:&quot;Barbie&quot;,&quot;user_last_name&quot;:&quot;akasha&quot;,&quot;user_contact_number&quot;:5453316113,&quot;user_email_id&quot;:&quot;k1k229@gmail.com&quot;,&quot;creation_time&quot;:&quot;2024-09-23T19:05:54.317+00:00&quot;,&quot;last_mod_time&quot;:&quot;2024-09-23T19:05:54.317+00:00&quot;},{&quot;userAddress&quot;:{&quot;addressId&quot;:5336,&quot;plotNumber&quot;:&quot;ok-6&quot;,&quot;street&quot;:null,&quot;state&quot;:&quot;youkom&quot;,&quot;country&quot;:null,&quot;zipCode&quot;:564567},&quot;user_id&quot;:5369,&quot;user_first_name&quot;:&quot;reka&quot;,&quot;user_last_name&quot;:&quot;saroh&quot;,&quot;user_contact_number&quot;:3033386980,&quot;user_email_id&quot;:&quot;yy@gmail.com&quot;,&quot;creation_time&quot;:&quot;2024-09-27T01:51:30.698+00:00&quot;,&quot;last_mod_time&quot;:&quot;2024-09-27T01:51:30.698+00:00&quot;},{&quot;userAddress&quot;:{&quot;addressId&quot;:1943,&quot;plotNumber&quot;:&quot;kB-425&quot;,&quot;street&quot;:&quot;CT&quot;,&quot;state&quot;:&quot;WA&quot;,&quot;country&quot;:&quot;USA&quot;,&quot;zipCode&quot;:null},&quot;user_id&quot;:1976,&quot;user_first_name&quot;:&quot;Kiranraj&quot;,&quot;user_last_name&quot;:&quot;Singhlall&quot;,&quot;user_contact_number&quot;:5252222222,&quot;user_email_id&quot;:&quot;kbalahara12@gmail.com&quot;,&quot;creation_time&quot;:&quot;2024-09-21T15:03:36.645+00:00&quot;,&quot;last_mod_time&quot;:&quot;2024-09-21T15:03:36.645+00:00&quot;},{&quot;userAddress&quot;:{&quot;addressId&quot;:1028,&quot;plotNumber&quot;:null,&quot;street&quot;:null,&quot;state&quot;:null,&quot;country&quot;:null,&quot;zipCode&quot;:null},&quot;user_id&quot;:1061,&quot;user_first_name&quot;:&quot;UserChaining&quot;,&quot;user_last_name&quot;:&quot;Mathu&quot;,&quot;user_contact_number&quot;:8797876999,&quot;user_email_id&quot;:&quot;UChain@gmail.com&quot;,&quot;creation_time&quot;:&quot;2024-09-20T00:06:01.384+00:00&quot;,&quot;last_mod_time&quot;:&quot;2024-09-20T00:06:01.384+00:00&quot;},{&quot;userAddress&quot;:{&quot;addressId&quot;:1944,&quot;plotNumber&quot;:&quot;Bl-02&quot;,&quot;street&quot;:null,&quot;state&quot;:&quot;California&quot;,&quot;country&quot;:null,&quot;zipCode&quot;:32126},&quot;user_id&quot;:1977,&quot;user_first_name&quot;:&quot;Eva&quot;,&quot;user_last_name&quot;:&quot;Thomas&quot;,&quot;user_contact_number&quot;:8886320008,&quot;user_email_id&quot;:&quot;Team4eva@gmail.com&quot;,&quot;creation_time&quot;:&quot;2024-09-21T15:04:50.657+00:00&quot;,&quot;last_mod_time&quot;:&quot;2024-09-21T15:04:50.657+00:00&quot;},{&quot;userAddress&quot;:{&quot;addressId&quot;:4337,&quot;plotNumber&quot;:&quot;p1-02&quot;,&quot;street&quot;:&quot;Richmond&quot;,&quot;state&quot;:&quot;Assam&quot;,&quot;country&quot;:&quot;India&quot;,&quot;zipCode&quot;:78804},&quot;user_id&quot;:4370,&quot;user_first_name&quot;:&quot;Tia&quot;,&quot;user_last_name&quot;:&quot;Kar&quot;,&quot;user_contact_number&quot;:3366666645,&quot;user_email_id&quot;:&quot;Tia.Kar82@gmail.com&quot;,&quot;creation_time&quot;:&quot;2024-09-24T19:22:40.257+00:00&quot;,&quot;last_mod_time&quot;:&quot;2024-09-24T19:22:40.257+00:00&quot;},{&quot;userAddress&quot;:{&quot;addressId&quot;:1144,&quot;plotNumber&quot;:null,&quot;street&quot;:null,&quot;state&quot;:&quot;CA&quot;,&quot;country&quot;:null,&quot;zipCode&quot;:12123},&quot;user_id&quot;:1177,&quot;user_first_name&quot;:&quot;Anni&quot;,&quot;user_last_name&quot;:&quot;Doe&quot;,&quot;user_contact_number&quot;:1284567611,&quot;user_email_id&quot;:&quot;An23.do@example.com&quot;,&quot;creation_time&quot;:&quot;2024-09-20T04:52:06.901+00:00&quot;,&quot;last_mod_time&quot;:&quot;2024-09-20T04:52:06.901+00:00&quot;},{&quot;userAddress&quot;:{&quot;addressId&quot;:4425,&quot;plotNumber&quot;:&quot;p1-098&quot;,&quot;street&quot;:&quot;cxvbmnb &quot;,&quot;state&quot;:&quot;uibhjkl&quot;,&quot;country&quot;:&quot;USA&quot;,&quot;zipCode&quot;:90865},&quot;user_id&quot;:4458,&quot;user_first_name&quot;:&quot;bnhkl&quot;,&quot;user_last_name&quot;:&quot;vhjjvbaas&quot;,&quot;user_contact_number&quot;:1747240127,&quot;user_email_id&quot;:&quot;cvfa.nme-1727283787347@example.com&quot;,&quot;creation_time&quot;:&quot;2024-09-25T17:03:14.555+00:00&quot;,&quot;last_mod_time&quot;:&quot;2024-09-25T17:03:14.555+00:00&quot;},{&quot;userAddress&quot;:{&quot;addressId&quot;:4449,&quot;plotNumber&quot;:&quot;p1-104&quot;,&quot;street&quot;:&quot;cxvbmnb &quot;,&quot;state&quot;:&quot;uibhjkl&quot;,&quot;country&quot;:&quot;USA&quot;,&quot;zipCode&quot;:90865},&quot;user_id&quot;:4482,&quot;user_first_name&quot;:&quot;bkcghlekl&quot;,&quot;user_last_name&quot;:&quot;vdvboedrop&quot;,&quot;user_contact_number&quot;:1078498809,&quot;user_email_id&quot;:&quot;cvfa.nme-1727291162970@example.com&quot;,&quot;creation_time&quot;:&quot;2024-09-25T19:06:03.505+00:00&quot;,&quot;last_mod_time&quot;:&quot;2024-09-25T19:06:03.505+00:00&quot;},{&quot;userAddress&quot;:{&quot;addressId&quot;:9588,&quot;plotNumber&quot;:&quot;ABC-5&quot;,&quot;street&quot;:&quot;K Avenue&quot;,&quot;state&quot;:&quot;TX&quot;,&quot;country&quot;:&quot;USA&quot;,&quot;zipCode&quot;:75986},&quot;user_id&quot;:9620,&quot;user_first_name&quot;:&quot;madhumati&quot;,&quot;user_last_name&quot;:&quot;kanann&quot;,&quot;user_contact_number&quot;:2897358498,&quot;user_email_id&quot;:&quot;madhuk6@gmail.com&quot;,&quot;creation_time&quot;:&quot;2024-10-14T11:48:54.821+00:00&quot;,&quot;last_mod_time&quot;:&quot;2024-10-14T11:48:54.821+00:00&quot;},{&quot;userAddress&quot;:{&quot;addressId&quot;:8182,&quot;plotNumber&quot;:null,&quot;street&quot;:null,&quot;state&quot;:null,&quot;country&quot;:null,&quot;zipCode&quot;:null},&quot;user_id&quot;:8214,&quot;user_first_name&quot;:&quot;iGsRdFNvBW&quot;,&quot;user_last_name&quot;:&quot;jrXukPWTzY&quot;,&quot;user_contact_number&quot;:8349368940,&quot;user_email_id&quot;:&quot;team2n987hcm403fb@gmail.com&quot;,&quot;creation_time&quot;:&quot;2024-10-12T17:50:30.363+00:00&quot;,&quot;last_mod_time&quot;:&quot;2024-10-12T17:50:30.363+00:00&quot;},{&quot;userAddress&quot;:{&quot;addressId&quot;:1945,&quot;plotNumber&quot;:&quot;kB-425&quot;,&quot;street&quot;:&quot;CT&quot;,&quot;state&quot;:&quot;WA&quot;,&quot;country&quot;:&quot;USA&quot;,&quot;zipCode&quot;:23059222},&quot;user_id&quot;:1978,&quot;user_first_name&quot;:&quot;Kiranraj&quot;,&quot;user_last_name&quot;:&quot;SinghlallAA&quot;,&quot;user_contact_number&quot;:5252222221,&quot;user_email_id&quot;:&quot;kbalahara121@gmail.com&quot;,&quot;creation_time&quot;:&quot;2024-09-21T15:05:45.500+00:00&quot;,&quot;last_mod_time&quot;:&quot;2024-09-21T15:05:45.500+00:00&quot;},{&quot;userAddress&quot;:{&quot;addressId&quot;:8183,&quot;plotNumber&quot;:null,&quot;street&quot;:null,&quot;state&quot;:null,&quot;country&quot;:null,&quot;zipCode&quot;:null},&quot;user_id&quot;:8215,&quot;user_first_name&quot;:&quot;iSOBKwClMH&quot;,&quot;user_last_name&quot;:&quot;gmVwKCNwlZ&quot;,&quot;user_contact_number&quot;:4329987795,&quot;user_email_id&quot;:&quot;team2lg6i0m39okgc@gmail.com&quot;,&quot;creation_time&quot;:&quot;2024-10-12T17:50:30.655+00:00&quot;,&quot;last_mod_time&quot;:&quot;2024-10-12T17:50:30.655+00:00&quot;},{&quot;userAddress&quot;:{&quot;addressId&quot;:9589,&quot;plotNumber&quot;:&quot;ABC-5&quot;,&quot;street&quot;:&quot;K Avenue&quot;,&quot;state&quot;:&quot;TX&quot;,&quot;country&quot;:&quot;USA&quot;,&quot;zipCode&quot;:75986},&quot;user_id&quot;:9621,&quot;user_first_name&quot;:&quot;madhumati&quot;,&quot;user_last_name&quot;:&quot;kanann&quot;,&quot;user_contact_number&quot;:2857358498,&quot;user_email_id&quot;:&quot;madhuk7@gmail.com&quot;,&quot;creation_time&quot;:&quot;2024-10-14T11:58:36.733+00:00&quot;,&quot;last_mod_time&quot;:&quot;2024-10-14T11:58:36.733+00:00&quot;},{&quot;userAddress&quot;:{&quot;addressId&quot;:1038,&quot;plotNumber&quot;:&quot;pl-373&quot;,&quot;street&quot;:&quot;Cypress&quot;,&quot;state&quot;:&quot;GA&quot;,&quot;country&quot;:&quot;USA&quot;,&quot;zipCode&quot;:30225},&quot;user_id&quot;:1071,&quot;user_first_name&quot;:&quot;Rushu&quot;,&quot;user_last_name&quot;:&quot;Pk&quot;,&quot;user_contact_number&quot;:1219352853,&quot;user_email_id&quot;:&quot;Rushu@gmail.com&quot;,&quot;creation_time&quot;:&quot;2024-09-20T00:13:06.813+00:00&quot;,&quot;last_mod_time&quot;:&quot;2024-09-20T00:13:06.813+00:00&quot;},{&quot;userAddress&quot;:{&quot;addressId&quot;:1946,&quot;plotNumber&quot;:&quot;Bl-02&quot;,&quot;street&quot;:null,&quot;state&quot;:&quot;California&quot;,&quot;country&quot;:null,&quot;zipCode&quot;:32126},&quot;user_id&quot;:1979,&quot;user_first_name&quot;:&quot;Eva&quot;,&quot;user_last_name&quot;:&quot;Thomasnew&quot;,&quot;user_contact_number&quot;:8889320008,&quot;user_email_id&quot;:&quot;Team4evanew@gmail.com&quot;,&quot;creation_time&quot;:&quot;2024-09-21T15:08:50.987+00:00&quot;,&quot;last_mod_time&quot;:&quot;2024-09-21T15:08:50.987+00:00&quot;},{&quot;userAddress&quot;:{&quot;addressId&quot;:1041,&quot;plotNumber&quot;:&quot;pl-373&quot;,&quot;street&quot;:&quot;Cypress&quot;,&quot;state&quot;:&quot;GA&quot;,&quot;country&quot;:&quot;USA&quot;,&quot;zipCode&quot;:30225},&quot;user_id&quot;:1074,&quot;user_first_name&quot;:&quot;Rpu&quot;,&quot;user_last_name&quot;:&quot;Pk&quot;,&quot;user_contact_number&quot;:1219352863,&quot;user_email_id&quot;:&quot;Rpu@gmail.com&quot;,&quot;creation_time&quot;:&quot;2024-09-20T00:27:11.118+00:00&quot;,&quot;last_mod_time&quot;:&quot;2024-09-20T00:27:11.118+00:00&quot;},{&quot;userAddress&quot;:{&quot;addressId&quot;:1948,&quot;plotNumber&quot;:&quot;Bl-02&quot;,&quot;street&quot;:null,&quot;state&quot;:&quot;California&quot;,&quot;country&quot;:null,&quot;zipCode&quot;:32126},&quot;user_id&quot;:1981,&quot;user_first_name&quot;:&quot;tomnew&quot;,&quot;user_last_name&quot;:&quot;Thomasnew&quot;,&quot;user_contact_number&quot;:7621320008,&quot;user_email_id&quot;:&quot;team4tom@gmail.com&quot;,&quot;creation_time&quot;:&quot;2024-09-21T15:12:55.054+00:00&quot;,&quot;last_mod_time&quot;:&quot;2024-09-21T15:12:55.054+00:00&quot;},{&quot;userAddress&quot;:{&quot;addressId&quot;:1147,&quot;plotNumber&quot;:&quot;pl-03&quot;,&quot;street&quot;:&quot;palmilla&quot;,&quot;state&quot;:&quot;Florida&quot;,&quot;country&quot;:&quot;USA&quot;,&quot;zipCode&quot;:324578},&quot;user_id&quot;:1180,&quot;user_first_name&quot;:&quot;pavithra&quot;,&quot;user_last_name&quot;:&quot;kamat&quot;,&quot;user_contact_number&quot;:1111111112,&quot;user_email_id&quot;:&quot;kamat12@gmail.com&quot;,&quot;creation_time&quot;:&quot;2024-09-20T04:59:41.173+00:00&quot;,&quot;last_mod_time&quot;:&quot;2024-09-20T04:59:41.173+00:00&quot;},{&quot;userAddress&quot;:{&quot;addressId&quot;:1950,&quot;plotNumber&quot;:&quot;Bl-02&quot;,&quot;street&quot;:null,&quot;state&quot;:&quot;California&quot;,&quot;country&quot;:null,&quot;zipCode&quot;:32126},&quot;user_id&quot;:1983,&quot;user_first_name&quot;:&quot;tomnew&quot;,&quot;user_last_name&quot;:&quot;Thomasnews&quot;,&quot;user_contact_number&quot;:7121320008,&quot;user_email_id&quot;:&quot;team4tomnew@gmail.com&quot;,&quot;creation_time&quot;:&quot;2024-09-21T15:13:26.781+00:00&quot;,&quot;last_mod_time&quot;:&quot;2024-09-21T15:13:26.781+00:00&quot;},{&quot;userAddress&quot;:{&quot;addressId&quot;:1951,&quot;plotNumber&quot;:&quot;pr-878&quot;,&quot;street&quot;:&quot;string&quot;,&quot;state&quot;:&quot;string&quot;,&quot;country&quot;:&quot;string&quot;,&quot;zipCode&quot;:89098},&quot;user_id&quot;:1984,&quot;user_first_name&quot;:&quot;abcd&quot;,&quot;user_last_name&quot;:&quot;jjjj&quot;,&quot;user_contact_number&quot;:8987098760,&quot;user_email_id&quot;:&quot;sd20@gmail.com&quot;,&quot;creation_time&quot;:&quot;2024-09-21T15:16:50.000+00:00&quot;,&quot;last_mod_time&quot;:&quot;2024-09-21T15:16:50.000+00:00&quot;},{&quot;userAddress&quot;:{&quot;addressId&quot;:1953,&quot;plotNumber&quot;:&quot;pr-878&quot;,&quot;street&quot;:&quot;string&quot;,&quot;state&quot;:&quot;string&quot;,&quot;country&quot;:&quot;string&quot;,&quot;zipCode&quot;:89098},&quot;user_id&quot;:1986,&quot;user_first_name&quot;:&quot;abcd&quot;,&quot;user_last_name&quot;:&quot;jjjj&quot;,&quot;user_contact_number&quot;:8987098761,&quot;user_email_id&quot;:&quot;sd21@gmail.com&quot;,&quot;creation_time&quot;:&quot;2024-09-21T15:18:12.085+00:00&quot;,&quot;last_mod_time&quot;:&quot;2024-09-21T15:18:12.085+00:00&quot;},{&quot;userAddress&quot;:{&quot;addressId&quot;:1596,&quot;plotNumber&quot;:&quot;7-o&quot;,&quot;street&quot;:&quot;Abgh&quot;,&quot;state&quot;:&quot;TX&quot;,&quot;country&quot;:&quot;US&quot;,&quot;zipCode&quot;:75063},&quot;user_id&quot;:1629,&quot;user_first_name&quot;:&quot;Gowrisno&quot;,&quot;user_last_name&quot;:&quot;Mohansno&quot;,&quot;user_contact_number&quot;:5647384570,&quot;user_email_id&quot;:&quot;gmsc@gmail.com&quot;,&quot;creation_time&quot;:&quot;2024-09-20T21:04:45.599+00:00&quot;,&quot;last_mod_time&quot;:&quot;2024-09-20T21:04:45.599+00:00&quot;},{&quot;userAddress&quot;:{&quot;addressId&quot;:1151,&quot;plotNumber&quot;:&quot;pl-03&quot;,&quot;street&quot;:&quot;palmilla&quot;,&quot;state&quot;:&quot;Florida&quot;,&quot;country&quot;:&quot;USA&quot;,&quot;zipCode&quot;:324578},&quot;user_id&quot;:1184,&quot;user_first_name&quot;:&quot;pavithra&quot;,&quot;user_last_name&quot;:&quot;kamat&quot;,&quot;user_contact_number&quot;:1254449987,&quot;user_email_id&quot;:&quot;org03@gmail.com&quot;,&quot;creation_time&quot;:&quot;2024-09-20T05:05:13.389+00:00&quot;,&quot;last_mod_time&quot;:&quot;2024-09-20T05:05:13.389+00:00&quot;},{&quot;userAddress&quot;:{&quot;addressId&quot;:1597,&quot;plotNumber&quot;:&quot;pl-88&quot;,&quot;street&quot;:&quot;ssss&quot;,&quot;state&quot;:null,&quot;country&quot;:&quot;sss&quot;,&quot;zipCode&quot;:null},&quot;user_id&quot;:1630,&quot;user_first_name&quot;:&quot;sg&quot;,&quot;user_last_name&quot;:&quot;asg&quot;,&quot;user_contact_number&quot;:1039388755,&quot;user_email_id&quot;:&quot;sur@gmail.com&quot;,&quot;creation_time&quot;:&quot;2024-09-20T21:05:25.452+00:00&quot;,&quot;last_mod_time&quot;:&quot;2024-09-20T21:05:25.452+00:00&quot;},{&quot;userAddress&quot;:{&quot;addressId&quot;:1152,&quot;plotNumber&quot;:&quot;pl-03&quot;,&quot;street&quot;:&quot;palmilla&quot;,&quot;state&quot;:&quot;Florida&quot;,&quot;country&quot;:&quot;USA&quot;,&quot;zipCode&quot;:324578},&quot;user_id&quot;:1185,&quot;user_first_name&quot;:&quot;pavithra&quot;,&quot;user_last_name&quot;:&quot;kamat&quot;,&quot;user_contact_number&quot;:7778884455,&quot;user_email_id&quot;:&quot;org04@gmail.com&quot;,&quot;creation_time&quot;:&quot;2024-09-20T05:05:13.546+00:00&quot;,&quot;last_mod_time&quot;:&quot;2024-09-20T05:05:13.546+00:00&quot;},{&quot;userAddress&quot;:{&quot;addressId&quot;:1598,&quot;plotNumber&quot;:&quot;pl-23&quot;,&quot;street&quot;:&quot;my Street&quot;,&quot;state&quot;:&quot;Texas&quot;,&quot;country&quot;:&quot;USA&quot;,&quot;zipCode&quot;:75068},&quot;user_id&quot;:1631,&quot;user_first_name&quot;:&quot;teamtwotrial&quot;,&quot;user_last_name&quot;:&quot;zcafsdfdgfhg&quot;,&quot;user_contact_number&quot;:5659978888,&quot;user_email_id&quot;:&quot;viji89323@gmail.com&quot;,&quot;creation_time&quot;:&quot;2024-09-20T21:05:57.946+00:00&quot;,&quot;last_mod_time&quot;:&quot;2024-09-20T21:05:57.946+00:00&quot;},{&quot;userAddress&quot;:{&quot;addressId&quot;:1082,&quot;plotNumber&quot;:&quot;13-Pk&quot;,&quot;street&quot;:null,&quot;state&quot;:&quot;AZ&quot;,&quot;country&quot;:null,&quot;zipCode&quot;:30066},&quot;user_id&quot;:1115,&quot;user_first_name&quot;:&quot;kkk&quot;,&quot;user_last_name&quot;:&quot;mmm&quot;,&quot;user_contact_number&quot;:4123555467,&quot;user_email_id&quot;:&quot;ccc@gmail.com&quot;,&quot;creation_time&quot;:&quot;2024-09-20T02:50:24.566+00:00&quot;,&quot;last_mod_time&quot;:&quot;2024-09-20T02:50:24.566+00:00&quot;},{&quot;userAddress&quot;:{&quot;addressId&quot;:1162,&quot;plotNumber&quot;:&quot;p1-02&quot;,&quot;street&quot;:&quot;Richmond&quot;,&quot;state&quot;:&quot;Assam&quot;,&quot;country&quot;:&quot;India&quot;,&quot;zipCode&quot;:78804},&quot;user_id&quot;:1195,&quot;user_first_name&quot;:&quot;Tim&quot;,&quot;user_last_name&quot;:&quot;Roy&quot;,&quot;user_contact_number&quot;:1111111122,&quot;user_email_id&quot;:&quot;tim.roy2@gmail.com&quot;,&quot;creation_time&quot;:&quot;2024-09-20T06:17:05.706+00:00&quot;,&quot;last_mod_time&quot;:&quot;2024-09-20T06:17:05.706+00:00&quot;},{&quot;userAddress&quot;:{&quot;addressId&quot;:1163,&quot;plotNumber&quot;:&quot;p1-02&quot;,&quot;street&quot;:&quot;Richmond&quot;,&quot;state&quot;:&quot;Assam&quot;,&quot;country&quot;:&quot;India&quot;,&quot;zipCode&quot;:78804},&quot;user_id&quot;:1196,&quot;user_first_name&quot;:&quot;Tim&quot;,&quot;user_last_name&quot;:&quot;Roy&quot;,&quot;user_contact_number&quot;:6666666666,&quot;user_email_id&quot;:&quot;tim.roy6@gmail.com&quot;,&quot;creation_time&quot;:&quot;2024-09-20T06:37:22.192+00:00&quot;,&quot;last_mod_time&quot;:&quot;2024-09-20T06:37:22.192+00:00&quot;},{&quot;userAddress&quot;:{&quot;addressId&quot;:1176,&quot;plotNumber&quot;:&quot;4330-aa&quot;,&quot;street&quot;:&quot;woodward way&quot;,&quot;state&quot;:&quot;GA&quot;,&quot;country&quot;:&quot;USA&quot;,&quot;zipCode&quot;:30041},&quot;user_id&quot;:1209,&quot;user_first_name&quot;:&quot;Divyas&quot;,&quot;user_last_name&quot;:&quot;Narasimhans&quot;,&quot;user_contact_number&quot;:6822192016,&quot;user_email_id&quot;:&quot;divpradhome1@gmail.com&quot;,&quot;creation_time&quot;:&quot;2024-09-20T13:35:22.304+00:00&quot;,&quot;last_mod_time&quot;:&quot;2024-09-20T13:35:22.304+00:00&quot;},{&quot;userAddress&quot;:{&quot;addressId&quot;:1092,&quot;plotNumber&quot;:&quot;15-IM&quot;,&quot;street&quot;:null,&quot;state&quot;:&quot;Georgia&quot;,&quot;country&quot;:null,&quot;zipCode&quot;:30066},&quot;user_id&quot;:1125,&quot;user_first_name&quot;:&quot;iiik&quot;,&quot;user_last_name&quot;:&quot;mmk&quot;,&quot;user_contact_number&quot;:4145675456,&quot;user_email_id&quot;:&quot;iiity@gmail.com&quot;,&quot;creation_time&quot;:&quot;2024-09-20T03:02:29.660+00:00&quot;,&quot;last_mod_time&quot;:&quot;2024-09-20T03:02:29.660+00:00&quot;},{&quot;userAddress&quot;:{&quot;addressId&quot;:1185,&quot;plotNumber&quot;:&quot;p1-04&quot;,&quot;street&quot;:null,&quot;state&quot;:&quot;stateb&quot;,&quot;country&quot;:null,&quot;zipCode&quot;:78253},&quot;user_id&quot;:1218,&quot;user_first_name&quot;:&quot;firstb&quot;,&quot;user_last_name&quot;:&quot;lastb&quot;,&quot;user_contact_number&quot;:5674320981,&quot;user_email_id&quot;:&quot;firstb.lastb@gmail.com&quot;,&quot;creation_time&quot;:&quot;2024-09-20T13:41:19.070+00:00&quot;,&quot;last_mod_time&quot;:&quot;2024-09-20T13:41:19.070+00:00&quot;},{&quot;userAddress&quot;:{&quot;addressId&quot;:1193,&quot;plotNumber&quot;:&quot;4330-aa&quot;,&quot;street&quot;:&quot;woodward way&quot;,&quot;state&quot;:&quot;GA&quot;,&quot;country&quot;:&quot;USA&quot;,&quot;zipCode&quot;:30041},&quot;user_id&quot;:1226,&quot;user_first_name&quot;:&quot;Divya&quot;,&quot;user_last_name&quot;:&quot;Narasimhans&quot;,&quot;user_contact_number&quot;:6822192106,&quot;user_email_id&quot;:&quot;divpradhome21@gmail.com&quot;,&quot;creation_time&quot;:&quot;2024-09-20T13:47:57.344+00:00&quot;,&quot;last_mod_time&quot;:&quot;2024-09-20T13:47:57.344+00:00&quot;},{&quot;userAddress&quot;:{&quot;addressId&quot;:1194,&quot;plotNumber&quot;:&quot;4330-aa&quot;,&quot;street&quot;:&quot;woodward way&quot;,&quot;state&quot;:&quot;GA&quot;,&quot;country&quot;:&quot;USA&quot;,&quot;zipCode&quot;:30041},&quot;user_id&quot;:1227,&quot;user_first_name&quot;:&quot;Divya&quot;,&quot;user_last_name&quot;:&quot;Narasimhans&quot;,&quot;user_contact_number&quot;:6824292106,&quot;user_email_id&quot;:&quot;21@gmail.com&quot;,&quot;creation_time&quot;:&quot;2024-09-20T13:49:07.194+00:00&quot;,&quot;last_mod_time&quot;:&quot;2024-09-20T13:49:07.194+00:00&quot;},{&quot;userAddress&quot;:{&quot;addressId&quot;:4559,&quot;plotNumber&quot;:&quot;p1-123&quot;,&quot;street&quot;:null,&quot;state&quot;:&quot;CA&quot;,&quot;country&quot;:null,&quot;zipCode&quot;:12345},&quot;user_id&quot;:4592,&quot;user_first_name&quot;:&quot;Joni&quot;,&quot;user_last_name&quot;:&quot;Dily&quot;,&quot;user_contact_number&quot;:1230088890,&quot;user_email_id&quot;:&quot;joppdoe12@example.com&quot;,&quot;creation_time&quot;:&quot;2024-09-25T23:46:08.158+00:00&quot;,&quot;last_mod_time&quot;:&quot;2024-09-25T23:46:08.158+00:00&quot;},{&quot;userAddress&quot;:{&quot;addressId&quot;:1649,&quot;plotNumber&quot;:&quot;pp-01&quot;,&quot;street&quot;:&quot;Broadway new ln&quot;,&quot;state&quot;:&quot;Texas&quot;,&quot;country&quot;:&quot;USA&quot;,&quot;zipCode&quot;:7005063},&quot;user_id&quot;:1682,&quot;user_first_name&quot;:&quot;Tamil selvi&quot;,&quot;user_last_name&quot;:&quot;saya&quot;,&quot;user_contact_number&quot;:2009009765,&quot;user_email_id&quot;:&quot;nazroppa.pn@gmail.com&quot;,&quot;creation_time&quot;:&quot;2024-09-20T21:48:56.560+00:00&quot;,&quot;last_mod_time&quot;:&quot;2024-09-20T21:48:56.560+00:00&quot;},{&quot;userAddress&quot;:{&quot;addressId&quot;:1973,&quot;plotNumber&quot;:&quot;pl-51&quot;,&quot;street&quot;:&quot;vail rd&quot;,&quot;state&quot;:&quot;nj&quot;,&quot;country&quot;:&quot;usa&quot;,&quot;zipCode&quot;:54321},&quot;user_id&quot;:2006,&quot;user_first_name&quot;:&quot;sowmya&quot;,&quot;user_last_name&quot;:&quot;ra&quot;,&quot;user_contact_number&quot;:9994445556,&quot;user_email_id&quot;:&quot;sdteam115@gmail.com&quot;,&quot;creation_time&quot;:&quot;2024-09-21T16:29:03.835+00:00&quot;,&quot;last_mod_time&quot;:&quot;2024-09-21T16:29:03.835+00:00&quot;},{&quot;userAddress&quot;:{&quot;addressId&quot;:2521,&quot;plotNumber&quot;:&quot;lk-4&quot;,&quot;street&quot;:null,&quot;state&quot;:&quot;halifax&quot;,&quot;country&quot;:null,&quot;zipCode&quot;:3456},&quot;user_id&quot;:2554,&quot;user_first_name&quot;:&quot;dd&quot;,&quot;user_last_name&quot;:&quot;trisha&quot;,&quot;user_contact_number&quot;:7331374777,&quot;user_email_id&quot;:&quot;rufi2t33@gmail.com&quot;,&quot;creation_time&quot;:&quot;2024-09-22T15:27:45.735+00:00&quot;,&quot;last_mod_time&quot;:&quot;2024-09-22T15:27:45.735+00:00&quot;},{&quot;userAddress&quot;:{&quot;addressId&quot;:5021,&quot;plotNumber&quot;:&quot;A-202&quot;,&quot;street&quot;:&quot;golden ln&quot;,&quot;state&quot;:&quot;MA&quot;,&quot;country&quot;:&quot;USA&quot;,&quot;zipCode&quot;:28456},&quot;user_id&quot;:5054,&quot;user_first_name&quot;:&quot;Test&quot;,&quot;user_last_name&quot;:&quot;Tester&quot;,&quot;user_contact_number&quot;:9876512010,&quot;user_email_id&quot;:&quot;te_010@gmail.com&quot;,&quot;creation_time&quot;:&quot;2024-09-26T19:41:02.022+00:00&quot;,&quot;last_mod_time&quot;:&quot;2024-09-26T19:41:02.022+00:00&quot;},{&quot;userAddress&quot;:{&quot;addressId&quot;:3705,&quot;plotNumber&quot;:&quot;pl-72&quot;,&quot;street&quot;:&quot;Broadway&quot;,&quot;state&quot;:&quot;New Jersey&quot;,&quot;country&quot;:&quot;USA&quot;,&quot;zipCode&quot;:72363},&quot;user_id&quot;:3738,&quot;user_first_name&quot;:&quot;randomFirstName&quot;,&quot;user_last_name&quot;:&quot;randomLastName&quot;,&quot;user_contact_number&quot;:6584559249,&quot;user_email_id&quot;:&quot;user140@example.com&quot;,&quot;creation_time&quot;:&quot;2024-09-23T15:33:56.843+00:00&quot;,&quot;last_mod_time&quot;:&quot;2024-09-23T15:33:56.843+00:00&quot;},{&quot;userAddress&quot;:{&quot;addressId&quot;:1992,&quot;plotNumber&quot;:&quot;KB-425&quot;,&quot;street&quot;:&quot;CT&quot;,&quot;state&quot;:&quot;WA&quot;,&quot;country&quot;:&quot;USA&quot;,&quot;zipCode&quot;:98052},&quot;user_id&quot;:2025,&quot;user_first_name&quot;:&quot;Kiran K&quot;,&quot;user_last_name&quot;:&quot;Singh&quot;,&quot;user_contact_number&quot;:4252222228,&quot;user_email_id&quot;:&quot;kblhara@hotmail.com&quot;,&quot;creation_time&quot;:&quot;2024-09-21T17:19:04.792+00:00&quot;,&quot;last_mod_time&quot;:&quot;2024-09-21T17:19:04.792+00:00&quot;},{&quot;userAddress&quot;:{&quot;addressId&quot;:1557,&quot;plotNumber&quot;:&quot;Test-01&quot;,&quot;street&quot;:&quot;Test st&quot;,&quot;state&quot;:&quot;NY&quot;,&quot;country&quot;:&quot;USA&quot;,&quot;zipCode&quot;:123456},&quot;user_id&quot;:1590,&quot;user_first_name&quot;:&quot;FirstName&quot;,&quot;user_last_name&quot;:&quot;LastName&quot;,&quot;user_contact_number&quot;:2323232323,&quot;user_email_id&quot;:&quot;FirstName@gmail.com&quot;,&quot;creation_time&quot;:&quot;2024-09-20T20:51:36.562+00:00&quot;,&quot;last_mod_time&quot;:&quot;2024-09-20T20:51:36.562+00:00&quot;},{&quot;userAddress&quot;:{&quot;addressId&quot;:1651,&quot;plotNumber&quot;:&quot;pl-23&quot;,&quot;street&quot;:&quot;my Street&quot;,&quot;state&quot;:&quot;Texas&quot;,&quot;country&quot;:&quot;USA&quot;,&quot;zipCode&quot;:75068},&quot;user_id&quot;:1684,&quot;user_first_name&quot;:&quot;teamtwotrial&quot;,&quot;user_last_name&quot;:&quot;zcafsdfdgfhg&quot;,&quot;user_contact_number&quot;:5659976666,&quot;user_email_id&quot;:&quot;viji89fd323@gmail.com&quot;,&quot;creation_time&quot;:&quot;2024-09-20T21:53:19.506+00:00&quot;,&quot;last_mod_time&quot;:&quot;2024-09-20T21:53:19.506+00:00&quot;},{&quot;userAddress&quot;:{&quot;addressId&quot;:1652,&quot;plotNumber&quot;:&quot;553-r&quot;,&quot;street&quot;:&quot;moonlane&quot;,&quot;state&quot;:&quot;NJ&quot;,&quot;country&quot;:&quot;USA&quot;,&quot;zipCode&quot;:8816},&quot;user_id&quot;:1685,&quot;user_first_name&quot;:&quot;kalpana&quot;,&quot;user_last_name&quot;:&quot;renga&quot;,&quot;user_contact_number&quot;:2342623426,&quot;user_email_id&quot;:&quot;neyagan@gmail.com&quot;,&quot;creation_time&quot;:&quot;2024-09-20T21:53:49.281+00:00&quot;,&quot;last_mod_time&quot;:&quot;2024-09-20T21:53:49.281+00:00&quot;},{&quot;userAddress&quot;:{&quot;addressId&quot;:1915,&quot;plotNumber&quot;:&quot;AB-61&quot;,&quot;street&quot;:&quot;Atlantis&quot;,&quot;state&quot;:&quot;VA&quot;,&quot;country&quot;:&quot;USA&quot;,&quot;zipCode&quot;:13145},&quot;user_id&quot;:1948,&quot;user_first_name&quot;:&quot;AMRITA&quot;,&quot;user_last_name&quot;:&quot;ANAND&quot;,&quot;user_contact_number&quot;:4567342245,&quot;user_email_id&quot;:&quot;4567@gmail.com&quot;,&quot;creation_time&quot;:&quot;2024-09-21T12:06:43.247+00:00&quot;,&quot;last_mod_time&quot;:&quot;2024-09-21T12:06:43.247+00:00&quot;},{&quot;userAddress&quot;:{&quot;addressId&quot;:1431,&quot;plotNumber&quot;:&quot;pl-03&quot;,&quot;street&quot;:&quot;palmilla&quot;,&quot;state&quot;:&quot;Florida&quot;,&quot;country&quot;:&quot;USA&quot;,&quot;zipCode&quot;:77057},&quot;user_id&quot;:1464,&quot;user_first_name&quot;:&quot;Tanvi&quot;,&quot;user_last_name&quot;:&quot;Jyoshith&quot;,&quot;user_contact_number&quot;:1234393991,&quot;user_email_id&quot;:&quot;Testtanvi@gmail.com&quot;,&quot;creation_time&quot;:&quot;2024-09-20T19:11:44.977+00:00&quot;,&quot;last_mod_time&quot;:&quot;2024-09-20T19:11:44.977+00:00&quot;},{&quot;userAddress&quot;:{&quot;addressId&quot;:2131,&quot;plotNumber&quot;:&quot;KB-425&quot;,&quot;street&quot;:&quot;CT&quot;,&quot;state&quot;:&quot;WA&quot;,&quot;country&quot;:&quot;USA&quot;,&quot;zipCode&quot;:98},&quot;user_id&quot;:2164,&quot;user_first_name&quot;:&quot;kimlKiran&quot;,&quot;user_last_name&quot;:&quot;kimlSingh&quot;,&quot;user_contact_number&quot;:8652222228,&quot;user_email_id&quot;:&quot;kibaluahra@gmail.com&quot;,&quot;creation_time&quot;:&quot;2024-09-21T21:27:18.052+00:00&quot;,&quot;last_mod_time&quot;:&quot;2024-09-21T21:27:18.052+00:00&quot;},{&quot;userAddress&quot;:{&quot;addressId&quot;:1667,&quot;plotNumber&quot;:&quot;553-r&quot;,&quot;street&quot;:&quot;moonlane&quot;,&quot;state&quot;:&quot;NJ&quot;,&quot;country&quot;:&quot;USA&quot;,&quot;zipCode&quot;:8816},&quot;user_id&quot;:1700,&quot;user_first_name&quot;:&quot;kalpana&quot;,&quot;user_last_name&quot;:&quot;renga&quot;,&quot;user_contact_number&quot;:2342623489,&quot;user_email_id&quot;:&quot;tamilneyagan@gmail.com&quot;,&quot;creation_time&quot;:&quot;2024-09-20T22:22:59.174+00:00&quot;,&quot;last_mod_time&quot;:&quot;2024-09-20T22:22:59.174+00:00&quot;},{&quot;userAddress&quot;:{&quot;addressId&quot;:1317,&quot;plotNumber&quot;:&quot;A-217&quot;,&quot;street&quot;:&quot;goldy dr&quot;,&quot;state&quot;:&quot;CA&quot;,&quot;country&quot;:&quot;USA&quot;,&quot;zipCode&quot;:24568},&quot;user_id&quot;:1350,&quot;user_first_name&quot;:&quot;Nehaaaa&quot;,&quot;user_last_name&quot;:&quot;acbc&quot;,&quot;user_contact_number&quot;:8212598763,&quot;user_email_id&quot;:&quot;abcddd@gmail.com&quot;,&quot;creation_time&quot;:&quot;2024-09-20T17:15:50.053+00:00&quot;,&quot;last_mod_time&quot;:&quot;2024-09-20T17:15:50.053+00:00&quot;},{&quot;userAddress&quot;:{&quot;addressId&quot;:4355,&quot;plotNumber&quot;:&quot;ab-13&quot;,&quot;street&quot;:&quot;Irving&quot;,&quot;state&quot;:&quot;Texas&quot;,&quot;country&quot;:&quot;USA&quot;,&quot;zipCode&quot;:77144},&quot;user_id&quot;:4388,&quot;user_first_name&quot;:&quot;Darsh&quot;,&quot;user_last_name&quot;:&quot;Shebi&quot;,&quot;user_contact_number&quot;:1122338955,&quot;user_email_id&quot;:&quot;Darsh14@gmail.com&quot;,&quot;creation_time&quot;:&quot;2024-09-25T02:42:27.108+00:00&quot;,&quot;last_mod_time&quot;:&quot;2024-09-25T02:42:27.108+00:00&quot;},{&quot;userAddress&quot;:{&quot;addressId&quot;:1330,&quot;plotNumber&quot;:&quot;23-AvonRoad&quot;,&quot;street&quot;:&quot;Devon&quot;,&quot;state&quot;:&quot;PA&quot;,&quot;country&quot;:&quot;US&quot;,&quot;zipCode&quot;:19334},&quot;user_id&quot;:1363,&quot;user_first_name&quot;:&quot;Param&quot;,&quot;user_last_name&quot;:&quot;Kuppu&quot;,&quot;user_contact_number&quot;:5443234432,&quot;user_email_id&quot;:&quot;paramvadugai@gmail.com&quot;,&quot;creation_time&quot;:&quot;2024-09-20T17:38:14.933+00:00&quot;,&quot;last_mod_time&quot;:&quot;2024-09-20T17:38:14.933+00:00&quot;},{&quot;userAddress&quot;:{&quot;addressId&quot;:9955,&quot;plotNumber&quot;:&quot;P1-11&quot;,&quot;street&quot;:&quot;NJ&quot;,&quot;state&quot;:&quot;TX&quot;,&quot;country&quot;:&quot;USA&quot;,&quot;zipCode&quot;:12356},&quot;user_id&quot;:9987,&quot;user_first_name&quot;:&quot;Ganeshsiva&quot;,&quot;user_last_name&quot;:&quot;Siva&quot;,&quot;user_contact_number&quot;:9622223999,&quot;user_email_id&quot;:&quot;ganeshparvathi@gmail.com&quot;,&quot;creation_time&quot;:&quot;2024-10-15T15:57:10.233+00:00&quot;,&quot;last_mod_time&quot;:&quot;2024-10-15T15:57:10.233+00:00&quot;},{&quot;userAddress&quot;:{&quot;addressId&quot;:1756,&quot;plotNumber&quot;:&quot;p1-09&quot;,&quot;street&quot;:&quot;Main&quot;,&quot;state&quot;:&quot;NY&quot;,&quot;country&quot;:&quot;USA&quot;,&quot;zipCode&quot;:10901},&quot;user_id&quot;:1789,&quot;user_first_name&quot;:&quot;bio&quot;,&quot;user_last_name&quot;:&quot;cam&quot;,&quot;user_contact_number&quot;:9248350509,&quot;user_email_id&quot;:&quot;bio.cam@example.com&quot;,&quot;creation_time&quot;:&quot;2024-09-21T01:02:04.201+00:00&quot;,&quot;last_mod_time&quot;:&quot;2024-09-21T01:02:04.201+00:00&quot;},{&quot;userAddress&quot;:{&quot;addressId&quot;:3567,&quot;plotNumber&quot;:&quot;11-221&quot;,&quot;street&quot;:&quot;Wolf&quot;,&quot;state&quot;:&quot;Washington&quot;,&quot;country&quot;:&quot;USA&quot;,&quot;zipCode&quot;:22862},&quot;user_id&quot;:3600,&quot;user_first_name&quot;:&quot;Qary&quot;,&quot;user_last_name&quot;:&quot;Stark&quot;,&quot;user_contact_number&quot;:8113344898,&quot;user_email_id&quot;:&quot;mbnhygot67@got.com&quot;,&quot;creation_time&quot;:&quot;2024-09-23T13:54:26.923+00:00&quot;,&quot;last_mod_time&quot;:&quot;2024-09-23T13:54:26.923+00:00&quot;},{&quot;userAddress&quot;:{&quot;addressId&quot;:4236,&quot;plotNumber&quot;:&quot;AB-61&quot;,&quot;street&quot;:&quot;Atlantis&quot;,&quot;state&quot;:&quot;VA&quot;,&quot;country&quot;:&quot;USA&quot;,&quot;zipCode&quot;:13145},&quot;user_id&quot;:4269,&quot;user_first_name&quot;:&quot;AMRITA&quot;,&quot;user_last_name&quot;:&quot;ANAND&quot;,&quot;user_contact_number&quot;:4566572245,&quot;user_email_id&quot;:&quot;def@gmail.com&quot;,&quot;creation_time&quot;:&quot;2024-09-23T19:11:17.549+00:00&quot;,&quot;last_mod_time&quot;:&quot;2024-09-23T19:11:17.549+00:00&quot;},{&quot;userAddress&quot;:{&quot;addressId&quot;:1211,&quot;plotNumber&quot;:&quot;L-5&quot;,&quot;street&quot;:&quot;Blackwood Dr&quot;,&quot;state&quot;:&quot;Indianapolis&quot;,&quot;country&quot;:&quot;USA&quot;,&quot;zipCode&quot;:64087},&quot;user_id&quot;:1244,&quot;user_first_name&quot;:&quot;nats&quot;,&quot;user_last_name&quot;:&quot;jim&quot;,&quot;user_contact_number&quot;:5980650139,&quot;user_email_id&quot;:&quot;12345@123il.com&quot;,&quot;creation_time&quot;:&quot;2024-09-20T14:16:26.332+00:00&quot;,&quot;last_mod_time&quot;:&quot;2024-09-20T14:16:26.332+00:00&quot;},{&quot;userAddress&quot;:{&quot;addressId&quot;:5792,&quot;plotNumber&quot;:&quot;p1-098&quot;,&quot;street&quot;:&quot;cxvbmnb &quot;,&quot;state&quot;:&quot;uibhjkl&quot;,&quot;country&quot;:&quot;USA&quot;,&quot;zipCode&quot;:90865},&quot;user_id&quot;:5825,&quot;user_first_name&quot;:&quot;bpghkhjd&quot;,&quot;user_last_name&quot;:&quot;vhdbhjfg&quot;,&quot;user_contact_number&quot;:1279108714,&quot;user_email_id&quot;:&quot;nijua.loj-1727455088119@ecxfs.com&quot;,&quot;creation_time&quot;:&quot;2024-09-27T16:38:19.205+00:00&quot;,&quot;last_mod_time&quot;:&quot;2024-09-27T16:38:19.205+00:00&quot;},{&quot;userAddress&quot;:{&quot;addressId&quot;:5334,&quot;plotNumber&quot;:&quot;ok-6&quot;,&quot;street&quot;:null,&quot;state&quot;:&quot;youkom&quot;,&quot;country&quot;:null,&quot;zipCode&quot;:564567},&quot;user_id&quot;:5367,&quot;user_first_name&quot;:&quot;reka&quot;,&quot;user_last_name&quot;:&quot;saroh&quot;,&quot;user_contact_number&quot;:3433386789,&quot;user_email_id&quot;:&quot;idliu@gmail.com&quot;,&quot;creation_time&quot;:&quot;2024-09-27T01:49:34.966+00:00&quot;,&quot;last_mod_time&quot;:&quot;2024-09-27T01:49:34.966+00:00&quot;},{&quot;userAddress&quot;:{&quot;addressId&quot;:5335,&quot;plotNumber&quot;:&quot;ok-6&quot;,&quot;street&quot;:null,&quot;state&quot;:&quot;youkom&quot;,&quot;country&quot;:null,&quot;zipCode&quot;:564567},&quot;user_id&quot;:5368,&quot;user_first_name&quot;:&quot;reka&quot;,&quot;user_last_name&quot;:&quot;saroh&quot;,&quot;user_contact_number&quot;:3033386780,&quot;user_email_id&quot;:&quot;kushpoo344@gmail.com&quot;,&quot;creation_time&quot;:&quot;2024-09-27T01:50:43.325+00:00&quot;,&quot;last_mod_time&quot;:&quot;2024-09-27T01:50:43.325+00:00&quot;},{&quot;userAddress&quot;:{&quot;addressId&quot;:1678,&quot;plotNumber&quot;:&quot;Bl-02&quot;,&quot;street&quot;:null,&quot;state&quot;:&quot;California&quot;,&quot;country&quot;:null,&quot;zipCode&quot;:32126},&quot;user_id&quot;:1711,&quot;user_first_name&quot;:&quot;Quinney&quot;,&quot;user_last_name&quot;:&quot;Thomas&quot;,&quot;user_contact_number&quot;:4286320008,&quot;user_email_id&quot;:&quot;Team4Quinn12@gmail.com&quot;,&quot;creation_time&quot;:&quot;2024-09-20T22:33:55.133+00:00&quot;,&quot;last_mod_time&quot;:&quot;2024-09-20T22:33:55.133+00:00&quot;},{&quot;userAddress&quot;:{&quot;addressId&quot;:10110,&quot;plotNumber&quot;:&quot;P1-14&quot;,&quot;street&quot;:&quot;Pine&quot;,&quot;state&quot;:&quot;FL&quot;,&quot;country&quot;:&quot;USA&quot;,&quot;zipCode&quot;:75001},&quot;user_id&quot;:10142,&quot;user_first_name&quot;:&quot;Charlie&quot;,&quot;user_last_name&quot;:&quot;Brown&quot;,&quot;user_contact_number&quot;:6787382991,&quot;user_email_id&quot;:&quot;chomrow@example.com&quot;,&quot;creation_time&quot;:&quot;2024-10-15T22:36:05.338+00:00&quot;,&quot;last_mod_time&quot;:&quot;2024-10-15T22:36:05.338+00:00&quot;},{&quot;userAddress&quot;:{&quot;addressId&quot;:4860,&quot;plotNumber&quot;:&quot;PL-341&quot;,&quot;street&quot;:&quot;Main Street&quot;,&quot;state&quot;:&quot;AL&quot;,&quot;country&quot;:&quot;USA&quot;,&quot;zipCode&quot;:30066},&quot;user_id&quot;:4893,&quot;user_first_name&quot;:&quot;kikik&quot;,&quot;user_last_name&quot;:&quot;seka&quot;,&quot;user_contact_number&quot;:7123456789,&quot;user_email_id&quot;:&quot;abcabc@gmail.com&quot;,&quot;creation_time&quot;:&quot;2024-09-26T14:14:18.135+00:00&quot;,&quot;last_mod_time&quot;:&quot;2024-09-26T14:14:18.135+00:00&quot;},{&quot;userAddress&quot;:{&quot;addressId&quot;:2003,&quot;plotNumber&quot;:&quot;j-4&quot;,&quot;street&quot;:null,&quot;state&quot;:&quot;halifax&quot;,&quot;country&quot;:null,&quot;zipCode&quot;:3456},&quot;user_id&quot;:2036,&quot;user_first_name&quot;:&quot;retre&quot;,&quot;user_last_name&quot;:&quot;moha&quot;,&quot;user_contact_number&quot;:9231623377,&quot;user_email_id&quot;:&quot;uy0u41225@gmail.com&quot;,&quot;creation_time&quot;:&quot;2024-09-21T17:32:39.289+00:00&quot;,&quot;last_mod_time&quot;:&quot;2024-09-21T17:32:39.289+00:00&quot;},{&quot;userAddress&quot;:{&quot;addressId&quot;:2004,&quot;plotNumber&quot;:&quot;pr-878&quot;,&quot;street&quot;:&quot;string&quot;,&quot;state&quot;:&quot;string&quot;,&quot;country&quot;:&quot;string&quot;,&quot;zipCode&quot;:89098},&quot;user_id&quot;:2037,&quot;user_first_name&quot;:&quot;abcd&quot;,&quot;user_last_name&quot;:&quot;jjjj&quot;,&quot;user_contact_number&quot;:8987098762,&quot;user_email_id&quot;:&quot;sd22@gmail.com&quot;,&quot;creation_time&quot;:&quot;2024-09-21T17:35:25.650+00:00&quot;,&quot;last_mod_time&quot;:&quot;2024-09-21T17:35:25.650+00:00&quot;},{&quot;userAddress&quot;:{&quot;addressId&quot;:1570,&quot;plotNumber&quot;:&quot;7-o&quot;,&quot;street&quot;:&quot;Abgh&quot;,&quot;state&quot;:&quot;TX&quot;,&quot;country&quot;:&quot;US&quot;,&quot;zipCode&quot;:750639090},&quot;user_id&quot;:1603,&quot;user_first_name&quot;:&quot;Gowrisz&quot;,&quot;user_last_name&quot;:&quot;Mohansz&quot;,&quot;user_contact_number&quot;:5647384580,&quot;user_email_id&quot;:&quot;gmz@gmail.com&quot;,&quot;creation_time&quot;:&quot;2024-09-20T20:58:23.522+00:00&quot;,&quot;last_mod_time&quot;:&quot;2024-09-20T20:58:23.522+00:00&quot;},{&quot;userAddress&quot;:{&quot;addressId&quot;:1760,&quot;plotNumber&quot;:&quot;15-IM&quot;,&quot;street&quot;:null,&quot;state&quot;:&quot;Georgia&quot;,&quot;country&quot;:null,&quot;zipCode&quot;:30066},&quot;user_id&quot;:1793,&quot;user_first_name&quot;:&quot;iiik&quot;,&quot;user_last_name&quot;:&quot;kkk&quot;,&quot;user_contact_number&quot;:4168975456,&quot;user_email_id&quot;:&quot;itsyty@gmail.com&quot;,&quot;creation_time&quot;:&quot;2024-09-21T01:13:41.913+00:00&quot;,&quot;last_mod_time&quot;:&quot;2024-09-21T01:13:41.913+00:00&quot;},{&quot;userAddress&quot;:{&quot;addressId&quot;:2005,&quot;plotNumber&quot;:&quot;W-425&quot;,&quot;street&quot;:&quot;CT&quot;,&quot;state&quot;:&quot;WA&quot;,&quot;country&quot;:&quot;string&quot;,&quot;zipCode&quot;:98052},&quot;user_id&quot;:2038,&quot;user_first_name&quot;:&quot;Kiran W&quot;,&quot;user_last_name&quot;:&quot;Singh&quot;,&quot;user_contact_number&quot;:4252222225,&quot;user_email_id&quot;:&quot;kblehar@hotmail.com&quot;,&quot;creation_time&quot;:&quot;2024-09-21T17:36:19.688+00:00&quot;,&quot;last_mod_time&quot;:&quot;2024-09-21T17:36:19.688+00:00&quot;},{&quot;userAddress&quot;:{&quot;addressId&quot;:2006,&quot;plotNumber&quot;:&quot;pr-878&quot;,&quot;street&quot;:&quot;string&quot;,&quot;state&quot;:&quot;string&quot;,&quot;country&quot;:&quot;string&quot;,&quot;zipCode&quot;:89098},&quot;user_id&quot;:2039,&quot;user_first_name&quot;:&quot;abcd&quot;,&quot;user_last_name&quot;:&quot;jjjj&quot;,&quot;user_contact_number&quot;:8987098763,&quot;user_email_id&quot;:&quot;sd23@gmail.com&quot;,&quot;creation_time&quot;:&quot;2024-09-21T17:36:41.842+00:00&quot;,&quot;last_mod_time&quot;:&quot;2024-09-21T17:36:41.842+00:00&quot;},{&quot;userAddress&quot;:{&quot;addressId&quot;:1762,&quot;plotNumber&quot;:&quot;Bl-02&quot;,&quot;street&quot;:null,&quot;state&quot;:&quot;California&quot;,&quot;country&quot;:null,&quot;zipCode&quot;:32126},&quot;user_id&quot;:1795,&quot;user_first_name&quot;:&quot;Anvi&quot;,&quot;user_last_name&quot;:&quot;Carsen&quot;,&quot;user_contact_number&quot;:7624320008,&quot;user_email_id&quot;:&quot;team4anvi@gmail.com&quot;,&quot;creation_time&quot;:&quot;2024-09-21T01:14:50.728+00:00&quot;,&quot;last_mod_time&quot;:&quot;2024-09-21T01:14:50.728+00:00&quot;},{&quot;userAddress&quot;:{&quot;addressId&quot;:2011,&quot;plotNumber&quot;:&quot;pr-878&quot;,&quot;street&quot;:&quot;string&quot;,&quot;state&quot;:&quot;string&quot;,&quot;country&quot;:&quot;string&quot;,&quot;zipCode&quot;:89098},&quot;user_id&quot;:2044,&quot;user_first_name&quot;:&quot;abcd&quot;,&quot;user_last_name&quot;:&quot;jjjj&quot;,&quot;user_contact_number&quot;:8987098765,&quot;user_email_id&quot;:&quot;sd25@gmail.com&quot;,&quot;creation_time&quot;:&quot;2024-09-21T17:48:24.272+00:00&quot;,&quot;last_mod_time&quot;:&quot;2024-09-21T17:48:24.272+00:00&quot;},{&quot;userAddress&quot;:{&quot;addressId&quot;:1770,&quot;plotNumber&quot;:&quot;vl-4&quot;,&quot;street&quot;:null,&quot;state&quot;:&quot;northyork&quot;,&quot;country&quot;:null,&quot;zipCode&quot;:56456},&quot;user_id&quot;:1803,&quot;user_first_name&quot;:&quot;barbi&quot;,&quot;user_last_name&quot;:&quot;akasha&quot;,&quot;user_contact_number&quot;:3434143031,&quot;user_email_id&quot;:&quot;redyr498@gmail.com&quot;,&quot;creation_time&quot;:&quot;2024-09-21T01:35:38.953+00:00&quot;,&quot;last_mod_time&quot;:&quot;2024-09-21T01:35:38.953+00:00&quot;},{&quot;userAddress&quot;:{&quot;addressId&quot;:1771,&quot;plotNumber&quot;:&quot;vl-9&quot;,&quot;street&quot;:null,&quot;state&quot;:&quot;northyork&quot;,&quot;country&quot;:null,&quot;zipCode&quot;:56456},&quot;user_id&quot;:1804,&quot;user_first_name&quot;:&quot;surbi&quot;,&quot;user_last_name&quot;:&quot;sasha&quot;,&quot;user_contact_number&quot;:1214143031,&quot;user_email_id&quot;:&quot;red498@gmail.com&quot;,&quot;creation_time&quot;:&quot;2024-09-21T01:38:58.164+00:00&quot;,&quot;last_mod_time&quot;:&quot;2024-09-21T01:38:58.164+00:00&quot;},{&quot;userAddress&quot;:{&quot;addressId&quot;:1772,&quot;plotNumber&quot;:&quot;vl-4&quot;,&quot;street&quot;:null,&quot;state&quot;:&quot;northyork&quot;,&quot;country&quot;:null,&quot;zipCode&quot;:56456},&quot;user_id&quot;:1805,&quot;user_first_name&quot;:&quot;barbi&quot;,&quot;user_last_name&quot;:&quot;akasha&quot;,&quot;user_contact_number&quot;:8341144031,&quot;user_email_id&quot;:&quot;redyr2288@gmail.com&quot;,&quot;creation_time&quot;:&quot;2024-09-21T01:40:48.548+00:00&quot;,&quot;last_mod_time&quot;:&quot;2024-09-21T01:40:48.548+00:00&quot;},{&quot;userAddress&quot;:{&quot;addressId&quot;:1731,&quot;plotNumber&quot;:&quot;AB-61&quot;,&quot;street&quot;:&quot;Atlantis&quot;,&quot;state&quot;:&quot;delhi&quot;,&quot;country&quot;:&quot;india&quot;,&quot;zipCode&quot;:13145},&quot;user_id&quot;:1764,&quot;user_first_name&quot;:&quot;AMRITA&quot;,&quot;user_last_name&quot;:&quot;ANAND&quot;,&quot;user_contact_number&quot;:4237893245,&quot;user_email_id&quot;:&quot;kbalahara@hotmail.com&quot;,&quot;creation_time&quot;:&quot;2024-09-20T23:57:12.304+00:00&quot;,&quot;last_mod_time&quot;:&quot;2024-09-23T20:03:31.564+00:00&quot;},{&quot;userAddress&quot;:{&quot;addressId&quot;:8349,&quot;plotNumber&quot;:&quot;P1-10&quot;,&quot;street&quot;:&quot;Devyn Valley&quot;,&quot;state&quot;:&quot;TX&quot;,&quot;country&quot;:&quot;USA&quot;,&quot;zipCode&quot;:12356},&quot;user_id&quot;:8381,&quot;user_first_name&quot;:&quot;Sherman&quot;,&quot;user_last_name&quot;:&quot;Mraz&quot;,&quot;user_contact_number&quot;:3607896199,&quot;user_email_id&quot;:&quot;Elinore_Hagenes98@hotmail.com&quot;,&quot;creation_time&quot;:&quot;2024-10-12T22:08:25.369+00:00&quot;,&quot;last_mod_time&quot;:&quot;2024-10-12T22:08:25.369+00:00&quot;},{&quot;userAddress&quot;:{&quot;addressId&quot;:4426,&quot;plotNumber&quot;:&quot;p1-098&quot;,&quot;street&quot;:&quot;cxvbmnb &quot;,&quot;state&quot;:&quot;uibhjkl&quot;,&quot;country&quot;:&quot;USA&quot;,&quot;zipCode&quot;:90865},&quot;user_id&quot;:4459,&quot;user_first_name&quot;:&quot;bnhkldft&quot;,&quot;user_last_name&quot;:&quot;vhjjvbaaspe&quot;,&quot;user_contact_number&quot;:1670889963,&quot;user_email_id&quot;:&quot;cvfa.nme-1727284024596@example.com&quot;,&quot;creation_time&quot;:&quot;2024-09-25T17:07:05.168+00:00&quot;,&quot;last_mod_time&quot;:&quot;2024-09-25T17:07:05.168+00:00&quot;},{&quot;userAddress&quot;:{&quot;addressId&quot;:4450,&quot;plotNumber&quot;:&quot;p1-105&quot;,&quot;street&quot;:&quot;cxvbmnb &quot;,&quot;state&quot;:&quot;uibhjkl&quot;,&quot;country&quot;:&quot;USA&quot;,&quot;zipCode&quot;:90865},&quot;user_id&quot;:4483,&quot;user_first_name&quot;:&quot;bkxrftsxlekl&quot;,&quot;user_last_name&quot;:&quot;vddrpcgfop&quot;,&quot;user_contact_number&quot;:1823123119,&quot;user_email_id&quot;:&quot;cvfa.nme-1727291163849@example.com&quot;,&quot;creation_time&quot;:&quot;2024-09-25T19:06:04.356+00:00&quot;,&quot;last_mod_time&quot;:&quot;2024-09-25T19:06:04.356+00:00&quot;},{&quot;userAddress&quot;:{&quot;addressId&quot;:4451,&quot;plotNumber&quot;:&quot;p1-106&quot;,&quot;street&quot;:&quot;cxvbmnb &quot;,&quot;state&quot;:&quot;uibhjkl&quot;,&quot;country&quot;:&quot;USA&quot;,&quot;zipCode&quot;:90865},&quot;user_id&quot;:4484,&quot;user_first_name&quot;:&quot;bklhjkekl&quot;,&quot;user_last_name&quot;:&quot;vddronmitp&quot;,&quot;user_contact_number&quot;:1482767970,&quot;user_email_id&quot;:&quot;cvfa.nme-1727291164670@example.com&quot;,&quot;creation_time&quot;:&quot;2024-09-25T19:06:05.193+00:00&quot;,&quot;last_mod_time&quot;:&quot;2024-09-25T19:06:05.193+00:00&quot;},{&quot;userAddress&quot;:{&quot;addressId&quot;:1696,&quot;plotNumber&quot;:&quot;p1-04&quot;,&quot;street&quot;:&quot;Logan&quot;,&quot;state&quot;:&quot;Texas&quot;,&quot;country&quot;:&quot;USA&quot;,&quot;zipCode&quot;:95035},&quot;user_id&quot;:1729,&quot;user_first_name&quot;:&quot;Shaan&quot;,&quot;user_last_name&quot;:&quot;Das&quot;,&quot;user_contact_number&quot;:2222222211,&quot;user_email_id&quot;:&quot;shan.das1@gmail.com&quot;,&quot;creation_time&quot;:&quot;2024-09-20T22:46:26.339+00:00&quot;,&quot;last_mod_time&quot;:&quot;2024-09-20T22:46:26.339+00:00&quot;},{&quot;userAddress&quot;:{&quot;addressId&quot;:1697,&quot;plotNumber&quot;:&quot;p1-05&quot;,&quot;street&quot;:&quot;Bleecker&quot;,&quot;state&quot;:&quot;California&quot;,&quot;country&quot;:&quot;USA&quot;,&quot;zipCode&quot;:94536},&quot;user_id&quot;:1730,&quot;user_first_name&quot;:&quot;Moni&quot;,&quot;user_last_name&quot;:&quot;Gupta&quot;,&quot;user_contact_number&quot;:1133333333,&quot;user_email_id&quot;:&quot;moni.gupta3@gmail.com&quot;,&quot;creation_time&quot;:&quot;2024-09-20T22:46:26.495+00:00&quot;,&quot;last_mod_time&quot;:&quot;2024-09-20T22:46:26.495+00:00&quot;},{&quot;userAddress&quot;:{&quot;addressId&quot;:2012,&quot;plotNumber&quot;:&quot;pr-878&quot;,&quot;street&quot;:&quot;string&quot;,&quot;state&quot;:&quot;string&quot;,&quot;country&quot;:&quot;string&quot;,&quot;zipCode&quot;:89098},&quot;user_id&quot;:2045,&quot;user_first_name&quot;:&quot;abcd&quot;,&quot;user_last_name&quot;:&quot;jjjj&quot;,&quot;user_contact_number&quot;:8987098766,&quot;user_email_id&quot;:&quot;sd26@gmail.com&quot;,&quot;creation_time&quot;:&quot;2024-09-21T17:49:36.451+00:00&quot;,&quot;last_mod_time&quot;:&quot;2024-09-21T17:49:36.451+00:00&quot;},{&quot;userAddress&quot;:{&quot;addressId&quot;:2013,&quot;plotNumber&quot;:&quot;pr-878&quot;,&quot;street&quot;:&quot;string&quot;,&quot;state&quot;:&quot;string&quot;,&quot;country&quot;:&quot;string&quot;,&quot;zipCode&quot;:89098},&quot;user_id&quot;:2046,&quot;user_first_name&quot;:&quot;abcd&quot;,&quot;user_last_name&quot;:&quot;jjjj&quot;,&quot;user_contact_number&quot;:8987098767,&quot;user_email_id&quot;:&quot;sd27@gmail.com&quot;,&quot;creation_time&quot;:&quot;2024-09-21T17:50:20.681+00:00&quot;,&quot;last_mod_time&quot;:&quot;2024-09-21T17:50:20.681+00:00&quot;},{&quot;userAddress&quot;:{&quot;addressId&quot;:1650,&quot;plotNumber&quot;:&quot;p1-09&quot;,&quot;street&quot;:&quot;aldyn&quot;,&quot;state&quot;:&quot;NY&quot;,&quot;country&quot;:&quot;USA&quot;,&quot;zipCode&quot;:10901},&quot;user_id&quot;:1683,&quot;user_first_name&quot;:&quot;nathan&quot;,&quot;user_last_name&quot;:&quot;cam&quot;,&quot;user_contact_number&quot;:9248350504,&quot;user_email_id&quot;:&quot;nathan.cam@example.com&quot;,&quot;creation_time&quot;:&quot;2024-09-20T21:50:43.758+00:00&quot;,&quot;last_mod_time&quot;:&quot;2024-09-26T18:47:34.734+00:00&quot;},{&quot;userAddress&quot;:{&quot;addressId&quot;:6424,&quot;plotNumber&quot;:&quot;pl-101&quot;,&quot;street&quot;:&quot;WolfStreet&quot;,&quot;state&quot;:&quot;NC&quot;,&quot;country&quot;:&quot;USA&quot;,&quot;zipCode&quot;:12312},&quot;user_id&quot;:6457,&quot;user_first_name&quot;:&quot;VijiAvengers&quot;,&quot;user_last_name&quot;:&quot;Stark&quot;,&quot;user_contact_number&quot;:1222447566,&quot;user_email_id&quot;:&quot;Steve123mine@gmail.com&quot;,&quot;creation_time&quot;:&quot;2024-09-29T15:50:01.688+00:00&quot;,&quot;last_mod_time&quot;:&quot;2024-09-29T15:50:01.688+00:00&quot;},{&quot;userAddress&quot;:{&quot;addressId&quot;:2609,&quot;plotNumber&quot;:&quot;pl-55&quot;,&quot;street&quot;:&quot;Avenue&quot;,&quot;state&quot;:&quot;WA&quot;,&quot;country&quot;:&quot;USA&quot;,&quot;zipCode&quot;:954321},&quot;user_id&quot;:2642,&quot;user_first_name&quot;:&quot;thanyasree&quot;,&quot;user_last_name&quot;:&quot;dheenatha&quot;,&quot;user_contact_number&quot;:2300003009,&quot;user_email_id&quot;:&quot;thanyasree@gmail.com&quot;,&quot;creation_time&quot;:&quot;2024-09-22T17:50:43.223+00:00&quot;,&quot;last_mod_time&quot;:&quot;2024-09-22T17:50:43.223+00:00&quot;},{&quot;userAddress&quot;:{&quot;addressId&quot;:4338,&quot;plotNumber&quot;:&quot;p1-02&quot;,&quot;street&quot;:&quot;Richmond&quot;,&quot;state&quot;:&quot;Assam&quot;,&quot;country&quot;:&quot;India&quot;,&quot;zipCode&quot;:78804},&quot;user_id&quot;:4371,&quot;user_first_name&quot;:&quot;Shawn&quot;,&quot;user_last_name&quot;:&quot;Davis&quot;,&quot;user_contact_number&quot;:3378666645,&quot;user_email_id&quot;:&quot;Shawn.Davisr82@gmail.com&quot;,&quot;creation_time&quot;:&quot;2024-09-24T19:29:56.830+00:00&quot;,&quot;last_mod_time&quot;:&quot;2024-09-24T19:29:56.830+00:00&quot;},{&quot;userAddress&quot;:{&quot;addressId&quot;:4469,&quot;plotNumber&quot;:&quot;pl-120&quot;,&quot;street&quot;:&quot;palmilla&quot;,&quot;state&quot;:&quot;Florida&quot;,&quot;country&quot;:&quot;USA&quot;,&quot;zipCode&quot;:324578},&quot;user_id&quot;:4502,&quot;user_first_name&quot;:&quot;AvengersNew&quot;,&quot;user_last_name&quot;:&quot;Marvel&quot;,&quot;user_contact_number&quot;:2233214434,&quot;user_email_id&quot;:&quot;Tony1234@Avengers.com&quot;,&quot;creation_time&quot;:&quot;2024-09-25T20:35:03.908+00:00&quot;,&quot;last_mod_time&quot;:&quot;2024-09-25T20:35:03.908+00:00&quot;},{&quot;userAddress&quot;:{&quot;addressId&quot;:1778,&quot;plotNumber&quot;:&quot;KB-425&quot;,&quot;street&quot;:&quot;CT&quot;,&quot;state&quot;:&quot;WA&quot;,&quot;country&quot;:&quot;USA&quot;,&quot;zipCode&quot;:98053},&quot;user_id&quot;:1811,&quot;user_first_name&quot;:&quot;Kiranraj&quot;,&quot;user_last_name&quot;:&quot;Singhla&quot;,&quot;user_contact_number&quot;:3252222222,&quot;user_email_id&quot;:&quot;kbalahara2@gmail.com&quot;,&quot;creation_time&quot;:&quot;2024-09-21T01:49:16.208+00:00&quot;,&quot;last_mod_time&quot;:&quot;2024-09-21T01:49:16.208+00:00&quot;},{&quot;userAddress&quot;:{&quot;addressId&quot;:9573,&quot;plotNumber&quot;:&quot;P1-10&quot;,&quot;street&quot;:&quot;Bridgette Forest&quot;,&quot;state&quot;:&quot;TX&quot;,&quot;country&quot;:&quot;USA&quot;,&quot;zipCode&quot;:12356},&quot;user_id&quot;:9605,&quot;user_first_name&quot;:&quot;Cristina&quot;,&quot;user_last_name&quot;:&quot;Rolfson&quot;,&quot;user_contact_number&quot;:3607896646,&quot;user_email_id&quot;:&quot;Liliana27@yahoo.com&quot;,&quot;creation_time&quot;:&quot;2024-10-14T10:12:44.993+00:00&quot;,&quot;last_mod_time&quot;:&quot;2024-10-14T10:12:44.993+00:00&quot;},{&quot;userAddress&quot;:{&quot;addressId&quot;:2014,&quot;plotNumber&quot;:&quot;W-425&quot;,&quot;street&quot;:&quot;CT&quot;,&quot;state&quot;:&quot;WA&quot;,&quot;country&quot;:&quot;USA&quot;,&quot;zipCode&quot;:98052},&quot;user_id&quot;:2047,&quot;user_first_name&quot;:&quot;Kiran V&quot;,&quot;user_last_name&quot;:&quot;Singh&quot;,&quot;user_contact_number&quot;:4252222221,&quot;user_email_id&quot;:&quot;kblhr@hotmail.com&quot;,&quot;creation_time&quot;:&quot;2024-09-21T17:50:32.653+00:00&quot;,&quot;last_mod_time&quot;:&quot;2024-09-21T17:50:32.653+00:00&quot;},{&quot;userAddress&quot;:{&quot;addressId&quot;:1204,&quot;plotNumber&quot;:&quot;4330-aa&quot;,&quot;street&quot;:&quot;woodward way&quot;,&quot;state&quot;:&quot;GA&quot;,&quot;country&quot;:&quot;USA&quot;,&quot;zipCode&quot;:30041},&quot;user_id&quot;:1237,&quot;user_first_name&quot;:&quot;Divya&quot;,&quot;user_last_name&quot;:&quot;Narasimhan&quot;,&quot;user_contact_number&quot;:8176029297,&quot;user_email_id&quot;:&quot;divpradhome5@gmail.com&quot;,&quot;creation_time&quot;:&quot;2024-09-20T14:04:59.471+00:00&quot;,&quot;last_mod_time&quot;:&quot;2024-09-21T02:08:07.386+00:00&quot;},{&quot;userAddress&quot;:{&quot;addressId&quot;:1790,&quot;plotNumber&quot;:&quot;4330-aa&quot;,&quot;street&quot;:&quot;woodward way&quot;,&quot;state&quot;:&quot;GA&quot;,&quot;country&quot;:&quot;USA&quot;,&quot;zipCode&quot;:31},&quot;user_id&quot;:1823,&quot;user_first_name&quot;:&quot;Divya&quot;,&quot;user_last_name&quot;:&quot;Narasimhan&quot;,&quot;user_contact_number&quot;:6932292716,&quot;user_email_id&quot;:&quot;2222@gmail.com&quot;,&quot;creation_time&quot;:&quot;2024-09-21T02:29:45.619+00:00&quot;,&quot;last_mod_time&quot;:&quot;2024-09-21T02:29:45.619+00:00&quot;},{&quot;userAddress&quot;:{&quot;addressId&quot;:2017,&quot;plotNumber&quot;:&quot;pl-03&quot;,&quot;street&quot;:&quot;palmilla&quot;,&quot;state&quot;:&quot;Florida&quot;,&quot;country&quot;:&quot;USA&quot;,&quot;zipCode&quot;:77057},&quot;user_id&quot;:2050,&quot;user_first_name&quot;:&quot;Tanvi&quot;,&quot;user_last_name&quot;:&quot;Carrot&quot;,&quot;user_contact_number&quot;:3344556677,&quot;user_email_id&quot;:&quot;onion10@gmail.com&quot;,&quot;creation_time&quot;:&quot;2024-09-21T17:53:12.560+00:00&quot;,&quot;last_mod_time&quot;:&quot;2024-09-21T17:53:12.560+00:00&quot;},{&quot;userAddress&quot;:{&quot;addressId&quot;:2019,&quot;plotNumber&quot;:&quot;W-425&quot;,&quot;street&quot;:&quot;CT&quot;,&quot;state&quot;:&quot;WA&quot;,&quot;country&quot;:&quot;USA&quot;,&quot;zipCode&quot;:null},&quot;user_id&quot;:2052,&quot;user_first_name&quot;:&quot;Kiran V&quot;,&quot;user_last_name&quot;:&quot;Sin&quot;,&quot;user_contact_number&quot;:4252222220,&quot;user_email_id&quot;:&quot;kblhri@hotmail.com&quot;,&quot;creation_time&quot;:&quot;2024-09-21T17:54:59.210+00:00&quot;,&quot;last_mod_time&quot;:&quot;2024-09-21T17:54:59.210+00:00&quot;},{&quot;userAddress&quot;:{&quot;addressId&quot;:4515,&quot;plotNumber&quot;:&quot;p1-098&quot;,&quot;street&quot;:&quot;cxvbmnb &quot;,&quot;state&quot;:&quot;uibhjkl&quot;,&quot;country&quot;:&quot;USA&quot;,&quot;zipCode&quot;:90865},&quot;user_id&quot;:4548,&quot;user_first_name&quot;:&quot;beoppoklpjk&quot;,&quot;user_last_name&quot;:&quot;vhhighojo&quot;,&quot;user_contact_number&quot;:1586324614,&quot;user_email_id&quot;:&quot;nijua.loj-1727305277361@ecxfs.com&quot;,&quot;creation_time&quot;:&quot;2024-09-25T23:01:17.986+00:00&quot;,&quot;last_mod_time&quot;:&quot;2024-09-25T23:01:17.986+00:00&quot;},{&quot;userAddress&quot;:{&quot;addressId&quot;:1796,&quot;plotNumber&quot;:&quot;M-45&quot;,&quot;street&quot;:&quot;Adisoon&quot;,&quot;state&quot;:&quot;Florida&quot;,&quot;country&quot;:&quot;USA&quot;,&quot;zipCode&quot;:345773},&quot;user_id&quot;:1829,&quot;user_first_name&quot;:&quot;Johnyy&quot;,&quot;user_last_name&quot;:&quot;Royy&quot;,&quot;user_contact_number&quot;:4586456789,&quot;user_email_id&quot;:&quot;johny785@gmail.com&quot;,&quot;creation_time&quot;:&quot;2024-09-21T02:44:38.272+00:00&quot;,&quot;last_mod_time&quot;:&quot;2024-09-21T02:44:38.272+00:00&quot;},{&quot;userAddress&quot;:{&quot;addressId&quot;:2975,&quot;plotNumber&quot;:&quot;307-A&quot;,&quot;street&quot;:&quot;laplace&quot;,&quot;state&quot;:&quot;PA&quot;,&quot;country&quot;:&quot;USA&quot;,&quot;zipCode&quot;:90876},&quot;user_id&quot;:3008,&quot;user_first_name&quot;:&quot;TestUserb&quot;,&quot;user_last_name&quot;:&quot;TestUserp&quot;,&quot;user_contact_number&quot;:2222487990,&quot;user_email_id&quot;:&quot;demo00@gmail.com&quot;,&quot;creation_time&quot;:&quot;2024-09-23T01:14:32.220+00:00&quot;,&quot;last_mod_time&quot;:&quot;2024-09-23T01:14:32.220+00:00&quot;},{&quot;userAddress&quot;:{&quot;addressId&quot;:1799,&quot;plotNumber&quot;:&quot;M-45&quot;,&quot;street&quot;:&quot;Adisson&quot;,&quot;state&quot;:&quot;Florida&quot;,&quot;country&quot;:&quot;USA&quot;,&quot;zipCode&quot;:345473},&quot;user_id&quot;:1832,&quot;user_first_name&quot;:&quot;Johhny&quot;,&quot;user_last_name&quot;:&quot;Roy&quot;,&quot;user_contact_number&quot;:4586956789,&quot;user_email_id&quot;:&quot;johhn7885@gmail.com&quot;,&quot;creation_time&quot;:&quot;2024-09-21T02:47:37.225+00:00&quot;,&quot;last_mod_time&quot;:&quot;2024-09-21T02:47:37.225+00:00&quot;},{&quot;userAddress&quot;:{&quot;addressId&quot;:2608,&quot;plotNumber&quot;:&quot;pl-00&quot;,&quot;street&quot;:&quot;Broadway&quot;,&quot;state&quot;:&quot;New Jersey&quot;,&quot;country&quot;:&quot;USA&quot;,&quot;zipCode&quot;:837323},&quot;user_id&quot;:2641,&quot;user_first_name&quot;:&quot;dheenatha&quot;,&quot;user_last_name&quot;:&quot;selva&quot;,&quot;user_contact_number&quot;:7239998788,&quot;user_email_id&quot;:&quot;dheen@gmail.com&quot;,&quot;creation_time&quot;:&quot;2024-09-22T17:50:03.073+00:00&quot;,&quot;last_mod_time&quot;:&quot;2024-09-22T18:02:16.381+00:00&quot;},{&quot;userAddress&quot;:{&quot;addressId&quot;:2606,&quot;plotNumber&quot;:&quot;pl-28&quot;,&quot;street&quot;:&quot;Broadway&quot;,&quot;state&quot;:&quot;Maryland&quot;,&quot;country&quot;:&quot;MD&quot;,&quot;zipCode&quot;:543215},&quot;user_id&quot;:2639,&quot;user_first_name&quot;:&quot;ziya&quot;,&quot;user_last_name&quot;:&quot;bhaskar&quot;,&quot;user_contact_number&quot;:9163826333,&quot;user_email_id&quot;:&quot;ziya@gmail.com&quot;,&quot;creation_time&quot;:&quot;2024-09-22T17:49:16.277+00:00&quot;,&quot;last_mod_time&quot;:&quot;2024-09-22T18:19:47.288+00:00&quot;},{&quot;userAddress&quot;:{&quot;addressId&quot;:3280,&quot;plotNumber&quot;:null,&quot;street&quot;:&quot;test&quot;,&quot;state&quot;:&quot;virginia&quot;,&quot;country&quot;:&quot;INDIA&quot;,&quot;zipCode&quot;:20144444},&quot;user_id&quot;:3313,&quot;user_first_name&quot;:&quot;Seema&quot;,&quot;user_last_name&quot;:&quot;Hassan&quot;,&quot;user_contact_number&quot;:5869339080,&quot;user_email_id&quot;:&quot;humarani5@cloud.com&quot;,&quot;creation_time&quot;:&quot;2024-09-23T04:19:50.240+00:00&quot;,&quot;last_mod_time&quot;:&quot;2024-09-23T04:19:50.240+00:00&quot;},{&quot;userAddress&quot;:{&quot;addressId&quot;:2979,&quot;plotNumber&quot;:&quot;123-ab&quot;,&quot;street&quot;:&quot;abcd&quot;,&quot;state&quot;:&quot;nj&quot;,&quot;country&quot;:&quot;usa&quot;,&quot;zipCode&quot;:9890},&quot;user_id&quot;:3012,&quot;user_first_name&quot;:&quot;Acinraa&quot;,&quot;user_last_name&quot;:&quot;Arumuga&quot;,&quot;user_contact_number&quot;:9876543212,&quot;user_email_id&quot;:&quot;aar@gmail.com&quot;,&quot;creation_time&quot;:&quot;2024-09-23T01:15:53.690+00:00&quot;,&quot;last_mod_time&quot;:&quot;2024-09-23T01:36:49.435+00:00&quot;},{&quot;userAddress&quot;:{&quot;addressId&quot;:3281,&quot;plotNumber&quot;:null,&quot;street&quot;:&quot;test&quot;,&quot;state&quot;:&quot;virginia&quot;,&quot;country&quot;:&quot;USA&quot;,&quot;zipCode&quot;:20144444},&quot;user_id&quot;:3314,&quot;user_first_name&quot;:&quot;Seema&quot;,&quot;user_last_name&quot;:&quot;Hassan&quot;,&quot;user_contact_number&quot;:5879339080,&quot;user_email_id&quot;:&quot;humarani6@cloud.com&quot;,&quot;creation_time&quot;:&quot;2024-09-23T04:20:33.224+00:00&quot;,&quot;last_mod_time&quot;:&quot;2024-09-23T04:20:33.224+00:00&quot;},{&quot;userAddress&quot;:{&quot;addressId&quot;:2639,&quot;plotNumber&quot;:&quot;pl-72&quot;,&quot;street&quot;:&quot;Broadway&quot;,&quot;state&quot;:&quot;New Jersey&quot;,&quot;country&quot;:&quot;USA&quot;,&quot;zipCode&quot;:72363},&quot;user_id&quot;:2672,&quot;user_first_name&quot;:&quot;randomFirstName&quot;,&quot;user_last_name&quot;:&quot;randomLastName&quot;,&quot;user_contact_number&quot;:9073331673,&quot;user_email_id&quot;:&quot;user698@example.com&quot;,&quot;creation_time&quot;:&quot;2024-09-22T18:48:58.312+00:00&quot;,&quot;last_mod_time&quot;:&quot;2024-09-22T18:48:58.312+00:00&quot;},{&quot;userAddress&quot;:{&quot;addressId&quot;:3282,&quot;plotNumber&quot;:null,&quot;street&quot;:&quot;test&quot;,&quot;state&quot;:&quot;virginia&quot;,&quot;country&quot;:&quot;USA&quot;,&quot;zipCode&quot;:20144444312321312},&quot;user_id&quot;:3315,&quot;user_first_name&quot;:&quot;Seema&quot;,&quot;user_last_name&quot;:&quot;Hassan&quot;,&quot;user_contact_number&quot;:5872339080,&quot;user_email_id&quot;:&quot;humarani7@cloud.com&quot;,&quot;creation_time&quot;:&quot;2024-09-23T04:20:57.131+00:00&quot;,&quot;last_mod_time&quot;:&quot;2024-09-23T04:20:57.131+00:00&quot;},{&quot;userAddress&quot;:{&quot;addressId&quot;:1815,&quot;plotNumber&quot;:&quot;pl-55&quot;,&quot;street&quot;:&quot;Avenue&quot;,&quot;state&quot;:&quot;MI&quot;,&quot;country&quot;:&quot;USA&quot;,&quot;zipCode&quot;:654321},&quot;user_id&quot;:1848,&quot;user_first_name&quot;:&quot;statsti&quot;,&quot;user_last_name&quot;:&quot;maryland&quot;,&quot;user_contact_number&quot;:2320013000,&quot;user_email_id&quot;:&quot;maryland12@gmail.com&quot;,&quot;creation_time&quot;:&quot;2024-09-21T03:08:01.746+00:00&quot;,&quot;last_mod_time&quot;:&quot;2024-09-21T03:08:01.746+00:00&quot;},{&quot;userAddress&quot;:{&quot;addressId&quot;:1819,&quot;plotNumber&quot;:&quot;pl-55&quot;,&quot;street&quot;:&quot;Avenue&quot;,&quot;state&quot;:&quot;MI&quot;,&quot;country&quot;:&quot;USA&quot;,&quot;zipCode&quot;:654321},&quot;user_id&quot;:1852,&quot;user_first_name&quot;:&quot;statstic&quot;,&quot;user_last_name&quot;:&quot;maryland&quot;,&quot;user_contact_number&quot;:2310013000,&quot;user_email_id&quot;:&quot;maryland123@gmail.com&quot;,&quot;creation_time&quot;:&quot;2024-09-21T03:12:30.887+00:00&quot;,&quot;last_mod_time&quot;:&quot;2024-09-21T03:12:30.887+00:00&quot;},{&quot;userAddress&quot;:{&quot;addressId&quot;:2230,&quot;plotNumber&quot;:&quot;pl-51&quot;,&quot;street&quot;:&quot;vail rd&quot;,&quot;state&quot;:&quot;nj&quot;,&quot;country&quot;:&quot;usa&quot;,&quot;zipCode&quot;:54321},&quot;user_id&quot;:2263,&quot;user_first_name&quot;:&quot;smithatest&quot;,&quot;user_last_name&quot;:&quot;dman&quot;,&quot;user_contact_number&quot;:2353231145,&quot;user_email_id&quot;:&quot;ss22team5@gmail.com&quot;,&quot;creation_time&quot;:&quot;2024-09-21T23:27:58.028+00:00&quot;,&quot;last_mod_time&quot;:&quot;2024-09-21T23:27:58.028+00:00&quot;},{&quot;userAddress&quot;:{&quot;addressId&quot;:1825,&quot;plotNumber&quot;:&quot;a-524&quot;,&quot;street&quot;:&quot;street&quot;,&quot;state&quot;:&quot;TX&quot;,&quot;country&quot;:&quot;US&quot;,&quot;zipCode&quot;:10700},&quot;user_id&quot;:1858,&quot;user_first_name&quot;:&quot;Taaju&quot;,&quot;user_last_name&quot;:&quot;Bajaj&quot;,&quot;user_contact_number&quot;:4692339955,&quot;user_email_id&quot;:&quot;taajub@gmail.com&quot;,&quot;creation_time&quot;:&quot;2024-09-21T03:25:10.567+00:00&quot;,&quot;last_mod_time&quot;:&quot;2024-09-21T03:25:10.567+00:00&quot;},{&quot;userAddress&quot;:{&quot;addressId&quot;:1826,&quot;plotNumber&quot;:&quot;pl-23&quot;,&quot;street&quot;:&quot;my Street&quot;,&quot;state&quot;:&quot;Texas&quot;,&quot;country&quot;:&quot;USA&quot;,&quot;zipCode&quot;:75068},&quot;user_id&quot;:1859,&quot;user_first_name&quot;:&quot;teamtwoviji&quot;,&quot;user_last_name&quot;:&quot;zcghdfgfhg&quot;,&quot;user_contact_number&quot;:6778645678,&quot;user_email_id&quot;:&quot;tyjjayje@gmail.com&quot;,&quot;creation_time&quot;:&quot;2024-09-21T03:26:53.684+00:00&quot;,&quot;last_mod_time&quot;:&quot;2024-09-21T03:26:53.684+00:00&quot;},{&quot;userAddress&quot;:{&quot;addressId&quot;:2240,&quot;plotNumber&quot;:&quot;M-45&quot;,&quot;street&quot;:&quot;Adisson&quot;,&quot;state&quot;:&quot;Florida&quot;,&quot;country&quot;:&quot;USA&quot;,&quot;zipCode&quot;:345473},&quot;user_id&quot;:2273,&quot;user_first_name&quot;:&quot;Tejas&quot;,&quot;user_last_name&quot;:&quot;Rathod&quot;,&quot;user_contact_number&quot;:4586955890,&quot;user_email_id&quot;:&quot;tejas7885@gmail.com&quot;,&quot;creation_time&quot;:&quot;2024-09-21T23:59:46.269+00:00&quot;,&quot;last_mod_time&quot;:&quot;2024-09-21T23:59:46.269+00:00&quot;},{&quot;userAddress&quot;:{&quot;addressId&quot;:2023,&quot;plotNumber&quot;:&quot;ab-03&quot;,&quot;street&quot;:&quot;Denvor&quot;,&quot;state&quot;:&quot;Florida&quot;,&quot;country&quot;:&quot;USA&quot;,&quot;zipCode&quot;:77057},&quot;user_id&quot;:2056,&quot;user_first_name&quot;:&quot;Tanvi&quot;,&quot;user_last_name&quot;:&quot;Beetroot&quot;,&quot;user_contact_number&quot;:7711662244,&quot;user_email_id&quot;:&quot;onion45@gmail.com&quot;,&quot;creation_time&quot;:&quot;2024-09-21T17:59:35.126+00:00&quot;,&quot;last_mod_time&quot;:&quot;2024-09-21T17:59:35.126+00:00&quot;},{&quot;userAddress&quot;:{&quot;addressId&quot;:4237,&quot;plotNumber&quot;:&quot;A-89&quot;,&quot;street&quot;:&quot;Valley Ranch&quot;,&quot;state&quot;:&quot;TX&quot;,&quot;country&quot;:&quot;USA&quot;,&quot;zipCode&quot;:75068},&quot;user_id&quot;:4270,&quot;user_first_name&quot;:&quot;TestMradulaB&quot;,&quot;user_last_name&quot;:&quot;TestB&quot;,&quot;user_contact_number&quot;:6789543456,&quot;user_email_id&quot;:&quot;TestMB@gmail.com&quot;,&quot;creation_time&quot;:&quot;2024-09-23T19:12:23.983+00:00&quot;,&quot;last_mod_time&quot;:&quot;2024-09-23T19:12:23.983+00:00&quot;},{&quot;userAddress&quot;:{&quot;addressId&quot;:2025,&quot;plotNumber&quot;:&quot;W-425&quot;,&quot;street&quot;:&quot;CT&quot;,&quot;state&quot;:&quot;WA&quot;,&quot;country&quot;:&quot;USA&quot;,&quot;zipCode&quot;:null},&quot;user_id&quot;:2058,&quot;user_first_name&quot;:&quot;Kiran V&quot;,&quot;user_last_name&quot;:&quot;Sin&quot;,&quot;user_contact_number&quot;:4252222277,&quot;user_email_id&quot;:&quot;kbslhrs77@hotmail.com&quot;,&quot;creation_time&quot;:&quot;2024-09-21T18:06:13.295+00:00&quot;,&quot;last_mod_time&quot;:&quot;2024-09-21T18:06:13.295+00:00&quot;},{&quot;userAddress&quot;:{&quot;addressId&quot;:2133,&quot;plotNumber&quot;:&quot;KB-425&quot;,&quot;street&quot;:&quot;CT&quot;,&quot;state&quot;:&quot;WA&quot;,&quot;country&quot;:&quot;USA&quot;,&quot;zipCode&quot;:98},&quot;user_id&quot;:2166,&quot;user_first_name&quot;:&quot;kimliran&quot;,&quot;user_last_name&quot;:&quot;kimlingh&quot;,&quot;user_contact_number&quot;:8652122228,&quot;user_email_id&quot;:&quot;kibahra@gmail.com&quot;,&quot;creation_time&quot;:&quot;2024-09-21T21:38:00.182+00:00&quot;,&quot;last_mod_time&quot;:&quot;2024-09-21T21:38:00.182+00:00&quot;},{&quot;userAddress&quot;:{&quot;addressId&quot;:2134,&quot;plotNumber&quot;:&quot;KB-425&quot;,&quot;street&quot;:&quot;CT&quot;,&quot;state&quot;:&quot;WA&quot;,&quot;country&quot;:&quot;USA&quot;,&quot;zipCode&quot;:null},&quot;user_id&quot;:2167,&quot;user_first_name&quot;:&quot;Kra&quot;,&quot;user_last_name&quot;:&quot;Sin&quot;,&quot;user_contact_number&quot;:4252232922,&quot;user_email_id&quot;:&quot;kbalaa@gmail.com&quot;,&quot;creation_time&quot;:&quot;2024-09-21T21:44:32.935+00:00&quot;,&quot;last_mod_time&quot;:&quot;2024-09-21T21:44:32.935+00:00&quot;},{&quot;userAddress&quot;:{&quot;addressId&quot;:2135,&quot;plotNumber&quot;:&quot;KB-425&quot;,&quot;street&quot;:&quot;CT&quot;,&quot;state&quot;:&quot;WA&quot;,&quot;country&quot;:&quot;USA&quot;,&quot;zipCode&quot;:null},&quot;user_id&quot;:2168,&quot;user_first_name&quot;:&quot;Krla&quot;,&quot;user_last_name&quot;:&quot;Sinm&quot;,&quot;user_contact_number&quot;:4252232999,&quot;user_email_id&quot;:&quot;kblaa@gmail.com&quot;,&quot;creation_time&quot;:&quot;2024-09-21T21:45:37.499+00:00&quot;,&quot;last_mod_time&quot;:&quot;2024-09-21T21:45:37.499+00:00&quot;},{&quot;userAddress&quot;:{&quot;addressId&quot;:4238,&quot;plotNumber&quot;:&quot;25-8&quot;,&quot;street&quot;:&quot;abc klane&quot;,&quot;state&quot;:&quot;Utah&quot;,&quot;country&quot;:&quot;USA&quot;,&quot;zipCode&quot;:96584},&quot;user_id&quot;:4271,&quot;user_first_name&quot;:&quot;Pree&quot;,&quot;user_last_name&quot;:&quot;Renu&quot;,&quot;user_contact_number&quot;:3012635478,&quot;user_email_id&quot;:&quot;abc1dsd@gmail.com&quot;,&quot;creation_time&quot;:&quot;2024-09-23T19:15:57.414+00:00&quot;,&quot;last_mod_time&quot;:&quot;2024-09-23T19:15:57.414+00:00&quot;},{&quot;userAddress&quot;:{&quot;addressId&quot;:4239,&quot;plotNumber&quot;:&quot;AB-61&quot;,&quot;street&quot;:&quot;Atlantis&quot;,&quot;state&quot;:&quot;VA&quot;,&quot;country&quot;:&quot;USA&quot;,&quot;zipCode&quot;:1317845},&quot;user_id&quot;:4272,&quot;user_first_name&quot;:&quot;AMRITA&quot;,&quot;user_last_name&quot;:&quot;ANAND&quot;,&quot;user_contact_number&quot;:4545629245,&quot;user_email_id&quot;:&quot;degh@gmail.com&quot;,&quot;creation_time&quot;:&quot;2024-09-23T19:17:15.042+00:00&quot;,&quot;last_mod_time&quot;:&quot;2024-09-23T19:17:15.042+00:00&quot;},{&quot;userAddress&quot;:{&quot;addressId&quot;:4747,&quot;plotNumber&quot;:&quot;p1-098&quot;,&quot;street&quot;:&quot;cxvbmnb &quot;,&quot;state&quot;:&quot;uibhjkl&quot;,&quot;country&quot;:&quot;USA&quot;,&quot;zipCode&quot;:90865},&quot;user_id&quot;:4780,&quot;user_first_name&quot;:&quot;bpghkhjd&quot;,&quot;user_last_name&quot;:&quot;vhdbhjfg&quot;,&quot;user_contact_number&quot;:1235481968,&quot;user_email_id&quot;:&quot;nijua.loj-1727321814121@ecxfs.com&quot;,&quot;creation_time&quot;:&quot;2024-09-26T03:36:54.777+00:00&quot;,&quot;last_mod_time&quot;:&quot;2024-09-26T03:36:54.777+00:00&quot;},{&quot;userAddress&quot;:{&quot;addressId&quot;:2977,&quot;plotNumber&quot;:&quot;307-A&quot;,&quot;street&quot;:&quot;laplace&quot;,&quot;state&quot;:&quot;PA&quot;,&quot;country&quot;:&quot;USA&quot;,&quot;zipCode&quot;:90876},&quot;user_id&quot;:3010,&quot;user_first_name&quot;:&quot;TestUserrw&quot;,&quot;user_last_name&quot;:&quot;TewstUser&quot;,&quot;user_contact_number&quot;:2323232399,&quot;user_email_id&quot;:&quot;2399@gmail.com&quot;,&quot;creation_time&quot;:&quot;2024-09-23T01:15:42.549+00:00&quot;,&quot;last_mod_time&quot;:&quot;2024-09-23T01:15:42.549+00:00&quot;},{&quot;userAddress&quot;:{&quot;addressId&quot;:8796,&quot;plotNumber&quot;:&quot;P1-11&quot;,&quot;street&quot;:&quot;Main&quot;,&quot;state&quot;:&quot;LA&quot;,&quot;country&quot;:&quot;USA&quot;,&quot;zipCode&quot;:20875},&quot;user_id&quot;:8828,&quot;user_first_name&quot;:&quot;KyyRam&quot;,&quot;user_last_name&quot;:&quot;KyAppa&quot;,&quot;user_contact_number&quot;:7788132104,&quot;user_email_id&quot;:&quot;Team03KyyRaRamappa@gmail.com&quot;,&quot;creation_time&quot;:&quot;2024-10-13T17:21:57.021+00:00&quot;,&quot;last_mod_time&quot;:&quot;2024-10-13T17:21:57.021+00:00&quot;},{&quot;userAddress&quot;:{&quot;addressId&quot;:9956,&quot;plotNumber&quot;:&quot;P1-11&quot;,&quot;street&quot;:&quot;Main&quot;,&quot;state&quot;:&quot;LA&quot;,&quot;country&quot;:&quot;USA&quot;,&quot;zipCode&quot;:20875},&quot;user_id&quot;:9988,&quot;user_first_name&quot;:&quot;lavanya&quot;,&quot;user_last_name&quot;:&quot;John&quot;,&quot;user_contact_number&quot;:4449334456,&quot;user_email_id&quot;:&quot;Team03LJohn@gmail.com&quot;,&quot;creation_time&quot;:&quot;2024-10-15T15:58:54.894+00:00&quot;,&quot;last_mod_time&quot;:&quot;2024-10-15T15:58:54.894+00:00&quot;},{&quot;userAddress&quot;:{&quot;addressId&quot;:8975,&quot;plotNumber&quot;:&quot;335-p&quot;,&quot;street&quot;:&quot;sterling&quot;,&quot;state&quot;:&quot;Minnesota&quot;,&quot;country&quot;:&quot;Chase&quot;,&quot;zipCode&quot;:55032},&quot;user_id&quot;:9007,&quot;user_first_name&quot;:&quot;Stella&quot;,&quot;user_last_name&quot;:&quot;Iron&quot;,&quot;user_contact_number&quot;:6783896556,&quot;user_email_id&quot;:&quot;stp@yahoo.com&quot;,&quot;creation_time&quot;:&quot;2024-10-13T23:00:54.783+00:00&quot;,&quot;last_mod_time&quot;:&quot;2024-10-13T23:00:54.783+00:00&quot;},{&quot;userAddress&quot;:{&quot;addressId&quot;:9313,&quot;plotNumber&quot;:&quot;N-43&quot;,&quot;street&quot;:&quot;Nagab&quot;,&quot;state&quot;:&quot;Kakinb&quot;,&quot;country&quot;:&quot;Indian&quot;,&quot;zipCode&quot;:7653},&quot;user_id&quot;:9345,&quot;user_first_name&quot;:&quot;Ramu&quot;,&quot;user_last_name&quot;:&quot;Kotan&quot;,&quot;user_contact_number&quot;:1235688764,&quot;user_email_id&quot;:&quot;msiranb@gmail.com&quot;,&quot;creation_time&quot;:&quot;2024-10-14T06:43:09.078+00:00&quot;,&quot;last_mod_time&quot;:&quot;2024-10-14T06:43:09.078+00:00&quot;},{&quot;userAddress&quot;:{&quot;addressId&quot;:5797,&quot;plotNumber&quot;:&quot;p1-098&quot;,&quot;street&quot;:&quot;cxvbmnb &quot;,&quot;state&quot;:&quot;uibhjkl&quot;,&quot;country&quot;:&quot;USA&quot;,&quot;zipCode&quot;:90865},&quot;user_id&quot;:5830,&quot;user_first_name&quot;:&quot;bpghkhjd&quot;,&quot;user_last_name&quot;:&quot;vhdbhjfg&quot;,&quot;user_contact_number&quot;:1623280051,&quot;user_email_id&quot;:&quot;nijua.loj-1727455404003@ecxfs.com&quot;,&quot;creation_time&quot;:&quot;2024-09-27T16:43:37.878+00:00&quot;,&quot;last_mod_time&quot;:&quot;2024-09-27T16:43:37.878+00:00&quot;},{&quot;userAddress&quot;:{&quot;addressId&quot;:2038,&quot;plotNumber&quot;:&quot;pr-878&quot;,&quot;street&quot;:&quot;string&quot;,&quot;state&quot;:&quot;string&quot;,&quot;country&quot;:&quot;string&quot;,&quot;zipCode&quot;:89098},&quot;user_id&quot;:2071,&quot;user_first_name&quot;:&quot;abcd&quot;,&quot;user_last_name&quot;:&quot;jjjj&quot;,&quot;user_contact_number&quot;:8987098768,&quot;user_email_id&quot;:&quot;sd28@gmail.com&quot;,&quot;creation_time&quot;:&quot;2024-09-21T18:22:10.264+00:00&quot;,&quot;last_mod_time&quot;:&quot;2024-09-21T18:22:10.264+00:00&quot;},{&quot;userAddress&quot;:{&quot;addressId&quot;:4427,&quot;plotNumber&quot;:&quot;p1-098&quot;,&quot;street&quot;:&quot;cxvbmnb &quot;,&quot;state&quot;:&quot;uibhjkl&quot;,&quot;country&quot;:&quot;USA&quot;,&quot;zipCode&quot;:90865},&quot;user_id&quot;:4460,&quot;user_first_name&quot;:&quot;bnhkklldft&quot;,&quot;user_last_name&quot;:&quot;vhjdrjvbaaspe&quot;,&quot;user_contact_number&quot;:1725738035,&quot;user_email_id&quot;:&quot;cvfa.nme-1727284586931@example.com&quot;,&quot;creation_time&quot;:&quot;2024-09-25T17:16:34.921+00:00&quot;,&quot;last_mod_time&quot;:&quot;2024-09-25T17:16:34.921+00:00&quot;},{&quot;userAddress&quot;:{&quot;addressId&quot;:4453,&quot;plotNumber&quot;:&quot;p1-098&quot;,&quot;street&quot;:&quot;cxvbmnb &quot;,&quot;state&quot;:&quot;uibhjkl&quot;,&quot;country&quot;:&quot;USA&quot;,&quot;zipCode&quot;:90865},&quot;user_id&quot;:4486,&quot;user_first_name&quot;:&quot;bkleklklo&quot;,&quot;user_last_name&quot;:&quot;vdbnhyhdrop&quot;,&quot;user_contact_number&quot;:1623219342,&quot;user_email_id&quot;:&quot;cvfa.nme-1727291968428@example.com&quot;,&quot;creation_time&quot;:&quot;2024-09-25T19:19:28.989+00:00&quot;,&quot;last_mod_time&quot;:&quot;2024-09-25T19:19:28.989+00:00&quot;},{&quot;userAddress&quot;:{&quot;addressId&quot;:5974,&quot;plotNumber&quot;:&quot;p1-87&quot;,&quot;street&quot;:&quot;njgbfd&quot;,&quot;state&quot;:&quot;nj&quot;,&quot;country&quot;:&quot;USA&quot;,&quot;zipCode&quot;:97076},&quot;user_id&quot;:6007,&quot;user_first_name&quot;:&quot;bngetnmghjk&quot;,&quot;user_last_name&quot;:&quot;vhjjvbnihj&quot;,&quot;user_contact_number&quot;:1141375641,&quot;user_email_id&quot;:&quot;sdsf.cvxi-1727477968934@edcs.com&quot;,&quot;creation_time&quot;:&quot;2024-09-27T22:59:39.561+00:00&quot;,&quot;last_mod_time&quot;:&quot;2024-09-27T22:59:39.561+00:00&quot;},{&quot;userAddress&quot;:{&quot;addressId&quot;:8184,&quot;plotNumber&quot;:null,&quot;street&quot;:null,&quot;state&quot;:null,&quot;country&quot;:null,&quot;zipCode&quot;:null},&quot;user_id&quot;:8216,&quot;user_first_name&quot;:&quot;ZRJaUsGHcF&quot;,&quot;user_last_name&quot;:&quot;bOhlEHipLM&quot;,&quot;user_contact_number&quot;:2988081460,&quot;user_email_id&quot;:&quot;team2682p8d4hi9ak@gmail.com&quot;,&quot;creation_time&quot;:&quot;2024-10-12T17:50:30.904+00:00&quot;,&quot;last_mod_time&quot;:&quot;2024-10-12T17:50:30.904+00:00&quot;},{&quot;userAddress&quot;:{&quot;addressId&quot;:4567,&quot;plotNumber&quot;:&quot;p1-123&quot;,&quot;street&quot;:null,&quot;state&quot;:&quot;CA&quot;,&quot;country&quot;:null,&quot;zipCode&quot;:12345},&quot;user_id&quot;:4600,&quot;user_first_name&quot;:&quot;Joni&quot;,&quot;user_last_name&quot;:&quot;Dily&quot;,&quot;user_contact_number&quot;:1231238890,&quot;user_email_id&quot;:&quot;jopp012@example.com&quot;,&quot;creation_time&quot;:&quot;2024-09-25T23:52:23.327+00:00&quot;,&quot;last_mod_time&quot;:&quot;2024-09-25T23:52:23.327+00:00&quot;},{&quot;userAddress&quot;:{&quot;addressId&quot;:2523,&quot;plotNumber&quot;:&quot;k-744&quot;,&quot;street&quot;:null,&quot;state&quot;:&quot;halifax&quot;,&quot;country&quot;:null,&quot;zipCode&quot;:3456},&quot;user_id&quot;:2556,&quot;user_first_name&quot;:&quot;dd&quot;,&quot;user_last_name&quot;:&quot;trisha&quot;,&quot;user_contact_number&quot;:7221374777,&quot;user_email_id&quot;:&quot;uyi1f22t@gmail.com&quot;,&quot;creation_time&quot;:&quot;2024-09-22T15:29:54.326+00:00&quot;,&quot;last_mod_time&quot;:&quot;2024-09-22T15:29:54.326+00:00&quot;},{&quot;userAddress&quot;:{&quot;addressId&quot;:4568,&quot;plotNumber&quot;:&quot;pl-72&quot;,&quot;street&quot;:&quot;Avenue&quot;,&quot;state&quot;:&quot;New Jersey&quot;,&quot;country&quot;:&quot;USA&quot;,&quot;zipCode&quot;:72322},&quot;user_id&quot;:4601,&quot;user_first_name&quot;:&quot;train&quot;,&quot;user_last_name&quot;:&quot;vehids&quot;,&quot;user_contact_number&quot;:7765799990,&quot;user_email_id&quot;:&quot;vehicl15@gmail.com&quot;,&quot;creation_time&quot;:&quot;2024-09-25T23:53:18.573+00:00&quot;,&quot;last_mod_time&quot;:&quot;2024-09-25T23:53:18.573+00:00&quot;},{&quot;userAddress&quot;:{&quot;addressId&quot;:2045,&quot;plotNumber&quot;:&quot;pr-108&quot;,&quot;street&quot;:&quot;string&quot;,&quot;state&quot;:&quot;string&quot;,&quot;country&quot;:&quot;string&quot;,&quot;zipCode&quot;:89098},&quot;user_id&quot;:2078,&quot;user_first_name&quot;:&quot;Shreya&quot;,&quot;user_last_name&quot;:&quot;Das&quot;,&quot;user_contact_number&quot;:8987878980,&quot;user_email_id&quot;:&quot;shd10@gmail.com&quot;,&quot;creation_time&quot;:&quot;2024-09-21T18:50:38.500+00:00&quot;,&quot;last_mod_time&quot;:&quot;2024-09-21T18:50:38.500+00:00&quot;},{&quot;userAddress&quot;:{&quot;addressId&quot;:4606,&quot;plotNumber&quot;:&quot;p1-098&quot;,&quot;street&quot;:&quot;cxvbmnb &quot;,&quot;state&quot;:&quot;uibhjkl&quot;,&quot;country&quot;:&quot;USA&quot;,&quot;zipCode&quot;:90865},&quot;user_id&quot;:4639,&quot;user_first_name&quot;:&quot;bpghkhjd&quot;,&quot;user_last_name&quot;:&quot;updatedLastName&quot;,&quot;user_contact_number&quot;:1781118725,&quot;user_email_id&quot;:&quot;nijua.loj-1727311805852@ecxfs.com&quot;,&quot;creation_time&quot;:&quot;2024-09-26T00:50:06.427+00:00&quot;,&quot;last_mod_time&quot;:&quot;2024-09-26T00:50:09.387+00:00&quot;},{&quot;userAddress&quot;:{&quot;addressId&quot;:4569,&quot;plotNumber&quot;:&quot;p1-123&quot;,&quot;street&quot;:null,&quot;state&quot;:&quot;CA&quot;,&quot;country&quot;:null,&quot;zipCode&quot;:12345},&quot;user_id&quot;:4602,&quot;user_first_name&quot;:&quot;Jui&quot;,&quot;user_last_name&quot;:&quot;lily&quot;,&quot;user_contact_number&quot;:1288238890,&quot;user_email_id&quot;:&quot;joqq012@example.com&quot;,&quot;creation_time&quot;:&quot;2024-09-25T23:56:03.878+00:00&quot;,&quot;last_mod_time&quot;:&quot;2024-09-25T23:56:03.878+00:00&quot;},{&quot;userAddress&quot;:{&quot;addressId&quot;:4519,&quot;plotNumber&quot;:&quot;p1-098&quot;,&quot;street&quot;:&quot;cxvbmnb &quot;,&quot;state&quot;:&quot;uibhjkl&quot;,&quot;country&quot;:&quot;USA&quot;,&quot;zipCode&quot;:90865},&quot;user_id&quot;:4552,&quot;user_first_name&quot;:&quot;bepjk&quot;,&quot;user_last_name&quot;:&quot;vhhojo&quot;,&quot;user_contact_number&quot;:1751177578,&quot;user_email_id&quot;:&quot;nijua.loj-1727305528133@ecxfs.com&quot;,&quot;creation_time&quot;:&quot;2024-09-25T23:05:28.784+00:00&quot;,&quot;last_mod_time&quot;:&quot;2024-09-25T23:05:28.784+00:00&quot;},{&quot;userAddress&quot;:{&quot;addressId&quot;:2640,&quot;plotNumber&quot;:&quot;pl-72&quot;,&quot;street&quot;:&quot;Broadway&quot;,&quot;state&quot;:&quot;New Jersey&quot;,&quot;country&quot;:&quot;USA&quot;,&quot;zipCode&quot;:72363},&quot;user_id&quot;:2673,&quot;user_first_name&quot;:&quot;randomFirstName&quot;,&quot;user_last_name&quot;:&quot;randomLastName&quot;,&quot;user_contact_number&quot;:2756827788,&quot;user_email_id&quot;:&quot;user800@example.com&quot;,&quot;creation_time&quot;:&quot;2024-09-22T18:49:15.061+00:00&quot;,&quot;last_mod_time&quot;:&quot;2024-09-22T18:49:15.061+00:00&quot;},{&quot;userAddress&quot;:{&quot;addressId&quot;:4476,&quot;plotNumber&quot;:&quot;12-b&quot;,&quot;street&quot;:&quot;BURBANK&quot;,&quot;state&quot;:&quot;FL&quot;,&quot;country&quot;:&quot;USA&quot;,&quot;zipCode&quot;:19876},&quot;user_id&quot;:4509,&quot;user_first_name&quot;:&quot;larry&quot;,&quot;user_last_name&quot;:&quot;saryn&quot;,&quot;user_contact_number&quot;:6106201766,&quot;user_email_id&quot;:&quot;star987@gmail.com&quot;,&quot;creation_time&quot;:&quot;2024-09-25T21:00:01.390+00:00&quot;,&quot;last_mod_time&quot;:&quot;2024-09-25T21:20:56.214+00:00&quot;},{&quot;userAddress&quot;:{&quot;addressId&quot;:4601,&quot;plotNumber&quot;:&quot;p1-098&quot;,&quot;street&quot;:&quot;cxvbmnb &quot;,&quot;state&quot;:&quot;uibhjkl&quot;,&quot;country&quot;:&quot;USA&quot;,&quot;zipCode&quot;:90865},&quot;user_id&quot;:4634,&quot;user_first_name&quot;:&quot;bpgokphkhjd&quot;,&quot;user_last_name&quot;:&quot;updatedLastName&quot;,&quot;user_contact_number&quot;:1589137217,&quot;user_email_id&quot;:&quot;nijua.loj-1727311569123@ecxfs.com&quot;,&quot;creation_time&quot;:&quot;2024-09-26T00:46:09.709+00:00&quot;,&quot;last_mod_time&quot;:&quot;2024-09-26T00:46:12.797+00:00&quot;},{&quot;userAddress&quot;:{&quot;addressId&quot;:3582,&quot;plotNumber&quot;:&quot;307-A&quot;,&quot;street&quot;:&quot;laplace&quot;,&quot;state&quot;:&quot;PA&quot;,&quot;country&quot;:&quot;USA&quot;,&quot;zipCode&quot;:90876},&quot;user_id&quot;:3615,&quot;user_first_name&quot;:&quot;TesttUser&quot;,&quot;user_last_name&quot;:&quot;TestUserr&quot;,&quot;user_contact_number&quot;:2323232312,&quot;user_email_id&quot;:&quot;1234@gmail.com&quot;,&quot;creation_time&quot;:&quot;2024-09-23T14:11:12.631+00:00&quot;,&quot;last_mod_time&quot;:&quot;2024-09-23T14:11:12.631+00:00&quot;},{&quot;userAddress&quot;:{&quot;addressId&quot;:2146,&quot;plotNumber&quot;:&quot;pl-51&quot;,&quot;street&quot;:&quot;vail rd&quot;,&quot;state&quot;:&quot;nj&quot;,&quot;country&quot;:&quot;usa&quot;,&quot;zipCode&quot;:54321},&quot;user_id&quot;:2179,&quot;user_first_name&quot;:&quot;rago&quot;,&quot;user_last_name&quot;:&quot;laol&quot;,&quot;user_contact_number&quot;:3005550045,&quot;user_email_id&quot;:&quot;sdte77898@gmail.com&quot;,&quot;creation_time&quot;:&quot;2024-09-21T21:59:59.214+00:00&quot;,&quot;last_mod_time&quot;:&quot;2024-09-21T21:59:59.214+00:00&quot;},{&quot;userAddress&quot;:{&quot;addressId&quot;:1822,&quot;plotNumber&quot;:&quot;8890-T&quot;,&quot;street&quot;:&quot;Falcon Dr&quot;,&quot;state&quot;:&quot;NJ&quot;,&quot;country&quot;:&quot;USA&quot;,&quot;zipCode&quot;:53109},&quot;user_id&quot;:1855,&quot;user_first_name&quot;:&quot;Shyla&quot;,&quot;user_last_name&quot;:&quot;Singh&quot;,&quot;user_contact_number&quot;:6890654321,&quot;user_email_id&quot;:&quot;sharonstacer1@gmail.com&quot;,&quot;creation_time&quot;:&quot;2024-09-21T03:19:34.204+00:00&quot;,&quot;last_mod_time&quot;:&quot;2024-09-22T18:49:37.272+00:00&quot;},{&quot;userAddress&quot;:{&quot;addressId&quot;:2148,&quot;plotNumber&quot;:&quot;277TH-SE&quot;,&quot;street&quot;:&quot;Terrence&quot;,&quot;state&quot;:&quot;Washington&quot;,&quot;country&quot;:&quot;USA&quot;,&quot;zipCode&quot;:98075},&quot;user_id&quot;:2181,&quot;user_first_name&quot;:&quot;Monal&quot;,&quot;user_last_name&quot;:&quot;Dalbehera&quot;,&quot;user_contact_number&quot;:4259851803,&quot;user_email_id&quot;:&quot;monalisa.dalbehera@gmail.com&quot;,&quot;creation_time&quot;:&quot;2024-09-21T22:02:54.980+00:00&quot;,&quot;last_mod_time&quot;:&quot;2024-09-21T22:02:54.980+00:00&quot;},{&quot;userAddress&quot;:{&quot;addressId&quot;:3583,&quot;plotNumber&quot;:&quot;307-A&quot;,&quot;street&quot;:&quot;laplace&quot;,&quot;state&quot;:&quot;PA&quot;,&quot;country&quot;:&quot;USA&quot;,&quot;zipCode&quot;:90876},&quot;user_id&quot;:3616,&quot;user_first_name&quot;:&quot;TestUsera&quot;,&quot;user_last_name&quot;:&quot;TestUserb&quot;,&quot;user_contact_number&quot;:2222487958,&quot;user_email_id&quot;:&quot;demo12@gmail.com&quot;,&quot;creation_time&quot;:&quot;2024-09-23T14:11:12.959+00:00&quot;,&quot;last_mod_time&quot;:&quot;2024-09-23T14:11:12.959+00:00&quot;},{&quot;userAddress&quot;:{&quot;addressId&quot;:2026,&quot;plotNumber&quot;:&quot;277TH-SE&quot;,&quot;street&quot;:&quot;Terrence&quot;,&quot;state&quot;:&quot;Washingron&quot;,&quot;country&quot;:&quot;USA&quot;,&quot;zipCode&quot;:98075},&quot;user_id&quot;:2059,&quot;user_first_name&quot;:&quot;Monalisa&quot;,&quot;user_last_name&quot;:&quot;Dalbehera&quot;,&quot;user_contact_number&quot;:4259851903,&quot;user_email_id&quot;:&quot;spk2mona@abc.com&quot;,&quot;creation_time&quot;:&quot;2024-09-21T18:06:16.763+00:00&quot;,&quot;last_mod_time&quot;:&quot;2024-09-21T19:09:24.433+00:00&quot;},{&quot;userAddress&quot;:{&quot;addressId&quot;:5064,&quot;plotNumber&quot;:&quot;ok-6&quot;,&quot;street&quot;:null,&quot;state&quot;:&quot;youkom&quot;,&quot;country&quot;:null,&quot;zipCode&quot;:564567},&quot;user_id&quot;:5097,&quot;user_first_name&quot;:&quot;reka&quot;,&quot;user_last_name&quot;:&quot;saroh&quot;,&quot;user_contact_number&quot;:3451456789,&quot;user_email_id&quot;:&quot;df1d@gmail.com&quot;,&quot;creation_time&quot;:&quot;2024-09-26T21:04:39.966+00:00&quot;,&quot;last_mod_time&quot;:&quot;2024-09-26T21:04:39.966+00:00&quot;},{&quot;userAddress&quot;:{&quot;addressId&quot;:3706,&quot;plotNumber&quot;:&quot;pl-72&quot;,&quot;street&quot;:&quot;Broadway&quot;,&quot;state&quot;:&quot;New Jersey&quot;,&quot;country&quot;:&quot;USA&quot;,&quot;zipCode&quot;:72363},&quot;user_id&quot;:3739,&quot;user_first_name&quot;:&quot;randomFirstName&quot;,&quot;user_last_name&quot;:&quot;randomLastName&quot;,&quot;user_contact_number&quot;:4676147096,&quot;user_email_id&quot;:&quot;user337@example.com&quot;,&quot;creation_time&quot;:&quot;2024-09-23T15:35:10.008+00:00&quot;,&quot;last_mod_time&quot;:&quot;2024-09-23T15:35:10.008+00:00&quot;},{&quot;userAddress&quot;:{&quot;addressId&quot;:6425,&quot;plotNumber&quot;:&quot;pl-101&quot;,&quot;street&quot;:&quot;WolfStreet&quot;,&quot;state&quot;:&quot;NC&quot;,&quot;country&quot;:&quot;USA&quot;,&quot;zipCode&quot;:12312},&quot;user_id&quot;:6458,&quot;user_first_name&quot;:&quot;VijiAvengers&quot;,&quot;user_last_name&quot;:&quot;Stark&quot;,&quot;user_contact_number&quot;:1667447566,&quot;user_email_id&quot;:&quot;Stnew123mine@gmail.com&quot;,&quot;creation_time&quot;:&quot;2024-09-29T16:05:43.728+00:00&quot;,&quot;last_mod_time&quot;:&quot;2024-09-29T16:05:43.728+00:00&quot;},{&quot;userAddress&quot;:{&quot;addressId&quot;:3936,&quot;plotNumber&quot;:&quot;AB-383&quot;,&quot;street&quot;:&quot;Mockingbird way&quot;,&quot;state&quot;:&quot;OR&quot;,&quot;country&quot;:&quot;USA&quot;,&quot;zipCode&quot;:97007},&quot;user_id&quot;:3969,&quot;user_first_name&quot;:&quot;Heni&quot;,&quot;user_last_name&quot;:&quot;Jerald&quot;,&quot;user_contact_number&quot;:2529373428,&quot;user_email_id&quot;:&quot;josh@gmail.com&quot;,&quot;creation_time&quot;:&quot;2024-09-23T16:20:46.938+00:00&quot;,&quot;last_mod_time&quot;:&quot;2024-09-23T16:20:46.938+00:00&quot;},{&quot;userAddress&quot;:{&quot;addressId&quot;:6426,&quot;plotNumber&quot;:&quot;pl-101&quot;,&quot;street&quot;:&quot;WolfStreet&quot;,&quot;state&quot;:&quot;NC&quot;,&quot;country&quot;:&quot;USA&quot;,&quot;zipCode&quot;:12312},&quot;user_id&quot;:6459,&quot;user_first_name&quot;:&quot;VijiAvengers&quot;,&quot;user_last_name&quot;:&quot;Stark&quot;,&quot;user_contact_number&quot;:1667847566,&quot;user_email_id&quot;:&quot;Stnew89mine@gmail.com&quot;,&quot;creation_time&quot;:&quot;2024-09-29T16:09:17.510+00:00&quot;,&quot;last_mod_time&quot;:&quot;2024-09-29T16:09:17.510+00:00&quot;},{&quot;userAddress&quot;:{&quot;addressId&quot;:6427,&quot;plotNumber&quot;:&quot;pl-101&quot;,&quot;street&quot;:&quot;WolfStreet&quot;,&quot;state&quot;:&quot;NC&quot;,&quot;country&quot;:&quot;USA&quot;,&quot;zipCode&quot;:12312},&quot;user_id&quot;:6460,&quot;user_first_name&quot;:&quot;VijiAvengers&quot;,&quot;user_last_name&quot;:&quot;Stark&quot;,&quot;user_contact_number&quot;:1678471166,&quot;user_email_id&quot;:&quot;Stnew99mine@gmail.com&quot;,&quot;creation_time&quot;:&quot;2024-09-29T16:13:09.915+00:00&quot;,&quot;last_mod_time&quot;:&quot;2024-09-29T16:13:09.915+00:00&quot;},{&quot;userAddress&quot;:{&quot;addressId&quot;:2058,&quot;plotNumber&quot;:&quot;pr-108&quot;,&quot;street&quot;:&quot;string&quot;,&quot;state&quot;:&quot;string&quot;,&quot;country&quot;:&quot;string&quot;,&quot;zipCode&quot;:89098},&quot;user_id&quot;:2091,&quot;user_first_name&quot;:&quot;Shreya&quot;,&quot;user_last_name&quot;:&quot;Das&quot;,&quot;user_contact_number&quot;:8987878981,&quot;user_email_id&quot;:&quot;shd11@gmail.com&quot;,&quot;creation_time&quot;:&quot;2024-09-21T19:30:10.339+00:00&quot;,&quot;last_mod_time&quot;:&quot;2024-09-21T19:30:10.339+00:00&quot;},{&quot;userAddress&quot;:{&quot;addressId&quot;:5807,&quot;plotNumber&quot;:&quot;p1-59&quot;,&quot;street&quot;:&quot;sdfiot&quot;,&quot;state&quot;:&quot;cd&quot;,&quot;country&quot;:&quot;USA&quot;,&quot;zipCode&quot;:94056},&quot;user_id&quot;:5840,&quot;user_first_name&quot;:&quot;bpghkhjd&quot;,&quot;user_last_name&quot;:&quot;wronglastname&quot;,&quot;user_contact_number&quot;:1458399277,&quot;user_email_id&quot;:&quot;hjitr.cvu-1727455970302@wdt.com&quot;,&quot;creation_time&quot;:&quot;2024-09-27T16:52:51.671+00:00&quot;,&quot;last_mod_time&quot;:&quot;2024-09-27T16:52:51.671+00:00&quot;},{&quot;userAddress&quot;:{&quot;addressId&quot;:5808,&quot;plotNumber&quot;:&quot;p1-098&quot;,&quot;street&quot;:&quot;cxvbmnb &quot;,&quot;state&quot;:&quot;uibhjkl&quot;,&quot;country&quot;:&quot;USA&quot;,&quot;zipCode&quot;:90865},&quot;user_id&quot;:5841,&quot;user_first_name&quot;:&quot;bpghkhjd&quot;,&quot;user_last_name&quot;:&quot;vhdbhjfg&quot;,&quot;user_contact_number&quot;:1010240682,&quot;user_email_id&quot;:&quot;nijua.loj-1727455398103@ecxfs.com&quot;,&quot;creation_time&quot;:&quot;2024-09-27T16:54:51.268+00:00&quot;,&quot;last_mod_time&quot;:&quot;2024-09-27T16:54:51.268+00:00&quot;},{&quot;userAddress&quot;:{&quot;addressId&quot;:2542,&quot;plotNumber&quot;:&quot;BL-23456&quot;,&quot;street&quot;:null,&quot;state&quot;:&quot;CA&quot;,&quot;country&quot;:null,&quot;zipCode&quot;:null},&quot;user_id&quot;:2575,&quot;user_first_name&quot;:&quot;TOMMY&quot;,&quot;user_last_name&quot;:&quot;carsen&quot;,&quot;user_contact_number&quot;:9234567889,&quot;user_email_id&quot;:&quot;Tomcarsen111@gmail.com&quot;,&quot;creation_time&quot;:&quot;2024-09-22T16:05:10.898+00:00&quot;,&quot;last_mod_time&quot;:&quot;2024-09-22T16:05:10.898+00:00&quot;},{&quot;userAddress&quot;:{&quot;addressId&quot;:2543,&quot;plotNumber&quot;:&quot;pl-51&quot;,&quot;street&quot;:&quot;vail rd&quot;,&quot;state&quot;:&quot;nj&quot;,&quot;country&quot;:&quot;usa&quot;,&quot;zipCode&quot;:54321},&quot;user_id&quot;:2576,&quot;user_first_name&quot;:&quot;smithatset&quot;,&quot;user_last_name&quot;:&quot;dmaanj&quot;,&quot;user_contact_number&quot;:3389131145,&quot;user_email_id&quot;:&quot;ss238team5@gmail.com&quot;,&quot;creation_time&quot;:&quot;2024-09-22T16:07:02.687+00:00&quot;,&quot;last_mod_time&quot;:&quot;2024-09-22T16:07:02.687+00:00&quot;},{&quot;userAddress&quot;:{&quot;addressId&quot;:5812,&quot;plotNumber&quot;:&quot;p1-59&quot;,&quot;street&quot;:&quot;sdfiot&quot;,&quot;state&quot;:&quot;cd&quot;,&quot;country&quot;:&quot;USA&quot;,&quot;zipCode&quot;:94056},&quot;user_id&quot;:5845,&quot;user_first_name&quot;:&quot;bpghkhjd&quot;,&quot;user_last_name&quot;:&quot;wronglastname&quot;,&quot;user_contact_number&quot;:1818459548,&quot;user_email_id&quot;:&quot;hjitr.cvu-1727456108119@wdt.com&quot;,&quot;creation_time&quot;:&quot;2024-09-27T16:55:39.164+00:00&quot;,&quot;last_mod_time&quot;:&quot;2024-09-27T16:55:39.164+00:00&quot;},{&quot;userAddress&quot;:{&quot;addressId&quot;:2178,&quot;plotNumber&quot;:&quot;277TH-SE&quot;,&quot;street&quot;:&quot;Terrence&quot;,&quot;state&quot;:&quot;Washington&quot;,&quot;country&quot;:&quot;USA&quot;,&quot;zipCode&quot;:98075},&quot;user_id&quot;:2211,&quot;user_first_name&quot;:&quot;lisa&quot;,&quot;user_last_name&quot;:&quot;Dalbehera&quot;,&quot;user_contact_number&quot;:4259851503,&quot;user_email_id&quot;:&quot;monalisa.dalbehera@abc.com&quot;,&quot;creation_time&quot;:&quot;2024-09-21T22:25:53.254+00:00&quot;,&quot;last_mod_time&quot;:&quot;2024-09-21T22:25:53.254+00:00&quot;},{&quot;userAddress&quot;:{&quot;addressId&quot;:5288,&quot;plotNumber&quot;:&quot;ok-6&quot;,&quot;street&quot;:null,&quot;state&quot;:&quot;youkom&quot;,&quot;country&quot;:null,&quot;zipCode&quot;:564567},&quot;user_id&quot;:5321,&quot;user_first_name&quot;:&quot;reka&quot;,&quot;user_last_name&quot;:&quot;saroh&quot;,&quot;user_contact_number&quot;:3019956789,&quot;user_email_id&quot;:&quot;d0@gmail.com&quot;,&quot;creation_time&quot;:&quot;2024-09-27T01:06:50.186+00:00&quot;,&quot;last_mod_time&quot;:&quot;2024-09-27T01:06:50.186+00:00&quot;},{&quot;userAddress&quot;:{&quot;addressId&quot;:5289,&quot;plotNumber&quot;:&quot;136-AtB&quot;,&quot;street&quot;:&quot;nehru streets&quot;,&quot;state&quot;:&quot;CA&quot;,&quot;country&quot;:&quot;USA&quot;,&quot;zipCode&quot;:93651},&quot;user_id&quot;:5322,&quot;user_first_name&quot;:&quot;Adi&quot;,&quot;user_last_name&quot;:&quot;Ram&quot;,&quot;user_contact_number&quot;:6433377362,&quot;user_email_id&quot;:&quot;IjKMgSXxVR@gmail.com&quot;,&quot;creation_time&quot;:&quot;2024-09-27T01:08:00.417+00:00&quot;,&quot;last_mod_time&quot;:&quot;2024-09-27T01:08:00.417+00:00&quot;},{&quot;userAddress&quot;:{&quot;addressId&quot;:5291,&quot;plotNumber&quot;:&quot;pl-13&quot;,&quot;street&quot;:&quot;Broadway&quot;,&quot;state&quot;:&quot;New Jersey&quot;,&quot;country&quot;:&quot;USA&quot;,&quot;zipCode&quot;:null},&quot;user_id&quot;:5324,&quot;user_first_name&quot;:&quot;dheenatha&quot;,&quot;user_last_name&quot;:&quot;selva&quot;,&quot;user_contact_number&quot;:7739998788,&quot;user_email_id&quot;:&quot;dheen111@gmail.com&quot;,&quot;creation_time&quot;:&quot;2024-09-27T01:13:27.729+00:00&quot;,&quot;last_mod_time&quot;:&quot;2024-09-27T01:13:27.729+00:00&quot;},{&quot;userAddress&quot;:{&quot;addressId&quot;:5292,&quot;plotNumber&quot;:&quot;UEjz-373&quot;,&quot;street&quot;:null,&quot;state&quot;:&quot;GA&quot;,&quot;country&quot;:null,&quot;zipCode&quot;:48784},&quot;user_id&quot;:5325,&quot;user_first_name&quot;:&quot;Rani&quot;,&quot;user_last_name&quot;:&quot;Rao&quot;,&quot;user_contact_number&quot;:7878787882,&quot;user_email_id&quot;:&quot;DZP@gmail.com&quot;,&quot;creation_time&quot;:&quot;2024-09-27T01:13:46.995+00:00&quot;,&quot;last_mod_time&quot;:&quot;2024-09-27T01:13:46.995+00:00&quot;},{&quot;userAddress&quot;:{&quot;addressId&quot;:5293,&quot;plotNumber&quot;:&quot;ok-6&quot;,&quot;street&quot;:null,&quot;state&quot;:&quot;youkom&quot;,&quot;country&quot;:null,&quot;zipCode&quot;:564567},&quot;user_id&quot;:5326,&quot;user_first_name&quot;:&quot;reka&quot;,&quot;user_last_name&quot;:&quot;saroh&quot;,&quot;user_contact_number&quot;:3433456789,&quot;user_email_id&quot;:&quot;d034@gmail.com&quot;,&quot;creation_time&quot;:&quot;2024-09-27T01:16:11.777+00:00&quot;,&quot;last_mod_time&quot;:&quot;2024-09-27T01:16:11.777+00:00&quot;},{&quot;userAddress&quot;:{&quot;addressId&quot;:2559,&quot;plotNumber&quot;:null,&quot;street&quot;:null,&quot;state&quot;:&quot;CA&quot;,&quot;country&quot;:null,&quot;zipCode&quot;:90001},&quot;user_id&quot;:2592,&quot;user_first_name&quot;:&quot;krishtina&quot;,&quot;user_last_name&quot;:&quot;giden&quot;,&quot;user_contact_number&quot;:1234567896,&quot;user_email_id&quot;:&quot;krishti.doe@example.com&quot;,&quot;creation_time&quot;:&quot;2024-09-22T16:30:39.118+00:00&quot;,&quot;last_mod_time&quot;:&quot;2024-09-22T16:30:39.118+00:00&quot;},{&quot;userAddress&quot;:{&quot;addressId&quot;:2560,&quot;plotNumber&quot;:null,&quot;street&quot;:null,&quot;state&quot;:&quot;CA&quot;,&quot;country&quot;:null,&quot;zipCode&quot;:90001},&quot;user_id&quot;:2593,&quot;user_first_name&quot;:&quot;krishtina&quot;,&quot;user_last_name&quot;:&quot;giden&quot;,&quot;user_contact_number&quot;:1934567899,&quot;user_email_id&quot;:&quot;krishtii2.doe@example.com&quot;,&quot;creation_time&quot;:&quot;2024-09-22T16:30:50.028+00:00&quot;,&quot;last_mod_time&quot;:&quot;2024-09-22T16:30:50.028+00:00&quot;},{&quot;userAddress&quot;:{&quot;addressId&quot;:4654,&quot;plotNumber&quot;:&quot;p1-098&quot;,&quot;street&quot;:&quot;cxvbmnb &quot;,&quot;state&quot;:&quot;uibhjkl&quot;,&quot;country&quot;:&quot;USA&quot;,&quot;zipCode&quot;:90865},&quot;user_id&quot;:4687,&quot;user_first_name&quot;:&quot;bpghkhjd&quot;,&quot;user_last_name&quot;:&quot;updatedLastName&quot;,&quot;user_contact_number&quot;:1441728800,&quot;user_email_id&quot;:&quot;nijua.loj-1727318056556@ecxfs.com&quot;,&quot;creation_time&quot;:&quot;2024-09-26T02:34:17.186+00:00&quot;,&quot;last_mod_time&quot;:&quot;2024-09-26T02:34:20.793+00:00&quot;},{&quot;userAddress&quot;:{&quot;addressId&quot;:4978,&quot;plotNumber&quot;:&quot;A-202&quot;,&quot;street&quot;:&quot;golden ln&quot;,&quot;state&quot;:&quot;MA&quot;,&quot;country&quot;:&quot;USA&quot;,&quot;zipCode&quot;:28456},&quot;user_id&quot;:5011,&quot;user_first_name&quot;:&quot;Test&quot;,&quot;user_last_name&quot;:&quot;Tester&quot;,&quot;user_contact_number&quot;:9876512004,&quot;user_email_id&quot;:&quot;te_004@gmail.com&quot;,&quot;creation_time&quot;:&quot;2024-09-26T18:29:03.905+00:00&quot;,&quot;last_mod_time&quot;:&quot;2024-09-26T18:29:03.905+00:00&quot;},{&quot;userAddress&quot;:{&quot;addressId&quot;:3801,&quot;plotNumber&quot;:&quot;p1-68&quot;,&quot;street&quot;:&quot;vail rd&quot;,&quot;state&quot;:&quot;nj&quot;,&quot;country&quot;:&quot;usa&quot;,&quot;zipCode&quot;:7012},&quot;user_id&quot;:3834,&quot;user_first_name&quot;:&quot;Anandaa&quot;,&quot;user_last_name&quot;:&quot;swamy&quot;,&quot;user_contact_number&quot;:6655334498,&quot;user_email_id&quot;:&quot;jiho10@gmail.com&quot;,&quot;creation_time&quot;:&quot;2024-09-23T15:55:00.800+00:00&quot;,&quot;last_mod_time&quot;:&quot;2024-09-23T15:55:00.800+00:00&quot;},{&quot;userAddress&quot;:{&quot;addressId&quot;:3802,&quot;plotNumber&quot;:&quot;p1-68&quot;,&quot;street&quot;:&quot;vail rd&quot;,&quot;state&quot;:&quot;nj&quot;,&quot;country&quot;:&quot;usa&quot;,&quot;zipCode&quot;:7012},&quot;user_id&quot;:3835,&quot;user_first_name&quot;:&quot;Swamyo&quot;,&quot;user_last_name&quot;:&quot;Anando&quot;,&quot;user_contact_number&quot;:9945535567,&quot;user_email_id&quot;:&quot;ghiuytr55@gmail.com&quot;,&quot;creation_time&quot;:&quot;2024-09-23T15:55:00.976+00:00&quot;,&quot;last_mod_time&quot;:&quot;2024-09-23T15:55:00.976+00:00&quot;},{&quot;userAddress&quot;:{&quot;addressId&quot;:4980,&quot;plotNumber&quot;:&quot;p1-09&quot;,&quot;street&quot;:&quot;Main&quot;,&quot;state&quot;:&quot;NY&quot;,&quot;country&quot;:&quot;USA&quot;,&quot;zipCode&quot;:10901},&quot;user_id&quot;:5013,&quot;user_first_name&quot;:&quot;apple&quot;,&quot;user_last_name&quot;:&quot;id&quot;,&quot;user_contact_number&quot;:9248350401,&quot;user_email_id&quot;:&quot;apple.id@example.com&quot;,&quot;creation_time&quot;:&quot;2024-09-26T18:29:24.351+00:00&quot;,&quot;last_mod_time&quot;:&quot;2024-09-26T18:29:24.351+00:00&quot;},{&quot;userAddress&quot;:{&quot;addressId&quot;:4983,&quot;plotNumber&quot;:&quot;p1-09&quot;,&quot;street&quot;:&quot;Main&quot;,&quot;state&quot;:&quot;NY&quot;,&quot;country&quot;:&quot;USA&quot;,&quot;zipCode&quot;:10901},&quot;user_id&quot;:5016,&quot;user_first_name&quot;:&quot;apple&quot;,&quot;user_last_name&quot;:&quot;id&quot;,&quot;user_contact_number&quot;:9248350406,&quot;user_email_id&quot;:&quot;id.apple@example.com&quot;,&quot;creation_time&quot;:&quot;2024-09-26T18:33:29.907+00:00&quot;,&quot;last_mod_time&quot;:&quot;2024-09-26T18:33:29.907+00:00&quot;},{&quot;userAddress&quot;:{&quot;addressId&quot;:2098,&quot;plotNumber&quot;:&quot;pl-51&quot;,&quot;street&quot;:&quot;vail rd&quot;,&quot;state&quot;:&quot;nj&quot;,&quot;country&quot;:&quot;usa&quot;,&quot;zipCode&quot;:54321},&quot;user_id&quot;:2131,&quot;user_first_name&quot;:&quot;seema&quot;,&quot;user_last_name&quot;:&quot;pa&quot;,&quot;user_contact_number&quot;:3450000045,&quot;user_email_id&quot;:&quot;sdteam45500@gmail.com&quot;,&quot;creation_time&quot;:&quot;2024-09-21T20:36:09.622+00:00&quot;,&quot;last_mod_time&quot;:&quot;2024-09-21T20:36:09.622+00:00&quot;},{&quot;userAddress&quot;:{&quot;addressId&quot;:2099,&quot;plotNumber&quot;:&quot;pl-51&quot;,&quot;street&quot;:&quot;vail rd&quot;,&quot;state&quot;:&quot;nj&quot;,&quot;country&quot;:&quot;usa&quot;,&quot;zipCode&quot;:54321},&quot;user_id&quot;:2132,&quot;user_first_name&quot;:&quot;raga&quot;,&quot;user_last_name&quot;:&quot;la&quot;,&quot;user_contact_number&quot;:3455000045,&quot;user_email_id&quot;:&quot;sdteam5500@gmail.com&quot;,&quot;creation_time&quot;:&quot;2024-09-21T20:37:09.818+00:00&quot;,&quot;last_mod_time&quot;:&quot;2024-09-21T20:37:09.818+00:00&quot;},{&quot;userAddress&quot;:{&quot;addressId&quot;:4984,&quot;plotNumber&quot;:&quot;A-202&quot;,&quot;street&quot;:&quot;golden ln&quot;,&quot;state&quot;:&quot;MA&quot;,&quot;country&quot;:&quot;USA&quot;,&quot;zipCode&quot;:28456},&quot;user_id&quot;:5017,&quot;user_first_name&quot;:&quot;Test&quot;,&quot;user_last_name&quot;:&quot;Tester&quot;,&quot;user_contact_number&quot;:9876512006,&quot;user_email_id&quot;:&quot;te_006@gmail.com&quot;,&quot;creation_time&quot;:&quot;2024-09-26T18:34:29.254+00:00&quot;,&quot;last_mod_time&quot;:&quot;2024-09-26T18:34:29.254+00:00&quot;},{&quot;userAddress&quot;:{&quot;addressId&quot;:2197,&quot;plotNumber&quot;:&quot;999-K&quot;,&quot;street&quot;:&quot;Saints Avenue&quot;,&quot;state&quot;:&quot;CA&quot;,&quot;country&quot;:&quot;USA&quot;,&quot;zipCode&quot;:12345678},&quot;user_id&quot;:2230,&quot;user_first_name&quot;:&quot;Herbert&quot;,&quot;user_last_name&quot;:&quot;Foster&quot;,&quot;user_contact_number&quot;:6776309400,&quot;user_email_id&quot;:&quot;Herbert@gmail.com&quot;,&quot;creation_time&quot;:&quot;2024-09-21T22:36:23.276+00:00&quot;,&quot;last_mod_time&quot;:&quot;2024-09-21T22:36:23.276+00:00&quot;},{&quot;userAddress&quot;:{&quot;addressId&quot;:2199,&quot;plotNumber&quot;:&quot;99789-L&quot;,&quot;street&quot;:&quot;Main Avenue&quot;,&quot;state&quot;:&quot;CA&quot;,&quot;country&quot;:&quot;USA&quot;,&quot;zipCode&quot;:1234},&quot;user_id&quot;:2232,&quot;user_first_name&quot;:&quot;Jamie&quot;,&quot;user_last_name&quot;:&quot;Croft&quot;,&quot;user_contact_number&quot;:7776309400,&quot;user_email_id&quot;:&quot;JamieJ@gmail.com&quot;,&quot;creation_time&quot;:&quot;2024-09-21T22:38:58.240+00:00&quot;,&quot;last_mod_time&quot;:&quot;2024-09-21T22:38:58.240+00:00&quot;},{&quot;userAddress&quot;:{&quot;addressId&quot;:2104,&quot;plotNumber&quot;:&quot;pl-23&quot;,&quot;street&quot;:&quot;my Street&quot;,&quot;state&quot;:&quot;Texas&quot;,&quot;country&quot;:&quot;USA&quot;,&quot;zipCode&quot;:75068},&quot;user_id&quot;:2137,&quot;user_first_name&quot;:&quot;teamtwohgjsfds&quot;,&quot;user_last_name&quot;:&quot;zcghdfgfhg&quot;,&quot;user_contact_number&quot;:6778678678,&quot;user_email_id&quot;:&quot;tyjjahjhje@gmail.com&quot;,&quot;creation_time&quot;:&quot;2024-09-21T20:50:16.607+00:00&quot;,&quot;last_mod_time&quot;:&quot;2024-09-21T20:50:16.607+00:00&quot;},{&quot;userAddress&quot;:{&quot;addressId&quot;:2202,&quot;plotNumber&quot;:&quot;KB-425&quot;,&quot;street&quot;:&quot;CT&quot;,&quot;state&quot;:&quot;WA&quot;,&quot;country&quot;:&quot;USA&quot;,&quot;zipCode&quot;:98052},&quot;user_id&quot;:2235,&quot;user_first_name&quot;:&quot;FiKLL&quot;,&quot;user_last_name&quot;:&quot;BiBKP&quot;,&quot;user_contact_number&quot;:9726292827,&quot;user_email_id&quot;:&quot;FharL91@gmail.com&quot;,&quot;creation_time&quot;:&quot;2024-09-21T22:39:33.369+00:00&quot;,&quot;last_mod_time&quot;:&quot;2024-09-21T22:39:33.369+00:00&quot;},{&quot;userAddress&quot;:{&quot;addressId&quot;:2205,&quot;plotNumber&quot;:&quot;9789-L&quot;,&quot;street&quot;:&quot;Main Street&quot;,&quot;state&quot;:&quot;CA&quot;,&quot;country&quot;:&quot;USA&quot;,&quot;zipCode&quot;:1545},&quot;user_id&quot;:2238,&quot;user_first_name&quot;:&quot;Hari&quot;,&quot;user_last_name&quot;:&quot;Krishna&quot;,&quot;user_contact_number&quot;:7776308890,&quot;user_email_id&quot;:&quot;Hari.KrishnaJ@gmail.com&quot;,&quot;creation_time&quot;:&quot;2024-09-21T22:43:17.756+00:00&quot;,&quot;last_mod_time&quot;:&quot;2024-09-21T22:43:17.756+00:00&quot;},{&quot;userAddress&quot;:{&quot;addressId&quot;:5169,&quot;plotNumber&quot;:&quot;pp-01&quot;,&quot;street&quot;:&quot;Broadway new ln&quot;,&quot;state&quot;:&quot;Texas&quot;,&quot;country&quot;:&quot;USA&quot;,&quot;zipCode&quot;:7005063},&quot;user_id&quot;:5202,&quot;user_first_name&quot;:&quot;arav&quot;,&quot;user_last_name&quot;:&quot;naveen&quot;,&quot;user_contact_number&quot;:2109936344,&quot;user_email_id&quot;:&quot;ariiiiii.pn@gmail.com&quot;,&quot;creation_time&quot;:&quot;2024-09-26T22:08:15.739+00:00&quot;,&quot;last_mod_time&quot;:&quot;2024-09-26T22:08:15.739+00:00&quot;},{&quot;userAddress&quot;:{&quot;addressId&quot;:2214,&quot;plotNumber&quot;:&quot;99989-L&quot;,&quot;street&quot;:&quot;Sams Street&quot;,&quot;state&quot;:&quot;CA&quot;,&quot;country&quot;:&quot;USA&quot;,&quot;zipCode&quot;:null},&quot;user_id&quot;:2247,&quot;user_first_name&quot;:&quot;Larry&quot;,&quot;user_last_name&quot;:&quot;Page&quot;,&quot;user_contact_number&quot;:4987630889,&quot;user_email_id&quot;:&quot;LarryPage@gmail.com&quot;,&quot;creation_time&quot;:&quot;2024-09-21T22:56:40.504+00:00&quot;,&quot;last_mod_time&quot;:&quot;2024-09-21T22:56:40.504+00:00&quot;},{&quot;userAddress&quot;:{&quot;addressId&quot;:2223,&quot;plotNumber&quot;:&quot;Bl-02&quot;,&quot;street&quot;:null,&quot;state&quot;:&quot;California&quot;,&quot;country&quot;:null,&quot;zipCode&quot;:32126},&quot;user_id&quot;:2256,&quot;user_first_name&quot;:&quot;Anvi&quot;,&quot;user_last_name&quot;:&quot;Carsen&quot;,&quot;user_contact_number&quot;:9024320008,&quot;user_email_id&quot;:&quot;anvi@gmail.com&quot;,&quot;creation_time&quot;:&quot;2024-09-21T23:14:11.042+00:00&quot;,&quot;last_mod_time&quot;:&quot;2024-09-21T23:14:11.042+00:00&quot;},{&quot;userAddress&quot;:{&quot;addressId&quot;:2243,&quot;plotNumber&quot;:&quot;W-425&quot;,&quot;street&quot;:&quot;CT&quot;,&quot;state&quot;:&quot;WA&quot;,&quot;country&quot;:&quot;USA&quot;,&quot;zipCode&quot;:98052772},&quot;user_id&quot;:2276,&quot;user_first_name&quot;:&quot;Kiran Bala&quot;,&quot;user_last_name&quot;:&quot;Singh&quot;,&quot;user_contact_number&quot;:4257222226,&quot;user_email_id&quot;:&quot;kblbhar@hotmail.com&quot;,&quot;creation_time&quot;:&quot;2024-09-22T00:16:21.770+00:00&quot;,&quot;last_mod_time&quot;:&quot;2024-09-22T00:16:21.770+00:00&quot;},{&quot;userAddress&quot;:{&quot;addressId&quot;:2244,&quot;plotNumber&quot;:&quot;W-425&quot;,&quot;street&quot;:&quot;CT&quot;,&quot;state&quot;:&quot;WA&quot;,&quot;country&quot;:&quot;USA&quot;,&quot;zipCode&quot;:98052},&quot;user_id&quot;:2277,&quot;user_first_name&quot;:&quot;Kiran Viva&quot;,&quot;user_last_name&quot;:&quot;Singh&quot;,&quot;user_contact_number&quot;:4252772221,&quot;user_email_id&quot;:&quot;kblvvhr@hotmail.com&quot;,&quot;creation_time&quot;:&quot;2024-09-22T00:17:50.795+00:00&quot;,&quot;last_mod_time&quot;:&quot;2024-09-22T00:17:50.795+00:00&quot;},{&quot;userAddress&quot;:{&quot;addressId&quot;:2722,&quot;plotNumber&quot;:&quot;AS-96&quot;,&quot;street&quot;:&quot;Raymond St&quot;,&quot;state&quot;:&quot;NJ&quot;,&quot;country&quot;:&quot;USA&quot;,&quot;zipCode&quot;:8896},&quot;user_id&quot;:2755,&quot;user_first_name&quot;:&quot;TeamFive&quot;,&quot;user_last_name&quot;:&quot;Tester&quot;,&quot;user_contact_number&quot;:1478523602,&quot;user_email_id&quot;:&quot;five3@gmail.com&quot;,&quot;creation_time&quot;:&quot;2024-09-22T20:37:48.819+00:00&quot;,&quot;last_mod_time&quot;:&quot;2024-09-22T20:37:48.819+00:00&quot;},{&quot;userAddress&quot;:{&quot;addressId&quot;:2528,&quot;plotNumber&quot;:&quot;k-744&quot;,&quot;street&quot;:null,&quot;state&quot;:&quot;eee&quot;,&quot;country&quot;:null,&quot;zipCode&quot;:3456},&quot;user_id&quot;:2561,&quot;user_first_name&quot;:&quot;dd&quot;,&quot;user_last_name&quot;:&quot;trisha&quot;,&quot;user_contact_number&quot;:3211374777,&quot;user_email_id&quot;:&quot;uyi3f12t@gmail.com&quot;,&quot;creation_time&quot;:&quot;2024-09-22T15:36:36.578+00:00&quot;,&quot;last_mod_time&quot;:&quot;2024-09-22T15:36:36.578+00:00&quot;},{&quot;userAddress&quot;:{&quot;addressId&quot;:2706,&quot;plotNumber&quot;:&quot;c-20&quot;,&quot;street&quot;:&quot;disneyland&quot;,&quot;state&quot;:&quot;fl&quot;,&quot;country&quot;:&quot;usa&quot;,&quot;zipCode&quot;:12345},&quot;user_id&quot;:2739,&quot;user_first_name&quot;:&quot;dbh&quot;,&quot;user_last_name&quot;:&quot;der&quot;,&quot;user_contact_number&quot;:1235467899,&quot;user_email_id&quot;:&quot;disney@gmail.com&quot;,&quot;creation_time&quot;:&quot;2024-09-22T20:12:21.748+00:00&quot;,&quot;last_mod_time&quot;:&quot;2024-09-22T20:51:59.053+00:00&quot;},{&quot;userAddress&quot;:{&quot;addressId&quot;:4361,&quot;plotNumber&quot;:&quot;ab-13&quot;,&quot;street&quot;:&quot;Irving&quot;,&quot;state&quot;:&quot;Texas&quot;,&quot;country&quot;:&quot;USA&quot;,&quot;zipCode&quot;:77144},&quot;user_id&quot;:4394,&quot;user_first_name&quot;:&quot;Darsh&quot;,&quot;user_last_name&quot;:&quot;Shebi&quot;,&quot;user_contact_number&quot;:1122338455,&quot;user_email_id&quot;:&quot;Darsh15@gmail.com&quot;,&quot;creation_time&quot;:&quot;2024-09-25T03:29:34.446+00:00&quot;,&quot;last_mod_time&quot;:&quot;2024-09-25T03:29:34.446+00:00&quot;},{&quot;userAddress&quot;:{&quot;addressId&quot;:5794,&quot;plotNumber&quot;:&quot;p1-59&quot;,&quot;street&quot;:&quot;sdfiot&quot;,&quot;state&quot;:&quot;cd&quot;,&quot;country&quot;:&quot;USA&quot;,&quot;zipCode&quot;:94056},&quot;user_id&quot;:5827,&quot;user_first_name&quot;:&quot;bpghkhjd&quot;,&quot;user_last_name&quot;:&quot;nmiouui&quot;,&quot;user_contact_number&quot;:1028030034,&quot;user_email_id&quot;:&quot;hjitr.cvu-1727455155522@wdt.com&quot;,&quot;creation_time&quot;:&quot;2024-09-27T16:39:18.803+00:00&quot;,&quot;last_mod_time&quot;:&quot;2024-09-27T16:39:18.803+00:00&quot;},{&quot;userAddress&quot;:{&quot;addressId&quot;:8350,&quot;plotNumber&quot;:&quot;pl-23&quot;,&quot;street&quot;:&quot;my Street&quot;,&quot;state&quot;:&quot;Texas&quot;,&quot;country&quot;:&quot;USA&quot;,&quot;zipCode&quot;:75068},&quot;user_id&quot;:8382,&quot;user_first_name&quot;:&quot;vijaya&quot;,&quot;user_last_name&quot;:&quot;Teamthree&quot;,&quot;user_contact_number&quot;:5662475211,&quot;user_email_id&quot;:&quot;vijije70bd83dm4@gmail.com&quot;,&quot;creation_time&quot;:&quot;2024-10-12T22:20:48.443+00:00&quot;,&quot;last_mod_time&quot;:&quot;2024-10-12T22:20:48.443+00:00&quot;},{&quot;userAddress&quot;:{&quot;addressId&quot;:9380,&quot;plotNumber&quot;:&quot;345-p&quot;,&quot;street&quot;:&quot;sterling&quot;,&quot;state&quot;:&quot;Minnesota&quot;,&quot;country&quot;:&quot;USA&quot;,&quot;zipCode&quot;:null},&quot;user_id&quot;:9412,&quot;user_first_name&quot;:&quot;ssallsheena&quot;,&quot;user_last_name&quot;:&quot;Hhanena&quot;,&quot;user_contact_number&quot;:6255103371,&quot;user_email_id&quot;:&quot;hr15@yahoo.com&quot;,&quot;creation_time&quot;:&quot;2024-10-14T08:09:04.032+00:00&quot;,&quot;last_mod_time&quot;:&quot;2024-10-14T08:09:04.032+00:00&quot;},{&quot;userAddress&quot;:{&quot;addressId&quot;:4571,&quot;plotNumber&quot;:&quot;p1-098&quot;,&quot;street&quot;:&quot;cxvbmnb &quot;,&quot;state&quot;:&quot;uibhjkl&quot;,&quot;country&quot;:&quot;USA&quot;,&quot;zipCode&quot;:90865},&quot;user_id&quot;:4604,&quot;user_first_name&quot;:&quot;bpghklophpd&quot;,&quot;user_last_name&quot;:&quot;vhjexddfg&quot;,&quot;user_contact_number&quot;:1871189267,&quot;user_email_id&quot;:&quot;nijua.loj-1727308844635@ecxfs.com&quot;,&quot;creation_time&quot;:&quot;2024-09-26T00:00:45.312+00:00&quot;,&quot;last_mod_time&quot;:&quot;2024-09-26T00:00:45.312+00:00&quot;},{&quot;userAddress&quot;:{&quot;addressId&quot;:4572,&quot;plotNumber&quot;:&quot;pl-14&quot;,&quot;street&quot;:&quot;Elm St&quot;,&quot;state&quot;:&quot;NY&quot;,&quot;country&quot;:&quot;USA&quot;,&quot;zipCode&quot;:12345},&quot;user_id&quot;:4605,&quot;user_first_name&quot;:&quot;MathuTrial&quot;,&quot;user_last_name&quot;:&quot;Bala&quot;,&quot;user_contact_number&quot;:1934967890,&quot;user_email_id&quot;:&quot;bala@example.com&quot;,&quot;creation_time&quot;:&quot;2024-09-26T00:05:36.608+00:00&quot;,&quot;last_mod_time&quot;:&quot;2024-09-26T00:05:36.608+00:00&quot;},{&quot;userAddress&quot;:{&quot;addressId&quot;:2635,&quot;plotNumber&quot;:&quot;pl-28&quot;,&quot;street&quot;:&quot;Broadway&quot;,&quot;state&quot;:&quot;Maryland&quot;,&quot;country&quot;:&quot;MD&quot;,&quot;zipCode&quot;:543215},&quot;user_id&quot;:2668,&quot;user_first_name&quot;:&quot;ziya&quot;,&quot;user_last_name&quot;:&quot;bhaskar&quot;,&quot;user_contact_number&quot;:9963806333,&quot;user_email_id&quot;:&quot;ziya1@gmail.com&quot;,&quot;creation_time&quot;:&quot;2024-09-22T18:47:57.937+00:00&quot;,&quot;last_mod_time&quot;:&quot;2024-09-23T02:12:18.985+00:00&quot;},{&quot;userAddress&quot;:{&quot;addressId&quot;:3131,&quot;plotNumber&quot;:&quot;pl-13&quot;,&quot;street&quot;:&quot;Broadway&quot;,&quot;state&quot;:&quot;New Jersey&quot;,&quot;country&quot;:&quot;USA&quot;,&quot;zipCode&quot;:837300},&quot;user_id&quot;:3164,&quot;user_first_name&quot;:&quot;dheenatha&quot;,&quot;user_last_name&quot;:&quot;selva&quot;,&quot;user_contact_number&quot;:5462569127,&quot;user_email_id&quot;:&quot;zi6@gmail.com&quot;,&quot;creation_time&quot;:&quot;2024-09-23T02:42:31.601+00:00&quot;,&quot;last_mod_time&quot;:&quot;2024-09-23T02:47:06.746+00:00&quot;},{&quot;userAddress&quot;:{&quot;addressId&quot;:4240,&quot;plotNumber&quot;:&quot;J-26&quot;,&quot;street&quot;:&quot;Jhonson Ferry&quot;,&quot;state&quot;:&quot;GA&quot;,&quot;country&quot;:&quot;USA&quot;,&quot;zipCode&quot;:300007},&quot;user_id&quot;:4273,&quot;user_first_name&quot;:&quot;Kirthi&quot;,&quot;user_last_name&quot;:&quot;Vamshi&quot;,&quot;user_contact_number&quot;:7812344578,&quot;user_email_id&quot;:&quot;JFH@gmail.com&quot;,&quot;creation_time&quot;:&quot;2024-09-23T19:26:17.298+00:00&quot;,&quot;last_mod_time&quot;:&quot;2024-09-23T19:26:17.298+00:00&quot;},{&quot;userAddress&quot;:{&quot;addressId&quot;:5366,&quot;plotNumber&quot;:&quot;332-r&quot;,&quot;street&quot;:&quot;mainthree lane&quot;,&quot;state&quot;:&quot;NY&quot;,&quot;country&quot;:&quot;USA&quot;,&quot;zipCode&quot;:7816},&quot;user_id&quot;:5399,&quot;user_first_name&quot;:&quot;Buttan&quot;,&quot;user_last_name&quot;:&quot;vela&quot;,&quot;user_contact_number&quot;:1213141527,&quot;user_email_id&quot;:&quot;Buttan@gmail.com&quot;,&quot;creation_time&quot;:&quot;2024-09-27T02:30:46.483+00:00&quot;,&quot;last_mod_time&quot;:&quot;2024-09-27T02:30:46.483+00:00&quot;},{&quot;userAddress&quot;:{&quot;addressId&quot;:3261,&quot;plotNumber&quot;:null,&quot;street&quot;:&quot;test&quot;,&quot;state&quot;:&quot;virginia&quot;,&quot;country&quot;:&quot;USA&quot;,&quot;zipCode&quot;:20166},&quot;user_id&quot;:3294,&quot;user_first_name&quot;:&quot;huma&quot;,&quot;user_last_name&quot;:&quot;rani&quot;,&quot;user_contact_number&quot;:5759339080,&quot;user_email_id&quot;:&quot;humarani2@cloud.com&quot;,&quot;creation_time&quot;:&quot;2024-09-23T04:05:08.144+00:00&quot;,&quot;last_mod_time&quot;:&quot;2024-09-23T04:05:08.144+00:00&quot;},{&quot;userAddress&quot;:{&quot;addressId&quot;:2495,&quot;plotNumber&quot;:&quot;Y-23&quot;,&quot;street&quot;:&quot;Second St&quot;,&quot;state&quot;:&quot;New York&quot;,&quot;country&quot;:&quot;USA&quot;,&quot;zipCode&quot;:10001},&quot;user_id&quot;:2528,&quot;user_first_name&quot;:&quot;Sumathirrr&quot;,&quot;user_last_name&quot;:&quot;Doerrr&quot;,&quot;user_contact_number&quot;:1232226660,&quot;user_email_id&quot;:&quot;sumathfffi@example.com&quot;,&quot;creation_time&quot;:&quot;2024-09-22T14:25:15.653+00:00&quot;,&quot;last_mod_time&quot;:&quot;2024-09-23T09:34:32.874+00:00&quot;},{&quot;userAddress&quot;:{&quot;addressId&quot;:3263,&quot;plotNumber&quot;:null,&quot;street&quot;:&quot;test&quot;,&quot;state&quot;:&quot;virginia&quot;,&quot;country&quot;:&quot;USA&quot;,&quot;zipCode&quot;:20166},&quot;user_id&quot;:3296,&quot;user_first_name&quot;:&quot;Seema&quot;,&quot;user_last_name&quot;:&quot;Hassan&quot;,&quot;user_contact_number&quot;:5859339080,&quot;user_email_id&quot;:&quot;humarani3@cloud.com&quot;,&quot;creation_time&quot;:&quot;2024-09-23T04:07:05.185+00:00&quot;,&quot;last_mod_time&quot;:&quot;2024-09-23T04:07:05.185+00:00&quot;},{&quot;userAddress&quot;:{&quot;addressId&quot;:4241,&quot;plotNumber&quot;:&quot;GP-08&quot;,&quot;street&quot;:&quot;GGG&quot;,&quot;state&quot;:&quot;Indiana&quot;,&quot;country&quot;:&quot;USA&quot;,&quot;zipCode&quot;:45699},&quot;user_id&quot;:4274,&quot;user_first_name&quot;:&quot;Gayu&quot;,&quot;user_last_name&quot;:&quot;Prasath&quot;,&quot;user_contact_number&quot;:9001267891,&quot;user_email_id&quot;:&quot;ap10314@gmail.com&quot;,&quot;creation_time&quot;:&quot;2024-09-23T19:31:10.668+00:00&quot;,&quot;last_mod_time&quot;:&quot;2024-09-23T19:31:10.668+00:00&quot;},{&quot;userAddress&quot;:{&quot;addressId&quot;:2620,&quot;plotNumber&quot;:&quot;pl-13&quot;,&quot;street&quot;:&quot;Broadway&quot;,&quot;state&quot;:&quot;New Jersey&quot;,&quot;country&quot;:&quot;USA&quot;,&quot;zipCode&quot;:837300},&quot;user_id&quot;:2653,&quot;user_first_name&quot;:&quot;dheenatha&quot;,&quot;user_last_name&quot;:&quot;selva&quot;,&quot;user_contact_number&quot;:7009998788,&quot;user_email_id&quot;:&quot;zi@gmail.com&quot;,&quot;creation_time&quot;:&quot;2024-09-22T18:10:49.506+00:00&quot;,&quot;last_mod_time&quot;:&quot;2024-09-22T18:19:54.566+00:00&quot;},{&quot;userAddress&quot;:{&quot;addressId&quot;:2547,&quot;plotNumber&quot;:&quot;pl-51&quot;,&quot;street&quot;:&quot;vail rd&quot;,&quot;state&quot;:&quot;nj&quot;,&quot;country&quot;:&quot;usa&quot;,&quot;zipCode&quot;:54321},&quot;user_id&quot;:2580,&quot;user_first_name&quot;:&quot;smithatset&quot;,&quot;user_last_name&quot;:&quot;dmaanj&quot;,&quot;user_contact_number&quot;:3309131145,&quot;user_email_id&quot;:&quot;ss255team5@gmail.com&quot;,&quot;creation_time&quot;:&quot;2024-09-22T16:12:09.530+00:00&quot;,&quot;last_mod_time&quot;:&quot;2024-09-22T16:12:09.530+00:00&quot;},{&quot;userAddress&quot;:{&quot;addressId&quot;:3708,&quot;plotNumber&quot;:&quot;pl-72&quot;,&quot;street&quot;:&quot;Broadway&quot;,&quot;state&quot;:&quot;New Jersey&quot;,&quot;country&quot;:&quot;USA&quot;,&quot;zipCode&quot;:72363},&quot;user_id&quot;:3741,&quot;user_first_name&quot;:&quot;randomFirstName&quot;,&quot;user_last_name&quot;:&quot;randomLastName&quot;,&quot;user_contact_number&quot;:8129743971,&quot;user_email_id&quot;:&quot;user522@example.com&quot;,&quot;creation_time&quot;:&quot;2024-09-23T15:37:15.794+00:00&quot;,&quot;last_mod_time&quot;:&quot;2024-09-23T15:37:15.794+00:00&quot;},{&quot;userAddress&quot;:{&quot;addressId&quot;:6428,&quot;plotNumber&quot;:&quot;pl-101&quot;,&quot;street&quot;:&quot;WolfStreet&quot;,&quot;state&quot;:&quot;NC&quot;,&quot;country&quot;:&quot;USA&quot;,&quot;zipCode&quot;:12312},&quot;user_id&quot;:6461,&quot;user_first_name&quot;:&quot;VijiAvengers&quot;,&quot;user_last_name&quot;:&quot;Stark&quot;,&quot;user_contact_number&quot;:1671471166,&quot;user_email_id&quot;:&quot;Vijaya99mine@gmail.com&quot;,&quot;creation_time&quot;:&quot;2024-09-29T16:15:32.796+00:00&quot;,&quot;last_mod_time&quot;:&quot;2024-09-29T16:15:32.796+00:00&quot;},{&quot;userAddress&quot;:{&quot;addressId&quot;:3710,&quot;plotNumber&quot;:&quot;pl-72&quot;,&quot;street&quot;:&quot;Broadway&quot;,&quot;state&quot;:&quot;New Jersey&quot;,&quot;country&quot;:&quot;USA&quot;,&quot;zipCode&quot;:72363},&quot;user_id&quot;:3743,&quot;user_first_name&quot;:&quot;randomFirstName&quot;,&quot;user_last_name&quot;:&quot;randomLastName&quot;,&quot;user_contact_number&quot;:1478388892,&quot;user_email_id&quot;:&quot;user267@example.com&quot;,&quot;creation_time&quot;:&quot;2024-09-23T15:39:42.703+00:00&quot;,&quot;last_mod_time&quot;:&quot;2024-09-23T15:39:42.703+00:00&quot;},{&quot;userAddress&quot;:{&quot;addressId&quot;:2564,&quot;plotNumber&quot;:&quot;pl-51&quot;,&quot;street&quot;:&quot;vail rd&quot;,&quot;state&quot;:&quot;nj&quot;,&quot;country&quot;:&quot;usa&quot;,&quot;zipCode&quot;:54321},&quot;user_id&quot;:2597,&quot;user_first_name&quot;:&quot;smithatset&quot;,&quot;user_last_name&quot;:&quot;dmaanj&quot;,&quot;user_contact_number&quot;:3000031145,&quot;user_email_id&quot;:&quot;ss317team5@gmail.com&quot;,&quot;creation_time&quot;:&quot;2024-09-22T16:32:58.086+00:00&quot;,&quot;last_mod_time&quot;:&quot;2024-09-22T16:32:58.086+00:00&quot;},{&quot;userAddress&quot;:{&quot;addressId&quot;:5804,&quot;plotNumber&quot;:&quot;p1-098&quot;,&quot;street&quot;:&quot;cxvbmnb &quot;,&quot;state&quot;:&quot;uibhjkl&quot;,&quot;country&quot;:&quot;USA&quot;,&quot;zipCode&quot;:90865},&quot;user_id&quot;:5837,&quot;user_first_name&quot;:&quot;bpghkhjd&quot;,&quot;user_last_name&quot;:&quot;vhdbhjfg&quot;,&quot;user_contact_number&quot;:1541608490,&quot;user_email_id&quot;:&quot;nijua.loj-1727455881220@ecxfs.com&quot;,&quot;creation_time&quot;:&quot;2024-09-27T16:51:34.591+00:00&quot;,&quot;last_mod_time&quot;:&quot;2024-09-27T16:51:34.591+00:00&quot;},{&quot;userAddress&quot;:{&quot;addressId&quot;:2488,&quot;plotNumber&quot;:&quot;Y-23&quot;,&quot;street&quot;:&quot;Second St&quot;,&quot;state&quot;:&quot;New York&quot;,&quot;country&quot;:&quot;USA&quot;,&quot;zipCode&quot;:434535366},&quot;user_id&quot;:2521,&quot;user_first_name&quot;:&quot;EKarnan&quot;,&quot;user_last_name&quot;:&quot;EKunti&quot;,&quot;user_contact_number&quot;:5550444772,&quot;user_email_id&quot;:&quot;dkflhjdklhfdslkj@gmail.com&quot;,&quot;creation_time&quot;:&quot;2024-09-22T14:13:58.202+00:00&quot;,&quot;last_mod_time&quot;:&quot;2024-09-23T09:45:26.873+00:00&quot;},{&quot;userAddress&quot;:{&quot;addressId&quot;:2303,&quot;plotNumber&quot;:&quot;pr-108&quot;,&quot;street&quot;:&quot;string&quot;,&quot;state&quot;:&quot;string&quot;,&quot;country&quot;:&quot;string&quot;,&quot;zipCode&quot;:89098},&quot;user_id&quot;:2336,&quot;user_first_name&quot;:&quot;Shreya&quot;,&quot;user_last_name&quot;:&quot;Das&quot;,&quot;user_contact_number&quot;:8987878990,&quot;user_email_id&quot;:&quot;shd20@gmail.com&quot;,&quot;creation_time&quot;:&quot;2024-09-22T02:00:20.025+00:00&quot;,&quot;last_mod_time&quot;:&quot;2024-09-22T02:00:20.025+00:00&quot;},{&quot;userAddress&quot;:{&quot;addressId&quot;:2305,&quot;plotNumber&quot;:&quot;pr-108&quot;,&quot;street&quot;:&quot;string&quot;,&quot;state&quot;:&quot;string&quot;,&quot;country&quot;:&quot;string&quot;,&quot;zipCode&quot;:89098},&quot;user_id&quot;:2338,&quot;user_first_name&quot;:&quot;Shreya&quot;,&quot;user_last_name&quot;:&quot;Das&quot;,&quot;user_contact_number&quot;:8987878992,&quot;user_email_id&quot;:&quot;shd22@gmail.com&quot;,&quot;creation_time&quot;:&quot;2024-09-22T02:02:52.436+00:00&quot;,&quot;last_mod_time&quot;:&quot;2024-09-22T02:02:52.436+00:00&quot;},{&quot;userAddress&quot;:{&quot;addressId&quot;:3937,&quot;plotNumber&quot;:&quot;s-234&quot;,&quot;street&quot;:&quot;edwin bulvd&quot;,&quot;state&quot;:&quot;Cal&quot;,&quot;country&quot;:&quot;US&quot;,&quot;zipCode&quot;:56744},&quot;user_id&quot;:3970,&quot;user_first_name&quot;:&quot;Niranjana&quot;,&quot;user_last_name&quot;:&quot;Rengarajan&quot;,&quot;user_contact_number&quot;:8937678278,&quot;user_email_id&quot;:&quot;niranj123@gamil.com&quot;,&quot;creation_time&quot;:&quot;2024-09-23T16:24:41.893+00:00&quot;,&quot;last_mod_time&quot;:&quot;2024-09-23T16:24:41.893+00:00&quot;},{&quot;userAddress&quot;:{&quot;addressId&quot;:3130,&quot;plotNumber&quot;:&quot;pl-72&quot;,&quot;street&quot;:&quot;Broadway&quot;,&quot;state&quot;:&quot;New Jersey&quot;,&quot;country&quot;:&quot;USA&quot;,&quot;zipCode&quot;:72363},&quot;user_id&quot;:3163,&quot;user_first_name&quot;:&quot;randomFirstName&quot;,&quot;user_last_name&quot;:&quot;randomLastName&quot;,&quot;user_contact_number&quot;:4193608086,&quot;user_email_id&quot;:&quot;user921@example.com&quot;,&quot;creation_time&quot;:&quot;2024-09-23T02:42:02.345+00:00&quot;,&quot;last_mod_time&quot;:&quot;2024-09-23T02:42:02.345+00:00&quot;},{&quot;userAddress&quot;:{&quot;addressId&quot;:3938,&quot;plotNumber&quot;:&quot;s-234&quot;,&quot;street&quot;:&quot;edwin bulvd&quot;,&quot;state&quot;:&quot;Cal&quot;,&quot;country&quot;:&quot;US&quot;,&quot;zipCode&quot;:56744},&quot;user_id&quot;:3971,&quot;user_first_name&quot;:&quot;jannet&quot;,&quot;user_last_name&quot;:&quot;kson&quot;,&quot;user_contact_number&quot;:9867678278,&quot;user_email_id&quot;:&quot;jan23@gamil.com&quot;,&quot;creation_time&quot;:&quot;2024-09-23T16:24:42.114+00:00&quot;,&quot;last_mod_time&quot;:&quot;2024-09-23T16:24:42.114+00:00&quot;},{&quot;userAddress&quot;:{&quot;addressId&quot;:3941,&quot;plotNumber&quot;:&quot;s-234&quot;,&quot;street&quot;:&quot;edwin bulvd&quot;,&quot;state&quot;:&quot;Cal&quot;,&quot;country&quot;:&quot;US&quot;,&quot;zipCode&quot;:56744},&quot;user_id&quot;:3974,&quot;user_first_name&quot;:&quot;Emily&quot;,&quot;user_last_name&quot;:&quot;Jackson&quot;,&quot;user_contact_number&quot;:9837678278,&quot;user_email_id&quot;:&quot;jack23@gamil.com&quot;,&quot;creation_time&quot;:&quot;2024-09-23T16:24:42.723+00:00&quot;,&quot;last_mod_time&quot;:&quot;2024-09-23T16:24:42.723+00:00&quot;},{&quot;userAddress&quot;:{&quot;addressId&quot;:2313,&quot;plotNumber&quot;:&quot;G-121&quot;,&quot;street&quot;:&quot;MGRoad&quot;,&quot;state&quot;:&quot;KA&quot;,&quot;country&quot;:&quot;Uk&quot;,&quot;zipCode&quot;:0},&quot;user_id&quot;:2346,&quot;user_first_name&quot;:&quot;Rom&quot;,&quot;user_last_name&quot;:&quot;Hitz&quot;,&quot;user_contact_number&quot;:7773457539,&quot;user_email_id&quot;:&quot;rom06@nnj.com&quot;,&quot;creation_time&quot;:&quot;2024-09-22T02:06:36.607+00:00&quot;,&quot;last_mod_time&quot;:&quot;2024-09-22T02:06:36.607+00:00&quot;},{&quot;userAddress&quot;:{&quot;addressId&quot;:2314,&quot;plotNumber&quot;:&quot;G-121&quot;,&quot;street&quot;:&quot;MGRoad&quot;,&quot;state&quot;:&quot;KA&quot;,&quot;country&quot;:&quot;Uk&quot;,&quot;zipCode&quot;:0},&quot;user_id&quot;:2347,&quot;user_first_name&quot;:&quot;Rom&quot;,&quot;user_last_name&quot;:&quot;Hitz&quot;,&quot;user_contact_number&quot;:7773857539,&quot;user_email_id&quot;:&quot;romteam06@nnj.com&quot;,&quot;creation_time&quot;:&quot;2024-09-22T02:09:03.442+00:00&quot;,&quot;last_mod_time&quot;:&quot;2024-09-22T02:09:03.442+00:00&quot;},{&quot;userAddress&quot;:{&quot;addressId&quot;:2315,&quot;plotNumber&quot;:&quot;AB-763&quot;,&quot;street&quot;:&quot;Mockingbird way&quot;,&quot;state&quot;:&quot;OR&quot;,&quot;country&quot;:&quot;USA&quot;,&quot;zipCode&quot;:97007},&quot;user_id&quot;:2348,&quot;user_first_name&quot;:&quot;Henishia&quot;,&quot;user_last_name&quot;:&quot;Jerald&quot;,&quot;user_contact_number&quot;:1276782622,&quot;user_email_id&quot;:&quot;henishia@gmail.com&quot;,&quot;creation_time&quot;:&quot;2024-09-22T02:10:15.878+00:00&quot;,&quot;last_mod_time&quot;:&quot;2024-09-22T02:10:15.878+00:00&quot;},{&quot;userAddress&quot;:{&quot;addressId&quot;:4428,&quot;plotNumber&quot;:&quot;p1-098&quot;,&quot;street&quot;:&quot;cxvbmnb &quot;,&quot;state&quot;:&quot;uibhjkl&quot;,&quot;country&quot;:&quot;USA&quot;,&quot;zipCode&quot;:90865},&quot;user_id&quot;:4461,&quot;user_first_name&quot;:&quot;bklldft&quot;,&quot;user_last_name&quot;:&quot;vhjdrjvbape&quot;,&quot;user_contact_number&quot;:1819456237,&quot;user_email_id&quot;:&quot;cvfa.nme-1727285285046@example.com&quot;,&quot;creation_time&quot;:&quot;2024-09-25T17:28:05.613+00:00&quot;,&quot;last_mod_time&quot;:&quot;2024-09-25T17:28:05.613+00:00&quot;},{&quot;userAddress&quot;:{&quot;addressId&quot;:2475,&quot;plotNumber&quot;:null,&quot;street&quot;:null,&quot;state&quot;:&quot;CA&quot;,&quot;country&quot;:null,&quot;zipCode&quot;:12123},&quot;user_id&quot;:2508,&quot;user_first_name&quot;:&quot;Anni&quot;,&quot;user_last_name&quot;:&quot;Doe&quot;,&quot;user_contact_number&quot;:1284567612,&quot;user_email_id&quot;:&quot;A.do@example.com&quot;,&quot;creation_time&quot;:&quot;2024-09-22T08:35:36.563+00:00&quot;,&quot;last_mod_time&quot;:&quot;2024-09-22T08:35:36.563+00:00&quot;},{&quot;userAddress&quot;:{&quot;addressId&quot;:2476,&quot;plotNumber&quot;:null,&quot;street&quot;:null,&quot;state&quot;:&quot;CA&quot;,&quot;country&quot;:null,&quot;zipCode&quot;:12123},&quot;user_id&quot;:2509,&quot;user_first_name&quot;:&quot;Anni&quot;,&quot;user_last_name&quot;:&quot;Doe&quot;,&quot;user_contact_number&quot;:1284567613,&quot;user_email_id&quot;:&quot;An.do@example.com&quot;,&quot;creation_time&quot;:&quot;2024-09-22T08:36:15.364+00:00&quot;,&quot;last_mod_time&quot;:&quot;2024-09-22T08:36:15.364+00:00&quot;},{&quot;userAddress&quot;:{&quot;addressId&quot;:4340,&quot;plotNumber&quot;:&quot;F-06&quot;,&quot;street&quot;:&quot;comment&quot;,&quot;state&quot;:&quot;like&quot;,&quot;country&quot;:&quot;subscribe&quot;,&quot;zipCode&quot;:10023},&quot;user_id&quot;:4373,&quot;user_first_name&quot;:&quot;first&quot;,&quot;user_last_name&quot;:&quot;last&quot;,&quot;user_contact_number&quot;:1221231230,&quot;user_email_id&quot;:&quot;first106@last.com&quot;,&quot;creation_time&quot;:&quot;2024-09-24T19:53:25.607+00:00&quot;,&quot;last_mod_time&quot;:&quot;2024-09-24T19:53:25.607+00:00&quot;},{&quot;userAddress&quot;:{&quot;addressId&quot;:4429,&quot;plotNumber&quot;:&quot;p1-098&quot;,&quot;street&quot;:&quot;cxvbmnb &quot;,&quot;state&quot;:&quot;uibhjkl&quot;,&quot;country&quot;:&quot;USA&quot;,&quot;zipCode&quot;:90865},&quot;user_id&quot;:4462,&quot;user_first_name&quot;:&quot;bklldftwe&quot;,&quot;user_last_name&quot;:&quot;vhjdrjv&quot;,&quot;user_contact_number&quot;:1495011333,&quot;user_email_id&quot;:&quot;cvfa.nme-1727285657413@example.com&quot;,&quot;creation_time&quot;:&quot;2024-09-25T17:34:17.976+00:00&quot;,&quot;last_mod_time&quot;:&quot;2024-09-25T17:34:17.976+00:00&quot;},{&quot;userAddress&quot;:{&quot;addressId&quot;:2322,&quot;plotNumber&quot;:&quot;AB-283&quot;,&quot;street&quot;:&quot;Mockingbird way&quot;,&quot;state&quot;:&quot;OR&quot;,&quot;country&quot;:&quot;USA&quot;,&quot;zipCode&quot;:97007},&quot;user_id&quot;:2355,&quot;user_first_name&quot;:&quot;Jerald&quot;,&quot;user_last_name&quot;:&quot;Paulraj&quot;,&quot;user_contact_number&quot;:5976781112,&quot;user_email_id&quot;:&quot;jerald@gmail.com&quot;,&quot;creation_time&quot;:&quot;2024-09-22T02:13:17.196+00:00&quot;,&quot;last_mod_time&quot;:&quot;2024-09-22T02:13:17.196+00:00&quot;},{&quot;userAddress&quot;:{&quot;addressId&quot;:2323,&quot;plotNumber&quot;:&quot;AB-383&quot;,&quot;street&quot;:&quot;Mockingbird way&quot;,&quot;state&quot;:&quot;OR&quot;,&quot;country&quot;:&quot;USA&quot;,&quot;zipCode&quot;:97007},&quot;user_id&quot;:2356,&quot;user_first_name&quot;:&quot;Leia&quot;,&quot;user_last_name&quot;:&quot;Jerald&quot;,&quot;user_contact_number&quot;:5976714912,&quot;user_email_id&quot;:&quot;Leia@gmail.com&quot;,&quot;creation_time&quot;:&quot;2024-09-22T02:14:10.965+00:00&quot;,&quot;last_mod_time&quot;:&quot;2024-09-22T02:14:10.965+00:00&quot;},{&quot;userAddress&quot;:{&quot;addressId&quot;:4430,&quot;plotNumber&quot;:&quot;p1-098&quot;,&quot;street&quot;:&quot;cxvbmnb &quot;,&quot;state&quot;:&quot;uibhjkl&quot;,&quot;country&quot;:&quot;USA&quot;,&quot;zipCode&quot;:90865},&quot;user_id&quot;:4463,&quot;user_first_name&quot;:&quot;bklldfsdtwe&quot;,&quot;user_last_name&quot;:&quot;vhjdrjvop&quot;,&quot;user_contact_number&quot;:1241786094,&quot;user_email_id&quot;:&quot;cvfa.nme-1727285824643@example.com&quot;,&quot;creation_time&quot;:&quot;2024-09-25T17:37:05.186+00:00&quot;,&quot;last_mod_time&quot;:&quot;2024-09-25T17:37:05.186+00:00&quot;},{&quot;userAddress&quot;:{&quot;addressId&quot;:4431,&quot;plotNumber&quot;:&quot;p1-098&quot;,&quot;street&quot;:&quot;cxvbmnb &quot;,&quot;state&quot;:&quot;uibhjkl&quot;,&quot;country&quot;:&quot;USA&quot;,&quot;zipCode&quot;:90865},&quot;user_id&quot;:4464,&quot;user_first_name&quot;:&quot;bklldfwe&quot;,&quot;user_last_name&quot;:&quot;vdrjvop&quot;,&quot;user_contact_number&quot;:1375582130,&quot;user_email_id&quot;:&quot;cvfa.nme-1727286053589@example.com&quot;,&quot;creation_time&quot;:&quot;2024-09-25T17:40:54.166+00:00&quot;,&quot;last_mod_time&quot;:&quot;2024-09-25T17:40:54.166+00:00&quot;},{&quot;userAddress&quot;:{&quot;addressId&quot;:4454,&quot;plotNumber&quot;:&quot;p1-09&quot;,&quot;street&quot;:&quot;Main&quot;,&quot;state&quot;:&quot;NY&quot;,&quot;country&quot;:&quot;USA&quot;,&quot;zipCode&quot;:10901},&quot;user_id&quot;:4487,&quot;user_first_name&quot;:&quot;yanam&quot;,&quot;user_last_name&quot;:&quot;don&quot;,&quot;user_contact_number&quot;:9248350609,&quot;user_email_id&quot;:&quot;yanam.don@example.com&quot;,&quot;creation_time&quot;:&quot;2024-09-25T19:23:10.672+00:00&quot;,&quot;last_mod_time&quot;:&quot;2024-09-25T19:23:10.672+00:00&quot;},{&quot;userAddress&quot;:{&quot;addressId&quot;:4455,&quot;plotNumber&quot;:&quot;p1-098&quot;,&quot;street&quot;:&quot;cxvbmnb &quot;,&quot;state&quot;:&quot;uibhjkl&quot;,&quot;country&quot;:&quot;USA&quot;,&quot;zipCode&quot;:90865},&quot;user_id&quot;:4488,&quot;user_first_name&quot;:&quot;bkllklo&quot;,&quot;user_last_name&quot;:&quot;vdbndropopi&quot;,&quot;user_contact_number&quot;:1607660732,&quot;user_email_id&quot;:&quot;cvfa.nme-1727292555201@example.com&quot;,&quot;creation_time&quot;:&quot;2024-09-25T19:29:15.717+00:00&quot;,&quot;last_mod_time&quot;:&quot;2024-09-25T19:29:15.717+00:00&quot;},{&quot;userAddress&quot;:{&quot;addressId&quot;:4457,&quot;plotNumber&quot;:&quot;p1-098&quot;,&quot;street&quot;:&quot;cxvbmnb &quot;,&quot;state&quot;:&quot;uibhjkl&quot;,&quot;country&quot;:&quot;USA&quot;,&quot;zipCode&quot;:90865},&quot;user_id&quot;:4490,&quot;user_first_name&quot;:&quot;bklklo&quot;,&quot;user_last_name&quot;:&quot;vdbndrop&quot;,&quot;user_contact_number&quot;:1631448954,&quot;user_email_id&quot;:&quot;cvfa.nme-1727292906872@example.com&quot;,&quot;creation_time&quot;:&quot;2024-09-25T19:35:07.516+00:00&quot;,&quot;last_mod_time&quot;:&quot;2024-09-25T19:35:07.516+00:00&quot;},{&quot;userAddress&quot;:{&quot;addressId&quot;:4458,&quot;plotNumber&quot;:&quot;p1-098&quot;,&quot;street&quot;:&quot;cxvbmnb &quot;,&quot;state&quot;:&quot;uibhjkl&quot;,&quot;country&quot;:&quot;USA&quot;,&quot;zipCode&quot;:90865},&quot;user_id&quot;:4491,&quot;user_first_name&quot;:&quot;bngetnmghjk&quot;,&quot;user_last_name&quot;:&quot;vhjjvbnihj&quot;,&quot;user_contact_number&quot;:1556805402,&quot;user_email_id&quot;:&quot;nijua.loj-1727293260888@ecxfs.com&quot;,&quot;creation_time&quot;:&quot;2024-09-25T19:41:01.514+00:00&quot;,&quot;last_mod_time&quot;:&quot;2024-09-25T19:41:01.514+00:00&quot;},{&quot;userAddress&quot;:{&quot;addressId&quot;:2493,&quot;plotNumber&quot;:&quot;Y-23&quot;,&quot;street&quot;:&quot;Second St&quot;,&quot;state&quot;:&quot;New York&quot;,&quot;country&quot;:null,&quot;zipCode&quot;:10001},&quot;user_id&quot;:2526,&quot;user_first_name&quot;:&quot;Karnan&quot;,&quot;user_last_name&quot;:&quot;Kunti&quot;,&quot;user_contact_number&quot;:6250188888,&quot;user_email_id&quot;:&quot;Karnan.kunti@gmail.com&quot;,&quot;creation_time&quot;:&quot;2024-09-22T14:20:29.796+00:00&quot;,&quot;last_mod_time&quot;:&quot;2024-09-22T14:20:29.796+00:00&quot;},{&quot;userAddress&quot;:{&quot;addressId&quot;:2333,&quot;plotNumber&quot;:&quot;G-121&quot;,&quot;street&quot;:&quot;MGRoad&quot;,&quot;state&quot;:&quot;KA&quot;,&quot;country&quot;:&quot;Uk&quot;,&quot;zipCode&quot;:0},&quot;user_id&quot;:2366,&quot;user_first_name&quot;:&quot;Rom&quot;,&quot;user_last_name&quot;:&quot;Hitz&quot;,&quot;user_contact_number&quot;:7773057539,&quot;user_email_id&quot;:&quot;roometeam06@nnj.com&quot;,&quot;creation_time&quot;:&quot;2024-09-22T02:18:03.419+00:00&quot;,&quot;last_mod_time&quot;:&quot;2024-09-22T02:18:03.419+00:00&quot;},{&quot;userAddress&quot;:{&quot;addressId&quot;:2335,&quot;plotNumber&quot;:&quot;G-121&quot;,&quot;street&quot;:&quot;MGRoad&quot;,&quot;state&quot;:&quot;KA&quot;,&quot;country&quot;:&quot;Uk&quot;,&quot;zipCode&quot;:0},&quot;user_id&quot;:2368,&quot;user_first_name&quot;:&quot;Rom&quot;,&quot;user_last_name&quot;:&quot;Hitz&quot;,&quot;user_contact_number&quot;:7773057509,&quot;user_email_id&quot;:&quot;roomenteam06@nnj.com&quot;,&quot;creation_time&quot;:&quot;2024-09-22T02:19:03.615+00:00&quot;,&quot;last_mod_time&quot;:&quot;2024-09-22T02:19:03.615+00:00&quot;},{&quot;userAddress&quot;:{&quot;addressId&quot;:2336,&quot;plotNumber&quot;:&quot;G-121&quot;,&quot;street&quot;:&quot;MGRoad&quot;,&quot;state&quot;:&quot;KA&quot;,&quot;country&quot;:&quot;Uk&quot;,&quot;zipCode&quot;:0},&quot;user_id&quot;:2369,&quot;user_first_name&quot;:&quot;Rom&quot;,&quot;user_last_name&quot;:&quot;Hitz&quot;,&quot;user_contact_number&quot;:7793057509,&quot;user_email_id&quot;:&quot;roomeinteam06@nnj.com&quot;,&quot;creation_time&quot;:&quot;2024-09-22T02:19:49.905+00:00&quot;,&quot;last_mod_time&quot;:&quot;2024-09-22T02:19:49.905+00:00&quot;},{&quot;userAddress&quot;:{&quot;addressId&quot;:2338,&quot;plotNumber&quot;:&quot;G-121&quot;,&quot;street&quot;:&quot;MGRoad&quot;,&quot;state&quot;:&quot;KA&quot;,&quot;country&quot;:&quot;Uk&quot;,&quot;zipCode&quot;:0},&quot;user_id&quot;:2371,&quot;user_first_name&quot;:&quot;Romi&quot;,&quot;user_last_name&quot;:&quot;Hitz&quot;,&quot;user_contact_number&quot;:7793050509,&quot;user_email_id&quot;:&quot;rmeinteam06@nnj.com&quot;,&quot;creation_time&quot;:&quot;2024-09-22T02:22:00.485+00:00&quot;,&quot;last_mod_time&quot;:&quot;2024-09-22T02:22:00.485+00:00&quot;},{&quot;userAddress&quot;:{&quot;addressId&quot;:2496,&quot;plotNumber&quot;:&quot;Y-23&quot;,&quot;street&quot;:&quot;Second St&quot;,&quot;state&quot;:&quot;New York&quot;,&quot;country&quot;:&quot;USA&quot;,&quot;zipCode&quot;:10001},&quot;user_id&quot;:2529,&quot;user_first_name&quot;:&quot;DKarnan&quot;,&quot;user_last_name&quot;:&quot;DKunti&quot;,&quot;user_contact_number&quot;:6250188882,&quot;user_email_id&quot;:&quot;DKarnan.kunti@gmail.com&quot;,&quot;creation_time&quot;:&quot;2024-09-22T14:27:26.085+00:00&quot;,&quot;last_mod_time&quot;:&quot;2024-09-22T14:27:26.085+00:00&quot;},{&quot;userAddress&quot;:{&quot;addressId&quot;:2497,&quot;plotNumber&quot;:&quot;Y-23&quot;,&quot;street&quot;:&quot;Second St&quot;,&quot;state&quot;:&quot;New York&quot;,&quot;country&quot;:&quot;USA&quot;,&quot;zipCode&quot;:null},&quot;user_id&quot;:2530,&quot;user_first_name&quot;:&quot;FKarnan&quot;,&quot;user_last_name&quot;:&quot;FKunti&quot;,&quot;user_contact_number&quot;:6250188883,&quot;user_email_id&quot;:&quot;FKarnan.kunti@gmail.com&quot;,&quot;creation_time&quot;:&quot;2024-09-22T14:34:54.460+00:00&quot;,&quot;last_mod_time&quot;:&quot;2024-09-22T14:34:54.460+00:00&quot;},{&quot;userAddress&quot;:{&quot;addressId&quot;:2498,&quot;plotNumber&quot;:&quot;Y-23&quot;,&quot;street&quot;:&quot;Second St&quot;,&quot;state&quot;:&quot;New York&quot;,&quot;country&quot;:&quot;USA&quot;,&quot;zipCode&quot;:null},&quot;user_id&quot;:2531,&quot;user_first_name&quot;:&quot;GKarnan&quot;,&quot;user_last_name&quot;:&quot;GKunti&quot;,&quot;user_contact_number&quot;:6250188884,&quot;user_email_id&quot;:&quot;GKarnan.kunti@gmail.com&quot;,&quot;creation_time&quot;:&quot;2024-09-22T14:35:56.864+00:00&quot;,&quot;last_mod_time&quot;:&quot;2024-09-22T14:35:56.864+00:00&quot;},{&quot;userAddress&quot;:{&quot;addressId&quot;:2340,&quot;plotNumber&quot;:&quot;G-121&quot;,&quot;street&quot;:&quot;MGRoad&quot;,&quot;state&quot;:&quot;KA&quot;,&quot;country&quot;:&quot;Uk&quot;,&quot;zipCode&quot;:0},&quot;user_id&quot;:2373,&quot;user_first_name&quot;:&quot;Romi&quot;,&quot;user_last_name&quot;:&quot;Hitz&quot;,&quot;user_contact_number&quot;:1793050509,&quot;user_email_id&quot;:&quot;rmeiteam06@nnj.com&quot;,&quot;creation_time&quot;:&quot;2024-09-22T02:23:12.845+00:00&quot;,&quot;last_mod_time&quot;:&quot;2024-09-22T02:23:12.845+00:00&quot;},{&quot;userAddress&quot;:{&quot;addressId&quot;:2321,&quot;plotNumber&quot;:&quot;G-121&quot;,&quot;street&quot;:&quot;MGRoad&quot;,&quot;state&quot;:&quot;KA&quot;,&quot;country&quot;:&quot;Uk&quot;,&quot;zipCode&quot;:0},&quot;user_id&quot;:2354,&quot;user_first_name&quot;:&quot;Rom&quot;,&quot;user_last_name&quot;:&quot;Hertz&quot;,&quot;user_contact_number&quot;:7003857539,&quot;user_email_id&quot;:&quot;rometeam06@nnj.com&quot;,&quot;creation_time&quot;:&quot;2024-09-22T02:13:15.752+00:00&quot;,&quot;last_mod_time&quot;:&quot;2024-09-22T02:23:14.506+00:00&quot;},{&quot;userAddress&quot;:{&quot;addressId&quot;:2501,&quot;plotNumber&quot;:&quot;Y-23&quot;,&quot;street&quot;:&quot;Second St&quot;,&quot;state&quot;:&quot;New York&quot;,&quot;country&quot;:&quot;USA&quot;,&quot;zipCode&quot;:25635},&quot;user_id&quot;:2534,&quot;user_first_name&quot;:&quot;HKarnan&quot;,&quot;user_last_name&quot;:&quot;HKunti&quot;,&quot;user_contact_number&quot;:8521459876,&quot;user_email_id&quot;:&quot;HKarnan.kunti@gmail.com&quot;,&quot;creation_time&quot;:&quot;2024-09-22T14:45:32.627+00:00&quot;,&quot;last_mod_time&quot;:&quot;2024-09-22T14:45:32.627+00:00&quot;},{&quot;userAddress&quot;:{&quot;addressId&quot;:2351,&quot;plotNumber&quot;:&quot;pl-51&quot;,&quot;street&quot;:&quot;vail rd&quot;,&quot;state&quot;:&quot;nj&quot;,&quot;country&quot;:&quot;usa&quot;,&quot;zipCode&quot;:54321},&quot;user_id&quot;:2384,&quot;user_first_name&quot;:&quot;rooyi&quot;,&quot;user_last_name&quot;:&quot;laokl&quot;,&quot;user_contact_number&quot;:3004456615,&quot;user_email_id&quot;:&quot;sdto77008@gmail.com&quot;,&quot;creation_time&quot;:&quot;2024-09-22T02:34:51.659+00:00&quot;,&quot;last_mod_time&quot;:&quot;2024-09-22T02:34:51.659+00:00&quot;},{&quot;userAddress&quot;:{&quot;addressId&quot;:2365,&quot;plotNumber&quot;:&quot;12-o&quot;,&quot;street&quot;:&quot;qaws&quot;,&quot;state&quot;:&quot;qa&quot;,&quot;country&quot;:&quot;qazw&quot;,&quot;zipCode&quot;:123457},&quot;user_id&quot;:2398,&quot;user_first_name&quot;:&quot;Manuela&quot;,&quot;user_last_name&quot;:&quot;Beatty&quot;,&quot;user_contact_number&quot;:4933521528,&quot;user_email_id&quot;:&quot;Porter.Gaylord69@hotmail.com&quot;,&quot;creation_time&quot;:&quot;2024-09-22T03:10:24.858+00:00&quot;,&quot;last_mod_time&quot;:&quot;2024-09-22T03:10:24.858+00:00&quot;},{&quot;userAddress&quot;:{&quot;addressId&quot;:2505,&quot;plotNumber&quot;:&quot;Y-23&quot;,&quot;street&quot;:&quot;Second St&quot;,&quot;state&quot;:&quot;New York&quot;,&quot;country&quot;:&quot;USA&quot;,&quot;zipCode&quot;:25635},&quot;user_id&quot;:2538,&quot;user_first_name&quot;:&quot;JKarnan&quot;,&quot;user_last_name&quot;:&quot;JKunti&quot;,&quot;user_contact_number&quot;:8521459844,&quot;user_email_id&quot;:&quot;JKarnan3.kunti@gmail.com&quot;,&quot;creation_time&quot;:&quot;2024-09-22T14:59:35.674+00:00&quot;,&quot;last_mod_time&quot;:&quot;2024-09-22T14:59:35.674+00:00&quot;},{&quot;userAddress&quot;:{&quot;addressId&quot;:2368,&quot;plotNumber&quot;:&quot;307-A&quot;,&quot;street&quot;:&quot;laplace&quot;,&quot;state&quot;:&quot;PA&quot;,&quot;country&quot;:&quot;USA&quot;,&quot;zipCode&quot;:90876},&quot;user_id&quot;:2401,&quot;user_first_name&quot;:&quot;TestUserr&quot;,&quot;user_last_name&quot;:&quot;TeestUser&quot;,&quot;user_contact_number&quot;:2323232320,&quot;user_email_id&quot;:&quot;2320@gmail.com&quot;,&quot;creation_time&quot;:&quot;2024-09-22T03:15:40.227+00:00&quot;,&quot;last_mod_time&quot;:&quot;2024-09-22T03:15:40.227+00:00&quot;},{&quot;userAddress&quot;:{&quot;addressId&quot;:2369,&quot;plotNumber&quot;:&quot;307-A&quot;,&quot;street&quot;:&quot;laplace&quot;,&quot;state&quot;:&quot;PA&quot;,&quot;country&quot;:&quot;USA&quot;,&quot;zipCode&quot;:90876},&quot;user_id&quot;:2402,&quot;user_first_name&quot;:&quot;TestUserr&quot;,&quot;user_last_name&quot;:&quot;TeestUser&quot;,&quot;user_contact_number&quot;:2323232321,&quot;user_email_id&quot;:&quot;2322@gmail.com&quot;,&quot;creation_time&quot;:&quot;2024-09-22T03:21:40.297+00:00&quot;,&quot;last_mod_time&quot;:&quot;2024-09-22T03:21:40.297+00:00&quot;},{&quot;userAddress&quot;:{&quot;addressId&quot;:2512,&quot;plotNumber&quot;:&quot;7-65&quot;,&quot;street&quot;:null,&quot;state&quot;:&quot;halifax&quot;,&quot;country&quot;:null,&quot;zipCode&quot;:3456},&quot;user_id&quot;:2545,&quot;user_first_name&quot;:&quot;mona&quot;,&quot;user_last_name&quot;:&quot;trisha&quot;,&quot;user_contact_number&quot;:7771377777,&quot;user_email_id&quot;:&quot;uyi19t@gmail.com&quot;,&quot;creation_time&quot;:&quot;2024-09-22T15:15:15.127+00:00&quot;,&quot;last_mod_time&quot;:&quot;2024-09-22T15:15:15.127+00:00&quot;},{&quot;userAddress&quot;:{&quot;addressId&quot;:2371,&quot;plotNumber&quot;:&quot;T-30&quot;,&quot;street&quot;:null,&quot;state&quot;:&quot;Ny&quot;,&quot;country&quot;:null,&quot;zipCode&quot;:8832},&quot;user_id&quot;:2404,&quot;user_first_name&quot;:&quot;Ruhan&quot;,&quot;user_last_name&quot;:&quot;Dash&quot;,&quot;user_contact_number&quot;:2018356104,&quot;user_email_id&quot;:&quot;RuhanRR67@gmail.com&quot;,&quot;creation_time&quot;:&quot;2024-09-22T03:22:30.279+00:00&quot;,&quot;last_mod_time&quot;:&quot;2024-09-22T03:22:30.279+00:00&quot;},{&quot;userAddress&quot;:{&quot;addressId&quot;:2354,&quot;plotNumber&quot;:&quot;pl-51&quot;,&quot;street&quot;:&quot;vail rd&quot;,&quot;state&quot;:&quot;nj&quot;,&quot;country&quot;:&quot;usa&quot;,&quot;zipCode&quot;:54321},&quot;user_id&quot;:2387,&quot;user_first_name&quot;:&quot;royi&quot;,&quot;user_last_name&quot;:&quot;lapkl&quot;,&quot;user_contact_number&quot;:3004406615,&quot;user_email_id&quot;:&quot;sdto717008@gmail.com&quot;,&quot;creation_time&quot;:&quot;2024-09-22T02:50:39.737+00:00&quot;,&quot;last_mod_time&quot;:&quot;2024-09-22T02:50:39.737+00:00&quot;},{&quot;userAddress&quot;:{&quot;addressId&quot;:2357,&quot;plotNumber&quot;:&quot;12-o&quot;,&quot;street&quot;:&quot;qaws&quot;,&quot;state&quot;:&quot;qa&quot;,&quot;country&quot;:&quot;qazw&quot;,&quot;zipCode&quot;:123457},&quot;user_id&quot;:2390,&quot;user_first_name&quot;:&quot;Cheyanne&quot;,&quot;user_last_name&quot;:&quot;Kutch&quot;,&quot;user_contact_number&quot;:9707287151,&quot;user_email_id&quot;:&quot;Pierce.Larson17@yahoo.com&quot;,&quot;creation_time&quot;:&quot;2024-09-22T02:58:09.756+00:00&quot;,&quot;last_mod_time&quot;:&quot;2024-09-22T02:58:09.756+00:00&quot;},{&quot;userAddress&quot;:{&quot;addressId&quot;:2360,&quot;plotNumber&quot;:&quot;12-o&quot;,&quot;street&quot;:&quot;qaws&quot;,&quot;state&quot;:&quot;qa&quot;,&quot;country&quot;:&quot;qazw&quot;,&quot;zipCode&quot;:123457},&quot;user_id&quot;:2393,&quot;user_first_name&quot;:&quot;Rhoda&quot;,&quot;user_last_name&quot;:&quot;Wehner&quot;,&quot;user_contact_number&quot;:1776696835,&quot;user_email_id&quot;:&quot;Cordie_Bode@yahoo.com&quot;,&quot;creation_time&quot;:&quot;2024-09-22T03:00:58.653+00:00&quot;,&quot;last_mod_time&quot;:&quot;2024-09-22T03:00:58.653+00:00&quot;},{&quot;userAddress&quot;:{&quot;addressId&quot;:2361,&quot;plotNumber&quot;:&quot;pr-108&quot;,&quot;street&quot;:&quot;string&quot;,&quot;state&quot;:&quot;string&quot;,&quot;country&quot;:&quot;string&quot;,&quot;zipCode&quot;:89098},&quot;user_id&quot;:2394,&quot;user_first_name&quot;:&quot;Shreya&quot;,&quot;user_last_name&quot;:&quot;Das&quot;,&quot;user_contact_number&quot;:8987878994,&quot;user_email_id&quot;:&quot;shd24@gmail.com&quot;,&quot;creation_time&quot;:&quot;2024-09-22T03:03:20.222+00:00&quot;,&quot;last_mod_time&quot;:&quot;2024-09-22T03:03:20.222+00:00&quot;},{&quot;userAddress&quot;:{&quot;addressId&quot;:2363,&quot;plotNumber&quot;:&quot;12-o&quot;,&quot;street&quot;:&quot;qaws&quot;,&quot;state&quot;:&quot;qa&quot;,&quot;country&quot;:&quot;qazw&quot;,&quot;zipCode&quot;:123457},&quot;user_id&quot;:2396,&quot;user_first_name&quot;:&quot;Lee&quot;,&quot;user_last_name&quot;:&quot;Rau&quot;,&quot;user_contact_number&quot;:5332549216,&quot;user_email_id&quot;:&quot;Ayden81@hotmail.com&quot;,&quot;creation_time&quot;:&quot;2024-09-22T03:04:55.285+00:00&quot;,&quot;last_mod_time&quot;:&quot;2024-09-22T03:04:55.285+00:00&quot;},{&quot;userAddress&quot;:{&quot;addressId&quot;:2364,&quot;plotNumber&quot;:&quot;pl-51&quot;,&quot;street&quot;:&quot;vail rd&quot;,&quot;state&quot;:&quot;nj&quot;,&quot;country&quot;:&quot;usa&quot;,&quot;zipCode&quot;:54321},&quot;user_id&quot;:2397,&quot;user_first_name&quot;:&quot;royii&quot;,&quot;user_last_name&quot;:&quot;lapkol&quot;,&quot;user_contact_number&quot;:3004706615,&quot;user_email_id&quot;:&quot;sdto707008@gmail.com&quot;,&quot;creation_time&quot;:&quot;2024-09-22T03:08:01.363+00:00&quot;,&quot;last_mod_time&quot;:&quot;2024-09-22T03:08:01.363+00:00&quot;},{&quot;userAddress&quot;:{&quot;addressId&quot;:2375,&quot;plotNumber&quot;:&quot;307-A&quot;,&quot;street&quot;:&quot;laplace&quot;,&quot;state&quot;:&quot;PA&quot;,&quot;country&quot;:&quot;USA&quot;,&quot;zipCode&quot;:90876},&quot;user_id&quot;:2408,&quot;user_first_name&quot;:&quot;TestUserrw&quot;,&quot;user_last_name&quot;:&quot;TeestUser&quot;,&quot;user_contact_number&quot;:2323232322,&quot;user_email_id&quot;:&quot;2325@gmail.com&quot;,&quot;creation_time&quot;:&quot;2024-09-22T03:24:53.668+00:00&quot;,&quot;last_mod_time&quot;:&quot;2024-09-22T03:24:53.668+00:00&quot;},{&quot;userAddress&quot;:{&quot;addressId&quot;:2376,&quot;plotNumber&quot;:&quot;pl-51&quot;,&quot;street&quot;:&quot;vail rd&quot;,&quot;state&quot;:&quot;nj&quot;,&quot;country&quot;:&quot;usa&quot;,&quot;zipCode&quot;:54321},&quot;user_id&quot;:2409,&quot;user_first_name&quot;:&quot;roiii&quot;,&quot;user_last_name&quot;:&quot;laukol&quot;,&quot;user_contact_number&quot;:3004206615,&quot;user_email_id&quot;:&quot;sdto707508@gmail.com&quot;,&quot;creation_time&quot;:&quot;2024-09-22T03:25:41.973+00:00&quot;,&quot;last_mod_time&quot;:&quot;2024-09-22T03:25:41.973+00:00&quot;},{&quot;userAddress&quot;:{&quot;addressId&quot;:2377,&quot;plotNumber&quot;:&quot;T-310&quot;,&quot;street&quot;:null,&quot;state&quot;:&quot;NY&quot;,&quot;country&quot;:null,&quot;zipCode&quot;:null},&quot;user_id&quot;:2410,&quot;user_first_name&quot;:&quot;Ayhan&quot;,&quot;user_last_name&quot;:&quot;Malic&quot;,&quot;user_contact_number&quot;:2018896104,&quot;user_email_id&quot;:&quot;aayanRR60@gmail.com&quot;,&quot;creation_time&quot;:&quot;2024-09-22T03:25:42.417+00:00&quot;,&quot;last_mod_time&quot;:&quot;2024-09-22T03:25:42.417+00:00&quot;},{&quot;userAddress&quot;:{&quot;addressId&quot;:2379,&quot;plotNumber&quot;:&quot;E-310&quot;,&quot;street&quot;:null,&quot;state&quot;:&quot;NY&quot;,&quot;country&quot;:null,&quot;zipCode&quot;:null},&quot;user_id&quot;:2412,&quot;user_first_name&quot;:&quot;Dishhan&quot;,&quot;user_last_name&quot;:&quot;Malhotra&quot;,&quot;user_contact_number&quot;:2016106104,&quot;user_email_id&quot;:&quot;dishanRR742@gmail.com&quot;,&quot;creation_time&quot;:&quot;2024-09-22T03:28:26.127+00:00&quot;,&quot;last_mod_time&quot;:&quot;2024-09-22T03:28:26.127+00:00&quot;},{&quot;userAddress&quot;:{&quot;addressId&quot;:2388,&quot;plotNumber&quot;:&quot;pl-51&quot;,&quot;street&quot;:&quot;vail rd&quot;,&quot;state&quot;:&quot;nj&quot;,&quot;country&quot;:&quot;usa&quot;,&quot;zipCode&quot;:54321},&quot;user_id&quot;:2421,&quot;user_first_name&quot;:&quot;rouii&quot;,&quot;user_last_name&quot;:&quot;lauyol&quot;,&quot;user_contact_number&quot;:3003206615,&quot;user_email_id&quot;:&quot;sdto706508@gmail.com&quot;,&quot;creation_time&quot;:&quot;2024-09-22T03:32:49.714+00:00&quot;,&quot;last_mod_time&quot;:&quot;2024-09-22T03:32:49.714+00:00&quot;},{&quot;userAddress&quot;:{&quot;addressId&quot;:8795,&quot;plotNumber&quot;:&quot;Pl-11&quot;,&quot;street&quot;:&quot;UpdateSt&quot;,&quot;state&quot;:&quot;OHIO&quot;,&quot;country&quot;:&quot;India&quot;,&quot;zipCode&quot;:88888},&quot;user_id&quot;:8827,&quot;user_first_name&quot;:&quot;Albin&quot;,&quot;user_last_name&quot;:&quot;Rath&quot;,&quot;user_contact_number&quot;:3549036625,&quot;user_email_id&quot;:&quot;Kaylee77@gmail.com&quot;,&quot;creation_time&quot;:&quot;2024-10-13T17:20:31.482+00:00&quot;,&quot;last_mod_time&quot;:&quot;2024-10-13T17:23:11.297+00:00&quot;},{&quot;userAddress&quot;:{&quot;addressId&quot;:2641,&quot;plotNumber&quot;:&quot;pl-91&quot;,&quot;street&quot;:&quot;Avenue&quot;,&quot;state&quot;:&quot;IN&quot;,&quot;country&quot;:&quot;USA&quot;,&quot;zipCode&quot;:954321},&quot;user_id&quot;:2674,&quot;user_first_name&quot;:&quot;randomFirstName&quot;,&quot;user_last_name&quot;:&quot;randomLastName&quot;,&quot;user_contact_number&quot;:2009009009,&quot;user_email_id&quot;:&quot;user850@example.com&quot;,&quot;creation_time&quot;:&quot;2024-09-22T18:49:57.537+00:00&quot;,&quot;last_mod_time&quot;:&quot;2024-09-23T02:12:20.138+00:00&quot;},{&quot;userAddress&quot;:{&quot;addressId&quot;:2723,&quot;plotNumber&quot;:&quot;pl-23&quot;,&quot;street&quot;:&quot;Cypress Dr&quot;,&quot;state&quot;:&quot;Texas&quot;,&quot;country&quot;:&quot;USA&quot;,&quot;zipCode&quot;:75688},&quot;user_id&quot;:2756,&quot;user_first_name&quot;:&quot;Vijayashree&quot;,&quot;user_last_name&quot;:&quot;TeamTwo&quot;,&quot;user_contact_number&quot;:3180462162,&quot;user_email_id&quot;:&quot;viji0hmm6de3dnmde@gmail.com&quot;,&quot;creation_time&quot;:&quot;2024-09-22T20:37:49.048+00:00&quot;,&quot;last_mod_time&quot;:&quot;2024-09-22T20:37:49.048+00:00&quot;},{&quot;userAddress&quot;:{&quot;addressId&quot;:2730,&quot;plotNumber&quot;:&quot;pl-23&quot;,&quot;street&quot;:&quot;Cypress Dr&quot;,&quot;state&quot;:&quot;Texas&quot;,&quot;country&quot;:&quot;USA&quot;,&quot;zipCode&quot;:75688},&quot;user_id&quot;:2763,&quot;user_first_name&quot;:&quot;Vijayashree&quot;,&quot;user_last_name&quot;:&quot;TeamTwo&quot;,&quot;user_contact_number&quot;:6514185444,&quot;user_email_id&quot;:&quot;vijih38lhahj4c1@gmail.com&quot;,&quot;creation_time&quot;:&quot;2024-09-22T20:50:41.464+00:00&quot;,&quot;last_mod_time&quot;:&quot;2024-09-22T20:50:41.464+00:00&quot;},{&quot;userAddress&quot;:{&quot;addressId&quot;:2644,&quot;plotNumber&quot;:&quot;A-1301&quot;,&quot;street&quot;:&quot;CORWITH DRIVE&quot;,&quot;state&quot;:&quot;NC&quot;,&quot;country&quot;:&quot;USA&quot;,&quot;zipCode&quot;:27560},&quot;user_id&quot;:2677,&quot;user_first_name&quot;:&quot;Prisha&quot;,&quot;user_last_name&quot;:&quot;shar&quot;,&quot;user_contact_number&quot;:9194444444,&quot;user_email_id&quot;:&quot;psha@gmail.com&quot;,&quot;creation_time&quot;:&quot;2024-09-22T18:55:48.050+00:00&quot;,&quot;last_mod_time&quot;:&quot;2024-09-22T18:55:48.050+00:00&quot;},{&quot;userAddress&quot;:{&quot;addressId&quot;:2731,&quot;plotNumber&quot;:&quot;pl-23&quot;,&quot;street&quot;:&quot;Cypress Dr&quot;,&quot;state&quot;:&quot;Texas&quot;,&quot;country&quot;:&quot;USA&quot;,&quot;zipCode&quot;:75688},&quot;user_id&quot;:2764,&quot;user_first_name&quot;:&quot;Vijayashree&quot;,&quot;user_last_name&quot;:&quot;TeamTwo&quot;,&quot;user_contact_number&quot;:1812855566,&quot;user_email_id&quot;:&quot;viji7l2h9klbfmhg@gmail.com&quot;,&quot;creation_time&quot;:&quot;2024-09-22T20:52:14.539+00:00&quot;,&quot;last_mod_time&quot;:&quot;2024-09-22T20:52:14.539+00:00&quot;},{&quot;userAddress&quot;:{&quot;addressId&quot;:2732,&quot;plotNumber&quot;:&quot;pl-23&quot;,&quot;street&quot;:&quot;my Street&quot;,&quot;state&quot;:&quot;Texas&quot;,&quot;country&quot;:&quot;USA&quot;,&quot;zipCode&quot;:75068},&quot;user_id&quot;:2765,&quot;user_first_name&quot;:&quot;jkgdfdjkksdkv&quot;,&quot;user_last_name&quot;:&quot;zcghdfgfhg&quot;,&quot;user_contact_number&quot;:6699177778,&quot;user_email_id&quot;:&quot;thvvveb@gmail.com&quot;,&quot;creation_time&quot;:&quot;2024-09-22T20:53:07.078+00:00&quot;,&quot;last_mod_time&quot;:&quot;2024-09-22T20:53:07.078+00:00&quot;},{&quot;userAddress&quot;:{&quot;addressId&quot;:2733,&quot;plotNumber&quot;:&quot;pl-23&quot;,&quot;street&quot;:&quot;Cypress Dr&quot;,&quot;state&quot;:&quot;Texas&quot;,&quot;country&quot;:&quot;USA&quot;,&quot;zipCode&quot;:75688},&quot;user_id&quot;:2766,&quot;user_first_name&quot;:&quot;Vijayashree&quot;,&quot;user_last_name&quot;:&quot;TeamTwo&quot;,&quot;user_contact_number&quot;:3200127332,&quot;user_email_id&quot;:&quot;viji80b32a2b5f@gmail.com&quot;,&quot;creation_time&quot;:&quot;2024-09-22T20:55:11.032+00:00&quot;,&quot;last_mod_time&quot;:&quot;2024-09-22T20:55:11.032+00:00&quot;},{&quot;userAddress&quot;:{&quot;addressId&quot;:4573,&quot;plotNumber&quot;:&quot;p1-098&quot;,&quot;street&quot;:&quot;cxvbmnb &quot;,&quot;state&quot;:&quot;uibhjkl&quot;,&quot;country&quot;:&quot;USA&quot;,&quot;zipCode&quot;:90865},&quot;user_id&quot;:4606,&quot;user_first_name&quot;:&quot;bpghklopd&quot;,&quot;user_last_name&quot;:&quot;updatedLastName&quot;,&quot;user_contact_number&quot;:1738389481,&quot;user_email_id&quot;:&quot;nijua.loj-1727309236680@ecxfs.com&quot;,&quot;creation_time&quot;:&quot;2024-09-26T00:07:17.268+00:00&quot;,&quot;last_mod_time&quot;:&quot;2024-09-26T00:07:26.299+00:00&quot;},{&quot;userAddress&quot;:{&quot;addressId&quot;:5506,&quot;plotNumber&quot;:&quot;pl-51&quot;,&quot;street&quot;:&quot;vail rd&quot;,&quot;state&quot;:&quot;nj&quot;,&quot;country&quot;:&quot;usa&quot;,&quot;zipCode&quot;:54321},&quot;user_id&quot;:5539,&quot;user_first_name&quot;:&quot;smitha&quot;,&quot;user_last_name&quot;:&quot;dmaanj&quot;,&quot;user_contact_number&quot;:2999919115,&quot;user_email_id&quot;:&quot;api919999Team5@gmail.com&quot;,&quot;creation_time&quot;:&quot;2024-09-27T06:04:39.556+00:00&quot;,&quot;last_mod_time&quot;:&quot;2024-09-27T06:04:39.556+00:00&quot;},{&quot;userAddress&quot;:{&quot;addressId&quot;:2648,&quot;plotNumber&quot;:&quot;A-5105&quot;,&quot;street&quot;:&quot;eight Street&quot;,&quot;state&quot;:&quot;Alberta&quot;,&quot;country&quot;:&quot;Canada&quot;,&quot;zipCode&quot;:134102},&quot;user_id&quot;:2681,&quot;user_first_name&quot;:&quot;Preeti&quot;,&quot;user_last_name&quot;:&quot;Sharma&quot;,&quot;user_contact_number&quot;:4039093121,&quot;user_email_id&quot;:&quot;preetivashisht1221@gmail.com&quot;,&quot;creation_time&quot;:&quot;2024-09-22T18:58:37.689+00:00&quot;,&quot;last_mod_time&quot;:&quot;2024-09-22T18:58:37.689+00:00&quot;},{&quot;userAddress&quot;:{&quot;addressId&quot;:2736,&quot;plotNumber&quot;:&quot;pl-23&quot;,&quot;street&quot;:&quot;Cypress Dr&quot;,&quot;state&quot;:&quot;Texas&quot;,&quot;country&quot;:&quot;USA&quot;,&quot;zipCode&quot;:75688},&quot;user_id&quot;:2769,&quot;user_first_name&quot;:&quot;Vijayashree&quot;,&quot;user_last_name&quot;:&quot;TeamTwo&quot;,&quot;user_contact_number&quot;:7692026962,&quot;user_email_id&quot;:&quot;viji1d7a7ka1jol6@gmail.com&quot;,&quot;creation_time&quot;:&quot;2024-09-22T20:58:56.616+00:00&quot;,&quot;last_mod_time&quot;:&quot;2024-09-22T20:58:56.616+00:00&quot;},{&quot;userAddress&quot;:{&quot;addressId&quot;:2737,&quot;plotNumber&quot;:&quot;pl-23&quot;,&quot;street&quot;:&quot;Cypress Dr&quot;,&quot;state&quot;:&quot;Texas&quot;,&quot;country&quot;:&quot;USA&quot;,&quot;zipCode&quot;:75688},&quot;user_id&quot;:2770,&quot;user_first_name&quot;:&quot;Vijayashree&quot;,&quot;user_last_name&quot;:&quot;TeamTwo&quot;,&quot;user_contact_number&quot;:6502436116,&quot;user_email_id&quot;:&quot;vijii4ojca7l40n6@gmail.com&quot;,&quot;creation_time&quot;:&quot;2024-09-22T21:01:29.239+00:00&quot;,&quot;last_mod_time&quot;:&quot;2024-09-22T21:01:29.239+00:00&quot;},{&quot;userAddress&quot;:{&quot;addressId&quot;:4368,&quot;plotNumber&quot;:&quot;B-45&quot;,&quot;street&quot;:&quot;Gandhi&quot;,&quot;state&quot;:&quot;Va&quot;,&quot;country&quot;:&quot;USA&quot;,&quot;zipCode&quot;:38589},&quot;user_id&quot;:4401,&quot;user_first_name&quot;:&quot;Nita&quot;,&quot;user_last_name&quot;:&quot;Sharma&quot;,&quot;user_contact_number&quot;:7795632140,&quot;user_email_id&quot;:&quot;nita89@gmail.com&quot;,&quot;creation_time&quot;:&quot;2024-09-25T03:54:11.121+00:00&quot;,&quot;last_mod_time&quot;:&quot;2024-09-25T03:54:11.121+00:00&quot;},{&quot;userAddress&quot;:{&quot;addressId&quot;:320,&quot;plotNumber&quot;:&quot;67-AB&quot;,&quot;street&quot;:&quot;cypresspt&quot;,&quot;state&quot;:&quot;NC&quot;,&quot;country&quot;:&quot;USA&quot;,&quot;zipCode&quot;:787178},&quot;user_id&quot;:353,&quot;user_first_name&quot;:&quot;DiyanikaSan&quot;,&quot;user_last_name&quot;:&quot;Mathu&quot;,&quot;user_contact_number&quot;:8797545999,&quot;user_email_id&quot;:&quot;DiyanikaM@gmail.com&quot;,&quot;creation_time&quot;:&quot;2024-09-18T01:42:02.445+00:00&quot;,&quot;last_mod_time&quot;:&quot;2024-09-22T19:07:21.810+00:00&quot;},{&quot;userAddress&quot;:{&quot;addressId&quot;:2738,&quot;plotNumber&quot;:&quot;pl-23&quot;,&quot;street&quot;:&quot;Cypress Dr&quot;,&quot;state&quot;:&quot;Texas&quot;,&quot;country&quot;:&quot;USA&quot;,&quot;zipCode&quot;:75688},&quot;user_id&quot;:2771,&quot;user_first_name&quot;:&quot;Vijayashree&quot;,&quot;user_last_name&quot;:&quot;TeamTwo&quot;,&quot;user_contact_number&quot;:2208310828,&quot;user_email_id&quot;:&quot;viji70bfe7i7i13i@gmail.com&quot;,&quot;creation_time&quot;:&quot;2024-09-22T21:04:23.985+00:00&quot;,&quot;last_mod_time&quot;:&quot;2024-09-22T21:04:23.985+00:00&quot;},{&quot;userAddress&quot;:{&quot;addressId&quot;:8797,&quot;plotNumber&quot;:&quot;Bt-11&quot;,&quot;street&quot;:&quot;First St&quot;,&quot;state&quot;:&quot;Texas&quot;,&quot;country&quot;:&quot;USA&quot;,&quot;zipCode&quot;:54877},&quot;user_id&quot;:8829,&quot;user_first_name&quot;:&quot;Dawn&quot;,&quot;user_last_name&quot;:&quot;Rodriguez&quot;,&quot;user_contact_number&quot;:1324593809,&quot;user_email_id&quot;:&quot;Team37i087npco49a@gmail.com&quot;,&quot;creation_time&quot;:&quot;2024-10-13T17:25:29.704+00:00&quot;,&quot;last_mod_time&quot;:&quot;2024-10-13T17:25:29.704+00:00&quot;},{&quot;userAddress&quot;:{&quot;addressId&quot;:4369,&quot;plotNumber&quot;:&quot;ab-13&quot;,&quot;street&quot;:&quot;Irving&quot;,&quot;state&quot;:&quot;Texas&quot;,&quot;country&quot;:&quot;USA&quot;,&quot;zipCode&quot;:77144},&quot;user_id&quot;:4402,&quot;user_first_name&quot;:&quot;Darsh&quot;,&quot;user_last_name&quot;:&quot;Shebi&quot;,&quot;user_contact_number&quot;:9122334455,&quot;user_email_id&quot;:&quot;Darsh16@gmail.com&quot;,&quot;creation_time&quot;:&quot;2024-09-25T04:01:03.646+00:00&quot;,&quot;last_mod_time&quot;:&quot;2024-09-25T04:01:03.646+00:00&quot;},{&quot;userAddress&quot;:{&quot;addressId&quot;:5182,&quot;plotNumber&quot;:&quot;B-45&quot;,&quot;street&quot;:&quot;Gandhi&quot;,&quot;state&quot;:&quot;Va&quot;,&quot;country&quot;:&quot;USA&quot;,&quot;zipCode&quot;:38589},&quot;user_id&quot;:5215,&quot;user_first_name&quot;:&quot;sita&quot;,&quot;user_last_name&quot;:&quot;Sharma&quot;,&quot;user_contact_number&quot;:7795932140,&quot;user_email_id&quot;:&quot;sita89@gmail.com&quot;,&quot;creation_time&quot;:&quot;2024-09-26T22:32:11.724+00:00&quot;,&quot;last_mod_time&quot;:&quot;2024-09-26T22:32:11.724+00:00&quot;},{&quot;userAddress&quot;:{&quot;addressId&quot;:5514,&quot;plotNumber&quot;:&quot;12-B&quot;,&quot;street&quot;:&quot;Street&quot;,&quot;state&quot;:&quot;TX&quot;,&quot;country&quot;:&quot;USA&quot;,&quot;zipCode&quot;:12345},&quot;user_id&quot;:5547,&quot;user_first_name&quot;:&quot;Sample user firstname&quot;,&quot;user_last_name&quot;:&quot;Sample user lastname&quot;,&quot;user_contact_number&quot;:9874563222,&quot;user_email_id&quot;:&quot;sample_user123@gmail.com&quot;,&quot;creation_time&quot;:&quot;2024-09-27T08:46:55.488+00:00&quot;,&quot;last_mod_time&quot;:&quot;2024-09-27T08:46:55.488+00:00&quot;},{&quot;userAddress&quot;:{&quot;addressId&quot;:2656,&quot;plotNumber&quot;:&quot;p1-09&quot;,&quot;street&quot;:&quot;Main&quot;,&quot;state&quot;:&quot;NY&quot;,&quot;country&quot;:&quot;USA&quot;,&quot;zipCode&quot;:10901},&quot;user_id&quot;:2689,&quot;user_first_name&quot;:&quot;jain&quot;,&quot;user_last_name&quot;:&quot;vast&quot;,&quot;user_contact_number&quot;:9248350506,&quot;user_email_id&quot;:&quot;jain.vast@example.com&quot;,&quot;creation_time&quot;:&quot;2024-09-22T19:18:08.364+00:00&quot;,&quot;last_mod_time&quot;:&quot;2024-09-22T19:18:08.364+00:00&quot;},{&quot;userAddress&quot;:{&quot;addressId&quot;:9957,&quot;plotNumber&quot;:&quot;P1-12&quot;,&quot;street&quot;:&quot;Main&quot;,&quot;state&quot;:&quot;CA&quot;,&quot;country&quot;:&quot;USA&quot;,&quot;zipCode&quot;:90210},&quot;user_id&quot;:9989,&quot;user_first_name&quot;:&quot;Alice&quot;,&quot;user_last_name&quot;:&quot;Johnson&quot;,&quot;user_contact_number&quot;:2224567222,&quot;user_email_id&quot;:&quot;AlJohnson@example.com&quot;,&quot;creation_time&quot;:&quot;2024-10-15T15:58:55.029+00:00&quot;,&quot;last_mod_time&quot;:&quot;2024-10-15T15:58:55.029+00:00&quot;},{&quot;userAddress&quot;:{&quot;addressId&quot;:2849,&quot;plotNumber&quot;:&quot;c-20&quot;,&quot;street&quot;:&quot;disneyland&quot;,&quot;state&quot;:&quot;fl&quot;,&quot;country&quot;:&quot;USA&quot;,&quot;zipCode&quot;:12345},&quot;user_id&quot;:2882,&quot;user_first_name&quot;:&quot;dbh&quot;,&quot;user_last_name&quot;:&quot;dex&quot;,&quot;user_contact_number&quot;:2233545566,&quot;user_email_id&quot;:&quot;disney2@gmail.com&quot;,&quot;creation_time&quot;:&quot;2024-09-22T23:03:45.283+00:00&quot;,&quot;last_mod_time&quot;:&quot;2024-09-23T03:02:58.144+00:00&quot;},{&quot;userAddress&quot;:{&quot;addressId&quot;:2659,&quot;plotNumber&quot;:&quot;p1-09&quot;,&quot;street&quot;:&quot;Main&quot;,&quot;state&quot;:&quot;NY&quot;,&quot;country&quot;:&quot;USA&quot;,&quot;zipCode&quot;:10901},&quot;user_id&quot;:2692,&quot;user_first_name&quot;:&quot;robert&quot;,&quot;user_last_name&quot;:&quot;don&quot;,&quot;user_contact_number&quot;:9248350507,&quot;user_email_id&quot;:&quot;robert.don@example.com&quot;,&quot;creation_time&quot;:&quot;2024-09-22T19:24:23.017+00:00&quot;,&quot;last_mod_time&quot;:&quot;2024-09-22T19:24:23.017+00:00&quot;},{&quot;userAddress&quot;:{&quot;addressId&quot;:3264,&quot;plotNumber&quot;:&quot;897-E&quot;,&quot;street&quot;:&quot;hjhjh&quot;,&quot;state&quot;:&quot;hjkhkh&quot;,&quot;country&quot;:&quot;ghjjj&quot;,&quot;zipCode&quot;:89876},&quot;user_id&quot;:3297,&quot;user_first_name&quot;:&quot;hello&quot;,&quot;user_last_name&quot;:&quot;ken&quot;,&quot;user_contact_number&quot;:9342472789,&quot;user_email_id&quot;:&quot;lmaufd67@gmail.com&quot;,&quot;creation_time&quot;:&quot;2024-09-23T04:08:25.186+00:00&quot;,&quot;last_mod_time&quot;:&quot;2024-09-23T04:08:25.186+00:00&quot;},{&quot;userAddress&quot;:{&quot;addressId&quot;:3714,&quot;plotNumber&quot;:&quot;897-T&quot;,&quot;street&quot;:&quot;creek&quot;,&quot;state&quot;:&quot;illnois&quot;,&quot;country&quot;:&quot;usa&quot;,&quot;zipCode&quot;:98765},&quot;user_id&quot;:3747,&quot;user_first_name&quot;:&quot;sai&quot;,&quot;user_last_name&quot;:&quot;ken&quot;,&quot;user_contact_number&quot;:2303174351,&quot;user_email_id&quot;:&quot;plesair87@gmail.com&quot;,&quot;creation_time&quot;:&quot;2024-09-23T15:42:23.483+00:00&quot;,&quot;last_mod_time&quot;:&quot;2024-09-23T15:42:23.483+00:00&quot;},{&quot;userAddress&quot;:{&quot;addressId&quot;:3265,&quot;plotNumber&quot;:&quot;897-E&quot;,&quot;street&quot;:&quot;hjhjh&quot;,&quot;state&quot;:&quot;hjkhkh&quot;,&quot;country&quot;:&quot;ghjjj&quot;,&quot;zipCode&quot;:89876},&quot;user_id&quot;:3298,&quot;user_first_name&quot;:&quot;kvin&quot;,&quot;user_last_name&quot;:&quot;jaden&quot;,&quot;user_contact_number&quot;:8759076543,&quot;user_email_id&quot;:&quot;poipd67@gmail.com&quot;,&quot;creation_time&quot;:&quot;2024-09-23T04:08:25.345+00:00&quot;,&quot;last_mod_time&quot;:&quot;2024-09-23T04:08:25.345+00:00&quot;},{&quot;userAddress&quot;:{&quot;addressId&quot;:3266,&quot;plotNumber&quot;:&quot;897-E&quot;,&quot;street&quot;:&quot;hjhjh&quot;,&quot;state&quot;:&quot;hjkhkh&quot;,&quot;country&quot;:&quot;ghjjj&quot;,&quot;zipCode&quot;:89876},&quot;user_id&quot;:3299,&quot;user_first_name&quot;:&quot;nidhi&quot;,&quot;user_last_name&quot;:&quot;ken&quot;,&quot;user_contact_number&quot;:9811111111,&quot;user_email_id&quot;:&quot;ofd67@gmail.com&quot;,&quot;creation_time&quot;:&quot;2024-09-23T04:08:26.093+00:00&quot;,&quot;last_mod_time&quot;:&quot;2024-09-23T04:08:26.093+00:00&quot;},{&quot;userAddress&quot;:{&quot;addressId&quot;:2745,&quot;plotNumber&quot;:&quot;123-abc&quot;,&quot;street&quot;:&quot;Main St&quot;,&quot;state&quot;:&quot;Washington&quot;,&quot;country&quot;:&quot;USA&quot;,&quot;zipCode&quot;:98075},&quot;user_id&quot;:2778,&quot;user_first_name&quot;:&quot;David&quot;,&quot;user_last_name&quot;:&quot;Brown&quot;,&quot;user_contact_number&quot;:1234567870,&quot;user_email_id&quot;:&quot;david.brown@example.com&quot;,&quot;creation_time&quot;:&quot;2024-09-22T21:17:54.917+00:00&quot;,&quot;last_mod_time&quot;:&quot;2024-09-22T21:17:54.917+00:00&quot;},{&quot;userAddress&quot;:{&quot;addressId&quot;:7726,&quot;plotNumber&quot;:null,&quot;street&quot;:&quot;Aldie&quot;,&quot;state&quot;:&quot;VA&quot;,&quot;country&quot;:&quot;usa&quot;,&quot;zipCode&quot;:20105},&quot;user_id&quot;:7758,&quot;user_first_name&quot;:&quot;Elsa&quot;,&quot;user_last_name&quot;:&quot;Anna&quot;,&quot;user_contact_number&quot;:5714532654,&quot;user_email_id&quot;:&quot;abc1@gmail.com&quot;,&quot;creation_time&quot;:&quot;2024-10-11T01:10:38.094+00:00&quot;,&quot;last_mod_time&quot;:&quot;2024-10-11T01:10:38.094+00:00&quot;},{&quot;userAddress&quot;:{&quot;addressId&quot;:7632,&quot;plotNumber&quot;:&quot;P1-11&quot;,&quot;street&quot;:&quot;Main&quot;,&quot;state&quot;:&quot;LA&quot;,&quot;country&quot;:&quot;USA&quot;,&quot;zipCode&quot;:20875},&quot;user_id&quot;:7664,&quot;user_first_name&quot;:&quot;siri&quot;,&quot;user_last_name&quot;:&quot;HR&quot;,&quot;user_contact_number&quot;:9876543219,&quot;user_email_id&quot;:&quot;Team03siri@gmail.com&quot;,&quot;creation_time&quot;:&quot;2024-10-10T15:22:25.086+00:00&quot;,&quot;last_mod_time&quot;:&quot;2024-10-10T15:22:25.086+00:00&quot;},{&quot;userAddress&quot;:{&quot;addressId&quot;:3720,&quot;plotNumber&quot;:&quot;pl-72&quot;,&quot;street&quot;:&quot;Broadway&quot;,&quot;state&quot;:&quot;New Jersey&quot;,&quot;country&quot;:&quot;USA&quot;,&quot;zipCode&quot;:72363},&quot;user_id&quot;:3753,&quot;user_first_name&quot;:&quot;trialdel&quot;,&quot;user_last_name&quot;:&quot;randomLastName&quot;,&quot;user_contact_number&quot;:8830868562,&quot;user_email_id&quot;:&quot;user692@example.com&quot;,&quot;creation_time&quot;:&quot;2024-09-23T15:43:33.415+00:00&quot;,&quot;last_mod_time&quot;:&quot;2024-09-23T15:43:33.415+00:00&quot;},{&quot;userAddress&quot;:{&quot;addressId&quot;:3939,&quot;plotNumber&quot;:&quot;s-234&quot;,&quot;street&quot;:&quot;edwin bulvd&quot;,&quot;state&quot;:&quot;Cal&quot;,&quot;country&quot;:&quot;US&quot;,&quot;zipCode&quot;:56744},&quot;user_id&quot;:3972,&quot;user_first_name&quot;:&quot;yemi&quot;,&quot;user_last_name&quot;:&quot;thomas&quot;,&quot;user_contact_number&quot;:6757678278,&quot;user_email_id&quot;:&quot;yemi89@gamil.com&quot;,&quot;creation_time&quot;:&quot;2024-09-23T16:24:42.316+00:00&quot;,&quot;last_mod_time&quot;:&quot;2024-09-23T16:24:42.316+00:00&quot;},{&quot;userAddress&quot;:{&quot;addressId&quot;:7640,&quot;plotNumber&quot;:&quot;pl-3&quot;,&quot;street&quot;:&quot;shadow sR&quot;,&quot;state&quot;:&quot;GA&quot;,&quot;country&quot;:&quot;INDIA&quot;,&quot;zipCode&quot;:66466},&quot;user_id&quot;:7672,&quot;user_first_name&quot;:&quot;hjune&quot;,&quot;user_last_name&quot;:&quot;Predovic&quot;,&quot;user_contact_number&quot;:5656565650,&quot;user_email_id&quot;:&quot;tema3@gmail.com&quot;,&quot;creation_time&quot;:&quot;2024-10-10T16:02:37.391+00:00&quot;,&quot;last_mod_time&quot;:&quot;2024-10-10T16:02:37.391+00:00&quot;},{&quot;userAddress&quot;:{&quot;addressId&quot;:3940,&quot;plotNumber&quot;:&quot;s-234&quot;,&quot;street&quot;:&quot;edwin bulvd&quot;,&quot;state&quot;:&quot;Cal&quot;,&quot;country&quot;:&quot;US&quot;,&quot;zipCode&quot;:56744},&quot;user_id&quot;:3973,&quot;user_first_name&quot;:&quot;Niranjana&quot;,&quot;user_last_name&quot;:&quot;Rengarajan&quot;,&quot;user_contact_number&quot;:9167678278,&quot;user_email_id&quot;:&quot;janu563@gamil.com&quot;,&quot;creation_time&quot;:&quot;2024-09-23T16:24:42.516+00:00&quot;,&quot;last_mod_time&quot;:&quot;2024-09-23T16:24:42.516+00:00&quot;},{&quot;userAddress&quot;:{&quot;addressId&quot;:5530,&quot;plotNumber&quot;:&quot;101-A&quot;,&quot;street&quot;:&quot;palm street&quot;,&quot;state&quot;:&quot;VA&quot;,&quot;country&quot;:&quot;USA&quot;,&quot;zipCode&quot;:19292},&quot;user_id&quot;:5563,&quot;user_first_name&quot;:&quot;September&quot;,&quot;user_last_name&quot;:&quot;October&quot;,&quot;user_contact_number&quot;:5563412340,&quot;user_email_id&quot;:&quot;September2021@gmail.com&quot;,&quot;creation_time&quot;:&quot;2024-09-27T12:36:24.749+00:00&quot;,&quot;last_mod_time&quot;:&quot;2024-09-27T12:36:24.749+00:00&quot;},{&quot;userAddress&quot;:{&quot;addressId&quot;:5531,&quot;plotNumber&quot;:&quot;rDqL-373&quot;,&quot;street&quot;:&quot;ymVrkst&quot;,&quot;state&quot;:&quot;GA&quot;,&quot;country&quot;:&quot;USA&quot;,&quot;zipCode&quot;:48788},&quot;user_id&quot;:5564,&quot;user_first_name&quot;:&quot;Ranix&quot;,&quot;user_last_name&quot;:&quot;Rao&quot;,&quot;user_contact_number&quot;:7878007881,&quot;user_email_id&quot;:&quot;pnE@gmail.com&quot;,&quot;creation_time&quot;:&quot;2024-09-27T12:49:27.040+00:00&quot;,&quot;last_mod_time&quot;:&quot;2024-09-27T12:49:27.040+00:00&quot;},{&quot;userAddress&quot;:{&quot;addressId&quot;:3419,&quot;plotNumber&quot;:&quot;A-54&quot;,&quot;street&quot;:null,&quot;state&quot;:&quot;NJ&quot;,&quot;country&quot;:null,&quot;zipCode&quot;:8833},&quot;user_id&quot;:3452,&quot;user_first_name&quot;:&quot;Stiv&quot;,&quot;user_last_name&quot;:&quot;SS&quot;,&quot;user_contact_number&quot;:8153445220,&quot;user_email_id&quot;:&quot;stivS99@gmail.com&quot;,&quot;creation_time&quot;:&quot;2024-09-23T13:18:58.013+00:00&quot;,&quot;last_mod_time&quot;:&quot;2024-09-23T13:18:58.013+00:00&quot;},{&quot;userAddress&quot;:{&quot;addressId&quot;:3942,&quot;plotNumber&quot;:&quot;F-06&quot;,&quot;street&quot;:&quot;comment&quot;,&quot;state&quot;:&quot;like&quot;,&quot;country&quot;:&quot;subscribe&quot;,&quot;zipCode&quot;:10023},&quot;user_id&quot;:3975,&quot;user_first_name&quot;:&quot;first&quot;,&quot;user_last_name&quot;:&quot;last&quot;,&quot;user_contact_number&quot;:1231231230,&quot;user_email_id&quot;:&quot;first06@last.com&quot;,&quot;creation_time&quot;:&quot;2024-09-23T16:24:55.421+00:00&quot;,&quot;last_mod_time&quot;:&quot;2024-09-23T16:24:55.421+00:00&quot;},{&quot;userAddress&quot;:{&quot;addressId&quot;:2018,&quot;plotNumber&quot;:&quot;pl-03&quot;,&quot;street&quot;:&quot;palmilla&quot;,&quot;state&quot;:&quot;Florida&quot;,&quot;country&quot;:&quot;USA&quot;,&quot;zipCode&quot;:77057},&quot;user_id&quot;:2051,&quot;user_first_name&quot;:&quot;Hai&quot;,&quot;user_last_name&quot;:&quot;Carrot&quot;,&quot;user_contact_number&quot;:9911223377,&quot;user_email_id&quot;:&quot;onion34@gmai.com&quot;,&quot;creation_time&quot;:&quot;2024-09-21T17:54:33.769+00:00&quot;,&quot;last_mod_time&quot;:&quot;2024-09-23T16:54:28.575+00:00&quot;},{&quot;userAddress&quot;:{&quot;addressId&quot;:3692,&quot;plotNumber&quot;:&quot;ab-03&quot;,&quot;street&quot;:&quot;palmilla&quot;,&quot;state&quot;:&quot;Florida&quot;,&quot;country&quot;:&quot;USA&quot;,&quot;zipCode&quot;:77057},&quot;user_id&quot;:3725,&quot;user_first_name&quot;:&quot;Darsh&quot;,&quot;user_last_name&quot;:&quot;Carrot&quot;,&quot;user_contact_number&quot;:5566778890,&quot;user_email_id&quot;:&quot;onion80@gmail.com&quot;,&quot;creation_time&quot;:&quot;2024-09-23T15:26:15.427+00:00&quot;,&quot;last_mod_time&quot;:&quot;2024-09-23T15:26:15.427+00:00&quot;},{&quot;userAddress&quot;:{&quot;addressId&quot;:2757,&quot;plotNumber&quot;:&quot;Pl-23&quot;,&quot;street&quot;:&quot;Cypress Drive&quot;,&quot;state&quot;:&quot;Texas&quot;,&quot;country&quot;:&quot;USA&quot;,&quot;zipCode&quot;:56432},&quot;user_id&quot;:2790,&quot;user_first_name&quot;:&quot;TeamTwofirst&quot;,&quot;user_last_name&quot;:&quot;LastName&quot;,&quot;user_contact_number&quot;:5450903864,&quot;user_email_id&quot;:&quot;vijicig5le13bep3@gmail.com&quot;,&quot;creation_time&quot;:&quot;2024-09-22T21:31:05.438+00:00&quot;,&quot;last_mod_time&quot;:&quot;2024-09-22T21:31:05.438+00:00&quot;},{&quot;userAddress&quot;:{&quot;addressId&quot;:2762,&quot;plotNumber&quot;:&quot;p-34&quot;,&quot;street&quot;:null,&quot;state&quot;:&quot;halifax&quot;,&quot;country&quot;:null,&quot;zipCode&quot;:3456},&quot;user_id&quot;:2795,&quot;user_first_name&quot;:&quot;retre&quot;,&quot;user_last_name&quot;:&quot;moha&quot;,&quot;user_contact_number&quot;:7277777777,&quot;user_email_id&quot;:&quot;uy2@gmail.com&quot;,&quot;creation_time&quot;:&quot;2024-09-22T21:43:56.319+00:00&quot;,&quot;last_mod_time&quot;:&quot;2024-09-22T21:43:56.319+00:00&quot;},{&quot;userAddress&quot;:{&quot;addressId&quot;:2820,&quot;plotNumber&quot;:&quot;pl-221&quot;,&quot;street&quot;:&quot;Wolf&quot;,&quot;state&quot;:&quot;Washington&quot;,&quot;country&quot;:&quot;USA&quot;,&quot;zipCode&quot;:22862},&quot;user_id&quot;:2853,&quot;user_first_name&quot;:&quot;mary&quot;,&quot;user_last_name&quot;:&quot;HouseStark&quot;,&quot;user_contact_number&quot;:7622334564,&quot;user_email_id&quot;:&quot;Gary5@got.com&quot;,&quot;creation_time&quot;:&quot;2024-09-22T22:23:22.405+00:00&quot;,&quot;last_mod_time&quot;:&quot;2024-09-23T01:01:13.560+00:00&quot;},{&quot;userAddress&quot;:{&quot;addressId&quot;:4909,&quot;plotNumber&quot;:&quot;p1-098&quot;,&quot;street&quot;:&quot;cxvbmnb &quot;,&quot;state&quot;:&quot;uibhjkl&quot;,&quot;country&quot;:&quot;USA&quot;,&quot;zipCode&quot;:90865},&quot;user_id&quot;:4942,&quot;user_first_name&quot;:&quot;bpghkhjd&quot;,&quot;user_last_name&quot;:&quot;vhdbhjfg&quot;,&quot;user_contact_number&quot;:1629857019,&quot;user_email_id&quot;:&quot;nijua.loj-1727369535798@ecxfs.com&quot;,&quot;creation_time&quot;:&quot;2024-09-26T16:52:16.358+00:00&quot;,&quot;last_mod_time&quot;:&quot;2024-09-26T16:52:16.358+00:00&quot;},{&quot;userAddress&quot;:{&quot;addressId&quot;:2672,&quot;plotNumber&quot;:&quot;A-202&quot;,&quot;street&quot;:&quot;lincon&quot;,&quot;state&quot;:&quot;Wa&quot;,&quot;country&quot;:&quot;USA&quot;,&quot;zipCode&quot;:98007},&quot;user_id&quot;:2705,&quot;user_first_name&quot;:&quot;KhushbooNew&quot;,&quot;user_last_name&quot;:&quot;SharmaNew&quot;,&quot;user_contact_number&quot;:2312309870,&quot;user_email_id&quot;:&quot;khushbooN_Team09.Sharma@gmail.com&quot;,&quot;creation_time&quot;:&quot;2024-09-22T19:49:32.351+00:00&quot;,&quot;last_mod_time&quot;:&quot;2024-09-22T19:49:32.351+00:00&quot;},{&quot;userAddress&quot;:{&quot;addressId&quot;:2832,&quot;plotNumber&quot;:&quot;Pl-23&quot;,&quot;street&quot;:&quot;Cypress Drive&quot;,&quot;state&quot;:&quot;Texas&quot;,&quot;country&quot;:&quot;USA&quot;,&quot;zipCode&quot;:56432},&quot;user_id&quot;:2865,&quot;user_first_name&quot;:&quot;TeamTwofirst&quot;,&quot;user_last_name&quot;:&quot;LastName&quot;,&quot;user_contact_number&quot;:1307727026,&quot;user_email_id&quot;:&quot;vijijpe1imlgnmda@gmail.com&quot;,&quot;creation_time&quot;:&quot;2024-09-22T22:31:57.943+00:00&quot;,&quot;last_mod_time&quot;:&quot;2024-09-22T22:31:57.943+00:00&quot;},{&quot;userAddress&quot;:{&quot;addressId&quot;:4962,&quot;plotNumber&quot;:&quot;Bt-11&quot;,&quot;street&quot;:&quot;First St&quot;,&quot;state&quot;:&quot;Texas&quot;,&quot;country&quot;:&quot;USA&quot;,&quot;zipCode&quot;:54657},&quot;user_id&quot;:4995,&quot;user_first_name&quot;:&quot;trialname&quot;,&quot;user_last_name&quot;:&quot;lasttrialname&quot;,&quot;user_contact_number&quot;:3811147618,&quot;user_email_id&quot;:&quot;tVijitrial0g7@gmail.com&quot;,&quot;creation_time&quot;:&quot;2024-09-26T18:08:00.864+00:00&quot;,&quot;last_mod_time&quot;:&quot;2024-09-26T18:08:00.864+00:00&quot;},{&quot;userAddress&quot;:{&quot;addressId&quot;:2676,&quot;plotNumber&quot;:&quot;pl-23&quot;,&quot;street&quot;:&quot;my Street&quot;,&quot;state&quot;:&quot;Texas&quot;,&quot;country&quot;:&quot;USA&quot;,&quot;zipCode&quot;:75068},&quot;user_id&quot;:2709,&quot;user_first_name&quot;:&quot;jkgdfdjkksdkv&quot;,&quot;user_last_name&quot;:&quot;zcghdfgfhg&quot;,&quot;user_contact_number&quot;:6668677778,&quot;user_email_id&quot;:&quot;thghje@gmail.com&quot;,&quot;creation_time&quot;:&quot;2024-09-22T19:51:04.378+00:00&quot;,&quot;last_mod_time&quot;:&quot;2024-09-22T19:51:04.378+00:00&quot;},{&quot;userAddress&quot;:{&quot;addressId&quot;:4981,&quot;plotNumber&quot;:&quot;A-202&quot;,&quot;street&quot;:&quot;golden ln&quot;,&quot;state&quot;:&quot;MA&quot;,&quot;country&quot;:&quot;USA&quot;,&quot;zipCode&quot;:28456},&quot;user_id&quot;:5014,&quot;user_first_name&quot;:&quot;Test&quot;,&quot;user_last_name&quot;:&quot;Tester&quot;,&quot;user_contact_number&quot;:9876512005,&quot;user_email_id&quot;:&quot;te_005@gmail.com&quot;,&quot;creation_time&quot;:&quot;2024-09-26T18:31:55.370+00:00&quot;,&quot;last_mod_time&quot;:&quot;2024-09-26T18:31:55.370+00:00&quot;},{&quot;userAddress&quot;:{&quot;addressId&quot;:2677,&quot;plotNumber&quot;:&quot;k-744&quot;,&quot;street&quot;:null,&quot;state&quot;:&quot;wwe&quot;,&quot;country&quot;:null,&quot;zipCode&quot;:3456},&quot;user_id&quot;:2710,&quot;user_first_name&quot;:&quot;rrr&quot;,&quot;user_last_name&quot;:&quot;trisha&quot;,&quot;user_contact_number&quot;:2336565650,&quot;user_email_id&quot;:&quot;uyi39fawt@gmail.com&quot;,&quot;creation_time&quot;:&quot;2024-09-22T19:52:59.769+00:00&quot;,&quot;last_mod_time&quot;:&quot;2024-09-22T19:52:59.769+00:00&quot;},{&quot;userAddress&quot;:{&quot;addressId&quot;:3957,&quot;plotNumber&quot;:&quot;AB-383&quot;,&quot;street&quot;:&quot;Mockingbird way&quot;,&quot;state&quot;:&quot;OR&quot;,&quot;country&quot;:&quot;USA&quot;,&quot;zipCode&quot;:97007},&quot;user_id&quot;:3990,&quot;user_first_name&quot;:&quot;Rejoy&quot;,&quot;user_last_name&quot;:&quot;PanneerSelvam&quot;,&quot;user_contact_number&quot;:8452745184,&quot;user_email_id&quot;:&quot;Rejoy@gmail.com&quot;,&quot;creation_time&quot;:&quot;2024-09-23T16:31:51.599+00:00&quot;,&quot;last_mod_time&quot;:&quot;2024-09-23T16:31:51.599+00:00&quot;},{&quot;userAddress&quot;:{&quot;addressId&quot;:4432,&quot;plotNumber&quot;:&quot;pl-120&quot;,&quot;street&quot;:&quot;palmilla&quot;,&quot;state&quot;:&quot;Florida&quot;,&quot;country&quot;:&quot;USA&quot;,&quot;zipCode&quot;:324578},&quot;user_id&quot;:4465,&quot;user_first_name&quot;:&quot;AvengersNew&quot;,&quot;user_last_name&quot;:&quot;Marvel&quot;,&quot;user_contact_number&quot;:2233114434,&quot;user_email_id&quot;:&quot;Tony12@Avengers.com&quot;,&quot;creation_time&quot;:&quot;2024-09-25T18:09:04.446+00:00&quot;,&quot;last_mod_time&quot;:&quot;2024-09-25T18:09:04.446+00:00&quot;},{&quot;userAddress&quot;:{&quot;addressId&quot;:2766,&quot;plotNumber&quot;:&quot;p-34&quot;,&quot;street&quot;:null,&quot;state&quot;:&quot;halifax&quot;,&quot;country&quot;:null,&quot;zipCode&quot;:3456},&quot;user_id&quot;:2799,&quot;user_first_name&quot;:&quot;retre&quot;,&quot;user_last_name&quot;:&quot;moha&quot;,&quot;user_contact_number&quot;:7277771777,&quot;user_email_id&quot;:&quot;uy21@gmail.com&quot;,&quot;creation_time&quot;:&quot;2024-09-22T21:47:34.947+00:00&quot;,&quot;last_mod_time&quot;:&quot;2024-09-22T21:47:34.947+00:00&quot;},{&quot;userAddress&quot;:{&quot;addressId&quot;:4459,&quot;plotNumber&quot;:&quot;p1-098&quot;,&quot;street&quot;:&quot;cxvbmnb &quot;,&quot;state&quot;:&quot;uibhjkl&quot;,&quot;country&quot;:&quot;USA&quot;,&quot;zipCode&quot;:90865},&quot;user_id&quot;:4492,&quot;user_first_name&quot;:&quot;bngetnmgplhjk&quot;,&quot;user_last_name&quot;:&quot;vhjihj&quot;,&quot;user_contact_number&quot;:1347733214,&quot;user_email_id&quot;:&quot;nijua.loj-1727293677437@ecxfs.com&quot;,&quot;creation_time&quot;:&quot;2024-09-25T19:47:58.085+00:00&quot;,&quot;last_mod_time&quot;:&quot;2024-09-25T19:47:58.085+00:00&quot;},{&quot;userAddress&quot;:{&quot;addressId&quot;:2692,&quot;plotNumber&quot;:&quot;vl-4&quot;,&quot;street&quot;:null,&quot;state&quot;:&quot;northyork&quot;,&quot;country&quot;:null,&quot;zipCode&quot;:56456},&quot;user_id&quot;:2725,&quot;user_first_name&quot;:&quot;varsha&quot;,&quot;user_last_name&quot;:&quot;akasha&quot;,&quot;user_contact_number&quot;:1999198888,&quot;user_email_id&quot;:&quot;kikar2o8@gmail.com&quot;,&quot;creation_time&quot;:&quot;2024-09-22T20:02:45.857+00:00&quot;,&quot;last_mod_time&quot;:&quot;2024-09-22T20:02:45.857+00:00&quot;},{&quot;userAddress&quot;:{&quot;addressId&quot;:2693,&quot;plotNumber&quot;:&quot;277TH-SE&quot;,&quot;street&quot;:&quot;Terrence&quot;,&quot;state&quot;:&quot;Washington&quot;,&quot;country&quot;:&quot;USA&quot;,&quot;zipCode&quot;:98075},&quot;user_id&quot;:2726,&quot;user_first_name&quot;:&quot;Monalisa&quot;,&quot;user_last_name&quot;:&quot;Dalbehera&quot;,&quot;user_contact_number&quot;:4259851703,&quot;user_email_id&quot;:&quot;monalisa.dalbehera@hotmail.com&quot;,&quot;creation_time&quot;:&quot;2024-09-22T20:04:54.809+00:00&quot;,&quot;last_mod_time&quot;:&quot;2024-09-22T20:04:54.809+00:00&quot;},{&quot;userAddress&quot;:{&quot;addressId&quot;:4482,&quot;plotNumber&quot;:&quot;p1-09&quot;,&quot;street&quot;:&quot;Main&quot;,&quot;state&quot;:&quot;NY&quot;,&quot;country&quot;:&quot;USA&quot;,&quot;zipCode&quot;:10901},&quot;user_id&quot;:4515,&quot;user_first_name&quot;:&quot;dora&quot;,&quot;user_last_name&quot;:&quot;tel&quot;,&quot;user_contact_number&quot;:9248350789,&quot;user_email_id&quot;:&quot;dora.tel@example.com&quot;,&quot;creation_time&quot;:&quot;2024-09-25T21:38:05.284+00:00&quot;,&quot;last_mod_time&quot;:&quot;2024-09-25T21:38:05.284+00:00&quot;},{&quot;userAddress&quot;:{&quot;addressId&quot;:5065,&quot;plotNumber&quot;:&quot;A-202&quot;,&quot;street&quot;:&quot;golden ln&quot;,&quot;state&quot;:&quot;MA&quot;,&quot;country&quot;:&quot;USA&quot;,&quot;zipCode&quot;:28456},&quot;user_id&quot;:5098,&quot;user_first_name&quot;:&quot;Test&quot;,&quot;user_last_name&quot;:&quot;Tester&quot;,&quot;user_contact_number&quot;:9876512013,&quot;user_email_id&quot;:&quot;te_013@gmail.com&quot;,&quot;creation_time&quot;:&quot;2024-09-26T21:04:57.604+00:00&quot;,&quot;last_mod_time&quot;:&quot;2024-09-26T21:04:57.604+00:00&quot;},{&quot;userAddress&quot;:{&quot;addressId&quot;:2697,&quot;plotNumber&quot;:&quot;277TH-SE&quot;,&quot;street&quot;:&quot;Terrence&quot;,&quot;state&quot;:&quot;Washington&quot;,&quot;country&quot;:&quot;USA&quot;,&quot;zipCode&quot;:98075},&quot;user_id&quot;:2730,&quot;user_first_name&quot;:&quot;Monalisa&quot;,&quot;user_last_name&quot;:&quot;Dalbehera&quot;,&quot;user_contact_number&quot;:4259851603,&quot;user_email_id&quot;:&quot;monalisa.dalbehera@live.com&quot;,&quot;creation_time&quot;:&quot;2024-09-22T20:05:43.879+00:00&quot;,&quot;last_mod_time&quot;:&quot;2024-09-22T20:05:43.879+00:00&quot;},{&quot;userAddress&quot;:{&quot;addressId&quot;:2698,&quot;plotNumber&quot;:&quot;277TH-SE&quot;,&quot;street&quot;:&quot;Terrence&quot;,&quot;state&quot;:&quot;Washington&quot;,&quot;country&quot;:&quot;USA&quot;,&quot;zipCode&quot;:98075},&quot;user_id&quot;:2731,&quot;user_first_name&quot;:&quot;Monalisa&quot;,&quot;user_last_name&quot;:&quot;Dalbehera&quot;,&quot;user_contact_number&quot;:4259851403,&quot;user_email_id&quot;:&quot;monalisa.dalbehera7@live.com&quot;,&quot;creation_time&quot;:&quot;2024-09-22T20:06:20.422+00:00&quot;,&quot;last_mod_time&quot;:&quot;2024-09-22T20:06:20.422+00:00&quot;},{&quot;userAddress&quot;:{&quot;addressId&quot;:4525,&quot;plotNumber&quot;:&quot;p1-098&quot;,&quot;street&quot;:&quot;cxvbmnb &quot;,&quot;state&quot;:&quot;uibhjkl&quot;,&quot;country&quot;:&quot;USA&quot;,&quot;zipCode&quot;:90865},&quot;user_id&quot;:4558,&quot;user_first_name&quot;:&quot;bepjkkloo&quot;,&quot;user_last_name&quot;:&quot;vhhojoxcd&quot;,&quot;user_contact_number&quot;:1019264209,&quot;user_email_id&quot;:&quot;nijua.loj-1727305970560@ecxfs.com&quot;,&quot;creation_time&quot;:&quot;2024-09-25T23:12:51.209+00:00&quot;,&quot;last_mod_time&quot;:&quot;2024-09-25T23:12:51.209+00:00&quot;},{&quot;userAddress&quot;:{&quot;addressId&quot;:5128,&quot;plotNumber&quot;:&quot;p1-098&quot;,&quot;street&quot;:&quot;cxvbmnb &quot;,&quot;state&quot;:&quot;uibhjkl&quot;,&quot;country&quot;:&quot;USA&quot;,&quot;zipCode&quot;:90865},&quot;user_id&quot;:5161,&quot;user_first_name&quot;:&quot;bpghkhjd&quot;,&quot;user_last_name&quot;:&quot;updatedLastName&quot;,&quot;user_contact_number&quot;:1058506961,&quot;user_email_id&quot;:&quot;nijua.loj-1727387425510@ecxfs.com&quot;,&quot;creation_time&quot;:&quot;2024-09-26T21:50:26.110+00:00&quot;,&quot;last_mod_time&quot;:&quot;2024-09-26T21:50:29.716+00:00&quot;},{&quot;userAddress&quot;:{&quot;addressId&quot;:5131,&quot;plotNumber&quot;:&quot;p1-098&quot;,&quot;street&quot;:&quot;cxvbmnb &quot;,&quot;state&quot;:&quot;uibhjkl&quot;,&quot;country&quot;:&quot;USA&quot;,&quot;zipCode&quot;:90865},&quot;user_id&quot;:5164,&quot;user_first_name&quot;:&quot;bpghkhjd&quot;,&quot;user_last_name&quot;:&quot;updatedLastName&quot;,&quot;user_contact_number&quot;:1673023483,&quot;user_email_id&quot;:&quot;nijua.loj-1727387466661@ecxfs.com&quot;,&quot;creation_time&quot;:&quot;2024-09-26T21:51:07.247+00:00&quot;,&quot;last_mod_time&quot;:&quot;2024-09-26T21:51:11.108+00:00&quot;},{&quot;userAddress&quot;:{&quot;addressId&quot;:2780,&quot;plotNumber&quot;:&quot;A-45&quot;,&quot;street&quot;:&quot;violet&quot;,&quot;state&quot;:&quot;NC&quot;,&quot;country&quot;:&quot;usa&quot;,&quot;zipCode&quot;:235689},&quot;user_id&quot;:2813,&quot;user_first_name&quot;:&quot;ssk&quot;,&quot;user_last_name&quot;:&quot;david&quot;,&quot;user_contact_number&quot;:4585231544,&quot;user_email_id&quot;:&quot;ssk@example.com&quot;,&quot;creation_time&quot;:&quot;2024-09-22T21:56:33.528+00:00&quot;,&quot;last_mod_time&quot;:&quot;2024-09-22T21:56:33.528+00:00&quot;},{&quot;userAddress&quot;:{&quot;addressId&quot;:2817,&quot;plotNumber&quot;:null,&quot;street&quot;:null,&quot;state&quot;:null,&quot;country&quot;:null,&quot;zipCode&quot;:null},&quot;user_id&quot;:2850,&quot;user_first_name&quot;:&quot;Arya&quot;,&quot;user_last_name&quot;:&quot;Stark&quot;,&quot;user_contact_number&quot;:9079231898,&quot;user_email_id&quot;:&quot;AryaS@gmail.com&quot;,&quot;creation_time&quot;:&quot;2024-09-22T22:23:21.086+00:00&quot;,&quot;last_mod_time&quot;:&quot;2024-09-22T22:23:21.086+00:00&quot;},{&quot;userAddress&quot;:{&quot;addressId&quot;:2818,&quot;plotNumber&quot;:null,&quot;street&quot;:null,&quot;state&quot;:null,&quot;country&quot;:null,&quot;zipCode&quot;:null},&quot;user_id&quot;:2851,&quot;user_first_name&quot;:&quot;Sansa&quot;,&quot;user_last_name&quot;:&quot;Stark&quot;,&quot;user_contact_number&quot;:2323277898,&quot;user_email_id&quot;:&quot;sansast@gmail.com&quot;,&quot;creation_time&quot;:&quot;2024-09-22T22:23:21.545+00:00&quot;,&quot;last_mod_time&quot;:&quot;2024-09-22T22:23:21.545+00:00&quot;},{&quot;userAddress&quot;:{&quot;addressId&quot;:2819,&quot;plotNumber&quot;:null,&quot;street&quot;:null,&quot;state&quot;:null,&quot;country&quot;:null,&quot;zipCode&quot;:null},&quot;user_id&quot;:2852,&quot;user_first_name&quot;:&quot;Robb&quot;,&quot;user_last_name&quot;:&quot;Stark&quot;,&quot;user_contact_number&quot;:9079232334,&quot;user_email_id&quot;:&quot;robbs@gmail.com&quot;,&quot;creation_time&quot;:&quot;2024-09-22T22:23:21.986+00:00&quot;,&quot;last_mod_time&quot;:&quot;2024-09-22T22:23:21.986+00:00&quot;},{&quot;userAddress&quot;:{&quot;addressId&quot;:2831,&quot;plotNumber&quot;:&quot;8-k&quot;,&quot;street&quot;:&quot;Dancing Duck&quot;,&quot;state&quot;:&quot;tx&quot;,&quot;country&quot;:&quot;us&quot;,&quot;zipCode&quot;:76023},&quot;user_id&quot;:2864,&quot;user_first_name&quot;:&quot;John Doe&quot;,&quot;user_last_name&quot;:&quot;Doe&quot;,&quot;user_contact_number&quot;:7847892389,&quot;user_email_id&quot;:&quot;johndoe@gmail.com&quot;,&quot;creation_time&quot;:&quot;2024-09-22T22:31:11.550+00:00&quot;,&quot;last_mod_time&quot;:&quot;2024-09-22T22:31:11.550+00:00&quot;},{&quot;userAddress&quot;:{&quot;addressId&quot;:2834,&quot;plotNumber&quot;:&quot;m-9&quot;,&quot;street&quot;:&quot;Landing&quot;,&quot;state&quot;:&quot;WA&quot;,&quot;country&quot;:&quot;us&quot;,&quot;zipCode&quot;:87098},&quot;user_id&quot;:2867,&quot;user_first_name&quot;:&quot;Bill&quot;,&quot;user_last_name&quot;:&quot;Smith&quot;,&quot;user_contact_number&quot;:6789876658,&quot;user_email_id&quot;:&quot;Billsmith@gmail.com&quot;,&quot;creation_time&quot;:&quot;2024-09-22T22:37:59.422+00:00&quot;,&quot;last_mod_time&quot;:&quot;2024-09-22T22:37:59.422+00:00&quot;},{&quot;userAddress&quot;:{&quot;addressId&quot;:2835,&quot;plotNumber&quot;:&quot;N-8&quot;,&quot;street&quot;:&quot;Epcot&quot;,&quot;state&quot;:&quot;WA&quot;,&quot;country&quot;:&quot;us&quot;,&quot;zipCode&quot;:87066},&quot;user_id&quot;:2868,&quot;user_first_name&quot;:&quot;Noel&quot;,&quot;user_last_name&quot;:&quot;Bat&quot;,&quot;user_contact_number&quot;:6780979945,&quot;user_email_id&quot;:&quot;NoelBat@gmail.com&quot;,&quot;creation_time&quot;:&quot;2024-09-22T22:40:15.866+00:00&quot;,&quot;last_mod_time&quot;:&quot;2024-09-22T22:40:15.866+00:00&quot;},{&quot;userAddress&quot;:{&quot;addressId&quot;:2836,&quot;plotNumber&quot;:&quot;f-5&quot;,&quot;street&quot;:&quot;Downy&quot;,&quot;state&quot;:&quot;WA&quot;,&quot;country&quot;:&quot;us&quot;,&quot;zipCode&quot;:98765},&quot;user_id&quot;:2869,&quot;user_first_name&quot;:&quot;Cas&quot;,&quot;user_last_name&quot;:&quot;BatSul&quot;,&quot;user_contact_number&quot;:4389262566,&quot;user_email_id&quot;:&quot;Cas.Sull@gmail.com&quot;,&quot;creation_time&quot;:&quot;2024-09-22T22:42:17.462+00:00&quot;,&quot;last_mod_time&quot;:&quot;2024-09-22T22:42:17.462+00:00&quot;},{&quot;userAddress&quot;:{&quot;addressId&quot;:3102,&quot;plotNumber&quot;:&quot;A-30&quot;,&quot;street&quot;:&quot;DISNEY STREET&quot;,&quot;state&quot;:&quot;FL&quot;,&quot;country&quot;:&quot;USA&quot;,&quot;zipCode&quot;:34567},&quot;user_id&quot;:3135,&quot;user_first_name&quot;:&quot;POPERSHA&quot;,&quot;user_last_name&quot;:&quot;SENI&quot;,&quot;user_contact_number&quot;:9876583215,&quot;user_email_id&quot;:&quot;12346@gmail.com&quot;,&quot;creation_time&quot;:&quot;2024-09-23T02:18:56.376+00:00&quot;,&quot;last_mod_time&quot;:&quot;2024-09-23T02:18:56.376+00:00&quot;},{&quot;userAddress&quot;:{&quot;addressId&quot;:3132,&quot;plotNumber&quot;:&quot;pl-72&quot;,&quot;street&quot;:&quot;Broadway&quot;,&quot;state&quot;:&quot;New Jersey&quot;,&quot;country&quot;:&quot;USA&quot;,&quot;zipCode&quot;:72363},&quot;user_id&quot;:3165,&quot;user_first_name&quot;:&quot;randomFirstName&quot;,&quot;user_last_name&quot;:&quot;randomLastName&quot;,&quot;user_contact_number&quot;:5462569027,&quot;user_email_id&quot;:&quot;user789@example.com&quot;,&quot;creation_time&quot;:&quot;2024-09-23T02:42:56.949+00:00&quot;,&quot;last_mod_time&quot;:&quot;2024-09-23T02:42:56.949+00:00&quot;},{&quot;userAddress&quot;:{&quot;addressId&quot;:3571,&quot;plotNumber&quot;:&quot;443-r&quot;,&quot;street&quot;:&quot;sunlane&quot;,&quot;state&quot;:&quot;TN&quot;,&quot;country&quot;:&quot;INDIA&quot;,&quot;zipCode&quot;:611008},&quot;user_id&quot;:3604,&quot;user_first_name&quot;:&quot;malli&quot;,&quot;user_last_name&quot;:&quot;rengarajan&quot;,&quot;user_contact_number&quot;:1432623426,&quot;user_email_id&quot;:&quot;malli@gmail.com&quot;,&quot;creation_time&quot;:&quot;2024-09-23T13:57:36.599+00:00&quot;,&quot;last_mod_time&quot;:&quot;2024-09-23T13:57:36.599+00:00&quot;},{&quot;userAddress&quot;:{&quot;addressId&quot;:3715,&quot;plotNumber&quot;:&quot;pl-72&quot;,&quot;street&quot;:&quot;Broadway&quot;,&quot;state&quot;:&quot;New Jersey&quot;,&quot;country&quot;:&quot;USA&quot;,&quot;zipCode&quot;:72363},&quot;user_id&quot;:3748,&quot;user_first_name&quot;:&quot;randomFirstName&quot;,&quot;user_last_name&quot;:&quot;randomLastName&quot;,&quot;user_contact_number&quot;:1118031837,&quot;user_email_id&quot;:&quot;user882@example.com&quot;,&quot;creation_time&quot;:&quot;2024-09-23T15:42:57.968+00:00&quot;,&quot;last_mod_time&quot;:&quot;2024-09-23T15:42:57.968+00:00&quot;},{&quot;userAddress&quot;:{&quot;addressId&quot;:9959,&quot;plotNumber&quot;:&quot;P1-14&quot;,&quot;street&quot;:&quot;Pine&quot;,&quot;state&quot;:&quot;FL&quot;,&quot;country&quot;:&quot;USA&quot;,&quot;zipCode&quot;:33101},&quot;user_id&quot;:9991,&quot;user_first_name&quot;:&quot;Charlie&quot;,&quot;user_last_name&quot;:&quot;Brown&quot;,&quot;user_contact_number&quot;:5557382111,&quot;user_email_id&quot;:&quot;cBrown@example.com&quot;,&quot;creation_time&quot;:&quot;2024-10-15T15:58:55.750+00:00&quot;,&quot;last_mod_time&quot;:&quot;2024-10-15T15:58:55.750+00:00&quot;},{&quot;userAddress&quot;:{&quot;addressId&quot;:3716,&quot;plotNumber&quot;:&quot;pl-72&quot;,&quot;street&quot;:&quot;Broadway&quot;,&quot;state&quot;:&quot;New Jersey&quot;,&quot;country&quot;:&quot;USA&quot;,&quot;zipCode&quot;:72363},&quot;user_id&quot;:3749,&quot;user_first_name&quot;:&quot;randomFirstName&quot;,&quot;user_last_name&quot;:&quot;randomLastName&quot;,&quot;user_contact_number&quot;:5333172217,&quot;user_email_id&quot;:&quot;user353@example.com&quot;,&quot;creation_time&quot;:&quot;2024-09-23T15:43:13.973+00:00&quot;,&quot;last_mod_time&quot;:&quot;2024-09-23T15:43:13.973+00:00&quot;},{&quot;userAddress&quot;:{&quot;addressId&quot;:4324,&quot;plotNumber&quot;:&quot;Bt-11&quot;,&quot;street&quot;:&quot;First St&quot;,&quot;state&quot;:&quot;Texas&quot;,&quot;country&quot;:&quot;USA&quot;,&quot;zipCode&quot;:54657},&quot;user_id&quot;:4357,&quot;user_first_name&quot;:&quot;Newfirstname&quot;,&quot;user_last_name&quot;:&quot;lastTrial&quot;,&quot;user_contact_number&quot;:5537146433,&quot;user_email_id&quot;:&quot;tommyga7odc9b7ik8@gmail.com&quot;,&quot;creation_time&quot;:&quot;2024-09-24T16:19:24.100+00:00&quot;,&quot;last_mod_time&quot;:&quot;2024-09-24T16:19:24.100+00:00&quot;},{&quot;userAddress&quot;:{&quot;addressId&quot;:323,&quot;plotNumber&quot;:&quot;ul-07&quot;,&quot;street&quot;:&quot;fort street&quot;,&quot;state&quot;:&quot;NY&quot;,&quot;country&quot;:&quot;USA&quot;,&quot;zipCode&quot;:9456},&quot;user_id&quot;:356,&quot;user_first_name&quot;:&quot;Nisha&quot;,&quot;user_last_name&quot;:&quot;Sharma&quot;,&quot;user_contact_number&quot;:7765349828,&quot;user_email_id&quot;:&quot;sharma@gmail.com&quot;,&quot;creation_time&quot;:&quot;2024-09-18T01:53:29.840+00:00&quot;,&quot;last_mod_time&quot;:&quot;2024-09-23T18:15:41.904+00:00&quot;},{&quot;userAddress&quot;:{&quot;addressId&quot;:3648,&quot;plotNumber&quot;:&quot;123-ab&quot;,&quot;street&quot;:&quot;mant st&quot;,&quot;state&quot;:&quot;ky&quot;,&quot;country&quot;:&quot;usa&quot;,&quot;zipCode&quot;:41011},&quot;user_id&quot;:3681,&quot;user_first_name&quot;:&quot;seeta&quot;,&quot;user_last_name&quot;:&quot;prem&quot;,&quot;user_contact_number&quot;:5134443221,&quot;user_email_id&quot;:&quot;seetaprem1@gmail.com&quot;,&quot;creation_time&quot;:&quot;2024-09-23T15:18:08.696+00:00&quot;,&quot;last_mod_time&quot;:&quot;2024-09-23T15:18:08.696+00:00&quot;},{&quot;userAddress&quot;:{&quot;addressId&quot;:7727,&quot;plotNumber&quot;:null,&quot;street&quot;:&quot;Mclean&quot;,&quot;state&quot;:&quot;VA&quot;,&quot;country&quot;:&quot;usa&quot;,&quot;zipCode&quot;:20104},&quot;user_id&quot;:7759,&quot;user_first_name&quot;:&quot;Elsa&quot;,&quot;user_last_name&quot;:&quot;Anna&quot;,&quot;user_contact_number&quot;:5714532653,&quot;user_email_id&quot;:&quot;abs@gmail.com&quot;,&quot;creation_time&quot;:&quot;2024-10-11T01:12:33.633+00:00&quot;,&quot;last_mod_time&quot;:&quot;2024-10-11T01:12:33.633+00:00&quot;},{&quot;userAddress&quot;:{&quot;addressId&quot;:3285,&quot;plotNumber&quot;:&quot;ab-23&quot;,&quot;street&quot;:&quot;Berlington&quot;,&quot;state&quot;:&quot;Texas&quot;,&quot;country&quot;:&quot;USA&quot;,&quot;zipCode&quot;:77031},&quot;user_id&quot;:3318,&quot;user_first_name&quot;:&quot;Dilina&quot;,&quot;user_last_name&quot;:&quot;Divan&quot;,&quot;user_contact_number&quot;:2455855177,&quot;user_email_id&quot;:&quot;cc100@gmail.com&quot;,&quot;creation_time&quot;:&quot;2024-09-23T04:28:48.191+00:00&quot;,&quot;last_mod_time&quot;:&quot;2024-09-23T04:28:48.191+00:00&quot;},{&quot;userAddress&quot;:{&quot;addressId&quot;:4030,&quot;plotNumber&quot;:&quot;7-o&quot;,&quot;street&quot;:&quot;Abgh&quot;,&quot;state&quot;:&quot;TX&quot;,&quot;country&quot;:&quot;US&quot;,&quot;zipCode&quot;:75063},&quot;user_id&quot;:4063,&quot;user_first_name&quot;:&quot;Gowris&quot;,&quot;user_last_name&quot;:&quot;Mohans&quot;,&quot;user_contact_number&quot;:5647384909,&quot;user_email_id&quot;:&quot;gmspl2@gmail.com&quot;,&quot;creation_time&quot;:&quot;2024-09-23T16:51:41.161+00:00&quot;,&quot;last_mod_time&quot;:&quot;2024-09-23T19:44:20.936+00:00&quot;},{&quot;userAddress&quot;:{&quot;addressId&quot;:3602,&quot;plotNumber&quot;:&quot;V-320&quot;,&quot;street&quot;:null,&quot;state&quot;:&quot;NY&quot;,&quot;country&quot;:null,&quot;zipCode&quot;:8857},&quot;user_id&quot;:3635,&quot;user_first_name&quot;:&quot;Eisn&quot;,&quot;user_last_name&quot;:&quot;Mra&quot;,&quot;user_contact_number&quot;:2805006104,&quot;user_email_id&quot;:&quot;shpps62@gmail.com&quot;,&quot;creation_time&quot;:&quot;2024-09-23T14:37:21.572+00:00&quot;,&quot;last_mod_time&quot;:&quot;2024-09-23T14:37:21.572+00:00&quot;},{&quot;userAddress&quot;:{&quot;addressId&quot;:3185,&quot;plotNumber&quot;:&quot;12-o&quot;,&quot;street&quot;:&quot;qaws&quot;,&quot;state&quot;:&quot;qa&quot;,&quot;country&quot;:&quot;qazw&quot;,&quot;zipCode&quot;:123457890000},&quot;user_id&quot;:3218,&quot;user_first_name&quot;:&quot;drake&quot;,&quot;user_last_name&quot;:&quot;star&quot;,&quot;user_contact_number&quot;:1830701017,&quot;user_email_id&quot;:&quot;sqart59@gmail.com&quot;,&quot;creation_time&quot;:&quot;2024-09-23T03:18:54.973+00:00&quot;,&quot;last_mod_time&quot;:&quot;2024-09-23T03:18:54.973+00:00&quot;},{&quot;userAddress&quot;:{&quot;addressId&quot;:8798,&quot;plotNumber&quot;:&quot;pl-3&quot;,&quot;street&quot;:&quot;shadow sR&quot;,&quot;state&quot;:&quot;GA&quot;,&quot;country&quot;:&quot;INDIA&quot;,&quot;zipCode&quot;:66466},&quot;user_id&quot;:8830,&quot;user_first_name&quot;:&quot;testuser&quot;,&quot;user_last_name&quot;:&quot;numpy&quot;,&quot;user_contact_number&quot;:5656565799,&quot;user_email_id&quot;:&quot;team5psm15@gmail.com&quot;,&quot;creation_time&quot;:&quot;2024-10-13T17:30:29.217+00:00&quot;,&quot;last_mod_time&quot;:&quot;2024-10-13T17:30:29.217+00:00&quot;},{&quot;userAddress&quot;:{&quot;addressId&quot;:4574,&quot;plotNumber&quot;:&quot;pl-14&quot;,&quot;street&quot;:&quot;Elm St&quot;,&quot;state&quot;:&quot;NY&quot;,&quot;country&quot;:&quot;USA&quot;,&quot;zipCode&quot;:12345},&quot;user_id&quot;:4607,&quot;user_first_name&quot;:&quot;MathuTri&quot;,&quot;user_last_name&quot;:&quot;Bala&quot;,&quot;user_contact_number&quot;:1934969890,&quot;user_email_id&quot;:&quot;bala1@example.com&quot;,&quot;creation_time&quot;:&quot;2024-09-26T00:15:29.242+00:00&quot;,&quot;last_mod_time&quot;:&quot;2024-09-26T00:15:29.242+00:00&quot;},{&quot;userAddress&quot;:{&quot;addressId&quot;:4575,&quot;plotNumber&quot;:&quot;H-47&quot;,&quot;street&quot;:&quot;Orange&quot;,&quot;state&quot;:&quot;NJ&quot;,&quot;country&quot;:&quot;USA&quot;,&quot;zipCode&quot;:3867},&quot;user_id&quot;:4608,&quot;user_first_name&quot;:&quot;Rolexa&quot;,&quot;user_last_name&quot;:&quot;gmail&quot;,&quot;user_contact_number&quot;:2067102366,&quot;user_email_id&quot;:&quot;ralexag2183@gmail.com&quot;,&quot;creation_time&quot;:&quot;2024-09-26T00:21:32.233+00:00&quot;,&quot;last_mod_time&quot;:&quot;2024-09-26T00:21:32.233+00:00&quot;},{&quot;userAddress&quot;:{&quot;addressId&quot;:4410,&quot;plotNumber&quot;:&quot;N-37&quot;,&quot;street&quot;:null,&quot;state&quot;:&quot;NY&quot;,&quot;country&quot;:null,&quot;zipCode&quot;:null},&quot;user_id&quot;:4443,&quot;user_first_name&quot;:&quot;jex&quot;,&quot;user_last_name&quot;:&quot;ybc&quot;,&quot;user_contact_number&quot;:2067184413,&quot;user_email_id&quot;:&quot;jexab785@gmail.com&quot;,&quot;creation_time&quot;:&quot;2024-09-25T14:56:24.069+00:00&quot;,&quot;last_mod_time&quot;:&quot;2024-09-25T14:56:24.069+00:00&quot;},{&quot;userAddress&quot;:{&quot;addressId&quot;:3882,&quot;plotNumber&quot;:&quot;4308-as&quot;,&quot;street&quot;:null,&quot;state&quot;:&quot;Ga&quot;,&quot;country&quot;:null,&quot;zipCode&quot;:30263},&quot;user_id&quot;:3915,&quot;user_first_name&quot;:&quot;Juda&quot;,&quot;user_last_name&quot;:&quot;Benhur&quot;,&quot;user_contact_number&quot;:8731160992,&quot;user_email_id&quot;:&quot;user_1727107815126@gmail.com&quot;,&quot;creation_time&quot;:&quot;2024-09-23T16:10:16.928+00:00&quot;,&quot;last_mod_time&quot;:&quot;2024-09-23T16:10:16.928+00:00&quot;},{&quot;userAddress&quot;:{&quot;addressId&quot;:3293,&quot;plotNumber&quot;:&quot;ab-23&quot;,&quot;street&quot;:&quot;Berlington&quot;,&quot;state&quot;:&quot;Texas&quot;,&quot;country&quot;:&quot;USA&quot;,&quot;zipCode&quot;:77031},&quot;user_id&quot;:3326,&quot;user_first_name&quot;:&quot;Dilina&quot;,&quot;user_last_name&quot;:&quot;Divan&quot;,&quot;user_contact_number&quot;:2455855198,&quot;user_email_id&quot;:&quot;cc200@gmail.com&quot;,&quot;creation_time&quot;:&quot;2024-09-23T04:34:22.119+00:00&quot;,&quot;last_mod_time&quot;:&quot;2024-09-23T04:34:22.119+00:00&quot;},{&quot;userAddress&quot;:{&quot;addressId&quot;:4576,&quot;plotNumber&quot;:&quot;p1-098&quot;,&quot;street&quot;:&quot;cxvbmnb &quot;,&quot;state&quot;:&quot;uibhjkl&quot;,&quot;country&quot;:&quot;USA&quot;,&quot;zipCode&quot;:90865},&quot;user_id&quot;:4609,&quot;user_first_name&quot;:&quot;bpghk&quot;,&quot;user_last_name&quot;:&quot;updatedLastName&quot;,&quot;user_contact_number&quot;:1387223225,&quot;user_email_id&quot;:&quot;nijua.loj-1727310136788@ecxfs.com&quot;,&quot;creation_time&quot;:&quot;2024-09-26T00:22:17.381+00:00&quot;,&quot;last_mod_time&quot;:&quot;2024-09-26T00:22:28.933+00:00&quot;},{&quot;userAddress&quot;:{&quot;addressId&quot;:4460,&quot;plotNumber&quot;:&quot;p1-098&quot;,&quot;street&quot;:&quot;cxvbmnb &quot;,&quot;state&quot;:&quot;uibhjkl&quot;,&quot;country&quot;:&quot;USA&quot;,&quot;zipCode&quot;:90865},&quot;user_id&quot;:4493,&quot;user_first_name&quot;:&quot;betnmgplhjk&quot;,&quot;user_last_name&quot;:&quot;vhhj&quot;,&quot;user_contact_number&quot;:1841497191,&quot;user_email_id&quot;:&quot;nijua.loj-1727293947267@ecxfs.com&quot;,&quot;creation_time&quot;:&quot;2024-09-25T19:52:27.852+00:00&quot;,&quot;last_mod_time&quot;:&quot;2024-09-25T19:52:27.852+00:00&quot;},{&quot;userAddress&quot;:{&quot;addressId&quot;:3605,&quot;plotNumber&quot;:&quot;pl-72&quot;,&quot;street&quot;:&quot;Broadway&quot;,&quot;state&quot;:&quot;New Jersey&quot;,&quot;country&quot;:&quot;USA&quot;,&quot;zipCode&quot;:72363},&quot;user_id&quot;:3638,&quot;user_first_name&quot;:&quot;randomFirstName&quot;,&quot;user_last_name&quot;:&quot;randomLastName&quot;,&quot;user_contact_number&quot;:1535061399,&quot;user_email_id&quot;:&quot;user48@example.com&quot;,&quot;creation_time&quot;:&quot;2024-09-23T14:45:44.003+00:00&quot;,&quot;last_mod_time&quot;:&quot;2024-09-23T14:45:44.003+00:00&quot;},{&quot;userAddress&quot;:{&quot;addressId&quot;:8799,&quot;plotNumber&quot;:&quot;Bt-11&quot;,&quot;street&quot;:&quot;First St&quot;,&quot;state&quot;:&quot;Texas&quot;,&quot;country&quot;:&quot;USA&quot;,&quot;zipCode&quot;:54877},&quot;user_id&quot;:8831,&quot;user_first_name&quot;:&quot;Bernhard&quot;,&quot;user_last_name&quot;:&quot;Flatley&quot;,&quot;user_contact_number&quot;:5910401795,&quot;user_email_id&quot;:&quot;Team3o8b298l42h9h@gmail.com&quot;,&quot;creation_time&quot;:&quot;2024-10-13T17:31:23.506+00:00&quot;,&quot;last_mod_time&quot;:&quot;2024-10-13T17:31:23.506+00:00&quot;},{&quot;userAddress&quot;:{&quot;addressId&quot;:4462,&quot;plotNumber&quot;:&quot;N-47&quot;,&quot;street&quot;:null,&quot;state&quot;:&quot;NJ&quot;,&quot;country&quot;:null,&quot;zipCode&quot;:null},&quot;user_id&quot;:4495,&quot;user_first_name&quot;:&quot;exa&quot;,&quot;user_last_name&quot;:&quot;ybc&quot;,&quot;user_contact_number&quot;:2067184464,&quot;user_email_id&quot;:&quot;exab783@gmail.com&quot;,&quot;creation_time&quot;:&quot;2024-09-25T20:03:50.319+00:00&quot;,&quot;last_mod_time&quot;:&quot;2024-09-25T20:03:50.319+00:00&quot;},{&quot;userAddress&quot;:{&quot;addressId&quot;:10808,&quot;plotNumber&quot;:&quot;P1-12&quot;,&quot;street&quot;:&quot;Main&quot;,&quot;state&quot;:&quot;CA&quot;,&quot;country&quot;:&quot;USA&quot;,&quot;zipCode&quot;:20875},&quot;user_id&quot;:10840,&quot;user_first_name&quot;:&quot;Alice&quot;,&quot;user_last_name&quot;:&quot;Johnson&quot;,&quot;user_contact_number&quot;:5554789300,&quot;user_email_id&quot;:&quot;Team16SON@gmail.com&quot;,&quot;creation_time&quot;:&quot;2024-10-17T22:37:26.189+00:00&quot;,&quot;last_mod_time&quot;:&quot;2024-10-17T22:37:26.189+00:00&quot;},{&quot;userAddress&quot;:{&quot;addressId&quot;:5038,&quot;plotNumber&quot;:&quot;pl-03&quot;,&quot;street&quot;:&quot;palmilla&quot;,&quot;state&quot;:&quot;Florida&quot;,&quot;country&quot;:&quot;USA&quot;,&quot;zipCode&quot;:324578},&quot;user_id&quot;:5071,&quot;user_first_name&quot;:&quot;TeamPavithra&quot;,&quot;user_last_name&quot;:&quot;kamat&quot;,&quot;user_contact_number&quot;:1111122111,&quot;user_email_id&quot;:&quot;kamat13@gmail.com&quot;,&quot;creation_time&quot;:&quot;2024-09-26T20:06:40.841+00:00&quot;,&quot;last_mod_time&quot;:&quot;2024-09-26T20:06:40.841+00:00&quot;},{&quot;userAddress&quot;:{&quot;addressId&quot;:3608,&quot;plotNumber&quot;:&quot;BB-22&quot;,&quot;street&quot;:&quot;Wayne St&quot;,&quot;state&quot;:&quot;Assam&quot;,&quot;country&quot;:&quot;India&quot;,&quot;zipCode&quot;:789632},&quot;user_id&quot;:3641,&quot;user_first_name&quot;:&quot;Reggie&quot;,&quot;user_last_name&quot;:&quot;Thomas&quot;,&quot;user_contact_number&quot;:2589631471,&quot;user_email_id&quot;:&quot;reggie.thomas0@gmail.com&quot;,&quot;creation_time&quot;:&quot;2024-09-23T14:48:03.467+00:00&quot;,&quot;last_mod_time&quot;:&quot;2024-09-23T14:48:04.166+00:00&quot;},{&quot;userAddress&quot;:{&quot;addressId&quot;:3609,&quot;plotNumber&quot;:&quot;ab-23&quot;,&quot;street&quot;:&quot;Berlington&quot;,&quot;state&quot;:&quot;Texas&quot;,&quot;country&quot;:&quot;USA&quot;,&quot;zipCode&quot;:77031},&quot;user_id&quot;:3642,&quot;user_first_name&quot;:&quot;Dilina&quot;,&quot;user_last_name&quot;:&quot;Divan&quot;,&quot;user_contact_number&quot;:2435855193,&quot;user_email_id&quot;:&quot;cc260@gmail.com&quot;,&quot;creation_time&quot;:&quot;2024-09-23T14:49:47.818+00:00&quot;,&quot;last_mod_time&quot;:&quot;2024-09-23T14:49:47.818+00:00&quot;},{&quot;userAddress&quot;:{&quot;addressId&quot;:5367,&quot;plotNumber&quot;:&quot;332-r&quot;,&quot;street&quot;:&quot;mainthree lane&quot;,&quot;state&quot;:&quot;NY&quot;,&quot;country&quot;:&quot;USA&quot;,&quot;zipCode&quot;:7816},&quot;user_id&quot;:5400,&quot;user_first_name&quot;:&quot;Buttana&quot;,&quot;user_last_name&quot;:&quot;velaa&quot;,&quot;user_contact_number&quot;:1213141528,&quot;user_email_id&quot;:&quot;Buttana@gmail.com&quot;,&quot;creation_time&quot;:&quot;2024-09-27T02:36:46.740+00:00&quot;,&quot;last_mod_time&quot;:&quot;2024-09-27T02:36:46.740+00:00&quot;},{&quot;userAddress&quot;:{&quot;addressId&quot;:4063,&quot;plotNumber&quot;:&quot;pk-03&quot;,&quot;street&quot;:&quot;palmilla&quot;,&quot;state&quot;:&quot;Texas&quot;,&quot;country&quot;:&quot;USA&quot;,&quot;zipCode&quot;:77057},&quot;user_id&quot;:4096,&quot;user_first_name&quot;:&quot;Jackfruit&quot;,&quot;user_last_name&quot;:&quot;Watermelon&quot;,&quot;user_contact_number&quot;:8734760015,&quot;user_email_id&quot;:&quot;Test110011@gmail.com&quot;,&quot;creation_time&quot;:&quot;2024-09-23T16:58:42.517+00:00&quot;,&quot;last_mod_time&quot;:&quot;2024-09-26T21:06:24.862+00:00&quot;},{&quot;userAddress&quot;:{&quot;addressId&quot;:4891,&quot;plotNumber&quot;:&quot;p1-098&quot;,&quot;street&quot;:&quot;cxvbmnb &quot;,&quot;state&quot;:&quot;uibhjkl&quot;,&quot;country&quot;:&quot;USA&quot;,&quot;zipCode&quot;:90865},&quot;user_id&quot;:4924,&quot;user_first_name&quot;:&quot;bpghkhjd&quot;,&quot;user_last_name&quot;:&quot;vhdbhjfg&quot;,&quot;user_contact_number&quot;:1712539306,&quot;user_email_id&quot;:&quot;nijua.loj-1727368478574@ecxfs.com&quot;,&quot;creation_time&quot;:&quot;2024-09-26T16:34:39.094+00:00&quot;,&quot;last_mod_time&quot;:&quot;2024-09-26T16:34:39.094+00:00&quot;},{&quot;userAddress&quot;:{&quot;addressId&quot;:4910,&quot;plotNumber&quot;:&quot;p1-098&quot;,&quot;street&quot;:&quot;cxvbmnb &quot;,&quot;state&quot;:&quot;uibhjkl&quot;,&quot;country&quot;:&quot;USA&quot;,&quot;zipCode&quot;:90865},&quot;user_id&quot;:4943,&quot;user_first_name&quot;:&quot;bpghkhjd&quot;,&quot;user_last_name&quot;:&quot;vhdbhjfg&quot;,&quot;user_contact_number&quot;:1476739236,&quot;user_email_id&quot;:&quot;nijua.loj-1727369839301@ecxfs.com&quot;,&quot;creation_time&quot;:&quot;2024-09-26T16:57:19.822+00:00&quot;,&quot;last_mod_time&quot;:&quot;2024-09-26T16:57:19.822+00:00&quot;},{&quot;userAddress&quot;:{&quot;addressId&quot;:4923,&quot;plotNumber&quot;:&quot;p1-098&quot;,&quot;street&quot;:&quot;cxvbmnb &quot;,&quot;state&quot;:&quot;uibhjkl&quot;,&quot;country&quot;:&quot;USA&quot;,&quot;zipCode&quot;:90865},&quot;user_id&quot;:4956,&quot;user_first_name&quot;:&quot;bpghkhjd&quot;,&quot;user_last_name&quot;:&quot;vhdbhjfg&quot;,&quot;user_contact_number&quot;:1590271189,&quot;user_email_id&quot;:&quot;nijua.loj-1727371473724@ecxfs.com&quot;,&quot;creation_time&quot;:&quot;2024-09-26T17:24:34.247+00:00&quot;,&quot;last_mod_time&quot;:&quot;2024-09-26T17:24:34.247+00:00&quot;},{&quot;userAddress&quot;:{&quot;addressId&quot;:4842,&quot;plotNumber&quot;:&quot;B-2222&quot;,&quot;street&quot;:&quot;newtwo street&quot;,&quot;state&quot;:&quot;new york&quot;,&quot;country&quot;:&quot;USA&quot;,&quot;zipCode&quot;:13412},&quot;user_id&quot;:4875,&quot;user_first_name&quot;:&quot;Bill&quot;,&quot;user_last_name&quot;:&quot;Martin&quot;,&quot;user_contact_number&quot;:5403544299,&quot;user_email_id&quot;:&quot;t5bill@gmail.com&quot;,&quot;creation_time&quot;:&quot;2024-09-26T13:41:21.074+00:00&quot;,&quot;last_mod_time&quot;:&quot;2024-09-26T13:41:21.074+00:00&quot;},{&quot;userAddress&quot;:{&quot;addressId&quot;:5066,&quot;plotNumber&quot;:&quot;A-202&quot;,&quot;street&quot;:&quot;golden ln&quot;,&quot;state&quot;:&quot;MA&quot;,&quot;country&quot;:&quot;USA&quot;,&quot;zipCode&quot;:28456},&quot;user_id&quot;:5099,&quot;user_first_name&quot;:&quot;Test&quot;,&quot;user_last_name&quot;:&quot;Tester&quot;,&quot;user_contact_number&quot;:9876512014,&quot;user_email_id&quot;:&quot;te_014@gmail.com&quot;,&quot;creation_time&quot;:&quot;2024-09-26T21:07:53.084+00:00&quot;,&quot;last_mod_time&quot;:&quot;2024-09-26T21:07:53.084+00:00&quot;},{&quot;userAddress&quot;:{&quot;addressId&quot;:3655,&quot;plotNumber&quot;:null,&quot;street&quot;:null,&quot;state&quot;:null,&quot;country&quot;:null,&quot;zipCode&quot;:null},&quot;user_id&quot;:3688,&quot;user_first_name&quot;:&quot;DeletefirstName&quot;,&quot;user_last_name&quot;:&quot;lastdelete&quot;,&quot;user_contact_number&quot;:8286023576,&quot;user_email_id&quot;:&quot;tommydjdo56cda0lb@gmail.com&quot;,&quot;creation_time&quot;:&quot;2024-09-23T15:22:24.899+00:00&quot;,&quot;last_mod_time&quot;:&quot;2024-09-23T15:22:24.899+00:00&quot;},{&quot;userAddress&quot;:{&quot;addressId&quot;:3615,&quot;plotNumber&quot;:null,&quot;street&quot;:&quot;test&quot;,&quot;state&quot;:&quot;virginia&quot;,&quot;country&quot;:&quot;USA&quot;,&quot;zipCode&quot;:20147},&quot;user_id&quot;:3648,&quot;user_first_name&quot;:&quot;Seema&quot;,&quot;user_last_name&quot;:&quot;Hassan&quot;,&quot;user_contact_number&quot;:7972339080,&quot;user_email_id&quot;:&quot;humarani10@cloud.com&quot;,&quot;creation_time&quot;:&quot;2024-09-23T14:52:28.599+00:00&quot;,&quot;last_mod_time&quot;:&quot;2024-09-23T14:52:28.599+00:00&quot;},{&quot;userAddress&quot;:{&quot;addressId&quot;:5834,&quot;plotNumber&quot;:&quot;p1-098&quot;,&quot;street&quot;:&quot;cxvbmnb &quot;,&quot;state&quot;:&quot;uibhjkl&quot;,&quot;country&quot;:&quot;USA&quot;,&quot;zipCode&quot;:90865},&quot;user_id&quot;:5867,&quot;user_first_name&quot;:&quot;bpghkhjd&quot;,&quot;user_last_name&quot;:&quot;vhdbhjfg&quot;,&quot;user_contact_number&quot;:1633684661,&quot;user_email_id&quot;:&quot;nijua.loj-1727459232084@ecxfs.com&quot;,&quot;creation_time&quot;:&quot;2024-09-27T17:47:17.529+00:00&quot;,&quot;last_mod_time&quot;:&quot;2024-09-27T17:47:17.529+00:00&quot;},{&quot;userAddress&quot;:{&quot;addressId&quot;:4532,&quot;plotNumber&quot;:&quot;p1-098&quot;,&quot;street&quot;:&quot;cxvbmnb &quot;,&quot;state&quot;:&quot;uibhjkl&quot;,&quot;country&quot;:&quot;USA&quot;,&quot;zipCode&quot;:90865},&quot;user_id&quot;:4565,&quot;user_first_name&quot;:&quot;bepjloo&quot;,&quot;user_last_name&quot;:&quot;vhhojoxd&quot;,&quot;user_contact_number&quot;:1407749159,&quot;user_email_id&quot;:&quot;nijua.loj-1727306223165@ecxfs.com&quot;,&quot;creation_time&quot;:&quot;2024-09-25T23:17:03.759+00:00&quot;,&quot;last_mod_time&quot;:&quot;2024-09-25T23:17:03.759+00:00&quot;},{&quot;userAddress&quot;:{&quot;addressId&quot;:4917,&quot;plotNumber&quot;:&quot;p1-098&quot;,&quot;street&quot;:&quot;cxvbmnb &quot;,&quot;state&quot;:&quot;uibhjkl&quot;,&quot;country&quot;:&quot;USA&quot;,&quot;zipCode&quot;:90865},&quot;user_id&quot;:4950,&quot;user_first_name&quot;:&quot;bpghkhjd&quot;,&quot;user_last_name&quot;:&quot;vhdbhjfg&quot;,&quot;user_contact_number&quot;:1072725483,&quot;user_email_id&quot;:&quot;nijua.loj-1727370682148@ecxfs.com&quot;,&quot;creation_time&quot;:&quot;2024-09-26T17:11:22.706+00:00&quot;,&quot;last_mod_time&quot;:&quot;2024-09-26T17:11:22.706+00:00&quot;},{&quot;userAddress&quot;:{&quot;addressId&quot;:5069,&quot;plotNumber&quot;:&quot;A-202&quot;,&quot;street&quot;:&quot;golden ln&quot;,&quot;state&quot;:&quot;MA&quot;,&quot;country&quot;:&quot;USA&quot;,&quot;zipCode&quot;:28456},&quot;user_id&quot;:5102,&quot;user_first_name&quot;:&quot;Test&quot;,&quot;user_last_name&quot;:&quot;Tester&quot;,&quot;user_contact_number&quot;:9876512015,&quot;user_email_id&quot;:&quot;te_015@gmail.com&quot;,&quot;creation_time&quot;:&quot;2024-09-26T21:09:23.135+00:00&quot;,&quot;last_mod_time&quot;:&quot;2024-09-26T21:09:23.135+00:00&quot;},{&quot;userAddress&quot;:{&quot;addressId&quot;:4536,&quot;plotNumber&quot;:&quot;p1-098&quot;,&quot;street&quot;:&quot;cxvbmnb &quot;,&quot;state&quot;:&quot;uibhjkl&quot;,&quot;country&quot;:&quot;USA&quot;,&quot;zipCode&quot;:90865},&quot;user_id&quot;:4569,&quot;user_first_name&quot;:&quot;bepjloop&quot;,&quot;user_last_name&quot;:&quot;vhhojoxddfg&quot;,&quot;user_contact_number&quot;:1686996178,&quot;user_email_id&quot;:&quot;nijua.loj-1727306612215@ecxfs.com&quot;,&quot;creation_time&quot;:&quot;2024-09-25T23:23:33.230+00:00&quot;,&quot;last_mod_time&quot;:&quot;2024-09-25T23:23:33.230+00:00&quot;},{&quot;userAddress&quot;:{&quot;addressId&quot;:3935,&quot;plotNumber&quot;:&quot;01-pl&quot;,&quot;street&quot;:null,&quot;state&quot;:&quot;NY&quot;,&quot;country&quot;:null,&quot;zipCode&quot;:12210},&quot;user_id&quot;:3968,&quot;user_first_name&quot;:&quot;ABC&quot;,&quot;user_last_name&quot;:&quot;DCF&quot;,&quot;user_contact_number&quot;:1274567890,&quot;user_email_id&quot;:&quot;test@test123.com&quot;,&quot;creation_time&quot;:&quot;2024-09-23T16:17:44.208+00:00&quot;,&quot;last_mod_time&quot;:&quot;2024-09-23T16:17:44.208+00:00&quot;},{&quot;userAddress&quot;:{&quot;addressId&quot;:7310,&quot;plotNumber&quot;:&quot;AS-99&quot;,&quot;street&quot;:&quot;Gorniak&quot;,&quot;state&quot;:&quot;MI&quot;,&quot;country&quot;:&quot;USA&quot;,&quot;zipCode&quot;:7896},&quot;user_id&quot;:7343,&quot;user_first_name&quot;:&quot;TesterAB&quot;,&quot;user_last_name&quot;:&quot;Numpy&quot;,&quot;user_contact_number&quot;:1237894566,&quot;user_email_id&quot;:&quot;testerlearnerab@gmail.com&quot;,&quot;creation_time&quot;:&quot;2024-10-08T20:19:22.411+00:00&quot;,&quot;last_mod_time&quot;:&quot;2024-10-08T20:19:22.411+00:00&quot;},{&quot;userAddress&quot;:{&quot;addressId&quot;:3660,&quot;plotNumber&quot;:null,&quot;street&quot;:null,&quot;state&quot;:null,&quot;country&quot;:null,&quot;zipCode&quot;:null},&quot;user_id&quot;:3693,&quot;user_first_name&quot;:&quot;DeletefirstName&quot;,&quot;user_last_name&quot;:&quot;lastdelete&quot;,&quot;user_contact_number&quot;:8152916267,&quot;user_email_id&quot;:&quot;tommy2m58p1ca482m@gmail.com&quot;,&quot;creation_time&quot;:&quot;2024-09-23T15:23:54.517+00:00&quot;,&quot;last_mod_time&quot;:&quot;2024-09-23T15:23:54.517+00:00&quot;},{&quot;userAddress&quot;:{&quot;addressId&quot;:4538,&quot;plotNumber&quot;:&quot;p1-098&quot;,&quot;street&quot;:&quot;cxvbmnb &quot;,&quot;state&quot;:&quot;uibhjkl&quot;,&quot;country&quot;:&quot;USA&quot;,&quot;zipCode&quot;:90865},&quot;user_id&quot;:4571,&quot;user_first_name&quot;:&quot;bepjloopgh&quot;,&quot;user_last_name&quot;:&quot;vhhnjojoxddfg&quot;,&quot;user_contact_number&quot;:1819987219,&quot;user_email_id&quot;:&quot;nijua.loj-1727306718096@ecxfs.com&quot;,&quot;creation_time&quot;:&quot;2024-09-25T23:25:18.703+00:00&quot;,&quot;last_mod_time&quot;:&quot;2024-09-25T23:25:18.703+00:00&quot;},{&quot;userAddress&quot;:{&quot;addressId&quot;:4539,&quot;plotNumber&quot;:&quot;p1-098&quot;,&quot;street&quot;:&quot;cxvbmnb &quot;,&quot;state&quot;:&quot;uibhjkl&quot;,&quot;country&quot;:&quot;USA&quot;,&quot;zipCode&quot;:90865},&quot;user_id&quot;:4572,&quot;user_first_name&quot;:&quot;bepjloopgh&quot;,&quot;user_last_name&quot;:&quot;vhhnjojoxddfg&quot;,&quot;user_contact_number&quot;:1053209532,&quot;user_email_id&quot;:&quot;nijua.loj-1727306887406@ecxfs.com&quot;,&quot;creation_time&quot;:&quot;2024-09-25T23:28:08.005+00:00&quot;,&quot;last_mod_time&quot;:&quot;2024-09-25T23:28:08.005+00:00&quot;},{&quot;userAddress&quot;:{&quot;addressId&quot;:3662,&quot;plotNumber&quot;:null,&quot;street&quot;:null,&quot;state&quot;:null,&quot;country&quot;:null,&quot;zipCode&quot;:null},&quot;user_id&quot;:3695,&quot;user_first_name&quot;:&quot;DeletefirstName&quot;,&quot;user_last_name&quot;:&quot;lastdelete&quot;,&quot;user_contact_number&quot;:8718757646,&quot;user_email_id&quot;:&quot;tommyf4fj3g7mdcah@gmail.com&quot;,&quot;creation_time&quot;:&quot;2024-09-23T15:23:56.608+00:00&quot;,&quot;last_mod_time&quot;:&quot;2024-09-23T15:23:56.608+00:00&quot;},{&quot;userAddress&quot;:{&quot;addressId&quot;:3663,&quot;plotNumber&quot;:null,&quot;street&quot;:null,&quot;state&quot;:null,&quot;country&quot;:null,&quot;zipCode&quot;:null},&quot;user_id&quot;:3696,&quot;user_first_name&quot;:&quot;DeletefirstName&quot;,&quot;user_last_name&quot;:&quot;lastdelete&quot;,&quot;user_contact_number&quot;:4792049458,&quot;user_email_id&quot;:&quot;tommyfnofbf2gm5ob@gmail.com&quot;,&quot;creation_time&quot;:&quot;2024-09-23T15:23:59.006+00:00&quot;,&quot;last_mod_time&quot;:&quot;2024-09-23T15:23:59.006+00:00&quot;},{&quot;userAddress&quot;:{&quot;addressId&quot;:4541,&quot;plotNumber&quot;:&quot;p1-098&quot;,&quot;street&quot;:&quot;cxvbmnb &quot;,&quot;state&quot;:&quot;uibhjkl&quot;,&quot;country&quot;:&quot;USA&quot;,&quot;zipCode&quot;:90865},&quot;user_id&quot;:4574,&quot;user_first_name&quot;:&quot;bepjopgh&quot;,&quot;user_last_name&quot;:&quot;vhhnjoxddfg&quot;,&quot;user_contact_number&quot;:1398752991,&quot;user_email_id&quot;:&quot;nijua.loj-1727307012624@ecxfs.com&quot;,&quot;creation_time&quot;:&quot;2024-09-25T23:30:13.208+00:00&quot;,&quot;last_mod_time&quot;:&quot;2024-09-25T23:30:13.208+00:00&quot;},{&quot;userAddress&quot;:{&quot;addressId&quot;:2926,&quot;plotNumber&quot;:&quot;vl-4&quot;,&quot;street&quot;:null,&quot;state&quot;:&quot;northyork&quot;,&quot;country&quot;:null,&quot;zipCode&quot;:56456},&quot;user_id&quot;:2959,&quot;user_first_name&quot;:&quot;varsha&quot;,&quot;user_last_name&quot;:&quot;akasha&quot;,&quot;user_contact_number&quot;:1999198883,&quot;user_email_id&quot;:&quot;kikar129@gmail.com&quot;,&quot;creation_time&quot;:&quot;2024-09-23T00:07:34.805+00:00&quot;,&quot;last_mod_time&quot;:&quot;2024-09-23T00:07:34.805+00:00&quot;},{&quot;userAddress&quot;:{&quot;addressId&quot;:5071,&quot;plotNumber&quot;:&quot;ok-6&quot;,&quot;street&quot;:null,&quot;state&quot;:&quot;youkom&quot;,&quot;country&quot;:null,&quot;zipCode&quot;:564567},&quot;user_id&quot;:5104,&quot;user_first_name&quot;:&quot;reka&quot;,&quot;user_last_name&quot;:&quot;saroh&quot;,&quot;user_contact_number&quot;:3451056789,&quot;user_email_id&quot;:&quot;df10d@gmail.com&quot;,&quot;creation_time&quot;:&quot;2024-09-26T21:11:14.750+00:00&quot;,&quot;last_mod_time&quot;:&quot;2024-09-26T21:11:14.750+00:00&quot;},{&quot;userAddress&quot;:{&quot;addressId&quot;:4016,&quot;plotNumber&quot;:&quot;pl-51&quot;,&quot;street&quot;:&quot;vail rd&quot;,&quot;state&quot;:&quot;nj&quot;,&quot;country&quot;:&quot;usa&quot;,&quot;zipCode&quot;:54321},&quot;user_id&quot;:4049,&quot;user_first_name&quot;:&quot;wrer&quot;,&quot;user_last_name&quot;:&quot;hugri&quot;,&quot;user_contact_number&quot;:3121256615,&quot;user_email_id&quot;:&quot;njui706508@gmail.com&quot;,&quot;creation_time&quot;:&quot;2024-09-23T16:44:02.073+00:00&quot;,&quot;last_mod_time&quot;:&quot;2024-09-23T16:44:02.073+00:00&quot;},{&quot;userAddress&quot;:{&quot;addressId&quot;:3622,&quot;plotNumber&quot;:&quot;A-45&quot;,&quot;street&quot;:&quot;violet&quot;,&quot;state&quot;:&quot;NY&quot;,&quot;country&quot;:&quot;usa&quot;,&quot;zipCode&quot;:45028},&quot;user_id&quot;:3655,&quot;user_first_name&quot;:&quot;Sayali&quot;,&quot;user_last_name&quot;:&quot;Jadhav&quot;,&quot;user_contact_number&quot;:1122335844,&quot;user_email_id&quot;:&quot;SayaliJTeam06APIbootcamp@example.com&quot;,&quot;creation_time&quot;:&quot;2024-09-23T15:03:49.946+00:00&quot;,&quot;last_mod_time&quot;:&quot;2024-09-23T15:03:49.946+00:00&quot;},{&quot;userAddress&quot;:{&quot;addressId&quot;:4021,&quot;plotNumber&quot;:&quot;pl-51&quot;,&quot;street&quot;:&quot;vail rd&quot;,&quot;state&quot;:&quot;nj&quot;,&quot;country&quot;:&quot;usa&quot;,&quot;zipCode&quot;:54321},&quot;user_id&quot;:4054,&quot;user_first_name&quot;:&quot;wror&quot;,&quot;user_last_name&quot;:&quot;hugoi&quot;,&quot;user_contact_number&quot;:3129256615,&quot;user_email_id&quot;:&quot;njui705508@gmail.com&quot;,&quot;creation_time&quot;:&quot;2024-09-23T16:46:42.415+00:00&quot;,&quot;last_mod_time&quot;:&quot;2024-09-23T16:46:42.415+00:00&quot;},{&quot;userAddress&quot;:{&quot;addressId&quot;:8185,&quot;plotNumber&quot;:null,&quot;street&quot;:null,&quot;state&quot;:null,&quot;country&quot;:null,&quot;zipCode&quot;:null},&quot;user_id&quot;:8217,&quot;user_first_name&quot;:&quot;pzAvIOMcZo&quot;,&quot;user_last_name&quot;:&quot;DktWskFxHH&quot;,&quot;user_contact_number&quot;:9817747110,&quot;user_email_id&quot;:&quot;team2j9m1nc2f0kn7@gmail.com&quot;,&quot;creation_time&quot;:&quot;2024-10-12T17:50:31.130+00:00&quot;,&quot;last_mod_time&quot;:&quot;2024-10-12T17:50:31.130+00:00&quot;},{&quot;userAddress&quot;:{&quot;addressId&quot;:4045,&quot;plotNumber&quot;:&quot;P1-100&quot;,&quot;street&quot;:&quot;Main&quot;,&quot;state&quot;:&quot;NY&quot;,&quot;country&quot;:&quot;USA&quot;,&quot;zipCode&quot;:10001},&quot;user_id&quot;:4078,&quot;user_first_name&quot;:&quot;Jahjniue&quot;,&quot;user_last_name&quot;:&quot;Dnhjvxjke&quot;,&quot;user_contact_number&quot;:4390087810,&quot;user_email_id&quot;:&quot;jahnfe.dovhjghje@example.com&quot;,&quot;creation_time&quot;:&quot;2024-09-23T16:54:10.829+00:00&quot;,&quot;last_mod_time&quot;:&quot;2024-09-23T16:54:10.829+00:00&quot;},{&quot;userAddress&quot;:{&quot;addressId&quot;:4922,&quot;plotNumber&quot;:&quot;p1-098&quot;,&quot;street&quot;:&quot;cxvbmnb &quot;,&quot;state&quot;:&quot;uibhjkl&quot;,&quot;country&quot;:&quot;USA&quot;,&quot;zipCode&quot;:90865},&quot;user_id&quot;:4955,&quot;user_first_name&quot;:&quot;bpghkhjd&quot;,&quot;user_last_name&quot;:&quot;vhdbhjfg&quot;,&quot;user_contact_number&quot;:1321186893,&quot;user_email_id&quot;:&quot;nijua.loj-1727371119466@ecxfs.com&quot;,&quot;creation_time&quot;:&quot;2024-09-26T17:18:39.990+00:00&quot;,&quot;last_mod_time&quot;:&quot;2024-09-26T17:18:39.990+00:00&quot;},{&quot;userAddress&quot;:{&quot;addressId&quot;:4047,&quot;plotNumber&quot;:&quot;7-d&quot;,&quot;street&quot;:&quot;Abghd&quot;,&quot;state&quot;:&quot;TX&quot;,&quot;country&quot;:&quot;US&quot;,&quot;zipCode&quot;:75063},&quot;user_id&quot;:4080,&quot;user_first_name&quot;:&quot;Gowrisd&quot;,&quot;user_last_name&quot;:&quot;Mohansd&quot;,&quot;user_contact_number&quot;:5647314589,&quot;user_email_id&quot;:&quot;gmd6@gmail.com&quot;,&quot;creation_time&quot;:&quot;2024-09-23T16:54:15.162+00:00&quot;,&quot;last_mod_time&quot;:&quot;2024-09-23T16:54:15.162+00:00&quot;},{&quot;userAddress&quot;:{&quot;addressId&quot;:5371,&quot;plotNumber&quot;:&quot;332-r&quot;,&quot;street&quot;:&quot;mainthree lane&quot;,&quot;state&quot;:&quot;NY&quot;,&quot;country&quot;:&quot;USA&quot;,&quot;zipCode&quot;:7816},&quot;user_id&quot;:5404,&quot;user_first_name&quot;:&quot;Buttant&quot;,&quot;user_last_name&quot;:&quot;velat&quot;,&quot;user_contact_number&quot;:1213141529,&quot;user_email_id&quot;:&quot;Buttant@gmail.com&quot;,&quot;creation_time&quot;:&quot;2024-09-27T02:44:45.197+00:00&quot;,&quot;last_mod_time&quot;:&quot;2024-09-27T02:44:45.197+00:00&quot;},{&quot;userAddress&quot;:{&quot;addressId&quot;:5534,&quot;plotNumber&quot;:&quot;KNBY-373&quot;,&quot;street&quot;:&quot;wkjjust&quot;,&quot;state&quot;:&quot;GA&quot;,&quot;country&quot;:&quot;USA&quot;,&quot;zipCode&quot;:48784},&quot;user_id&quot;:5567,&quot;user_first_name&quot;:&quot;Raniz&quot;,&quot;user_last_name&quot;:&quot;Rao&quot;,&quot;user_contact_number&quot;:7878007887,&quot;user_email_id&quot;:&quot;XkY@gmail.com&quot;,&quot;creation_time&quot;:&quot;2024-09-27T12:53:10.389+00:00&quot;,&quot;last_mod_time&quot;:&quot;2024-09-27T12:53:10.389+00:00&quot;},{&quot;userAddress&quot;:{&quot;addressId&quot;:5100,&quot;plotNumber&quot;:&quot;ok-6&quot;,&quot;street&quot;:null,&quot;state&quot;:&quot;youkom&quot;,&quot;country&quot;:null,&quot;zipCode&quot;:564567},&quot;user_id&quot;:5133,&quot;user_first_name&quot;:&quot;reka&quot;,&quot;user_last_name&quot;:&quot;saroh&quot;,&quot;user_contact_number&quot;:3419956789,&quot;user_email_id&quot;:&quot;df110d0@gmail.com&quot;,&quot;creation_time&quot;:&quot;2024-09-26T21:33:41.976+00:00&quot;,&quot;last_mod_time&quot;:&quot;2024-09-26T21:33:41.976+00:00&quot;},{&quot;userAddress&quot;:{&quot;addressId&quot;:7558,&quot;plotNumber&quot;:&quot;234-8734&quot;,&quot;street&quot;:&quot;felt rd&quot;,&quot;state&quot;:&quot;Karnataka&quot;,&quot;country&quot;:&quot;India&quot;,&quot;zipCode&quot;:545333},&quot;user_id&quot;:7590,&quot;user_first_name&quot;:&quot;Michael&quot;,&quot;user_last_name&quot;:&quot;Jackson&quot;,&quot;user_contact_number&quot;:8374578987,&quot;user_email_id&quot;:&quot;Team01reka@outlook.com&quot;,&quot;creation_time&quot;:&quot;2024-10-10T00:21:55.173+00:00&quot;,&quot;last_mod_time&quot;:&quot;2024-10-10T00:21:55.173+00:00&quot;},{&quot;userAddress&quot;:{&quot;addressId&quot;:5101,&quot;plotNumber&quot;:&quot;ok-6&quot;,&quot;street&quot;:null,&quot;state&quot;:&quot;youkom&quot;,&quot;country&quot;:null,&quot;zipCode&quot;:564567},&quot;user_id&quot;:5134,&quot;user_first_name&quot;:&quot;drithi&quot;,&quot;user_last_name&quot;:&quot;saroh&quot;,&quot;user_contact_number&quot;:3452956789,&quot;user_email_id&quot;:&quot;df10d02@gmail.com&quot;,&quot;creation_time&quot;:&quot;2024-09-26T21:33:44.420+00:00&quot;,&quot;last_mod_time&quot;:&quot;2024-09-26T21:33:44.420+00:00&quot;},{&quot;userAddress&quot;:{&quot;addressId&quot;:5110,&quot;plotNumber&quot;:&quot;p1-098&quot;,&quot;street&quot;:&quot;cxvbmnb &quot;,&quot;state&quot;:&quot;uibhjkl&quot;,&quot;country&quot;:&quot;USA&quot;,&quot;zipCode&quot;:90865},&quot;user_id&quot;:5143,&quot;user_first_name&quot;:&quot;bpghkhjd&quot;,&quot;user_last_name&quot;:&quot;vhdbhjfg&quot;,&quot;user_contact_number&quot;:1281364395,&quot;user_email_id&quot;:&quot;nijua.loj-1727386611958@ecxfs.com&quot;,&quot;creation_time&quot;:&quot;2024-09-26T21:36:52.525+00:00&quot;,&quot;last_mod_time&quot;:&quot;2024-09-26T21:36:52.525+00:00&quot;},{&quot;userAddress&quot;:{&quot;addressId&quot;:7564,&quot;plotNumber&quot;:&quot;AS-5014&quot;,&quot;street&quot;:&quot;Bloomfield Pass ct&quot;,&quot;state&quot;:&quot;Texas&quot;,&quot;country&quot;:&quot;USA&quot;,&quot;zipCode&quot;:774796},&quot;user_id&quot;:7596,&quot;user_first_name&quot;:&quot;Priya&quot;,&quot;user_last_name&quot;:&quot;Gandhi&quot;,&quot;user_contact_number&quot;:2028649483,&quot;user_email_id&quot;:&quot;Team04Priya@gmail.com&quot;,&quot;creation_time&quot;:&quot;2024-10-10T01:21:45.986+00:00&quot;,&quot;last_mod_time&quot;:&quot;2024-10-10T01:21:45.986+00:00&quot;},{&quot;userAddress&quot;:{&quot;addressId&quot;:5685,&quot;plotNumber&quot;:&quot;BA-12&quot;,&quot;street&quot;:&quot;NEstreet&quot;,&quot;state&quot;:&quot;CA&quot;,&quot;country&quot;:&quot;USA&quot;,&quot;zipCode&quot;:11223},&quot;user_id&quot;:5718,&quot;user_first_name&quot;:&quot;TeamFournewnameone&quot;,&quot;user_last_name&quot;:&quot;newlastnameone&quot;,&quot;user_contact_number&quot;:3363361212,&quot;user_email_id&quot;:&quot;user1@gmail.com&quot;,&quot;creation_time&quot;:&quot;2024-09-27T14:58:03.308+00:00&quot;,&quot;last_mod_time&quot;:&quot;2024-09-27T14:58:03.308+00:00&quot;},{&quot;userAddress&quot;:{&quot;addressId&quot;:3693,&quot;plotNumber&quot;:null,&quot;street&quot;:null,&quot;state&quot;:null,&quot;country&quot;:null,&quot;zipCode&quot;:null},&quot;user_id&quot;:3726,&quot;user_first_name&quot;:&quot;ULlcAiSQzp&quot;,&quot;user_last_name&quot;:&quot;yHJFOLZTnp&quot;,&quot;user_contact_number&quot;:8282816283,&quot;user_email_id&quot;:&quot;tommyp6l1mdkm0m9e@gmail.com&quot;,&quot;creation_time&quot;:&quot;2024-09-23T15:26:31.916+00:00&quot;,&quot;last_mod_time&quot;:&quot;2024-09-23T15:26:31.916+00:00&quot;},{&quot;userAddress&quot;:{&quot;addressId&quot;:5686,&quot;plotNumber&quot;:&quot;BA-12&quot;,&quot;street&quot;:&quot;NEstreet&quot;,&quot;state&quot;:&quot;CA&quot;,&quot;country&quot;:&quot;USA&quot;,&quot;zipCode&quot;:11223},&quot;user_id&quot;:5719,&quot;user_first_name&quot;:&quot;TeamFournewnametwo&quot;,&quot;user_last_name&quot;:&quot;newlastnametwo&quot;,&quot;user_contact_number&quot;:3363361562,&quot;user_email_id&quot;:&quot;user2@gmail.com&quot;,&quot;creation_time&quot;:&quot;2024-09-27T14:58:05.338+00:00&quot;,&quot;last_mod_time&quot;:&quot;2024-09-27T14:58:05.338+00:00&quot;},{&quot;userAddress&quot;:{&quot;addressId&quot;:5702,&quot;plotNumber&quot;:&quot;p1-098&quot;,&quot;street&quot;:&quot;cxvbmnb &quot;,&quot;state&quot;:&quot;uibhjkl&quot;,&quot;country&quot;:&quot;USA&quot;,&quot;zipCode&quot;:90865},&quot;user_id&quot;:5735,&quot;user_first_name&quot;:&quot;bpghkhjd&quot;,&quot;user_last_name&quot;:&quot;vhdbhjfg&quot;,&quot;user_contact_number&quot;:1198288328,&quot;user_email_id&quot;:&quot;nijua.loj-1727451920265@ecxfs.com&quot;,&quot;creation_time&quot;:&quot;2024-09-27T15:45:20.724+00:00&quot;,&quot;last_mod_time&quot;:&quot;2024-09-27T15:45:20.724+00:00&quot;},{&quot;userAddress&quot;:{&quot;addressId&quot;:4060,&quot;plotNumber&quot;:&quot;pl-51&quot;,&quot;street&quot;:&quot;vail rd&quot;,&quot;state&quot;:&quot;nj&quot;,&quot;country&quot;:&quot;usa&quot;,&quot;zipCode&quot;:54321},&quot;user_id&quot;:4093,&quot;user_first_name&quot;:&quot;wooor&quot;,&quot;user_last_name&quot;:&quot;hppgoi&quot;,&quot;user_contact_number&quot;:3129236615,&quot;user_email_id&quot;:&quot;njui705588@gmail.com&quot;,&quot;creation_time&quot;:&quot;2024-09-23T16:55:33.438+00:00&quot;,&quot;last_mod_time&quot;:&quot;2024-09-23T16:55:33.438+00:00&quot;},{&quot;userAddress&quot;:{&quot;addressId&quot;:4062,&quot;plotNumber&quot;:&quot;pk-03&quot;,&quot;street&quot;:&quot;palmilla&quot;,&quot;state&quot;:&quot;Texas&quot;,&quot;country&quot;:&quot;USA&quot;,&quot;zipCode&quot;:77057},&quot;user_id&quot;:4095,&quot;user_first_name&quot;:&quot;Banana&quot;,&quot;user_last_name&quot;:&quot;Plantain&quot;,&quot;user_contact_number&quot;:9988567991,&quot;user_email_id&quot;:&quot;Test909@gmail.com&quot;,&quot;creation_time&quot;:&quot;2024-09-23T16:57:53.751+00:00&quot;,&quot;last_mod_time&quot;:&quot;2024-09-23T16:57:53.751+00:00&quot;},{&quot;userAddress&quot;:{&quot;addressId&quot;:4064,&quot;plotNumber&quot;:&quot;pk-03&quot;,&quot;street&quot;:&quot;palmilla&quot;,&quot;state&quot;:&quot;Texas&quot;,&quot;country&quot;:&quot;USA&quot;,&quot;zipCode&quot;:77057},&quot;user_id&quot;:4097,&quot;user_first_name&quot;:&quot;Red&quot;,&quot;user_last_name&quot;:&quot;green&quot;,&quot;user_contact_number&quot;:9900001122,&quot;user_email_id&quot;:&quot;Test111@gmail.com&quot;,&quot;creation_time&quot;:&quot;2024-09-23T17:00:04.307+00:00&quot;,&quot;last_mod_time&quot;:&quot;2024-09-23T17:00:04.307+00:00&quot;},{&quot;userAddress&quot;:{&quot;addressId&quot;:2941,&quot;plotNumber&quot;:&quot;Bl-02&quot;,&quot;street&quot;:&quot;NEstreet&quot;,&quot;state&quot;:&quot;California&quot;,&quot;country&quot;:&quot;UnitedStates&quot;,&quot;zipCode&quot;:32126},&quot;user_id&quot;:2974,&quot;user_first_name&quot;:&quot;TeamfourIrin&quot;,&quot;user_last_name&quot;:&quot;Gail&quot;,&quot;user_contact_number&quot;:9886320008,&quot;user_email_id&quot;:&quot;Irin@gmail.com&quot;,&quot;creation_time&quot;:&quot;2024-09-23T00:38:13.804+00:00&quot;,&quot;last_mod_time&quot;:&quot;2024-09-23T00:38:16.979+00:00&quot;},{&quot;userAddress&quot;:{&quot;addressId&quot;:3591,&quot;plotNumber&quot;:&quot;H-9&quot;,&quot;street&quot;:&quot;apple&quot;,&quot;state&quot;:&quot;NY&quot;,&quot;country&quot;:&quot;USA&quot;,&quot;zipCode&quot;:7857},&quot;user_id&quot;:3624,&quot;user_first_name&quot;:&quot;Dishaan&quot;,&quot;user_last_name&quot;:&quot;jo&quot;,&quot;user_contact_number&quot;:8185601489,&quot;user_email_id&quot;:&quot;dishJo9254@gmail.com&quot;,&quot;creation_time&quot;:&quot;2024-09-23T14:19:15.488+00:00&quot;,&quot;last_mod_time&quot;:&quot;2024-09-23T15:29:37.898+00:00&quot;},{&quot;userAddress&quot;:{&quot;addressId&quot;:3590,&quot;plotNumber&quot;:null,&quot;street&quot;:null,&quot;state&quot;:null,&quot;country&quot;:null,&quot;zipCode&quot;:null},&quot;user_id&quot;:3623,&quot;user_first_name&quot;:&quot;DeletefirstName&quot;,&quot;user_last_name&quot;:&quot;lastdelete&quot;,&quot;user_contact_number&quot;:3715394886,&quot;user_email_id&quot;:&quot;tommy1815h2jmh6i7@gmail.com&quot;,&quot;creation_time&quot;:&quot;2024-09-23T14:19:01.210+00:00&quot;,&quot;last_mod_time&quot;:&quot;2024-09-23T14:19:01.210+00:00&quot;},{&quot;userAddress&quot;:{&quot;addressId&quot;:4244,&quot;plotNumber&quot;:&quot;897-uyt&quot;,&quot;street&quot;:&quot;troy&quot;,&quot;state&quot;:&quot;MI&quot;,&quot;country&quot;:&quot;USA&quot;,&quot;zipCode&quot;:48084},&quot;user_id&quot;:4277,&quot;user_first_name&quot;:&quot;kittu&quot;,&quot;user_last_name&quot;:&quot;NAGA&quot;,&quot;user_contact_number&quot;:5930586789,&quot;user_email_id&quot;:&quot;56784@g123mail.com&quot;,&quot;creation_time&quot;:&quot;2024-09-23T19:51:34.971+00:00&quot;,&quot;last_mod_time&quot;:&quot;2024-09-23T19:51:34.971+00:00&quot;},{&quot;userAddress&quot;:{&quot;addressId&quot;:2943,&quot;plotNumber&quot;:&quot;J-456&quot;,&quot;street&quot;:&quot;Gandhi&quot;,&quot;state&quot;:&quot;Va&quot;,&quot;country&quot;:&quot;USA&quot;,&quot;zipCode&quot;:23567},&quot;user_id&quot;:2976,&quot;user_first_name&quot;:&quot;Teju&quot;,&quot;user_last_name&quot;:&quot;Goni&quot;,&quot;user_contact_number&quot;:9898561245,&quot;user_email_id&quot;:&quot;teju567@gmail.com&quot;,&quot;creation_time&quot;:&quot;2024-09-23T00:44:57.172+00:00&quot;,&quot;last_mod_time&quot;:&quot;2024-09-23T00:44:57.172+00:00&quot;},{&quot;userAddress&quot;:{&quot;addressId&quot;:5314,&quot;plotNumber&quot;:&quot;aXJI-373&quot;,&quot;street&quot;:&quot;street&quot;,&quot;state&quot;:&quot;GA&quot;,&quot;country&quot;:&quot;USA&quot;,&quot;zipCode&quot;:30028},&quot;user_id&quot;:5347,&quot;user_first_name&quot;:&quot;Rani&quot;,&quot;user_last_name&quot;:&quot;Rao&quot;,&quot;user_contact_number&quot;:7878787889,&quot;user_email_id&quot;:&quot;RHW@gmail.com&quot;,&quot;creation_time&quot;:&quot;2024-09-27T01:38:55.509+00:00&quot;,&quot;last_mod_time&quot;:&quot;2024-09-30T01:40:21.556+00:00&quot;},{&quot;userAddress&quot;:{&quot;addressId&quot;:3757,&quot;plotNumber&quot;:&quot;pl-72&quot;,&quot;street&quot;:&quot;Broadway&quot;,&quot;state&quot;:&quot;New Jersey&quot;,&quot;country&quot;:&quot;USA&quot;,&quot;zipCode&quot;:72363},&quot;user_id&quot;:3790,&quot;user_first_name&quot;:&quot;randomFirstName&quot;,&quot;user_last_name&quot;:&quot;randomLastName&quot;,&quot;user_contact_number&quot;:6747298463,&quot;user_email_id&quot;:&quot;user580@example.com&quot;,&quot;creation_time&quot;:&quot;2024-09-23T15:46:51.861+00:00&quot;,&quot;last_mod_time&quot;:&quot;2024-09-23T15:46:51.861+00:00&quot;},{&quot;userAddress&quot;:{&quot;addressId&quot;:4025,&quot;plotNumber&quot;:&quot;876-D&quot;,&quot;street&quot;:&quot;wndis&quot;,&quot;state&quot;:&quot;tx&quot;,&quot;country&quot;:&quot;usa&quot;,&quot;zipCode&quot;:78098},&quot;user_id&quot;:4058,&quot;user_first_name&quot;:&quot;ttttttrew&quot;,&quot;user_last_name&quot;:&quot;tran&quot;,&quot;user_contact_number&quot;:8747582143,&quot;user_email_id&quot;:&quot;trko12@gmail.com&quot;,&quot;creation_time&quot;:&quot;2024-09-23T16:48:56.403+00:00&quot;,&quot;last_mod_time&quot;:&quot;2024-09-24T23:06:07.158+00:00&quot;},{&quot;userAddress&quot;:{&quot;addressId&quot;:4386,&quot;plotNumber&quot;:&quot;p1-02&quot;,&quot;street&quot;:&quot;Richmond&quot;,&quot;state&quot;:&quot;Assam&quot;,&quot;country&quot;:&quot;India&quot;,&quot;zipCode&quot;:78804},&quot;user_id&quot;:4419,&quot;user_first_name&quot;:&quot;TukTuk&quot;,&quot;user_last_name&quot;:&quot;Paul&quot;,&quot;user_contact_number&quot;:3378678645,&quot;user_email_id&quot;:&quot;Tuk.Tuk@gmail.com&quot;,&quot;creation_time&quot;:&quot;2024-09-25T04:19:24.763+00:00&quot;,&quot;last_mod_time&quot;:&quot;2024-09-25T04:19:24.763+00:00&quot;},{&quot;userAddress&quot;:{&quot;addressId&quot;:6543,&quot;plotNumber&quot;:&quot;RA-29&quot;,&quot;street&quot;:&quot;Noblecrossing&quot;,&quot;state&quot;:&quot;IN&quot;,&quot;country&quot;:&quot;USA&quot;,&quot;zipCode&quot;:40213},&quot;user_id&quot;:6576,&quot;user_first_name&quot;:&quot;Ruban&quot;,&quot;user_last_name&quot;:&quot;Arun&quot;,&quot;user_contact_number&quot;:9661009187,&quot;user_email_id&quot;:&quot;ra2015@gmail.com&quot;,&quot;creation_time&quot;:&quot;2024-09-30T02:21:05.711+00:00&quot;,&quot;last_mod_time&quot;:&quot;2024-09-30T02:21:05.711+00:00&quot;},{&quot;userAddress&quot;:{&quot;addressId&quot;:8977,&quot;plotNumber&quot;:&quot;335-p&quot;,&quot;street&quot;:&quot;sterling&quot;,&quot;state&quot;:&quot;Minnesota&quot;,&quot;country&quot;:&quot;Chase&quot;,&quot;zipCode&quot;:55032},&quot;user_id&quot;:9009,&quot;user_first_name&quot;:&quot;Straler&quot;,&quot;user_last_name&quot;:&quot;Iros&quot;,&quot;user_contact_number&quot;:6783895556,&quot;user_email_id&quot;:&quot;stell@yahoo.com&quot;,&quot;creation_time&quot;:&quot;2024-10-13T23:02:59.293+00:00&quot;,&quot;last_mod_time&quot;:&quot;2024-10-13T23:02:59.293+00:00&quot;},{&quot;userAddress&quot;:{&quot;addressId&quot;:2951,&quot;plotNumber&quot;:&quot;pl-221&quot;,&quot;street&quot;:&quot;Wolf&quot;,&quot;state&quot;:&quot;Washington&quot;,&quot;country&quot;:&quot;USA&quot;,&quot;zipCode&quot;:22862},&quot;user_id&quot;:2984,&quot;user_first_name&quot;:&quot;Oary&quot;,&quot;user_last_name&quot;:&quot;Stark&quot;,&quot;user_contact_number&quot;:1222334897,&quot;user_email_id&quot;:&quot;12345@got.com&quot;,&quot;creation_time&quot;:&quot;2024-09-23T00:57:17.598+00:00&quot;,&quot;last_mod_time&quot;:&quot;2024-09-23T00:57:17.598+00:00&quot;},{&quot;userAddress&quot;:{&quot;addressId&quot;:2952,&quot;plotNumber&quot;:&quot;pl-221&quot;,&quot;street&quot;:&quot;Wolf&quot;,&quot;state&quot;:&quot;Washington&quot;,&quot;country&quot;:&quot;USA&quot;,&quot;zipCode&quot;:22862},&quot;user_id&quot;:2985,&quot;user_first_name&quot;:&quot;Qary&quot;,&quot;user_last_name&quot;:&quot;Stark&quot;,&quot;user_contact_number&quot;:1222331111,&quot;user_email_id&quot;:&quot;Garygot@got.com&quot;,&quot;creation_time&quot;:&quot;2024-09-23T00:57:18.470+00:00&quot;,&quot;last_mod_time&quot;:&quot;2024-09-23T00:57:18.470+00:00&quot;},{&quot;userAddress&quot;:{&quot;addressId&quot;:3391,&quot;plotNumber&quot;:&quot;UP-98&quot;,&quot;street&quot;:&quot;Vroom St&quot;,&quot;state&quot;:&quot;CA&quot;,&quot;country&quot;:&quot;Mexico&quot;,&quot;zipCode&quot;:986523},&quot;user_id&quot;:3424,&quot;user_first_name&quot;:&quot;BoydTesterFive&quot;,&quot;user_last_name&quot;:&quot;SmithTester&quot;,&quot;user_contact_number&quot;:1234569630,&quot;user_email_id&quot;:&quot;reggie.thoma2s@gmail.com&quot;,&quot;creation_time&quot;:&quot;2024-09-23T13:04:47.214+00:00&quot;,&quot;last_mod_time&quot;:&quot;2024-09-23T14:34:03.585+00:00&quot;},{&quot;userAddress&quot;:{&quot;addressId&quot;:6429,&quot;plotNumber&quot;:&quot;pl-101&quot;,&quot;street&quot;:&quot;WolfStreet&quot;,&quot;state&quot;:&quot;NC&quot;,&quot;country&quot;:&quot;USA&quot;,&quot;zipCode&quot;:12312},&quot;user_id&quot;:6462,&quot;user_first_name&quot;:&quot;VijiAvengers&quot;,&quot;user_last_name&quot;:&quot;Stark&quot;,&quot;user_contact_number&quot;:1981471166,&quot;user_email_id&quot;:&quot;Vijee99mine@gmail.com&quot;,&quot;creation_time&quot;:&quot;2024-09-29T16:21:38.148+00:00&quot;,&quot;last_mod_time&quot;:&quot;2024-09-29T16:21:38.148+00:00&quot;},{&quot;userAddress&quot;:{&quot;addressId&quot;:5836,&quot;plotNumber&quot;:&quot;p1-098&quot;,&quot;street&quot;:&quot;cxvbmnb &quot;,&quot;state&quot;:&quot;uibhjkl&quot;,&quot;country&quot;:&quot;USA&quot;,&quot;zipCode&quot;:90865},&quot;user_id&quot;:5869,&quot;user_first_name&quot;:&quot;bpghkhjd&quot;,&quot;user_last_name&quot;:&quot;vhdbhjfg&quot;,&quot;user_contact_number&quot;:1316433547,&quot;user_email_id&quot;:&quot;nijua.loj-1727459446976@ecxfs.com&quot;,&quot;creation_time&quot;:&quot;2024-09-27T17:50:49.532+00:00&quot;,&quot;last_mod_time&quot;:&quot;2024-09-27T17:50:49.532+00:00&quot;},{&quot;userAddress&quot;:{&quot;addressId&quot;:4046,&quot;plotNumber&quot;:&quot;P1-100&quot;,&quot;street&quot;:&quot;Main&quot;,&quot;state&quot;:&quot;NY&quot;,&quot;country&quot;:&quot;USA&quot;,&quot;zipCode&quot;:10001},&quot;user_id&quot;:4079,&quot;user_first_name&quot;:&quot;Janmnep&quot;,&quot;user_last_name&quot;:&quot;Dcoe&quot;,&quot;user_contact_number&quot;:1234567600,&quot;user_email_id&quot;:&quot;jabnne.dofe@example.com&quot;,&quot;creation_time&quot;:&quot;2024-09-23T16:54:12.146+00:00&quot;,&quot;last_mod_time&quot;:&quot;2024-09-23T16:54:12.146+00:00&quot;},{&quot;userAddress&quot;:{&quot;addressId&quot;:4463,&quot;plotNumber&quot;:&quot;p1-098&quot;,&quot;street&quot;:&quot;cxvbmnb &quot;,&quot;state&quot;:&quot;uibhjkl&quot;,&quot;country&quot;:&quot;USA&quot;,&quot;zipCode&quot;:90865},&quot;user_id&quot;:4496,&quot;user_first_name&quot;:&quot;betgplhjk&quot;,&quot;user_last_name&quot;:&quot;vhhjklko&quot;,&quot;user_contact_number&quot;:1188352153,&quot;user_email_id&quot;:&quot;nijua.loj-1727294903112@ecxfs.com&quot;,&quot;creation_time&quot;:&quot;2024-09-25T20:08:24.809+00:00&quot;,&quot;last_mod_time&quot;:&quot;2024-09-25T20:08:24.809+00:00&quot;},{&quot;userAddress&quot;:{&quot;addressId&quot;:5980,&quot;plotNumber&quot;:&quot;p1-87&quot;,&quot;street&quot;:&quot;njgbfd&quot;,&quot;state&quot;:&quot;nj&quot;,&quot;country&quot;:&quot;USA&quot;,&quot;zipCode&quot;:97076},&quot;user_id&quot;:6013,&quot;user_first_name&quot;:&quot;bngetnmghjk&quot;,&quot;user_last_name&quot;:&quot;updatedLastName&quot;,&quot;user_contact_number&quot;:1249957008,&quot;user_email_id&quot;:&quot;sdsf.cvxi-1727478545963@edcs.com&quot;,&quot;creation_time&quot;:&quot;2024-09-27T23:09:06.489+00:00&quot;,&quot;last_mod_time&quot;:&quot;2024-09-27T23:09:10.964+00:00&quot;},{&quot;userAddress&quot;:{&quot;addressId&quot;:3885,&quot;plotNumber&quot;:&quot;AB-383&quot;,&quot;street&quot;:&quot;Mockingbird way&quot;,&quot;state&quot;:&quot;OR&quot;,&quot;country&quot;:&quot;USA&quot;,&quot;zipCode&quot;:97007},&quot;user_id&quot;:3918,&quot;user_first_name&quot;:&quot;Joshua&quot;,&quot;user_last_name&quot;:&quot;Jerald&quot;,&quot;user_contact_number&quot;:9976714912,&quot;user_email_id&quot;:&quot;Joshua@gmail.com&quot;,&quot;creation_time&quot;:&quot;2024-09-23T16:11:07.268+00:00&quot;,&quot;last_mod_time&quot;:&quot;2024-09-23T16:11:07.268+00:00&quot;},{&quot;userAddress&quot;:{&quot;addressId&quot;:3039,&quot;plotNumber&quot;:&quot;12-o&quot;,&quot;street&quot;:&quot;qaws&quot;,&quot;state&quot;:&quot;qa&quot;,&quot;country&quot;:&quot;qazw&quot;,&quot;zipCode&quot;:123457890000},&quot;user_id&quot;:3072,&quot;user_first_name&quot;:&quot;drake&quot;,&quot;user_last_name&quot;:&quot;star&quot;,&quot;user_contact_number&quot;:1930701017,&quot;user_email_id&quot;:&quot;sqart55@gmail.com&quot;,&quot;creation_time&quot;:&quot;2024-09-23T01:53:01.018+00:00&quot;,&quot;last_mod_time&quot;:&quot;2024-09-23T01:53:01.018+00:00&quot;},{&quot;userAddress&quot;:{&quot;addressId&quot;:5363,&quot;plotNumber&quot;:&quot;pl-55&quot;,&quot;street&quot;:&quot;Ashford&quot;,&quot;state&quot;:&quot;GA&quot;,&quot;country&quot;:&quot;USA&quot;,&quot;zipCode&quot;:30338},&quot;user_id&quot;:5396,&quot;user_first_name&quot;:&quot;Jibin&quot;,&quot;user_last_name&quot;:&quot;Mathew&quot;,&quot;user_contact_number&quot;:7891543779,&quot;user_email_id&quot;:&quot;jibin7718@gmail.com&quot;,&quot;creation_time&quot;:&quot;2024-09-27T02:15:05.457+00:00&quot;,&quot;last_mod_time&quot;:&quot;2024-09-27T02:15:05.457+00:00&quot;},{&quot;userAddress&quot;:{&quot;addressId&quot;:7752,&quot;plotNumber&quot;:&quot;P1-11&quot;,&quot;street&quot;:&quot;Main&quot;,&quot;state&quot;:&quot;LA&quot;,&quot;country&quot;:&quot;USA&quot;,&quot;zipCode&quot;:20875},&quot;user_id&quot;:7784,&quot;user_first_name&quot;:&quot;GKSharada&quot;,&quot;user_last_name&quot;:&quot;Amma&quot;,&quot;user_contact_number&quot;:4876503110,&quot;user_email_id&quot;:&quot;Team03AmmaS@gmail.com&quot;,&quot;creation_time&quot;:&quot;2024-10-11T02:47:02.518+00:00&quot;,&quot;last_mod_time&quot;:&quot;2024-10-11T02:47:02.518+00:00&quot;},{&quot;userAddress&quot;:{&quot;addressId&quot;:4494,&quot;plotNumber&quot;:&quot;p1-09&quot;,&quot;street&quot;:&quot;Main&quot;,&quot;state&quot;:&quot;NY&quot;,&quot;country&quot;:&quot;USA&quot;,&quot;zipCode&quot;:10901},&quot;user_id&quot;:4527,&quot;user_first_name&quot;:&quot;test&quot;,&quot;user_last_name&quot;:&quot;api&quot;,&quot;user_contact_number&quot;:9248350778,&quot;user_email_id&quot;:&quot;test.api@example.com&quot;,&quot;creation_time&quot;:&quot;2024-09-25T21:53:23.277+00:00&quot;,&quot;last_mod_time&quot;:&quot;2024-09-25T21:53:23.277+00:00&quot;},{&quot;userAddress&quot;:{&quot;addressId&quot;:4124,&quot;plotNumber&quot;:&quot;12-o&quot;,&quot;street&quot;:&quot;qaws&quot;,&quot;state&quot;:&quot;qa&quot;,&quot;country&quot;:&quot;qazw&quot;,&quot;zipCode&quot;:123457890000},&quot;user_id&quot;:4157,&quot;user_first_name&quot;:&quot;drake&quot;,&quot;user_last_name&quot;:&quot;star&quot;,&quot;user_contact_number&quot;:1830001018,&quot;user_email_id&quot;:&quot;sport601@gmail.com&quot;,&quot;creation_time&quot;:&quot;2024-09-23T17:50:46.786+00:00&quot;,&quot;last_mod_time&quot;:&quot;2024-09-23T17:50:46.786+00:00&quot;},{&quot;userAddress&quot;:{&quot;addressId&quot;:4911,&quot;plotNumber&quot;:&quot;p1-098&quot;,&quot;street&quot;:&quot;cxvbmnb &quot;,&quot;state&quot;:&quot;uibhjkl&quot;,&quot;country&quot;:&quot;USA&quot;,&quot;zipCode&quot;:90865},&quot;user_id&quot;:4944,&quot;user_first_name&quot;:&quot;bpghkhjd&quot;,&quot;user_last_name&quot;:&quot;vhdbhjfg&quot;,&quot;user_contact_number&quot;:1397437552,&quot;user_email_id&quot;:&quot;nijua.loj-1727370089213@ecxfs.com&quot;,&quot;creation_time&quot;:&quot;2024-09-26T17:01:29.738+00:00&quot;,&quot;last_mod_time&quot;:&quot;2024-09-26T17:01:29.738+00:00&quot;},{&quot;userAddress&quot;:{&quot;addressId&quot;:5987,&quot;plotNumber&quot;:&quot;p1-87&quot;,&quot;street&quot;:&quot;njgbfd&quot;,&quot;state&quot;:&quot;nj&quot;,&quot;country&quot;:&quot;USA&quot;,&quot;zipCode&quot;:97076},&quot;user_id&quot;:6020,&quot;user_first_name&quot;:&quot;bngetnmghjk&quot;,&quot;user_last_name&quot;:&quot;vhjjvbnihj&quot;,&quot;user_contact_number&quot;:1588530498,&quot;user_email_id&quot;:&quot;sdsf.cvxi-1727478785939@edcs.com&quot;,&quot;creation_time&quot;:&quot;2024-09-27T23:13:06.462+00:00&quot;,&quot;last_mod_time&quot;:&quot;2024-09-27T23:13:06.462+00:00&quot;},{&quot;userAddress&quot;:{&quot;addressId&quot;:5985,&quot;plotNumber&quot;:&quot;H-120&quot;,&quot;street&quot;:null,&quot;state&quot;:&quot;Florida&quot;,&quot;country&quot;:null,&quot;zipCode&quot;:240012},&quot;user_id&quot;:6018,&quot;user_first_name&quot;:&quot;Hash&quot;,&quot;user_last_name&quot;:&quot;Map&quot;,&quot;user_contact_number&quot;:1562738495,&quot;user_email_id&quot;:&quot;hash@map.com&quot;,&quot;creation_time&quot;:&quot;2024-09-27T23:11:49.584+00:00&quot;,&quot;last_mod_time&quot;:&quot;2024-09-27T23:11:49.584+00:00&quot;},{&quot;userAddress&quot;:{&quot;addressId&quot;:3650,&quot;plotNumber&quot;:&quot;pl-112&quot;,&quot;street&quot;:&quot;Dragon&quot;,&quot;state&quot;:&quot;Florida&quot;,&quot;country&quot;:&quot;USA&quot;,&quot;zipCode&quot;:28078},&quot;user_id&quot;:3683,&quot;user_first_name&quot;:&quot;Danny&quot;,&quot;user_last_name&quot;:&quot;Targeryan&quot;,&quot;user_contact_number&quot;:8973344890,&quot;user_email_id&quot;:&quot;Danny12t@got.com&quot;,&quot;creation_time&quot;:&quot;2024-09-23T15:20:49.362+00:00&quot;,&quot;last_mod_time&quot;:&quot;2024-09-23T15:20:49.362+00:00&quot;},{&quot;userAddress&quot;:{&quot;addressId&quot;:4545,&quot;plotNumber&quot;:&quot;p1-098&quot;,&quot;street&quot;:&quot;cxvbmnb &quot;,&quot;state&quot;:&quot;uibhjkl&quot;,&quot;country&quot;:&quot;USA&quot;,&quot;zipCode&quot;:90865},&quot;user_id&quot;:4578,&quot;user_first_name&quot;:&quot;bepjopghkl&quot;,&quot;user_last_name&quot;:&quot;vhhnjoioxddfg&quot;,&quot;user_contact_number&quot;:1802054908,&quot;user_email_id&quot;:&quot;nijua.loj-1727307339757@ecxfs.com&quot;,&quot;creation_time&quot;:&quot;2024-09-25T23:35:41.374+00:00&quot;,&quot;last_mod_time&quot;:&quot;2024-09-25T23:35:41.374+00:00&quot;},{&quot;userAddress&quot;:{&quot;addressId&quot;:4549,&quot;plotNumber&quot;:&quot;p1-098&quot;,&quot;street&quot;:&quot;cxvbmnb &quot;,&quot;state&quot;:&quot;uibhjkl&quot;,&quot;country&quot;:&quot;USA&quot;,&quot;zipCode&quot;:90865},&quot;user_id&quot;:4582,&quot;user_first_name&quot;:&quot;bopghkl&quot;,&quot;user_last_name&quot;:&quot;vhjoioxddfg&quot;,&quot;user_contact_number&quot;:1173180314,&quot;user_email_id&quot;:&quot;nijua.loj-1727307450354@ecxfs.com&quot;,&quot;creation_time&quot;:&quot;2024-09-25T23:37:30.976+00:00&quot;,&quot;last_mod_time&quot;:&quot;2024-09-25T23:37:30.976+00:00&quot;},{&quot;userAddress&quot;:{&quot;addressId&quot;:5061,&quot;plotNumber&quot;:&quot;A-202&quot;,&quot;street&quot;:&quot;golden ln&quot;,&quot;state&quot;:&quot;MA&quot;,&quot;country&quot;:&quot;USA&quot;,&quot;zipCode&quot;:28456},&quot;user_id&quot;:5094,&quot;user_first_name&quot;:&quot;Test&quot;,&quot;user_last_name&quot;:&quot;Tester&quot;,&quot;user_contact_number&quot;:9876512012,&quot;user_email_id&quot;:&quot;te_012@gmail.com&quot;,&quot;creation_time&quot;:&quot;2024-09-26T20:53:12.899+00:00&quot;,&quot;last_mod_time&quot;:&quot;2024-09-26T20:53:12.899+00:00&quot;},{&quot;userAddress&quot;:{&quot;addressId&quot;:4061,&quot;plotNumber&quot;:&quot;pk-03&quot;,&quot;street&quot;:&quot;palmilla&quot;,&quot;state&quot;:&quot;Florida&quot;,&quot;country&quot;:&quot;USA&quot;,&quot;zipCode&quot;:77057},&quot;user_id&quot;:4094,&quot;user_first_name&quot;:&quot;Apple&quot;,&quot;user_last_name&quot;:&quot;Grapes&quot;,&quot;user_contact_number&quot;:9998567991,&quot;user_email_id&quot;:&quot;Test9@gmail.com&quot;,&quot;creation_time&quot;:&quot;2024-09-23T16:56:10.274+00:00&quot;,&quot;last_mod_time&quot;:&quot;2024-09-23T16:56:10.274+00:00&quot;},{&quot;userAddress&quot;:{&quot;addressId&quot;:3108,&quot;plotNumber&quot;:null,&quot;street&quot;:null,&quot;state&quot;:null,&quot;country&quot;:null,&quot;zipCode&quot;:null},&quot;user_id&quot;:3141,&quot;user_first_name&quot;:&quot;joel&quot;,&quot;user_last_name&quot;:&quot;kson&quot;,&quot;user_contact_number&quot;:9164678674,&quot;user_email_id&quot;:&quot;joel823@gamil.com&quot;,&quot;creation_time&quot;:&quot;2024-09-23T02:24:19.618+00:00&quot;,&quot;last_mod_time&quot;:&quot;2024-09-23T02:24:19.618+00:00&quot;},{&quot;userAddress&quot;:{&quot;addressId&quot;:2245,&quot;plotNumber&quot;:&quot;12-b&quot;,&quot;street&quot;:&quot;Burbank&quot;,&quot;state&quot;:&quot;FL&quot;,&quot;country&quot;:&quot;USA&quot;,&quot;zipCode&quot;:1},&quot;user_id&quot;:2278,&quot;user_first_name&quot;:&quot;larry&quot;,&quot;user_last_name&quot;:&quot;saryn&quot;,&quot;user_contact_number&quot;:1111222233,&quot;user_email_id&quot;:&quot;star7@gmail.com&quot;,&quot;creation_time&quot;:&quot;2024-09-22T00:20:04.957+00:00&quot;,&quot;last_mod_time&quot;:&quot;2024-09-23T03:24:35.712+00:00&quot;},{&quot;userAddress&quot;:{&quot;addressId&quot;:5986,&quot;plotNumber&quot;:&quot;p1-87&quot;,&quot;street&quot;:&quot;njgbfd&quot;,&quot;state&quot;:&quot;nj&quot;,&quot;country&quot;:&quot;USA&quot;,&quot;zipCode&quot;:97076},&quot;user_id&quot;:6019,&quot;user_first_name&quot;:&quot;bngetnmghjk&quot;,&quot;user_last_name&quot;:&quot;updatedLastName&quot;,&quot;user_contact_number&quot;:1822990345,&quot;user_email_id&quot;:&quot;sdsf.cvxi-1727478751058@edcs.com&quot;,&quot;creation_time&quot;:&quot;2024-09-27T23:12:31.626+00:00&quot;,&quot;last_mod_time&quot;:&quot;2024-09-27T23:12:34.418+00:00&quot;},{&quot;userAddress&quot;:{&quot;addressId&quot;:5079,&quot;plotNumber&quot;:&quot;ok-6&quot;,&quot;street&quot;:null,&quot;state&quot;:&quot;youkom&quot;,&quot;country&quot;:null,&quot;zipCode&quot;:564567},&quot;user_id&quot;:5112,&quot;user_first_name&quot;:&quot;reka&quot;,&quot;user_last_name&quot;:&quot;saroh&quot;,&quot;user_contact_number&quot;:3459956789,&quot;user_email_id&quot;:&quot;df10d0@gmail.com&quot;,&quot;creation_time&quot;:&quot;2024-09-26T21:19:29.644+00:00&quot;,&quot;last_mod_time&quot;:&quot;2024-09-26T21:19:29.644+00:00&quot;},{&quot;userAddress&quot;:{&quot;addressId&quot;:4964,&quot;plotNumber&quot;:&quot;A-202&quot;,&quot;street&quot;:&quot;golden ln&quot;,&quot;state&quot;:&quot;MA&quot;,&quot;country&quot;:&quot;USA&quot;,&quot;zipCode&quot;:28456},&quot;user_id&quot;:4997,&quot;user_first_name&quot;:&quot;Test&quot;,&quot;user_last_name&quot;:&quot;Tester&quot;,&quot;user_contact_number&quot;:9876512001,&quot;user_email_id&quot;:&quot;te_001@gmail.com&quot;,&quot;creation_time&quot;:&quot;2024-09-26T18:12:17.983+00:00&quot;,&quot;last_mod_time&quot;:&quot;2024-09-26T18:12:17.983+00:00&quot;},{&quot;userAddress&quot;:{&quot;addressId&quot;:5237,&quot;plotNumber&quot;:null,&quot;street&quot;:null,&quot;state&quot;:null,&quot;country&quot;:null,&quot;zipCode&quot;:null},&quot;user_id&quot;:5270,&quot;user_first_name&quot;:&quot;Sample user firstname&quot;,&quot;user_last_name&quot;:&quot;Sample user lastname&quot;,&quot;user_contact_number&quot;:9874563311,&quot;user_email_id&quot;:&quot;sample_user00@gmail.com&quot;,&quot;creation_time&quot;:&quot;2024-09-26T23:42:44.106+00:00&quot;,&quot;last_mod_time&quot;:&quot;2024-09-26T23:42:44.106+00:00&quot;},{&quot;userAddress&quot;:{&quot;addressId&quot;:3697,&quot;plotNumber&quot;:&quot;vl-4&quot;,&quot;street&quot;:null,&quot;state&quot;:&quot;northyork&quot;,&quot;country&quot;:null,&quot;zipCode&quot;:9897},&quot;user_id&quot;:3730,&quot;user_first_name&quot;:&quot;varsha&quot;,&quot;user_last_name&quot;:&quot;akasha&quot;,&quot;user_contact_number&quot;:1993798883,&quot;user_email_id&quot;:&quot;kikalr12839@gmail.com&quot;,&quot;creation_time&quot;:&quot;2024-09-23T15:27:45.321+00:00&quot;,&quot;last_mod_time&quot;:&quot;2024-09-23T15:27:45.321+00:00&quot;},{&quot;userAddress&quot;:{&quot;addressId&quot;:4968,&quot;plotNumber&quot;:&quot;A-202&quot;,&quot;street&quot;:&quot;golden ln&quot;,&quot;state&quot;:&quot;MA&quot;,&quot;country&quot;:&quot;USA&quot;,&quot;zipCode&quot;:28456},&quot;user_id&quot;:5001,&quot;user_first_name&quot;:&quot;Test&quot;,&quot;user_last_name&quot;:&quot;Tester&quot;,&quot;user_contact_number&quot;:9876512003,&quot;user_email_id&quot;:&quot;te_003@gmail.com&quot;,&quot;creation_time&quot;:&quot;2024-09-26T18:14:36.360+00:00&quot;,&quot;last_mod_time&quot;:&quot;2024-09-26T18:14:36.360+00:00&quot;},{&quot;userAddress&quot;:{&quot;addressId&quot;:4661,&quot;plotNumber&quot;:&quot;p1-098&quot;,&quot;street&quot;:&quot;cxvbmnb &quot;,&quot;state&quot;:&quot;uibhjkl&quot;,&quot;country&quot;:&quot;USA&quot;,&quot;zipCode&quot;:90865},&quot;user_id&quot;:4694,&quot;user_first_name&quot;:&quot;bpghkhjd&quot;,&quot;user_last_name&quot;:&quot;vhdbhjfg&quot;,&quot;user_contact_number&quot;:1005246864,&quot;user_email_id&quot;:&quot;nijua.loj-1727318503722@ecxfs.com&quot;,&quot;creation_time&quot;:&quot;2024-09-26T02:41:44.349+00:00&quot;,&quot;last_mod_time&quot;:&quot;2024-09-26T02:41:44.349+00:00&quot;},{&quot;userAddress&quot;:{&quot;addressId&quot;:5116,&quot;plotNumber&quot;:&quot;p1-098&quot;,&quot;street&quot;:&quot;cxvbmnb &quot;,&quot;state&quot;:&quot;uibhjkl&quot;,&quot;country&quot;:&quot;USA&quot;,&quot;zipCode&quot;:90865},&quot;user_id&quot;:5149,&quot;user_first_name&quot;:&quot;bpghkhjd&quot;,&quot;user_last_name&quot;:&quot;vhdbhjfg&quot;,&quot;user_contact_number&quot;:1100387316,&quot;user_email_id&quot;:&quot;nijua.loj-1727386862480@ecxfs.com&quot;,&quot;creation_time&quot;:&quot;2024-09-26T21:41:03.097+00:00&quot;,&quot;last_mod_time&quot;:&quot;2024-09-26T21:41:03.097+00:00&quot;},{&quot;userAddress&quot;:{&quot;addressId&quot;:4990,&quot;plotNumber&quot;:&quot;A-202&quot;,&quot;street&quot;:&quot;golden ln&quot;,&quot;state&quot;:&quot;MA&quot;,&quot;country&quot;:&quot;USA&quot;,&quot;zipCode&quot;:28456},&quot;user_id&quot;:5023,&quot;user_first_name&quot;:&quot;Test&quot;,&quot;user_last_name&quot;:&quot;Tester&quot;,&quot;user_contact_number&quot;:9876512007,&quot;user_email_id&quot;:&quot;te_007@gmail.com&quot;,&quot;creation_time&quot;:&quot;2024-09-26T18:40:57.545+00:00&quot;,&quot;last_mod_time&quot;:&quot;2024-09-26T18:40:57.545+00:00&quot;},{&quot;userAddress&quot;:{&quot;addressId&quot;:6006,&quot;plotNumber&quot;:&quot;p1-87&quot;,&quot;street&quot;:&quot;njgbfd&quot;,&quot;state&quot;:&quot;nj&quot;,&quot;country&quot;:&quot;USA&quot;,&quot;zipCode&quot;:97076},&quot;user_id&quot;:6039,&quot;user_first_name&quot;:&quot;jufghfgh&quot;,&quot;user_last_name&quot;:&quot;vbhgfy&quot;,&quot;user_contact_number&quot;:1700749231,&quot;user_email_id&quot;:&quot;sdsf.cvxi-1727480074258@edcs.com&quot;,&quot;creation_time&quot;:&quot;2024-09-27T23:34:34.790+00:00&quot;,&quot;last_mod_time&quot;:&quot;2024-09-27T23:34:34.790+00:00&quot;},{&quot;userAddress&quot;:{&quot;addressId&quot;:5388,&quot;plotNumber&quot;:&quot;332-r&quot;,&quot;street&quot;:&quot;mainthree lane&quot;,&quot;state&quot;:&quot;NY&quot;,&quot;country&quot;:&quot;USA&quot;,&quot;zipCode&quot;:7816},&quot;user_id&quot;:5421,&quot;user_first_name&quot;:&quot;Buttane&quot;,&quot;user_last_name&quot;:&quot;velae&quot;,&quot;user_contact_number&quot;:1213149999,&quot;user_email_id&quot;:&quot;Buttane@gmail.com&quot;,&quot;creation_time&quot;:&quot;2024-09-27T03:02:00.035+00:00&quot;,&quot;last_mod_time&quot;:&quot;2024-09-27T03:02:00.035+00:00&quot;},{&quot;userAddress&quot;:{&quot;addressId&quot;:8535,&quot;plotNumber&quot;:&quot;P1-10&quot;,&quot;street&quot;:&quot;Keeling Trace&quot;,&quot;state&quot;:&quot;TX&quot;,&quot;country&quot;:&quot;USA&quot;,&quot;zipCode&quot;:12356},&quot;user_id&quot;:8567,&quot;user_first_name&quot;:&quot;Freda&quot;,&quot;user_last_name&quot;:&quot;Heathcote&quot;,&quot;user_contact_number&quot;:3607896160,&quot;user_email_id&quot;:&quot;Tania_Leannon@yahoo.com&quot;,&quot;creation_time&quot;:&quot;2024-10-13T05:13:50.401+00:00&quot;,&quot;last_mod_time&quot;:&quot;2024-10-13T05:13:50.401+00:00&quot;},{&quot;userAddress&quot;:{&quot;addressId&quot;:4996,&quot;plotNumber&quot;:&quot;p1-09&quot;,&quot;street&quot;:&quot;Main&quot;,&quot;state&quot;:&quot;NY&quot;,&quot;country&quot;:&quot;USA&quot;,&quot;zipCode&quot;:10901},&quot;user_id&quot;:5029,&quot;user_first_name&quot;:&quot;zara&quot;,&quot;user_last_name&quot;:&quot;id&quot;,&quot;user_contact_number&quot;:9248350408,&quot;user_email_id&quot;:&quot;id.zara@example.com&quot;,&quot;creation_time&quot;:&quot;2024-09-26T18:59:18.737+00:00&quot;,&quot;last_mod_time&quot;:&quot;2024-09-26T18:59:18.737+00:00&quot;},{&quot;userAddress&quot;:{&quot;addressId&quot;:5395,&quot;plotNumber&quot;:&quot;332-r&quot;,&quot;street&quot;:&quot;mainthree lane&quot;,&quot;state&quot;:&quot;NY&quot;,&quot;country&quot;:&quot;USA&quot;,&quot;zipCode&quot;:7816},&quot;user_id&quot;:5428,&quot;user_first_name&quot;:&quot;Buttanr&quot;,&quot;user_last_name&quot;:&quot;velar&quot;,&quot;user_contact_number&quot;:1121314990,&quot;user_email_id&quot;:&quot;Buttanr@gmail.com&quot;,&quot;creation_time&quot;:&quot;2024-09-27T03:09:52.072+00:00&quot;,&quot;last_mod_time&quot;:&quot;2024-09-27T03:09:52.072+00:00&quot;},{&quot;userAddress&quot;:{&quot;addressId&quot;:8539,&quot;plotNumber&quot;:&quot;P1-10&quot;,&quot;street&quot;:&quot;Rohan Corner&quot;,&quot;state&quot;:&quot;TX&quot;,&quot;country&quot;:&quot;USA&quot;,&quot;zipCode&quot;:12356},&quot;user_id&quot;:8571,&quot;user_first_name&quot;:&quot;Arnaldo&quot;,&quot;user_last_name&quot;:&quot;Schuster&quot;,&quot;user_contact_number&quot;:3607896154,&quot;user_email_id&quot;:&quot;Ray_Labadie40@gmail.com&quot;,&quot;creation_time&quot;:&quot;2024-10-13T05:17:05.540+00:00&quot;,&quot;last_mod_time&quot;:&quot;2024-10-13T05:17:05.540+00:00&quot;},{&quot;userAddress&quot;:{&quot;addressId&quot;:8541,&quot;plotNumber&quot;:&quot;P1-10&quot;,&quot;street&quot;:&quot;Wintheiser Center&quot;,&quot;state&quot;:&quot;TX&quot;,&quot;country&quot;:&quot;USA&quot;,&quot;zipCode&quot;:12356},&quot;user_id&quot;:8573,&quot;user_first_name&quot;:&quot;Kip&quot;,&quot;user_last_name&quot;:&quot;Jaskolski&quot;,&quot;user_contact_number&quot;:3607896108,&quot;user_email_id&quot;:&quot;Benny46@gmail.com&quot;,&quot;creation_time&quot;:&quot;2024-10-13T05:17:54.831+00:00&quot;,&quot;last_mod_time&quot;:&quot;2024-10-13T05:17:54.831+00:00&quot;},{&quot;userAddress&quot;:{&quot;addressId&quot;:6048,&quot;plotNumber&quot;:&quot;pl-1463&quot;,&quot;street&quot;:&quot;Dunwoody Gables&quot;,&quot;state&quot;:&quot;NY&quot;,&quot;country&quot;:&quot;USA&quot;,&quot;zipCode&quot;:12651},&quot;user_id&quot;:6081,&quot;user_first_name&quot;:&quot;MclaughlinLovrone&quot;,&quot;user_last_name&quot;:&quot;Richardsoni&quot;,&quot;user_contact_number&quot;:7254243823,&quot;user_email_id&quot;:&quot;Lrerrichardson@gmail.com&quot;,&quot;creation_time&quot;:&quot;2024-09-28T01:02:07.027+00:00&quot;,&quot;last_mod_time&quot;:&quot;2024-09-28T01:02:07.027+00:00&quot;},{&quot;userAddress&quot;:{&quot;addressId&quot;:5279,&quot;plotNumber&quot;:&quot;vnLv-373&quot;,&quot;street&quot;:null,&quot;state&quot;:&quot;GA&quot;,&quot;country&quot;:null,&quot;zipCode&quot;:48787},&quot;user_id&quot;:5312,&quot;user_first_name&quot;:&quot;gnanesh&quot;,&quot;user_last_name&quot;:&quot;pukkella&quot;,&quot;user_contact_number&quot;:4707792000,&quot;user_email_id&quot;:&quot;gnpu@gmail.com&quot;,&quot;creation_time&quot;:&quot;2024-09-27T00:52:09.923+00:00&quot;,&quot;last_mod_time&quot;:&quot;2024-09-27T00:52:09.923+00:00&quot;},{&quot;userAddress&quot;:{&quot;addressId&quot;:5280,&quot;plotNumber&quot;:&quot;cKnT-373&quot;,&quot;street&quot;:null,&quot;state&quot;:&quot;GA&quot;,&quot;country&quot;:null,&quot;zipCode&quot;:48781},&quot;user_id&quot;:5313,&quot;user_first_name&quot;:&quot;gnanesh&quot;,&quot;user_last_name&quot;:&quot;pukkella&quot;,&quot;user_contact_number&quot;:4707792008,&quot;user_email_id&quot;:&quot;gnpuk@gmail.com&quot;,&quot;creation_time&quot;:&quot;2024-09-27T00:54:42.816+00:00&quot;,&quot;last_mod_time&quot;:&quot;2024-09-27T00:54:42.816+00:00&quot;},{&quot;userAddress&quot;:{&quot;addressId&quot;:5416,&quot;plotNumber&quot;:&quot;20-C&quot;,&quot;street&quot;:&quot;Peach St&quot;,&quot;state&quot;:&quot;PA&quot;,&quot;country&quot;:&quot;IND&quot;,&quot;zipCode&quot;:642034},&quot;user_id&quot;:5449,&quot;user_first_name&quot;:&quot;rith&quot;,&quot;user_last_name&quot;:&quot;November&quot;,&quot;user_contact_number&quot;:7205556421,&quot;user_email_id&quot;:&quot;nim229@gmail.com&quot;,&quot;creation_time&quot;:&quot;2024-09-27T03:45:22.403+00:00&quot;,&quot;last_mod_time&quot;:&quot;2024-09-27T03:45:22.403+00:00&quot;},{&quot;userAddress&quot;:{&quot;addressId&quot;:5417,&quot;plotNumber&quot;:&quot;25-C&quot;,&quot;street&quot;:&quot;Vanilla st&quot;,&quot;state&quot;:&quot;VA&quot;,&quot;country&quot;:&quot;USA&quot;,&quot;zipCode&quot;:19341},&quot;user_id&quot;:5450,&quot;user_first_name&quot;:&quot;prad&quot;,&quot;user_last_name&quot;:&quot;December&quot;,&quot;user_contact_number&quot;:7205556422,&quot;user_email_id&quot;:&quot;nim227@gmail.com&quot;,&quot;creation_time&quot;:&quot;2024-09-27T03:45:22.918+00:00&quot;,&quot;last_mod_time&quot;:&quot;2024-09-27T03:45:26.454+00:00&quot;},{&quot;userAddress&quot;:{&quot;addressId&quot;:5422,&quot;plotNumber&quot;:&quot;BA-12&quot;,&quot;street&quot;:&quot;NEstreet&quot;,&quot;state&quot;:&quot;CA&quot;,&quot;country&quot;:&quot;USA&quot;,&quot;zipCode&quot;:11223},&quot;user_id&quot;:5455,&quot;user_first_name&quot;:&quot;newnameone&quot;,&quot;user_last_name&quot;:&quot;lastnametwo&quot;,&quot;user_contact_number&quot;:1114567890,&quot;user_email_id&quot;:&quot;users3@gmail.com&quot;,&quot;creation_time&quot;:&quot;2024-09-27T03:50:50.232+00:00&quot;,&quot;last_mod_time&quot;:&quot;2024-09-27T03:50:50.232+00:00&quot;},{&quot;userAddress&quot;:{&quot;addressId&quot;:5322,&quot;plotNumber&quot;:&quot;vOZh-373&quot;,&quot;street&quot;:&quot;sBuDZst&quot;,&quot;state&quot;:&quot;GA&quot;,&quot;country&quot;:&quot;USA&quot;,&quot;zipCode&quot;:48789},&quot;user_id&quot;:5355,&quot;user_first_name&quot;:&quot;Rani&quot;,&quot;user_last_name&quot;:&quot;Rao&quot;,&quot;user_contact_number&quot;:7878707881,&quot;user_email_id&quot;:&quot;zpv@gmail.com&quot;,&quot;creation_time&quot;:&quot;2024-09-27T01:44:30.944+00:00&quot;,&quot;last_mod_time&quot;:&quot;2024-09-27T01:44:30.944+00:00&quot;},{&quot;userAddress&quot;:{&quot;addressId&quot;:5444,&quot;plotNumber&quot;:&quot;gJHl-373&quot;,&quot;street&quot;:&quot;uxVCRst&quot;,&quot;state&quot;:&quot;GA&quot;,&quot;country&quot;:&quot;USA&quot;,&quot;zipCode&quot;:48780},&quot;user_id&quot;:5477,&quot;user_first_name&quot;:&quot;RaniL&quot;,&quot;user_last_name&quot;:&quot;Rao&quot;,&quot;user_contact_number&quot;:7878707883,&quot;user_email_id&quot;:&quot;BLj@gmail.com&quot;,&quot;creation_time&quot;:&quot;2024-09-27T04:08:21.868+00:00&quot;,&quot;last_mod_time&quot;:&quot;2024-09-27T04:08:21.868+00:00&quot;},{&quot;userAddress&quot;:{&quot;addressId&quot;:5446,&quot;plotNumber&quot;:&quot;teNv-373&quot;,&quot;street&quot;:&quot;lhCyHst&quot;,&quot;state&quot;:&quot;GA&quot;,&quot;country&quot;:&quot;USA&quot;,&quot;zipCode&quot;:48780},&quot;user_id&quot;:5479,&quot;user_first_name&quot;:&quot;RaniM&quot;,&quot;user_last_name&quot;:&quot;Rao&quot;,&quot;user_contact_number&quot;:7878707888,&quot;user_email_id&quot;:&quot;Oeo@gmail.com&quot;,&quot;creation_time&quot;:&quot;2024-09-27T04:13:28.257+00:00&quot;,&quot;last_mod_time&quot;:&quot;2024-09-27T04:13:28.257+00:00&quot;},{&quot;userAddress&quot;:{&quot;addressId&quot;:5447,&quot;plotNumber&quot;:&quot;jLYl-373&quot;,&quot;street&quot;:&quot;Xwxjast&quot;,&quot;state&quot;:&quot;GA&quot;,&quot;country&quot;:&quot;USA&quot;,&quot;zipCode&quot;:48781},&quot;user_id&quot;:5480,&quot;user_first_name&quot;:&quot;RaniR&quot;,&quot;user_last_name&quot;:&quot;Rao&quot;,&quot;user_contact_number&quot;:7878707884,&quot;user_email_id&quot;:&quot;AbS@gmail.com&quot;,&quot;creation_time&quot;:&quot;2024-09-27T04:15:55.178+00:00&quot;,&quot;last_mod_time&quot;:&quot;2024-09-27T04:15:55.178+00:00&quot;},{&quot;userAddress&quot;:{&quot;addressId&quot;:5448,&quot;plotNumber&quot;:&quot;xCxn-373&quot;,&quot;street&quot;:&quot;NGdmFst&quot;,&quot;state&quot;:&quot;GA&quot;,&quot;country&quot;:&quot;USA&quot;,&quot;zipCode&quot;:48787},&quot;user_id&quot;:5481,&quot;user_first_name&quot;:&quot;RaniU&quot;,&quot;user_last_name&quot;:&quot;Rao&quot;,&quot;user_contact_number&quot;:7878007884,&quot;user_email_id&quot;:&quot;nOL@gmail.com&quot;,&quot;creation_time&quot;:&quot;2024-09-27T04:21:58.056+00:00&quot;,&quot;last_mod_time&quot;:&quot;2024-09-27T04:21:58.056+00:00&quot;},{&quot;userAddress&quot;:{&quot;addressId&quot;:5452,&quot;plotNumber&quot;:&quot;dGkV-373&quot;,&quot;street&quot;:&quot;RvoMcst&quot;,&quot;state&quot;:&quot;GA&quot;,&quot;country&quot;:&quot;USA&quot;,&quot;zipCode&quot;:48781},&quot;user_id&quot;:5485,&quot;user_first_name&quot;:&quot;RaniB&quot;,&quot;user_last_name&quot;:&quot;Rao&quot;,&quot;user_contact_number&quot;:7878007886,&quot;user_email_id&quot;:&quot;pkv@gmail.com&quot;,&quot;creation_time&quot;:&quot;2024-09-27T04:32:19.805+00:00&quot;,&quot;last_mod_time&quot;:&quot;2024-09-27T04:32:19.805+00:00&quot;},{&quot;userAddress&quot;:{&quot;addressId&quot;:5455,&quot;plotNumber&quot;:&quot;pl-51&quot;,&quot;street&quot;:&quot;vail rd&quot;,&quot;state&quot;:&quot;nj&quot;,&quot;country&quot;:&quot;usa&quot;,&quot;zipCode&quot;:54321},&quot;user_id&quot;:5488,&quot;user_first_name&quot;:&quot;smitha&quot;,&quot;user_last_name&quot;:&quot;dmaanj&quot;,&quot;user_contact_number&quot;:5091311145,&quot;user_email_id&quot;:&quot;sq12552eam5@gmail.com&quot;,&quot;creation_time&quot;:&quot;2024-09-27T04:38:05.079+00:00&quot;,&quot;last_mod_time&quot;:&quot;2024-09-27T04:38:05.079+00:00&quot;},{&quot;userAddress&quot;:{&quot;addressId&quot;:5456,&quot;plotNumber&quot;:&quot;pl-51&quot;,&quot;street&quot;:&quot;vail rd&quot;,&quot;state&quot;:&quot;nj&quot;,&quot;country&quot;:&quot;usa&quot;,&quot;zipCode&quot;:54321},&quot;user_id&quot;:5489,&quot;user_first_name&quot;:&quot;smitha&quot;,&quot;user_last_name&quot;:&quot;dmaanj&quot;,&quot;user_contact_number&quot;:5081311145,&quot;user_email_id&quot;:&quot;sq12552eam6@gmail.com&quot;,&quot;creation_time&quot;:&quot;2024-09-27T04:38:48.038+00:00&quot;,&quot;last_mod_time&quot;:&quot;2024-09-27T04:38:48.038+00:00&quot;},{&quot;userAddress&quot;:{&quot;addressId&quot;:5457,&quot;plotNumber&quot;:&quot;pl-51&quot;,&quot;street&quot;:&quot;vail rd&quot;,&quot;state&quot;:&quot;nj&quot;,&quot;country&quot;:&quot;usa&quot;,&quot;zipCode&quot;:54321},&quot;user_id&quot;:5490,&quot;user_first_name&quot;:&quot;smitha&quot;,&quot;user_last_name&quot;:&quot;dmaanj&quot;,&quot;user_contact_number&quot;:5181311145,&quot;user_email_id&quot;:&quot;sq22552eam6@gmail.com&quot;,&quot;creation_time&quot;:&quot;2024-09-27T04:40:33.768+00:00&quot;,&quot;last_mod_time&quot;:&quot;2024-09-27T04:40:33.768+00:00&quot;},{&quot;userAddress&quot;:{&quot;addressId&quot;:5459,&quot;plotNumber&quot;:&quot;pl-51&quot;,&quot;street&quot;:&quot;vail rd&quot;,&quot;state&quot;:&quot;nj&quot;,&quot;country&quot;:&quot;usa&quot;,&quot;zipCode&quot;:54321},&quot;user_id&quot;:5492,&quot;user_first_name&quot;:&quot;smitha&quot;,&quot;user_last_name&quot;:&quot;dmaanj&quot;,&quot;user_contact_number&quot;:5282021145,&quot;user_email_id&quot;:&quot;api2Team5@gmail.com&quot;,&quot;creation_time&quot;:&quot;2024-09-27T04:48:06.369+00:00&quot;,&quot;last_mod_time&quot;:&quot;2024-09-27T04:48:06.369+00:00&quot;},{&quot;userAddress&quot;:{&quot;addressId&quot;:5463,&quot;plotNumber&quot;:&quot;pl-51&quot;,&quot;street&quot;:&quot;vail rd&quot;,&quot;state&quot;:&quot;nj&quot;,&quot;country&quot;:&quot;usa&quot;,&quot;zipCode&quot;:54321},&quot;user_id&quot;:5496,&quot;user_first_name&quot;:&quot;smitha&quot;,&quot;user_last_name&quot;:&quot;dmaanj&quot;,&quot;user_contact_number&quot;:5182021145,&quot;user_email_id&quot;:&quot;api21Team5@gmail.com&quot;,&quot;creation_time&quot;:&quot;2024-09-27T04:55:14.789+00:00&quot;,&quot;last_mod_time&quot;:&quot;2024-09-27T04:55:14.789+00:00&quot;},{&quot;userAddress&quot;:{&quot;addressId&quot;:5467,&quot;plotNumber&quot;:&quot;pl-51&quot;,&quot;street&quot;:&quot;vail rd&quot;,&quot;state&quot;:&quot;nj&quot;,&quot;country&quot;:&quot;usa&quot;,&quot;zipCode&quot;:54321},&quot;user_id&quot;:5500,&quot;user_first_name&quot;:&quot;smitha&quot;,&quot;user_last_name&quot;:&quot;dmaanj&quot;,&quot;user_contact_number&quot;:5282156145,&quot;user_email_id&quot;:&quot;api12Team5@gmail.com&quot;,&quot;creation_time&quot;:&quot;2024-09-27T04:59:53.312+00:00&quot;,&quot;last_mod_time&quot;:&quot;2024-09-27T04:59:53.312+00:00&quot;},{&quot;userAddress&quot;:{&quot;addressId&quot;:5469,&quot;plotNumber&quot;:&quot;pl-51&quot;,&quot;street&quot;:&quot;vail rd&quot;,&quot;state&quot;:&quot;nj&quot;,&quot;country&quot;:&quot;usa&quot;,&quot;zipCode&quot;:54321},&quot;user_id&quot;:5502,&quot;user_first_name&quot;:&quot;smitha&quot;,&quot;user_last_name&quot;:&quot;dmaanj&quot;,&quot;user_contact_number&quot;:6282156125,&quot;user_email_id&quot;:&quot;api32Team5@gmail.com&quot;,&quot;creation_time&quot;:&quot;2024-09-27T05:01:41.110+00:00&quot;,&quot;last_mod_time&quot;:&quot;2024-09-27T05:01:41.110+00:00&quot;},{&quot;userAddress&quot;:{&quot;addressId&quot;:5471,&quot;plotNumber&quot;:&quot;pl-51&quot;,&quot;street&quot;:&quot;vail rd&quot;,&quot;state&quot;:&quot;nj&quot;,&quot;country&quot;:&quot;usa&quot;,&quot;zipCode&quot;:54321},&quot;user_id&quot;:5504,&quot;user_first_name&quot;:&quot;smitha&quot;,&quot;user_last_name&quot;:&quot;dmaanj&quot;,&quot;user_contact_number&quot;:6182156125,&quot;user_email_id&quot;:&quot;api032Team5@gmail.com&quot;,&quot;creation_time&quot;:&quot;2024-09-27T05:05:23.199+00:00&quot;,&quot;last_mod_time&quot;:&quot;2024-09-27T05:05:23.199+00:00&quot;},{&quot;userAddress&quot;:{&quot;addressId&quot;:5473,&quot;plotNumber&quot;:&quot;pl-51&quot;,&quot;street&quot;:&quot;vail rd&quot;,&quot;state&quot;:&quot;nj&quot;,&quot;country&quot;:&quot;usa&quot;,&quot;zipCode&quot;:54321},&quot;user_id&quot;:5506,&quot;user_first_name&quot;:&quot;smitha&quot;,&quot;user_last_name&quot;:&quot;dmaanj&quot;,&quot;user_contact_number&quot;:6022156125,&quot;user_email_id&quot;:&quot;api012Team5@gmail.com&quot;,&quot;creation_time&quot;:&quot;2024-09-27T05:08:24.189+00:00&quot;,&quot;last_mod_time&quot;:&quot;2024-09-27T05:08:24.189+00:00&quot;},{&quot;userAddress&quot;:{&quot;addressId&quot;:5474,&quot;plotNumber&quot;:&quot;pl-51&quot;,&quot;street&quot;:&quot;vail rd&quot;,&quot;state&quot;:&quot;nj&quot;,&quot;country&quot;:&quot;usa&quot;,&quot;zipCode&quot;:54321},&quot;user_id&quot;:5507,&quot;user_first_name&quot;:&quot;smitha&quot;,&quot;user_last_name&quot;:&quot;dmaanj&quot;,&quot;user_contact_number&quot;:1022156125,&quot;user_email_id&quot;:&quot;api018Team5@gmail.com&quot;,&quot;creation_time&quot;:&quot;2024-09-27T05:09:52.675+00:00&quot;,&quot;last_mod_time&quot;:&quot;2024-09-27T05:09:52.675+00:00&quot;},{&quot;userAddress&quot;:{&quot;addressId&quot;:5475,&quot;plotNumber&quot;:&quot;pl-51&quot;,&quot;street&quot;:&quot;vail rd&quot;,&quot;state&quot;:&quot;nj&quot;,&quot;country&quot;:&quot;usa&quot;,&quot;zipCode&quot;:54321},&quot;user_id&quot;:5508,&quot;user_first_name&quot;:&quot;smitha&quot;,&quot;user_last_name&quot;:&quot;dmaanj&quot;,&quot;user_contact_number&quot;:2022156125,&quot;user_email_id&quot;:&quot;api0122Team5@gmail.com&quot;,&quot;creation_time&quot;:&quot;2024-09-27T05:11:12.571+00:00&quot;,&quot;last_mod_time&quot;:&quot;2024-09-27T05:11:12.571+00:00&quot;},{&quot;userAddress&quot;:{&quot;addressId&quot;:5476,&quot;plotNumber&quot;:&quot;rbVp-373&quot;,&quot;street&quot;:&quot;Zlrqxst&quot;,&quot;state&quot;:&quot;GA&quot;,&quot;country&quot;:&quot;USA&quot;,&quot;zipCode&quot;:48782},&quot;user_id&quot;:5509,&quot;user_first_name&quot;:&quot;RaniD&quot;,&quot;user_last_name&quot;:&quot;Rao&quot;,&quot;user_contact_number&quot;:7878007883,&quot;user_email_id&quot;:&quot;CiJ@gmail.com&quot;,&quot;creation_time&quot;:&quot;2024-09-27T05:11:18.989+00:00&quot;,&quot;last_mod_time&quot;:&quot;2024-09-27T05:11:18.989+00:00&quot;},{&quot;userAddress&quot;:{&quot;addressId&quot;:8976,&quot;plotNumber&quot;:&quot;456-A&quot;,&quot;street&quot;:&quot;First Avenue&quot;,&quot;state&quot;:&quot;NY&quot;,&quot;country&quot;:&quot;USA&quot;,&quot;zipCode&quot;:10001},&quot;user_id&quot;:9008,&quot;user_first_name&quot;:&quot;Alice&quot;,&quot;user_last_name&quot;:&quot;Brown&quot;,&quot;user_contact_number&quot;:2111111112,&quot;user_email_id&quot;:&quot;alice.brown@example.com&quot;,&quot;creation_time&quot;:&quot;2024-10-13T23:01:37.190+00:00&quot;,&quot;last_mod_time&quot;:&quot;2024-10-13T23:03:12.336+00:00&quot;},{&quot;userAddress&quot;:{&quot;addressId&quot;:6430,&quot;plotNumber&quot;:&quot;pl-101&quot;,&quot;street&quot;:&quot;WolfStreet&quot;,&quot;state&quot;:&quot;NC&quot;,&quot;country&quot;:&quot;USA&quot;,&quot;zipCode&quot;:12312},&quot;user_id&quot;:6463,&quot;user_first_name&quot;:&quot;VijiAvengers&quot;,&quot;user_last_name&quot;:&quot;Stark&quot;,&quot;user_contact_number&quot;:1981555166,&quot;user_email_id&quot;:&quot;Vijee99min2@gmail.com&quot;,&quot;creation_time&quot;:&quot;2024-09-29T16:31:41.025+00:00&quot;,&quot;last_mod_time&quot;:&quot;2024-09-29T16:31:41.025+00:00&quot;},{&quot;userAddress&quot;:{&quot;addressId&quot;:6431,&quot;plotNumber&quot;:&quot;pl-101&quot;,&quot;street&quot;:&quot;WolfStreet&quot;,&quot;state&quot;:&quot;NC&quot;,&quot;country&quot;:&quot;USA&quot;,&quot;zipCode&quot;:12312},&quot;user_id&quot;:6464,&quot;user_first_name&quot;:&quot;VijiAvengers&quot;,&quot;user_last_name&quot;:&quot;Stark&quot;,&quot;user_contact_number&quot;:1481555166,&quot;user_email_id&quot;:&quot;Vijee99min3@gmail.com&quot;,&quot;creation_time&quot;:&quot;2024-09-29T16:33:27.339+00:00&quot;,&quot;last_mod_time&quot;:&quot;2024-09-29T16:33:27.339+00:00&quot;},{&quot;userAddress&quot;:{&quot;addressId&quot;:10809,&quot;plotNumber&quot;:&quot;P1-13&quot;,&quot;street&quot;:&quot;Oak&quot;,&quot;state&quot;:&quot;TX&quot;,&quot;country&quot;:&quot;USA&quot;,&quot;zipCode&quot;:20895},&quot;user_id&quot;:10841,&quot;user_first_name&quot;:&quot;Boby&quot;,&quot;user_last_name&quot;:&quot;Smithy&quot;,&quot;user_contact_number&quot;:9633399900,&quot;user_email_id&quot;:&quot;BBSsBsssss@gmail.com&quot;,&quot;creation_time&quot;:&quot;2024-10-17T22:37:38.465+00:00&quot;,&quot;last_mod_time&quot;:&quot;2024-10-17T22:37:38.465+00:00&quot;},{&quot;userAddress&quot;:{&quot;addressId&quot;:7642,&quot;plotNumber&quot;:&quot;AS-99&quot;,&quot;street&quot;:&quot;Gorniak&quot;,&quot;state&quot;:&quot;MI&quot;,&quot;country&quot;:&quot;USA&quot;,&quot;zipCode&quot;:7896},&quot;user_id&quot;:7674,&quot;user_first_name&quot;:&quot;TesterAL&quot;,&quot;user_last_name&quot;:&quot;Numpy&quot;,&quot;user_contact_number&quot;:2583691476,&quot;user_email_id&quot;:&quot;testlearneral@gmail.com&quot;,&quot;creation_time&quot;:&quot;2024-10-10T16:06:27.206+00:00&quot;,&quot;last_mod_time&quot;:&quot;2024-10-10T16:06:27.206+00:00&quot;},{&quot;userAddress&quot;:{&quot;addressId&quot;:5965,&quot;plotNumber&quot;:&quot;pl-1463&quot;,&quot;street&quot;:&quot;Dunwoody Gables&quot;,&quot;state&quot;:&quot;NY&quot;,&quot;country&quot;:&quot;USA&quot;,&quot;zipCode&quot;:12651},&quot;user_id&quot;:5998,&quot;user_first_name&quot;:&quot;MclaughlinLovrone&quot;,&quot;user_last_name&quot;:&quot;Richardsoni&quot;,&quot;user_contact_number&quot;:7254263823,&quot;user_email_id&quot;:&quot;Lrrichardson@gmail.com&quot;,&quot;creation_time&quot;:&quot;2024-09-27T22:47:16.046+00:00&quot;,&quot;last_mod_time&quot;:&quot;2024-09-27T22:47:16.046+00:00&quot;},{&quot;userAddress&quot;:{&quot;addressId&quot;:5842,&quot;plotNumber&quot;:&quot;p1-59&quot;,&quot;street&quot;:&quot;sdfiot&quot;,&quot;state&quot;:&quot;cd&quot;,&quot;country&quot;:&quot;USA&quot;,&quot;zipCode&quot;:94056},&quot;user_id&quot;:5875,&quot;user_first_name&quot;:&quot;bpghkhjd&quot;,&quot;user_last_name&quot;:&quot;wronglastname&quot;,&quot;user_contact_number&quot;:1638814492,&quot;user_email_id&quot;:&quot;hjitr.cvu-1727459943544@wdt.com&quot;,&quot;creation_time&quot;:&quot;2024-09-27T17:59:42.121+00:00&quot;,&quot;last_mod_time&quot;:&quot;2024-09-27T17:59:42.121+00:00&quot;},{&quot;userAddress&quot;:{&quot;addressId&quot;:8187,&quot;plotNumber&quot;:null,&quot;street&quot;:null,&quot;state&quot;:null,&quot;country&quot;:null,&quot;zipCode&quot;:null},&quot;user_id&quot;:8219,&quot;user_first_name&quot;:&quot;dUUJOMmiju&quot;,&quot;user_last_name&quot;:&quot;nGjFghcJgq&quot;,&quot;user_contact_number&quot;:1019611707,&quot;user_email_id&quot;:&quot;team2843j7a84h37a@gmail.com&quot;,&quot;creation_time&quot;:&quot;2024-10-12T17:51:05.885+00:00&quot;,&quot;last_mod_time&quot;:&quot;2024-10-12T17:51:05.885+00:00&quot;},{&quot;userAddress&quot;:{&quot;addressId&quot;:8188,&quot;plotNumber&quot;:null,&quot;street&quot;:null,&quot;state&quot;:null,&quot;country&quot;:null,&quot;zipCode&quot;:null},&quot;user_id&quot;:8220,&quot;user_first_name&quot;:&quot;ptKwIhucmj&quot;,&quot;user_last_name&quot;:&quot;llGiTKENve&quot;,&quot;user_contact_number&quot;:6543098086,&quot;user_email_id&quot;:&quot;team235g8h4mlknnb@gmail.com&quot;,&quot;creation_time&quot;:&quot;2024-10-12T17:51:06.497+00:00&quot;,&quot;last_mod_time&quot;:&quot;2024-10-12T17:51:06.497+00:00&quot;},{&quot;userAddress&quot;:{&quot;addressId&quot;:8189,&quot;plotNumber&quot;:null,&quot;street&quot;:null,&quot;state&quot;:null,&quot;country&quot;:null,&quot;zipCode&quot;:null},&quot;user_id&quot;:8221,&quot;user_first_name&quot;:&quot;lHVdNClccX&quot;,&quot;user_last_name&quot;:&quot;udTeTHYhiw&quot;,&quot;user_contact_number&quot;:1134453084,&quot;user_email_id&quot;:&quot;team2jj9295jm49m@gmail.com&quot;,&quot;creation_time&quot;:&quot;2024-10-12T17:51:06.786+00:00&quot;,&quot;last_mod_time&quot;:&quot;2024-10-12T17:51:06.786+00:00&quot;},{&quot;userAddress&quot;:{&quot;addressId&quot;:5881,&quot;plotNumber&quot;:&quot;p1-098&quot;,&quot;street&quot;:&quot;cxvbmnb &quot;,&quot;state&quot;:&quot;uibhjkl&quot;,&quot;country&quot;:&quot;USA&quot;,&quot;zipCode&quot;:90865},&quot;user_id&quot;:5914,&quot;user_first_name&quot;:&quot;bpghkhjd&quot;,&quot;user_last_name&quot;:&quot;vhdbhjfg&quot;,&quot;user_contact_number&quot;:1769073474,&quot;user_email_id&quot;:&quot;nijua.loj-1727463975661@ecxfs.com&quot;,&quot;creation_time&quot;:&quot;2024-09-27T19:10:22.995+00:00&quot;,&quot;last_mod_time&quot;:&quot;2024-09-27T19:10:22.995+00:00&quot;},{&quot;userAddress&quot;:{&quot;addressId&quot;:8190,&quot;plotNumber&quot;:null,&quot;street&quot;:null,&quot;state&quot;:null,&quot;country&quot;:null,&quot;zipCode&quot;:null},&quot;user_id&quot;:8222,&quot;user_first_name&quot;:&quot;vTtLWdeGdu&quot;,&quot;user_last_name&quot;:&quot;bYzmanrIzn&quot;,&quot;user_contact_number&quot;:4333385414,&quot;user_email_id&quot;:&quot;team293ec7deee95j@gmail.com&quot;,&quot;creation_time&quot;:&quot;2024-10-12T17:51:07.710+00:00&quot;,&quot;last_mod_time&quot;:&quot;2024-10-12T17:51:07.710+00:00&quot;},{&quot;userAddress&quot;:{&quot;addressId&quot;:5970,&quot;plotNumber&quot;:&quot;pl-1463&quot;,&quot;street&quot;:&quot;Dunwoody Gables&quot;,&quot;state&quot;:&quot;NY&quot;,&quot;country&quot;:&quot;USA&quot;,&quot;zipCode&quot;:12651},&quot;user_id&quot;:6003,&quot;user_first_name&quot;:&quot;MclaughlinLovrone&quot;,&quot;user_last_name&quot;:&quot;Richardsoni&quot;,&quot;user_contact_number&quot;:7354263823,&quot;user_email_id&quot;:&quot;Lrrrichardson@gmail.com&quot;,&quot;creation_time&quot;:&quot;2024-09-27T22:48:55.742+00:00&quot;,&quot;last_mod_time&quot;:&quot;2024-09-27T22:48:55.742+00:00&quot;},{&quot;userAddress&quot;:{&quot;addressId&quot;:9961,&quot;plotNumber&quot;:&quot;P1-11&quot;,&quot;street&quot;:&quot;NJ&quot;,&quot;state&quot;:&quot;TX&quot;,&quot;country&quot;:&quot;USA&quot;,&quot;zipCode&quot;:12356},&quot;user_id&quot;:9993,&quot;user_first_name&quot;:&quot;Muruga&quot;,&quot;user_last_name&quot;:&quot;Parvathi&quot;,&quot;user_contact_number&quot;:8882223999,&quot;user_email_id&quot;:&quot;murugasiva@gmail.com&quot;,&quot;creation_time&quot;:&quot;2024-10-15T16:05:09.880+00:00&quot;,&quot;last_mod_time&quot;:&quot;2024-10-15T16:05:09.880+00:00&quot;},{&quot;userAddress&quot;:{&quot;addressId&quot;:5848,&quot;plotNumber&quot;:&quot;p1-59&quot;,&quot;street&quot;:&quot;sdfiot&quot;,&quot;state&quot;:&quot;cd&quot;,&quot;country&quot;:&quot;USA&quot;,&quot;zipCode&quot;:94056},&quot;user_id&quot;:5881,&quot;user_first_name&quot;:&quot;bpghkhjd&quot;,&quot;user_last_name&quot;:&quot;wronglastname&quot;,&quot;user_contact_number&quot;:1833527872,&quot;user_email_id&quot;:&quot;hjitr.cvu-1727460112590@wdt.com&quot;,&quot;creation_time&quot;:&quot;2024-09-27T18:02:03.865+00:00&quot;,&quot;last_mod_time&quot;:&quot;2024-09-27T18:02:03.865+00:00&quot;},{&quot;userAddress&quot;:{&quot;addressId&quot;:8197,&quot;plotNumber&quot;:null,&quot;street&quot;:null,&quot;state&quot;:null,&quot;country&quot;:null,&quot;zipCode&quot;:null},&quot;user_id&quot;:8229,&quot;user_first_name&quot;:&quot;LndYzyMQTL&quot;,&quot;user_last_name&quot;:&quot;TCAPTDmEJl&quot;,&quot;user_contact_number&quot;:5967892166,&quot;user_email_id&quot;:&quot;team2dbnhi56955o6@gmail.com&quot;,&quot;creation_time&quot;:&quot;2024-10-12T18:00:39.349+00:00&quot;,&quot;last_mod_time&quot;:&quot;2024-10-12T18:00:39.349+00:00&quot;},{&quot;userAddress&quot;:{&quot;addressId&quot;:8198,&quot;plotNumber&quot;:null,&quot;street&quot;:null,&quot;state&quot;:null,&quot;country&quot;:null,&quot;zipCode&quot;:null},&quot;user_id&quot;:8230,&quot;user_first_name&quot;:&quot;HwgCXrBTQR&quot;,&quot;user_last_name&quot;:&quot;PyvqYzMITm&quot;,&quot;user_contact_number&quot;:8016109622,&quot;user_email_id&quot;:&quot;team2ic6007776ji8@gmail.com&quot;,&quot;creation_time&quot;:&quot;2024-10-12T18:00:39.494+00:00&quot;,&quot;last_mod_time&quot;:&quot;2024-10-12T18:00:39.494+00:00&quot;},{&quot;userAddress&quot;:{&quot;addressId&quot;:8199,&quot;plotNumber&quot;:null,&quot;street&quot;:null,&quot;state&quot;:null,&quot;country&quot;:null,&quot;zipCode&quot;:null},&quot;user_id&quot;:8231,&quot;user_first_name&quot;:&quot;qqShcbMNoL&quot;,&quot;user_last_name&quot;:&quot;dGgrwGRPtY&quot;,&quot;user_contact_number&quot;:4025227941,&quot;user_email_id&quot;:&quot;team244fe95660n6@gmail.com&quot;,&quot;creation_time&quot;:&quot;2024-10-12T18:00:39.629+00:00&quot;,&quot;last_mod_time&quot;:&quot;2024-10-12T18:00:39.629+00:00&quot;},{&quot;userAddress&quot;:{&quot;addressId&quot;:5852,&quot;plotNumber&quot;:&quot;p1-59&quot;,&quot;street&quot;:&quot;sdfiot&quot;,&quot;state&quot;:&quot;cd&quot;,&quot;country&quot;:&quot;USA&quot;,&quot;zipCode&quot;:94056},&quot;user_id&quot;:5885,&quot;user_first_name&quot;:&quot;bpghkhjd&quot;,&quot;user_last_name&quot;:&quot;wronglastname&quot;,&quot;user_contact_number&quot;:1353427319,&quot;user_email_id&quot;:&quot;hjitr.cvu-1727460503070@wdt.com&quot;,&quot;creation_time&quot;:&quot;2024-09-27T18:08:25.882+00:00&quot;,&quot;last_mod_time&quot;:&quot;2024-09-27T18:08:25.882+00:00&quot;},{&quot;userAddress&quot;:{&quot;addressId&quot;:8200,&quot;plotNumber&quot;:null,&quot;street&quot;:null,&quot;state&quot;:null,&quot;country&quot;:null,&quot;zipCode&quot;:null},&quot;user_id&quot;:8232,&quot;user_first_name&quot;:&quot;LEvbHnQIje&quot;,&quot;user_last_name&quot;:&quot;VIaQutyOdC&quot;,&quot;user_contact_number&quot;:4062128683,&quot;user_email_id&quot;:&quot;team2457ogp6cdb4o@gmail.com&quot;,&quot;creation_time&quot;:&quot;2024-10-12T18:00:39.754+00:00&quot;,&quot;last_mod_time&quot;:&quot;2024-10-12T18:00:39.754+00:00&quot;},{&quot;userAddress&quot;:{&quot;addressId&quot;:5883,&quot;plotNumber&quot;:&quot;p1-59&quot;,&quot;street&quot;:&quot;sdfiot&quot;,&quot;state&quot;:&quot;cd&quot;,&quot;country&quot;:&quot;USA&quot;,&quot;zipCode&quot;:94056},&quot;user_id&quot;:5916,&quot;user_first_name&quot;:&quot;bpghkhjd&quot;,&quot;user_last_name&quot;:&quot;wronglastname&quot;,&quot;user_contact_number&quot;:1239157694,&quot;user_email_id&quot;:&quot;hjitr.cvu-1727464256929@wdt.com&quot;,&quot;creation_time&quot;:&quot;2024-09-27T19:11:02.568+00:00&quot;,&quot;last_mod_time&quot;:&quot;2024-09-27T19:11:02.568+00:00&quot;},{&quot;userAddress&quot;:{&quot;addressId&quot;:8201,&quot;plotNumber&quot;:null,&quot;street&quot;:null,&quot;state&quot;:null,&quot;country&quot;:null,&quot;zipCode&quot;:null},&quot;user_id&quot;:8233,&quot;user_first_name&quot;:&quot;MSzuvEuQnT&quot;,&quot;user_last_name&quot;:&quot;abeqxyuEpM&quot;,&quot;user_contact_number&quot;:9156770992,&quot;user_email_id&quot;:&quot;team208c2fkdaj44hb@gmail.com&quot;,&quot;creation_time&quot;:&quot;2024-10-12T18:00:39.882+00:00&quot;,&quot;last_mod_time&quot;:&quot;2024-10-12T18:00:39.882+00:00&quot;},{&quot;userAddress&quot;:{&quot;addressId&quot;:8202,&quot;plotNumber&quot;:null,&quot;street&quot;:null,&quot;state&quot;:null,&quot;country&quot;:null,&quot;zipCode&quot;:null},&quot;user_id&quot;:8234,&quot;user_first_name&quot;:&quot;KvmPSrwHhR&quot;,&quot;user_last_name&quot;:&quot;ZmSQqDrYwv&quot;,&quot;user_contact_number&quot;:1059257540,&quot;user_email_id&quot;:&quot;team2cb5ddmg15op6@gmail.com&quot;,&quot;creation_time&quot;:&quot;2024-10-12T18:01:32.422+00:00&quot;,&quot;last_mod_time&quot;:&quot;2024-10-12T18:01:32.422+00:00&quot;},{&quot;userAddress&quot;:{&quot;addressId&quot;:5724,&quot;plotNumber&quot;:&quot;p1-098&quot;,&quot;street&quot;:&quot;cxvbmnb &quot;,&quot;state&quot;:&quot;uibhjkl&quot;,&quot;country&quot;:&quot;USA&quot;,&quot;zipCode&quot;:90865},&quot;user_id&quot;:5757,&quot;user_first_name&quot;:&quot;bpghkhjd&quot;,&quot;user_last_name&quot;:&quot;updatedLastName&quot;,&quot;user_contact_number&quot;:1764478990,&quot;user_email_id&quot;:&quot;nijua.loj-1727452534901@ecxfs.com&quot;,&quot;creation_time&quot;:&quot;2024-09-27T15:55:35.376+00:00&quot;,&quot;last_mod_time&quot;:&quot;2024-09-27T15:55:53.162+00:00&quot;},{&quot;userAddress&quot;:{&quot;addressId&quot;:8203,&quot;plotNumber&quot;:null,&quot;street&quot;:null,&quot;state&quot;:null,&quot;country&quot;:null,&quot;zipCode&quot;:null},&quot;user_id&quot;:8235,&quot;user_first_name&quot;:&quot;MSsdTEYeDQ&quot;,&quot;user_last_name&quot;:&quot;hmShEMjsZi&quot;,&quot;user_contact_number&quot;:3804899287,&quot;user_email_id&quot;:&quot;team2ba3ccgd76emd@gmail.com&quot;,&quot;creation_time&quot;:&quot;2024-10-12T18:02:13.145+00:00&quot;,&quot;last_mod_time&quot;:&quot;2024-10-12T18:02:13.145+00:00&quot;},{&quot;userAddress&quot;:{&quot;addressId&quot;:8205,&quot;plotNumber&quot;:null,&quot;street&quot;:null,&quot;state&quot;:null,&quot;country&quot;:null,&quot;zipCode&quot;:null},&quot;user_id&quot;:8237,&quot;user_first_name&quot;:&quot;dWXvPrffMq&quot;,&quot;user_last_name&quot;:&quot;ZghnlIDICl&quot;,&quot;user_contact_number&quot;:8250002884,&quot;user_email_id&quot;:&quot;team2nkip7pop570f@gmail.com&quot;,&quot;creation_time&quot;:&quot;2024-10-12T18:02:43.331+00:00&quot;,&quot;last_mod_time&quot;:&quot;2024-10-12T18:02:43.331+00:00&quot;},{&quot;userAddress&quot;:{&quot;addressId&quot;:5994,&quot;plotNumber&quot;:&quot;p1-87&quot;,&quot;street&quot;:&quot;njgbfd&quot;,&quot;state&quot;:&quot;nj&quot;,&quot;country&quot;:&quot;USA&quot;,&quot;zipCode&quot;:97076},&quot;user_id&quot;:6027,&quot;user_first_name&quot;:&quot;bngetnmghjk&quot;,&quot;user_last_name&quot;:&quot;updatedLastName&quot;,&quot;user_contact_number&quot;:1688055989,&quot;user_email_id&quot;:&quot;sdsf.cvxi-1727479342696@edcs.com&quot;,&quot;creation_time&quot;:&quot;2024-09-27T23:22:23.222+00:00&quot;,&quot;last_mod_time&quot;:&quot;2024-09-27T23:22:25.983+00:00&quot;},{&quot;userAddress&quot;:{&quot;addressId&quot;:5998,&quot;plotNumber&quot;:&quot;p1-87&quot;,&quot;street&quot;:&quot;njgbfd&quot;,&quot;state&quot;:&quot;nj&quot;,&quot;country&quot;:&quot;USA&quot;,&quot;zipCode&quot;:97076},&quot;user_id&quot;:6031,&quot;user_first_name&quot;:&quot;bngetnmghjk&quot;,&quot;user_last_name&quot;:&quot;updatedLastName&quot;,&quot;user_contact_number&quot;:1161052190,&quot;user_email_id&quot;:&quot;sdsf.cvxi-1727479590085@edcs.com&quot;,&quot;creation_time&quot;:&quot;2024-09-27T23:26:30.689+00:00&quot;,&quot;last_mod_time&quot;:&quot;2024-09-27T23:26:33.430+00:00&quot;},{&quot;userAddress&quot;:{&quot;addressId&quot;:8207,&quot;plotNumber&quot;:null,&quot;street&quot;:null,&quot;state&quot;:null,&quot;country&quot;:null,&quot;zipCode&quot;:null},&quot;user_id&quot;:8239,&quot;user_first_name&quot;:&quot;hBRpzuckLF&quot;,&quot;user_last_name&quot;:&quot;oTRYFpkqtY&quot;,&quot;user_contact_number&quot;:6800320119,&quot;user_email_id&quot;:&quot;team2hk9im88mfkbb@gmail.com&quot;,&quot;creation_time&quot;:&quot;2024-10-12T18:02:43.798+00:00&quot;,&quot;last_mod_time&quot;:&quot;2024-10-12T18:02:43.798+00:00&quot;},{&quot;userAddress&quot;:{&quot;addressId&quot;:8208,&quot;plotNumber&quot;:null,&quot;street&quot;:null,&quot;state&quot;:null,&quot;country&quot;:null,&quot;zipCode&quot;:null},&quot;user_id&quot;:8240,&quot;user_first_name&quot;:&quot;GkhfZikHkf&quot;,&quot;user_last_name&quot;:&quot;cHYuOmgTtB&quot;,&quot;user_contact_number&quot;:3843916751,&quot;user_email_id&quot;:&quot;team2fjbdlm7090jl@gmail.com&quot;,&quot;creation_time&quot;:&quot;2024-10-12T18:02:44.082+00:00&quot;,&quot;last_mod_time&quot;:&quot;2024-10-12T18:02:44.082+00:00&quot;},{&quot;userAddress&quot;:{&quot;addressId&quot;:5866,&quot;plotNumber&quot;:&quot;p1-59&quot;,&quot;street&quot;:&quot;sdfiot&quot;,&quot;state&quot;:&quot;cd&quot;,&quot;country&quot;:&quot;USA&quot;,&quot;zipCode&quot;:94056},&quot;user_id&quot;:5899,&quot;user_first_name&quot;:&quot;bpghkhjd&quot;,&quot;user_last_name&quot;:&quot;wronglastname&quot;,&quot;user_contact_number&quot;:1461687574,&quot;user_email_id&quot;:&quot;hjitr.cvu-1727461914703@wdt.com&quot;,&quot;creation_time&quot;:&quot;2024-09-27T18:31:58.930+00:00&quot;,&quot;last_mod_time&quot;:&quot;2024-09-27T18:31:58.930+00:00&quot;},{&quot;userAddress&quot;:{&quot;addressId&quot;:8211,&quot;plotNumber&quot;:null,&quot;street&quot;:null,&quot;state&quot;:null,&quot;country&quot;:null,&quot;zipCode&quot;:null},&quot;user_id&quot;:8243,&quot;user_first_name&quot;:&quot;utKsNcjNRJ&quot;,&quot;user_last_name&quot;:&quot;gwJdlfLuwW&quot;,&quot;user_contact_number&quot;:6927435389,&quot;user_email_id&quot;:&quot;team29ne640ia6ma3@gmail.com&quot;,&quot;creation_time&quot;:&quot;2024-10-12T18:02:44.837+00:00&quot;,&quot;last_mod_time&quot;:&quot;2024-10-12T18:02:44.837+00:00&quot;},{&quot;userAddress&quot;:{&quot;addressId&quot;:5740,&quot;plotNumber&quot;:&quot;p1-098&quot;,&quot;street&quot;:&quot;cxvbmnb &quot;,&quot;state&quot;:&quot;uibhjkl&quot;,&quot;country&quot;:&quot;USA&quot;,&quot;zipCode&quot;:90865},&quot;user_id&quot;:5773,&quot;user_first_name&quot;:&quot;bpghkhjd&quot;,&quot;user_last_name&quot;:&quot;vhdbhjfg&quot;,&quot;user_contact_number&quot;:1873704568,&quot;user_email_id&quot;:&quot;nijua.loj-1727453059333@ecxfs.com&quot;,&quot;creation_time&quot;:&quot;2024-09-27T16:04:29.040+00:00&quot;,&quot;last_mod_time&quot;:&quot;2024-09-27T16:04:29.040+00:00&quot;},{&quot;userAddress&quot;:{&quot;addressId&quot;:5868,&quot;plotNumber&quot;:&quot;p1-098&quot;,&quot;street&quot;:&quot;cxvbmnb &quot;,&quot;state&quot;:&quot;uibhjkl&quot;,&quot;country&quot;:&quot;USA&quot;,&quot;zipCode&quot;:90865},&quot;user_id&quot;:5901,&quot;user_first_name&quot;:&quot;bpghkhjd&quot;,&quot;user_last_name&quot;:&quot;vhdbhjfg&quot;,&quot;user_contact_number&quot;:1113475406,&quot;user_email_id&quot;:&quot;nijua.loj-1727462478081@ecxfs.com&quot;,&quot;creation_time&quot;:&quot;2024-09-27T18:41:18.749+00:00&quot;,&quot;last_mod_time&quot;:&quot;2024-09-27T18:41:18.749+00:00&quot;},{&quot;userAddress&quot;:{&quot;addressId&quot;:5869,&quot;plotNumber&quot;:&quot;p1-098&quot;,&quot;street&quot;:&quot;cxvbmnb &quot;,&quot;state&quot;:&quot;uibhjkl&quot;,&quot;country&quot;:&quot;USA&quot;,&quot;zipCode&quot;:90865},&quot;user_id&quot;:5902,&quot;user_first_name&quot;:&quot;bpghkhjd&quot;,&quot;user_last_name&quot;:&quot;vhdbhjfg&quot;,&quot;user_contact_number&quot;:1356941942,&quot;user_email_id&quot;:&quot;nijua.loj-1727462967374@ecxfs.com&quot;,&quot;creation_time&quot;:&quot;2024-09-27T18:49:27.858+00:00&quot;,&quot;last_mod_time&quot;:&quot;2024-09-27T18:49:27.858+00:00&quot;},{&quot;userAddress&quot;:{&quot;addressId&quot;:5870,&quot;plotNumber&quot;:&quot;p1-59&quot;,&quot;street&quot;:&quot;sdfiot&quot;,&quot;state&quot;:&quot;cd&quot;,&quot;country&quot;:&quot;USA&quot;,&quot;zipCode&quot;:94056},&quot;user_id&quot;:5903,&quot;user_first_name&quot;:&quot;bpghkhjd&quot;,&quot;user_last_name&quot;:&quot;wronglastname&quot;,&quot;user_contact_number&quot;:1808071661,&quot;user_email_id&quot;:&quot;hjitr.cvu-1727463130666@wdt.com&quot;,&quot;creation_time&quot;:&quot;2024-09-27T18:53:01.223+00:00&quot;,&quot;last_mod_time&quot;:&quot;2024-09-27T18:53:01.223+00:00&quot;},{&quot;userAddress&quot;:{&quot;addressId&quot;:5872,&quot;plotNumber&quot;:&quot;p1-59&quot;,&quot;street&quot;:&quot;sdfiot&quot;,&quot;state&quot;:&quot;cd&quot;,&quot;country&quot;:&quot;USA&quot;,&quot;zipCode&quot;:94056},&quot;user_id&quot;:5905,&quot;user_first_name&quot;:&quot;bpghkhjd&quot;,&quot;user_last_name&quot;:&quot;wronglastname&quot;,&quot;user_contact_number&quot;:1630673239,&quot;user_email_id&quot;:&quot;hjitr.cvu-1727463280848@wdt.com&quot;,&quot;creation_time&quot;:&quot;2024-09-27T18:54:58.669+00:00&quot;,&quot;last_mod_time&quot;:&quot;2024-09-27T18:54:58.669+00:00&quot;},{&quot;userAddress&quot;:{&quot;addressId&quot;:8239,&quot;plotNumber&quot;:null,&quot;street&quot;:null,&quot;state&quot;:null,&quot;country&quot;:null,&quot;zipCode&quot;:null},&quot;user_id&quot;:8271,&quot;user_first_name&quot;:&quot;XahAFKXYhp&quot;,&quot;user_last_name&quot;:&quot;OmHuyMRgVq&quot;,&quot;user_contact_number&quot;:2072053955,&quot;user_email_id&quot;:&quot;team26oi6jph7hjfn@gmail.com&quot;,&quot;creation_time&quot;:&quot;2024-10-12T18:48:50.376+00:00&quot;,&quot;last_mod_time&quot;:&quot;2024-10-12T18:48:50.376+00:00&quot;},{&quot;userAddress&quot;:{&quot;addressId&quot;:8240,&quot;plotNumber&quot;:null,&quot;street&quot;:null,&quot;state&quot;:null,&quot;country&quot;:null,&quot;zipCode&quot;:null},&quot;user_id&quot;:8272,&quot;user_first_name&quot;:&quot;BxXBIqTzWT&quot;,&quot;user_last_name&quot;:&quot;dPnLuvTbfk&quot;,&quot;user_contact_number&quot;:6208937604,&quot;user_email_id&quot;:&quot;team2gng67m78if4a@gmail.com&quot;,&quot;creation_time&quot;:&quot;2024-10-12T18:48:50.502+00:00&quot;,&quot;last_mod_time&quot;:&quot;2024-10-12T18:48:50.502+00:00&quot;},{&quot;userAddress&quot;:{&quot;addressId&quot;:8242,&quot;plotNumber&quot;:null,&quot;street&quot;:null,&quot;state&quot;:null,&quot;country&quot;:null,&quot;zipCode&quot;:null},&quot;user_id&quot;:8274,&quot;user_first_name&quot;:&quot;wqRfDTGApe&quot;,&quot;user_last_name&quot;:&quot;jaHJxYDHUk&quot;,&quot;user_contact_number&quot;:1183518703,&quot;user_email_id&quot;:&quot;team2659no30agn3n@gmail.com&quot;,&quot;creation_time&quot;:&quot;2024-10-12T18:49:28.147+00:00&quot;,&quot;last_mod_time&quot;:&quot;2024-10-12T18:49:28.147+00:00&quot;},{&quot;userAddress&quot;:{&quot;addressId&quot;:8243,&quot;plotNumber&quot;:null,&quot;street&quot;:null,&quot;state&quot;:null,&quot;country&quot;:null,&quot;zipCode&quot;:null},&quot;user_id&quot;:8275,&quot;user_first_name&quot;:&quot;NHLWllbfsA&quot;,&quot;user_last_name&quot;:&quot;KBMQWSfgHN&quot;,&quot;user_contact_number&quot;:3481528418,&quot;user_email_id&quot;:&quot;team2j8b4db2eoec@gmail.com&quot;,&quot;creation_time&quot;:&quot;2024-10-12T18:49:28.396+00:00&quot;,&quot;last_mod_time&quot;:&quot;2024-10-12T18:49:28.396+00:00&quot;},{&quot;userAddress&quot;:{&quot;addressId&quot;:8244,&quot;plotNumber&quot;:null,&quot;street&quot;:null,&quot;state&quot;:null,&quot;country&quot;:null,&quot;zipCode&quot;:null},&quot;user_id&quot;:8276,&quot;user_first_name&quot;:&quot;VPIQxcAvyG&quot;,&quot;user_last_name&quot;:&quot;xgSNEHaswm&quot;,&quot;user_contact_number&quot;:8759051955,&quot;user_email_id&quot;:&quot;team260gl5jcmim6e@gmail.com&quot;,&quot;creation_time&quot;:&quot;2024-10-12T18:49:28.786+00:00&quot;,&quot;last_mod_time&quot;:&quot;2024-10-12T18:49:28.786+00:00&quot;},{&quot;userAddress&quot;:{&quot;addressId&quot;:8245,&quot;plotNumber&quot;:null,&quot;street&quot;:null,&quot;state&quot;:null,&quot;country&quot;:null,&quot;zipCode&quot;:null},&quot;user_id&quot;:8277,&quot;user_first_name&quot;:&quot;tiJsTKOhKV&quot;,&quot;user_last_name&quot;:&quot;HFCKqxgqDZ&quot;,&quot;user_contact_number&quot;:8881933581,&quot;user_email_id&quot;:&quot;team2d0j86dj8dd5h@gmail.com&quot;,&quot;creation_time&quot;:&quot;2024-10-12T18:49:29.108+00:00&quot;,&quot;last_mod_time&quot;:&quot;2024-10-12T18:49:29.108+00:00&quot;},{&quot;userAddress&quot;:{&quot;addressId&quot;:8246,&quot;plotNumber&quot;:null,&quot;street&quot;:null,&quot;state&quot;:null,&quot;country&quot;:null,&quot;zipCode&quot;:null},&quot;user_id&quot;:8278,&quot;user_first_name&quot;:&quot;BEYykSqdRH&quot;,&quot;user_last_name&quot;:&quot;xnjWoKSQzQ&quot;,&quot;user_contact_number&quot;:1967638773,&quot;user_email_id&quot;:&quot;team24j9ppgbb28f2@gmail.com&quot;,&quot;creation_time&quot;:&quot;2024-10-12T18:49:29.359+00:00&quot;,&quot;last_mod_time&quot;:&quot;2024-10-12T18:49:29.359+00:00&quot;},{&quot;userAddress&quot;:{&quot;addressId&quot;:8248,&quot;plotNumber&quot;:null,&quot;street&quot;:null,&quot;state&quot;:null,&quot;country&quot;:null,&quot;zipCode&quot;:null},&quot;user_id&quot;:8280,&quot;user_first_name&quot;:&quot;gYTYDpHZwW&quot;,&quot;user_last_name&quot;:&quot;PUtbxumGrO&quot;,&quot;user_contact_number&quot;:2773366781,&quot;user_email_id&quot;:&quot;team2p6gb3heinpkk@gmail.com&quot;,&quot;creation_time&quot;:&quot;2024-10-12T18:49:30.035+00:00&quot;,&quot;last_mod_time&quot;:&quot;2024-10-12T18:49:30.035+00:00&quot;},{&quot;userAddress&quot;:{&quot;addressId&quot;:8249,&quot;plotNumber&quot;:null,&quot;street&quot;:null,&quot;state&quot;:null,&quot;country&quot;:null,&quot;zipCode&quot;:null},&quot;user_id&quot;:8281,&quot;user_first_name&quot;:&quot;PxywGYrFnx&quot;,&quot;user_last_name&quot;:&quot;orYnowFYVl&quot;,&quot;user_contact_number&quot;:5739121463,&quot;user_email_id&quot;:&quot;team22bn2p2e8b7cn@gmail.com&quot;,&quot;creation_time&quot;:&quot;2024-10-12T18:49:30.301+00:00&quot;,&quot;last_mod_time&quot;:&quot;2024-10-12T18:49:30.301+00:00&quot;},{&quot;userAddress&quot;:{&quot;addressId&quot;:8251,&quot;plotNumber&quot;:null,&quot;street&quot;:null,&quot;state&quot;:null,&quot;country&quot;:null,&quot;zipCode&quot;:null},&quot;user_id&quot;:8283,&quot;user_first_name&quot;:&quot;EjoSnmfAkX&quot;,&quot;user_last_name&quot;:&quot;kCSkzQVEre&quot;,&quot;user_contact_number&quot;:3473051460,&quot;user_email_id&quot;:&quot;team2594ofeekeog9@gmail.com&quot;,&quot;creation_time&quot;:&quot;2024-10-12T19:01:59.379+00:00&quot;,&quot;last_mod_time&quot;:&quot;2024-10-12T19:01:59.379+00:00&quot;},{&quot;userAddress&quot;:{&quot;addressId&quot;:8252,&quot;plotNumber&quot;:null,&quot;street&quot;:null,&quot;state&quot;:null,&quot;country&quot;:null,&quot;zipCode&quot;:null},&quot;user_id&quot;:8284,&quot;user_first_name&quot;:&quot;xlbiVQEcra&quot;,&quot;user_last_name&quot;:&quot;YdWJJvBAsl&quot;,&quot;user_contact_number&quot;:4368517898,&quot;user_email_id&quot;:&quot;team2edh4083nge7c@gmail.com&quot;,&quot;creation_time&quot;:&quot;2024-10-12T19:01:59.643+00:00&quot;,&quot;last_mod_time&quot;:&quot;2024-10-12T19:01:59.643+00:00&quot;},{&quot;userAddress&quot;:{&quot;addressId&quot;:8253,&quot;plotNumber&quot;:null,&quot;street&quot;:null,&quot;state&quot;:null,&quot;country&quot;:null,&quot;zipCode&quot;:null},&quot;user_id&quot;:8285,&quot;user_first_name&quot;:&quot;CGnfKCeayl&quot;,&quot;user_last_name&quot;:&quot;TwIMsKcNJW&quot;,&quot;user_contact_number&quot;:6639053576,&quot;user_email_id&quot;:&quot;team280bh6ichap17@gmail.com&quot;,&quot;creation_time&quot;:&quot;2024-10-12T19:02:00.060+00:00&quot;,&quot;last_mod_time&quot;:&quot;2024-10-12T19:02:00.060+00:00&quot;},{&quot;userAddress&quot;:{&quot;addressId&quot;:5888,&quot;plotNumber&quot;:&quot;p1-098&quot;,&quot;street&quot;:&quot;cxvbmnb &quot;,&quot;state&quot;:&quot;uibhjkl&quot;,&quot;country&quot;:&quot;USA&quot;,&quot;zipCode&quot;:90865},&quot;user_id&quot;:5921,&quot;user_first_name&quot;:&quot;bpghkhjd&quot;,&quot;user_last_name&quot;:&quot;vhdbhjfg&quot;,&quot;user_contact_number&quot;:1587056637,&quot;user_email_id&quot;:&quot;nijua.loj-1727464548837@ecxfs.com&quot;,&quot;creation_time&quot;:&quot;2024-09-27T19:15:49.335+00:00&quot;,&quot;last_mod_time&quot;:&quot;2024-09-27T19:15:49.335+00:00&quot;},{&quot;userAddress&quot;:{&quot;addressId&quot;:8254,&quot;plotNumber&quot;:null,&quot;street&quot;:null,&quot;state&quot;:null,&quot;country&quot;:null,&quot;zipCode&quot;:null},&quot;user_id&quot;:8286,&quot;user_first_name&quot;:&quot;PsMSDjxmPI&quot;,&quot;user_last_name&quot;:&quot;dJhkOYsGTd&quot;,&quot;user_contact_number&quot;:2556609124,&quot;user_email_id&quot;:&quot;team2p966ki316f5@gmail.com&quot;,&quot;creation_time&quot;:&quot;2024-10-12T19:02:00.333+00:00&quot;,&quot;last_mod_time&quot;:&quot;2024-10-12T19:02:00.333+00:00&quot;},{&quot;userAddress&quot;:{&quot;addressId&quot;:8255,&quot;plotNumber&quot;:null,&quot;street&quot;:null,&quot;state&quot;:null,&quot;country&quot;:null,&quot;zipCode&quot;:null},&quot;user_id&quot;:8287,&quot;user_first_name&quot;:&quot;JlJvtXHMaG&quot;,&quot;user_last_name&quot;:&quot;ydcMFLPlQT&quot;,&quot;user_contact_number&quot;:5801258982,&quot;user_email_id&quot;:&quot;team2pl30adefc2n@gmail.com&quot;,&quot;creation_time&quot;:&quot;2024-10-12T19:02:00.591+00:00&quot;,&quot;last_mod_time&quot;:&quot;2024-10-12T19:02:00.591+00:00&quot;},{&quot;userAddress&quot;:{&quot;addressId&quot;:5890,&quot;plotNumber&quot;:&quot;p1-098&quot;,&quot;street&quot;:&quot;cxvbmnb &quot;,&quot;state&quot;:&quot;uibhjkl&quot;,&quot;country&quot;:&quot;USA&quot;,&quot;zipCode&quot;:90865},&quot;user_id&quot;:5923,&quot;user_first_name&quot;:&quot;bpghkhjd&quot;,&quot;user_last_name&quot;:&quot;vhdbhjfg&quot;,&quot;user_contact_number&quot;:1190992951,&quot;user_email_id&quot;:&quot;nijua.loj-1727464622208@ecxfs.com&quot;,&quot;creation_time&quot;:&quot;2024-09-27T19:17:02.813+00:00&quot;,&quot;last_mod_time&quot;:&quot;2024-09-27T19:17:02.813+00:00&quot;},{&quot;userAddress&quot;:{&quot;addressId&quot;:8257,&quot;plotNumber&quot;:null,&quot;street&quot;:null,&quot;state&quot;:null,&quot;country&quot;:null,&quot;zipCode&quot;:null},&quot;user_id&quot;:8289,&quot;user_first_name&quot;:&quot;YRbAutJWYi&quot;,&quot;user_last_name&quot;:&quot;HkUFoYjssc&quot;,&quot;user_contact_number&quot;:2284087678,&quot;user_email_id&quot;:&quot;team286jnj5ch3f6a@gmail.com&quot;,&quot;creation_time&quot;:&quot;2024-10-12T19:02:01.201+00:00&quot;,&quot;last_mod_time&quot;:&quot;2024-10-12T19:02:01.201+00:00&quot;},{&quot;userAddress&quot;:{&quot;addressId&quot;:6037,&quot;plotNumber&quot;:&quot;p1-87&quot;,&quot;street&quot;:&quot;njgbfd&quot;,&quot;state&quot;:&quot;nj&quot;,&quot;country&quot;:&quot;USA&quot;,&quot;zipCode&quot;:97076},&quot;user_id&quot;:6070,&quot;user_first_name&quot;:&quot;jufghfgh&quot;,&quot;user_last_name&quot;:&quot;vbhgfy&quot;,&quot;user_contact_number&quot;:1462818465,&quot;user_email_id&quot;:&quot;sdsf.cvxi-1727482107201@edcs.com&quot;,&quot;creation_time&quot;:&quot;2024-09-28T00:08:27.730+00:00&quot;,&quot;last_mod_time&quot;:&quot;2024-09-28T00:08:27.730+00:00&quot;},{&quot;userAddress&quot;:{&quot;addressId&quot;:5775,&quot;plotNumber&quot;:&quot;p1-098&quot;,&quot;street&quot;:&quot;cxvbmnb &quot;,&quot;state&quot;:&quot;uibhjkl&quot;,&quot;country&quot;:&quot;USA&quot;,&quot;zipCode&quot;:90865},&quot;user_id&quot;:5808,&quot;user_first_name&quot;:&quot;bpghkhjd&quot;,&quot;user_last_name&quot;:&quot;vhdbhjfg&quot;,&quot;user_contact_number&quot;:1347307257,&quot;user_email_id&quot;:&quot;nijua.loj-1727454729087@ecxfs.com&quot;,&quot;creation_time&quot;:&quot;2024-09-27T16:32:17.583+00:00&quot;,&quot;last_mod_time&quot;:&quot;2024-09-27T16:32:17.583+00:00&quot;},{&quot;userAddress&quot;:{&quot;addressId&quot;:5899,&quot;plotNumber&quot;:&quot;pl-1463&quot;,&quot;street&quot;:&quot;Dunwoody Gables&quot;,&quot;state&quot;:&quot;NY&quot;,&quot;country&quot;:&quot;USA&quot;,&quot;zipCode&quot;:12651},&quot;user_id&quot;:5932,&quot;user_first_name&quot;:&quot;Sylvia&quot;,&quot;user_last_name&quot;:&quot;Helen&quot;,&quot;user_contact_number&quot;:7154263801,&quot;user_email_id&quot;:&quot;sylviahelen@gmail.com&quot;,&quot;creation_time&quot;:&quot;2024-09-27T20:10:56.831+00:00&quot;,&quot;last_mod_time&quot;:&quot;2024-09-27T20:10:56.831+00:00&quot;},{&quot;userAddress&quot;:{&quot;addressId&quot;:5917,&quot;plotNumber&quot;:&quot;p1-87&quot;,&quot;street&quot;:&quot;njgbfd&quot;,&quot;state&quot;:&quot;nj&quot;,&quot;country&quot;:&quot;USA&quot;,&quot;zipCode&quot;:97076},&quot;user_id&quot;:5950,&quot;user_first_name&quot;:&quot;bngetnmghjk&quot;,&quot;user_last_name&quot;:&quot;vhjjvbnihj&quot;,&quot;user_contact_number&quot;:1304617209,&quot;user_email_id&quot;:&quot;sdsf.cvxi-1727469633921@edcs.com&quot;,&quot;creation_time&quot;:&quot;2024-09-27T20:40:34.487+00:00&quot;,&quot;last_mod_time&quot;:&quot;2024-09-27T20:40:34.487+00:00&quot;},{&quot;userAddress&quot;:{&quot;addressId&quot;:5919,&quot;plotNumber&quot;:&quot;p1-87&quot;,&quot;street&quot;:&quot;njgbfd&quot;,&quot;state&quot;:&quot;nj&quot;,&quot;country&quot;:&quot;USA&quot;,&quot;zipCode&quot;:97076},&quot;user_id&quot;:5952,&quot;user_first_name&quot;:&quot;bngetnmghjk&quot;,&quot;user_last_name&quot;:&quot;vhjjvbnihj&quot;,&quot;user_contact_number&quot;:1825854316,&quot;user_email_id&quot;:&quot;sdsf.cvxi-1727469801069@edcs.com&quot;,&quot;creation_time&quot;:&quot;2024-09-27T20:43:21.586+00:00&quot;,&quot;last_mod_time&quot;:&quot;2024-09-27T20:43:21.586+00:00&quot;},{&quot;userAddress&quot;:{&quot;addressId&quot;:5907,&quot;plotNumber&quot;:&quot;p1-87&quot;,&quot;street&quot;:&quot;njgbfd&quot;,&quot;state&quot;:&quot;nj&quot;,&quot;country&quot;:&quot;USA&quot;,&quot;zipCode&quot;:97076},&quot;user_id&quot;:5940,&quot;user_first_name&quot;:&quot;bngetnmghjk&quot;,&quot;user_last_name&quot;:&quot;vhjjvbnihj&quot;,&quot;user_contact_number&quot;:1772830297,&quot;user_email_id&quot;:&quot;sdsf.cvxi-1727468590695@edcs.com&quot;,&quot;creation_time&quot;:&quot;2024-09-27T20:23:11.245+00:00&quot;,&quot;last_mod_time&quot;:&quot;2024-09-27T20:23:11.245+00:00&quot;},{&quot;userAddress&quot;:{&quot;addressId&quot;:6064,&quot;plotNumber&quot;:&quot;pl-1463&quot;,&quot;street&quot;:&quot;Dunwoody Gables&quot;,&quot;state&quot;:&quot;NY&quot;,&quot;country&quot;:&quot;USA&quot;,&quot;zipCode&quot;:12651},&quot;user_id&quot;:6097,&quot;user_first_name&quot;:&quot;MclaughlinLovrone&quot;,&quot;user_last_name&quot;:&quot;Richardsoni&quot;,&quot;user_contact_number&quot;:7854243823,&quot;user_email_id&quot;:&quot;Lardson@gmail.com&quot;,&quot;creation_time&quot;:&quot;2024-09-28T02:34:11.570+00:00&quot;,&quot;last_mod_time&quot;:&quot;2024-09-28T02:34:11.570+00:00&quot;},{&quot;userAddress&quot;:{&quot;addressId&quot;:5921,&quot;plotNumber&quot;:&quot;pl-1463&quot;,&quot;street&quot;:&quot;Dunwoody Gables&quot;,&quot;state&quot;:&quot;NY&quot;,&quot;country&quot;:&quot;USA&quot;,&quot;zipCode&quot;:12651},&quot;user_id&quot;:5954,&quot;user_first_name&quot;:&quot;Lovrone&quot;,&quot;user_last_name&quot;:&quot;Richardson&quot;,&quot;user_contact_number&quot;:7154263823,&quot;user_email_id&quot;:&quot;Lrichardson@gmail.com&quot;,&quot;creation_time&quot;:&quot;2024-09-27T20:58:39.413+00:00&quot;,&quot;last_mod_time&quot;:&quot;2024-09-27T20:58:39.413+00:00&quot;},{&quot;userAddress&quot;:{&quot;addressId&quot;:5911,&quot;plotNumber&quot;:&quot;p1-87&quot;,&quot;street&quot;:&quot;njgbfd&quot;,&quot;state&quot;:&quot;nj&quot;,&quot;country&quot;:&quot;USA&quot;,&quot;zipCode&quot;:97076},&quot;user_id&quot;:5944,&quot;user_first_name&quot;:&quot;bngetnmghjk&quot;,&quot;user_last_name&quot;:&quot;vhjjvbnihj&quot;,&quot;user_contact_number&quot;:1415654886,&quot;user_email_id&quot;:&quot;sdsf.cvxi-1727468731152@edcs.com&quot;,&quot;creation_time&quot;:&quot;2024-09-27T20:25:31.658+00:00&quot;,&quot;last_mod_time&quot;:&quot;2024-09-27T20:25:31.658+00:00&quot;},{&quot;userAddress&quot;:{&quot;addressId&quot;:5914,&quot;plotNumber&quot;:&quot;p1-87&quot;,&quot;street&quot;:&quot;njgbfd&quot;,&quot;state&quot;:&quot;nj&quot;,&quot;country&quot;:&quot;USA&quot;,&quot;zipCode&quot;:97076},&quot;user_id&quot;:5947,&quot;user_first_name&quot;:&quot;bngetnmghjk&quot;,&quot;user_last_name&quot;:&quot;vhjjvbnihj&quot;,&quot;user_contact_number&quot;:1032653269,&quot;user_email_id&quot;:&quot;sdsf.cvxi-1727468988229@edcs.com&quot;,&quot;creation_time&quot;:&quot;2024-09-27T20:29:48.762+00:00&quot;,&quot;last_mod_time&quot;:&quot;2024-09-27T20:29:48.762+00:00&quot;},{&quot;userAddress&quot;:{&quot;addressId&quot;:6068,&quot;plotNumber&quot;:&quot;pl-1463&quot;,&quot;street&quot;:&quot;Dunwoody Gables&quot;,&quot;state&quot;:&quot;NY&quot;,&quot;country&quot;:&quot;USA&quot;,&quot;zipCode&quot;:12651},&quot;user_id&quot;:6101,&quot;user_first_name&quot;:&quot;MclaughlinLovrone&quot;,&quot;user_last_name&quot;:&quot;Richardsoni&quot;,&quot;user_contact_number&quot;:7854243821,&quot;user_email_id&quot;:&quot;Lardsonr@gmail.com&quot;,&quot;creation_time&quot;:&quot;2024-09-28T03:04:50.207+00:00&quot;,&quot;last_mod_time&quot;:&quot;2024-09-28T03:04:50.207+00:00&quot;},{&quot;userAddress&quot;:{&quot;addressId&quot;:5926,&quot;plotNumber&quot;:&quot;pl-14&quot;,&quot;street&quot;:&quot;Elm St&quot;,&quot;state&quot;:&quot;NY&quot;,&quot;country&quot;:&quot;USA&quot;,&quot;zipCode&quot;:12345},&quot;user_id&quot;:5959,&quot;user_first_name&quot;:&quot;Mathudel&quot;,&quot;user_last_name&quot;:&quot;Bala&quot;,&quot;user_contact_number&quot;:1999999890,&quot;user_email_id&quot;:&quot;bala4@example.com&quot;,&quot;creation_time&quot;:&quot;2024-09-27T21:13:57.272+00:00&quot;,&quot;last_mod_time&quot;:&quot;2024-09-27T21:13:57.272+00:00&quot;},{&quot;userAddress&quot;:{&quot;addressId&quot;:7082,&quot;plotNumber&quot;:&quot;Bt-11&quot;,&quot;street&quot;:&quot;First St&quot;,&quot;state&quot;:&quot;Texas&quot;,&quot;country&quot;:&quot;USA&quot;,&quot;zipCode&quot;:54657},&quot;user_id&quot;:7115,&quot;user_first_name&quot;:&quot;Newfirstname&quot;,&quot;user_last_name&quot;:&quot;lastTrial&quot;,&quot;user_contact_number&quot;:2626343740,&quot;user_email_id&quot;:&quot;tommy9c078dd5o90i@gmail.com&quot;,&quot;creation_time&quot;:&quot;2024-10-01T01:01:09.533+00:00&quot;,&quot;last_mod_time&quot;:&quot;2024-10-01T01:01:09.533+00:00&quot;},{&quot;userAddress&quot;:{&quot;addressId&quot;:6641,&quot;plotNumber&quot;:&quot;pl-12&quot;,&quot;street&quot;:&quot;null&quot;,&quot;state&quot;:&quot;CA&quot;,&quot;country&quot;:&quot;USA&quot;,&quot;zipCode&quot;:12345},&quot;user_id&quot;:6674,&quot;user_first_name&quot;:&quot;newusernameone&quot;,&quot;user_last_name&quot;:&quot;lastnewneme&quot;,&quot;user_contact_number&quot;:3000100010,&quot;user_email_id&quot;:&quot;userfirst1000@gmail.com&quot;,&quot;creation_time&quot;:&quot;2024-09-30T06:39:50.576+00:00&quot;,&quot;last_mod_time&quot;:&quot;2024-09-30T13:33:27.297+00:00&quot;},{&quot;userAddress&quot;:{&quot;addressId&quot;:6070,&quot;plotNumber&quot;:&quot;pl-1463&quot;,&quot;street&quot;:&quot;Dunwoody Gables&quot;,&quot;state&quot;:&quot;NY&quot;,&quot;country&quot;:&quot;USA&quot;,&quot;zipCode&quot;:12651},&quot;user_id&quot;:6103,&quot;user_first_name&quot;:&quot;MclaughlinLovrone&quot;,&quot;user_last_name&quot;:&quot;Richardsoni&quot;,&quot;user_contact_number&quot;:8854243821,&quot;user_email_id&quot;:&quot;Lrardsonr@gmail.com&quot;,&quot;creation_time&quot;:&quot;2024-09-28T03:14:01.822+00:00&quot;,&quot;last_mod_time&quot;:&quot;2024-09-28T03:14:01.822+00:00&quot;},{&quot;userAddress&quot;:{&quot;addressId&quot;:8542,&quot;plotNumber&quot;:&quot;P1-10&quot;,&quot;street&quot;:&quot;Hahn Knolls&quot;,&quot;state&quot;:&quot;TX&quot;,&quot;country&quot;:&quot;USA&quot;,&quot;zipCode&quot;:12356},&quot;user_id&quot;:8574,&quot;user_first_name&quot;:&quot;Constance&quot;,&quot;user_last_name&quot;:&quot;Rohan&quot;,&quot;user_contact_number&quot;:3607896175,&quot;user_email_id&quot;:&quot;Ivy_Shanahan@yahoo.com&quot;,&quot;creation_time&quot;:&quot;2024-10-13T05:17:58.078+00:00&quot;,&quot;last_mod_time&quot;:&quot;2024-10-13T05:17:58.078+00:00&quot;},{&quot;userAddress&quot;:{&quot;addressId&quot;:9381,&quot;plotNumber&quot;:&quot;P1-10&quot;,&quot;street&quot;:&quot;Marlene Inlet&quot;,&quot;state&quot;:&quot;TX&quot;,&quot;country&quot;:&quot;USA&quot;,&quot;zipCode&quot;:12356},&quot;user_id&quot;:9413,&quot;user_first_name&quot;:&quot;Margret&quot;,&quot;user_last_name&quot;:&quot;Leffler&quot;,&quot;user_contact_number&quot;:3607896262,&quot;user_email_id&quot;:&quot;Nelson71@hotmail.com&quot;,&quot;creation_time&quot;:&quot;2024-10-14T08:18:55.502+00:00&quot;,&quot;last_mod_time&quot;:&quot;2024-10-14T08:18:55.502+00:00&quot;},{&quot;userAddress&quot;:{&quot;addressId&quot;:9963,&quot;plotNumber&quot;:&quot;P1-11&quot;,&quot;street&quot;:&quot;NJ&quot;,&quot;state&quot;:&quot;TX&quot;,&quot;country&quot;:&quot;USA&quot;,&quot;zipCode&quot;:12356},&quot;user_id&quot;:9995,&quot;user_first_name&quot;:&quot;Muruga&quot;,&quot;user_last_name&quot;:&quot;Parvathi&quot;,&quot;user_contact_number&quot;:8882223888,&quot;user_email_id&quot;:&quot;murugansiva@gmail.com&quot;,&quot;creation_time&quot;:&quot;2024-10-15T16:09:19.597+00:00&quot;,&quot;last_mod_time&quot;:&quot;2024-10-15T16:09:19.597+00:00&quot;},{&quot;userAddress&quot;:{&quot;addressId&quot;:6075,&quot;plotNumber&quot;:&quot;pl-1463&quot;,&quot;street&quot;:&quot;Dunwoody Gables&quot;,&quot;state&quot;:&quot;NY&quot;,&quot;country&quot;:&quot;USA&quot;,&quot;zipCode&quot;:12651},&quot;user_id&quot;:6108,&quot;user_first_name&quot;:&quot;Lovronesydney&quot;,&quot;user_last_name&quot;:&quot;ReichardsonJr&quot;,&quot;user_contact_number&quot;:8954243821,&quot;user_email_id&quot;:&quot;Lrardson@gmail.com&quot;,&quot;creation_time&quot;:&quot;2024-09-28T03:17:32.776+00:00&quot;,&quot;last_mod_time&quot;:&quot;2024-09-28T03:17:32.776+00:00&quot;},{&quot;userAddress&quot;:{&quot;addressId&quot;:10478,&quot;plotNumber&quot;:&quot;19-a&quot;,&quot;street&quot;:&quot;Cypress Dr&quot;,&quot;state&quot;:&quot;Texas&quot;,&quot;country&quot;:&quot;USA&quot;,&quot;zipCode&quot;:null},&quot;user_id&quot;:10510,&quot;user_first_name&quot;:&quot;Vijaya&quot;,&quot;user_last_name&quot;:&quot;TeamThree&quot;,&quot;user_contact_number&quot;:5759373053,&quot;user_email_id&quot;:&quot;pearlene.okon@example.com&quot;,&quot;creation_time&quot;:&quot;2024-10-17T02:29:18.894+00:00&quot;,&quot;last_mod_time&quot;:&quot;2024-10-17T02:29:18.894+00:00&quot;},{&quot;userAddress&quot;:{&quot;addressId&quot;:10479,&quot;plotNumber&quot;:&quot;19-a&quot;,&quot;street&quot;:&quot;Cypress Dr&quot;,&quot;state&quot;:&quot;Texas&quot;,&quot;country&quot;:&quot;USA&quot;,&quot;zipCode&quot;:null},&quot;user_id&quot;:10511,&quot;user_first_name&quot;:&quot;Vijaya&quot;,&quot;user_last_name&quot;:&quot;TeamThree&quot;,&quot;user_contact_number&quot;:5426442446,&quot;user_email_id&quot;:&quot;arthur.hackett@example.com&quot;,&quot;creation_time&quot;:&quot;2024-10-17T02:29:19.728+00:00&quot;,&quot;last_mod_time&quot;:&quot;2024-10-17T02:29:19.728+00:00&quot;},{&quot;userAddress&quot;:{&quot;addressId&quot;:7102,&quot;plotNumber&quot;:&quot;Pl-56&quot;,&quot;street&quot;:&quot;Cypress Hill Dr&quot;,&quot;state&quot;:&quot;Texas&quot;,&quot;country&quot;:&quot;USA&quot;,&quot;zipCode&quot;:65677},&quot;user_id&quot;:7135,&quot;user_first_name&quot;:&quot;Eric&quot;,&quot;user_last_name&quot;:&quot;Gerhold&quot;,&quot;user_contact_number&quot;:5322704274,&quot;user_email_id&quot;:&quot;chi.botsford@example.com&quot;,&quot;creation_time&quot;:&quot;2024-10-01T02:51:20.720+00:00&quot;,&quot;last_mod_time&quot;:&quot;2024-10-01T02:51:20.720+00:00&quot;},{&quot;userAddress&quot;:{&quot;addressId&quot;:7104,&quot;plotNumber&quot;:&quot;Pl-56&quot;,&quot;street&quot;:&quot;Cypress Hill Dr&quot;,&quot;state&quot;:&quot;Texas&quot;,&quot;country&quot;:&quot;USA&quot;,&quot;zipCode&quot;:65677},&quot;user_id&quot;:7137,&quot;user_first_name&quot;:&quot;Andera&quot;,&quot;user_last_name&quot;:&quot;Lehner&quot;,&quot;user_contact_number&quot;:5383241601,&quot;user_email_id&quot;:&quot;raye.gislason@example.com&quot;,&quot;creation_time&quot;:&quot;2024-10-01T02:52:16.138+00:00&quot;,&quot;last_mod_time&quot;:&quot;2024-10-01T02:52:16.138+00:00&quot;},{&quot;userAddress&quot;:{&quot;addressId&quot;:6081,&quot;plotNumber&quot;:&quot;pl-1463&quot;,&quot;street&quot;:&quot;Dunwoody Gables&quot;,&quot;state&quot;:&quot;NY&quot;,&quot;country&quot;:&quot;USA&quot;,&quot;zipCode&quot;:12651},&quot;user_id&quot;:6114,&quot;user_first_name&quot;:&quot;MclaughlinLovrone&quot;,&quot;user_last_name&quot;:&quot;Reichardsoni&quot;,&quot;user_contact_number&quot;:3954243821,&quot;user_email_id&quot;:&quot;Lerardsonr@gmail.com&quot;,&quot;creation_time&quot;:&quot;2024-09-28T03:20:30.786+00:00&quot;,&quot;last_mod_time&quot;:&quot;2024-09-28T03:20:30.786+00:00&quot;},{&quot;userAddress&quot;:{&quot;addressId&quot;:7105,&quot;plotNumber&quot;:&quot;Pl-56&quot;,&quot;street&quot;:&quot;Cypress Hill Dr&quot;,&quot;state&quot;:&quot;Texas&quot;,&quot;country&quot;:&quot;USA&quot;,&quot;zipCode&quot;:65677},&quot;user_id&quot;:7138,&quot;user_first_name&quot;:&quot;Ervin&quot;,&quot;user_last_name&quot;:&quot;Wyman&quot;,&quot;user_contact_number&quot;:5586125558,&quot;user_email_id&quot;:&quot;bernardine.douglas@example.com&quot;,&quot;creation_time&quot;:&quot;2024-10-01T02:55:07.211+00:00&quot;,&quot;last_mod_time&quot;:&quot;2024-10-01T02:55:07.211+00:00&quot;},{&quot;userAddress&quot;:{&quot;addressId&quot;:7106,&quot;plotNumber&quot;:&quot;Pl-56&quot;,&quot;street&quot;:&quot;Cypress Hill Dr&quot;,&quot;state&quot;:&quot;Texas&quot;,&quot;country&quot;:&quot;USA&quot;,&quot;zipCode&quot;:65677},&quot;user_id&quot;:7139,&quot;user_first_name&quot;:&quot;Daphne&quot;,&quot;user_last_name&quot;:&quot;Schmeler&quot;,&quot;user_contact_number&quot;:5542767314,&quot;user_email_id&quot;:&quot;lenny.turner@example.com&quot;,&quot;creation_time&quot;:&quot;2024-10-01T02:56:20.417+00:00&quot;,&quot;last_mod_time&quot;:&quot;2024-10-01T02:56:20.417+00:00&quot;},{&quot;userAddress&quot;:{&quot;addressId&quot;:6959,&quot;plotNumber&quot;:&quot;pl-31&quot;,&quot;street&quot;:&quot;Broadway&quot;,&quot;state&quot;:&quot;New Jersey&quot;,&quot;country&quot;:&quot;USA&quot;,&quot;zipCode&quot;:null},&quot;user_id&quot;:6992,&quot;user_first_name&quot;:&quot;dheenathasel&quot;,&quot;user_last_name&quot;:&quot;selva&quot;,&quot;user_contact_number&quot;:8839998788,&quot;user_email_id&quot;:&quot;gurd112@gmail.com&quot;,&quot;creation_time&quot;:&quot;2024-09-30T17:18:06.059+00:00&quot;,&quot;last_mod_time&quot;:&quot;2024-09-30T17:18:06.059+00:00&quot;},{&quot;userAddress&quot;:{&quot;addressId&quot;:7107,&quot;plotNumber&quot;:&quot;Pl-56&quot;,&quot;street&quot;:&quot;Cypress Hill Dr&quot;,&quot;state&quot;:&quot;Texas&quot;,&quot;country&quot;:&quot;USA&quot;,&quot;zipCode&quot;:65677},&quot;user_id&quot;:7140,&quot;user_first_name&quot;:&quot;Latashia&quot;,&quot;user_last_name&quot;:&quot;Fahey&quot;,&quot;user_contact_number&quot;:5405170353,&quot;user_email_id&quot;:&quot;elsa.lindgren@example.com&quot;,&quot;creation_time&quot;:&quot;2024-10-01T02:57:36.701+00:00&quot;,&quot;last_mod_time&quot;:&quot;2024-10-01T02:57:36.701+00:00&quot;},{&quot;userAddress&quot;:{&quot;addressId&quot;:9574,&quot;plotNumber&quot;:&quot;P1-10&quot;,&quot;street&quot;:&quot;Hayden Plaza&quot;,&quot;state&quot;:&quot;TX&quot;,&quot;country&quot;:&quot;USA&quot;,&quot;zipCode&quot;:12356},&quot;user_id&quot;:9606,&quot;user_first_name&quot;:&quot;Lexus&quot;,&quot;user_last_name&quot;:&quot;Veum&quot;,&quot;user_contact_number&quot;:5264879135,&quot;user_email_id&quot;:&quot;Skyla.Zboncak@yahoo.com&quot;,&quot;creation_time&quot;:&quot;2024-10-14T10:13:48.857+00:00&quot;,&quot;last_mod_time&quot;:&quot;2024-10-14T10:13:48.857+00:00&quot;},{&quot;userAddress&quot;:{&quot;addressId&quot;:7112,&quot;plotNumber&quot;:&quot;Pl-56&quot;,&quot;street&quot;:&quot;Cypress Hill Dr&quot;,&quot;state&quot;:&quot;Texas&quot;,&quot;country&quot;:&quot;USA&quot;,&quot;zipCode&quot;:65677},&quot;user_id&quot;:7145,&quot;user_first_name&quot;:&quot;Blaine&quot;,&quot;user_last_name&quot;:&quot;Kihn&quot;,&quot;user_contact_number&quot;:5959065798,&quot;user_email_id&quot;:&quot;elvera.schuster@example.com&quot;,&quot;creation_time&quot;:&quot;2024-10-01T03:01:09.895+00:00&quot;,&quot;last_mod_time&quot;:&quot;2024-10-01T03:01:09.895+00:00&quot;},{&quot;userAddress&quot;:{&quot;addressId&quot;:7118,&quot;plotNumber&quot;:&quot;Pl-56&quot;,&quot;street&quot;:&quot;Cypress Hill Dr&quot;,&quot;state&quot;:&quot;Texas&quot;,&quot;country&quot;:&quot;USA&quot;,&quot;zipCode&quot;:65677},&quot;user_id&quot;:7151,&quot;user_first_name&quot;:&quot;Silvana&quot;,&quot;user_last_name&quot;:&quot;Leffler&quot;,&quot;user_contact_number&quot;:5043103851,&quot;user_email_id&quot;:&quot;dorian.morissette@example.com&quot;,&quot;creation_time&quot;:&quot;2024-10-01T03:18:58.406+00:00&quot;,&quot;last_mod_time&quot;:&quot;2024-10-01T03:18:58.406+00:00&quot;},{&quot;userAddress&quot;:{&quot;addressId&quot;:6477,&quot;plotNumber&quot;:&quot;pl-101&quot;,&quot;street&quot;:&quot;WolfStreet&quot;,&quot;state&quot;:&quot;NC&quot;,&quot;country&quot;:&quot;USA&quot;,&quot;zipCode&quot;:12312},&quot;user_id&quot;:6510,&quot;user_first_name&quot;:&quot;VijiAvengers&quot;,&quot;user_last_name&quot;:&quot;Stark&quot;,&quot;user_contact_number&quot;:1581555166,&quot;user_email_id&quot;:&quot;Vijee991min3@gmail.com&quot;,&quot;creation_time&quot;:&quot;2024-09-29T22:37:20.942+00:00&quot;,&quot;last_mod_time&quot;:&quot;2024-09-29T22:37:20.942+00:00&quot;},{&quot;userAddress&quot;:{&quot;addressId&quot;:7119,&quot;plotNumber&quot;:&quot;Pl-56&quot;,&quot;street&quot;:&quot;Cypress Hill Dr&quot;,&quot;state&quot;:&quot;Texas&quot;,&quot;country&quot;:&quot;USA&quot;,&quot;zipCode&quot;:65677},&quot;user_id&quot;:7152,&quot;user_first_name&quot;:&quot;Charity&quot;,&quot;user_last_name&quot;:&quot;Oberbrunner&quot;,&quot;user_contact_number&quot;:5879698638,&quot;user_email_id&quot;:&quot;toby.hackett@example.com&quot;,&quot;creation_time&quot;:&quot;2024-10-01T03:26:13.000+00:00&quot;,&quot;last_mod_time&quot;:&quot;2024-10-01T03:26:13.000+00:00&quot;},{&quot;userAddress&quot;:{&quot;addressId&quot;:6481,&quot;plotNumber&quot;:&quot;plno-337&quot;,&quot;street&quot;:&quot;street&quot;,&quot;state&quot;:&quot;GA&quot;,&quot;country&quot;:&quot;USA&quot;,&quot;zipCode&quot;:30028},&quot;user_id&quot;:6514,&quot;user_first_name&quot;:&quot;Rani&quot;,&quot;user_last_name&quot;:&quot;Rao&quot;,&quot;user_contact_number&quot;:1111111119,&quot;user_email_id&quot;:&quot;rain7@gmail.com&quot;,&quot;creation_time&quot;:&quot;2024-09-29T23:34:25.221+00:00&quot;,&quot;last_mod_time&quot;:&quot;2024-09-29T23:34:25.221+00:00&quot;},{&quot;userAddress&quot;:{&quot;addressId&quot;:6482,&quot;plotNumber&quot;:&quot;plno-337&quot;,&quot;street&quot;:&quot;street&quot;,&quot;state&quot;:&quot;GA&quot;,&quot;country&quot;:&quot;USA&quot;,&quot;zipCode&quot;:30028},&quot;user_id&quot;:6515,&quot;user_first_name&quot;:&quot;Rani&quot;,&quot;user_last_name&quot;:&quot;Rao&quot;,&quot;user_contact_number&quot;:1111111149,&quot;user_email_id&quot;:&quot;5555@gmail.com&quot;,&quot;creation_time&quot;:&quot;2024-09-29T23:34:26.594+00:00&quot;,&quot;last_mod_time&quot;:&quot;2024-09-29T23:34:26.594+00:00&quot;},{&quot;userAddress&quot;:{&quot;addressId&quot;:6483,&quot;plotNumber&quot;:&quot;plno-337&quot;,&quot;street&quot;:&quot;street&quot;,&quot;state&quot;:&quot;GA&quot;,&quot;country&quot;:&quot;USA&quot;,&quot;zipCode&quot;:30028},&quot;user_id&quot;:6516,&quot;user_first_name&quot;:&quot;Rani&quot;,&quot;user_last_name&quot;:&quot;Rao&quot;,&quot;user_contact_number&quot;:1111111199,&quot;user_email_id&quot;:&quot;rain5@gmail.com&quot;,&quot;creation_time&quot;:&quot;2024-09-29T23:34:30.044+00:00&quot;,&quot;last_mod_time&quot;:&quot;2024-09-29T23:34:30.044+00:00&quot;},{&quot;userAddress&quot;:{&quot;addressId&quot;:6159,&quot;plotNumber&quot;:&quot;p1-87&quot;,&quot;street&quot;:&quot;njgbfd&quot;,&quot;state&quot;:&quot;nj&quot;,&quot;country&quot;:&quot;USA&quot;,&quot;zipCode&quot;:97076},&quot;user_id&quot;:6192,&quot;user_first_name&quot;:&quot;jufghfgh&quot;,&quot;user_last_name&quot;:&quot;vbhgfy&quot;,&quot;user_contact_number&quot;:1404558844,&quot;user_email_id&quot;:&quot;sdsf.cvxi-1727538964574@edcs.com&quot;,&quot;creation_time&quot;:&quot;2024-09-28T15:56:05.121+00:00&quot;,&quot;last_mod_time&quot;:&quot;2024-09-28T15:56:05.121+00:00&quot;},{&quot;userAddress&quot;:{&quot;addressId&quot;:6484,&quot;plotNumber&quot;:null,&quot;street&quot;:null,&quot;state&quot;:null,&quot;country&quot;:null,&quot;zipCode&quot;:null},&quot;user_id&quot;:6517,&quot;user_first_name&quot;:&quot;Rani&quot;,&quot;user_last_name&quot;:&quot;Rao&quot;,&quot;user_contact_number&quot;:1111111190,&quot;user_email_id&quot;:&quot;rain8@gmail.com&quot;,&quot;creation_time&quot;:&quot;2024-09-29T23:34:30.604+00:00&quot;,&quot;last_mod_time&quot;:&quot;2024-09-29T23:34:30.604+00:00&quot;},{&quot;userAddress&quot;:{&quot;addressId&quot;:6161,&quot;plotNumber&quot;:&quot;p1-87&quot;,&quot;street&quot;:&quot;njgbfd&quot;,&quot;state&quot;:&quot;nj&quot;,&quot;country&quot;:&quot;USA&quot;,&quot;zipCode&quot;:97076},&quot;user_id&quot;:6194,&quot;user_first_name&quot;:&quot;jufghfgh&quot;,&quot;user_last_name&quot;:&quot;vbhgfy&quot;,&quot;user_contact_number&quot;:1440780643,&quot;user_email_id&quot;:&quot;sdsf.cvxi-1727539046582@edcs.com&quot;,&quot;creation_time&quot;:&quot;2024-09-28T15:57:27.113+00:00&quot;,&quot;last_mod_time&quot;:&quot;2024-09-28T15:57:27.113+00:00&quot;},{&quot;userAddress&quot;:{&quot;addressId&quot;:6485,&quot;plotNumber&quot;:&quot;plno-337&quot;,&quot;street&quot;:&quot;street&quot;,&quot;state&quot;:&quot;GA&quot;,&quot;country&quot;:&quot;USA&quot;,&quot;zipCode&quot;:null},&quot;user_id&quot;:6518,&quot;user_first_name&quot;:&quot;Rani&quot;,&quot;user_last_name&quot;:&quot;Rao&quot;,&quot;user_contact_number&quot;:1111111203,&quot;user_email_id&quot;:&quot;rain20@gmail.com&quot;,&quot;creation_time&quot;:&quot;2024-09-29T23:34:37.720+00:00&quot;,&quot;last_mod_time&quot;:&quot;2024-09-29T23:34:37.720+00:00&quot;},{&quot;userAddress&quot;:{&quot;addressId&quot;:6163,&quot;plotNumber&quot;:&quot;p1-87&quot;,&quot;street&quot;:&quot;njgbfd&quot;,&quot;state&quot;:&quot;nj&quot;,&quot;country&quot;:&quot;USA&quot;,&quot;zipCode&quot;:97076},&quot;user_id&quot;:6196,&quot;user_first_name&quot;:&quot;jufghfgh&quot;,&quot;user_last_name&quot;:&quot;vbhgfy&quot;,&quot;user_contact_number&quot;:1793250956,&quot;user_email_id&quot;:&quot;sdsf.cvxi-1727539085120@edcs.com&quot;,&quot;creation_time&quot;:&quot;2024-09-28T15:58:05.656+00:00&quot;,&quot;last_mod_time&quot;:&quot;2024-09-28T15:58:05.656+00:00&quot;},{&quot;userAddress&quot;:{&quot;addressId&quot;:7120,&quot;plotNumber&quot;:&quot;Pl-56&quot;,&quot;street&quot;:&quot;Cypress Hill Dr&quot;,&quot;state&quot;:&quot;Texas&quot;,&quot;country&quot;:&quot;USA&quot;,&quot;zipCode&quot;:65677},&quot;user_id&quot;:7153,&quot;user_first_name&quot;:&quot;Micaela&quot;,&quot;user_last_name&quot;:&quot;Bernhard&quot;,&quot;user_contact_number&quot;:5895334563,&quot;user_email_id&quot;:&quot;ricki.zboncak@example.com&quot;,&quot;creation_time&quot;:&quot;2024-10-01T03:30:26.464+00:00&quot;,&quot;last_mod_time&quot;:&quot;2024-10-01T03:30:26.464+00:00&quot;},{&quot;userAddress&quot;:{&quot;addressId&quot;:6103,&quot;plotNumber&quot;:null,&quot;street&quot;:null,&quot;state&quot;:null,&quot;country&quot;:null,&quot;zipCode&quot;:null},&quot;user_id&quot;:6136,&quot;user_first_name&quot;:&quot;TeamSevenone&quot;,&quot;user_last_name&quot;:&quot;TEamSeven&quot;,&quot;user_contact_number&quot;:3336098912,&quot;user_email_id&quot;:&quot;25sd00@dfgdf.sdf&quot;,&quot;creation_time&quot;:&quot;2024-09-28T04:02:31.441+00:00&quot;,&quot;last_mod_time&quot;:&quot;2024-09-28T04:02:31.441+00:00&quot;},{&quot;userAddress&quot;:{&quot;addressId&quot;:7122,&quot;plotNumber&quot;:&quot;Pl-56&quot;,&quot;street&quot;:&quot;Cypress Hill Dr&quot;,&quot;state&quot;:&quot;Texas&quot;,&quot;country&quot;:&quot;USA&quot;,&quot;zipCode&quot;:65677},&quot;user_id&quot;:7155,&quot;user_first_name&quot;:&quot;Jewel&quot;,&quot;user_last_name&quot;:&quot;Prosacco&quot;,&quot;user_contact_number&quot;:5102935528,&quot;user_email_id&quot;:&quot;noel.wisozk@example.com&quot;,&quot;creation_time&quot;:&quot;2024-10-01T03:36:37.670+00:00&quot;,&quot;last_mod_time&quot;:&quot;2024-10-01T03:36:37.670+00:00&quot;},{&quot;userAddress&quot;:{&quot;addressId&quot;:7123,&quot;plotNumber&quot;:&quot;Pl-56&quot;,&quot;street&quot;:&quot;Cypress Hill Dr&quot;,&quot;state&quot;:&quot;Texas&quot;,&quot;country&quot;:&quot;USA&quot;,&quot;zipCode&quot;:65677},&quot;user_id&quot;:7156,&quot;user_first_name&quot;:&quot;Rachell&quot;,&quot;user_last_name&quot;:&quot;Bashirian&quot;,&quot;user_contact_number&quot;:5043639574,&quot;user_email_id&quot;:&quot;ricardo.bosco@example.com&quot;,&quot;creation_time&quot;:&quot;2024-10-01T03:37:52.404+00:00&quot;,&quot;last_mod_time&quot;:&quot;2024-10-01T03:37:52.404+00:00&quot;},{&quot;userAddress&quot;:{&quot;addressId&quot;:6711,&quot;plotNumber&quot;:&quot;bl-28&quot;,&quot;street&quot;:&quot;nestreet&quot;,&quot;state&quot;:&quot;ca&quot;,&quot;country&quot;:&quot;usa&quot;,&quot;zipCode&quot;:12348},&quot;user_id&quot;:6744,&quot;user_first_name&quot;:&quot;Teamfouririn&quot;,&quot;user_last_name&quot;:&quot;thomas&quot;,&quot;user_contact_number&quot;:9999901010,&quot;user_email_id&quot;:&quot;newirin@gmail.com&quot;,&quot;creation_time&quot;:&quot;2024-09-30T14:20:20.316+00:00&quot;,&quot;last_mod_time&quot;:&quot;2024-09-30T14:20:24.980+00:00&quot;},{&quot;userAddress&quot;:{&quot;addressId&quot;:6828,&quot;plotNumber&quot;:&quot;DWoA-373&quot;,&quot;street&quot;:&quot;KjzQfst&quot;,&quot;state&quot;:&quot;GA&quot;,&quot;country&quot;:&quot;USA&quot;,&quot;zipCode&quot;:48782},&quot;user_id&quot;:6861,&quot;user_first_name&quot;:&quot;RaniG&quot;,&quot;user_last_name&quot;:&quot;Rao&quot;,&quot;user_contact_number&quot;:7878100887,&quot;user_email_id&quot;:&quot;TFM@gmail.com&quot;,&quot;creation_time&quot;:&quot;2024-09-30T16:19:29.888+00:00&quot;,&quot;last_mod_time&quot;:&quot;2024-09-30T16:19:29.888+00:00&quot;},{&quot;userAddress&quot;:{&quot;addressId&quot;:6717,&quot;plotNumber&quot;:&quot;bl-27&quot;,&quot;street&quot;:&quot;nestreet&quot;,&quot;state&quot;:&quot;ca&quot;,&quot;country&quot;:&quot;usa&quot;,&quot;zipCode&quot;:12347},&quot;user_id&quot;:6750,&quot;user_first_name&quot;:&quot;Teamfourbobnew&quot;,&quot;user_last_name&quot;:&quot;thomas&quot;,&quot;user_contact_number&quot;:9999912345,&quot;user_email_id&quot;:&quot;newupdatedanna@gmail.com&quot;,&quot;creation_time&quot;:&quot;2024-09-30T14:24:57.629+00:00&quot;,&quot;last_mod_time&quot;:&quot;2024-09-30T14:25:01.713+00:00&quot;},{&quot;userAddress&quot;:{&quot;addressId&quot;:6304,&quot;plotNumber&quot;:&quot;pl-14&quot;,&quot;street&quot;:&quot;Elm St&quot;,&quot;state&quot;:&quot;NY&quot;,&quot;country&quot;:&quot;USA&quot;,&quot;zipCode&quot;:12345},&quot;user_id&quot;:6337,&quot;user_first_name&quot;:&quot;Mathuget&quot;,&quot;user_last_name&quot;:&quot;Bala&quot;,&quot;user_contact_number&quot;:1999999090,&quot;user_email_id&quot;:&quot;bala5@example.com&quot;,&quot;creation_time&quot;:&quot;2024-09-29T02:25:11.670+00:00&quot;,&quot;last_mod_time&quot;:&quot;2024-09-29T02:25:11.670+00:00&quot;},{&quot;userAddress&quot;:{&quot;addressId&quot;:6173,&quot;plotNumber&quot;:&quot;p1-87&quot;,&quot;street&quot;:&quot;njgbfd&quot;,&quot;state&quot;:&quot;nj&quot;,&quot;country&quot;:&quot;USA&quot;,&quot;zipCode&quot;:97076},&quot;user_id&quot;:6206,&quot;user_first_name&quot;:&quot;jufghfgh&quot;,&quot;user_last_name&quot;:&quot;vbhgfy&quot;,&quot;user_contact_number&quot;:1798487492,&quot;user_email_id&quot;:&quot;sdsf.cvxi-1727539749801@edcs.com&quot;,&quot;creation_time&quot;:&quot;2024-09-28T16:09:10.330+00:00&quot;,&quot;last_mod_time&quot;:&quot;2024-09-28T16:09:10.330+00:00&quot;},{&quot;userAddress&quot;:{&quot;addressId&quot;:6174,&quot;plotNumber&quot;:&quot;p1-87&quot;,&quot;street&quot;:&quot;njgbfd&quot;,&quot;state&quot;:&quot;nj&quot;,&quot;country&quot;:&quot;USA&quot;,&quot;zipCode&quot;:97076},&quot;user_id&quot;:6207,&quot;user_first_name&quot;:&quot;jufghfgh&quot;,&quot;user_last_name&quot;:&quot;vbhgfy&quot;,&quot;user_contact_number&quot;:1476527919,&quot;user_email_id&quot;:&quot;sdsf.cvxi-1727539830733@edcs.com&quot;,&quot;creation_time&quot;:&quot;2024-09-28T16:10:31.301+00:00&quot;,&quot;last_mod_time&quot;:&quot;2024-09-28T16:10:31.301+00:00&quot;},{&quot;userAddress&quot;:{&quot;addressId&quot;:6493,&quot;plotNumber&quot;:&quot;pr-568&quot;,&quot;street&quot;:null,&quot;state&quot;:&quot;nj&quot;,&quot;country&quot;:null,&quot;zipCode&quot;:56},&quot;user_id&quot;:6526,&quot;user_first_name&quot;:&quot;sh&quot;,&quot;user_last_name&quot;:&quot;Da&quot;,&quot;user_contact_number&quot;:1450000303,&quot;user_email_id&quot;:&quot;shd303@gmail.com&quot;,&quot;creation_time&quot;:&quot;2024-09-30T00:12:00.621+00:00&quot;,&quot;last_mod_time&quot;:&quot;2024-09-30T00:12:00.621+00:00&quot;},{&quot;userAddress&quot;:{&quot;addressId&quot;:10423,&quot;plotNumber&quot;:&quot;AQ-123&quot;,&quot;street&quot;:&quot;Madison Street&quot;,&quot;state&quot;:&quot;TN&quot;,&quot;country&quot;:&quot;USA&quot;,&quot;zipCode&quot;:30001},&quot;user_id&quot;:10455,&quot;user_first_name&quot;:&quot;Faizal&quot;,&quot;user_last_name&quot;:&quot;Khanza&quot;,&quot;user_contact_number&quot;:1789111124,&quot;user_email_id&quot;:&quot;faizalkhanza@gmail.com&quot;,&quot;creation_time&quot;:&quot;2024-10-16T23:51:19.666+00:00&quot;,&quot;last_mod_time&quot;:&quot;2024-10-16T23:51:19.666+00:00&quot;},{&quot;userAddress&quot;:{&quot;addressId&quot;:10424,&quot;plotNumber&quot;:&quot;19-a&quot;,&quot;street&quot;:&quot;Cypress Dr&quot;,&quot;state&quot;:&quot;Texas&quot;,&quot;country&quot;:&quot;USA&quot;,&quot;zipCode&quot;:null},&quot;user_id&quot;:10456,&quot;user_first_name&quot;:&quot;Vijaya&quot;,&quot;user_last_name&quot;:&quot;TeamTeam&quot;,&quot;user_contact_number&quot;:5536670709,&quot;user_email_id&quot;:&quot;holli.baumbach@example.com&quot;,&quot;creation_time&quot;:&quot;2024-10-16T23:51:56.071+00:00&quot;,&quot;last_mod_time&quot;:&quot;2024-10-16T23:51:56.071+00:00&quot;},{&quot;userAddress&quot;:{&quot;addressId&quot;:6972,&quot;plotNumber&quot;:&quot;pl-51&quot;,&quot;street&quot;:&quot;vail rd&quot;,&quot;state&quot;:&quot;nj&quot;,&quot;country&quot;:&quot;usa&quot;,&quot;zipCode&quot;:54321},&quot;user_id&quot;:7005,&quot;user_first_name&quot;:&quot;smitha&quot;,&quot;user_last_name&quot;:&quot;dmaanj&quot;,&quot;user_contact_number&quot;:5511311145,&quot;user_email_id&quot;:&quot;sq1202eam5@gmail.com&quot;,&quot;creation_time&quot;:&quot;2024-09-30T17:20:57.284+00:00&quot;,&quot;last_mod_time&quot;:&quot;2024-09-30T17:20:57.284+00:00&quot;},{&quot;userAddress&quot;:{&quot;addressId&quot;:6844,&quot;plotNumber&quot;:&quot;pl-51&quot;,&quot;street&quot;:&quot;vail rd&quot;,&quot;state&quot;:&quot;nj&quot;,&quot;country&quot;:&quot;usa&quot;,&quot;zipCode&quot;:54321},&quot;user_id&quot;:6877,&quot;user_first_name&quot;:&quot;smitha&quot;,&quot;user_last_name&quot;:&quot;dmaanj&quot;,&quot;user_contact_number&quot;:5281311145,&quot;user_email_id&quot;:&quot;sq1262eam5@gmail.com&quot;,&quot;creation_time&quot;:&quot;2024-09-30T16:29:49.076+00:00&quot;,&quot;last_mod_time&quot;:&quot;2024-09-30T16:29:49.076+00:00&quot;},{&quot;userAddress&quot;:{&quot;addressId&quot;:6856,&quot;plotNumber&quot;:&quot;A-202&quot;,&quot;street&quot;:&quot;golden deer&quot;,&quot;state&quot;:&quot;WA&quot;,&quot;country&quot;:&quot;USA&quot;,&quot;zipCode&quot;:98012},&quot;user_id&quot;:6889,&quot;user_first_name&quot;:&quot;khushbooAgg&quot;,&quot;user_last_name&quot;:&quot;acbAgg&quot;,&quot;user_contact_number&quot;:2412598793,&quot;user_email_id&quot;:&quot;team_09_abkhuAggg@gmail.com&quot;,&quot;creation_time&quot;:&quot;2024-09-30T16:37:31.710+00:00&quot;,&quot;last_mod_time&quot;:&quot;2024-09-30T16:37:31.710+00:00&quot;},{&quot;userAddress&quot;:{&quot;addressId&quot;:6326,&quot;plotNumber&quot;:&quot;pl-51&quot;,&quot;street&quot;:&quot;vail rd&quot;,&quot;state&quot;:&quot;nj&quot;,&quot;country&quot;:&quot;usa&quot;,&quot;zipCode&quot;:54321},&quot;user_id&quot;:6359,&quot;user_first_name&quot;:&quot;roiii&quot;,&quot;user_last_name&quot;:&quot;laupol&quot;,&quot;user_contact_number&quot;:3002206615,&quot;user_email_id&quot;:&quot;sdto606508@gmail.com&quot;,&quot;creation_time&quot;:&quot;2024-09-29T02:56:31.714+00:00&quot;,&quot;last_mod_time&quot;:&quot;2024-09-29T02:56:31.714+00:00&quot;},{&quot;userAddress&quot;:{&quot;addressId&quot;:6608,&quot;plotNumber&quot;:&quot;pl-12&quot;,&quot;street&quot;:&quot;ne street&quot;,&quot;state&quot;:&quot;CA&quot;,&quot;country&quot;:&quot;USA&quot;,&quot;zipCode&quot;:12345},&quot;user_id&quot;:6641,&quot;user_first_name&quot;:&quot;newusernameone&quot;,&quot;user_last_name&quot;:&quot;lastnewneme&quot;,&quot;user_contact_number&quot;:1234567692,&quot;user_email_id&quot;:&quot;userAnnanew1@gmail.com&quot;,&quot;creation_time&quot;:&quot;2024-09-30T04:50:04.960+00:00&quot;,&quot;last_mod_time&quot;:&quot;2024-09-30T04:55:17.538+00:00&quot;},{&quot;userAddress&quot;:{&quot;addressId&quot;:6865,&quot;plotNumber&quot;:&quot;pl-51&quot;,&quot;street&quot;:&quot;vail rd&quot;,&quot;state&quot;:&quot;nj&quot;,&quot;country&quot;:&quot;usa&quot;,&quot;zipCode&quot;:54321},&quot;user_id&quot;:6898,&quot;user_first_name&quot;:&quot;smitha&quot;,&quot;user_last_name&quot;:&quot;dmaanj&quot;,&quot;user_contact_number&quot;:5581311145,&quot;user_email_id&quot;:&quot;sq1212eam5@gmail.com&quot;,&quot;creation_time&quot;:&quot;2024-09-30T16:40:19.196+00:00&quot;,&quot;last_mod_time&quot;:&quot;2024-09-30T16:40:19.196+00:00&quot;},{&quot;userAddress&quot;:{&quot;addressId&quot;:6620,&quot;plotNumber&quot;:&quot;pr-5679&quot;,&quot;street&quot;:&quot;bc&quot;,&quot;state&quot;:&quot;nj&quot;,&quot;country&quot;:&quot;usa&quot;,&quot;zipCode&quot;:666},&quot;user_id&quot;:6653,&quot;user_first_name&quot;:&quot;Shupdate&quot;,&quot;user_last_name&quot;:&quot;Daupdate&quot;,&quot;user_contact_number&quot;:1450000710,&quot;user_email_id&quot;:&quot;shd710@gmail.com&quot;,&quot;creation_time&quot;:&quot;2024-09-30T05:17:50.911+00:00&quot;,&quot;last_mod_time&quot;:&quot;2024-09-30T05:17:53.081+00:00&quot;},{&quot;userAddress&quot;:{&quot;addressId&quot;:6219,&quot;plotNumber&quot;:&quot;SA-06&quot;,&quot;street&quot;:&quot;Main&quot;,&quot;state&quot;:&quot;IN&quot;,&quot;country&quot;:&quot;USA&quot;,&quot;zipCode&quot;:40093},&quot;user_id&quot;:6252,&quot;user_first_name&quot;:&quot;Shravan&quot;,&quot;user_last_name&quot;:&quot;Arun&quot;,&quot;user_contact_number&quot;:9663569110,&quot;user_email_id&quot;:&quot;sa18@gmail.com&quot;,&quot;creation_time&quot;:&quot;2024-09-28T22:09:48.044+00:00&quot;,&quot;last_mod_time&quot;:&quot;2024-09-28T22:09:48.044+00:00&quot;},{&quot;userAddress&quot;:{&quot;addressId&quot;:6220,&quot;plotNumber&quot;:&quot;SA-06&quot;,&quot;street&quot;:&quot;Main&quot;,&quot;state&quot;:&quot;IN&quot;,&quot;country&quot;:&quot;USA&quot;,&quot;zipCode&quot;:40093},&quot;user_id&quot;:6253,&quot;user_first_name&quot;:&quot;Shravan&quot;,&quot;user_last_name&quot;:&quot;Arun&quot;,&quot;user_contact_number&quot;:9663569111,&quot;user_email_id&quot;:&quot;sa19@gmail.com&quot;,&quot;creation_time&quot;:&quot;2024-09-28T22:12:46.206+00:00&quot;,&quot;last_mod_time&quot;:&quot;2024-09-28T22:12:46.206+00:00&quot;},{&quot;userAddress&quot;:{&quot;addressId&quot;:6221,&quot;plotNumber&quot;:&quot;SA-06&quot;,&quot;street&quot;:&quot;Main&quot;,&quot;state&quot;:&quot;IN&quot;,&quot;country&quot;:&quot;USA&quot;,&quot;zipCode&quot;:40093},&quot;user_id&quot;:6254,&quot;user_first_name&quot;:&quot;Shravan&quot;,&quot;user_last_name&quot;:&quot;Arun&quot;,&quot;user_contact_number&quot;:9663569112,&quot;user_email_id&quot;:&quot;sa20@gmail.com&quot;,&quot;creation_time&quot;:&quot;2024-09-28T22:15:21.808+00:00&quot;,&quot;last_mod_time&quot;:&quot;2024-09-28T22:15:21.808+00:00&quot;},{&quot;userAddress&quot;:{&quot;addressId&quot;:6521,&quot;plotNumber&quot;:&quot;GR-18&quot;,&quot;street&quot;:&quot;Noblecrossing&quot;,&quot;state&quot;:&quot;IN&quot;,&quot;country&quot;:&quot;USA&quot;,&quot;zipCode&quot;:38798},&quot;user_id&quot;:6554,&quot;user_first_name&quot;:&quot;Gayathree&quot;,&quot;user_last_name&quot;:&quot;Ravi&quot;,&quot;user_contact_number&quot;:3178712890,&quot;user_email_id&quot;:&quot;great91@gmail.com&quot;,&quot;creation_time&quot;:&quot;2024-09-30T00:36:22.320+00:00&quot;,&quot;last_mod_time&quot;:&quot;2024-09-30T00:40:55.246+00:00&quot;},{&quot;userAddress&quot;:{&quot;addressId&quot;:6527,&quot;plotNumber&quot;:&quot;GR-18&quot;,&quot;street&quot;:&quot;Noblecrossing&quot;,&quot;state&quot;:&quot;IN&quot;,&quot;country&quot;:&quot;USA&quot;,&quot;zipCode&quot;:38798},&quot;user_id&quot;:6560,&quot;user_first_name&quot;:&quot;Gayath&quot;,&quot;user_last_name&quot;:&quot;Ravi&quot;,&quot;user_contact_number&quot;:3871289078,&quot;user_email_id&quot;:&quot;gruert91@gmail.com&quot;,&quot;creation_time&quot;:&quot;2024-09-30T01:06:53.356+00:00&quot;,&quot;last_mod_time&quot;:&quot;2024-09-30T01:06:53.356+00:00&quot;},{&quot;userAddress&quot;:{&quot;addressId&quot;:6636,&quot;plotNumber&quot;:&quot;A-202&quot;,&quot;street&quot;:&quot;golden door&quot;,&quot;state&quot;:&quot;WA&quot;,&quot;country&quot;:&quot;USA&quot;,&quot;zipCode&quot;:98012},&quot;user_id&quot;:6669,&quot;user_first_name&quot;:&quot;khushbooAg&quot;,&quot;user_last_name&quot;:&quot;acbAg&quot;,&quot;user_contact_number&quot;:2412598763,&quot;user_email_id&quot;:&quot;team_09_abkhuAg@gmail.com&quot;,&quot;creation_time&quot;:&quot;2024-09-30T06:24:50.278+00:00&quot;,&quot;last_mod_time&quot;:&quot;2024-09-30T06:24:50.278+00:00&quot;},{&quot;userAddress&quot;:{&quot;addressId&quot;:7021,&quot;plotNumber&quot;:&quot;pl-1463&quot;,&quot;street&quot;:&quot;Dunwoody Gables&quot;,&quot;state&quot;:&quot;NY&quot;,&quot;country&quot;:&quot;USA&quot;,&quot;zipCode&quot;:12651},&quot;user_id&quot;:7054,&quot;user_first_name&quot;:&quot;MclaughlinLovrone&quot;,&quot;user_last_name&quot;:&quot;Reichardsoni&quot;,&quot;user_contact_number&quot;:1954243821,&quot;user_email_id&quot;:&quot;Lllerardsonr@gmail.com&quot;,&quot;creation_time&quot;:&quot;2024-09-30T20:25:07.974+00:00&quot;,&quot;last_mod_time&quot;:&quot;2024-09-30T20:25:07.974+00:00&quot;},{&quot;userAddress&quot;:{&quot;addressId&quot;:6883,&quot;plotNumber&quot;:&quot;pl-432&quot;,&quot;street&quot;:&quot;rebeccaln&quot;,&quot;state&quot;:&quot;texas&quot;,&quot;country&quot;:&quot;US&quot;,&quot;zipCode&quot;:76524},&quot;user_id&quot;:6916,&quot;user_first_name&quot;:&quot;test&quot;,&quot;user_last_name&quot;:&quot;demo&quot;,&quot;user_contact_number&quot;:4321234117,&quot;user_email_id&quot;:&quot;testsdemo@gmail.com&quot;,&quot;creation_time&quot;:&quot;2024-09-30T16:47:29.261+00:00&quot;,&quot;last_mod_time&quot;:&quot;2024-09-30T16:47:29.261+00:00&quot;},{&quot;userAddress&quot;:{&quot;addressId&quot;:6356,&quot;plotNumber&quot;:&quot;bl-14&quot;,&quot;street&quot;:null,&quot;state&quot;:&quot;ca&quot;,&quot;country&quot;:null,&quot;zipCode&quot;:12345},&quot;user_id&quot;:6389,&quot;user_first_name&quot;:&quot;Teamfouruserthree&quot;,&quot;user_last_name&quot;:&quot;lastnamethree&quot;,&quot;user_contact_number&quot;:9000100011,&quot;user_email_id&quot;:&quot;user3@gmail.com&quot;,&quot;creation_time&quot;:&quot;2024-09-29T03:41:03.564+00:00&quot;,&quot;last_mod_time&quot;:&quot;2024-09-29T03:41:03.564+00:00&quot;},{&quot;userAddress&quot;:{&quot;addressId&quot;:6357,&quot;plotNumber&quot;:&quot;bl-15&quot;,&quot;street&quot;:null,&quot;state&quot;:&quot;ca&quot;,&quot;country&quot;:null,&quot;zipCode&quot;:12345},&quot;user_id&quot;:6390,&quot;user_first_name&quot;:&quot;Teamfouserfour&quot;,&quot;user_last_name&quot;:&quot;lastnamefour&quot;,&quot;user_contact_number&quot;:9000100012,&quot;user_email_id&quot;:&quot;user4@gmail.com&quot;,&quot;creation_time&quot;:&quot;2024-09-29T03:41:04.297+00:00&quot;,&quot;last_mod_time&quot;:&quot;2024-09-29T03:41:04.297+00:00&quot;},{&quot;userAddress&quot;:{&quot;addressId&quot;:7177,&quot;plotNumber&quot;:&quot;Pl-56&quot;,&quot;street&quot;:&quot;Cypress Hill Dr&quot;,&quot;state&quot;:&quot;Texas&quot;,&quot;country&quot;:&quot;USA&quot;,&quot;zipCode&quot;:65677},&quot;user_id&quot;:7210,&quot;user_first_name&quot;:&quot;Jesse&quot;,&quot;user_last_name&quot;:&quot;Flatley&quot;,&quot;user_contact_number&quot;:5525100934,&quot;user_email_id&quot;:&quot;merrill.heaney@example.com&quot;,&quot;creation_time&quot;:&quot;2024-10-01T13:18:57.663+00:00&quot;,&quot;last_mod_time&quot;:&quot;2024-10-01T13:18:57.663+00:00&quot;},{&quot;userAddress&quot;:{&quot;addressId&quot;:7178,&quot;plotNumber&quot;:&quot;Pl-56&quot;,&quot;street&quot;:&quot;Cypress Hill Dr&quot;,&quot;state&quot;:&quot;Texas&quot;,&quot;country&quot;:&quot;USA&quot;,&quot;zipCode&quot;:65677},&quot;user_id&quot;:7211,&quot;user_first_name&quot;:&quot;Jonnie&quot;,&quot;user_last_name&quot;:&quot;Tillman&quot;,&quot;user_contact_number&quot;:5891894731,&quot;user_email_id&quot;:&quot;george.little@example.com&quot;,&quot;creation_time&quot;:&quot;2024-10-01T13:33:25.445+00:00&quot;,&quot;last_mod_time&quot;:&quot;2024-10-01T13:33:25.445+00:00&quot;},{&quot;userAddress&quot;:{&quot;addressId&quot;:7180,&quot;plotNumber&quot;:&quot;pl-72&quot;,&quot;street&quot;:&quot;Broadway&quot;,&quot;state&quot;:&quot;New Jersey&quot;,&quot;country&quot;:&quot;USA&quot;,&quot;zipCode&quot;:72363},&quot;user_id&quot;:7213,&quot;user_first_name&quot;:&quot;randomFirstName&quot;,&quot;user_last_name&quot;:&quot;randomLastName&quot;,&quot;user_contact_number&quot;:1959706858,&quot;user_email_id&quot;:&quot;user728@example.com&quot;,&quot;creation_time&quot;:&quot;2024-10-01T13:35:32.959+00:00&quot;,&quot;last_mod_time&quot;:&quot;2024-10-01T13:35:32.959+00:00&quot;},{&quot;userAddress&quot;:{&quot;addressId&quot;:7181,&quot;plotNumber&quot;:&quot;Pl-56&quot;,&quot;street&quot;:&quot;Cypress Hill Dr&quot;,&quot;state&quot;:&quot;Texas&quot;,&quot;country&quot;:&quot;USA&quot;,&quot;zipCode&quot;:65677},&quot;user_id&quot;:7214,&quot;user_first_name&quot;:&quot;Frankie&quot;,&quot;user_last_name&quot;:&quot;Kilback&quot;,&quot;user_contact_number&quot;:5544388435,&quot;user_email_id&quot;:&quot;marshall.dietrich@example.com&quot;,&quot;creation_time&quot;:&quot;2024-10-01T13:45:01.969+00:00&quot;,&quot;last_mod_time&quot;:&quot;2024-10-01T13:45:01.969+00:00&quot;},{&quot;userAddress&quot;:{&quot;addressId&quot;:7183,&quot;plotNumber&quot;:&quot;Pl-56&quot;,&quot;street&quot;:&quot;Cypress Hill Dr&quot;,&quot;state&quot;:&quot;Texas&quot;,&quot;country&quot;:&quot;USA&quot;,&quot;zipCode&quot;:65677},&quot;user_id&quot;:7216,&quot;user_first_name&quot;:&quot;Iraida&quot;,&quot;user_last_name&quot;:&quot;Schamberger&quot;,&quot;user_contact_number&quot;:5711543219,&quot;user_email_id&quot;:&quot;regena.wiegand@example.com&quot;,&quot;creation_time&quot;:&quot;2024-10-01T13:52:17.510+00:00&quot;,&quot;last_mod_time&quot;:&quot;2024-10-01T13:52:17.510+00:00&quot;},{&quot;userAddress&quot;:{&quot;addressId&quot;:7184,&quot;plotNumber&quot;:&quot;Pl-56&quot;,&quot;street&quot;:&quot;Cypress Hill Dr&quot;,&quot;state&quot;:&quot;Texas&quot;,&quot;country&quot;:&quot;USA&quot;,&quot;zipCode&quot;:65677},&quot;user_id&quot;:7217,&quot;user_first_name&quot;:&quot;Krystle&quot;,&quot;user_last_name&quot;:&quot;Aufderhar&quot;,&quot;user_contact_number&quot;:5482859305,&quot;user_email_id&quot;:&quot;tiesha.mayert@example.com&quot;,&quot;creation_time&quot;:&quot;2024-10-01T13:54:07.720+00:00&quot;,&quot;last_mod_time&quot;:&quot;2024-10-01T13:54:07.720+00:00&quot;},{&quot;userAddress&quot;:{&quot;addressId&quot;:7185,&quot;plotNumber&quot;:&quot;Bt-11&quot;,&quot;street&quot;:&quot;First St&quot;,&quot;state&quot;:&quot;Texas&quot;,&quot;country&quot;:&quot;USA&quot;,&quot;zipCode&quot;:54657},&quot;user_id&quot;:7218,&quot;user_first_name&quot;:&quot;Newfirstname&quot;,&quot;user_last_name&quot;:&quot;lastTrial&quot;,&quot;user_contact_number&quot;:2800912262,&quot;user_email_id&quot;:&quot;tommyk4hk0bd5n0cf@gmail.com&quot;,&quot;creation_time&quot;:&quot;2024-10-01T13:54:57.102+00:00&quot;,&quot;last_mod_time&quot;:&quot;2024-10-01T13:54:57.102+00:00&quot;},{&quot;userAddress&quot;:{&quot;addressId&quot;:6895,&quot;plotNumber&quot;:&quot;pl-13&quot;,&quot;street&quot;:&quot;Broadway&quot;,&quot;state&quot;:&quot;New Jersey&quot;,&quot;country&quot;:&quot;USA&quot;,&quot;zipCode&quot;:null},&quot;user_id&quot;:6928,&quot;user_first_name&quot;:&quot;dheenatha&quot;,&quot;user_last_name&quot;:&quot;selva&quot;,&quot;user_contact_number&quot;:8739998788,&quot;user_email_id&quot;:&quot;gurd111@gmail.com&quot;,&quot;creation_time&quot;:&quot;2024-09-30T16:56:39.375+00:00&quot;,&quot;last_mod_time&quot;:&quot;2024-09-30T16:56:39.375+00:00&quot;},{&quot;userAddress&quot;:{&quot;addressId&quot;:7186,&quot;plotNumber&quot;:&quot;Pl-56&quot;,&quot;street&quot;:&quot;Cypress Hill Dr&quot;,&quot;state&quot;:&quot;Texas&quot;,&quot;country&quot;:&quot;USA&quot;,&quot;zipCode&quot;:65677},&quot;user_id&quot;:7219,&quot;user_first_name&quot;:&quot;Anibal&quot;,&quot;user_last_name&quot;:&quot;Jakubowski&quot;,&quot;user_contact_number&quot;:5928921482,&quot;user_email_id&quot;:&quot;hai.zboncak@example.com&quot;,&quot;creation_time&quot;:&quot;2024-10-01T13:57:55.340+00:00&quot;,&quot;last_mod_time&quot;:&quot;2024-10-01T13:57:55.340+00:00&quot;},{&quot;userAddress&quot;:{&quot;addressId&quot;:7187,&quot;plotNumber&quot;:&quot;Pl-56&quot;,&quot;street&quot;:&quot;Cypress Hill Dr&quot;,&quot;state&quot;:&quot;Texas&quot;,&quot;country&quot;:&quot;USA&quot;,&quot;zipCode&quot;:65677},&quot;user_id&quot;:7220,&quot;user_first_name&quot;:&quot;Hermina&quot;,&quot;user_last_name&quot;:&quot;Wilderman&quot;,&quot;user_contact_number&quot;:5257442053,&quot;user_email_id&quot;:&quot;audrea.dickinson@example.com&quot;,&quot;creation_time&quot;:&quot;2024-10-01T14:01:27.724+00:00&quot;,&quot;last_mod_time&quot;:&quot;2024-10-01T14:01:27.724+00:00&quot;},{&quot;userAddress&quot;:{&quot;addressId&quot;:7188,&quot;plotNumber&quot;:&quot;Pl-56&quot;,&quot;street&quot;:&quot;Cypress Hill Dr&quot;,&quot;state&quot;:&quot;Texas&quot;,&quot;country&quot;:&quot;USA&quot;,&quot;zipCode&quot;:65677},&quot;user_id&quot;:7221,&quot;user_first_name&quot;:&quot;Dwight&quot;,&quot;user_last_name&quot;:&quot;Hagenes&quot;,&quot;user_contact_number&quot;:5428483618,&quot;user_email_id&quot;:&quot;brittaney.lubowitz@example.com&quot;,&quot;creation_time&quot;:&quot;2024-10-01T14:02:19.801+00:00&quot;,&quot;last_mod_time&quot;:&quot;2024-10-01T14:02:19.801+00:00&quot;},{&quot;userAddress&quot;:{&quot;addressId&quot;:7189,&quot;plotNumber&quot;:&quot;Pl-56&quot;,&quot;street&quot;:&quot;Cypress Hill Dr&quot;,&quot;state&quot;:&quot;Texas&quot;,&quot;country&quot;:&quot;USA&quot;,&quot;zipCode&quot;:65677},&quot;user_id&quot;:7222,&quot;user_first_name&quot;:&quot;Audrey&quot;,&quot;user_last_name&quot;:&quot;Smith&quot;,&quot;user_contact_number&quot;:5151499979,&quot;user_email_id&quot;:&quot;lois.beier@example.com&quot;,&quot;creation_time&quot;:&quot;2024-10-01T14:06:14.732+00:00&quot;,&quot;last_mod_time&quot;:&quot;2024-10-01T14:06:14.732+00:00&quot;},{&quot;userAddress&quot;:{&quot;addressId&quot;:6664,&quot;plotNumber&quot;:&quot;pl-120&quot;,&quot;street&quot;:&quot;palmilla&quot;,&quot;state&quot;:&quot;Florida&quot;,&quot;country&quot;:&quot;USA&quot;,&quot;zipCode&quot;:324578},&quot;user_id&quot;:6697,&quot;user_first_name&quot;:&quot;AvengersOne&quot;,&quot;user_last_name&quot;:&quot;Marvel&quot;,&quot;user_contact_number&quot;:8733214434,&quot;user_email_id&quot;:&quot;TonyStark@Avengers.com&quot;,&quot;creation_time&quot;:&quot;2024-09-30T12:50:35.050+00:00&quot;,&quot;last_mod_time&quot;:&quot;2024-09-30T12:50:35.050+00:00&quot;},{&quot;userAddress&quot;:{&quot;addressId&quot;:7190,&quot;plotNumber&quot;:&quot;Pl-56&quot;,&quot;street&quot;:&quot;Cypress Hill Dr&quot;,&quot;state&quot;:&quot;Texas&quot;,&quot;country&quot;:&quot;USA&quot;,&quot;zipCode&quot;:65677},&quot;user_id&quot;:7223,&quot;user_first_name&quot;:&quot;Darnell&quot;,&quot;user_last_name&quot;:&quot;Connelly&quot;,&quot;user_contact_number&quot;:5151751208,&quot;user_email_id&quot;:&quot;arielle.little@example.com&quot;,&quot;creation_time&quot;:&quot;2024-10-01T14:08:58.572+00:00&quot;,&quot;last_mod_time&quot;:&quot;2024-10-01T14:08:58.572+00:00&quot;},{&quot;userAddress&quot;:{&quot;addressId&quot;:7191,&quot;plotNumber&quot;:&quot;Pl-56&quot;,&quot;street&quot;:&quot;Cypress Hill Dr&quot;,&quot;state&quot;:&quot;Texas&quot;,&quot;country&quot;:&quot;USA&quot;,&quot;zipCode&quot;:65677},&quot;user_id&quot;:7224,&quot;user_first_name&quot;:&quot;Joleen&quot;,&quot;user_last_name&quot;:&quot;Kunde&quot;,&quot;user_contact_number&quot;:5570673891,&quot;user_email_id&quot;:&quot;deandre.daniel@example.com&quot;,&quot;creation_time&quot;:&quot;2024-10-01T14:23:15.896+00:00&quot;,&quot;last_mod_time&quot;:&quot;2024-10-01T14:23:15.896+00:00&quot;},{&quot;userAddress&quot;:{&quot;addressId&quot;:7192,&quot;plotNumber&quot;:&quot;Pl-56&quot;,&quot;street&quot;:&quot;Cypress Hill Dr&quot;,&quot;state&quot;:&quot;Texas&quot;,&quot;country&quot;:&quot;USA&quot;,&quot;zipCode&quot;:65677},&quot;user_id&quot;:7225,&quot;user_first_name&quot;:&quot;Phung&quot;,&quot;user_last_name&quot;:&quot;Hickle&quot;,&quot;user_contact_number&quot;:5666144737,&quot;user_email_id&quot;:&quot;aileen.renner@example.com&quot;,&quot;creation_time&quot;:&quot;2024-10-01T14:24:07.045+00:00&quot;,&quot;last_mod_time&quot;:&quot;2024-10-01T14:24:07.045+00:00&quot;},{&quot;userAddress&quot;:{&quot;addressId&quot;:7193,&quot;plotNumber&quot;:&quot;Pl-56&quot;,&quot;street&quot;:&quot;Cypress Hill Dr&quot;,&quot;state&quot;:&quot;Texas&quot;,&quot;country&quot;:&quot;USA&quot;,&quot;zipCode&quot;:65677},&quot;user_id&quot;:7226,&quot;user_first_name&quot;:&quot;Chet&quot;,&quot;user_last_name&quot;:&quot;Ernser&quot;,&quot;user_contact_number&quot;:5927144745,&quot;user_email_id&quot;:&quot;jamison.grady@example.com&quot;,&quot;creation_time&quot;:&quot;2024-10-01T14:28:29.399+00:00&quot;,&quot;last_mod_time&quot;:&quot;2024-10-01T14:28:29.399+00:00&quot;},{&quot;userAddress&quot;:{&quot;addressId&quot;:7194,&quot;plotNumber&quot;:&quot;Pl-56&quot;,&quot;street&quot;:&quot;Cypress Hill Dr&quot;,&quot;state&quot;:&quot;Texas&quot;,&quot;country&quot;:&quot;USA&quot;,&quot;zipCode&quot;:65677},&quot;user_id&quot;:7227,&quot;user_first_name&quot;:&quot;Odis&quot;,&quot;user_last_name&quot;:&quot;Mills&quot;,&quot;user_contact_number&quot;:5727324385,&quot;user_email_id&quot;:&quot;gretchen.schumm@example.com&quot;,&quot;creation_time&quot;:&quot;2024-10-01T14:42:54.844+00:00&quot;,&quot;last_mod_time&quot;:&quot;2024-10-01T14:42:54.844+00:00&quot;},{&quot;userAddress&quot;:{&quot;addressId&quot;:7195,&quot;plotNumber&quot;:&quot;Pl-56&quot;,&quot;street&quot;:&quot;Cypress Hill Dr&quot;,&quot;state&quot;:&quot;Texas&quot;,&quot;country&quot;:&quot;USA&quot;,&quot;zipCode&quot;:65677},&quot;user_id&quot;:7228,&quot;user_first_name&quot;:&quot;Sanjuanita&quot;,&quot;user_last_name&quot;:&quot;Tremblay&quot;,&quot;user_contact_number&quot;:5677018762,&quot;user_email_id&quot;:&quot;julius.keeling@example.com&quot;,&quot;creation_time&quot;:&quot;2024-10-01T14:43:41.369+00:00&quot;,&quot;last_mod_time&quot;:&quot;2024-10-01T14:43:41.369+00:00&quot;},{&quot;userAddress&quot;:{&quot;addressId&quot;:7196,&quot;plotNumber&quot;:&quot;Pl-56&quot;,&quot;street&quot;:&quot;Cypress Hill Dr&quot;,&quot;state&quot;:&quot;Texas&quot;,&quot;country&quot;:&quot;USA&quot;,&quot;zipCode&quot;:65677},&quot;user_id&quot;:7229,&quot;user_first_name&quot;:&quot;Frederick&quot;,&quot;user_last_name&quot;:&quot;Larson&quot;,&quot;user_contact_number&quot;:5719328213,&quot;user_email_id&quot;:&quot;karl.block@example.com&quot;,&quot;creation_time&quot;:&quot;2024-10-01T14:48:37.509+00:00&quot;,&quot;last_mod_time&quot;:&quot;2024-10-01T14:48:37.509+00:00&quot;},{&quot;userAddress&quot;:{&quot;addressId&quot;:7197,&quot;plotNumber&quot;:&quot;Pl-56&quot;,&quot;street&quot;:&quot;Cypress Hill Dr&quot;,&quot;state&quot;:&quot;Texas&quot;,&quot;country&quot;:&quot;USA&quot;,&quot;zipCode&quot;:65677},&quot;user_id&quot;:7230,&quot;user_first_name&quot;:&quot;Angelo&quot;,&quot;user_last_name&quot;:&quot;Yost&quot;,&quot;user_contact_number&quot;:5090976783,&quot;user_email_id&quot;:&quot;danette.dach@example.com&quot;,&quot;creation_time&quot;:&quot;2024-10-01T14:53:18.407+00:00&quot;,&quot;last_mod_time&quot;:&quot;2024-10-01T14:53:18.407+00:00&quot;},{&quot;userAddress&quot;:{&quot;addressId&quot;:7198,&quot;plotNumber&quot;:&quot;Pl-56&quot;,&quot;street&quot;:&quot;Cypress Hill Dr&quot;,&quot;state&quot;:&quot;Texas&quot;,&quot;country&quot;:&quot;USA&quot;,&quot;zipCode&quot;:65677},&quot;user_id&quot;:7231,&quot;user_first_name&quot;:&quot;Pedro&quot;,&quot;user_last_name&quot;:&quot;Johns&quot;,&quot;user_contact_number&quot;:5233469626,&quot;user_email_id&quot;:&quot;norberto.lowe@example.com&quot;,&quot;creation_time&quot;:&quot;2024-10-01T14:54:27.667+00:00&quot;,&quot;last_mod_time&quot;:&quot;2024-10-01T14:54:27.667+00:00&quot;},{&quot;userAddress&quot;:{&quot;addressId&quot;:7199,&quot;plotNumber&quot;:&quot;Pl-56&quot;,&quot;street&quot;:&quot;Cypress Hill Dr&quot;,&quot;state&quot;:&quot;Texas&quot;,&quot;country&quot;:&quot;USA&quot;,&quot;zipCode&quot;:65677},&quot;user_id&quot;:7232,&quot;user_first_name&quot;:&quot;updatedName&quot;,&quot;user_last_name&quot;:&quot;updatedLastname&quot;,&quot;user_contact_number&quot;:5577641086,&quot;user_email_id&quot;:&quot;erich.crist@example.com&quot;,&quot;creation_time&quot;:&quot;2024-10-01T14:56:54.129+00:00&quot;,&quot;last_mod_time&quot;:&quot;2024-10-01T14:56:55.244+00:00&quot;},{&quot;userAddress&quot;:{&quot;addressId&quot;:7733,&quot;plotNumber&quot;:null,&quot;street&quot;:&quot;Mclean&quot;,&quot;state&quot;:&quot;VA&quot;,&quot;country&quot;:&quot;usa&quot;,&quot;zipCode&quot;:20104},&quot;user_id&quot;:7765,&quot;user_first_name&quot;:&quot;Elsa&quot;,&quot;user_last_name&quot;:&quot;Anna&quot;,&quot;user_contact_number&quot;:5714532656,&quot;user_email_id&quot;:&quot;abu@gmail.com&quot;,&quot;creation_time&quot;:&quot;2024-10-11T01:36:50.002+00:00&quot;,&quot;last_mod_time&quot;:&quot;2024-10-11T01:36:50.002+00:00&quot;},{&quot;userAddress&quot;:{&quot;addressId&quot;:7200,&quot;plotNumber&quot;:&quot;Pl-56&quot;,&quot;street&quot;:&quot;Cypress Hill Dr&quot;,&quot;state&quot;:&quot;Texas&quot;,&quot;country&quot;:&quot;USA&quot;,&quot;zipCode&quot;:65677},&quot;user_id&quot;:7233,&quot;user_first_name&quot;:&quot;updatedName&quot;,&quot;user_last_name&quot;:&quot;updatedLastname&quot;,&quot;user_contact_number&quot;:7015068770,&quot;user_email_id&quot;:&quot;rachele.oconnell@example.com&quot;,&quot;creation_time&quot;:&quot;2024-10-01T15:03:36.605+00:00&quot;,&quot;last_mod_time&quot;:&quot;2024-10-01T15:03:37.763+00:00&quot;},{&quot;userAddress&quot;:{&quot;addressId&quot;:7201,&quot;plotNumber&quot;:&quot;Pl-56&quot;,&quot;street&quot;:&quot;Cypress Hill Dr&quot;,&quot;state&quot;:&quot;Texas&quot;,&quot;country&quot;:&quot;USA&quot;,&quot;zipCode&quot;:65677},&quot;user_id&quot;:7234,&quot;user_first_name&quot;:&quot;Ernesto&quot;,&quot;user_last_name&quot;:&quot;Beer&quot;,&quot;user_contact_number&quot;:5765974042,&quot;user_email_id&quot;:&quot;gonzalo.rodriguez@example.com&quot;,&quot;creation_time&quot;:&quot;2024-10-01T15:06:46.285+00:00&quot;,&quot;last_mod_time&quot;:&quot;2024-10-01T15:06:46.285+00:00&quot;},{&quot;userAddress&quot;:{&quot;addressId&quot;:7902,&quot;plotNumber&quot;:&quot;999-K&quot;,&quot;street&quot;:&quot;Aldeburgh&quot;,&quot;state&quot;:&quot;Texas&quot;,&quot;country&quot;:&quot;US&quot;,&quot;zipCode&quot;:23294},&quot;user_id&quot;:7934,&quot;user_first_name&quot;:&quot;Vara&quot;,&quot;user_last_name&quot;:&quot;Reddy&quot;,&quot;user_contact_number&quot;:8995115970,&quot;user_email_id&quot;:&quot;Team05Vara@gmail.com&quot;,&quot;creation_time&quot;:&quot;2024-10-11T20:04:51.817+00:00&quot;,&quot;last_mod_time&quot;:&quot;2024-10-11T20:04:51.817+00:00&quot;},{&quot;userAddress&quot;:{&quot;addressId&quot;:9964,&quot;plotNumber&quot;:&quot;P1-11&quot;,&quot;street&quot;:&quot;Main&quot;,&quot;state&quot;:&quot;LA&quot;,&quot;country&quot;:&quot;USA&quot;,&quot;zipCode&quot;:20875},&quot;user_id&quot;:9996,&quot;user_first_name&quot;:&quot;lavanya&quot;,&quot;user_last_name&quot;:&quot;John&quot;,&quot;user_contact_number&quot;:4409334456,&quot;user_email_id&quot;:&quot;Team03LaJohn@gmail.com&quot;,&quot;creation_time&quot;:&quot;2024-10-15T16:31:42.085+00:00&quot;,&quot;last_mod_time&quot;:&quot;2024-10-15T16:31:42.085+00:00&quot;},{&quot;userAddress&quot;:{&quot;addressId&quot;:8355,&quot;plotNumber&quot;:&quot;P1-11&quot;,&quot;street&quot;:&quot;Main&quot;,&quot;state&quot;:&quot;LA&quot;,&quot;country&quot;:&quot;USA&quot;,&quot;zipCode&quot;:20875},&quot;user_id&quot;:8387,&quot;user_first_name&quot;:&quot;yyRam&quot;,&quot;user_last_name&quot;:&quot;yAppa&quot;,&quot;user_contact_number&quot;:8188132104,&quot;user_email_id&quot;:&quot;Team03yRaRamappa@gmail.com&quot;,&quot;creation_time&quot;:&quot;2024-10-12T23:42:29.234+00:00&quot;,&quot;last_mod_time&quot;:&quot;2024-10-12T23:42:29.234+00:00&quot;},{&quot;userAddress&quot;:{&quot;addressId&quot;:8800,&quot;plotNumber&quot;:&quot;Bt-11&quot;,&quot;street&quot;:&quot;First St&quot;,&quot;state&quot;:&quot;Texas&quot;,&quot;country&quot;:&quot;USA&quot;,&quot;zipCode&quot;:54877},&quot;user_id&quot;:8832,&quot;user_first_name&quot;:&quot;Noel&quot;,&quot;user_last_name&quot;:&quot;Zieme&quot;,&quot;user_contact_number&quot;:2772698192,&quot;user_email_id&quot;:&quot;Team3a1jc7pbpb7j8@gmail.com&quot;,&quot;creation_time&quot;:&quot;2024-10-13T17:32:46.583+00:00&quot;,&quot;last_mod_time&quot;:&quot;2024-10-13T17:32:46.583+00:00&quot;},{&quot;userAddress&quot;:{&quot;addressId&quot;:9965,&quot;plotNumber&quot;:&quot;P1-12&quot;,&quot;street&quot;:&quot;Main&quot;,&quot;state&quot;:&quot;CA&quot;,&quot;country&quot;:&quot;USA&quot;,&quot;zipCode&quot;:90210},&quot;user_id&quot;:9997,&quot;user_first_name&quot;:&quot;Alice&quot;,&quot;user_last_name&quot;:&quot;Johnson&quot;,&quot;user_contact_number&quot;:2024567222,&quot;user_email_id&quot;:&quot;AllJohnson@example.com&quot;,&quot;creation_time&quot;:&quot;2024-10-15T16:31:42.228+00:00&quot;,&quot;last_mod_time&quot;:&quot;2024-10-15T16:31:42.228+00:00&quot;},{&quot;userAddress&quot;:{&quot;addressId&quot;:7229,&quot;plotNumber&quot;:&quot;12-3&quot;,&quot;street&quot;:null,&quot;state&quot;:&quot;asdfgf&quot;,&quot;country&quot;:null,&quot;zipCode&quot;:675843},&quot;user_id&quot;:7262,&quot;user_first_name&quot;:&quot;David&quot;,&quot;user_last_name&quot;:&quot;Austin&quot;,&quot;user_contact_number&quot;:9876553210,&quot;user_email_id&quot;:&quot;david.austin@gmail.com&quot;,&quot;creation_time&quot;:&quot;2024-10-07T21:36:21.621+00:00&quot;,&quot;last_mod_time&quot;:&quot;2024-10-07T21:36:21.621+00:00&quot;},{&quot;userAddress&quot;:{&quot;addressId&quot;:7230,&quot;plotNumber&quot;:&quot;12-3&quot;,&quot;street&quot;:null,&quot;state&quot;:&quot;asdfgf&quot;,&quot;country&quot;:null,&quot;zipCode&quot;:675843},&quot;user_id&quot;:7263,&quot;user_first_name&quot;:&quot;David&quot;,&quot;user_last_name&quot;:&quot;Austin&quot;,&quot;user_contact_number&quot;:9876553211,&quot;user_email_id&quot;:&quot;david.austin01@gmail.com&quot;,&quot;creation_time&quot;:&quot;2024-10-07T21:39:27.107+00:00&quot;,&quot;last_mod_time&quot;:&quot;2024-10-07T21:39:27.107+00:00&quot;},{&quot;userAddress&quot;:{&quot;addressId&quot;:7736,&quot;plotNumber&quot;:&quot;P1-11&quot;,&quot;street&quot;:&quot;Main&quot;,&quot;state&quot;:&quot;LA&quot;,&quot;country&quot;:&quot;USA&quot;,&quot;zipCode&quot;:20875},&quot;user_id&quot;:7768,&quot;user_first_name&quot;:&quot;GKR&quot;,&quot;user_last_name&quot;:&quot;HRS&quot;,&quot;user_contact_number&quot;:9876503110,&quot;user_email_id&quot;:&quot;Team03HRS@gmail.com&quot;,&quot;creation_time&quot;:&quot;2024-10-11T01:49:57.738+00:00&quot;,&quot;last_mod_time&quot;:&quot;2024-10-11T01:49:57.738+00:00&quot;},{&quot;userAddress&quot;:{&quot;addressId&quot;:8801,&quot;plotNumber&quot;:&quot;Bt-11&quot;,&quot;street&quot;:&quot;First St&quot;,&quot;state&quot;:&quot;Texas&quot;,&quot;country&quot;:&quot;USA&quot;,&quot;zipCode&quot;:54877},&quot;user_id&quot;:8833,&quot;user_first_name&quot;:&quot;Ivory&quot;,&quot;user_last_name&quot;:&quot;Cormier&quot;,&quot;user_contact_number&quot;:9658603801,&quot;user_email_id&quot;:&quot;Team3bdailmmnfem@gmail.com&quot;,&quot;creation_time&quot;:&quot;2024-10-13T17:34:40.631+00:00&quot;,&quot;last_mod_time&quot;:&quot;2024-10-13T17:34:40.631+00:00&quot;},{&quot;userAddress&quot;:{&quot;addressId&quot;:7234,&quot;plotNumber&quot;:&quot;12-3&quot;,&quot;street&quot;:null,&quot;state&quot;:&quot;asdfgf&quot;,&quot;country&quot;:null,&quot;zipCode&quot;:675843},&quot;user_id&quot;:7267,&quot;user_first_name&quot;:&quot;David&quot;,&quot;user_last_name&quot;:&quot;Austin&quot;,&quot;user_contact_number&quot;:9876553212,&quot;user_email_id&quot;:&quot;david.austin02@gmail.com&quot;,&quot;creation_time&quot;:&quot;2024-10-07T22:04:54.922+00:00&quot;,&quot;last_mod_time&quot;:&quot;2024-10-07T22:04:54.922+00:00&quot;},{&quot;userAddress&quot;:{&quot;addressId&quot;:7927,&quot;plotNumber&quot;:&quot;P1-10&quot;,&quot;street&quot;:&quot;Main&quot;,&quot;state&quot;:&quot;NY&quot;,&quot;country&quot;:&quot;USA&quot;,&quot;zipCode&quot;:10081},&quot;user_id&quot;:7959,&quot;user_first_name&quot;:&quot;nattujo&quot;,&quot;user_last_name&quot;:&quot;jothina&quot;,&quot;user_contact_number&quot;:1591787810,&quot;user_email_id&quot;:&quot;nattujothina@example.com&quot;,&quot;creation_time&quot;:&quot;2024-10-11T21:45:14.914+00:00&quot;,&quot;last_mod_time&quot;:&quot;2024-10-11T21:45:14.914+00:00&quot;},{&quot;userAddress&quot;:{&quot;addressId&quot;:8802,&quot;plotNumber&quot;:&quot;Bt-11&quot;,&quot;street&quot;:&quot;First St&quot;,&quot;state&quot;:&quot;Texas&quot;,&quot;country&quot;:&quot;USA&quot;,&quot;zipCode&quot;:54877},&quot;user_id&quot;:8834,&quot;user_first_name&quot;:&quot;Teamthree&quot;,&quot;user_last_name&quot;:&quot;lastName&quot;,&quot;user_contact_number&quot;:7153565835,&quot;user_email_id&quot;:&quot;Team3pipgkgmppnbl@gmail.com&quot;,&quot;creation_time&quot;:&quot;2024-10-13T17:43:11.160+00:00&quot;,&quot;last_mod_time&quot;:&quot;2024-10-13T17:43:11.160+00:00&quot;},{&quot;userAddress&quot;:{&quot;addressId&quot;:7236,&quot;plotNumber&quot;:&quot;12-3&quot;,&quot;street&quot;:null,&quot;state&quot;:&quot;asdfgf&quot;,&quot;country&quot;:null,&quot;zipCode&quot;:675843},&quot;user_id&quot;:7269,&quot;user_first_name&quot;:&quot;David&quot;,&quot;user_last_name&quot;:&quot;Austin&quot;,&quot;user_contact_number&quot;:9876553312,&quot;user_email_id&quot;:&quot;david.austin03@gmail.com&quot;,&quot;creation_time&quot;:&quot;2024-10-07T22:17:53.223+00:00&quot;,&quot;last_mod_time&quot;:&quot;2024-10-07T22:17:53.223+00:00&quot;},{&quot;userAddress&quot;:{&quot;addressId&quot;:8978,&quot;plotNumber&quot;:&quot;P1-10&quot;,&quot;street&quot;:&quot;Medhurst Wall&quot;,&quot;state&quot;:&quot;TX&quot;,&quot;country&quot;:&quot;USA&quot;,&quot;zipCode&quot;:12356},&quot;user_id&quot;:9010,&quot;user_first_name&quot;:&quot;Isac&quot;,&quot;user_last_name&quot;:&quot;Waters&quot;,&quot;user_contact_number&quot;:3607896229,&quot;user_email_id&quot;:&quot;Elbert4@hotmail.com&quot;,&quot;creation_time&quot;:&quot;2024-10-13T23:04:01.255+00:00&quot;,&quot;last_mod_time&quot;:&quot;2024-10-13T23:04:01.255+00:00&quot;},{&quot;userAddress&quot;:{&quot;addressId&quot;:7942,&quot;plotNumber&quot;:&quot;P1-10&quot;,&quot;street&quot;:&quot;Quigley Glens&quot;,&quot;state&quot;:&quot;TX&quot;,&quot;country&quot;:&quot;USA&quot;,&quot;zipCode&quot;:10081},&quot;user_id&quot;:7974,&quot;user_first_name&quot;:&quot;Helene&quot;,&quot;user_last_name&quot;:&quot;Dibbert&quot;,&quot;user_contact_number&quot;:1234567895,&quot;user_email_id&quot;:&quot;Vincent97@gmail.com&quot;,&quot;creation_time&quot;:&quot;2024-10-11T23:31:32.800+00:00&quot;,&quot;last_mod_time&quot;:&quot;2024-10-11T23:31:32.800+00:00&quot;},{&quot;userAddress&quot;:{&quot;addressId&quot;:7943,&quot;plotNumber&quot;:&quot;P1-10&quot;,&quot;street&quot;:&quot;Bins Skyway&quot;,&quot;state&quot;:&quot;TX&quot;,&quot;country&quot;:&quot;USA&quot;,&quot;zipCode&quot;:12356},&quot;user_id&quot;:7975,&quot;user_first_name&quot;:&quot;Dallin&quot;,&quot;user_last_name&quot;:&quot;Koelpin&quot;,&quot;user_contact_number&quot;:1234568527,&quot;user_email_id&quot;:&quot;Wiley_Borer18@gmail.com&quot;,&quot;creation_time&quot;:&quot;2024-10-11T23:34:23.701+00:00&quot;,&quot;last_mod_time&quot;:&quot;2024-10-11T23:34:23.701+00:00&quot;},{&quot;userAddress&quot;:{&quot;addressId&quot;:7239,&quot;plotNumber&quot;:&quot;12-3&quot;,&quot;street&quot;:null,&quot;state&quot;:&quot;asdfgf&quot;,&quot;country&quot;:null,&quot;zipCode&quot;:675843},&quot;user_id&quot;:7272,&quot;user_first_name&quot;:&quot;David&quot;,&quot;user_last_name&quot;:&quot;Austin&quot;,&quot;user_contact_number&quot;:9876553412,&quot;user_email_id&quot;:&quot;david.austin04@gmail.com&quot;,&quot;creation_time&quot;:&quot;2024-10-07T22:38:29.408+00:00&quot;,&quot;last_mod_time&quot;:&quot;2024-10-07T22:38:29.408+00:00&quot;},{&quot;userAddress&quot;:{&quot;addressId&quot;:7313,&quot;plotNumber&quot;:&quot;AS-99&quot;,&quot;street&quot;:&quot;Gorniak&quot;,&quot;state&quot;:&quot;MI&quot;,&quot;country&quot;:&quot;USA&quot;,&quot;zipCode&quot;:7896},&quot;user_id&quot;:7346,&quot;user_first_name&quot;:&quot;TesterAA&quot;,&quot;user_last_name&quot;:&quot;Numpy&quot;,&quot;user_contact_number&quot;:2583691470,&quot;user_email_id&quot;:&quot;testlearneraa@gmail.com&quot;,&quot;creation_time&quot;:&quot;2024-10-08T20:23:23.057+00:00&quot;,&quot;last_mod_time&quot;:&quot;2024-10-08T20:23:23.057+00:00&quot;},{&quot;userAddress&quot;:{&quot;addressId&quot;:7314,&quot;plotNumber&quot;:&quot;AS-99&quot;,&quot;street&quot;:&quot;Gorniak&quot;,&quot;state&quot;:&quot;MI&quot;,&quot;country&quot;:&quot;USA&quot;,&quot;zipCode&quot;:7896},&quot;user_id&quot;:7347,&quot;user_first_name&quot;:&quot;TesterAB&quot;,&quot;user_last_name&quot;:&quot;Numpy&quot;,&quot;user_contact_number&quot;:1472583690,&quot;user_email_id&quot;:&quot;testlearnerab@gmail.com&quot;,&quot;creation_time&quot;:&quot;2024-10-08T20:23:23.834+00:00&quot;,&quot;last_mod_time&quot;:&quot;2024-10-08T20:23:23.834+00:00&quot;},{&quot;userAddress&quot;:{&quot;addressId&quot;:9967,&quot;plotNumber&quot;:&quot;P1-14&quot;,&quot;street&quot;:&quot;Pine&quot;,&quot;state&quot;:&quot;FL&quot;,&quot;country&quot;:&quot;USA&quot;,&quot;zipCode&quot;:33101},&quot;user_id&quot;:9999,&quot;user_first_name&quot;:&quot;Charlie&quot;,&quot;user_last_name&quot;:&quot;Brown&quot;,&quot;user_contact_number&quot;:5057382111,&quot;user_email_id&quot;:&quot;chBrown@example.com&quot;,&quot;creation_time&quot;:&quot;2024-10-15T16:31:42.466+00:00&quot;,&quot;last_mod_time&quot;:&quot;2024-10-15T16:31:42.466+00:00&quot;},{&quot;userAddress&quot;:{&quot;addressId&quot;:7242,&quot;plotNumber&quot;:&quot;12-3&quot;,&quot;street&quot;:&quot;qwerty&quot;,&quot;state&quot;:&quot;asdfgf&quot;,&quot;country&quot;:&quot;US&quot;,&quot;zipCode&quot;:675843},&quot;user_id&quot;:7275,&quot;user_first_name&quot;:&quot;Daniel&quot;,&quot;user_last_name&quot;:&quot;Austinn&quot;,&quot;user_contact_number&quot;:9876053412,&quot;user_email_id&quot;:&quot;david.austin08@gmail.com&quot;,&quot;creation_time&quot;:&quot;2024-10-07T23:00:49.730+00:00&quot;,&quot;last_mod_time&quot;:&quot;2024-10-07T23:02:28.393+00:00&quot;},{&quot;userAddress&quot;:{&quot;addressId&quot;:7243,&quot;plotNumber&quot;:&quot;12-3&quot;,&quot;street&quot;:&quot;qwerty&quot;,&quot;state&quot;:&quot;asdfgf&quot;,&quot;country&quot;:&quot;US&quot;,&quot;zipCode&quot;:675843},&quot;user_id&quot;:7276,&quot;user_first_name&quot;:&quot;Daniel&quot;,&quot;user_last_name&quot;:&quot;Austin&quot;,&quot;user_contact_number&quot;:9870053412,&quot;user_email_id&quot;:&quot;david.austin09@gmail.com&quot;,&quot;creation_time&quot;:&quot;2024-10-07T23:10:55.729+00:00&quot;,&quot;last_mod_time&quot;:&quot;2024-10-07T23:10:55.729+00:00&quot;},{&quot;userAddress&quot;:{&quot;addressId&quot;:7505,&quot;plotNumber&quot;:&quot;P1-10&quot;,&quot;street&quot;:&quot;Mainstreet&quot;,&quot;state&quot;:&quot;TX&quot;,&quot;country&quot;:&quot;USA&quot;,&quot;zipCode&quot;:68420},&quot;user_id&quot;:7538,&quot;user_first_name&quot;:&quot;Siva&quot;,&quot;user_last_name&quot;:&quot;Mani&quot;,&quot;user_contact_number&quot;:4564078780,&quot;user_email_id&quot;:&quot;siva@example.com&quot;,&quot;creation_time&quot;:&quot;2024-10-09T19:36:30.062+00:00&quot;,&quot;last_mod_time&quot;:&quot;2024-10-09T19:36:30.062+00:00&quot;},{&quot;userAddress&quot;:{&quot;addressId&quot;:7506,&quot;plotNumber&quot;:&quot;12-A&quot;,&quot;street&quot;:&quot;brodway&quot;,&quot;state&quot;:&quot;TX&quot;,&quot;country&quot;:&quot;USA&quot;,&quot;zipCode&quot;:75252},&quot;user_id&quot;:7539,&quot;user_first_name&quot;:&quot;NumpyTesttttt&quot;,&quot;user_last_name&quot;:&quot;Testing&quot;,&quot;user_contact_number&quot;:9874561235,&quot;user_email_id&quot;:&quot;testnumpy@aol.com&quot;,&quot;creation_time&quot;:&quot;2024-10-09T19:39:26.320+00:00&quot;,&quot;last_mod_time&quot;:&quot;2024-10-09T19:39:26.320+00:00&quot;},{&quot;userAddress&quot;:{&quot;addressId&quot;:7246,&quot;plotNumber&quot;:&quot;12-3&quot;,&quot;street&quot;:&quot;qwerty&quot;,&quot;state&quot;:&quot;asdfgf&quot;,&quot;country&quot;:&quot;US&quot;,&quot;zipCode&quot;:675843},&quot;user_id&quot;:7279,&quot;user_first_name&quot;:&quot;Daniel&quot;,&quot;user_last_name&quot;:&quot;Austin&quot;,&quot;user_contact_number&quot;:9870003412,&quot;user_email_id&quot;:&quot;david.austin10@gmail.com&quot;,&quot;creation_time&quot;:&quot;2024-10-07T23:25:44.227+00:00&quot;,&quot;last_mod_time&quot;:&quot;2024-10-07T23:25:44.227+00:00&quot;},{&quot;userAddress&quot;:{&quot;addressId&quot;:7306,&quot;plotNumber&quot;:&quot;pl-03&quot;,&quot;street&quot;:&quot;Broadway&quot;,&quot;state&quot;:&quot;Broadway&quot;,&quot;country&quot;:&quot;USA&quot;,&quot;zipCode&quot;:143422},&quot;user_id&quot;:7339,&quot;user_first_name&quot;:&quot;Rekha&quot;,&quot;user_last_name&quot;:&quot;Subi&quot;,&quot;user_contact_number&quot;:1234564460,&quot;user_email_id&quot;:&quot;subha123@gmail.com&quot;,&quot;creation_time&quot;:&quot;2024-10-08T20:15:12.769+00:00&quot;,&quot;last_mod_time&quot;:&quot;2024-10-08T20:15:12.769+00:00&quot;},{&quot;userAddress&quot;:{&quot;addressId&quot;:7507,&quot;plotNumber&quot;:&quot;12-A&quot;,&quot;street&quot;:&quot;brodway&quot;,&quot;state&quot;:&quot;TX&quot;,&quot;country&quot;:&quot;USA&quot;,&quot;zipCode&quot;:75252},&quot;user_id&quot;:7540,&quot;user_first_name&quot;:&quot;NumpyTghestttttt&quot;,&quot;user_last_name&quot;:&quot;Testing&quot;,&quot;user_contact_number&quot;:9874561835,&quot;user_email_id&quot;:&quot;testnuggmpy@aol.com&quot;,&quot;creation_time&quot;:&quot;2024-10-09T19:43:08.021+00:00&quot;,&quot;last_mod_time&quot;:&quot;2024-10-09T19:43:08.021+00:00&quot;},{&quot;userAddress&quot;:{&quot;addressId&quot;:7250,&quot;plotNumber&quot;:&quot;12-3&quot;,&quot;street&quot;:&quot;qwerty&quot;,&quot;state&quot;:&quot;asdfgf&quot;,&quot;country&quot;:&quot;US&quot;,&quot;zipCode&quot;:675843},&quot;user_id&quot;:7283,&quot;user_first_name&quot;:&quot;Daniel&quot;,&quot;user_last_name&quot;:&quot;Austin&quot;,&quot;user_contact_number&quot;:9770003012,&quot;user_email_id&quot;:&quot;david.austin12@gmail.com&quot;,&quot;creation_time&quot;:&quot;2024-10-07T23:35:13.643+00:00&quot;,&quot;last_mod_time&quot;:&quot;2024-10-07T23:35:13.643+00:00&quot;},{&quot;userAddress&quot;:{&quot;addressId&quot;:7251,&quot;plotNumber&quot;:&quot;12-3&quot;,&quot;street&quot;:&quot;qwerty&quot;,&quot;state&quot;:&quot;asdfgf&quot;,&quot;country&quot;:&quot;US&quot;,&quot;zipCode&quot;:675843},&quot;user_id&quot;:7284,&quot;user_first_name&quot;:&quot;Daniel&quot;,&quot;user_last_name&quot;:&quot;Austin&quot;,&quot;user_contact_number&quot;:9720003012,&quot;user_email_id&quot;:&quot;david.austin13@gmail.com&quot;,&quot;creation_time&quot;:&quot;2024-10-07T23:36:53.452+00:00&quot;,&quot;last_mod_time&quot;:&quot;2024-10-07T23:36:53.452+00:00&quot;},{&quot;userAddress&quot;:{&quot;addressId&quot;:7252,&quot;plotNumber&quot;:&quot;12-3&quot;,&quot;street&quot;:&quot;qwerty&quot;,&quot;state&quot;:&quot;asdfgf&quot;,&quot;country&quot;:&quot;US&quot;,&quot;zipCode&quot;:675843},&quot;user_id&quot;:7285,&quot;user_first_name&quot;:&quot;Daniel&quot;,&quot;user_last_name&quot;:&quot;Austin&quot;,&quot;user_contact_number&quot;:9730003012,&quot;user_email_id&quot;:&quot;david.austin14@gmail.com&quot;,&quot;creation_time&quot;:&quot;2024-10-07T23:42:24.648+00:00&quot;,&quot;last_mod_time&quot;:&quot;2024-10-07T23:42:24.648+00:00&quot;},{&quot;userAddress&quot;:{&quot;addressId&quot;:7253,&quot;plotNumber&quot;:&quot;12-3&quot;,&quot;street&quot;:&quot;qwerty&quot;,&quot;state&quot;:&quot;asdfgf&quot;,&quot;country&quot;:&quot;US&quot;,&quot;zipCode&quot;:675843},&quot;user_id&quot;:7286,&quot;user_first_name&quot;:&quot;Daniel&quot;,&quot;user_last_name&quot;:&quot;Austin&quot;,&quot;user_contact_number&quot;:9740003012,&quot;user_email_id&quot;:&quot;david.austin15@gmail.com&quot;,&quot;creation_time&quot;:&quot;2024-10-07T23:42:55.312+00:00&quot;,&quot;last_mod_time&quot;:&quot;2024-10-07T23:42:55.312+00:00&quot;},{&quot;userAddress&quot;:{&quot;addressId&quot;:7255,&quot;plotNumber&quot;:&quot;A-14&quot;,&quot;street&quot;:&quot;newyorkstreet&quot;,&quot;state&quot;:&quot;newyork&quot;,&quot;country&quot;:&quot;unitedstates&quot;,&quot;zipCode&quot;:30056},&quot;user_id&quot;:7288,&quot;user_first_name&quot;:&quot;thirdtestuser&quot;,&quot;user_last_name&quot;:&quot;testuserlastname&quot;,&quot;user_contact_number&quot;:9999998883,&quot;user_email_id&quot;:&quot;testuser03@gmail.com&quot;,&quot;creation_time&quot;:&quot;2024-10-07T23:55:53.580+00:00&quot;,&quot;last_mod_time&quot;:&quot;2024-10-07T23:55:53.580+00:00&quot;},{&quot;userAddress&quot;:{&quot;addressId&quot;:7258,&quot;plotNumber&quot;:&quot;AS-99&quot;,&quot;street&quot;:&quot;Westminster Blvd&quot;,&quot;state&quot;:&quot;NJ&quot;,&quot;country&quot;:&quot;USA&quot;,&quot;zipCode&quot;:8859},&quot;user_id&quot;:7291,&quot;user_first_name&quot;:&quot;Wonka&quot;,&quot;user_last_name&quot;:&quot;Wakey&quot;,&quot;user_contact_number&quot;:7899631478,&quot;user_email_id&quot;:&quot;Wonka.wakey@gmail.com&quot;,&quot;creation_time&quot;:&quot;2024-10-08T13:03:40.728+00:00&quot;,&quot;last_mod_time&quot;:&quot;2024-10-08T13:03:40.728+00:00&quot;},{&quot;userAddress&quot;:{&quot;addressId&quot;:7259,&quot;plotNumber&quot;:&quot;AS-99&quot;,&quot;street&quot;:&quot;Westminster Blvd&quot;,&quot;state&quot;:&quot;NJ&quot;,&quot;country&quot;:&quot;USA&quot;,&quot;zipCode&quot;:8859},&quot;user_id&quot;:7292,&quot;user_first_name&quot;:&quot;Wonka&quot;,&quot;user_last_name&quot;:&quot;Wakey&quot;,&quot;user_contact_number&quot;:7899631471,&quot;user_email_id&quot;:&quot;Wonka.wakey1@gmail.com&quot;,&quot;creation_time&quot;:&quot;2024-10-08T13:06:02.413+00:00&quot;,&quot;last_mod_time&quot;:&quot;2024-10-08T13:06:02.413+00:00&quot;},{&quot;userAddress&quot;:{&quot;addressId&quot;:7260,&quot;plotNumber&quot;:&quot;AS-99&quot;,&quot;street&quot;:&quot;Westminster Blvd&quot;,&quot;state&quot;:&quot;NJ&quot;,&quot;country&quot;:&quot;USA&quot;,&quot;zipCode&quot;:8859},&quot;user_id&quot;:7293,&quot;user_first_name&quot;:&quot;Wonka&quot;,&quot;user_last_name&quot;:&quot;Wakey&quot;,&quot;user_contact_number&quot;:7899631472,&quot;user_email_id&quot;:&quot;Wonka.wakey2@gmail.com&quot;,&quot;creation_time&quot;:&quot;2024-10-08T13:25:29.034+00:00&quot;,&quot;last_mod_time&quot;:&quot;2024-10-08T13:25:29.034+00:00&quot;},{&quot;userAddress&quot;:{&quot;addressId&quot;:7263,&quot;plotNumber&quot;:&quot;12-3&quot;,&quot;street&quot;:&quot;qwerty&quot;,&quot;state&quot;:&quot;asdfgf&quot;,&quot;country&quot;:&quot;US&quot;,&quot;zipCode&quot;:675843},&quot;user_id&quot;:7296,&quot;user_first_name&quot;:&quot;Stephen&quot;,&quot;user_last_name&quot;:&quot;Austin&quot;,&quot;user_contact_number&quot;:9700003012,&quot;user_email_id&quot;:&quot;david.austin16@gmail.com&quot;,&quot;creation_time&quot;:&quot;2024-10-08T15:07:27.100+00:00&quot;,&quot;last_mod_time&quot;:&quot;2024-10-08T15:07:27.100+00:00&quot;},{&quot;userAddress&quot;:{&quot;addressId&quot;:7247,&quot;plotNumber&quot;:&quot;12-3&quot;,&quot;street&quot;:&quot;qwerty&quot;,&quot;state&quot;:&quot;asdfgf&quot;,&quot;country&quot;:&quot;US&quot;,&quot;zipCode&quot;:675843},&quot;user_id&quot;:7280,&quot;user_first_name&quot;:&quot;louis&quot;,&quot;user_last_name&quot;:&quot;Austinn&quot;,&quot;user_contact_number&quot;:9076053412,&quot;user_email_id&quot;:&quot;david.austn08@gmail.com&quot;,&quot;creation_time&quot;:&quot;2024-10-07T23:26:13.900+00:00&quot;,&quot;last_mod_time&quot;:&quot;2024-10-08T15:33:37.798+00:00&quot;},{&quot;userAddress&quot;:{&quot;addressId&quot;:7264,&quot;plotNumber&quot;:&quot;AS-99&quot;,&quot;street&quot;:&quot;Gorniak&quot;,&quot;state&quot;:&quot;MI&quot;,&quot;country&quot;:&quot;USA&quot;,&quot;zipCode&quot;:7896},&quot;user_id&quot;:7297,&quot;user_first_name&quot;:&quot;TesterA&quot;,&quot;user_last_name&quot;:&quot;Numpy&quot;,&quot;user_contact_number&quot;:1237894560,&quot;user_email_id&quot;:&quot;testerlearnera@gmail.com&quot;,&quot;creation_time&quot;:&quot;2024-10-08T15:44:36.489+00:00&quot;,&quot;last_mod_time&quot;:&quot;2024-10-08T15:44:36.489+00:00&quot;},{&quot;userAddress&quot;:{&quot;addressId&quot;:7265,&quot;plotNumber&quot;:&quot;AS-99&quot;,&quot;street&quot;:&quot;Gorniak&quot;,&quot;state&quot;:&quot;MI&quot;,&quot;country&quot;:&quot;USA&quot;,&quot;zipCode&quot;:7896},&quot;user_id&quot;:7298,&quot;user_first_name&quot;:&quot;TesterB&quot;,&quot;user_last_name&quot;:&quot;Numpy&quot;,&quot;user_contact_number&quot;:1237894561,&quot;user_email_id&quot;:&quot;testerlearnerb@gmail.com&quot;,&quot;creation_time&quot;:&quot;2024-10-08T15:44:37.015+00:00&quot;,&quot;last_mod_time&quot;:&quot;2024-10-08T15:44:37.015+00:00&quot;},{&quot;userAddress&quot;:{&quot;addressId&quot;:7367,&quot;plotNumber&quot;:&quot;6-t&quot;,&quot;street&quot;:&quot;cinnamon&quot;,&quot;state&quot;:&quot;CA&quot;,&quot;country&quot;:&quot;USA&quot;,&quot;zipCode&quot;:98769},&quot;user_id&quot;:7400,&quot;user_first_name&quot;:&quot;string&quot;,&quot;user_last_name&quot;:&quot;string&quot;,&quot;user_contact_number&quot;:9234567899,&quot;user_email_id&quot;:&quot;numpy1234@gmail.com&quot;,&quot;creation_time&quot;:&quot;2024-10-08T23:32:37.869+00:00&quot;,&quot;last_mod_time&quot;:&quot;2024-10-08T23:32:37.869+00:00&quot;},{&quot;userAddress&quot;:{&quot;addressId&quot;:7267,&quot;plotNumber&quot;:&quot;A-2&quot;,&quot;street&quot;:&quot;brodway&quot;,&quot;state&quot;:&quot;NY&quot;,&quot;country&quot;:&quot;USA&quot;,&quot;zipCode&quot;:75252},&quot;user_id&quot;:7300,&quot;user_first_name&quot;:&quot;NumpyTim&quot;,&quot;user_last_name&quot;:&quot;NinjaTim&quot;,&quot;user_contact_number&quot;:9995556565,&quot;user_email_id&quot;:&quot;numpynijatim@gmail.com&quot;,&quot;creation_time&quot;:&quot;2024-10-08T15:48:21.299+00:00&quot;,&quot;last_mod_time&quot;:&quot;2024-10-08T15:48:21.299+00:00&quot;},{&quot;userAddress&quot;:{&quot;addressId&quot;:7329,&quot;plotNumber&quot;:&quot;123-as&quot;,&quot;street&quot;:&quot;Street&quot;,&quot;state&quot;:&quot;Texas&quot;,&quot;country&quot;:&quot;USA&quot;,&quot;zipCode&quot;:1234512344},&quot;user_id&quot;:7362,&quot;user_first_name&quot;:&quot;minni&quot;,&quot;user_last_name&quot;:&quot;James&quot;,&quot;user_contact_number&quot;:1234568888,&quot;user_email_id&quot;:&quot;minnijames11@gmail.com&quot;,&quot;creation_time&quot;:&quot;2024-10-08T21:03:48.195+00:00&quot;,&quot;last_mod_time&quot;:&quot;2024-10-08T21:03:48.195+00:00&quot;},{&quot;userAddress&quot;:{&quot;addressId&quot;:7269,&quot;plotNumber&quot;:&quot;pl-03&quot;,&quot;street&quot;:&quot;Broadway&quot;,&quot;state&quot;:&quot;Broadway&quot;,&quot;country&quot;:&quot;USA&quot;,&quot;zipCode&quot;:143422},&quot;user_id&quot;:7302,&quot;user_first_name&quot;:&quot;Rekha&quot;,&quot;user_last_name&quot;:&quot;Subi&quot;,&quot;user_contact_number&quot;:1234564465,&quot;user_email_id&quot;:&quot;trekh311@gmail.com&quot;,&quot;creation_time&quot;:&quot;2024-10-08T16:03:33.304+00:00&quot;,&quot;last_mod_time&quot;:&quot;2024-10-08T16:03:33.304+00:00&quot;},{&quot;userAddress&quot;:{&quot;addressId&quot;:7273,&quot;plotNumber&quot;:&quot;P1-10&quot;,&quot;street&quot;:&quot;Main&quot;,&quot;state&quot;:&quot;MD&quot;,&quot;country&quot;:&quot;USA&quot;,&quot;zipCode&quot;:20874},&quot;user_id&quot;:7306,&quot;user_first_name&quot;:&quot;Rashmi&quot;,&quot;user_last_name&quot;:&quot;Gk&quot;,&quot;user_contact_number&quot;:8187269672,&quot;user_email_id&quot;:&quot;Team03Rashmi@gmail.com&quot;,&quot;creation_time&quot;:&quot;2024-10-08T16:37:31.502+00:00&quot;,&quot;last_mod_time&quot;:&quot;2024-10-08T16:37:31.502+00:00&quot;},{&quot;userAddress&quot;:{&quot;addressId&quot;:7274,&quot;plotNumber&quot;:&quot;AS-99&quot;,&quot;street&quot;:&quot;Gorniak&quot;,&quot;state&quot;:&quot;MI&quot;,&quot;country&quot;:&quot;USA&quot;,&quot;zipCode&quot;:7896},&quot;user_id&quot;:7307,&quot;user_first_name&quot;:&quot;TesterA&quot;,&quot;user_last_name&quot;:&quot;Numpy&quot;,&quot;user_contact_number&quot;:1237894562,&quot;user_email_id&quot;:&quot;testerlearner2@gmail.com&quot;,&quot;creation_time&quot;:&quot;2024-10-08T16:40:43.913+00:00&quot;,&quot;last_mod_time&quot;:&quot;2024-10-08T16:40:43.913+00:00&quot;},{&quot;userAddress&quot;:{&quot;addressId&quot;:7275,&quot;plotNumber&quot;:&quot;pl-3&quot;,&quot;street&quot;:&quot;shadow sR&quot;,&quot;state&quot;:&quot;GA&quot;,&quot;country&quot;:&quot;INDIA&quot;,&quot;zipCode&quot;:66466},&quot;user_id&quot;:7308,&quot;user_first_name&quot;:&quot;Elizabeth&quot;,&quot;user_last_name&quot;:&quot;Wuckert&quot;,&quot;user_contact_number&quot;:5835088989,&quot;user_email_id&quot;:&quot;tesyutosernewman133@gmail.com&quot;,&quot;creation_time&quot;:&quot;2024-10-08T16:47:02.871+00:00&quot;,&quot;last_mod_time&quot;:&quot;2024-10-08T16:47:02.871+00:00&quot;},{&quot;userAddress&quot;:{&quot;addressId&quot;:7284,&quot;plotNumber&quot;:&quot;A-12&quot;,&quot;street&quot;:&quot;Street&quot;,&quot;state&quot;:&quot;Texas&quot;,&quot;country&quot;:&quot;USA&quot;,&quot;zipCode&quot;:12345},&quot;user_id&quot;:7317,&quot;user_first_name&quot;:&quot;Minni&quot;,&quot;user_last_name&quot;:&quot;James&quot;,&quot;user_contact_number&quot;:1234555892,&quot;user_email_id&quot;:&quot;minnijames@gmail.com&quot;,&quot;creation_time&quot;:&quot;2024-10-08T18:43:05.741+00:00&quot;,&quot;last_mod_time&quot;:&quot;2024-10-08T18:43:05.741+00:00&quot;},{&quot;userAddress&quot;:{&quot;addressId&quot;:10290,&quot;plotNumber&quot;:&quot;12-bc&quot;,&quot;street&quot;:&quot;New Street&quot;,&quot;state&quot;:&quot;FL&quot;,&quot;country&quot;:&quot;USA&quot;,&quot;zipCode&quot;:123123},&quot;user_id&quot;:10322,&quot;user_first_name&quot;:&quot;TrekThree&quot;,&quot;user_last_name&quot;:&quot;star&quot;,&quot;user_contact_number&quot;:9000123456,&quot;user_email_id&quot;:&quot;A9000123456@gmail.com&quot;,&quot;creation_time&quot;:&quot;2024-10-16T07:07:21.365+00:00&quot;,&quot;last_mod_time&quot;:&quot;2024-10-16T07:07:24.224+00:00&quot;},{&quot;userAddress&quot;:{&quot;addressId&quot;:7555,&quot;plotNumber&quot;:&quot;pl-21&quot;,&quot;street&quot;:&quot;pontiac&quot;,&quot;state&quot;:&quot;Illinois&quot;,&quot;country&quot;:&quot;USA&quot;,&quot;zipCode&quot;:60502},&quot;user_id&quot;:7587,&quot;user_first_name&quot;:&quot;Thenmozhi&quot;,&quot;user_last_name&quot;:&quot;Palaniappan&quot;,&quot;user_contact_number&quot;:9856543218,&quot;user_email_id&quot;:&quot;Team3Gayathrip@gmail.com&quot;,&quot;creation_time&quot;:&quot;2024-10-09T23:40:32.368+00:00&quot;,&quot;last_mod_time&quot;:&quot;2024-10-09T23:40:32.368+00:00&quot;},{&quot;userAddress&quot;:{&quot;addressId&quot;:7556,&quot;plotNumber&quot;:&quot;pl-21&quot;,&quot;street&quot;:&quot;pontiac&quot;,&quot;state&quot;:&quot;Illinois&quot;,&quot;country&quot;:&quot;USA&quot;,&quot;zipCode&quot;:60502},&quot;user_id&quot;:7588,&quot;user_first_name&quot;:&quot;Kalaiarasi&quot;,&quot;user_last_name&quot;:&quot;Palaniappan&quot;,&quot;user_contact_number&quot;:9856543219,&quot;user_email_id&quot;:&quot;Team3Gayathripl@gmail.com&quot;,&quot;creation_time&quot;:&quot;2024-10-09T23:41:16.897+00:00&quot;,&quot;last_mod_time&quot;:&quot;2024-10-09T23:41:16.897+00:00&quot;},{&quot;userAddress&quot;:{&quot;addressId&quot;:7565,&quot;plotNumber&quot;:&quot;AS-5014&quot;,&quot;street&quot;:&quot;Bloomfield Pass ct&quot;,&quot;state&quot;:&quot;Texas&quot;,&quot;country&quot;:&quot;USA&quot;,&quot;zipCode&quot;:77479},&quot;user_id&quot;:7597,&quot;user_first_name&quot;:&quot;kavita&quot;,&quot;user_last_name&quot;:&quot;Gandhi&quot;,&quot;user_contact_number&quot;:2028999483,&quot;user_email_id&quot;:&quot;Team04kavita@gmail.com&quot;,&quot;creation_time&quot;:&quot;2024-10-10T01:24:43.022+00:00&quot;,&quot;last_mod_time&quot;:&quot;2024-10-10T01:24:43.022+00:00&quot;},{&quot;userAddress&quot;:{&quot;addressId&quot;:7293,&quot;plotNumber&quot;:&quot;pl-03&quot;,&quot;street&quot;:&quot;Broadway&quot;,&quot;state&quot;:&quot;Broadway&quot;,&quot;country&quot;:&quot;USA&quot;,&quot;zipCode&quot;:143422},&quot;user_id&quot;:7326,&quot;user_first_name&quot;:&quot;Rekha&quot;,&quot;user_last_name&quot;:&quot;Subi&quot;,&quot;user_contact_number&quot;:1234564461,&quot;user_email_id&quot;:&quot;subha1234@gmail.com&quot;,&quot;creation_time&quot;:&quot;2024-10-08T19:38:39.438+00:00&quot;,&quot;last_mod_time&quot;:&quot;2024-10-08T23:21:02.484+00:00&quot;},{&quot;userAddress&quot;:{&quot;addressId&quot;:7372,&quot;plotNumber&quot;:&quot;345-p&quot;,&quot;street&quot;:&quot;sterling&quot;,&quot;state&quot;:&quot;Minnesota&quot;,&quot;country&quot;:&quot;Chase&quot;,&quot;zipCode&quot;:55032},&quot;user_id&quot;:7405,&quot;user_first_name&quot;:&quot;sally&quot;,&quot;user_last_name&quot;:&quot;sheen&quot;,&quot;user_contact_number&quot;:6783896756,&quot;user_email_id&quot;:&quot;s@yahoo.com&quot;,&quot;creation_time&quot;:&quot;2024-10-09T00:17:00.631+00:00&quot;,&quot;last_mod_time&quot;:&quot;2024-10-09T00:17:00.631+00:00&quot;},{&quot;userAddress&quot;:{&quot;addressId&quot;:7377,&quot;plotNumber&quot;:&quot;A-14&quot;,&quot;street&quot;:&quot;newyorkstreet&quot;,&quot;state&quot;:&quot;newyork&quot;,&quot;country&quot;:&quot;unitedstates&quot;,&quot;zipCode&quot;:30056},&quot;user_id&quot;:7410,&quot;user_first_name&quot;:&quot;firsttestuser&quot;,&quot;user_last_name&quot;:&quot;testuserlastname&quot;,&quot;user_contact_number&quot;:9999998881,&quot;user_email_id&quot;:&quot;testuser01@gmail.com&quot;,&quot;creation_time&quot;:&quot;2024-10-09T00:28:16.920+00:00&quot;,&quot;last_mod_time&quot;:&quot;2024-10-09T00:28:16.920+00:00&quot;},{&quot;userAddress&quot;:{&quot;addressId&quot;:10480,&quot;plotNumber&quot;:&quot;102-AB&quot;,&quot;street&quot;:&quot;village&quot;,&quot;state&quot;:&quot;CA&quot;,&quot;country&quot;:&quot;USA&quot;,&quot;zipCode&quot;:95671},&quot;user_id&quot;:10512,&quot;user_first_name&quot;:&quot;rey&quot;,&quot;user_last_name&quot;:&quot;si&quot;,&quot;user_contact_number&quot;:2454567888,&quot;user_email_id&quot;:&quot;reysi07@gmail.com&quot;,&quot;creation_time&quot;:&quot;2024-10-17T02:30:21.091+00:00&quot;,&quot;last_mod_time&quot;:&quot;2024-10-17T02:30:21.091+00:00&quot;},{&quot;userAddress&quot;:{&quot;addressId&quot;:7379,&quot;plotNumber&quot;:&quot;AS-99&quot;,&quot;street&quot;:&quot;Gorniak&quot;,&quot;state&quot;:&quot;MI&quot;,&quot;country&quot;:&quot;USA&quot;,&quot;zipCode&quot;:7896},&quot;user_id&quot;:7412,&quot;user_first_name&quot;:&quot;TesterAC&quot;,&quot;user_last_name&quot;:&quot;Numpy&quot;,&quot;user_contact_number&quot;:2583691471,&quot;user_email_id&quot;:&quot;testlearnerac@gmail.com&quot;,&quot;creation_time&quot;:&quot;2024-10-09T00:57:48.629+00:00&quot;,&quot;last_mod_time&quot;:&quot;2024-10-09T00:57:48.629+00:00&quot;},{&quot;userAddress&quot;:{&quot;addressId&quot;:7380,&quot;plotNumber&quot;:&quot;AS-99&quot;,&quot;street&quot;:&quot;Gorniak&quot;,&quot;state&quot;:&quot;MI&quot;,&quot;country&quot;:&quot;USA&quot;,&quot;zipCode&quot;:7896},&quot;user_id&quot;:7413,&quot;user_first_name&quot;:&quot;TesterAD&quot;,&quot;user_last_name&quot;:&quot;Numpy&quot;,&quot;user_contact_number&quot;:1472583691,&quot;user_email_id&quot;:&quot;testlearnerad@gmail.com&quot;,&quot;creation_time&quot;:&quot;2024-10-09T00:57:48.963+00:00&quot;,&quot;last_mod_time&quot;:&quot;2024-10-09T00:57:48.963+00:00&quot;},{&quot;userAddress&quot;:{&quot;addressId&quot;:8979,&quot;plotNumber&quot;:&quot;P1-10&quot;,&quot;street&quot;:&quot;Raynor Prairie&quot;,&quot;state&quot;:&quot;TX&quot;,&quot;country&quot;:&quot;USA&quot;,&quot;zipCode&quot;:12356},&quot;user_id&quot;:9011,&quot;user_first_name&quot;:&quot;Dino&quot;,&quot;user_last_name&quot;:&quot;King&quot;,&quot;user_contact_number&quot;:3607896548,&quot;user_email_id&quot;:&quot;Jazmyn_Bayer74@hotmail.com&quot;,&quot;creation_time&quot;:&quot;2024-10-13T23:04:28.897+00:00&quot;,&quot;last_mod_time&quot;:&quot;2024-10-13T23:04:28.897+00:00&quot;},{&quot;userAddress&quot;:{&quot;addressId&quot;:10481,&quot;plotNumber&quot;:&quot;19-a&quot;,&quot;street&quot;:&quot;Cypress Dr&quot;,&quot;state&quot;:&quot;Texas&quot;,&quot;country&quot;:&quot;USA&quot;,&quot;zipCode&quot;:null},&quot;user_id&quot;:10513,&quot;user_first_name&quot;:&quot;Vijaya&quot;,&quot;user_last_name&quot;:&quot;TeamThree&quot;,&quot;user_contact_number&quot;:5466230887,&quot;user_email_id&quot;:&quot;karlene.schowalter@example.com&quot;,&quot;creation_time&quot;:&quot;2024-10-17T02:35:11.032+00:00&quot;,&quot;last_mod_time&quot;:&quot;2024-10-17T02:35:11.032+00:00&quot;},{&quot;userAddress&quot;:{&quot;addressId&quot;:7928,&quot;plotNumber&quot;:&quot;P1-10&quot;,&quot;street&quot;:&quot;Main&quot;,&quot;state&quot;:&quot;NY&quot;,&quot;country&quot;:&quot;USA&quot;,&quot;zipCode&quot;:10081},&quot;user_id&quot;:7960,&quot;user_first_name&quot;:&quot;paps&quot;,&quot;user_last_name&quot;:&quot;razzi&quot;,&quot;user_contact_number&quot;:9591787810,&quot;user_email_id&quot;:&quot;papparazzi@example.com&quot;,&quot;creation_time&quot;:&quot;2024-10-11T21:54:40.752+00:00&quot;,&quot;last_mod_time&quot;:&quot;2024-10-11T21:54:40.752+00:00&quot;},{&quot;userAddress&quot;:{&quot;addressId&quot;:10135,&quot;plotNumber&quot;:&quot;Ai-45&quot;,&quot;street&quot;:&quot;KeerAve&quot;,&quot;state&quot;:&quot;Ca&quot;,&quot;country&quot;:&quot;UnitedStates&quot;,&quot;zipCode&quot;:90999},&quot;user_id&quot;:10167,&quot;user_first_name&quot;:&quot;Kenny&quot;,&quot;user_last_name&quot;:&quot;Leo&quot;,&quot;user_contact_number&quot;:4566785643,&quot;user_email_id&quot;:&quot;leo@gmail.com&quot;,&quot;creation_time&quot;:&quot;2024-10-16T00:12:39.558+00:00&quot;,&quot;last_mod_time&quot;:&quot;2024-10-16T00:12:39.558+00:00&quot;},{&quot;userAddress&quot;:{&quot;addressId&quot;:7385,&quot;plotNumber&quot;:&quot;AS-99&quot;,&quot;street&quot;:&quot;Gorniak&quot;,&quot;state&quot;:&quot;MI&quot;,&quot;country&quot;:&quot;USA&quot;,&quot;zipCode&quot;:7896},&quot;user_id&quot;:7418,&quot;user_first_name&quot;:&quot;TesterAE&quot;,&quot;user_last_name&quot;:&quot;Numpy&quot;,&quot;user_contact_number&quot;:1472583693,&quot;user_email_id&quot;:&quot;testlearnerae@gmail.com&quot;,&quot;creation_time&quot;:&quot;2024-10-09T01:18:17.973+00:00&quot;,&quot;last_mod_time&quot;:&quot;2024-10-09T01:18:17.973+00:00&quot;},{&quot;userAddress&quot;:{&quot;addressId&quot;:10482,&quot;plotNumber&quot;:&quot;19-a&quot;,&quot;street&quot;:&quot;Cypress Dr&quot;,&quot;state&quot;:&quot;Texas&quot;,&quot;country&quot;:&quot;USA&quot;,&quot;zipCode&quot;:null},&quot;user_id&quot;:10514,&quot;user_first_name&quot;:&quot;Vijaya&quot;,&quot;user_last_name&quot;:&quot;TeamThree&quot;,&quot;user_contact_number&quot;:5183703710,&quot;user_email_id&quot;:&quot;guillermo.mcclure@example.com&quot;,&quot;creation_time&quot;:&quot;2024-10-17T02:35:11.842+00:00&quot;,&quot;last_mod_time&quot;:&quot;2024-10-17T02:35:11.842+00:00&quot;},{&quot;userAddress&quot;:{&quot;addressId&quot;:10483,&quot;plotNumber&quot;:&quot;102-AB&quot;,&quot;street&quot;:&quot;village&quot;,&quot;state&quot;:&quot;CA&quot;,&quot;country&quot;:&quot;USA&quot;,&quot;zipCode&quot;:95671},&quot;user_id&quot;:10515,&quot;user_first_name&quot;:&quot;reyi&quot;,&quot;user_last_name&quot;:&quot;sii&quot;,&quot;user_contact_number&quot;:2454567899,&quot;user_email_id&quot;:&quot;reyisii07@gmail.com&quot;,&quot;creation_time&quot;:&quot;2024-10-17T02:36:41.141+00:00&quot;,&quot;last_mod_time&quot;:&quot;2024-10-17T02:36:41.141+00:00&quot;},{&quot;userAddress&quot;:{&quot;addressId&quot;:10484,&quot;plotNumber&quot;:&quot;19-a&quot;,&quot;street&quot;:&quot;Cypress Dr&quot;,&quot;state&quot;:&quot;Texas&quot;,&quot;country&quot;:&quot;USA&quot;,&quot;zipCode&quot;:null},&quot;user_id&quot;:10516,&quot;user_first_name&quot;:&quot;Vijaya&quot;,&quot;user_last_name&quot;:&quot;TeamThree&quot;,&quot;user_contact_number&quot;:5528856124,&quot;user_email_id&quot;:&quot;deja.price@example.com&quot;,&quot;creation_time&quot;:&quot;2024-10-17T02:39:49.410+00:00&quot;,&quot;last_mod_time&quot;:&quot;2024-10-17T02:39:49.410+00:00&quot;},{&quot;userAddress&quot;:{&quot;addressId&quot;:8160,&quot;plotNumber&quot;:&quot;pl-3&quot;,&quot;street&quot;:&quot;shadow sR&quot;,&quot;state&quot;:&quot;GA&quot;,&quot;country&quot;:&quot;INDIA&quot;,&quot;zipCode&quot;:66466},&quot;user_id&quot;:8192,&quot;user_first_name&quot;:&quot;UMUUUUUUUUUU&quot;,&quot;user_last_name&quot;:&quot;Lehner&quot;,&quot;user_contact_number&quot;:5835088982,&quot;user_email_id&quot;:&quot;team5psm1@gmail.com&quot;,&quot;creation_time&quot;:&quot;2024-10-12T17:32:44.081+00:00&quot;,&quot;last_mod_time&quot;:&quot;2024-10-12T17:32:44.081+00:00&quot;},{&quot;userAddress&quot;:{&quot;addressId&quot;:7390,&quot;plotNumber&quot;:&quot;AS-99&quot;,&quot;street&quot;:&quot;Gorniak&quot;,&quot;state&quot;:&quot;MI&quot;,&quot;country&quot;:&quot;USA&quot;,&quot;zipCode&quot;:7896},&quot;user_id&quot;:7423,&quot;user_first_name&quot;:&quot;TesterAG&quot;,&quot;user_last_name&quot;:&quot;Numpy&quot;,&quot;user_contact_number&quot;:1472583694,&quot;user_email_id&quot;:&quot;testlearneraf@gmail.com&quot;,&quot;creation_time&quot;:&quot;2024-10-09T01:46:28.871+00:00&quot;,&quot;last_mod_time&quot;:&quot;2024-10-09T01:46:28.871+00:00&quot;},{&quot;userAddress&quot;:{&quot;addressId&quot;:10485,&quot;plotNumber&quot;:&quot;19-a&quot;,&quot;street&quot;:&quot;Cypress Dr&quot;,&quot;state&quot;:&quot;Texas&quot;,&quot;country&quot;:&quot;USA&quot;,&quot;zipCode&quot;:null},&quot;user_id&quot;:10517,&quot;user_first_name&quot;:&quot;Vijaya&quot;,&quot;user_last_name&quot;:&quot;TeamThree&quot;,&quot;user_contact_number&quot;:5401256009,&quot;user_email_id&quot;:&quot;matthew.grimes@example.com&quot;,&quot;creation_time&quot;:&quot;2024-10-17T02:39:50.302+00:00&quot;,&quot;last_mod_time&quot;:&quot;2024-10-17T02:39:50.302+00:00&quot;},{&quot;userAddress&quot;:{&quot;addressId&quot;:7753,&quot;plotNumber&quot;:&quot;P1-11&quot;,&quot;street&quot;:&quot;Main&quot;,&quot;state&quot;:&quot;LA&quot;,&quot;country&quot;:&quot;USA&quot;,&quot;zipCode&quot;:20875},&quot;user_id&quot;:7785,&quot;user_first_name&quot;:&quot;Sharada&quot;,&quot;user_last_name&quot;:&quot;Amma&quot;,&quot;user_contact_number&quot;:4876503230,&quot;user_email_id&quot;:&quot;Team03AmmasharadaS@gmail.com&quot;,&quot;creation_time&quot;:&quot;2024-10-11T02:53:15.695+00:00&quot;,&quot;last_mod_time&quot;:&quot;2024-10-11T02:53:15.695+00:00&quot;},{&quot;userAddress&quot;:{&quot;addressId&quot;:7657,&quot;plotNumber&quot;:&quot;12-A&quot;,&quot;street&quot;:&quot;brodway&quot;,&quot;state&quot;:&quot;TX&quot;,&quot;country&quot;:&quot;usa&quot;,&quot;zipCode&quot;:75},&quot;user_id&quot;:7689,&quot;user_first_name&quot;:&quot;rjkaal&quot;,&quot;user_last_name&quot;:&quot;Testing&quot;,&quot;user_contact_number&quot;:9871561035,&quot;user_email_id&quot;:&quot;tdfesgmpy@aol.com&quot;,&quot;creation_time&quot;:&quot;2024-10-10T17:42:52.366+00:00&quot;,&quot;last_mod_time&quot;:&quot;2024-10-10T17:42:52.366+00:00&quot;},{&quot;userAddress&quot;:{&quot;addressId&quot;:7499,&quot;plotNumber&quot;:&quot;pl-21&quot;,&quot;street&quot;:&quot;westlyn street&quot;,&quot;state&quot;:&quot;Illinois&quot;,&quot;country&quot;:&quot;USA&quot;,&quot;zipCode&quot;:60502},&quot;user_id&quot;:7532,&quot;user_first_name&quot;:&quot;Gayathri&quot;,&quot;user_last_name&quot;:&quot;Palaniappan&quot;,&quot;user_contact_number&quot;:9856543217,&quot;user_email_id&quot;:&quot;Team3Gayathri@gmail.com&quot;,&quot;creation_time&quot;:&quot;2024-10-09T18:30:50.135+00:00&quot;,&quot;last_mod_time&quot;:&quot;2024-10-09T22:25:54.328+00:00&quot;},{&quot;userAddress&quot;:{&quot;addressId&quot;:7658,&quot;plotNumber&quot;:&quot;12-A&quot;,&quot;street&quot;:&quot;brodway&quot;,&quot;state&quot;:&quot;TX&quot;,&quot;country&quot;:&quot;usa&quot;,&quot;zipCode&quot;:75},&quot;user_id&quot;:7690,&quot;user_first_name&quot;:&quot;rjksaal&quot;,&quot;user_last_name&quot;:&quot;Testing&quot;,&quot;user_contact_number&quot;:1871561035,&quot;user_email_id&quot;:&quot;tdfesdgmpy@aol.com&quot;,&quot;creation_time&quot;:&quot;2024-10-10T17:44:33.762+00:00&quot;,&quot;last_mod_time&quot;:&quot;2024-10-10T17:44:33.762+00:00&quot;},{&quot;userAddress&quot;:{&quot;addressId&quot;:7397,&quot;plotNumber&quot;:&quot;xyz-23&quot;,&quot;street&quot;:&quot;Morgan&quot;,&quot;state&quot;:&quot;Georgia&quot;,&quot;country&quot;:&quot;USA&quot;,&quot;zipCode&quot;:7689},&quot;user_id&quot;:7430,&quot;user_first_name&quot;:&quot;Reshma Mary&quot;,&quot;user_last_name&quot;:&quot;John&quot;,&quot;user_contact_number&quot;:6487678790,&quot;user_email_id&quot;:&quot;Team03Reshmjohn@gmail.com&quot;,&quot;creation_time&quot;:&quot;2024-10-09T01:54:22.747+00:00&quot;,&quot;last_mod_time&quot;:&quot;2024-10-09T01:54:22.747+00:00&quot;},{&quot;userAddress&quot;:{&quot;addressId&quot;:7398,&quot;plotNumber&quot;:&quot;xyz-23&quot;,&quot;street&quot;:&quot;Morgan&quot;,&quot;state&quot;:&quot;Georgia&quot;,&quot;country&quot;:&quot;USA&quot;,&quot;zipCode&quot;:null},&quot;user_id&quot;:7431,&quot;user_first_name&quot;:&quot;Reshma Mary&quot;,&quot;user_last_name&quot;:&quot;John&quot;,&quot;user_contact_number&quot;:4439090038,&quot;user_email_id&quot;:&quot;Team03Rehmaj@gmail.com&quot;,&quot;creation_time&quot;:&quot;2024-10-09T01:57:25.779+00:00&quot;,&quot;last_mod_time&quot;:&quot;2024-10-09T01:57:25.779+00:00&quot;},{&quot;userAddress&quot;:{&quot;addressId&quot;:7399,&quot;plotNumber&quot;:&quot;xyz-23&quot;,&quot;street&quot;:&quot;Morgan&quot;,&quot;state&quot;:&quot;Georgia&quot;,&quot;country&quot;:null,&quot;zipCode&quot;:7689},&quot;user_id&quot;:7432,&quot;user_first_name&quot;:&quot;Reshma Mary&quot;,&quot;user_last_name&quot;:&quot;John&quot;,&quot;user_contact_number&quot;:4439095038,&quot;user_email_id&quot;:&quot;Team03Reshmah@gmail.com&quot;,&quot;creation_time&quot;:&quot;2024-10-09T01:58:56.639+00:00&quot;,&quot;last_mod_time&quot;:&quot;2024-10-09T01:58:56.639+00:00&quot;},{&quot;userAddress&quot;:{&quot;addressId&quot;:7400,&quot;plotNumber&quot;:&quot;xyz-23&quot;,&quot;street&quot;:&quot;Morgan&quot;,&quot;state&quot;:&quot;Georgia&quot;,&quot;country&quot;:&quot;USA&quot;,&quot;zipCode&quot;:null},&quot;user_id&quot;:7433,&quot;user_first_name&quot;:&quot;Reshma Mary&quot;,&quot;user_last_name&quot;:&quot;John&quot;,&quot;user_contact_number&quot;:4439030038,&quot;user_email_id&quot;:&quot;Team03Remaj@gmail.com&quot;,&quot;creation_time&quot;:&quot;2024-10-09T02:01:18.878+00:00&quot;,&quot;last_mod_time&quot;:&quot;2024-10-09T02:01:18.878+00:00&quot;},{&quot;userAddress&quot;:{&quot;addressId&quot;:7401,&quot;plotNumber&quot;:&quot;xyz-23&quot;,&quot;street&quot;:&quot;Morgan&quot;,&quot;state&quot;:&quot;Georgia&quot;,&quot;country&quot;:&quot;USA&quot;,&quot;zipCode&quot;:7},&quot;user_id&quot;:7434,&quot;user_first_name&quot;:&quot;Reshma Mary&quot;,&quot;user_last_name&quot;:&quot;John&quot;,&quot;user_contact_number&quot;:4496799038,&quot;user_email_id&quot;:&quot;Team03Reshmap@gmail.com&quot;,&quot;creation_time&quot;:&quot;2024-10-09T02:03:38.086+00:00&quot;,&quot;last_mod_time&quot;:&quot;2024-10-09T02:03:38.086+00:00&quot;},{&quot;userAddress&quot;:{&quot;addressId&quot;:7402,&quot;plotNumber&quot;:&quot;xyz-23&quot;,&quot;street&quot;:&quot;Morgan&quot;,&quot;state&quot;:&quot;Georgia&quot;,&quot;country&quot;:&quot;USA&quot;,&quot;zipCode&quot;:789999000},&quot;user_id&quot;:7435,&quot;user_first_name&quot;:&quot;Reshma Mary&quot;,&quot;user_last_name&quot;:&quot;John&quot;,&quot;user_contact_number&quot;:4496799938,&quot;user_email_id&quot;:&quot;Team03Reshp@gmail.com&quot;,&quot;creation_time&quot;:&quot;2024-10-09T02:04:21.404+00:00&quot;,&quot;last_mod_time&quot;:&quot;2024-10-09T02:04:21.404+00:00&quot;},{&quot;userAddress&quot;:{&quot;addressId&quot;:7940,&quot;plotNumber&quot;:&quot;P1-10&quot;,&quot;street&quot;:&quot;Main&quot;,&quot;state&quot;:&quot;NY&quot;,&quot;country&quot;:&quot;USA&quot;,&quot;zipCode&quot;:10081},&quot;user_id&quot;:7972,&quot;user_first_name&quot;:&quot;Lloyd&quot;,&quot;user_last_name&quot;:&quot;Torp&quot;,&quot;user_contact_number&quot;:1235698740,&quot;user_email_id&quot;:&quot;Darlene23@hotmail.com&quot;,&quot;creation_time&quot;:&quot;2024-10-11T23:00:35.026+00:00&quot;,&quot;last_mod_time&quot;:&quot;2024-10-11T23:00:35.026+00:00&quot;},{&quot;userAddress&quot;:{&quot;addressId&quot;:7660,&quot;plotNumber&quot;:&quot;12-A&quot;,&quot;street&quot;:&quot;brodway&quot;,&quot;state&quot;:&quot;TX&quot;,&quot;country&quot;:&quot;usa&quot;,&quot;zipCode&quot;:null},&quot;user_id&quot;:7692,&quot;user_first_name&quot;:&quot;rdjksssaal&quot;,&quot;user_last_name&quot;:&quot;Testing&quot;,&quot;user_contact_number&quot;:8995610354,&quot;user_email_id&quot;:&quot;tdfesdgssmpyw@aol.com&quot;,&quot;creation_time&quot;:&quot;2024-10-10T17:48:12.479+00:00&quot;,&quot;last_mod_time&quot;:&quot;2024-10-10T17:48:12.479+00:00&quot;},{&quot;userAddress&quot;:{&quot;addressId&quot;:7540,&quot;plotNumber&quot;:&quot;02-3456&quot;,&quot;street&quot;:&quot;ajfjkjfak&quot;,&quot;state&quot;:&quot;aldkfjf&quot;,&quot;country&quot;:&quot;Australia&quot;,&quot;zipCode&quot;:34568},&quot;user_id&quot;:7572,&quot;user_first_name&quot;:&quot;Reka&quot;,&quot;user_last_name&quot;:&quot;Rekap&quot;,&quot;user_contact_number&quot;:8601234567,&quot;user_email_id&quot;:&quot;Team01Hema@gmail.com&quot;,&quot;creation_time&quot;:&quot;2024-10-09T22:43:02.217+00:00&quot;,&quot;last_mod_time&quot;:&quot;2024-10-09T22:43:02.217+00:00&quot;},{&quot;userAddress&quot;:{&quot;addressId&quot;:7406,&quot;plotNumber&quot;:&quot;xyz-23&quot;,&quot;street&quot;:&quot;Morgan&quot;,&quot;state&quot;:&quot;Georgia&quot;,&quot;country&quot;:&quot;USA&quot;,&quot;zipCode&quot;:7689},&quot;user_id&quot;:7439,&quot;user_first_name&quot;:&quot;Resh&quot;,&quot;user_last_name&quot;:&quot;John&quot;,&quot;user_contact_number&quot;:4589000038,&quot;user_email_id&quot;:&quot;1233@gmail.com&quot;,&quot;creation_time&quot;:&quot;2024-10-09T02:19:54.438+00:00&quot;,&quot;last_mod_time&quot;:&quot;2024-10-09T02:19:54.438+00:00&quot;},{&quot;userAddress&quot;:{&quot;addressId&quot;:7541,&quot;plotNumber&quot;:&quot;02-3456&quot;,&quot;street&quot;:&quot;ajfjkjfak&quot;,&quot;state&quot;:&quot;aldkfjf&quot;,&quot;country&quot;:&quot;Australia&quot;,&quot;zipCode&quot;:34568},&quot;user_id&quot;:7573,&quot;user_first_name&quot;:&quot;Hema&quot;,&quot;user_last_name&quot;:&quot;Rekap&quot;,&quot;user_contact_number&quot;:8601234569,&quot;user_email_id&quot;:&quot;Team01Hemar@gmail.com&quot;,&quot;creation_time&quot;:&quot;2024-10-09T22:45:17.240+00:00&quot;,&quot;last_mod_time&quot;:&quot;2024-10-09T22:45:17.240+00:00&quot;},{&quot;userAddress&quot;:{&quot;addressId&quot;:7661,&quot;plotNumber&quot;:&quot;12-A&quot;,&quot;street&quot;:null,&quot;state&quot;:&quot;PA&quot;,&quot;country&quot;:null,&quot;zipCode&quot;:19047},&quot;user_id&quot;:7693,&quot;user_first_name&quot;:&quot;samplef&quot;,&quot;user_last_name&quot;:&quot;samplel&quot;,&quot;user_contact_number&quot;:5674839210,&quot;user_email_id&quot;:&quot;sample@gmail.com&quot;,&quot;creation_time&quot;:&quot;2024-10-10T17:54:19.668+00:00&quot;,&quot;last_mod_time&quot;:&quot;2024-10-10T17:54:19.668+00:00&quot;},{&quot;userAddress&quot;:{&quot;addressId&quot;:7944,&quot;plotNumber&quot;:&quot;P1-10&quot;,&quot;street&quot;:&quot;Adah Streets&quot;,&quot;state&quot;:&quot;TX&quot;,&quot;country&quot;:&quot;USA&quot;,&quot;zipCode&quot;:12356},&quot;user_id&quot;:7976,&quot;user_first_name&quot;:&quot;Jamaal&quot;,&quot;user_last_name&quot;:&quot;Jerde&quot;,&quot;user_contact_number&quot;:1235698472,&quot;user_email_id&quot;:&quot;Melany_Marvin@hotmail.com&quot;,&quot;creation_time&quot;:&quot;2024-10-11T23:37:49.640+00:00&quot;,&quot;last_mod_time&quot;:&quot;2024-10-11T23:37:49.640+00:00&quot;},{&quot;userAddress&quot;:{&quot;addressId&quot;:7669,&quot;plotNumber&quot;:&quot;23-abc&quot;,&quot;street&quot;:&quot;Foster street&quot;,&quot;state&quot;:&quot;jhjkdlshf&quot;,&quot;country&quot;:&quot;USA&quot;,&quot;zipCode&quot;:1234567},&quot;user_id&quot;:7701,&quot;user_first_name&quot;:&quot;Michael p&quot;,&quot;user_last_name&quot;:&quot;Jackson J&quot;,&quot;user_contact_number&quot;:8621573487,&quot;user_email_id&quot;:&quot;Michaelp@gmail.com&quot;,&quot;creation_time&quot;:&quot;2024-10-10T20:52:15.203+00:00&quot;,&quot;last_mod_time&quot;:&quot;2024-10-10T20:52:15.203+00:00&quot;},{&quot;userAddress&quot;:{&quot;addressId&quot;:7557,&quot;plotNumber&quot;:&quot;Pl-11&quot;,&quot;street&quot;:&quot;UpdateSt&quot;,&quot;state&quot;:&quot;OHIO&quot;,&quot;country&quot;:&quot;India&quot;,&quot;zipCode&quot;:88888},&quot;user_id&quot;:7589,&quot;user_first_name&quot;:&quot;UpdatedName&quot;,&quot;user_last_name&quot;:&quot;UpdatedlastTrial&quot;,&quot;user_contact_number&quot;:7419670983,&quot;user_email_id&quot;:&quot;tommylch23jn07p89@gmail.com&quot;,&quot;creation_time&quot;:&quot;2024-10-10T00:12:57.070+00:00&quot;,&quot;last_mod_time&quot;:&quot;2024-10-10T00:14:42.816+00:00&quot;},{&quot;userAddress&quot;:{&quot;addressId&quot;:7566,&quot;plotNumber&quot;:&quot;AS-99&quot;,&quot;street&quot;:&quot;Gorniak&quot;,&quot;state&quot;:&quot;MI&quot;,&quot;country&quot;:&quot;USA&quot;,&quot;zipCode&quot;:7896},&quot;user_id&quot;:7598,&quot;user_first_name&quot;:&quot;TesterAA&quot;,&quot;user_last_name&quot;:&quot;Numpy&quot;,&quot;user_contact_number&quot;:1237874595,&quot;user_email_id&quot;:&quot;testle@gmail.com&quot;,&quot;creation_time&quot;:&quot;2024-10-10T01:37:49.034+00:00&quot;,&quot;last_mod_time&quot;:&quot;2024-10-11T00:19:51.623+00:00&quot;},{&quot;userAddress&quot;:{&quot;addressId&quot;:7756,&quot;plotNumber&quot;:&quot;Bt-11&quot;,&quot;street&quot;:&quot;First St&quot;,&quot;state&quot;:&quot;Texas&quot;,&quot;country&quot;:&quot;USA&quot;,&quot;zipCode&quot;:54657},&quot;user_id&quot;:7788,&quot;user_first_name&quot;:&quot;Newfirstname&quot;,&quot;user_last_name&quot;:&quot;lastTrial&quot;,&quot;user_contact_number&quot;:8660664665,&quot;user_email_id&quot;:&quot;tommy2hedni9ji2kb@gmail.com&quot;,&quot;creation_time&quot;:&quot;2024-10-11T03:10:30.389+00:00&quot;,&quot;last_mod_time&quot;:&quot;2024-10-11T03:10:30.389+00:00&quot;},{&quot;userAddress&quot;:{&quot;addressId&quot;:10426,&quot;plotNumber&quot;:&quot;19-a&quot;,&quot;street&quot;:&quot;Cypress Dr&quot;,&quot;state&quot;:&quot;Texas&quot;,&quot;country&quot;:&quot;USA&quot;,&quot;zipCode&quot;:null},&quot;user_id&quot;:10458,&quot;user_first_name&quot;:&quot;Vijaya&quot;,&quot;user_last_name&quot;:&quot;TeamTeam&quot;,&quot;user_contact_number&quot;:5775514565,&quot;user_email_id&quot;:&quot;lamont.harber@example.com&quot;,&quot;creation_time&quot;:&quot;2024-10-16T23:58:41.301+00:00&quot;,&quot;last_mod_time&quot;:&quot;2024-10-16T23:58:41.301+00:00&quot;},{&quot;userAddress&quot;:{&quot;addressId&quot;:7673,&quot;plotNumber&quot;:&quot;23-abc&quot;,&quot;street&quot;:&quot;Foster street&quot;,&quot;state&quot;:&quot;jhjkdlshf&quot;,&quot;country&quot;:&quot;USA&quot;,&quot;zipCode&quot;:null},&quot;user_id&quot;:7705,&quot;user_first_name&quot;:&quot;Michael D&quot;,&quot;user_last_name&quot;:&quot;Jackson J&quot;,&quot;user_contact_number&quot;:8501573487,&quot;user_email_id&quot;:&quot;MichaelD@gmail.com&quot;,&quot;creation_time&quot;:&quot;2024-10-10T21:01:41.622+00:00&quot;,&quot;last_mod_time&quot;:&quot;2024-10-10T21:01:41.622+00:00&quot;},{&quot;userAddress&quot;:{&quot;addressId&quot;:7580,&quot;plotNumber&quot;:&quot;xyz-23&quot;,&quot;street&quot;:&quot;Morgan&quot;,&quot;state&quot;:&quot;Georgia&quot;,&quot;country&quot;:&quot;USA&quot;,&quot;zipCode&quot;:7689},&quot;user_id&quot;:7612,&quot;user_first_name&quot;:&quot;Reshma Mary&quot;,&quot;user_last_name&quot;:&quot;John&quot;,&quot;user_contact_number&quot;:6487678780,&quot;user_email_id&quot;:&quot;Team03Rhjohn@gmail.com&quot;,&quot;creation_time&quot;:&quot;2024-10-10T02:56:50.054+00:00&quot;,&quot;last_mod_time&quot;:&quot;2024-10-10T02:56:50.054+00:00&quot;},{&quot;userAddress&quot;:{&quot;addressId&quot;:7496,&quot;plotNumber&quot;:&quot;AS-5014&quot;,&quot;street&quot;:&quot;Bloomfield Pass ct&quot;,&quot;state&quot;:&quot;Texas&quot;,&quot;country&quot;:&quot;USA&quot;,&quot;zipCode&quot;:7747},&quot;user_id&quot;:7529,&quot;user_first_name&quot;:&quot;Pallavi&quot;,&quot;user_last_name&quot;:&quot;Gandhi&quot;,&quot;user_contact_number&quot;:2028649454,&quot;user_email_id&quot;:&quot;Team04Pallavi@gmail.com&quot;,&quot;creation_time&quot;:&quot;2024-10-09T17:45:19.472+00:00&quot;,&quot;last_mod_time&quot;:&quot;2024-10-10T02:21:33.747+00:00&quot;},{&quot;userAddress&quot;:{&quot;addressId&quot;:7424,&quot;plotNumber&quot;:null,&quot;street&quot;:null,&quot;state&quot;:null,&quot;country&quot;:null,&quot;zipCode&quot;:null},&quot;user_id&quot;:7457,&quot;user_first_name&quot;:&quot;NameFirs&quot;,&quot;user_last_name&quot;:&quot;NameL&quot;,&quot;user_contact_number&quot;:1223557751,&quot;user_email_id&quot;:&quot;namefirstqq@gmail.com&quot;,&quot;creation_time&quot;:&quot;2024-10-09T02:40:19.460+00:00&quot;,&quot;last_mod_time&quot;:&quot;2024-10-09T02:40:19.460+00:00&quot;},{&quot;userAddress&quot;:{&quot;addressId&quot;:7425,&quot;plotNumber&quot;:null,&quot;street&quot;:null,&quot;state&quot;:null,&quot;country&quot;:null,&quot;zipCode&quot;:null},&quot;user_id&quot;:7458,&quot;user_first_name&quot;:&quot;Rani&quot;,&quot;user_last_name&quot;:&quot;Latha&quot;,&quot;user_contact_number&quot;:1523557751,&quot;user_email_id&quot;:&quot;indhugthjh@gmail.com&quot;,&quot;creation_time&quot;:&quot;2024-10-09T02:41:37.897+00:00&quot;,&quot;last_mod_time&quot;:&quot;2024-10-09T02:41:37.897+00:00&quot;},{&quot;userAddress&quot;:{&quot;addressId&quot;:7572,&quot;plotNumber&quot;:&quot;xyz-23&quot;,&quot;street&quot;:&quot;Morgan&quot;,&quot;state&quot;:&quot;Georgia&quot;,&quot;country&quot;:&quot;USA&quot;,&quot;zipCode&quot;:789999000},&quot;user_id&quot;:7604,&quot;user_first_name&quot;:&quot;Reshma Mary&quot;,&quot;user_last_name&quot;:&quot;John&quot;,&quot;user_contact_number&quot;:4496099938,&quot;user_email_id&quot;:&quot;Team03ReshMary@gmail.com&quot;,&quot;creation_time&quot;:&quot;2024-10-10T02:29:24.560+00:00&quot;,&quot;last_mod_time&quot;:&quot;2024-10-10T02:29:24.560+00:00&quot;},{&quot;userAddress&quot;:{&quot;addressId&quot;:7573,&quot;plotNumber&quot;:&quot;xyz-23&quot;,&quot;street&quot;:&quot;Morgan&quot;,&quot;state&quot;:&quot;Georgia&quot;,&quot;country&quot;:&quot;USA&quot;,&quot;zipCode&quot;:7689},&quot;user_id&quot;:7605,&quot;user_first_name&quot;:&quot;Reshma Mary&quot;,&quot;user_last_name&quot;:&quot;John&quot;,&quot;user_contact_number&quot;:6487678080,&quot;user_email_id&quot;:&quot;Team03Rehjohn@gmail.com&quot;,&quot;creation_time&quot;:&quot;2024-10-10T02:30:35.900+00:00&quot;,&quot;last_mod_time&quot;:&quot;2024-10-10T02:30:35.900+00:00&quot;},{&quot;userAddress&quot;:{&quot;addressId&quot;:7430,&quot;plotNumber&quot;:&quot;P2-10&quot;,&quot;street&quot;:&quot;Mainside&quot;,&quot;state&quot;:&quot;TX&quot;,&quot;country&quot;:&quot;USA&quot;,&quot;zipCode&quot;:58641},&quot;user_id&quot;:7463,&quot;user_first_name&quot;:&quot;Kalyaniamma&quot;,&quot;user_last_name&quot;:&quot;Manuprith&quot;,&quot;user_contact_number&quot;:4378567810,&quot;user_email_id&quot;:&quot;Keerthipriyan@example.com&quot;,&quot;creation_time&quot;:&quot;2024-10-09T02:45:52.226+00:00&quot;,&quot;last_mod_time&quot;:&quot;2024-10-09T02:45:52.226+00:00&quot;},{&quot;userAddress&quot;:{&quot;addressId&quot;:7431,&quot;plotNumber&quot;:null,&quot;street&quot;:null,&quot;state&quot;:null,&quot;country&quot;:null,&quot;zipCode&quot;:null},&quot;user_id&quot;:7464,&quot;user_first_name&quot;:&quot;Raniwe&quot;,&quot;user_last_name&quot;:&quot;Lathasri&quot;,&quot;user_contact_number&quot;:1523127751,&quot;user_email_id&quot;:&quot;indhugthjethrh@gmail.com&quot;,&quot;creation_time&quot;:&quot;2024-10-09T02:48:49.233+00:00&quot;,&quot;last_mod_time&quot;:&quot;2024-10-09T02:48:49.233+00:00&quot;},{&quot;userAddress&quot;:{&quot;addressId&quot;:7433,&quot;plotNumber&quot;:&quot;xyz-12&quot;,&quot;street&quot;:&quot;caroline dr&quot;,&quot;state&quot;:&quot;texas&quot;,&quot;country&quot;:&quot;USA&quot;,&quot;zipCode&quot;:75009},&quot;user_id&quot;:7466,&quot;user_first_name&quot;:&quot;Jyoti&quot;,&quot;user_last_name&quot;:&quot;Handore&quot;,&quot;user_contact_number&quot;:1231234568,&quot;user_email_id&quot;:&quot;team03jyoti@gmail.com&quot;,&quot;creation_time&quot;:&quot;2024-10-09T02:50:36.526+00:00&quot;,&quot;last_mod_time&quot;:&quot;2024-10-09T02:50:36.526+00:00&quot;},{&quot;userAddress&quot;:{&quot;addressId&quot;:7436,&quot;plotNumber&quot;:&quot;P1-10&quot;,&quot;street&quot;:&quot;Mainstreet&quot;,&quot;state&quot;:&quot;TX&quot;,&quot;country&quot;:&quot;USA&quot;,&quot;zipCode&quot;:68420},&quot;user_id&quot;:7469,&quot;user_first_name&quot;:&quot;Kalyanashok&quot;,&quot;user_last_name&quot;:&quot;Manuselvi&quot;,&quot;user_contact_number&quot;:5620787810,&quot;user_email_id&quot;:&quot;Kalyanashok@example.com&quot;,&quot;creation_time&quot;:&quot;2024-10-09T02:59:16.233+00:00&quot;,&quot;last_mod_time&quot;:&quot;2024-10-09T02:59:16.233+00:00&quot;},{&quot;userAddress&quot;:{&quot;addressId&quot;:7438,&quot;plotNumber&quot;:&quot;P1-10&quot;,&quot;street&quot;:&quot;Mainstreet&quot;,&quot;state&quot;:&quot;TX&quot;,&quot;country&quot;:&quot;USA&quot;,&quot;zipCode&quot;:68420},&quot;user_id&quot;:7471,&quot;user_first_name&quot;:&quot;Kalyanashoka&quot;,&quot;user_last_name&quot;:&quot;Manuselvia&quot;,&quot;user_contact_number&quot;:5640787810,&quot;user_email_id&quot;:&quot;Kalyanashok11@example.com&quot;,&quot;creation_time&quot;:&quot;2024-10-09T03:00:54.044+00:00&quot;,&quot;last_mod_time&quot;:&quot;2024-10-09T03:00:54.044+00:00&quot;},{&quot;userAddress&quot;:{&quot;addressId&quot;:8423,&quot;plotNumber&quot;:&quot;P1-10&quot;,&quot;street&quot;:&quot;Doyle Trail&quot;,&quot;state&quot;:&quot;TX&quot;,&quot;country&quot;:&quot;USA&quot;,&quot;zipCode&quot;:12356},&quot;user_id&quot;:8455,&quot;user_first_name&quot;:&quot;Esmeralda&quot;,&quot;user_last_name&quot;:&quot;Grant&quot;,&quot;user_contact_number&quot;:3607896125,&quot;user_email_id&quot;:&quot;Thad33@gmail.com&quot;,&quot;creation_time&quot;:&quot;2024-10-13T04:49:19.927+00:00&quot;,&quot;last_mod_time&quot;:&quot;2024-10-13T04:49:19.927+00:00&quot;},{&quot;userAddress&quot;:{&quot;addressId&quot;:7581,&quot;plotNumber&quot;:&quot;SW-123&quot;,&quot;street&quot;:&quot;Layton&quot;,&quot;state&quot;:&quot;AR&quot;,&quot;country&quot;:&quot;US&quot;,&quot;zipCode&quot;:72713},&quot;user_id&quot;:7613,&quot;user_first_name&quot;:&quot;Bhanu&quot;,&quot;user_last_name&quot;:&quot;vanum&quot;,&quot;user_contact_number&quot;:2018988649,&quot;user_email_id&quot;:&quot;t@gmail.com&quot;,&quot;creation_time&quot;:&quot;2024-10-10T03:18:30.281+00:00&quot;,&quot;last_mod_time&quot;:&quot;2024-10-10T03:18:30.281+00:00&quot;},{&quot;userAddress&quot;:{&quot;addressId&quot;:7582,&quot;plotNumber&quot;:&quot;sw-123&quot;,&quot;street&quot;:&quot;Layton&quot;,&quot;state&quot;:&quot;AR&quot;,&quot;country&quot;:null,&quot;zipCode&quot;:72713},&quot;user_id&quot;:7614,&quot;user_first_name&quot;:&quot;Bhanu&quot;,&quot;user_last_name&quot;:&quot;vanum&quot;,&quot;user_contact_number&quot;:2018988648,&quot;user_email_id&quot;:&quot;t9@gmail.com&quot;,&quot;creation_time&quot;:&quot;2024-10-10T03:24:29.337+00:00&quot;,&quot;last_mod_time&quot;:&quot;2024-10-10T03:24:29.337+00:00&quot;},{&quot;userAddress&quot;:{&quot;addressId&quot;:7583,&quot;plotNumber&quot;:&quot;sw-123&quot;,&quot;street&quot;:&quot;Layton&quot;,&quot;state&quot;:&quot;AR&quot;,&quot;country&quot;:null,&quot;zipCode&quot;:72713},&quot;user_id&quot;:7615,&quot;user_first_name&quot;:&quot;Bhanu&quot;,&quot;user_last_name&quot;:&quot;vanum&quot;,&quot;user_contact_number&quot;:2018688648,&quot;user_email_id&quot;:&quot;t8@gmail.com&quot;,&quot;creation_time&quot;:&quot;2024-10-10T03:24:58.913+00:00&quot;,&quot;last_mod_time&quot;:&quot;2024-10-10T03:24:58.913+00:00&quot;},{&quot;userAddress&quot;:{&quot;addressId&quot;:7453,&quot;plotNumber&quot;:&quot;xyz-23&quot;,&quot;street&quot;:&quot;Morgan&quot;,&quot;state&quot;:&quot;Georgia&quot;,&quot;country&quot;:&quot;USA&quot;,&quot;zipCode&quot;:7689},&quot;user_id&quot;:7486,&quot;user_first_name&quot;:&quot;Reshma Mary&quot;,&quot;user_last_name&quot;:&quot;John&quot;,&quot;user_contact_number&quot;:4439099038,&quot;user_email_id&quot;:&quot;Team03Reshmaj@gmail.com&quot;,&quot;creation_time&quot;:&quot;2024-10-09T12:23:09.366+00:00&quot;,&quot;last_mod_time&quot;:&quot;2024-10-09T12:23:09.366+00:00&quot;},{&quot;userAddress&quot;:{&quot;addressId&quot;:7584,&quot;plotNumber&quot;:&quot;SW-1203&quot;,&quot;street&quot;:&quot;Laytben&quot;,&quot;state&quot;:&quot;AR&quot;,&quot;country&quot;:&quot;US&quot;,&quot;zipCode&quot;:72713528},&quot;user_id&quot;:7616,&quot;user_first_name&quot;:&quot;Bal&quot;,&quot;user_last_name&quot;:&quot;vanum&quot;,&quot;user_contact_number&quot;:2018528649,&quot;user_email_id&quot;:&quot;t98@gmail.com&quot;,&quot;creation_time&quot;:&quot;2024-10-10T03:27:06.532+00:00&quot;,&quot;last_mod_time&quot;:&quot;2024-10-10T03:27:06.532+00:00&quot;},{&quot;userAddress&quot;:{&quot;addressId&quot;:7585,&quot;plotNumber&quot;:&quot;SW-1203&quot;,&quot;street&quot;:&quot;Laytben&quot;,&quot;state&quot;:&quot;ARhh&quot;,&quot;country&quot;:&quot;USa&quot;,&quot;zipCode&quot;:72713528},&quot;user_id&quot;:7617,&quot;user_first_name&quot;:&quot;Bal&quot;,&quot;user_last_name&quot;:&quot;vanum&quot;,&quot;user_contact_number&quot;:2018471649,&quot;user_email_id&quot;:&quot;j87@gmail.com&quot;,&quot;creation_time&quot;:&quot;2024-10-10T03:28:15.100+00:00&quot;,&quot;last_mod_time&quot;:&quot;2024-10-10T03:28:15.100+00:00&quot;},{&quot;userAddress&quot;:{&quot;addressId&quot;:7586,&quot;plotNumber&quot;:&quot;SW-1903&quot;,&quot;street&quot;:&quot;baytben&quot;,&quot;state&quot;:&quot;ARhh&quot;,&quot;country&quot;:&quot;USa&quot;,&quot;zipCode&quot;:72713529888},&quot;user_id&quot;:7618,&quot;user_first_name&quot;:&quot;allul&quot;,&quot;user_last_name&quot;:&quot;vagrgm&quot;,&quot;user_contact_number&quot;:2018471049,&quot;user_email_id&quot;:&quot;j872@gmail.com&quot;,&quot;creation_time&quot;:&quot;2024-10-10T03:29:18.101+00:00&quot;,&quot;last_mod_time&quot;:&quot;2024-10-10T03:29:18.101+00:00&quot;},{&quot;userAddress&quot;:{&quot;addressId&quot;:7458,&quot;plotNumber&quot;:&quot;P1-09&quot;,&quot;street&quot;:null,&quot;state&quot;:&quot;TX&quot;,&quot;country&quot;:null,&quot;zipCode&quot;:65412},&quot;user_id&quot;:7491,&quot;user_first_name&quot;:&quot;kausil&quot;,&quot;user_last_name&quot;:&quot;varshu&quot;,&quot;user_contact_number&quot;:3965412372,&quot;user_email_id&quot;:&quot;stringq@gmail.com&quot;,&quot;creation_time&quot;:&quot;2024-10-09T13:18:46.993+00:00&quot;,&quot;last_mod_time&quot;:&quot;2024-10-09T13:18:46.993+00:00&quot;},{&quot;userAddress&quot;:{&quot;addressId&quot;:7459,&quot;plotNumber&quot;:&quot;P1-09&quot;,&quot;street&quot;:null,&quot;state&quot;:&quot;TX&quot;,&quot;country&quot;:null,&quot;zipCode&quot;:65412},&quot;user_id&quot;:7492,&quot;user_first_name&quot;:&quot;kausila&quot;,&quot;user_last_name&quot;:&quot;varshu&quot;,&quot;user_contact_number&quot;:5965412372,&quot;user_email_id&quot;:&quot;strint@gmail.com&quot;,&quot;creation_time&quot;:&quot;2024-10-09T13:20:44.240+00:00&quot;,&quot;last_mod_time&quot;:&quot;2024-10-09T13:20:44.240+00:00&quot;},{&quot;userAddress&quot;:{&quot;addressId&quot;:7460,&quot;plotNumber&quot;:&quot;P1-09&quot;,&quot;street&quot;:null,&quot;state&quot;:&quot;TX&quot;,&quot;country&quot;:null,&quot;zipCode&quot;:65412},&quot;user_id&quot;:7493,&quot;user_first_name&quot;:&quot;kausilal&quot;,&quot;user_last_name&quot;:&quot;varshu&quot;,&quot;user_contact_number&quot;:4965412372,&quot;user_email_id&quot;:&quot;strintn@gmail.com&quot;,&quot;creation_time&quot;:&quot;2024-10-09T13:21:17.057+00:00&quot;,&quot;last_mod_time&quot;:&quot;2024-10-09T13:21:17.057+00:00&quot;},{&quot;userAddress&quot;:{&quot;addressId&quot;:7455,&quot;plotNumber&quot;:&quot;xyz-23&quot;,&quot;street&quot;:&quot;Morgan&quot;,&quot;state&quot;:&quot;Georgia&quot;,&quot;country&quot;:&quot;USA&quot;,&quot;zipCode&quot;:7689},&quot;user_id&quot;:7488,&quot;user_first_name&quot;:&quot;Reshma Mary&quot;,&quot;user_last_name&quot;:&quot;John&quot;,&quot;user_contact_number&quot;:6487678090,&quot;user_email_id&quot;:&quot;Team03Reshjohn@gmail.com&quot;,&quot;creation_time&quot;:&quot;2024-10-09T12:45:02.685+00:00&quot;,&quot;last_mod_time&quot;:&quot;2024-10-09T12:45:02.685+00:00&quot;},{&quot;userAddress&quot;:{&quot;addressId&quot;:7587,&quot;plotNumber&quot;:&quot;SWm-1903&quot;,&quot;street&quot;:&quot;bayrmtben&quot;,&quot;state&quot;:&quot;ARjhhh&quot;,&quot;country&quot;:&quot;USa&quot;,&quot;zipCode&quot;:72888},&quot;user_id&quot;:7619,&quot;user_first_name&quot;:&quot;alluhhl&quot;,&quot;user_last_name&quot;:&quot;vagkjhrgm&quot;,&quot;user_contact_number&quot;:2018761049,&quot;user_email_id&quot;:&quot;j8720@gmail.com&quot;,&quot;creation_time&quot;:&quot;2024-10-10T03:31:37.445+00:00&quot;,&quot;last_mod_time&quot;:&quot;2024-10-10T03:31:37.445+00:00&quot;},{&quot;userAddress&quot;:{&quot;addressId&quot;:7588,&quot;plotNumber&quot;:&quot;SWim-1903&quot;,&quot;street&quot;:&quot;bayrmhbhtben&quot;,&quot;state&quot;:&quot;ARvhjhhh&quot;,&quot;country&quot;:&quot;USa&quot;,&quot;zipCode&quot;:72888},&quot;user_id&quot;:7620,&quot;user_first_name&quot;:&quot;allujjhhl&quot;,&quot;user_last_name&quot;:&quot;vagkjbhhrgm&quot;,&quot;user_contact_number&quot;:2014761049,&quot;user_email_id&quot;:&quot;jbhg8720@gmail.com&quot;,&quot;creation_time&quot;:&quot;2024-10-10T03:33:35.222+00:00&quot;,&quot;last_mod_time&quot;:&quot;2024-10-10T03:33:35.222+00:00&quot;},{&quot;userAddress&quot;:{&quot;addressId&quot;:7591,&quot;plotNumber&quot;:&quot;SWim-1903&quot;,&quot;street&quot;:&quot;bayrmhbhtben&quot;,&quot;state&quot;:&quot;ARvhjhhh&quot;,&quot;country&quot;:&quot;USa&quot;,&quot;zipCode&quot;:72713},&quot;user_id&quot;:7623,&quot;user_first_name&quot;:&quot;shgydddfdghks&quot;,&quot;user_last_name&quot;:&quot;adaddgddsfgh&quot;,&quot;user_contact_number&quot;:2358024049,&quot;user_email_id&quot;:&quot;bhabyv@gmail.com&quot;,&quot;creation_time&quot;:&quot;2024-10-10T03:46:20.497+00:00&quot;,&quot;last_mod_time&quot;:&quot;2024-10-10T03:46:20.497+00:00&quot;},{&quot;userAddress&quot;:{&quot;addressId&quot;:7461,&quot;plotNumber&quot;:&quot;P1-09&quot;,&quot;street&quot;:&quot;Mainstreet&quot;,&quot;state&quot;:&quot;TX&quot;,&quot;country&quot;:&quot;USA&quot;,&quot;zipCode&quot;:65412},&quot;user_id&quot;:7494,&quot;user_first_name&quot;:&quot;kausilall&quot;,&quot;user_last_name&quot;:&quot;varshu&quot;,&quot;user_contact_number&quot;:8423651720,&quot;user_email_id&quot;:&quot;strintny@gmail.com&quot;,&quot;creation_time&quot;:&quot;2024-10-09T13:22:39.062+00:00&quot;,&quot;last_mod_time&quot;:&quot;2024-10-09T13:22:39.062+00:00&quot;},{&quot;userAddress&quot;:{&quot;addressId&quot;:7462,&quot;plotNumber&quot;:&quot;P1-09&quot;,&quot;street&quot;:&quot;Mainstreet&quot;,&quot;state&quot;:&quot;TX&quot;,&quot;country&quot;:&quot;USA&quot;,&quot;zipCode&quot;:65412},&quot;user_id&quot;:7495,&quot;user_first_name&quot;:&quot;kausilalll&quot;,&quot;user_last_name&quot;:&quot;varshu&quot;,&quot;user_contact_number&quot;:9423651720,&quot;user_email_id&quot;:&quot;strintniy@gmail.com&quot;,&quot;creation_time&quot;:&quot;2024-10-09T13:23:51.331+00:00&quot;,&quot;last_mod_time&quot;:&quot;2024-10-09T13:23:51.331+00:00&quot;},{&quot;userAddress&quot;:{&quot;addressId&quot;:7659,&quot;plotNumber&quot;:&quot;123-A&quot;,&quot;street&quot;:&quot;Main St&quot;,&quot;state&quot;:&quot;PA&quot;,&quot;country&quot;:&quot;USA&quot;,&quot;zipCode&quot;:19067},&quot;user_id&quot;:7691,&quot;user_first_name&quot;:&quot;laasya&quot;,&quot;user_last_name&quot;:&quot;reddy&quot;,&quot;user_contact_number&quot;:3333678901,&quot;user_email_id&quot;:&quot;latha@gmail.com&quot;,&quot;creation_time&quot;:&quot;2024-10-10T17:47:05.844+00:00&quot;,&quot;last_mod_time&quot;:&quot;2024-10-10T22:28:00.208+00:00&quot;},{&quot;userAddress&quot;:{&quot;addressId&quot;:7471,&quot;plotNumber&quot;:&quot;AS-99&quot;,&quot;street&quot;:&quot;Gorniak&quot;,&quot;state&quot;:&quot;MI&quot;,&quot;country&quot;:&quot;USA&quot;,&quot;zipCode&quot;:7896},&quot;user_id&quot;:7504,&quot;user_first_name&quot;:&quot;TesterAA&quot;,&quot;user_last_name&quot;:&quot;Numpy&quot;,&quot;user_contact_number&quot;:1237894595,&quot;user_email_id&quot;:&quot;testlea@gmail.com&quot;,&quot;creation_time&quot;:&quot;2024-10-09T15:14:23.553+00:00&quot;,&quot;last_mod_time&quot;:&quot;2024-10-09T15:14:23.553+00:00&quot;},{&quot;userAddress&quot;:{&quot;addressId&quot;:7473,&quot;plotNumber&quot;:&quot;12-A&quot;,&quot;street&quot;:null,&quot;state&quot;:&quot;PA&quot;,&quot;country&quot;:null,&quot;zipCode&quot;:19047},&quot;user_id&quot;:7506,&quot;user_first_name&quot;:&quot;myfirstname&quot;,&quot;user_last_name&quot;:&quot;mylastname&quot;,&quot;user_contact_number&quot;:2345678988,&quot;user_email_id&quot;:&quot;myflname@gmail.com&quot;,&quot;creation_time&quot;:&quot;2024-10-09T15:18:49.140+00:00&quot;,&quot;last_mod_time&quot;:&quot;2024-10-09T15:18:49.140+00:00&quot;},{&quot;userAddress&quot;:{&quot;addressId&quot;:7474,&quot;plotNumber&quot;:&quot;12-A&quot;,&quot;street&quot;:null,&quot;state&quot;:&quot;PA&quot;,&quot;country&quot;:null,&quot;zipCode&quot;:1904},&quot;user_id&quot;:7507,&quot;user_first_name&quot;:&quot;myfirstname&quot;,&quot;user_last_name&quot;:&quot;mylastname&quot;,&quot;user_contact_number&quot;:2345678968,&quot;user_email_id&quot;:&quot;myfname@gmail.com&quot;,&quot;creation_time&quot;:&quot;2024-10-09T15:20:17.046+00:00&quot;,&quot;last_mod_time&quot;:&quot;2024-10-09T15:20:17.046+00:00&quot;},{&quot;userAddress&quot;:{&quot;addressId&quot;:7475,&quot;plotNumber&quot;:&quot;12-A&quot;,&quot;street&quot;:null,&quot;state&quot;:&quot;PA&quot;,&quot;country&quot;:null,&quot;zipCode&quot;:1904},&quot;user_id&quot;:7508,&quot;user_first_name&quot;:&quot;myfirstname&quot;,&quot;user_last_name&quot;:&quot;mylastname&quot;,&quot;user_contact_number&quot;:2345678368,&quot;user_email_id&quot;:&quot;myfirstname@gmail.com&quot;,&quot;creation_time&quot;:&quot;2024-10-09T15:23:03.679+00:00&quot;,&quot;last_mod_time&quot;:&quot;2024-10-09T15:23:03.679+00:00&quot;},{&quot;userAddress&quot;:{&quot;addressId&quot;:7477,&quot;plotNumber&quot;:&quot;AS-99&quot;,&quot;street&quot;:&quot;Gorniak&quot;,&quot;state&quot;:&quot;MI&quot;,&quot;country&quot;:&quot;USA&quot;,&quot;zipCode&quot;:7896},&quot;user_id&quot;:7510,&quot;user_first_name&quot;:&quot;TesterAI&quot;,&quot;user_last_name&quot;:&quot;Numpy&quot;,&quot;user_contact_number&quot;:1472583695,&quot;user_email_id&quot;:&quot;testlearnerai@gmail.com&quot;,&quot;creation_time&quot;:&quot;2024-10-09T15:30:34.034+00:00&quot;,&quot;last_mod_time&quot;:&quot;2024-10-09T15:30:34.034+00:00&quot;},{&quot;userAddress&quot;:{&quot;addressId&quot;:7478,&quot;plotNumber&quot;:&quot;12-A&quot;,&quot;street&quot;:null,&quot;state&quot;:&quot;PA&quot;,&quot;country&quot;:null,&quot;zipCode&quot;:1904},&quot;user_id&quot;:7511,&quot;user_first_name&quot;:&quot;myfirstname&quot;,&quot;user_last_name&quot;:&quot;mylastname&quot;,&quot;user_contact_number&quot;:2305678368,&quot;user_email_id&quot;:&quot;mylastname@gmail.com&quot;,&quot;creation_time&quot;:&quot;2024-10-09T15:31:47.942+00:00&quot;,&quot;last_mod_time&quot;:&quot;2024-10-09T15:31:47.942+00:00&quot;},{&quot;userAddress&quot;:{&quot;addressId&quot;:7704,&quot;plotNumber&quot;:&quot;AS-99&quot;,&quot;street&quot;:&quot;Gorniak&quot;,&quot;state&quot;:&quot;MI&quot;,&quot;country&quot;:&quot;USA&quot;,&quot;zipCode&quot;:7896},&quot;user_id&quot;:7736,&quot;user_first_name&quot;:&quot;TesterAA&quot;,&quot;user_last_name&quot;:&quot;Numpy&quot;,&quot;user_contact_number&quot;:3332227891,&quot;user_email_id&quot;:&quot;teamfour0@gmail.com&quot;,&quot;creation_time&quot;:&quot;2024-10-11T00:10:08.154+00:00&quot;,&quot;last_mod_time&quot;:&quot;2024-10-11T00:10:08.154+00:00&quot;},{&quot;userAddress&quot;:{&quot;addressId&quot;:7706,&quot;plotNumber&quot;:&quot;AS-99&quot;,&quot;street&quot;:&quot;Gorniak&quot;,&quot;state&quot;:&quot;MI&quot;,&quot;country&quot;:&quot;USA&quot;,&quot;zipCode&quot;:7896},&quot;user_id&quot;:7738,&quot;user_first_name&quot;:&quot;TesterAA&quot;,&quot;user_last_name&quot;:&quot;Numpy&quot;,&quot;user_contact_number&quot;:3332227892,&quot;user_email_id&quot;:&quot;teamfour1@gmail.com&quot;,&quot;creation_time&quot;:&quot;2024-10-11T00:18:41.751+00:00&quot;,&quot;last_mod_time&quot;:&quot;2024-10-11T00:18:41.751+00:00&quot;},{&quot;userAddress&quot;:{&quot;addressId&quot;:7758,&quot;plotNumber&quot;:&quot;Bt-11&quot;,&quot;street&quot;:&quot;First St&quot;,&quot;state&quot;:&quot;Texas&quot;,&quot;country&quot;:&quot;USA&quot;,&quot;zipCode&quot;:54657},&quot;user_id&quot;:7790,&quot;user_first_name&quot;:&quot;myfirstname&quot;,&quot;user_last_name&quot;:&quot;lastTrial&quot;,&quot;user_contact_number&quot;:7323988178,&quot;user_email_id&quot;:&quot;Team2de5k03eoa71i@gmail.com&quot;,&quot;creation_time&quot;:&quot;2024-10-11T03:31:55.924+00:00&quot;,&quot;last_mod_time&quot;:&quot;2024-10-11T03:31:55.924+00:00&quot;},{&quot;userAddress&quot;:{&quot;addressId&quot;:7759,&quot;plotNumber&quot;:&quot;13-db&quot;,&quot;street&quot;:&quot;street&quot;,&quot;state&quot;:&quot;texas&quot;,&quot;country&quot;:&quot;unitedstates&quot;,&quot;zipCode&quot;:78641},&quot;user_id&quot;:7791,&quot;user_first_name&quot;:&quot;Raj&quot;,&quot;user_last_name&quot;:&quot;hfjnfe&quot;,&quot;user_contact_number&quot;:9857372833,&quot;user_email_id&quot;:&quot;abhd@gmail.com&quot;,&quot;creation_time&quot;:&quot;2024-10-11T03:43:37.750+00:00&quot;,&quot;last_mod_time&quot;:&quot;2024-10-11T03:43:37.750+00:00&quot;},{&quot;userAddress&quot;:{&quot;addressId&quot;:7760,&quot;plotNumber&quot;:&quot;12-th&quot;,&quot;street&quot;:&quot;string&quot;,&quot;state&quot;:&quot;string&quot;,&quot;country&quot;:&quot;string&quot;,&quot;zipCode&quot;:0},&quot;user_id&quot;:7792,&quot;user_first_name&quot;:&quot;string&quot;,&quot;user_last_name&quot;:&quot;string&quot;,&quot;user_contact_number&quot;:9876543213,&quot;user_email_id&quot;:&quot;sgprav@gmail.com&quot;,&quot;creation_time&quot;:&quot;2024-10-11T03:44:46.951+00:00&quot;,&quot;last_mod_time&quot;:&quot;2024-10-11T03:44:46.951+00:00&quot;},{&quot;userAddress&quot;:{&quot;addressId&quot;:7761,&quot;plotNumber&quot;:&quot;Bt-11&quot;,&quot;street&quot;:&quot;First St&quot;,&quot;state&quot;:&quot;Texas&quot;,&quot;country&quot;:&quot;USA&quot;,&quot;zipCode&quot;:54657},&quot;user_id&quot;:7793,&quot;user_first_name&quot;:&quot;myfirstname&quot;,&quot;user_last_name&quot;:&quot;lastTrial&quot;,&quot;user_contact_number&quot;:1244153117,&quot;user_email_id&quot;:&quot;Team29hje4ge92ah@gmail.com&quot;,&quot;creation_time&quot;:&quot;2024-10-11T03:52:32.125+00:00&quot;,&quot;last_mod_time&quot;:&quot;2024-10-11T03:52:32.125+00:00&quot;},{&quot;userAddress&quot;:{&quot;addressId&quot;:7762,&quot;plotNumber&quot;:&quot;Bt-11&quot;,&quot;street&quot;:&quot;First St&quot;,&quot;state&quot;:&quot;Texas&quot;,&quot;country&quot;:&quot;USA&quot;,&quot;zipCode&quot;:54657},&quot;user_id&quot;:7794,&quot;user_first_name&quot;:&quot;myfirstname&quot;,&quot;user_last_name&quot;:&quot;lastTrial&quot;,&quot;user_contact_number&quot;:4791242748,&quot;user_email_id&quot;:&quot;Team2foad54hpi8g8@gmail.com&quot;,&quot;creation_time&quot;:&quot;2024-10-11T03:53:51.057+00:00&quot;,&quot;last_mod_time&quot;:&quot;2024-10-11T03:53:51.057+00:00&quot;},{&quot;userAddress&quot;:{&quot;addressId&quot;:7763,&quot;plotNumber&quot;:&quot;Bt-11&quot;,&quot;street&quot;:&quot;First St&quot;,&quot;state&quot;:&quot;Texas&quot;,&quot;country&quot;:&quot;USA&quot;,&quot;zipCode&quot;:54657},&quot;user_id&quot;:7795,&quot;user_first_name&quot;:&quot;myfirstname&quot;,&quot;user_last_name&quot;:&quot;lastTrial&quot;,&quot;user_contact_number&quot;:4805309668,&quot;user_email_id&quot;:&quot;Team2kjoch4gg02j6@gmail.com&quot;,&quot;creation_time&quot;:&quot;2024-10-11T03:57:00.434+00:00&quot;,&quot;last_mod_time&quot;:&quot;2024-10-11T03:57:00.434+00:00&quot;},{&quot;userAddress&quot;:{&quot;addressId&quot;:7764,&quot;plotNumber&quot;:&quot;Bt-11&quot;,&quot;street&quot;:&quot;First St&quot;,&quot;state&quot;:&quot;Texas&quot;,&quot;country&quot;:&quot;USA&quot;,&quot;zipCode&quot;:54657},&quot;user_id&quot;:7796,&quot;user_first_name&quot;:&quot;myfirstname&quot;,&quot;user_last_name&quot;:&quot;lastTrial&quot;,&quot;user_contact_number&quot;:5319918710,&quot;user_email_id&quot;:&quot;Team2d3hhfco5alca@gmail.com&quot;,&quot;creation_time&quot;:&quot;2024-10-11T03:57:13.979+00:00&quot;,&quot;last_mod_time&quot;:&quot;2024-10-11T03:57:13.979+00:00&quot;},{&quot;userAddress&quot;:{&quot;addressId&quot;:7766,&quot;plotNumber&quot;:&quot;13-db&quot;,&quot;street&quot;:&quot;street&quot;,&quot;state&quot;:&quot;texas&quot;,&quot;country&quot;:&quot;unitedstates&quot;,&quot;zipCode&quot;:78641},&quot;user_id&quot;:7798,&quot;user_first_name&quot;:&quot;gsdhfgj&quot;,&quot;user_last_name&quot;:&quot;hfjnfe&quot;,&quot;user_contact_number&quot;:9857387833,&quot;user_email_id&quot;:&quot;abhdgh@gmail.com&quot;,&quot;creation_time&quot;:&quot;2024-10-11T04:01:29.632+00:00&quot;,&quot;last_mod_time&quot;:&quot;2024-10-11T04:01:29.632+00:00&quot;},{&quot;userAddress&quot;:{&quot;addressId&quot;:7767,&quot;plotNumber&quot;:&quot;12-rt&quot;,&quot;street&quot;:&quot;street&quot;,&quot;state&quot;:&quot;tx&quot;,&quot;country&quot;:&quot;usa&quot;,&quot;zipCode&quot;:78641},&quot;user_id&quot;:7799,&quot;user_first_name&quot;:&quot;kand&quot;,&quot;user_last_name&quot;:&quot;an&quot;,&quot;user_contact_number&quot;:9874573833,&quot;user_email_id&quot;:&quot;string@gmail.com&quot;,&quot;creation_time&quot;:&quot;2024-10-11T04:35:10.399+00:00&quot;,&quot;last_mod_time&quot;:&quot;2024-10-11T04:35:10.399+00:00&quot;},{&quot;userAddress&quot;:{&quot;addressId&quot;:7768,&quot;plotNumber&quot;:&quot;12-rt&quot;,&quot;street&quot;:&quot;street&quot;,&quot;state&quot;:&quot;tx&quot;,&quot;country&quot;:&quot;usa&quot;,&quot;zipCode&quot;:78641},&quot;user_id&quot;:7800,&quot;user_first_name&quot;:&quot;kandk&quot;,&quot;user_last_name&quot;:&quot;an&quot;,&quot;user_contact_number&quot;:9874573803,&quot;user_email_id&quot;:&quot;strin@gmail.com&quot;,&quot;creation_time&quot;:&quot;2024-10-11T04:51:51.457+00:00&quot;,&quot;last_mod_time&quot;:&quot;2024-10-11T04:51:51.457+00:00&quot;},{&quot;userAddress&quot;:{&quot;addressId&quot;:7769,&quot;plotNumber&quot;:&quot;12-uj&quot;,&quot;street&quot;:&quot;Zelda&quot;,&quot;state&quot;:&quot;Texas&quot;,&quot;country&quot;:&quot;UnitedStates&quot;,&quot;zipCode&quot;:78641},&quot;user_id&quot;:7801,&quot;user_first_name&quot;:&quot;Praver&quot;,&quot;user_last_name&quot;:&quot;Rajb&quot;,&quot;user_contact_number&quot;:5906978054,&quot;user_email_id&quot;:&quot;sgprab@gmail.com&quot;,&quot;creation_time&quot;:&quot;2024-10-11T05:08:53.655+00:00&quot;,&quot;last_mod_time&quot;:&quot;2024-10-11T05:08:53.655+00:00&quot;},{&quot;userAddress&quot;:{&quot;addressId&quot;:7770,&quot;plotNumber&quot;:&quot;19-ui&quot;,&quot;street&quot;:&quot;Renshf&quot;,&quot;state&quot;:&quot;Texas&quot;,&quot;country&quot;:&quot;UnitedStates&quot;,&quot;zipCode&quot;:78641},&quot;user_id&quot;:7802,&quot;user_first_name&quot;:&quot;Gent&quot;,&quot;user_last_name&quot;:&quot;Gdsdg&quot;,&quot;user_contact_number&quot;:8984809845,&quot;user_email_id&quot;:&quot;abchnf@gmail.com&quot;,&quot;creation_time&quot;:&quot;2024-10-11T05:08:53.738+00:00&quot;,&quot;last_mod_time&quot;:&quot;2024-10-11T05:08:53.738+00:00&quot;},{&quot;userAddress&quot;:{&quot;addressId&quot;:9639,&quot;plotNumber&quot;:&quot;P1-11&quot;,&quot;street&quot;:&quot;Main&quot;,&quot;state&quot;:&quot;LA&quot;,&quot;country&quot;:&quot;USA&quot;,&quot;zipCode&quot;:20875},&quot;user_id&quot;:9671,&quot;user_first_name&quot;:&quot;NeerajRam&quot;,&quot;user_last_name&quot;:&quot;NeerajAppa&quot;,&quot;user_contact_number&quot;:6688332104,&quot;user_email_id&quot;:&quot;Team03NeerajRamappa@gmail.com&quot;,&quot;creation_time&quot;:&quot;2024-10-14T13:59:14.788+00:00&quot;,&quot;last_mod_time&quot;:&quot;2024-10-14T13:59:14.788+00:00&quot;},{&quot;userAddress&quot;:{&quot;addressId&quot;:8545,&quot;plotNumber&quot;:&quot;P1-10&quot;,&quot;street&quot;:&quot;Bartell Ford&quot;,&quot;state&quot;:&quot;TX&quot;,&quot;country&quot;:&quot;USA&quot;,&quot;zipCode&quot;:12356},&quot;user_id&quot;:8577,&quot;user_first_name&quot;:&quot;Blair&quot;,&quot;user_last_name&quot;:&quot;Leannon&quot;,&quot;user_contact_number&quot;:3607896184,&quot;user_email_id&quot;:&quot;Elta_Roberts44@gmail.com&quot;,&quot;creation_time&quot;:&quot;2024-10-13T05:22:30.802+00:00&quot;,&quot;last_mod_time&quot;:&quot;2024-10-13T05:22:30.802+00:00&quot;},{&quot;userAddress&quot;:{&quot;addressId&quot;:10142,&quot;plotNumber&quot;:&quot;P1-11&quot;,&quot;street&quot;:&quot;Main&quot;,&quot;state&quot;:&quot;LA&quot;,&quot;country&quot;:&quot;USA&quot;,&quot;zipCode&quot;:20878},&quot;user_id&quot;:10174,&quot;user_first_name&quot;:&quot;lavanya&quot;,&quot;user_last_name&quot;:&quot;John&quot;,&quot;user_contact_number&quot;:9491958456,&quot;user_email_id&quot;:&quot;Team03LyJo@gmail.com&quot;,&quot;creation_time&quot;:&quot;2024-10-16T00:28:23.227+00:00&quot;,&quot;last_mod_time&quot;:&quot;2024-10-16T00:28:23.227+00:00&quot;},{&quot;userAddress&quot;:{&quot;addressId&quot;:8803,&quot;plotNumber&quot;:&quot;Bt-11&quot;,&quot;street&quot;:&quot;First St&quot;,&quot;state&quot;:&quot;Texas&quot;,&quot;country&quot;:&quot;USA&quot;,&quot;zipCode&quot;:54877},&quot;user_id&quot;:8835,&quot;user_first_name&quot;:&quot;Teamthree&quot;,&quot;user_last_name&quot;:&quot;lastName&quot;,&quot;user_contact_number&quot;:6843215952,&quot;user_email_id&quot;:&quot;Team37jldln3ohp09@gmail.com&quot;,&quot;creation_time&quot;:&quot;2024-10-13T17:43:59.027+00:00&quot;,&quot;last_mod_time&quot;:&quot;2024-10-13T17:43:59.027+00:00&quot;},{&quot;userAddress&quot;:{&quot;addressId&quot;:8359,&quot;plotNumber&quot;:&quot;pl-03&quot;,&quot;street&quot;:&quot;palmilla&quot;,&quot;state&quot;:&quot;Florida&quot;,&quot;country&quot;:&quot;USA&quot;,&quot;zipCode&quot;:324578},&quot;user_id&quot;:8391,&quot;user_first_name&quot;:&quot;Numpy&quot;,&quot;user_last_name&quot;:&quot;Ninja&quot;,&quot;user_contact_number&quot;:1234567111,&quot;user_email_id&quot;:&quot;Numpy1234@gmail.com&quot;,&quot;creation_time&quot;:&quot;2024-10-13T00:05:05.649+00:00&quot;,&quot;last_mod_time&quot;:&quot;2024-10-13T00:05:05.649+00:00&quot;},{&quot;userAddress&quot;:{&quot;addressId&quot;:8360,&quot;plotNumber&quot;:&quot;pl-03&quot;,&quot;street&quot;:&quot;palmilla&quot;,&quot;state&quot;:&quot;Florida&quot;,&quot;country&quot;:&quot;USA&quot;,&quot;zipCode&quot;:324578},&quot;user_id&quot;:8392,&quot;user_first_name&quot;:&quot;Numpy&quot;,&quot;user_last_name&quot;:&quot;Ninja&quot;,&quot;user_contact_number&quot;:1234567122,&quot;user_email_id&quot;:&quot;Numpy123@gmail.com&quot;,&quot;creation_time&quot;:&quot;2024-10-13T00:11:16.588+00:00&quot;,&quot;last_mod_time&quot;:&quot;2024-10-13T00:11:16.588+00:00&quot;},{&quot;userAddress&quot;:{&quot;addressId&quot;:7904,&quot;plotNumber&quot;:&quot;999-K&quot;,&quot;street&quot;:&quot;Aldeburgh&quot;,&quot;state&quot;:&quot;Texas&quot;,&quot;country&quot;:&quot;US&quot;,&quot;zipCode&quot;:23294},&quot;user_id&quot;:7936,&quot;user_first_name&quot;:&quot;Varalaxmi&quot;,&quot;user_last_name&quot;:&quot;reddy&quot;,&quot;user_contact_number&quot;:8995115971,&quot;user_email_id&quot;:&quot;Team05Vara2@gmail.com&quot;,&quot;creation_time&quot;:&quot;2024-10-11T20:08:28.206+00:00&quot;,&quot;last_mod_time&quot;:&quot;2024-10-13T22:03:40.088+00:00&quot;},{&quot;userAddress&quot;:{&quot;addressId&quot;:7772,&quot;plotNumber&quot;:&quot;23-abc&quot;,&quot;street&quot;:&quot;Foster street&quot;,&quot;state&quot;:&quot;jhjkdlshf&quot;,&quot;country&quot;:&quot;USA&quot;,&quot;zipCode&quot;:1234567},&quot;user_id&quot;:7804,&quot;user_first_name&quot;:&quot;Michael F&quot;,&quot;user_last_name&quot;:&quot;Jackson&quot;,&quot;user_contact_number&quot;:8801573487,&quot;user_email_id&quot;:&quot;MichaelE123@gmail.com&quot;,&quot;creation_time&quot;:&quot;2024-10-11T11:40:15.327+00:00&quot;,&quot;last_mod_time&quot;:&quot;2024-10-11T11:40:15.327+00:00&quot;},{&quot;userAddress&quot;:{&quot;addressId&quot;:10143,&quot;plotNumber&quot;:&quot;P1-12&quot;,&quot;street&quot;:&quot;Main&quot;,&quot;state&quot;:&quot;CA&quot;,&quot;country&quot;:&quot;USA&quot;,&quot;zipCode&quot;:20875},&quot;user_id&quot;:10175,&quot;user_first_name&quot;:&quot;Alice&quot;,&quot;user_last_name&quot;:&quot;Johnson&quot;,&quot;user_contact_number&quot;:2223777222,&quot;user_email_id&quot;:&quot;AJoh@example.com&quot;,&quot;creation_time&quot;:&quot;2024-10-16T00:28:25.974+00:00&quot;,&quot;last_mod_time&quot;:&quot;2024-10-16T00:28:25.974+00:00&quot;},{&quot;userAddress&quot;:{&quot;addressId&quot;:7774,&quot;plotNumber&quot;:&quot;AS-99&quot;,&quot;street&quot;:&quot;Gorniak&quot;,&quot;state&quot;:&quot;MI&quot;,&quot;country&quot;:&quot;USA&quot;,&quot;zipCode&quot;:7896},&quot;user_id&quot;:7806,&quot;user_first_name&quot;:&quot;TesterAD&quot;,&quot;user_last_name&quot;:&quot;Numpy&quot;,&quot;user_contact_number&quot;:8527411230,&quot;user_email_id&quot;:&quot;tester003@gmail.com&quot;,&quot;creation_time&quot;:&quot;2024-10-11T11:54:01.692+00:00&quot;,&quot;last_mod_time&quot;:&quot;2024-10-11T11:54:01.692+00:00&quot;},{&quot;userAddress&quot;:{&quot;addressId&quot;:10145,&quot;plotNumber&quot;:&quot;P1-14&quot;,&quot;street&quot;:&quot;Pine&quot;,&quot;state&quot;:&quot;FL&quot;,&quot;country&quot;:&quot;USA&quot;,&quot;zipCode&quot;:75001},&quot;user_id&quot;:10177,&quot;user_first_name&quot;:&quot;Charlie&quot;,&quot;user_last_name&quot;:&quot;Brown&quot;,&quot;user_contact_number&quot;:6726382990,&quot;user_email_id&quot;:&quot;chomb@example.com&quot;,&quot;creation_time&quot;:&quot;2024-10-16T00:28:32.717+00:00&quot;,&quot;last_mod_time&quot;:&quot;2024-10-16T00:28:32.717+00:00&quot;},{&quot;userAddress&quot;:{&quot;addressId&quot;:7922,&quot;plotNumber&quot;:&quot;19-a&quot;,&quot;street&quot;:&quot;Jersey Street&quot;,&quot;state&quot;:&quot;NewJersey&quot;,&quot;country&quot;:&quot;USA &quot;,&quot;zipCode&quot;:7828},&quot;user_id&quot;:7954,&quot;user_first_name&quot;:&quot;Anbuselvi&quot;,&quot;user_last_name&quot;:&quot;TeamTeam&quot;,&quot;user_contact_number&quot;:8625769088,&quot;user_email_id&quot;:&quot;Jersey@gmail.com&quot;,&quot;creation_time&quot;:&quot;2024-10-11T21:25:22.451+00:00&quot;,&quot;last_mod_time&quot;:&quot;2024-10-11T21:25:22.451+00:00&quot;},{&quot;userAddress&quot;:{&quot;addressId&quot;:7923,&quot;plotNumber&quot;:&quot;P1-11&quot;,&quot;street&quot;:&quot;Main&quot;,&quot;state&quot;:&quot;LA&quot;,&quot;country&quot;:&quot;USA&quot;,&quot;zipCode&quot;:20875},&quot;user_id&quot;:7955,&quot;user_first_name&quot;:&quot;Rag&quot;,&quot;user_last_name&quot;:&quot;LA&quot;,&quot;user_contact_number&quot;:8187269679,&quot;user_email_id&quot;:&quot;Team03RaghLA@gmail.com&quot;,&quot;creation_time&quot;:&quot;2024-10-11T21:33:16.599+00:00&quot;,&quot;last_mod_time&quot;:&quot;2024-10-11T21:33:16.599+00:00&quot;},{&quot;userAddress&quot;:{&quot;addressId&quot;:8163,&quot;plotNumber&quot;:&quot;Bt-11&quot;,&quot;street&quot;:&quot;First St&quot;,&quot;state&quot;:&quot;Texas&quot;,&quot;country&quot;:&quot;USA&quot;,&quot;zipCode&quot;:54657},&quot;user_id&quot;:8195,&quot;user_first_name&quot;:&quot;HZBXBEmScr&quot;,&quot;user_last_name&quot;:&quot;CLUgxcRzLa&quot;,&quot;user_contact_number&quot;:3355250935,&quot;user_email_id&quot;:&quot;team2l31j4n801kna@gmail.com&quot;,&quot;creation_time&quot;:&quot;2024-10-12T17:36:34.833+00:00&quot;,&quot;last_mod_time&quot;:&quot;2024-10-12T17:36:34.833+00:00&quot;},{&quot;userAddress&quot;:{&quot;addressId&quot;:8164,&quot;plotNumber&quot;:&quot;Bt-11&quot;,&quot;street&quot;:&quot;First St&quot;,&quot;state&quot;:&quot;Texas&quot;,&quot;country&quot;:&quot;USA&quot;,&quot;zipCode&quot;:54657},&quot;user_id&quot;:8196,&quot;user_first_name&quot;:&quot;PuQSmQjmfd&quot;,&quot;user_last_name&quot;:&quot;iFlcaXciQw&quot;,&quot;user_contact_number&quot;:9550954570,&quot;user_email_id&quot;:&quot;team2o826kp2m56fj@gmail.com&quot;,&quot;creation_time&quot;:&quot;2024-10-12T17:36:35.142+00:00&quot;,&quot;last_mod_time&quot;:&quot;2024-10-12T17:36:35.142+00:00&quot;},{&quot;userAddress&quot;:{&quot;addressId&quot;:8165,&quot;plotNumber&quot;:&quot;Bt-11&quot;,&quot;street&quot;:&quot;First St&quot;,&quot;state&quot;:&quot;Texas&quot;,&quot;country&quot;:&quot;USA&quot;,&quot;zipCode&quot;:54657},&quot;user_id&quot;:8197,&quot;user_first_name&quot;:&quot;wKsPehwbQs&quot;,&quot;user_last_name&quot;:&quot;CdlGOebNnp&quot;,&quot;user_contact_number&quot;:1705693609,&quot;user_email_id&quot;:&quot;team2f689fchkplbg@gmail.com&quot;,&quot;creation_time&quot;:&quot;2024-10-12T17:36:36.140+00:00&quot;,&quot;last_mod_time&quot;:&quot;2024-10-12T17:36:36.140+00:00&quot;},{&quot;userAddress&quot;:{&quot;addressId&quot;:7936,&quot;plotNumber&quot;:&quot;P1-10&quot;,&quot;street&quot;:&quot;Main&quot;,&quot;state&quot;:&quot;NY&quot;,&quot;country&quot;:&quot;USA&quot;,&quot;zipCode&quot;:10081},&quot;user_id&quot;:7968,&quot;user_first_name&quot;:&quot;Ernestina&quot;,&quot;user_last_name&quot;:&quot;Greenfelder&quot;,&quot;user_contact_number&quot;:1235689401,&quot;user_email_id&quot;:&quot;Damon_OReilly70@yahoo.com&quot;,&quot;creation_time&quot;:&quot;2024-10-11T22:35:21.181+00:00&quot;,&quot;last_mod_time&quot;:&quot;2024-10-11T22:35:21.181+00:00&quot;},{&quot;userAddress&quot;:{&quot;addressId&quot;:7931,&quot;plotNumber&quot;:&quot;P1-10&quot;,&quot;street&quot;:&quot;Main&quot;,&quot;state&quot;:&quot;NY&quot;,&quot;country&quot;:&quot;USA&quot;,&quot;zipCode&quot;:10081},&quot;user_id&quot;:7963,&quot;user_first_name&quot;:&quot;Malcolm&quot;,&quot;user_last_name&quot;:&quot;sicles&quot;,&quot;user_contact_number&quot;:9523787811,&quot;user_email_id&quot;:&quot;pops1@example.com&quot;,&quot;creation_time&quot;:&quot;2024-10-11T22:25:16.470+00:00&quot;,&quot;last_mod_time&quot;:&quot;2024-10-11T22:25:16.470+00:00&quot;},{&quot;userAddress&quot;:{&quot;addressId&quot;:7932,&quot;plotNumber&quot;:&quot;P1-10&quot;,&quot;street&quot;:&quot;Main&quot;,&quot;state&quot;:&quot;NY&quot;,&quot;country&quot;:&quot;USA&quot;,&quot;zipCode&quot;:10081},&quot;user_id&quot;:7964,&quot;user_first_name&quot;:&quot;Marcelle&quot;,&quot;user_last_name&quot;:&quot;Frami&quot;,&quot;user_contact_number&quot;:7234567890,&quot;user_email_id&quot;:&quot;paru@Gmail.com&quot;,&quot;creation_time&quot;:&quot;2024-10-11T22:29:06.698+00:00&quot;,&quot;last_mod_time&quot;:&quot;2024-10-11T22:29:06.698+00:00&quot;},{&quot;userAddress&quot;:{&quot;addressId&quot;:7933,&quot;plotNumber&quot;:&quot;P1-10&quot;,&quot;street&quot;:&quot;Main&quot;,&quot;state&quot;:&quot;NY&quot;,&quot;country&quot;:&quot;USA&quot;,&quot;zipCode&quot;:10081},&quot;user_id&quot;:7965,&quot;user_first_name&quot;:&quot;Itzel&quot;,&quot;user_last_name&quot;:&quot;Bayer&quot;,&quot;user_contact_number&quot;:7134567890,&quot;user_email_id&quot;:&quot;paru1@Gmail.com&quot;,&quot;creation_time&quot;:&quot;2024-10-11T22:30:06.798+00:00&quot;,&quot;last_mod_time&quot;:&quot;2024-10-11T22:30:06.798+00:00&quot;},{&quot;userAddress&quot;:{&quot;addressId&quot;:7934,&quot;plotNumber&quot;:&quot;P1-10&quot;,&quot;street&quot;:&quot;Main&quot;,&quot;state&quot;:&quot;NY&quot;,&quot;country&quot;:&quot;USA&quot;,&quot;zipCode&quot;:10081},&quot;user_id&quot;:7966,&quot;user_first_name&quot;:&quot;Tracy&quot;,&quot;user_last_name&quot;:&quot;Wisoky&quot;,&quot;user_contact_number&quot;:6134567890,&quot;user_email_id&quot;:&quot;Elmore27@yahoo.com&quot;,&quot;creation_time&quot;:&quot;2024-10-11T22:32:58.021+00:00&quot;,&quot;last_mod_time&quot;:&quot;2024-10-11T22:32:58.021+00:00&quot;},{&quot;userAddress&quot;:{&quot;addressId&quot;:7987,&quot;plotNumber&quot;:&quot;P1-10&quot;,&quot;street&quot;:&quot;Douglas Cape&quot;,&quot;state&quot;:&quot;TX&quot;,&quot;country&quot;:&quot;USA&quot;,&quot;zipCode&quot;:12356},&quot;user_id&quot;:8019,&quot;user_first_name&quot;:&quot;Elisa&quot;,&quot;user_last_name&quot;:&quot;Simonis&quot;,&quot;user_contact_number&quot;:1239087651,&quot;user_email_id&quot;:&quot;Quinn.Wolff@yahoo.com&quot;,&quot;creation_time&quot;:&quot;2024-10-12T01:08:02.210+00:00&quot;,&quot;last_mod_time&quot;:&quot;2024-10-12T01:08:02.210+00:00&quot;},{&quot;userAddress&quot;:{&quot;addressId&quot;:7937,&quot;plotNumber&quot;:&quot;P1-10&quot;,&quot;street&quot;:&quot;Main&quot;,&quot;state&quot;:&quot;NY&quot;,&quot;country&quot;:&quot;USA&quot;,&quot;zipCode&quot;:10081},&quot;user_id&quot;:7969,&quot;user_first_name&quot;:&quot;Hailie&quot;,&quot;user_last_name&quot;:&quot;Carroll&quot;,&quot;user_contact_number&quot;:7235689401,&quot;user_email_id&quot;:&quot;Corine_Fisher@hotmail.com&quot;,&quot;creation_time&quot;:&quot;2024-10-11T22:36:04.161+00:00&quot;,&quot;last_mod_time&quot;:&quot;2024-10-11T22:36:04.161+00:00&quot;},{&quot;userAddress&quot;:{&quot;addressId&quot;:10185,&quot;plotNumber&quot;:&quot;P1-12&quot;,&quot;street&quot;:&quot;Main&quot;,&quot;state&quot;:&quot;CA&quot;,&quot;country&quot;:&quot;USA&quot;,&quot;zipCode&quot;:20875},&quot;user_id&quot;:10217,&quot;user_first_name&quot;:&quot;Alice&quot;,&quot;user_last_name&quot;:&quot;Johnson&quot;,&quot;user_contact_number&quot;:2511133222,&quot;user_email_id&quot;:&quot;Team03LoryJohn@gmail.com&quot;,&quot;creation_time&quot;:&quot;2024-10-16T03:06:41.194+00:00&quot;,&quot;last_mod_time&quot;:&quot;2024-10-16T03:06:41.194+00:00&quot;},{&quot;userAddress&quot;:{&quot;addressId&quot;:8985,&quot;plotNumber&quot;:&quot;Bt-11&quot;,&quot;street&quot;:&quot;First St&quot;,&quot;state&quot;:&quot;Texas&quot;,&quot;country&quot;:&quot;USA&quot;,&quot;zipCode&quot;:54877},&quot;user_id&quot;:9017,&quot;user_first_name&quot;:&quot;Teamthree&quot;,&quot;user_last_name&quot;:&quot;lastName&quot;,&quot;user_contact_number&quot;:6565956171,&quot;user_email_id&quot;:&quot;Team3edllo263h0c@gmail.com&quot;,&quot;creation_time&quot;:&quot;2024-10-13T23:14:37.160+00:00&quot;,&quot;last_mod_time&quot;:&quot;2024-10-13T23:14:37.160+00:00&quot;},{&quot;userAddress&quot;:{&quot;addressId&quot;:7945,&quot;plotNumber&quot;:&quot;P1-10&quot;,&quot;street&quot;:&quot;Mertz Ports&quot;,&quot;state&quot;:&quot;TX&quot;,&quot;country&quot;:&quot;USA&quot;,&quot;zipCode&quot;:12356},&quot;user_id&quot;:7977,&quot;user_first_name&quot;:&quot;Thomas&quot;,&quot;user_last_name&quot;:&quot;Lindgren&quot;,&quot;user_contact_number&quot;:1234567820,&quot;user_email_id&quot;:&quot;Ida.Boyer1@gmail.com&quot;,&quot;creation_time&quot;:&quot;2024-10-11T23:40:00.179+00:00&quot;,&quot;last_mod_time&quot;:&quot;2024-10-11T23:40:00.179+00:00&quot;},{&quot;userAddress&quot;:{&quot;addressId&quot;:7947,&quot;plotNumber&quot;:&quot;P1-11&quot;,&quot;street&quot;:&quot;Main&quot;,&quot;state&quot;:&quot;LA&quot;,&quot;country&quot;:&quot;USA&quot;,&quot;zipCode&quot;:20875},&quot;user_id&quot;:7979,&quot;user_first_name&quot;:&quot;PSRahul&quot;,&quot;user_last_name&quot;:&quot;Bangalore&quot;,&quot;user_contact_number&quot;:5080569670,&quot;user_email_id&quot;:&quot;Team03RahulBanglore@gmail.com&quot;,&quot;creation_time&quot;:&quot;2024-10-11T23:52:40.917+00:00&quot;,&quot;last_mod_time&quot;:&quot;2024-10-11T23:52:40.917+00:00&quot;},{&quot;userAddress&quot;:{&quot;addressId&quot;:7949,&quot;plotNumber&quot;:&quot;P1-11&quot;,&quot;street&quot;:&quot;Main&quot;,&quot;state&quot;:&quot;LA&quot;,&quot;country&quot;:&quot;USA&quot;,&quot;zipCode&quot;:20875},&quot;user_id&quot;:7981,&quot;user_first_name&quot;:&quot;PSGKS&quot;,&quot;user_last_name&quot;:&quot;GKRP&quot;,&quot;user_contact_number&quot;:6680569670,&quot;user_email_id&quot;:&quot;Team03GKPS@gmail.com&quot;,&quot;creation_time&quot;:&quot;2024-10-12T00:03:14.524+00:00&quot;,&quot;last_mod_time&quot;:&quot;2024-10-12T00:03:14.524+00:00&quot;},{&quot;userAddress&quot;:{&quot;addressId&quot;:10189,&quot;plotNumber&quot;:&quot;p1-01&quot;,&quot;street&quot;:&quot;Main&quot;,&quot;state&quot;:&quot;TX&quot;,&quot;country&quot;:&quot;USA&quot;,&quot;zipCode&quot;:56984},&quot;user_id&quot;:10221,&quot;user_first_name&quot;:&quot;SIVMPMKHBP&quot;,&quot;user_last_name&quot;:&quot;krishna&quot;,&quot;user_contact_number&quot;:9999988888,&quot;user_email_id&quot;:&quot;durgasivam@gmail.com&quot;,&quot;creation_time&quot;:&quot;2024-10-16T03:14:02.036+00:00&quot;,&quot;last_mod_time&quot;:&quot;2024-10-16T03:14:02.036+00:00&quot;},{&quot;userAddress&quot;:{&quot;addressId&quot;:7802,&quot;plotNumber&quot;:null,&quot;street&quot;:&quot;ABC&quot;,&quot;state&quot;:&quot;NJ&quot;,&quot;country&quot;:&quot;USA&quot;,&quot;zipCode&quot;:0},&quot;user_id&quot;:7834,&quot;user_first_name&quot;:&quot;Ruma&quot;,&quot;user_last_name&quot;:&quot;Biswas&quot;,&quot;user_contact_number&quot;:9999999999,&quot;user_email_id&quot;:&quot;TEAM03ArundhatiB@gmail.com&quot;,&quot;creation_time&quot;:&quot;2024-10-11T14:15:44.461+00:00&quot;,&quot;last_mod_time&quot;:&quot;2024-10-11T14:15:44.461+00:00&quot;},{&quot;userAddress&quot;:{&quot;addressId&quot;:7965,&quot;plotNumber&quot;:&quot;A-7&quot;,&quot;street&quot;:&quot;Elaya Mudhali&quot;,&quot;state&quot;:&quot;CT&quot;,&quot;country&quot;:&quot;USA&quot;,&quot;zipCode&quot;:67678},&quot;user_id&quot;:7997,&quot;user_first_name&quot;:&quot;Harini&quot;,&quot;user_last_name&quot;:&quot;Priya&quot;,&quot;user_contact_number&quot;:2233442211,&quot;user_email_id&quot;:&quot;team05hapriya@gmail.com&quot;,&quot;creation_time&quot;:&quot;2024-10-12T00:30:08.847+00:00&quot;,&quot;last_mod_time&quot;:&quot;2024-10-12T00:30:08.847+00:00&quot;},{&quot;userAddress&quot;:{&quot;addressId&quot;:10093,&quot;plotNumber&quot;:&quot;P1-11&quot;,&quot;street&quot;:&quot;Main&quot;,&quot;state&quot;:&quot;LA&quot;,&quot;country&quot;:&quot;USA&quot;,&quot;zipCode&quot;:20878},&quot;user_id&quot;:10125,&quot;user_first_name&quot;:&quot;lavanya&quot;,&quot;user_last_name&quot;:&quot;John&quot;,&quot;user_contact_number&quot;:4499934456,&quot;user_email_id&quot;:&quot;Team03LavaJohn@gmail.com&quot;,&quot;creation_time&quot;:&quot;2024-10-15T22:17:55.149+00:00&quot;,&quot;last_mod_time&quot;:&quot;2024-10-17T23:41:01.967+00:00&quot;},{&quot;userAddress&quot;:{&quot;addressId&quot;:10835,&quot;plotNumber&quot;:&quot;Plot-1234&quot;,&quot;street&quot;:&quot;TP Road&quot;,&quot;state&quot;:&quot;IL&quot;,&quot;country&quot;:&quot;USA&quot;,&quot;zipCode&quot;:60004},&quot;user_id&quot;:10867,&quot;user_first_name&quot;:&quot;TestTestUpdateUserUser&quot;,&quot;user_last_name&quot;:&quot;TestData&quot;,&quot;user_contact_number&quot;:2223334445,&quot;user_email_id&quot;:&quot;TTestUpdateUser1011.TestData@gmail.com&quot;,&quot;creation_time&quot;:&quot;2024-10-18T00:24:34.072+00:00&quot;,&quot;last_mod_time&quot;:&quot;2024-10-18T00:24:34.072+00:00&quot;},{&quot;userAddress&quot;:{&quot;addressId&quot;:7984,&quot;plotNumber&quot;:&quot;P1-10&quot;,&quot;street&quot;:&quot;Allene Point&quot;,&quot;state&quot;:&quot;TX&quot;,&quot;country&quot;:&quot;USA&quot;,&quot;zipCode&quot;:12356},&quot;user_id&quot;:8016,&quot;user_first_name&quot;:&quot;Mervin&quot;,&quot;user_last_name&quot;:&quot;Ullrich&quot;,&quot;user_contact_number&quot;:1234509870,&quot;user_email_id&quot;:&quot;Macey.Klocko23@yahoo.com&quot;,&quot;creation_time&quot;:&quot;2024-10-12T01:01:21.490+00:00&quot;,&quot;last_mod_time&quot;:&quot;2024-10-12T01:01:21.490+00:00&quot;},{&quot;userAddress&quot;:{&quot;addressId&quot;:7985,&quot;plotNumber&quot;:&quot;P1-10&quot;,&quot;street&quot;:&quot;Marianne Circle&quot;,&quot;state&quot;:&quot;TX&quot;,&quot;country&quot;:&quot;USA&quot;,&quot;zipCode&quot;:12356},&quot;user_id&quot;:8017,&quot;user_first_name&quot;:&quot;Elta&quot;,&quot;user_last_name&quot;:&quot;Labadie&quot;,&quot;user_contact_number&quot;:1234509875,&quot;user_email_id&quot;:&quot;Edgar_Hoeger33@gmail.com&quot;,&quot;creation_time&quot;:&quot;2024-10-12T01:04:28.450+00:00&quot;,&quot;last_mod_time&quot;:&quot;2024-10-12T01:04:28.450+00:00&quot;},{&quot;userAddress&quot;:{&quot;addressId&quot;:7986,&quot;plotNumber&quot;:&quot;P1-10&quot;,&quot;street&quot;:&quot;Fisher Trail&quot;,&quot;state&quot;:&quot;TX&quot;,&quot;country&quot;:&quot;USA&quot;,&quot;zipCode&quot;:12356},&quot;user_id&quot;:8018,&quot;user_first_name&quot;:&quot;Onie&quot;,&quot;user_last_name&quot;:&quot;Wisoky&quot;,&quot;user_contact_number&quot;:1239087650,&quot;user_email_id&quot;:&quot;Abby_Strosin94@gmail.com&quot;,&quot;creation_time&quot;:&quot;2024-10-12T01:07:39.234+00:00&quot;,&quot;last_mod_time&quot;:&quot;2024-10-12T01:07:39.234+00:00&quot;},{&quot;userAddress&quot;:{&quot;addressId&quot;:10429,&quot;plotNumber&quot;:&quot;19-a&quot;,&quot;street&quot;:&quot;Cypress Dr&quot;,&quot;state&quot;:&quot;Texas&quot;,&quot;country&quot;:&quot;USA&quot;,&quot;zipCode&quot;:null},&quot;user_id&quot;:10461,&quot;user_first_name&quot;:&quot;Vijaya&quot;,&quot;user_last_name&quot;:&quot;TeamThree&quot;,&quot;user_contact_number&quot;:5481996053,&quot;user_email_id&quot;:&quot;ian.paucek@example.com&quot;,&quot;creation_time&quot;:&quot;2024-10-17T00:06:23.126+00:00&quot;,&quot;last_mod_time&quot;:&quot;2024-10-17T00:06:23.126+00:00&quot;},{&quot;userAddress&quot;:{&quot;addressId&quot;:7819,&quot;plotNumber&quot;:&quot;P1-10&quot;,&quot;street&quot;:&quot;Main&quot;,&quot;state&quot;:&quot;NY&quot;,&quot;country&quot;:&quot;USA&quot;,&quot;zipCode&quot;:10081},&quot;user_id&quot;:7851,&quot;user_first_name&quot;:&quot;Kavi&quot;,&quot;user_last_name&quot;:&quot;Mavi&quot;,&quot;user_contact_number&quot;:5390787810,&quot;user_email_id&quot;:&quot;Kavi@example.com&quot;,&quot;creation_time&quot;:&quot;2024-10-11T14:43:39.052+00:00&quot;,&quot;last_mod_time&quot;:&quot;2024-10-11T14:43:39.052+00:00&quot;},{&quot;userAddress&quot;:{&quot;addressId&quot;:10430,&quot;plotNumber&quot;:&quot;19-a&quot;,&quot;street&quot;:&quot;Cypress Dr&quot;,&quot;state&quot;:&quot;Texas&quot;,&quot;country&quot;:&quot;USA&quot;,&quot;zipCode&quot;:null},&quot;user_id&quot;:10462,&quot;user_first_name&quot;:&quot;Vijaya&quot;,&quot;user_last_name&quot;:&quot;TeamThree&quot;,&quot;user_contact_number&quot;:5488404238,&quot;user_email_id&quot;:&quot;thalia.hoppe@example.com&quot;,&quot;creation_time&quot;:&quot;2024-10-17T00:06:23.938+00:00&quot;,&quot;last_mod_time&quot;:&quot;2024-10-17T00:06:23.938+00:00&quot;},{&quot;userAddress&quot;:{&quot;addressId&quot;:7823,&quot;plotNumber&quot;:&quot;P1-10&quot;,&quot;street&quot;:&quot;Main&quot;,&quot;state&quot;:&quot;NY&quot;,&quot;country&quot;:&quot;USA&quot;,&quot;zipCode&quot;:10081},&quot;user_id&quot;:7855,&quot;user_first_name&quot;:&quot;Kavil&quot;,&quot;user_last_name&quot;:&quot;Mavi&quot;,&quot;user_contact_number&quot;:1390787810,&quot;user_email_id&quot;:&quot;Kavia@example.com&quot;,&quot;creation_time&quot;:&quot;2024-10-11T14:45:15.345+00:00&quot;,&quot;last_mod_time&quot;:&quot;2024-10-11T14:45:15.345+00:00&quot;},{&quot;userAddress&quot;:{&quot;addressId&quot;:7998,&quot;plotNumber&quot;:&quot;AS-99&quot;,&quot;street&quot;:&quot;Gorniak&quot;,&quot;state&quot;:&quot;MI&quot;,&quot;country&quot;:&quot;USA&quot;,&quot;zipCode&quot;:7896},&quot;user_id&quot;:8030,&quot;user_first_name&quot;:&quot;TesterAD&quot;,&quot;user_last_name&quot;:&quot;Numpy&quot;,&quot;user_contact_number&quot;:7788996652,&quot;user_email_id&quot;:&quot;testfournewl@gmail.com&quot;,&quot;creation_time&quot;:&quot;2024-10-12T01:31:24.569+00:00&quot;,&quot;last_mod_time&quot;:&quot;2024-10-12T01:31:24.569+00:00&quot;},{&quot;userAddress&quot;:{&quot;addressId&quot;:7828,&quot;plotNumber&quot;:&quot;23-abc&quot;,&quot;street&quot;:&quot;Foster street&quot;,&quot;state&quot;:&quot;jhjkdlshf&quot;,&quot;country&quot;:&quot;USA&quot;,&quot;zipCode&quot;:1234567},&quot;user_id&quot;:7860,&quot;user_first_name&quot;:&quot;Michael GC&quot;,&quot;user_last_name&quot;:&quot;Jackson&quot;,&quot;user_contact_number&quot;:8888888886,&quot;user_email_id&quot;:&quot;Michael-GC@gmail.com&quot;,&quot;creation_time&quot;:&quot;2024-10-11T14:46:57.887+00:00&quot;,&quot;last_mod_time&quot;:&quot;2024-10-11T14:46:57.887+00:00&quot;},{&quot;userAddress&quot;:{&quot;addressId&quot;:7829,&quot;plotNumber&quot;:&quot;23-abc&quot;,&quot;street&quot;:&quot;Foster street&quot;,&quot;state&quot;:&quot;jhjkdlshf&quot;,&quot;country&quot;:&quot;USA&quot;,&quot;zipCode&quot;:1234567},&quot;user_id&quot;:7861,&quot;user_first_name&quot;:&quot;Michael userAddressB&quot;,&quot;user_last_name&quot;:&quot;Jackson&quot;,&quot;user_contact_number&quot;:8888888884,&quot;user_email_id&quot;:&quot;Michael-AB@gmail.com&quot;,&quot;creation_time&quot;:&quot;2024-10-11T14:47:36.531+00:00&quot;,&quot;last_mod_time&quot;:&quot;2024-10-11T14:47:36.531+00:00&quot;},{&quot;userAddress&quot;:{&quot;addressId&quot;:7834,&quot;plotNumber&quot;:&quot;23-abc&quot;,&quot;street&quot;:&quot;Foster street&quot;,&quot;state&quot;:&quot;jhjkdlshf&quot;,&quot;country&quot;:&quot;USA&quot;,&quot;zipCode&quot;:1234567},&quot;user_id&quot;:7866,&quot;user_first_name&quot;:&quot;Michael AB&quot;,&quot;user_last_name&quot;:&quot;Jackson&quot;,&quot;user_contact_number&quot;:8888888883,&quot;user_email_id&quot;:&quot;MichaelAB@gmail.com&quot;,&quot;creation_time&quot;:&quot;2024-10-11T14:49:45.552+00:00&quot;,&quot;last_mod_time&quot;:&quot;2024-10-11T14:49:45.552+00:00&quot;},{&quot;userAddress&quot;:{&quot;addressId&quot;:7999,&quot;plotNumber&quot;:&quot;pl-03&quot;,&quot;street&quot;:&quot;Aldeburgh&quot;,&quot;state&quot;:&quot;Texas&quot;,&quot;country&quot;:&quot;US&quot;,&quot;zipCode&quot;:23294},&quot;user_id&quot;:8031,&quot;user_first_name&quot;:&quot;Varammm&quot;,&quot;user_last_name&quot;:&quot;Reddy&quot;,&quot;user_contact_number&quot;:8995115912,&quot;user_email_id&quot;:&quot;Team05Vara5@gmail.com&quot;,&quot;creation_time&quot;:&quot;2024-10-12T01:38:33.076+00:00&quot;,&quot;last_mod_time&quot;:&quot;2024-10-12T01:38:33.076+00:00&quot;},{&quot;userAddress&quot;:{&quot;addressId&quot;:8001,&quot;plotNumber&quot;:null,&quot;street&quot;:null,&quot;state&quot;:null,&quot;country&quot;:null,&quot;zipCode&quot;:null},&quot;user_id&quot;:8033,&quot;user_first_name&quot;:&quot;swathi&quot;,&quot;user_last_name&quot;:&quot;nayak&quot;,&quot;user_contact_number&quot;:8105027445,&quot;user_email_id&quot;:&quot;Team05swathi21@gmail.com&quot;,&quot;creation_time&quot;:&quot;2024-10-12T01:45:25.366+00:00&quot;,&quot;last_mod_time&quot;:&quot;2024-10-12T01:45:25.366+00:00&quot;},{&quot;userAddress&quot;:{&quot;addressId&quot;:8004,&quot;plotNumber&quot;:&quot;P1-10&quot;,&quot;street&quot;:&quot;Bins Mountains&quot;,&quot;state&quot;:&quot;TX&quot;,&quot;country&quot;:&quot;USA&quot;,&quot;zipCode&quot;:12356},&quot;user_id&quot;:8036,&quot;user_first_name&quot;:&quot;Trisha&quot;,&quot;user_last_name&quot;:&quot;Tromp&quot;,&quot;user_contact_number&quot;:2546138970,&quot;user_email_id&quot;:&quot;Clay_Jaskolski13@gmail.com&quot;,&quot;creation_time&quot;:&quot;2024-10-12T01:53:27.597+00:00&quot;,&quot;last_mod_time&quot;:&quot;2024-10-12T01:53:27.597+00:00&quot;},{&quot;userAddress&quot;:{&quot;addressId&quot;:8006,&quot;plotNumber&quot;:&quot;P1-10&quot;,&quot;street&quot;:&quot;Icie Extension&quot;,&quot;state&quot;:&quot;TX&quot;,&quot;country&quot;:&quot;USA&quot;,&quot;zipCode&quot;:12356},&quot;user_id&quot;:8038,&quot;user_first_name&quot;:&quot;Lexi&quot;,&quot;user_last_name&quot;:&quot;Schoen&quot;,&quot;user_contact_number&quot;:4536985214,&quot;user_email_id&quot;:&quot;Kylee.Stokes@gmail.com&quot;,&quot;creation_time&quot;:&quot;2024-10-12T02:09:59.579+00:00&quot;,&quot;last_mod_time&quot;:&quot;2024-10-12T02:09:59.579+00:00&quot;},{&quot;userAddress&quot;:{&quot;addressId&quot;:7843,&quot;plotNumber&quot;:null,&quot;street&quot;:&quot;ABC&quot;,&quot;state&quot;:&quot;NJ&quot;,&quot;country&quot;:&quot;USA&quot;,&quot;zipCode&quot;:0},&quot;user_id&quot;:7875,&quot;user_first_name&quot;:&quot;Ruma&quot;,&quot;user_last_name&quot;:&quot;Biswas&quot;,&quot;user_contact_number&quot;:9999999993,&quot;user_email_id&quot;:&quot;TEAM03ArundhatiB1@gmail.com&quot;,&quot;creation_time&quot;:&quot;2024-10-11T14:58:57.623+00:00&quot;,&quot;last_mod_time&quot;:&quot;2024-10-11T14:58:57.623+00:00&quot;},{&quot;userAddress&quot;:{&quot;addressId&quot;:8009,&quot;plotNumber&quot;:&quot;P1-10&quot;,&quot;street&quot;:&quot;Hahn Vista&quot;,&quot;state&quot;:&quot;TX&quot;,&quot;country&quot;:&quot;USA&quot;,&quot;zipCode&quot;:12356},&quot;user_id&quot;:8041,&quot;user_first_name&quot;:&quot;Nettie&quot;,&quot;user_last_name&quot;:&quot;Upton&quot;,&quot;user_contact_number&quot;:1245637934,&quot;user_email_id&quot;:&quot;Vernie.Ondricka67@gmail.com&quot;,&quot;creation_time&quot;:&quot;2024-10-12T02:18:36.441+00:00&quot;,&quot;last_mod_time&quot;:&quot;2024-10-12T02:18:36.441+00:00&quot;},{&quot;userAddress&quot;:{&quot;addressId&quot;:7847,&quot;plotNumber&quot;:&quot;xyz-23&quot;,&quot;street&quot;:&quot;Morgan&quot;,&quot;state&quot;:&quot;Georgia&quot;,&quot;country&quot;:&quot;USA&quot;,&quot;zipCode&quot;:7689},&quot;user_id&quot;:7879,&quot;user_first_name&quot;:&quot;Reshma Mary&quot;,&quot;user_last_name&quot;:&quot;John&quot;,&quot;user_contact_number&quot;:6407678780,&quot;user_email_id&quot;:&quot;Team03rhjohn@gmail.com&quot;,&quot;creation_time&quot;:&quot;2024-10-11T15:14:26.063+00:00&quot;,&quot;last_mod_time&quot;:&quot;2024-10-11T15:14:26.063+00:00&quot;},{&quot;userAddress&quot;:{&quot;addressId&quot;:8012,&quot;plotNumber&quot;:&quot;P1-10&quot;,&quot;street&quot;:&quot;Ritchie Ports&quot;,&quot;state&quot;:&quot;TX&quot;,&quot;country&quot;:&quot;USA&quot;,&quot;zipCode&quot;:12356},&quot;user_id&quot;:8044,&quot;user_first_name&quot;:&quot;Roxane&quot;,&quot;user_last_name&quot;:&quot;Larkin&quot;,&quot;user_contact_number&quot;:1245637913,&quot;user_email_id&quot;:&quot;Braulio_Lowe@hotmail.com&quot;,&quot;creation_time&quot;:&quot;2024-10-12T02:20:45.582+00:00&quot;,&quot;last_mod_time&quot;:&quot;2024-10-12T02:20:45.582+00:00&quot;},{&quot;userAddress&quot;:{&quot;addressId&quot;:7857,&quot;plotNumber&quot;:&quot;pl-21&quot;,&quot;street&quot;:&quot;westlyn street&quot;,&quot;state&quot;:&quot;Illinois&quot;,&quot;country&quot;:&quot;USA&quot;,&quot;zipCode&quot;:60502},&quot;user_id&quot;:7889,&quot;user_first_name&quot;:&quot;Bharati&quot;,&quot;user_last_name&quot;:&quot;Palaniappan&quot;,&quot;user_contact_number&quot;:9856543220,&quot;user_email_id&quot;:&quot;Team3Gayathri9@gmail.com&quot;,&quot;creation_time&quot;:&quot;2024-10-11T15:24:45.181+00:00&quot;,&quot;last_mod_time&quot;:&quot;2024-10-11T15:30:35.544+00:00&quot;},{&quot;userAddress&quot;:{&quot;addressId&quot;:7874,&quot;plotNumber&quot;:&quot;pl-3&quot;,&quot;street&quot;:&quot;shadow sR&quot;,&quot;state&quot;:&quot;GA&quot;,&quot;country&quot;:&quot;INDIA&quot;,&quot;zipCode&quot;:66466},&quot;user_id&quot;:7906,&quot;user_first_name&quot;:&quot;Nigel&quot;,&quot;user_last_name&quot;:&quot;Powlowski&quot;,&quot;user_contact_number&quot;:5835088980,&quot;user_email_id&quot;:&quot;team5psm@gmail.com&quot;,&quot;creation_time&quot;:&quot;2024-10-11T18:00:04.653+00:00&quot;,&quot;last_mod_time&quot;:&quot;2024-10-11T18:00:04.653+00:00&quot;},{&quot;userAddress&quot;:{&quot;addressId&quot;:7875,&quot;plotNumber&quot;:&quot;P1-11&quot;,&quot;street&quot;:&quot;Main&quot;,&quot;state&quot;:&quot;LA&quot;,&quot;country&quot;:&quot;USA&quot;,&quot;zipCode&quot;:20875},&quot;user_id&quot;:7907,&quot;user_first_name&quot;:&quot;Raghau&quot;,&quot;user_last_name&quot;:&quot;MD&quot;,&quot;user_contact_number&quot;:8187269670,&quot;user_email_id&quot;:&quot;Team03RaghauMD@gmail.com&quot;,&quot;creation_time&quot;:&quot;2024-10-11T18:00:45.679+00:00&quot;,&quot;last_mod_time&quot;:&quot;2024-10-11T18:00:45.679+00:00&quot;},{&quot;userAddress&quot;:{&quot;addressId&quot;:7876,&quot;plotNumber&quot;:&quot;23-abc&quot;,&quot;street&quot;:&quot;Foster street&quot;,&quot;state&quot;:&quot;jhjkdlshf&quot;,&quot;country&quot;:&quot;USA&quot;,&quot;zipCode&quot;:12345678},&quot;user_id&quot;:7908,&quot;user_first_name&quot;:&quot;Michael M&quot;,&quot;user_last_name&quot;:&quot;Jackson J&quot;,&quot;user_contact_number&quot;:8684573487,&quot;user_email_id&quot;:&quot;MichaelM@gmail.com&quot;,&quot;creation_time&quot;:&quot;2024-10-11T18:05:57.600+00:00&quot;,&quot;last_mod_time&quot;:&quot;2024-10-11T18:05:57.600+00:00&quot;},{&quot;userAddress&quot;:{&quot;addressId&quot;:7878,&quot;plotNumber&quot;:&quot;P1-10&quot;,&quot;street&quot;:&quot;Main&quot;,&quot;state&quot;:&quot;NY&quot;,&quot;country&quot;:&quot;USA&quot;,&quot;zipCode&quot;:10081},&quot;user_id&quot;:7910,&quot;user_first_name&quot;:&quot;anbu&quot;,&quot;user_last_name&quot;:&quot;Mavi&quot;,&quot;user_contact_number&quot;:6691787810,&quot;user_email_id&quot;:&quot;sabnu@example.com&quot;,&quot;creation_time&quot;:&quot;2024-10-11T18:20:43.426+00:00&quot;,&quot;last_mod_time&quot;:&quot;2024-10-11T18:20:43.426+00:00&quot;},{&quot;userAddress&quot;:{&quot;addressId&quot;:7879,&quot;plotNumber&quot;:&quot;23-abc&quot;,&quot;street&quot;:&quot;Foster street&quot;,&quot;state&quot;:&quot;jhjkdlshf&quot;,&quot;country&quot;:&quot;USA&quot;,&quot;zipCode&quot;:1234567},&quot;user_id&quot;:7911,&quot;user_first_name&quot;:&quot;Michael F&quot;,&quot;user_last_name&quot;:&quot;Jackson&quot;,&quot;user_contact_number&quot;:8801773487,&quot;user_email_id&quot;:&quot;24325234562@gmail.com&quot;,&quot;creation_time&quot;:&quot;2024-10-11T18:45:43.422+00:00&quot;,&quot;last_mod_time&quot;:&quot;2024-10-11T18:45:43.422+00:00&quot;},{&quot;userAddress&quot;:{&quot;addressId&quot;:7882,&quot;plotNumber&quot;:&quot;23-abc&quot;,&quot;street&quot;:&quot;Foster street&quot;,&quot;state&quot;:&quot;jhjkdlshf&quot;,&quot;country&quot;:&quot;USA&quot;,&quot;zipCode&quot;:1234567},&quot;user_id&quot;:7914,&quot;user_first_name&quot;:&quot;Michael K&quot;,&quot;user_last_name&quot;:&quot;Jackson&quot;,&quot;user_contact_number&quot;:8866578489,&quot;user_email_id&quot;:&quot;2432523456@23444444444.pp&quot;,&quot;creation_time&quot;:&quot;2024-10-11T18:52:40.670+00:00&quot;,&quot;last_mod_time&quot;:&quot;2024-10-11T18:52:40.670+00:00&quot;},{&quot;userAddress&quot;:{&quot;addressId&quot;:8013,&quot;plotNumber&quot;:&quot;P1-10&quot;,&quot;street&quot;:&quot;Ova Roads&quot;,&quot;state&quot;:&quot;TX&quot;,&quot;country&quot;:&quot;USA&quot;,&quot;zipCode&quot;:12356},&quot;user_id&quot;:8045,&quot;user_first_name&quot;:&quot;Princess&quot;,&quot;user_last_name&quot;:&quot;Purdy&quot;,&quot;user_contact_number&quot;:1245637897,&quot;user_email_id&quot;:&quot;Erick87@gmail.com&quot;,&quot;creation_time&quot;:&quot;2024-10-12T02:20:56.589+00:00&quot;,&quot;last_mod_time&quot;:&quot;2024-10-12T02:20:56.589+00:00&quot;},{&quot;userAddress&quot;:{&quot;addressId&quot;:8014,&quot;plotNumber&quot;:&quot;P1-10&quot;,&quot;street&quot;:&quot;Meta Villages&quot;,&quot;state&quot;:&quot;TX&quot;,&quot;country&quot;:&quot;USA&quot;,&quot;zipCode&quot;:12356},&quot;user_id&quot;:8046,&quot;user_first_name&quot;:&quot;Juanita&quot;,&quot;user_last_name&quot;:&quot;Rutherford&quot;,&quot;user_contact_number&quot;:1245637993,&quot;user_email_id&quot;:&quot;Jairo70@gmail.com&quot;,&quot;creation_time&quot;:&quot;2024-10-12T02:20:58.611+00:00&quot;,&quot;last_mod_time&quot;:&quot;2024-10-12T02:20:58.611+00:00&quot;},{&quot;userAddress&quot;:{&quot;addressId&quot;:8015,&quot;plotNumber&quot;:&quot;P1-10&quot;,&quot;street&quot;:&quot;Spinka Keys&quot;,&quot;state&quot;:&quot;TX&quot;,&quot;country&quot;:&quot;USA&quot;,&quot;zipCode&quot;:12356},&quot;user_id&quot;:8047,&quot;user_first_name&quot;:&quot;Winfield&quot;,&quot;user_last_name&quot;:&quot;Batz&quot;,&quot;user_contact_number&quot;:1245637905,&quot;user_email_id&quot;:&quot;Queenie.Cassin@gmail.com&quot;,&quot;creation_time&quot;:&quot;2024-10-12T02:21:00.163+00:00&quot;,&quot;last_mod_time&quot;:&quot;2024-10-12T02:21:00.163+00:00&quot;},{&quot;userAddress&quot;:{&quot;addressId&quot;:8017,&quot;plotNumber&quot;:&quot;P1-10&quot;,&quot;street&quot;:&quot;Pauline Inlet&quot;,&quot;state&quot;:&quot;TX&quot;,&quot;country&quot;:&quot;USA&quot;,&quot;zipCode&quot;:12356},&quot;user_id&quot;:8049,&quot;user_first_name&quot;:&quot;Hanna&quot;,&quot;user_last_name&quot;:&quot;Kessler&quot;,&quot;user_contact_number&quot;:1234567918,&quot;user_email_id&quot;:&quot;Jamarcus34@hotmail.com&quot;,&quot;creation_time&quot;:&quot;2024-10-12T02:21:22.808+00:00&quot;,&quot;last_mod_time&quot;:&quot;2024-10-12T02:21:22.808+00:00&quot;},{&quot;userAddress&quot;:{&quot;addressId&quot;:8018,&quot;plotNumber&quot;:&quot;P1-10&quot;,&quot;street&quot;:&quot;Finn Rest&quot;,&quot;state&quot;:&quot;TX&quot;,&quot;country&quot;:&quot;USA&quot;,&quot;zipCode&quot;:12356},&quot;user_id&quot;:8050,&quot;user_first_name&quot;:&quot;Terrell&quot;,&quot;user_last_name&quot;:&quot;Willms&quot;,&quot;user_contact_number&quot;:2345678910,&quot;user_email_id&quot;:&quot;Domingo43@yahoo.com&quot;,&quot;creation_time&quot;:&quot;2024-10-12T02:22:12.838+00:00&quot;,&quot;last_mod_time&quot;:&quot;2024-10-12T02:22:12.838+00:00&quot;},{&quot;userAddress&quot;:{&quot;addressId&quot;:8019,&quot;plotNumber&quot;:&quot;P1-10&quot;,&quot;street&quot;:&quot;Kaya Port&quot;,&quot;state&quot;:&quot;TX&quot;,&quot;country&quot;:&quot;USA&quot;,&quot;zipCode&quot;:12356},&quot;user_id&quot;:8051,&quot;user_first_name&quot;:&quot;Oceane&quot;,&quot;user_last_name&quot;:&quot;Von&quot;,&quot;user_contact_number&quot;:6789107896,&quot;user_email_id&quot;:&quot;Laurine.Yundt@gmail.com&quot;,&quot;creation_time&quot;:&quot;2024-10-12T02:22:50.687+00:00&quot;,&quot;last_mod_time&quot;:&quot;2024-10-12T02:22:50.687+00:00&quot;},{&quot;userAddress&quot;:{&quot;addressId&quot;:8166,&quot;plotNumber&quot;:null,&quot;street&quot;:null,&quot;state&quot;:null,&quot;country&quot;:null,&quot;zipCode&quot;:null},&quot;user_id&quot;:8198,&quot;user_first_name&quot;:&quot;hUfVwRHWAv&quot;,&quot;user_last_name&quot;:&quot;mXzwlEtICh&quot;,&quot;user_contact_number&quot;:1734525877,&quot;user_email_id&quot;:&quot;team2gaaadn26hc8@gmail.com&quot;,&quot;creation_time&quot;:&quot;2024-10-12T17:40:54.782+00:00&quot;,&quot;last_mod_time&quot;:&quot;2024-10-12T17:40:54.782+00:00&quot;},{&quot;userAddress&quot;:{&quot;addressId&quot;:8021,&quot;plotNumber&quot;:&quot;P1-10&quot;,&quot;street&quot;:&quot;Maximillia Causeway&quot;,&quot;state&quot;:&quot;TX&quot;,&quot;country&quot;:&quot;USA&quot;,&quot;zipCode&quot;:12356},&quot;user_id&quot;:8053,&quot;user_first_name&quot;:&quot;Ivy&quot;,&quot;user_last_name&quot;:&quot;Labadie&quot;,&quot;user_contact_number&quot;:9789107896,&quot;user_email_id&quot;:&quot;Kathryn_Mitchell@yahoo.com&quot;,&quot;creation_time&quot;:&quot;2024-10-12T02:30:30.747+00:00&quot;,&quot;last_mod_time&quot;:&quot;2024-10-12T02:30:30.747+00:00&quot;},{&quot;userAddress&quot;:{&quot;addressId&quot;:8022,&quot;plotNumber&quot;:&quot;P1-10&quot;,&quot;street&quot;:&quot;Daphnee Fields&quot;,&quot;state&quot;:&quot;TX&quot;,&quot;country&quot;:&quot;USA&quot;,&quot;zipCode&quot;:12356},&quot;user_id&quot;:8054,&quot;user_first_name&quot;:&quot;Nakia&quot;,&quot;user_last_name&quot;:&quot;Kilback&quot;,&quot;user_contact_number&quot;:9789107897,&quot;user_email_id&quot;:&quot;Burley61@hotmail.com&quot;,&quot;creation_time&quot;:&quot;2024-10-12T02:31:01.402+00:00&quot;,&quot;last_mod_time&quot;:&quot;2024-10-12T02:31:01.402+00:00&quot;},{&quot;userAddress&quot;:{&quot;addressId&quot;:8023,&quot;plotNumber&quot;:&quot;P1-10&quot;,&quot;street&quot;:&quot;Benedict Neck&quot;,&quot;state&quot;:&quot;TX&quot;,&quot;country&quot;:&quot;USA&quot;,&quot;zipCode&quot;:12356},&quot;user_id&quot;:8055,&quot;user_first_name&quot;:&quot;Shanie&quot;,&quot;user_last_name&quot;:&quot;Moen&quot;,&quot;user_contact_number&quot;:9789107937,&quot;user_email_id&quot;:&quot;Elvera26@gmail.com&quot;,&quot;creation_time&quot;:&quot;2024-10-12T02:31:52.126+00:00&quot;,&quot;last_mod_time&quot;:&quot;2024-10-12T02:31:52.126+00:00&quot;},{&quot;userAddress&quot;:{&quot;addressId&quot;:8024,&quot;plotNumber&quot;:&quot;P1-10&quot;,&quot;street&quot;:&quot;Charlotte Mews&quot;,&quot;state&quot;:&quot;TX&quot;,&quot;country&quot;:&quot;USA&quot;,&quot;zipCode&quot;:12356},&quot;user_id&quot;:8056,&quot;user_first_name&quot;:&quot;Dock&quot;,&quot;user_last_name&quot;:&quot;Gorczany&quot;,&quot;user_contact_number&quot;:9789107938,&quot;user_email_id&quot;:&quot;Sydnee65@hotmail.com&quot;,&quot;creation_time&quot;:&quot;2024-10-12T02:31:53.983+00:00&quot;,&quot;last_mod_time&quot;:&quot;2024-10-12T02:31:53.983+00:00&quot;},{&quot;userAddress&quot;:{&quot;addressId&quot;:8025,&quot;plotNumber&quot;:&quot;P1-10&quot;,&quot;street&quot;:&quot;Dietrich Lakes&quot;,&quot;state&quot;:&quot;TX&quot;,&quot;country&quot;:&quot;USA&quot;,&quot;zipCode&quot;:12356},&quot;user_id&quot;:8057,&quot;user_first_name&quot;:&quot;Sasha&quot;,&quot;user_last_name&quot;:&quot;Marquardt&quot;,&quot;user_contact_number&quot;:9789107964,&quot;user_email_id&quot;:&quot;Agustin72@yahoo.com&quot;,&quot;creation_time&quot;:&quot;2024-10-12T02:31:55.642+00:00&quot;,&quot;last_mod_time&quot;:&quot;2024-10-12T02:31:55.642+00:00&quot;},{&quot;userAddress&quot;:{&quot;addressId&quot;:8026,&quot;plotNumber&quot;:&quot;P1-10&quot;,&quot;street&quot;:&quot;Conn Creek&quot;,&quot;state&quot;:&quot;TX&quot;,&quot;country&quot;:&quot;USA&quot;,&quot;zipCode&quot;:12356},&quot;user_id&quot;:8058,&quot;user_first_name&quot;:&quot;Berry&quot;,&quot;user_last_name&quot;:&quot;Kilback&quot;,&quot;user_contact_number&quot;:9789107968,&quot;user_email_id&quot;:&quot;Clarissa.Walsh86@yahoo.com&quot;,&quot;creation_time&quot;:&quot;2024-10-12T02:31:56.980+00:00&quot;,&quot;last_mod_time&quot;:&quot;2024-10-12T02:31:56.980+00:00&quot;},{&quot;userAddress&quot;:{&quot;addressId&quot;:8027,&quot;plotNumber&quot;:&quot;P1-10&quot;,&quot;street&quot;:&quot;Justus Mountains&quot;,&quot;state&quot;:&quot;TX&quot;,&quot;country&quot;:&quot;USA&quot;,&quot;zipCode&quot;:12356},&quot;user_id&quot;:8059,&quot;user_first_name&quot;:&quot;Michelle&quot;,&quot;user_last_name&quot;:&quot;Fritsch&quot;,&quot;user_contact_number&quot;:9789107929,&quot;user_email_id&quot;:&quot;Nya.Veum16@hotmail.com&quot;,&quot;creation_time&quot;:&quot;2024-10-12T02:31:58.741+00:00&quot;,&quot;last_mod_time&quot;:&quot;2024-10-12T02:31:58.741+00:00&quot;},{&quot;userAddress&quot;:{&quot;addressId&quot;:8028,&quot;plotNumber&quot;:&quot;P1-10&quot;,&quot;street&quot;:&quot;Abernathy Heights&quot;,&quot;state&quot;:&quot;TX&quot;,&quot;country&quot;:&quot;USA&quot;,&quot;zipCode&quot;:12356},&quot;user_id&quot;:8060,&quot;user_first_name&quot;:&quot;Rashad&quot;,&quot;user_last_name&quot;:&quot;Aufderhar&quot;,&quot;user_contact_number&quot;:9789107945,&quot;user_email_id&quot;:&quot;Maureen.Hyatt85@gmail.com&quot;,&quot;creation_time&quot;:&quot;2024-10-12T02:32:02.072+00:00&quot;,&quot;last_mod_time&quot;:&quot;2024-10-12T02:32:02.072+00:00&quot;},{&quot;userAddress&quot;:{&quot;addressId&quot;:8029,&quot;plotNumber&quot;:&quot;P1-10&quot;,&quot;street&quot;:&quot;Kenton Ranch&quot;,&quot;state&quot;:&quot;TX&quot;,&quot;country&quot;:&quot;USA&quot;,&quot;zipCode&quot;:12356},&quot;user_id&quot;:8061,&quot;user_first_name&quot;:&quot;Deja&quot;,&quot;user_last_name&quot;:&quot;Dicki&quot;,&quot;user_contact_number&quot;:9789107949,&quot;user_email_id&quot;:&quot;Victoria.Runolfsdottir11@yahoo.com&quot;,&quot;creation_time&quot;:&quot;2024-10-12T02:32:04.080+00:00&quot;,&quot;last_mod_time&quot;:&quot;2024-10-12T02:32:04.080+00:00&quot;},{&quot;userAddress&quot;:{&quot;addressId&quot;:8030,&quot;plotNumber&quot;:&quot;P1-10&quot;,&quot;street&quot;:&quot;Elroy Centers&quot;,&quot;state&quot;:&quot;TX&quot;,&quot;country&quot;:&quot;USA&quot;,&quot;zipCode&quot;:12356},&quot;user_id&quot;:8062,&quot;user_first_name&quot;:&quot;Jameson&quot;,&quot;user_last_name&quot;:&quot;Romaguera&quot;,&quot;user_contact_number&quot;:9789107962,&quot;user_email_id&quot;:&quot;Haley_Ferry@gmail.com&quot;,&quot;creation_time&quot;:&quot;2024-10-12T02:32:09.372+00:00&quot;,&quot;last_mod_time&quot;:&quot;2024-10-12T02:32:09.372+00:00&quot;},{&quot;userAddress&quot;:{&quot;addressId&quot;:8031,&quot;plotNumber&quot;:&quot;P1-10&quot;,&quot;street&quot;:&quot;Rasheed Flats&quot;,&quot;state&quot;:&quot;TX&quot;,&quot;country&quot;:&quot;USA&quot;,&quot;zipCode&quot;:12356},&quot;user_id&quot;:8063,&quot;user_first_name&quot;:&quot;Assunta&quot;,&quot;user_last_name&quot;:&quot;Johns&quot;,&quot;user_contact_number&quot;:9789107983,&quot;user_email_id&quot;:&quot;Godfrey_Predovic60@hotmail.com&quot;,&quot;creation_time&quot;:&quot;2024-10-12T02:32:12.891+00:00&quot;,&quot;last_mod_time&quot;:&quot;2024-10-12T02:32:12.891+00:00&quot;},{&quot;userAddress&quot;:{&quot;addressId&quot;:8032,&quot;plotNumber&quot;:&quot;P1-10&quot;,&quot;street&quot;:&quot;Edwin Plaza&quot;,&quot;state&quot;:&quot;TX&quot;,&quot;country&quot;:&quot;USA&quot;,&quot;zipCode&quot;:12356},&quot;user_id&quot;:8064,&quot;user_first_name&quot;:&quot;Torey&quot;,&quot;user_last_name&quot;:&quot;Lockman&quot;,&quot;user_contact_number&quot;:9789107975,&quot;user_email_id&quot;:&quot;Dayana_Herzog1@yahoo.com&quot;,&quot;creation_time&quot;:&quot;2024-10-12T02:32:37.837+00:00&quot;,&quot;last_mod_time&quot;:&quot;2024-10-12T02:32:37.837+00:00&quot;},{&quot;userAddress&quot;:{&quot;addressId&quot;:8033,&quot;plotNumber&quot;:&quot;P1-10&quot;,&quot;street&quot;:&quot;Hartmann Plains&quot;,&quot;state&quot;:&quot;TX&quot;,&quot;country&quot;:&quot;USA&quot;,&quot;zipCode&quot;:12356},&quot;user_id&quot;:8065,&quot;user_first_name&quot;:&quot;Glenda&quot;,&quot;user_last_name&quot;:&quot;Bergnaum&quot;,&quot;user_contact_number&quot;:9789107925,&quot;user_email_id&quot;:&quot;Andy.Cole@hotmail.com&quot;,&quot;creation_time&quot;:&quot;2024-10-12T02:32:41.719+00:00&quot;,&quot;last_mod_time&quot;:&quot;2024-10-12T02:32:41.719+00:00&quot;},{&quot;userAddress&quot;:{&quot;addressId&quot;:8034,&quot;plotNumber&quot;:&quot;P1-10&quot;,&quot;street&quot;:&quot;Makayla Light&quot;,&quot;state&quot;:&quot;TX&quot;,&quot;country&quot;:&quot;USA&quot;,&quot;zipCode&quot;:12356},&quot;user_id&quot;:8066,&quot;user_first_name&quot;:&quot;Ofelia&quot;,&quot;user_last_name&quot;:&quot;Schuppe&quot;,&quot;user_contact_number&quot;:9789107905,&quot;user_email_id&quot;:&quot;Jaiden61@gmail.com&quot;,&quot;creation_time&quot;:&quot;2024-10-12T02:33:38.920+00:00&quot;,&quot;last_mod_time&quot;:&quot;2024-10-12T02:33:38.920+00:00&quot;},{&quot;userAddress&quot;:{&quot;addressId&quot;:8035,&quot;plotNumber&quot;:&quot;P1-10&quot;,&quot;street&quot;:&quot;Emilio Corner&quot;,&quot;state&quot;:&quot;TX&quot;,&quot;country&quot;:&quot;USA&quot;,&quot;zipCode&quot;:12356},&quot;user_id&quot;:8067,&quot;user_first_name&quot;:&quot;Montana&quot;,&quot;user_last_name&quot;:&quot;Bogisich&quot;,&quot;user_contact_number&quot;:9789107900,&quot;user_email_id&quot;:&quot;Chad_Schumm@yahoo.com&quot;,&quot;creation_time&quot;:&quot;2024-10-12T02:33:42.785+00:00&quot;,&quot;last_mod_time&quot;:&quot;2024-10-12T02:33:42.785+00:00&quot;},{&quot;userAddress&quot;:{&quot;addressId&quot;:8036,&quot;plotNumber&quot;:&quot;P1-10&quot;,&quot;street&quot;:&quot;Moen Brook&quot;,&quot;state&quot;:&quot;TX&quot;,&quot;country&quot;:&quot;USA&quot;,&quot;zipCode&quot;:12356},&quot;user_id&quot;:8068,&quot;user_first_name&quot;:&quot;Fanny&quot;,&quot;user_last_name&quot;:&quot;Moen&quot;,&quot;user_contact_number&quot;:9789107978,&quot;user_email_id&quot;:&quot;Aisha29@yahoo.com&quot;,&quot;creation_time&quot;:&quot;2024-10-12T02:33:45.614+00:00&quot;,&quot;last_mod_time&quot;:&quot;2024-10-12T02:33:45.614+00:00&quot;},{&quot;userAddress&quot;:{&quot;addressId&quot;:8037,&quot;plotNumber&quot;:&quot;P1-10&quot;,&quot;street&quot;:&quot;Cleo Route&quot;,&quot;state&quot;:&quot;TX&quot;,&quot;country&quot;:&quot;USA&quot;,&quot;zipCode&quot;:12356},&quot;user_id&quot;:8069,&quot;user_first_name&quot;:&quot;Hank&quot;,&quot;user_last_name&quot;:&quot;Nader&quot;,&quot;user_contact_number&quot;:9789107965,&quot;user_email_id&quot;:&quot;Cayla_Wunsch60@hotmail.com&quot;,&quot;creation_time&quot;:&quot;2024-10-12T02:33:47.424+00:00&quot;,&quot;last_mod_time&quot;:&quot;2024-10-12T02:33:47.424+00:00&quot;},{&quot;userAddress&quot;:{&quot;addressId&quot;:8038,&quot;plotNumber&quot;:&quot;P1-10&quot;,&quot;street&quot;:&quot;Keeley Key&quot;,&quot;state&quot;:&quot;TX&quot;,&quot;country&quot;:&quot;USA&quot;,&quot;zipCode&quot;:12356},&quot;user_id&quot;:8070,&quot;user_first_name&quot;:&quot;Devon&quot;,&quot;user_last_name&quot;:&quot;Lehner&quot;,&quot;user_contact_number&quot;:9789107976,&quot;user_email_id&quot;:&quot;Marques_Wyman30@yahoo.com&quot;,&quot;creation_time&quot;:&quot;2024-10-12T02:33:48.938+00:00&quot;,&quot;last_mod_time&quot;:&quot;2024-10-12T02:33:48.938+00:00&quot;},{&quot;userAddress&quot;:{&quot;addressId&quot;:8039,&quot;plotNumber&quot;:&quot;P1-10&quot;,&quot;street&quot;:&quot;Flatley Keys&quot;,&quot;state&quot;:&quot;TX&quot;,&quot;country&quot;:&quot;USA&quot;,&quot;zipCode&quot;:12356},&quot;user_id&quot;:8071,&quot;user_first_name&quot;:&quot;Merl&quot;,&quot;user_last_name&quot;:&quot;Altenwerth&quot;,&quot;user_contact_number&quot;:9107896161,&quot;user_email_id&quot;:&quot;Demarco41@hotmail.com&quot;,&quot;creation_time&quot;:&quot;2024-10-12T02:37:32.915+00:00&quot;,&quot;last_mod_time&quot;:&quot;2024-10-12T02:37:32.915+00:00&quot;},{&quot;userAddress&quot;:{&quot;addressId&quot;:8040,&quot;plotNumber&quot;:&quot;P1-10&quot;,&quot;street&quot;:&quot;Olaf Oval&quot;,&quot;state&quot;:&quot;TX&quot;,&quot;country&quot;:&quot;USA&quot;,&quot;zipCode&quot;:12356},&quot;user_id&quot;:8072,&quot;user_first_name&quot;:&quot;Blair&quot;,&quot;user_last_name&quot;:&quot;Funk&quot;,&quot;user_contact_number&quot;:9107896170,&quot;user_email_id&quot;:&quot;Edward_Ritchie0@hotmail.com&quot;,&quot;creation_time&quot;:&quot;2024-10-12T02:37:35.338+00:00&quot;,&quot;last_mod_time&quot;:&quot;2024-10-12T02:37:35.338+00:00&quot;},{&quot;userAddress&quot;:{&quot;addressId&quot;:8041,&quot;plotNumber&quot;:&quot;P1-10&quot;,&quot;street&quot;:&quot;Rubie Haven&quot;,&quot;state&quot;:&quot;TX&quot;,&quot;country&quot;:&quot;USA&quot;,&quot;zipCode&quot;:12356},&quot;user_id&quot;:8073,&quot;user_first_name&quot;:&quot;Alena&quot;,&quot;user_last_name&quot;:&quot;Jaskolski&quot;,&quot;user_contact_number&quot;:9107896150,&quot;user_email_id&quot;:&quot;Aron_Leuschke@hotmail.com&quot;,&quot;creation_time&quot;:&quot;2024-10-12T02:37:39.046+00:00&quot;,&quot;last_mod_time&quot;:&quot;2024-10-12T02:37:39.046+00:00&quot;},{&quot;userAddress&quot;:{&quot;addressId&quot;:8042,&quot;plotNumber&quot;:&quot;P1-10&quot;,&quot;street&quot;:&quot;Macy Mill&quot;,&quot;state&quot;:&quot;TX&quot;,&quot;country&quot;:&quot;USA&quot;,&quot;zipCode&quot;:12356},&quot;user_id&quot;:8074,&quot;user_first_name&quot;:&quot;Jonas&quot;,&quot;user_last_name&quot;:&quot;Reynolds&quot;,&quot;user_contact_number&quot;:9107896186,&quot;user_email_id&quot;:&quot;Andy.Nolan4@hotmail.com&quot;,&quot;creation_time&quot;:&quot;2024-10-12T02:37:40.952+00:00&quot;,&quot;last_mod_time&quot;:&quot;2024-10-12T02:37:40.952+00:00&quot;},{&quot;userAddress&quot;:{&quot;addressId&quot;:8043,&quot;plotNumber&quot;:&quot;P1-10&quot;,&quot;street&quot;:&quot;Champlin Spur&quot;,&quot;state&quot;:&quot;TX&quot;,&quot;country&quot;:&quot;USA&quot;,&quot;zipCode&quot;:12356},&quot;user_id&quot;:8075,&quot;user_first_name&quot;:&quot;Dylan&quot;,&quot;user_last_name&quot;:&quot;Price&quot;,&quot;user_contact_number&quot;:9107896144,&quot;user_email_id&quot;:&quot;Manuela.Hahn21@yahoo.com&quot;,&quot;creation_time&quot;:&quot;2024-10-12T02:37:42.365+00:00&quot;,&quot;last_mod_time&quot;:&quot;2024-10-12T02:37:42.365+00:00&quot;},{&quot;userAddress&quot;:{&quot;addressId&quot;:8044,&quot;plotNumber&quot;:&quot;P1-10&quot;,&quot;street&quot;:&quot;Kautzer Key&quot;,&quot;state&quot;:&quot;TX&quot;,&quot;country&quot;:&quot;USA&quot;,&quot;zipCode&quot;:12356},&quot;user_id&quot;:8076,&quot;user_first_name&quot;:&quot;Nicklaus&quot;,&quot;user_last_name&quot;:&quot;Hyatt&quot;,&quot;user_contact_number&quot;:9107896143,&quot;user_email_id&quot;:&quot;Tyler59@gmail.com&quot;,&quot;creation_time&quot;:&quot;2024-10-12T02:37:43.425+00:00&quot;,&quot;last_mod_time&quot;:&quot;2024-10-12T02:37:43.425+00:00&quot;},{&quot;userAddress&quot;:{&quot;addressId&quot;:8045,&quot;plotNumber&quot;:&quot;P1-10&quot;,&quot;street&quot;:&quot;Sporer Stream&quot;,&quot;state&quot;:&quot;TX&quot;,&quot;country&quot;:&quot;USA&quot;,&quot;zipCode&quot;:12356},&quot;user_id&quot;:8077,&quot;user_first_name&quot;:&quot;Cayla&quot;,&quot;user_last_name&quot;:&quot;Jakubowski&quot;,&quot;user_contact_number&quot;:9107896159,&quot;user_email_id&quot;:&quot;Weston.Brakus73@yahoo.com&quot;,&quot;creation_time&quot;:&quot;2024-10-12T02:37:44.728+00:00&quot;,&quot;last_mod_time&quot;:&quot;2024-10-12T02:37:44.728+00:00&quot;},{&quot;userAddress&quot;:{&quot;addressId&quot;:8046,&quot;plotNumber&quot;:&quot;P1-10&quot;,&quot;street&quot;:&quot;Tierra Points&quot;,&quot;state&quot;:&quot;TX&quot;,&quot;country&quot;:&quot;USA&quot;,&quot;zipCode&quot;:12356},&quot;user_id&quot;:8078,&quot;user_first_name&quot;:&quot;Casandra&quot;,&quot;user_last_name&quot;:&quot;Lubowitz&quot;,&quot;user_contact_number&quot;:9107896192,&quot;user_email_id&quot;:&quot;Breanna.Conn1@hotmail.com&quot;,&quot;creation_time&quot;:&quot;2024-10-12T02:37:45.593+00:00&quot;,&quot;last_mod_time&quot;:&quot;2024-10-12T02:37:45.593+00:00&quot;},{&quot;userAddress&quot;:{&quot;addressId&quot;:8047,&quot;plotNumber&quot;:&quot;P1-10&quot;,&quot;street&quot;:&quot;Bobbie Wells&quot;,&quot;state&quot;:&quot;TX&quot;,&quot;country&quot;:&quot;USA&quot;,&quot;zipCode&quot;:12356},&quot;user_id&quot;:8079,&quot;user_first_name&quot;:&quot;Lacy&quot;,&quot;user_last_name&quot;:&quot;Schiller&quot;,&quot;user_contact_number&quot;:9107896154,&quot;user_email_id&quot;:&quot;Jermain76@yahoo.com&quot;,&quot;creation_time&quot;:&quot;2024-10-12T02:37:46.730+00:00&quot;,&quot;last_mod_time&quot;:&quot;2024-10-12T02:37:46.730+00:00&quot;},{&quot;userAddress&quot;:{&quot;addressId&quot;:8048,&quot;plotNumber&quot;:&quot;P1-10&quot;,&quot;street&quot;:&quot;Clair Roads&quot;,&quot;state&quot;:&quot;TX&quot;,&quot;country&quot;:&quot;USA&quot;,&quot;zipCode&quot;:12356},&quot;user_id&quot;:8080,&quot;user_first_name&quot;:&quot;Muhammad&quot;,&quot;user_last_name&quot;:&quot;Blick&quot;,&quot;user_contact_number&quot;:9107896117,&quot;user_email_id&quot;:&quot;Gail_Casper30@gmail.com&quot;,&quot;creation_time&quot;:&quot;2024-10-12T02:37:47.760+00:00&quot;,&quot;last_mod_time&quot;:&quot;2024-10-12T02:37:47.760+00:00&quot;},{&quot;userAddress&quot;:{&quot;addressId&quot;:8049,&quot;plotNumber&quot;:&quot;P1-10&quot;,&quot;street&quot;:&quot;Lafayette Point&quot;,&quot;state&quot;:&quot;TX&quot;,&quot;country&quot;:&quot;USA&quot;,&quot;zipCode&quot;:12356},&quot;user_id&quot;:8081,&quot;user_first_name&quot;:&quot;Columbus&quot;,&quot;user_last_name&quot;:&quot;Wolf&quot;,&quot;user_contact_number&quot;:3607896135,&quot;user_email_id&quot;:&quot;Ceasar_Miller@yahoo.com&quot;,&quot;creation_time&quot;:&quot;2024-10-12T02:38:08.478+00:00&quot;,&quot;last_mod_time&quot;:&quot;2024-10-12T02:38:08.478+00:00&quot;},{&quot;userAddress&quot;:{&quot;addressId&quot;:8167,&quot;plotNumber&quot;:null,&quot;street&quot;:null,&quot;state&quot;:null,&quot;country&quot;:null,&quot;zipCode&quot;:null},&quot;user_id&quot;:8199,&quot;user_first_name&quot;:&quot;zKkLLYPFKG&quot;,&quot;user_last_name&quot;:&quot;utyxKTNalP&quot;,&quot;user_contact_number&quot;:7392273017,&quot;user_email_id&quot;:&quot;team2l5ihl67fh0ef@gmail.com&quot;,&quot;creation_time&quot;:&quot;2024-10-12T17:40:55.100+00:00&quot;,&quot;last_mod_time&quot;:&quot;2024-10-12T17:40:55.100+00:00&quot;},{&quot;userAddress&quot;:{&quot;addressId&quot;:8168,&quot;plotNumber&quot;:null,&quot;street&quot;:null,&quot;state&quot;:null,&quot;country&quot;:null,&quot;zipCode&quot;:null},&quot;user_id&quot;:8200,&quot;user_first_name&quot;:&quot;CHXeEpZHoJ&quot;,&quot;user_last_name&quot;:&quot;TkJRPEEfnx&quot;,&quot;user_contact_number&quot;:9306907396,&quot;user_email_id&quot;:&quot;team21cafl62304n7@gmail.com&quot;,&quot;creation_time&quot;:&quot;2024-10-12T17:40:55.331+00:00&quot;,&quot;last_mod_time&quot;:&quot;2024-10-12T17:40:55.331+00:00&quot;},{&quot;userAddress&quot;:{&quot;addressId&quot;:8169,&quot;plotNumber&quot;:null,&quot;street&quot;:null,&quot;state&quot;:null,&quot;country&quot;:null,&quot;zipCode&quot;:null},&quot;user_id&quot;:8201,&quot;user_first_name&quot;:&quot;pHTTCwIrLi&quot;,&quot;user_last_name&quot;:&quot;oJFjgxnzmq&quot;,&quot;user_contact_number&quot;:3843827390,&quot;user_email_id&quot;:&quot;team22hhghjj07pge@gmail.com&quot;,&quot;creation_time&quot;:&quot;2024-10-12T17:40:55.581+00:00&quot;,&quot;last_mod_time&quot;:&quot;2024-10-12T17:40:55.581+00:00&quot;},{&quot;userAddress&quot;:{&quot;addressId&quot;:8172,&quot;plotNumber&quot;:null,&quot;street&quot;:null,&quot;state&quot;:null,&quot;country&quot;:null,&quot;zipCode&quot;:null},&quot;user_id&quot;:8204,&quot;user_first_name&quot;:&quot;JcvLoiWSOJ&quot;,&quot;user_last_name&quot;:&quot;jLWYalkezc&quot;,&quot;user_contact_number&quot;:5017692709,&quot;user_email_id&quot;:&quot;team24j78oabe78k3@gmail.com&quot;,&quot;creation_time&quot;:&quot;2024-10-12T17:42:36.188+00:00&quot;,&quot;last_mod_time&quot;:&quot;2024-10-12T17:42:36.188+00:00&quot;},{&quot;userAddress&quot;:{&quot;addressId&quot;:8173,&quot;plotNumber&quot;:null,&quot;street&quot;:null,&quot;state&quot;:null,&quot;country&quot;:null,&quot;zipCode&quot;:null},&quot;user_id&quot;:8205,&quot;user_first_name&quot;:&quot;GMGrAupFUF&quot;,&quot;user_last_name&quot;:&quot;FTIdReuXhq&quot;,&quot;user_contact_number&quot;:2030646798,&quot;user_email_id&quot;:&quot;team2nh5mgb2547e@gmail.com&quot;,&quot;creation_time&quot;:&quot;2024-10-12T17:42:36.497+00:00&quot;,&quot;last_mod_time&quot;:&quot;2024-10-12T17:42:36.497+00:00&quot;},{&quot;userAddress&quot;:{&quot;addressId&quot;:8057,&quot;plotNumber&quot;:&quot;P1-10&quot;,&quot;street&quot;:&quot;Stokes Plaza&quot;,&quot;state&quot;:&quot;TX&quot;,&quot;country&quot;:&quot;USA&quot;,&quot;zipCode&quot;:12356},&quot;user_id&quot;:8089,&quot;user_first_name&quot;:&quot;Aisha&quot;,&quot;user_last_name&quot;:&quot;Lakin&quot;,&quot;user_contact_number&quot;:3607896140,&quot;user_email_id&quot;:&quot;Mariano.Walsh@gmail.com&quot;,&quot;creation_time&quot;:&quot;2024-10-12T02:55:28.679+00:00&quot;,&quot;last_mod_time&quot;:&quot;2024-10-12T02:55:28.679+00:00&quot;},{&quot;userAddress&quot;:{&quot;addressId&quot;:8174,&quot;plotNumber&quot;:null,&quot;street&quot;:null,&quot;state&quot;:null,&quot;country&quot;:null,&quot;zipCode&quot;:null},&quot;user_id&quot;:8206,&quot;user_first_name&quot;:&quot;vjoramZsml&quot;,&quot;user_last_name&quot;:&quot;eLekBwOmxf&quot;,&quot;user_contact_number&quot;:6808123841,&quot;user_email_id&quot;:&quot;team240918i44klaf@gmail.com&quot;,&quot;creation_time&quot;:&quot;2024-10-12T17:42:37.479+00:00&quot;,&quot;last_mod_time&quot;:&quot;2024-10-12T17:42:37.479+00:00&quot;},{&quot;userAddress&quot;:{&quot;addressId&quot;:8060,&quot;plotNumber&quot;:&quot;P1-10&quot;,&quot;street&quot;:&quot;August Locks&quot;,&quot;state&quot;:&quot;TX&quot;,&quot;country&quot;:&quot;USA&quot;,&quot;zipCode&quot;:12356},&quot;user_id&quot;:8092,&quot;user_first_name&quot;:&quot;Norbert&quot;,&quot;user_last_name&quot;:&quot;Morar&quot;,&quot;user_contact_number&quot;:3607896126,&quot;user_email_id&quot;:&quot;Jada12@yahoo.com&quot;,&quot;creation_time&quot;:&quot;2024-10-12T02:57:43.610+00:00&quot;,&quot;last_mod_time&quot;:&quot;2024-10-12T02:57:43.610+00:00&quot;},{&quot;userAddress&quot;:{&quot;addressId&quot;:8216,&quot;plotNumber&quot;:null,&quot;street&quot;:null,&quot;state&quot;:null,&quot;country&quot;:null,&quot;zipCode&quot;:null},&quot;user_id&quot;:8248,&quot;user_first_name&quot;:&quot;EMYQtQGWCz&quot;,&quot;user_last_name&quot;:&quot;vPsBKAHVlt&quot;,&quot;user_contact_number&quot;:1144924445,&quot;user_email_id&quot;:&quot;team2dmm9c6cbo1k@gmail.com&quot;,&quot;creation_time&quot;:&quot;2024-10-12T18:38:29.003+00:00&quot;,&quot;last_mod_time&quot;:&quot;2024-10-12T18:38:29.003+00:00&quot;},{&quot;userAddress&quot;:{&quot;addressId&quot;:8061,&quot;plotNumber&quot;:&quot;P1-09&quot;,&quot;street&quot;:&quot;Alameda&quot;,&quot;state&quot;:&quot;TX&quot;,&quot;country&quot;:&quot;USA&quot;,&quot;zipCode&quot;:65412},&quot;user_id&quot;:8093,&quot;user_first_name&quot;:&quot;easkaus&quot;,&quot;user_last_name&quot;:&quot;varshu&quot;,&quot;user_contact_number&quot;:5896541232,&quot;user_email_id&quot;:&quot;easkaus@gmail.com&quot;,&quot;creation_time&quot;:&quot;2024-10-12T03:00:16.401+00:00&quot;,&quot;last_mod_time&quot;:&quot;2024-10-12T03:01:27.677+00:00&quot;},{&quot;userAddress&quot;:{&quot;addressId&quot;:8546,&quot;plotNumber&quot;:&quot;A-123&quot;,&quot;street&quot;:&quot;Main St&quot;,&quot;state&quot;:&quot;CA&quot;,&quot;country&quot;:&quot;USA&quot;,&quot;zipCode&quot;:90210},&quot;user_id&quot;:8578,&quot;user_first_name&quot;:&quot;ranu&quot;,&quot;user_last_name&quot;:&quot;sis&quot;,&quot;user_contact_number&quot;:1112223333,&quot;user_email_id&quot;:&quot;team04ranu@ymail.com&quot;,&quot;creation_time&quot;:&quot;2024-10-13T05:24:50.306+00:00&quot;,&quot;last_mod_time&quot;:&quot;2024-10-13T05:24:50.306+00:00&quot;},{&quot;userAddress&quot;:{&quot;addressId&quot;:8218,&quot;plotNumber&quot;:null,&quot;street&quot;:null,&quot;state&quot;:null,&quot;country&quot;:null,&quot;zipCode&quot;:null},&quot;user_id&quot;:8250,&quot;user_first_name&quot;:&quot;JIvtGUFgDU&quot;,&quot;user_last_name&quot;:&quot;wgzgvMRwiA&quot;,&quot;user_contact_number&quot;:6339192632,&quot;user_email_id&quot;:&quot;team2finjjel4071e@gmail.com&quot;,&quot;creation_time&quot;:&quot;2024-10-12T18:38:29.506+00:00&quot;,&quot;last_mod_time&quot;:&quot;2024-10-12T18:38:29.506+00:00&quot;},{&quot;userAddress&quot;:{&quot;addressId&quot;:8219,&quot;plotNumber&quot;:null,&quot;street&quot;:null,&quot;state&quot;:null,&quot;country&quot;:null,&quot;zipCode&quot;:null},&quot;user_id&quot;:8251,&quot;user_first_name&quot;:&quot;aPzfQrpvLB&quot;,&quot;user_last_name&quot;:&quot;nOqWLvuPdi&quot;,&quot;user_contact_number&quot;:4453505417,&quot;user_email_id&quot;:&quot;team2lgckb09gd0me@gmail.com&quot;,&quot;creation_time&quot;:&quot;2024-10-12T18:38:29.844+00:00&quot;,&quot;last_mod_time&quot;:&quot;2024-10-12T18:38:29.844+00:00&quot;},{&quot;userAddress&quot;:{&quot;addressId&quot;:8547,&quot;plotNumber&quot;:&quot;P1-10&quot;,&quot;street&quot;:&quot;Merlin Turnpike&quot;,&quot;state&quot;:&quot;TX&quot;,&quot;country&quot;:&quot;USA&quot;,&quot;zipCode&quot;:12356},&quot;user_id&quot;:8579,&quot;user_first_name&quot;:&quot;Susie&quot;,&quot;user_last_name&quot;:&quot;Harber&quot;,&quot;user_contact_number&quot;:3607896111,&quot;user_email_id&quot;:&quot;Cristopher24@gmail.com&quot;,&quot;creation_time&quot;:&quot;2024-10-13T05:25:10.826+00:00&quot;,&quot;last_mod_time&quot;:&quot;2024-10-13T05:25:10.826+00:00&quot;},{&quot;userAddress&quot;:{&quot;addressId&quot;:9994,&quot;plotNumber&quot;:&quot;302-A&quot;,&quot;street&quot;:&quot;Texas&quot;,&quot;state&quot;:&quot;waterpark&quot;,&quot;country&quot;:&quot;US&quot;,&quot;zipCode&quot;:78717},&quot;user_id&quot;:10026,&quot;user_first_name&quot;:&quot;Kalai&quot;,&quot;user_last_name&quot;:&quot;Rangasamy&quot;,&quot;user_contact_number&quot;:5124327042,&quot;user_email_id&quot;:&quot;kalaia56@gmail.com&quot;,&quot;creation_time&quot;:&quot;2024-10-15T17:45:40.727+00:00&quot;,&quot;last_mod_time&quot;:&quot;2024-10-15T17:45:40.727+00:00&quot;},{&quot;userAddress&quot;:{&quot;addressId&quot;:8222,&quot;plotNumber&quot;:null,&quot;street&quot;:null,&quot;state&quot;:null,&quot;country&quot;:null,&quot;zipCode&quot;:null},&quot;user_id&quot;:8254,&quot;user_first_name&quot;:&quot;lwWfSJiiHN&quot;,&quot;user_last_name&quot;:&quot;IHFSZybnHb&quot;,&quot;user_contact_number&quot;:5089760229,&quot;user_email_id&quot;:&quot;team22db53je75ajd@gmail.com&quot;,&quot;creation_time&quot;:&quot;2024-10-12T18:38:30.633+00:00&quot;,&quot;last_mod_time&quot;:&quot;2024-10-12T18:38:30.633+00:00&quot;},{&quot;userAddress&quot;:{&quot;addressId&quot;:8223,&quot;plotNumber&quot;:&quot;pl-23&quot;,&quot;street&quot;:&quot;my Street&quot;,&quot;state&quot;:&quot;Texas&quot;,&quot;country&quot;:&quot;USA&quot;,&quot;zipCode&quot;:75068},&quot;user_id&quot;:8255,&quot;user_first_name&quot;:&quot;vijaya&quot;,&quot;user_last_name&quot;:&quot;Teamtwo&quot;,&quot;user_contact_number&quot;:9085280351,&quot;user_email_id&quot;:&quot;vijimoa2p8n6k1ki@gmail.com&quot;,&quot;creation_time&quot;:&quot;2024-10-12T18:40:37.978+00:00&quot;,&quot;last_mod_time&quot;:&quot;2024-10-12T18:40:37.978+00:00&quot;},{&quot;userAddress&quot;:{&quot;addressId&quot;:8548,&quot;plotNumber&quot;:&quot;P1-10&quot;,&quot;street&quot;:&quot;Hobart Bridge&quot;,&quot;state&quot;:&quot;TX&quot;,&quot;country&quot;:&quot;USA&quot;,&quot;zipCode&quot;:12356},&quot;user_id&quot;:8580,&quot;user_first_name&quot;:&quot;Clementina&quot;,&quot;user_last_name&quot;:&quot;Barton&quot;,&quot;user_contact_number&quot;:3607896174,&quot;user_email_id&quot;:&quot;Roosevelt_Purdy@yahoo.com&quot;,&quot;creation_time&quot;:&quot;2024-10-13T05:25:21.182+00:00&quot;,&quot;last_mod_time&quot;:&quot;2024-10-13T05:25:21.182+00:00&quot;},{&quot;userAddress&quot;:{&quot;addressId&quot;:8225,&quot;plotNumber&quot;:null,&quot;street&quot;:null,&quot;state&quot;:null,&quot;country&quot;:null,&quot;zipCode&quot;:null},&quot;user_id&quot;:8257,&quot;user_first_name&quot;:&quot;lQZCZGCpHz&quot;,&quot;user_last_name&quot;:&quot;lVlAkRtxWC&quot;,&quot;user_contact_number&quot;:4020415420,&quot;user_email_id&quot;:&quot;team2b09ee9819ohn@gmail.com&quot;,&quot;creation_time&quot;:&quot;2024-10-12T18:42:15.571+00:00&quot;,&quot;last_mod_time&quot;:&quot;2024-10-12T18:42:15.571+00:00&quot;},{&quot;userAddress&quot;:{&quot;addressId&quot;:8549,&quot;plotNumber&quot;:&quot;P1-10&quot;,&quot;street&quot;:&quot;Micheal Walk&quot;,&quot;state&quot;:&quot;TX&quot;,&quot;country&quot;:&quot;USA&quot;,&quot;zipCode&quot;:12356},&quot;user_id&quot;:8581,&quot;user_first_name&quot;:&quot;Alvis&quot;,&quot;user_last_name&quot;:&quot;Kemmer&quot;,&quot;user_contact_number&quot;:3607896156,&quot;user_email_id&quot;:&quot;Marc23@yahoo.com&quot;,&quot;creation_time&quot;:&quot;2024-10-13T05:25:21.732+00:00&quot;,&quot;last_mod_time&quot;:&quot;2024-10-13T05:25:21.732+00:00&quot;},{&quot;userAddress&quot;:{&quot;addressId&quot;:8226,&quot;plotNumber&quot;:null,&quot;street&quot;:null,&quot;state&quot;:null,&quot;country&quot;:null,&quot;zipCode&quot;:null},&quot;user_id&quot;:8258,&quot;user_first_name&quot;:&quot;BUhvAvHXAE&quot;,&quot;user_last_name&quot;:&quot;KbOtWribZf&quot;,&quot;user_contact_number&quot;:4247948822,&quot;user_email_id&quot;:&quot;team2bhki9ac4c6lk@gmail.com&quot;,&quot;creation_time&quot;:&quot;2024-10-12T18:42:15.807+00:00&quot;,&quot;last_mod_time&quot;:&quot;2024-10-12T18:42:15.807+00:00&quot;},{&quot;userAddress&quot;:{&quot;addressId&quot;:8227,&quot;plotNumber&quot;:null,&quot;street&quot;:null,&quot;state&quot;:null,&quot;country&quot;:null,&quot;zipCode&quot;:null},&quot;user_id&quot;:8259,&quot;user_first_name&quot;:&quot;gsyHmNPMNt&quot;,&quot;user_last_name&quot;:&quot;sWKqcvhFNe&quot;,&quot;user_contact_number&quot;:3779235883,&quot;user_email_id&quot;:&quot;team2mdkle2bl7c5b@gmail.com&quot;,&quot;creation_time&quot;:&quot;2024-10-12T18:42:16.229+00:00&quot;,&quot;last_mod_time&quot;:&quot;2024-10-12T18:42:16.229+00:00&quot;},{&quot;userAddress&quot;:{&quot;addressId&quot;:8228,&quot;plotNumber&quot;:null,&quot;street&quot;:null,&quot;state&quot;:null,&quot;country&quot;:null,&quot;zipCode&quot;:null},&quot;user_id&quot;:8260,&quot;user_first_name&quot;:&quot;KdRykGflqI&quot;,&quot;user_last_name&quot;:&quot;qMbTiecwWX&quot;,&quot;user_contact_number&quot;:1547965695,&quot;user_email_id&quot;:&quot;team23bi9o6o599je@gmail.com&quot;,&quot;creation_time&quot;:&quot;2024-10-12T18:42:16.538+00:00&quot;,&quot;last_mod_time&quot;:&quot;2024-10-12T18:42:16.538+00:00&quot;},{&quot;userAddress&quot;:{&quot;addressId&quot;:8229,&quot;plotNumber&quot;:null,&quot;street&quot;:null,&quot;state&quot;:null,&quot;country&quot;:null,&quot;zipCode&quot;:null},&quot;user_id&quot;:8261,&quot;user_first_name&quot;:&quot;alYKwKNoNx&quot;,&quot;user_last_name&quot;:&quot;GcbIFMFpPH&quot;,&quot;user_contact_number&quot;:6152446246,&quot;user_email_id&quot;:&quot;team2bo67idofc8g@gmail.com&quot;,&quot;creation_time&quot;:&quot;2024-10-12T18:42:16.820+00:00&quot;,&quot;last_mod_time&quot;:&quot;2024-10-12T18:42:16.820+00:00&quot;},{&quot;userAddress&quot;:{&quot;addressId&quot;:8231,&quot;plotNumber&quot;:null,&quot;street&quot;:null,&quot;state&quot;:null,&quot;country&quot;:null,&quot;zipCode&quot;:null},&quot;user_id&quot;:8263,&quot;user_first_name&quot;:&quot;aYdRqbepLO&quot;,&quot;user_last_name&quot;:&quot;hhEpnUHacC&quot;,&quot;user_contact_number&quot;:9702545661,&quot;user_email_id&quot;:&quot;team2g6mbf4ehklo@gmail.com&quot;,&quot;creation_time&quot;:&quot;2024-10-12T18:42:17.532+00:00&quot;,&quot;last_mod_time&quot;:&quot;2024-10-12T18:42:17.532+00:00&quot;},{&quot;userAddress&quot;:{&quot;addressId&quot;:8232,&quot;plotNumber&quot;:null,&quot;street&quot;:null,&quot;state&quot;:null,&quot;country&quot;:null,&quot;zipCode&quot;:null},&quot;user_id&quot;:8264,&quot;user_first_name&quot;:&quot;cVEEiIMHqs&quot;,&quot;user_last_name&quot;:&quot;pKQoGhvzyk&quot;,&quot;user_contact_number&quot;:3898218156,&quot;user_email_id&quot;:&quot;team25l2d64d4k3n@gmail.com&quot;,&quot;creation_time&quot;:&quot;2024-10-12T18:48:49.463+00:00&quot;,&quot;last_mod_time&quot;:&quot;2024-10-12T18:48:49.463+00:00&quot;},{&quot;userAddress&quot;:{&quot;addressId&quot;:8233,&quot;plotNumber&quot;:null,&quot;street&quot;:null,&quot;state&quot;:null,&quot;country&quot;:null,&quot;zipCode&quot;:null},&quot;user_id&quot;:8265,&quot;user_first_name&quot;:&quot;cRMKjZSCqG&quot;,&quot;user_last_name&quot;:&quot;uVKwNkgZRc&quot;,&quot;user_contact_number&quot;:5267460666,&quot;user_email_id&quot;:&quot;team286kgoc3hm09a@gmail.com&quot;,&quot;creation_time&quot;:&quot;2024-10-12T18:48:49.668+00:00&quot;,&quot;last_mod_time&quot;:&quot;2024-10-12T18:48:49.668+00:00&quot;},{&quot;userAddress&quot;:{&quot;addressId&quot;:8234,&quot;plotNumber&quot;:null,&quot;street&quot;:null,&quot;state&quot;:null,&quot;country&quot;:null,&quot;zipCode&quot;:null},&quot;user_id&quot;:8266,&quot;user_first_name&quot;:&quot;EeaGzPyEdF&quot;,&quot;user_last_name&quot;:&quot;sBpTguqLPQ&quot;,&quot;user_contact_number&quot;:1506172616,&quot;user_email_id&quot;:&quot;team2p5je66m304e7@gmail.com&quot;,&quot;creation_time&quot;:&quot;2024-10-12T18:48:49.766+00:00&quot;,&quot;last_mod_time&quot;:&quot;2024-10-12T18:48:49.766+00:00&quot;},{&quot;userAddress&quot;:{&quot;addressId&quot;:8235,&quot;plotNumber&quot;:null,&quot;street&quot;:null,&quot;state&quot;:null,&quot;country&quot;:null,&quot;zipCode&quot;:null},&quot;user_id&quot;:8267,&quot;user_first_name&quot;:&quot;OMpSHklUkK&quot;,&quot;user_last_name&quot;:&quot;hQiToBEXXR&quot;,&quot;user_contact_number&quot;:3901901731,&quot;user_email_id&quot;:&quot;team263b1f003iddg@gmail.com&quot;,&quot;creation_time&quot;:&quot;2024-10-12T18:48:49.891+00:00&quot;,&quot;last_mod_time&quot;:&quot;2024-10-12T18:48:49.891+00:00&quot;},{&quot;userAddress&quot;:{&quot;addressId&quot;:8236,&quot;plotNumber&quot;:null,&quot;street&quot;:null,&quot;state&quot;:null,&quot;country&quot;:null,&quot;zipCode&quot;:null},&quot;user_id&quot;:8268,&quot;user_first_name&quot;:&quot;TboUkzUKZv&quot;,&quot;user_last_name&quot;:&quot;SijYGPOuls&quot;,&quot;user_contact_number&quot;:3031097790,&quot;user_email_id&quot;:&quot;team2le52h9f9hccg@gmail.com&quot;,&quot;creation_time&quot;:&quot;2024-10-12T18:48:50.013+00:00&quot;,&quot;last_mod_time&quot;:&quot;2024-10-12T18:48:50.013+00:00&quot;},{&quot;userAddress&quot;:{&quot;addressId&quot;:8237,&quot;plotNumber&quot;:null,&quot;street&quot;:null,&quot;state&quot;:null,&quot;country&quot;:null,&quot;zipCode&quot;:null},&quot;user_id&quot;:8269,&quot;user_first_name&quot;:&quot;JUYeyocDzF&quot;,&quot;user_last_name&quot;:&quot;kLhGXBovAS&quot;,&quot;user_contact_number&quot;:6727862688,&quot;user_email_id&quot;:&quot;team21b526jc17148@gmail.com&quot;,&quot;creation_time&quot;:&quot;2024-10-12T18:48:50.140+00:00&quot;,&quot;last_mod_time&quot;:&quot;2024-10-12T18:48:50.140+00:00&quot;},{&quot;userAddress&quot;:{&quot;addressId&quot;:8238,&quot;plotNumber&quot;:null,&quot;street&quot;:null,&quot;state&quot;:null,&quot;country&quot;:null,&quot;zipCode&quot;:null},&quot;user_id&quot;:8270,&quot;user_first_name&quot;:&quot;JEDnMSWArR&quot;,&quot;user_last_name&quot;:&quot;XzCJnfZelr&quot;,&quot;user_contact_number&quot;:5606472838,&quot;user_email_id&quot;:&quot;team2le608hjbd3db@gmail.com&quot;,&quot;creation_time&quot;:&quot;2024-10-12T18:48:50.264+00:00&quot;,&quot;last_mod_time&quot;:&quot;2024-10-12T18:48:50.264+00:00&quot;},{&quot;userAddress&quot;:{&quot;addressId&quot;:10349,&quot;plotNumber&quot;:&quot;pl-35&quot;,&quot;street&quot;:&quot;Cypress Dr&quot;,&quot;state&quot;:&quot;Texas&quot;,&quot;country&quot;:&quot;USA&quot;,&quot;zipCode&quot;:75688},&quot;user_id&quot;:10381,&quot;user_first_name&quot;:&quot;vijayashree&quot;,&quot;user_last_name&quot;:&quot;Jayakumar&quot;,&quot;user_contact_number&quot;:6576748899,&quot;user_email_id&quot;:&quot;vjemail123@gmail.com&quot;,&quot;creation_time&quot;:&quot;2024-10-16T17:31:47.576+00:00&quot;,&quot;last_mod_time&quot;:&quot;2024-10-16T17:31:47.576+00:00&quot;},{&quot;userAddress&quot;:{&quot;addressId&quot;:10350,&quot;plotNumber&quot;:&quot;19-a&quot;,&quot;street&quot;:&quot;Cypress Dr&quot;,&quot;state&quot;:&quot;Texas&quot;,&quot;country&quot;:&quot;USA&quot;,&quot;zipCode&quot;:null},&quot;user_id&quot;:10382,&quot;user_first_name&quot;:&quot;Vijaya&quot;,&quot;user_last_name&quot;:&quot;TeamTeam&quot;,&quot;user_contact_number&quot;:8625769087,&quot;user_email_id&quot;:&quot;vijaya@gmail.com&quot;,&quot;creation_time&quot;:&quot;2024-10-16T17:32:01.125+00:00&quot;,&quot;last_mod_time&quot;:&quot;2024-10-16T17:32:01.125+00:00&quot;},{&quot;userAddress&quot;:{&quot;addressId&quot;:8426,&quot;plotNumber&quot;:&quot;P1-10&quot;,&quot;street&quot;:&quot;Rosario Motorway&quot;,&quot;state&quot;:&quot;TX&quot;,&quot;country&quot;:&quot;USA&quot;,&quot;zipCode&quot;:12356},&quot;user_id&quot;:8458,&quot;user_first_name&quot;:&quot;Elouise&quot;,&quot;user_last_name&quot;:&quot;Gerlach&quot;,&quot;user_contact_number&quot;:3607896191,&quot;user_email_id&quot;:&quot;Deontae_Nicolas@hotmail.com&quot;,&quot;creation_time&quot;:&quot;2024-10-13T04:49:23.114+00:00&quot;,&quot;last_mod_time&quot;:&quot;2024-10-13T04:49:23.114+00:00&quot;},{&quot;userAddress&quot;:{&quot;addressId&quot;:10820,&quot;plotNumber&quot;:&quot;pl-02&quot;,&quot;street&quot;:&quot;street&quot;,&quot;state&quot;:&quot;ghu&quot;,&quot;country&quot;:&quot;jhh&quot;,&quot;zipCode&quot;:123456},&quot;user_id&quot;:10852,&quot;user_first_name&quot;:&quot;Kalyan&quot;,&quot;user_last_name&quot;:&quot;lname&quot;,&quot;user_contact_number&quot;:7876535674,&quot;user_email_id&quot;:&quot;Team03@gmail.com&quot;,&quot;creation_time&quot;:&quot;2024-10-17T23:01:52.110+00:00&quot;,&quot;last_mod_time&quot;:&quot;2024-10-17T23:01:52.110+00:00&quot;},{&quot;userAddress&quot;:{&quot;addressId&quot;:10821,&quot;plotNumber&quot;:&quot;pl-02&quot;,&quot;street&quot;:&quot;street&quot;,&quot;state&quot;:&quot;ghu&quot;,&quot;country&quot;:&quot;jhh&quot;,&quot;zipCode&quot;:123456},&quot;user_id&quot;:10853,&quot;user_first_name&quot;:&quot;Kalyan&quot;,&quot;user_last_name&quot;:&quot;lname&quot;,&quot;user_contact_number&quot;:7876535111,&quot;user_email_id&quot;:&quot;Team03Mathu@gmail.com&quot;,&quot;creation_time&quot;:&quot;2024-10-17T23:07:56.489+00:00&quot;,&quot;last_mod_time&quot;:&quot;2024-10-17T23:07:56.489+00:00&quot;},{&quot;userAddress&quot;:{&quot;addressId&quot;:10842,&quot;plotNumber&quot;:&quot;Plot-1234&quot;,&quot;street&quot;:&quot;TP Road&quot;,&quot;state&quot;:&quot;IL&quot;,&quot;country&quot;:&quot;USA&quot;,&quot;zipCode&quot;:60004},&quot;user_id&quot;:10874,&quot;user_first_name&quot;:&quot;TestUser&quot;,&quot;user_last_name&quot;:&quot;TestData&quot;,&quot;user_contact_number&quot;:2223334444,&quot;user_email_id&quot;:&quot;TestUser1011.TestData@gmail.com&quot;,&quot;creation_time&quot;:&quot;2024-10-18T00:31:06.412+00:00&quot;,&quot;last_mod_time&quot;:&quot;2024-10-18T00:31:06.412+00:00&quot;},{&quot;userAddress&quot;:{&quot;addressId&quot;:8258,&quot;plotNumber&quot;:null,&quot;street&quot;:null,&quot;state&quot;:null,&quot;country&quot;:null,&quot;zipCode&quot;:null},&quot;user_id&quot;:8290,&quot;user_first_name&quot;:&quot;ccfTXySPBm&quot;,&quot;user_last_name&quot;:&quot;zXfqAIRcua&quot;,&quot;user_contact_number&quot;:3585913604,&quot;user_email_id&quot;:&quot;team28p2lj3ggg726@gmail.com&quot;,&quot;creation_time&quot;:&quot;2024-10-12T19:02:01.475+00:00&quot;,&quot;last_mod_time&quot;:&quot;2024-10-12T19:02:01.475+00:00&quot;},{&quot;userAddress&quot;:{&quot;addressId&quot;:8362,&quot;plotNumber&quot;:&quot;aa-1&quot;,&quot;street&quot;:&quot;eer&quot;,&quot;state&quot;:&quot;va&quot;,&quot;country&quot;:&quot;usa&quot;,&quot;zipCode&quot;:20202},&quot;user_id&quot;:8394,&quot;user_first_name&quot;:&quot;sammy&quot;,&quot;user_last_name&quot;:&quot;roy&quot;,&quot;user_contact_number&quot;:2223341112,&quot;user_email_id&quot;:&quot;abcd@gmail.com&quot;,&quot;creation_time&quot;:&quot;2024-10-13T00:31:01.496+00:00&quot;,&quot;last_mod_time&quot;:&quot;2024-10-13T00:31:01.496+00:00&quot;},{&quot;userAddress&quot;:{&quot;addressId&quot;:8260,&quot;plotNumber&quot;:null,&quot;street&quot;:null,&quot;state&quot;:null,&quot;country&quot;:null,&quot;zipCode&quot;:null},&quot;user_id&quot;:8292,&quot;user_first_name&quot;:&quot;uXViVOVUbw&quot;,&quot;user_last_name&quot;:&quot;LqUwLrUHnk&quot;,&quot;user_contact_number&quot;:2533189671,&quot;user_email_id&quot;:&quot;team247jaood37bec@gmail.com&quot;,&quot;creation_time&quot;:&quot;2024-10-12T19:05:02.301+00:00&quot;,&quot;last_mod_time&quot;:&quot;2024-10-12T19:05:02.301+00:00&quot;},{&quot;userAddress&quot;:{&quot;addressId&quot;:8261,&quot;plotNumber&quot;:null,&quot;street&quot;:null,&quot;state&quot;:null,&quot;country&quot;:null,&quot;zipCode&quot;:null},&quot;user_id&quot;:8293,&quot;user_first_name&quot;:&quot;wnsgEFTGti&quot;,&quot;user_last_name&quot;:&quot;FMGwOQlpRa&quot;,&quot;user_contact_number&quot;:7152645742,&quot;user_email_id&quot;:&quot;team22gb24d767mfb@gmail.com&quot;,&quot;creation_time&quot;:&quot;2024-10-12T19:05:02.598+00:00&quot;,&quot;last_mod_time&quot;:&quot;2024-10-12T19:05:02.598+00:00&quot;},{&quot;userAddress&quot;:{&quot;addressId&quot;:8262,&quot;plotNumber&quot;:null,&quot;street&quot;:null,&quot;state&quot;:null,&quot;country&quot;:null,&quot;zipCode&quot;:null},&quot;user_id&quot;:8294,&quot;user_first_name&quot;:&quot;OJmAQeKBqh&quot;,&quot;user_last_name&quot;:&quot;EKzoFvDUbN&quot;,&quot;user_contact_number&quot;:4667136161,&quot;user_email_id&quot;:&quot;team2fijhi44odj5j@gmail.com&quot;,&quot;creation_time&quot;:&quot;2024-10-12T19:05:03.015+00:00&quot;,&quot;last_mod_time&quot;:&quot;2024-10-12T19:05:03.015+00:00&quot;},{&quot;userAddress&quot;:{&quot;addressId&quot;:8263,&quot;plotNumber&quot;:null,&quot;street&quot;:null,&quot;state&quot;:null,&quot;country&quot;:null,&quot;zipCode&quot;:null},&quot;user_id&quot;:8295,&quot;user_first_name&quot;:&quot;MxkDQrlUnV&quot;,&quot;user_last_name&quot;:&quot;WGWynAgxNX&quot;,&quot;user_contact_number&quot;:7996173077,&quot;user_email_id&quot;:&quot;team2h253p9de64fi@gmail.com&quot;,&quot;creation_time&quot;:&quot;2024-10-12T19:05:03.316+00:00&quot;,&quot;last_mod_time&quot;:&quot;2024-10-12T19:05:03.316+00:00&quot;},{&quot;userAddress&quot;:{&quot;addressId&quot;:8264,&quot;plotNumber&quot;:null,&quot;street&quot;:null,&quot;state&quot;:null,&quot;country&quot;:null,&quot;zipCode&quot;:null},&quot;user_id&quot;:8296,&quot;user_first_name&quot;:&quot;TrmSocvdvm&quot;,&quot;user_last_name&quot;:&quot;icuqbcJsJg&quot;,&quot;user_contact_number&quot;:9793974475,&quot;user_email_id&quot;:&quot;team29le11ghdmb2@gmail.com&quot;,&quot;creation_time&quot;:&quot;2024-10-12T19:05:03.582+00:00&quot;,&quot;last_mod_time&quot;:&quot;2024-10-12T19:05:03.582+00:00&quot;},{&quot;userAddress&quot;:{&quot;addressId&quot;:8550,&quot;plotNumber&quot;:&quot;P1-10&quot;,&quot;street&quot;:&quot;Borer Views&quot;,&quot;state&quot;:&quot;TX&quot;,&quot;country&quot;:&quot;USA&quot;,&quot;zipCode&quot;:12356},&quot;user_id&quot;:8582,&quot;user_first_name&quot;:&quot;Iva&quot;,&quot;user_last_name&quot;:&quot;Schowalter&quot;,&quot;user_contact_number&quot;:3607896133,&quot;user_email_id&quot;:&quot;Jaycee1@hotmail.com&quot;,&quot;creation_time&quot;:&quot;2024-10-13T05:25:23.021+00:00&quot;,&quot;last_mod_time&quot;:&quot;2024-10-13T05:25:23.021+00:00&quot;},{&quot;userAddress&quot;:{&quot;addressId&quot;:8266,&quot;plotNumber&quot;:null,&quot;street&quot;:null,&quot;state&quot;:null,&quot;country&quot;:null,&quot;zipCode&quot;:null},&quot;user_id&quot;:8298,&quot;user_first_name&quot;:&quot;tplhWDqEeb&quot;,&quot;user_last_name&quot;:&quot;dtSxMcmXth&quot;,&quot;user_contact_number&quot;:1239902650,&quot;user_email_id&quot;:&quot;team2nnmgakhamfm@gmail.com&quot;,&quot;creation_time&quot;:&quot;2024-10-12T19:05:04.279+00:00&quot;,&quot;last_mod_time&quot;:&quot;2024-10-12T19:05:04.279+00:00&quot;},{&quot;userAddress&quot;:{&quot;addressId&quot;:8267,&quot;plotNumber&quot;:null,&quot;street&quot;:null,&quot;state&quot;:null,&quot;country&quot;:null,&quot;zipCode&quot;:null},&quot;user_id&quot;:8299,&quot;user_first_name&quot;:&quot;tlvOhByKGC&quot;,&quot;user_last_name&quot;:&quot;AoFVBuvwki&quot;,&quot;user_contact_number&quot;:6027943071,&quot;user_email_id&quot;:&quot;team23m8e42go819a@gmail.com&quot;,&quot;creation_time&quot;:&quot;2024-10-12T19:05:04.580+00:00&quot;,&quot;last_mod_time&quot;:&quot;2024-10-12T19:05:04.580+00:00&quot;},{&quot;userAddress&quot;:{&quot;addressId&quot;:8268,&quot;plotNumber&quot;:&quot;P1-11&quot;,&quot;street&quot;:&quot;Main&quot;,&quot;state&quot;:&quot;LA&quot;,&quot;country&quot;:&quot;USA&quot;,&quot;zipCode&quot;:20875},&quot;user_id&quot;:8300,&quot;user_first_name&quot;:&quot;rohit&quot;,&quot;user_last_name&quot;:&quot;Amma&quot;,&quot;user_contact_number&quot;:4873403123,&quot;user_email_id&quot;:&quot;Team03RohitsharadaS@gmail.com&quot;,&quot;creation_time&quot;:&quot;2024-10-12T19:31:20.157+00:00&quot;,&quot;last_mod_time&quot;:&quot;2024-10-12T19:31:20.157+00:00&quot;},{&quot;userAddress&quot;:{&quot;addressId&quot;:8551,&quot;plotNumber&quot;:&quot;P1-10&quot;,&quot;street&quot;:&quot;Herzog Glens&quot;,&quot;state&quot;:&quot;TX&quot;,&quot;country&quot;:&quot;USA&quot;,&quot;zipCode&quot;:12356},&quot;user_id&quot;:8583,&quot;user_first_name&quot;:&quot;Tyreek&quot;,&quot;user_last_name&quot;:&quot;Spencer&quot;,&quot;user_contact_number&quot;:3607896104,&quot;user_email_id&quot;:&quot;Chad.Crona@hotmail.com&quot;,&quot;creation_time&quot;:&quot;2024-10-13T05:25:25.745+00:00&quot;,&quot;last_mod_time&quot;:&quot;2024-10-13T05:25:25.745+00:00&quot;},{&quot;userAddress&quot;:{&quot;addressId&quot;:8552,&quot;plotNumber&quot;:&quot;P1-10&quot;,&quot;street&quot;:&quot;Daugherty Street&quot;,&quot;state&quot;:&quot;TX&quot;,&quot;country&quot;:&quot;USA&quot;,&quot;zipCode&quot;:12356},&quot;user_id&quot;:8584,&quot;user_first_name&quot;:&quot;Florencio&quot;,&quot;user_last_name&quot;:&quot;Koelpin&quot;,&quot;user_contact_number&quot;:3607896164,&quot;user_email_id&quot;:&quot;Daphney_Crist@gmail.com&quot;,&quot;creation_time&quot;:&quot;2024-10-13T05:25:28.271+00:00&quot;,&quot;last_mod_time&quot;:&quot;2024-10-13T05:25:28.271+00:00&quot;},{&quot;userAddress&quot;:{&quot;addressId&quot;:8553,&quot;plotNumber&quot;:&quot;P1-10&quot;,&quot;street&quot;:&quot;Ford Point&quot;,&quot;state&quot;:&quot;TX&quot;,&quot;country&quot;:&quot;USA&quot;,&quot;zipCode&quot;:12356},&quot;user_id&quot;:8585,&quot;user_first_name&quot;:&quot;Flossie&quot;,&quot;user_last_name&quot;:&quot;Mertz&quot;,&quot;user_contact_number&quot;:3607896120,&quot;user_email_id&quot;:&quot;Ransom.Olson9@hotmail.com&quot;,&quot;creation_time&quot;:&quot;2024-10-13T05:26:07.130+00:00&quot;,&quot;last_mod_time&quot;:&quot;2024-10-13T05:26:07.130+00:00&quot;},{&quot;userAddress&quot;:{&quot;addressId&quot;:8272,&quot;plotNumber&quot;:null,&quot;street&quot;:null,&quot;state&quot;:null,&quot;country&quot;:null,&quot;zipCode&quot;:null},&quot;user_id&quot;:8304,&quot;user_first_name&quot;:&quot;cxwYQBEiaA&quot;,&quot;user_last_name&quot;:&quot;wrpvEWICkK&quot;,&quot;user_contact_number&quot;:1347317681,&quot;user_email_id&quot;:&quot;team2bbelj8057o5i@gmail.com&quot;,&quot;creation_time&quot;:&quot;2024-10-12T19:42:13.985+00:00&quot;,&quot;last_mod_time&quot;:&quot;2024-10-12T19:42:13.985+00:00&quot;},{&quot;userAddress&quot;:{&quot;addressId&quot;:8273,&quot;plotNumber&quot;:null,&quot;street&quot;:null,&quot;state&quot;:null,&quot;country&quot;:null,&quot;zipCode&quot;:null},&quot;user_id&quot;:8305,&quot;user_first_name&quot;:&quot;gFCjgKuuDJ&quot;,&quot;user_last_name&quot;:&quot;tPYWAHrTPP&quot;,&quot;user_contact_number&quot;:8986491799,&quot;user_email_id&quot;:&quot;team22d2g06ll7aii@gmail.com&quot;,&quot;creation_time&quot;:&quot;2024-10-12T19:42:14.267+00:00&quot;,&quot;last_mod_time&quot;:&quot;2024-10-12T19:42:14.267+00:00&quot;},{&quot;userAddress&quot;:{&quot;addressId&quot;:8274,&quot;plotNumber&quot;:null,&quot;street&quot;:null,&quot;state&quot;:null,&quot;country&quot;:null,&quot;zipCode&quot;:null},&quot;user_id&quot;:8306,&quot;user_first_name&quot;:&quot;WeLPSdCvod&quot;,&quot;user_last_name&quot;:&quot;mgphDImDQW&quot;,&quot;user_contact_number&quot;:5094531852,&quot;user_email_id&quot;:&quot;team27k1deme8b5h@gmail.com&quot;,&quot;creation_time&quot;:&quot;2024-10-12T19:42:14.670+00:00&quot;,&quot;last_mod_time&quot;:&quot;2024-10-12T19:42:14.670+00:00&quot;},{&quot;userAddress&quot;:{&quot;addressId&quot;:8275,&quot;plotNumber&quot;:null,&quot;street&quot;:null,&quot;state&quot;:null,&quot;country&quot;:null,&quot;zipCode&quot;:null},&quot;user_id&quot;:8307,&quot;user_first_name&quot;:&quot;qcroCvPpUq&quot;,&quot;user_last_name&quot;:&quot;uXLRTAkQkI&quot;,&quot;user_contact_number&quot;:4260233392,&quot;user_email_id&quot;:&quot;team2khmm6g1dp6d@gmail.com&quot;,&quot;creation_time&quot;:&quot;2024-10-12T19:42:15.068+00:00&quot;,&quot;last_mod_time&quot;:&quot;2024-10-12T19:42:15.068+00:00&quot;},{&quot;userAddress&quot;:{&quot;addressId&quot;:8276,&quot;plotNumber&quot;:null,&quot;street&quot;:null,&quot;state&quot;:null,&quot;country&quot;:null,&quot;zipCode&quot;:null},&quot;user_id&quot;:8308,&quot;user_first_name&quot;:&quot;DjUjmPcdkd&quot;,&quot;user_last_name&quot;:&quot;JMLAsMZjDO&quot;,&quot;user_contact_number&quot;:8725031876,&quot;user_email_id&quot;:&quot;team2j078mab6c4l@gmail.com&quot;,&quot;creation_time&quot;:&quot;2024-10-12T19:42:15.538+00:00&quot;,&quot;last_mod_time&quot;:&quot;2024-10-12T19:42:15.538+00:00&quot;},{&quot;userAddress&quot;:{&quot;addressId&quot;:8278,&quot;plotNumber&quot;:null,&quot;street&quot;:null,&quot;state&quot;:null,&quot;country&quot;:null,&quot;zipCode&quot;:null},&quot;user_id&quot;:8310,&quot;user_first_name&quot;:&quot;aMAsWoyXuH&quot;,&quot;user_last_name&quot;:&quot;pHauxpcfng&quot;,&quot;user_contact_number&quot;:4169282318,&quot;user_email_id&quot;:&quot;team2p68dc01k4l3@gmail.com&quot;,&quot;creation_time&quot;:&quot;2024-10-12T19:42:16.374+00:00&quot;,&quot;last_mod_time&quot;:&quot;2024-10-12T19:42:16.374+00:00&quot;},{&quot;userAddress&quot;:{&quot;addressId&quot;:8279,&quot;plotNumber&quot;:null,&quot;street&quot;:null,&quot;state&quot;:null,&quot;country&quot;:null,&quot;zipCode&quot;:null},&quot;user_id&quot;:8311,&quot;user_first_name&quot;:&quot;QUFLlVDnbS&quot;,&quot;user_last_name&quot;:&quot;zxEFmuusNM&quot;,&quot;user_contact_number&quot;:1201733749,&quot;user_email_id&quot;:&quot;team2866dibhm7e7m@gmail.com&quot;,&quot;creation_time&quot;:&quot;2024-10-12T19:42:16.701+00:00&quot;,&quot;last_mod_time&quot;:&quot;2024-10-12T19:42:16.701+00:00&quot;},{&quot;userAddress&quot;:{&quot;addressId&quot;:8429,&quot;plotNumber&quot;:&quot;P1-10&quot;,&quot;street&quot;:&quot;Camden Village&quot;,&quot;state&quot;:&quot;TX&quot;,&quot;country&quot;:&quot;USA&quot;,&quot;zipCode&quot;:12356},&quot;user_id&quot;:8461,&quot;user_first_name&quot;:&quot;Willie&quot;,&quot;user_last_name&quot;:&quot;Mayert&quot;,&quot;user_contact_number&quot;:3607896190,&quot;user_email_id&quot;:&quot;Lera38@hotmail.com&quot;,&quot;creation_time&quot;:&quot;2024-10-13T04:49:40.111+00:00&quot;,&quot;last_mod_time&quot;:&quot;2024-10-13T04:49:40.111+00:00&quot;},{&quot;userAddress&quot;:{&quot;addressId&quot;:8283,&quot;plotNumber&quot;:&quot;pl-23&quot;,&quot;street&quot;:&quot;my Street&quot;,&quot;state&quot;:&quot;Texas&quot;,&quot;country&quot;:&quot;USA&quot;,&quot;zipCode&quot;:75068},&quot;user_id&quot;:8315,&quot;user_first_name&quot;:&quot;vijaya&quot;,&quot;user_last_name&quot;:&quot;Teamtwo&quot;,&quot;user_contact_number&quot;:1048622120,&quot;user_email_id&quot;:&quot;vijimol8p1n143je@gmail.com&quot;,&quot;creation_time&quot;:&quot;2024-10-12T19:58:19.753+00:00&quot;,&quot;last_mod_time&quot;:&quot;2024-10-12T19:58:19.753+00:00&quot;},{&quot;userAddress&quot;:{&quot;addressId&quot;:8431,&quot;plotNumber&quot;:&quot;P1-10&quot;,&quot;street&quot;:&quot;Sylvia Brook&quot;,&quot;state&quot;:&quot;TX&quot;,&quot;country&quot;:&quot;USA&quot;,&quot;zipCode&quot;:12356},&quot;user_id&quot;:8463,&quot;user_first_name&quot;:&quot;Alexandrine&quot;,&quot;user_last_name&quot;:&quot;Satterfield&quot;,&quot;user_contact_number&quot;:3607896121,&quot;user_email_id&quot;:&quot;Myrna_Carroll@yahoo.com&quot;,&quot;creation_time&quot;:&quot;2024-10-13T04:49:41.808+00:00&quot;,&quot;last_mod_time&quot;:&quot;2024-10-13T04:49:41.808+00:00&quot;},{&quot;userAddress&quot;:{&quot;addressId&quot;:8556,&quot;plotNumber&quot;:&quot;P1-10&quot;,&quot;street&quot;:&quot;Isabell Springs&quot;,&quot;state&quot;:&quot;TX&quot;,&quot;country&quot;:&quot;USA&quot;,&quot;zipCode&quot;:12356},&quot;user_id&quot;:8588,&quot;user_first_name&quot;:&quot;Carolyn&quot;,&quot;user_last_name&quot;:&quot;Johnston&quot;,&quot;user_contact_number&quot;:3607896168,&quot;user_email_id&quot;:&quot;Shaniya.Koepp31@hotmail.com&quot;,&quot;creation_time&quot;:&quot;2024-10-13T05:28:48.379+00:00&quot;,&quot;last_mod_time&quot;:&quot;2024-10-13T05:28:48.379+00:00&quot;},{&quot;userAddress&quot;:{&quot;addressId&quot;:8437,&quot;plotNumber&quot;:&quot;P1-10&quot;,&quot;street&quot;:&quot;Casey Lodge&quot;,&quot;state&quot;:&quot;TX&quot;,&quot;country&quot;:&quot;USA&quot;,&quot;zipCode&quot;:12356},&quot;user_id&quot;:8469,&quot;user_first_name&quot;:&quot;Cornell&quot;,&quot;user_last_name&quot;:&quot;Collins&quot;,&quot;user_contact_number&quot;:3607896107,&quot;user_email_id&quot;:&quot;Marley_Bashirian35@gmail.com&quot;,&quot;creation_time&quot;:&quot;2024-10-13T04:50:02.687+00:00&quot;,&quot;last_mod_time&quot;:&quot;2024-10-13T04:50:02.687+00:00&quot;},{&quot;userAddress&quot;:{&quot;addressId&quot;:8783,&quot;plotNumber&quot;:&quot;Pl-11&quot;,&quot;street&quot;:&quot;UpdateSt&quot;,&quot;state&quot;:&quot;OHIO&quot;,&quot;country&quot;:&quot;India&quot;,&quot;zipCode&quot;:88888},&quot;user_id&quot;:8815,&quot;user_first_name&quot;:&quot;Wendy&quot;,&quot;user_last_name&quot;:&quot;Kirlin&quot;,&quot;user_contact_number&quot;:9282824711,&quot;user_email_id&quot;:&quot;Florian10@yahoo.com&quot;,&quot;creation_time&quot;:&quot;2024-10-13T16:58:12.344+00:00&quot;,&quot;last_mod_time&quot;:&quot;2024-10-13T17:19:01.482+00:00&quot;},{&quot;userAddress&quot;:{&quot;addressId&quot;:8804,&quot;plotNumber&quot;:&quot;Bt-11&quot;,&quot;street&quot;:&quot;First St&quot;,&quot;state&quot;:&quot;Texas&quot;,&quot;country&quot;:&quot;USA&quot;,&quot;zipCode&quot;:54877},&quot;user_id&quot;:8836,&quot;user_first_name&quot;:&quot;Teamthree&quot;,&quot;user_last_name&quot;:&quot;lastName&quot;,&quot;user_contact_number&quot;:2664846352,&quot;user_email_id&quot;:&quot;Team35lded28pe69b@gmail.com&quot;,&quot;creation_time&quot;:&quot;2024-10-13T17:44:31.565+00:00&quot;,&quot;last_mod_time&quot;:&quot;2024-10-13T17:44:31.565+00:00&quot;},{&quot;userAddress&quot;:{&quot;addressId&quot;:8439,&quot;plotNumber&quot;:&quot;P1-10&quot;,&quot;street&quot;:&quot;Gislason Ford&quot;,&quot;state&quot;:&quot;TX&quot;,&quot;country&quot;:&quot;USA&quot;,&quot;zipCode&quot;:12356},&quot;user_id&quot;:8471,&quot;user_first_name&quot;:&quot;Emily&quot;,&quot;user_last_name&quot;:&quot;Predovic&quot;,&quot;user_contact_number&quot;:3607896153,&quot;user_email_id&quot;:&quot;Maegan4@hotmail.com&quot;,&quot;creation_time&quot;:&quot;2024-10-13T04:50:04.767+00:00&quot;,&quot;last_mod_time&quot;:&quot;2024-10-13T04:50:04.767+00:00&quot;},{&quot;userAddress&quot;:{&quot;addressId&quot;:9785,&quot;plotNumber&quot;:&quot;ab-12&quot;,&quot;street&quot;:&quot;caminito&quot;,&quot;state&quot;:&quot;california&quot;,&quot;country&quot;:&quot;US&quot;,&quot;zipCode&quot;:null},&quot;user_id&quot;:9817,&quot;user_first_name&quot;:&quot;Anamika&quot;,&quot;user_last_name&quot;:&quot;Jain&quot;,&quot;user_contact_number&quot;:8888811888,&quot;user_email_id&quot;:&quot;Team03Anamika6@gmail.com&quot;,&quot;creation_time&quot;:&quot;2024-10-14T16:55:36.958+00:00&quot;,&quot;last_mod_time&quot;:&quot;2024-10-14T16:55:36.958+00:00&quot;},{&quot;userAddress&quot;:{&quot;addressId&quot;:8560,&quot;plotNumber&quot;:&quot;P1-10&quot;,&quot;street&quot;:&quot;Golda Locks&quot;,&quot;state&quot;:&quot;TX&quot;,&quot;country&quot;:&quot;USA&quot;,&quot;zipCode&quot;:12356},&quot;user_id&quot;:8592,&quot;user_first_name&quot;:&quot;Sister&quot;,&quot;user_last_name&quot;:&quot;Block&quot;,&quot;user_contact_number&quot;:3607896148,&quot;user_email_id&quot;:&quot;Jerrod.Gerhold@hotmail.com&quot;,&quot;creation_time&quot;:&quot;2024-10-13T05:34:39.488+00:00&quot;,&quot;last_mod_time&quot;:&quot;2024-10-13T05:34:39.488+00:00&quot;},{&quot;userAddress&quot;:{&quot;addressId&quot;:8441,&quot;plotNumber&quot;:&quot;P1-10&quot;,&quot;street&quot;:&quot;Savanah Walk&quot;,&quot;state&quot;:&quot;TX&quot;,&quot;country&quot;:&quot;USA&quot;,&quot;zipCode&quot;:12356},&quot;user_id&quot;:8473,&quot;user_first_name&quot;:&quot;Roberto&quot;,&quot;user_last_name&quot;:&quot;Morissette&quot;,&quot;user_contact_number&quot;:3607896183,&quot;user_email_id&quot;:&quot;Vinnie.Hyatt@hotmail.com&quot;,&quot;creation_time&quot;:&quot;2024-10-13T04:50:06.634+00:00&quot;,&quot;last_mod_time&quot;:&quot;2024-10-13T04:50:06.634+00:00&quot;},{&quot;userAddress&quot;:{&quot;addressId&quot;:8561,&quot;plotNumber&quot;:&quot;P1-10&quot;,&quot;street&quot;:&quot;VonRueden Drive&quot;,&quot;state&quot;:&quot;TX&quot;,&quot;country&quot;:&quot;USA&quot;,&quot;zipCode&quot;:12356},&quot;user_id&quot;:8593,&quot;user_first_name&quot;:&quot;Shanel&quot;,&quot;user_last_name&quot;:&quot;Hansen&quot;,&quot;user_contact_number&quot;:3607896197,&quot;user_email_id&quot;:&quot;Isaac_Kunze@hotmail.com&quot;,&quot;creation_time&quot;:&quot;2024-10-13T05:35:49.793+00:00&quot;,&quot;last_mod_time&quot;:&quot;2024-10-13T05:35:49.793+00:00&quot;},{&quot;userAddress&quot;:{&quot;addressId&quot;:8562,&quot;plotNumber&quot;:&quot;P1-10&quot;,&quot;street&quot;:&quot;Jevon Drive&quot;,&quot;state&quot;:&quot;TX&quot;,&quot;country&quot;:&quot;USA&quot;,&quot;zipCode&quot;:12356},&quot;user_id&quot;:8594,&quot;user_first_name&quot;:&quot;Gonzalo&quot;,&quot;user_last_name&quot;:&quot;Littel&quot;,&quot;user_contact_number&quot;:3607896162,&quot;user_email_id&quot;:&quot;Lonnie.Thompson@hotmail.com&quot;,&quot;creation_time&quot;:&quot;2024-10-13T05:38:30.321+00:00&quot;,&quot;last_mod_time&quot;:&quot;2024-10-13T05:38:30.321+00:00&quot;},{&quot;userAddress&quot;:{&quot;addressId&quot;:8443,&quot;plotNumber&quot;:&quot;P1-10&quot;,&quot;street&quot;:&quot;Humberto Street&quot;,&quot;state&quot;:&quot;TX&quot;,&quot;country&quot;:&quot;USA&quot;,&quot;zipCode&quot;:12356},&quot;user_id&quot;:8475,&quot;user_first_name&quot;:&quot;Brad&quot;,&quot;user_last_name&quot;:&quot;Harvey&quot;,&quot;user_contact_number&quot;:3607896193,&quot;user_email_id&quot;:&quot;Will_Fadel@yahoo.com&quot;,&quot;creation_time&quot;:&quot;2024-10-13T04:50:08.283+00:00&quot;,&quot;last_mod_time&quot;:&quot;2024-10-13T04:50:08.283+00:00&quot;},{&quot;userAddress&quot;:{&quot;addressId&quot;:8806,&quot;plotNumber&quot;:&quot;Bt-11&quot;,&quot;street&quot;:&quot;First St&quot;,&quot;state&quot;:&quot;Texas&quot;,&quot;country&quot;:&quot;USA&quot;,&quot;zipCode&quot;:54877},&quot;user_id&quot;:8838,&quot;user_first_name&quot;:&quot;Teamthree&quot;,&quot;user_last_name&quot;:&quot;lastName&quot;,&quot;user_contact_number&quot;:7184046524,&quot;user_email_id&quot;:&quot;Team3mbgb665imo3@gmail.com&quot;,&quot;creation_time&quot;:&quot;2024-10-13T17:45:32.422+00:00&quot;,&quot;last_mod_time&quot;:&quot;2024-10-13T17:45:32.422+00:00&quot;},{&quot;userAddress&quot;:{&quot;addressId&quot;:8563,&quot;plotNumber&quot;:&quot;P1-10&quot;,&quot;street&quot;:&quot;Turcotte Green&quot;,&quot;state&quot;:&quot;NY&quot;,&quot;country&quot;:&quot;USA&quot;,&quot;zipCode&quot;:10081},&quot;user_id&quot;:8595,&quot;user_first_name&quot;:&quot;Aliza&quot;,&quot;user_last_name&quot;:&quot;Swift&quot;,&quot;user_contact_number&quot;:3607896157,&quot;user_email_id&quot;:&quot;Oswald_Feest70@gmail.com&quot;,&quot;creation_time&quot;:&quot;2024-10-13T05:38:56.950+00:00&quot;,&quot;last_mod_time&quot;:&quot;2024-10-13T05:39:53.509+00:00&quot;},{&quot;userAddress&quot;:{&quot;addressId&quot;:8564,&quot;plotNumber&quot;:&quot;P1-10&quot;,&quot;street&quot;:&quot;Johnson Burgs&quot;,&quot;state&quot;:&quot;TX&quot;,&quot;country&quot;:&quot;USA&quot;,&quot;zipCode&quot;:12356},&quot;user_id&quot;:8596,&quot;user_first_name&quot;:&quot;Sandra&quot;,&quot;user_last_name&quot;:&quot;Marvin&quot;,&quot;user_contact_number&quot;:3607896171,&quot;user_email_id&quot;:&quot;Connor_Emard@hotmail.com&quot;,&quot;creation_time&quot;:&quot;2024-10-13T05:40:30.502+00:00&quot;,&quot;last_mod_time&quot;:&quot;2024-10-13T05:40:30.502+00:00&quot;},{&quot;userAddress&quot;:{&quot;addressId&quot;:8565,&quot;plotNumber&quot;:&quot;P1-10&quot;,&quot;street&quot;:&quot;Maximilian Pass&quot;,&quot;state&quot;:&quot;TX&quot;,&quot;country&quot;:&quot;USA&quot;,&quot;zipCode&quot;:12356},&quot;user_id&quot;:8597,&quot;user_first_name&quot;:&quot;Bill&quot;,&quot;user_last_name&quot;:&quot;Crona&quot;,&quot;user_contact_number&quot;:3607896195,&quot;user_email_id&quot;:&quot;Emmanuel55@yahoo.com&quot;,&quot;creation_time&quot;:&quot;2024-10-13T05:40:31.466+00:00&quot;,&quot;last_mod_time&quot;:&quot;2024-10-13T05:40:31.466+00:00&quot;},{&quot;userAddress&quot;:{&quot;addressId&quot;:8566,&quot;plotNumber&quot;:&quot;P1-10&quot;,&quot;street&quot;:&quot;Kreiger Greens&quot;,&quot;state&quot;:&quot;TX&quot;,&quot;country&quot;:&quot;USA&quot;,&quot;zipCode&quot;:12356},&quot;user_id&quot;:8598,&quot;user_first_name&quot;:&quot;Dewayne&quot;,&quot;user_last_name&quot;:&quot;Osinski&quot;,&quot;user_contact_number&quot;:3607896173,&quot;user_email_id&quot;:&quot;Gilberto8@gmail.com&quot;,&quot;creation_time&quot;:&quot;2024-10-13T05:40:35.250+00:00&quot;,&quot;last_mod_time&quot;:&quot;2024-10-13T05:40:35.250+00:00&quot;},{&quot;userAddress&quot;:{&quot;addressId&quot;:8988,&quot;plotNumber&quot;:&quot;Bt-11&quot;,&quot;street&quot;:&quot;First St&quot;,&quot;state&quot;:&quot;Texas&quot;,&quot;country&quot;:&quot;USA&quot;,&quot;zipCode&quot;:54877},&quot;user_id&quot;:9020,&quot;user_first_name&quot;:&quot;Teamthree&quot;,&quot;user_last_name&quot;:&quot;lastName&quot;,&quot;user_contact_number&quot;:9132099810,&quot;user_email_id&quot;:&quot;Team3kaomkip9e7g@gmail.com&quot;,&quot;creation_time&quot;:&quot;2024-10-13T23:16:31.493+00:00&quot;,&quot;last_mod_time&quot;:&quot;2024-10-13T23:16:31.493+00:00&quot;},{&quot;userAddress&quot;:{&quot;addressId&quot;:8568,&quot;plotNumber&quot;:&quot;P1-10&quot;,&quot;street&quot;:&quot;Darren Ports&quot;,&quot;state&quot;:&quot;TX&quot;,&quot;country&quot;:&quot;USA&quot;,&quot;zipCode&quot;:12356},&quot;user_id&quot;:8600,&quot;user_first_name&quot;:&quot;Vincenzo&quot;,&quot;user_last_name&quot;:&quot;McDermott&quot;,&quot;user_contact_number&quot;:3607896169,&quot;user_email_id&quot;:&quot;Marshall99@hotmail.com&quot;,&quot;creation_time&quot;:&quot;2024-10-13T05:42:04.759+00:00&quot;,&quot;last_mod_time&quot;:&quot;2024-10-13T05:42:04.759+00:00&quot;},{&quot;userAddress&quot;:{&quot;addressId&quot;:8569,&quot;plotNumber&quot;:&quot;P1-10&quot;,&quot;street&quot;:&quot;Terence Route&quot;,&quot;state&quot;:&quot;TX&quot;,&quot;country&quot;:&quot;USA&quot;,&quot;zipCode&quot;:12356},&quot;user_id&quot;:8601,&quot;user_first_name&quot;:&quot;Stewart&quot;,&quot;user_last_name&quot;:&quot;Schoen&quot;,&quot;user_contact_number&quot;:3607896322,&quot;user_email_id&quot;:&quot;Joanie.Turcotte@gmail.com&quot;,&quot;creation_time&quot;:&quot;2024-10-13T05:43:25.400+00:00&quot;,&quot;last_mod_time&quot;:&quot;2024-10-13T05:43:25.400+00:00&quot;},{&quot;userAddress&quot;:{&quot;addressId&quot;:8570,&quot;plotNumber&quot;:&quot;P1-10&quot;,&quot;street&quot;:&quot;Walker Spring&quot;,&quot;state&quot;:&quot;TX&quot;,&quot;country&quot;:&quot;USA&quot;,&quot;zipCode&quot;:12356},&quot;user_id&quot;:8602,&quot;user_first_name&quot;:&quot;Gussie&quot;,&quot;user_last_name&quot;:&quot;Satterfield&quot;,&quot;user_contact_number&quot;:3607896395,&quot;user_email_id&quot;:&quot;Yesenia4@hotmail.com&quot;,&quot;creation_time&quot;:&quot;2024-10-13T05:43:27.214+00:00&quot;,&quot;last_mod_time&quot;:&quot;2024-10-13T05:43:27.214+00:00&quot;},{&quot;userAddress&quot;:{&quot;addressId&quot;:8571,&quot;plotNumber&quot;:&quot;P1-10&quot;,&quot;street&quot;:&quot;Willms Courts&quot;,&quot;state&quot;:&quot;TX&quot;,&quot;country&quot;:&quot;USA&quot;,&quot;zipCode&quot;:12356},&quot;user_id&quot;:8603,&quot;user_first_name&quot;:&quot;Antonette&quot;,&quot;user_last_name&quot;:&quot;Gottlieb&quot;,&quot;user_contact_number&quot;:3607896259,&quot;user_email_id&quot;:&quot;Briana_Wisoky23@yahoo.com&quot;,&quot;creation_time&quot;:&quot;2024-10-13T05:43:28.380+00:00&quot;,&quot;last_mod_time&quot;:&quot;2024-10-13T05:43:28.380+00:00&quot;},{&quot;userAddress&quot;:{&quot;addressId&quot;:8572,&quot;plotNumber&quot;:&quot;P1-10&quot;,&quot;street&quot;:&quot;Imani Harbors&quot;,&quot;state&quot;:&quot;TX&quot;,&quot;country&quot;:&quot;USA&quot;,&quot;zipCode&quot;:12356},&quot;user_id&quot;:8604,&quot;user_first_name&quot;:&quot;Alva&quot;,&quot;user_last_name&quot;:&quot;Stiedemann&quot;,&quot;user_contact_number&quot;:3607896365,&quot;user_email_id&quot;:&quot;Katlyn40@gmail.com&quot;,&quot;creation_time&quot;:&quot;2024-10-13T05:43:29.421+00:00&quot;,&quot;last_mod_time&quot;:&quot;2024-10-13T05:43:29.421+00:00&quot;},{&quot;userAddress&quot;:{&quot;addressId&quot;:8573,&quot;plotNumber&quot;:&quot;P1-10&quot;,&quot;street&quot;:&quot;Darrick Loop&quot;,&quot;state&quot;:&quot;TX&quot;,&quot;country&quot;:&quot;USA&quot;,&quot;zipCode&quot;:12356},&quot;user_id&quot;:8605,&quot;user_first_name&quot;:&quot;Wyatt&quot;,&quot;user_last_name&quot;:&quot;Larson&quot;,&quot;user_contact_number&quot;:3607896202,&quot;user_email_id&quot;:&quot;Dallin74@hotmail.com&quot;,&quot;creation_time&quot;:&quot;2024-10-13T05:43:30.411+00:00&quot;,&quot;last_mod_time&quot;:&quot;2024-10-13T05:43:30.411+00:00&quot;},{&quot;userAddress&quot;:{&quot;addressId&quot;:8994,&quot;plotNumber&quot;:&quot;P1-10&quot;,&quot;street&quot;:&quot;Jast Stravenue&quot;,&quot;state&quot;:&quot;TX&quot;,&quot;country&quot;:&quot;USA&quot;,&quot;zipCode&quot;:12356},&quot;user_id&quot;:9026,&quot;user_first_name&quot;:&quot;Elenora&quot;,&quot;user_last_name&quot;:&quot;Ebert&quot;,&quot;user_contact_number&quot;:3607896274,&quot;user_email_id&quot;:&quot;Jaida40@hotmail.com&quot;,&quot;creation_time&quot;:&quot;2024-10-13T23:24:36.891+00:00&quot;,&quot;last_mod_time&quot;:&quot;2024-10-13T23:24:36.891+00:00&quot;},{&quot;userAddress&quot;:{&quot;addressId&quot;:8995,&quot;plotNumber&quot;:&quot;P1-10&quot;,&quot;street&quot;:&quot;Ena River&quot;,&quot;state&quot;:&quot;TX&quot;,&quot;country&quot;:&quot;USA&quot;,&quot;zipCode&quot;:12356},&quot;user_id&quot;:9027,&quot;user_first_name&quot;:&quot;Raheem&quot;,&quot;user_last_name&quot;:&quot;Prosacco&quot;,&quot;user_contact_number&quot;:3607896218,&quot;user_email_id&quot;:&quot;Noelia18@gmail.com&quot;,&quot;creation_time&quot;:&quot;2024-10-13T23:25:08.185+00:00&quot;,&quot;last_mod_time&quot;:&quot;2024-10-13T23:25:08.185+00:00&quot;},{&quot;userAddress&quot;:{&quot;addressId&quot;:8996,&quot;plotNumber&quot;:&quot;P1-10&quot;,&quot;street&quot;:&quot;Barrows Run&quot;,&quot;state&quot;:&quot;TX&quot;,&quot;country&quot;:&quot;USA&quot;,&quot;zipCode&quot;:12356},&quot;user_id&quot;:9028,&quot;user_first_name&quot;:&quot;Velva&quot;,&quot;user_last_name&quot;:&quot;Labadie&quot;,&quot;user_contact_number&quot;:3607896209,&quot;user_email_id&quot;:&quot;Terrence.Cronin@yahoo.com&quot;,&quot;creation_time&quot;:&quot;2024-10-13T23:25:42.069+00:00&quot;,&quot;last_mod_time&quot;:&quot;2024-10-13T23:25:42.069+00:00&quot;},{&quot;userAddress&quot;:{&quot;addressId&quot;:8912,&quot;plotNumber&quot;:&quot;999-K&quot;,&quot;street&quot;:&quot;Aldeburgh&quot;,&quot;state&quot;:&quot;Texas&quot;,&quot;country&quot;:&quot;US&quot;,&quot;zipCode&quot;:23294},&quot;user_id&quot;:8944,&quot;user_first_name&quot;:&quot;Varalaxmi&quot;,&quot;user_last_name&quot;:&quot;reddy&quot;,&quot;user_contact_number&quot;:8995119971,&quot;user_email_id&quot;:&quot;Team05Vara13@gmail.com&quot;,&quot;creation_time&quot;:&quot;2024-10-13T21:26:36.044+00:00&quot;,&quot;last_mod_time&quot;:&quot;2024-10-14T20:32:25.193+00:00&quot;},{&quot;userAddress&quot;:{&quot;addressId&quot;:8998,&quot;plotNumber&quot;:&quot;P1-10&quot;,&quot;street&quot;:&quot;Collier Road&quot;,&quot;state&quot;:&quot;TX&quot;,&quot;country&quot;:&quot;USA&quot;,&quot;zipCode&quot;:12356},&quot;user_id&quot;:9030,&quot;user_first_name&quot;:&quot;Glennie&quot;,&quot;user_last_name&quot;:&quot;Dooley&quot;,&quot;user_contact_number&quot;:3607896282,&quot;user_email_id&quot;:&quot;Earlene_Mohr46@gmail.com&quot;,&quot;creation_time&quot;:&quot;2024-10-13T23:35:57.108+00:00&quot;,&quot;last_mod_time&quot;:&quot;2024-10-13T23:35:57.108+00:00&quot;},{&quot;userAddress&quot;:{&quot;addressId&quot;:8999,&quot;plotNumber&quot;:&quot;P1-10&quot;,&quot;street&quot;:&quot;Thompson Heights&quot;,&quot;state&quot;:&quot;TX&quot;,&quot;country&quot;:&quot;USA&quot;,&quot;zipCode&quot;:12356},&quot;user_id&quot;:9031,&quot;user_first_name&quot;:&quot;Amiya&quot;,&quot;user_last_name&quot;:&quot;Torp&quot;,&quot;user_contact_number&quot;:3607896331,&quot;user_email_id&quot;:&quot;Eusebio94@yahoo.com&quot;,&quot;creation_time&quot;:&quot;2024-10-13T23:36:01.048+00:00&quot;,&quot;last_mod_time&quot;:&quot;2024-10-13T23:36:01.048+00:00&quot;},{&quot;userAddress&quot;:{&quot;addressId&quot;:7335,&quot;plotNumber&quot;:&quot;A-12&quot;,&quot;street&quot;:&quot;street&quot;,&quot;state&quot;:&quot;Texas&quot;,&quot;country&quot;:&quot;re&quot;,&quot;zipCode&quot;:123},&quot;user_id&quot;:7368,&quot;user_first_name&quot;:&quot;Minni&quot;,&quot;user_last_name&quot;:&quot;Samsons&quot;,&quot;user_contact_number&quot;:1237694564,&quot;user_email_id&quot;:&quot;testerlearnyyer4@gmail.com&quot;,&quot;creation_time&quot;:&quot;2024-10-08T21:12:02.411+00:00&quot;,&quot;last_mod_time&quot;:&quot;2024-10-14T00:06:04.332+00:00&quot;},{&quot;userAddress&quot;:{&quot;addressId&quot;:9000,&quot;plotNumber&quot;:&quot;P1-10&quot;,&quot;street&quot;:&quot;Maximus Plains&quot;,&quot;state&quot;:&quot;TX&quot;,&quot;country&quot;:&quot;USA&quot;,&quot;zipCode&quot;:12356},&quot;user_id&quot;:9032,&quot;user_first_name&quot;:&quot;Raquel&quot;,&quot;user_last_name&quot;:&quot;Osinski&quot;,&quot;user_contact_number&quot;:3607896343,&quot;user_email_id&quot;:&quot;Tomasa.Towne@hotmail.com&quot;,&quot;creation_time&quot;:&quot;2024-10-13T23:36:05.114+00:00&quot;,&quot;last_mod_time&quot;:&quot;2024-10-13T23:36:05.114+00:00&quot;},{&quot;userAddress&quot;:{&quot;addressId&quot;:8840,&quot;plotNumber&quot;:&quot;ABC-5&quot;,&quot;street&quot;:&quot;K Avenue&quot;,&quot;state&quot;:&quot;TX&quot;,&quot;country&quot;:&quot;USA&quot;,&quot;zipCode&quot;:75986},&quot;user_id&quot;:8872,&quot;user_first_name&quot;:&quot;sukram&quot;,&quot;user_last_name&quot;:&quot;Nilam&quot;,&quot;user_contact_number&quot;:2356235621,&quot;user_email_id&quot;:&quot;suk.nil@gmail.com&quot;,&quot;creation_time&quot;:&quot;2024-10-13T18:55:05.974+00:00&quot;,&quot;last_mod_time&quot;:&quot;2024-10-13T18:55:05.974+00:00&quot;},{&quot;userAddress&quot;:{&quot;addressId&quot;:8841,&quot;plotNumber&quot;:&quot;S-5&quot;,&quot;street&quot;:&quot;Haidi&quot;,&quot;state&quot;:&quot;CT&quot;,&quot;country&quot;:&quot;USA&quot;,&quot;zipCode&quot;:600000009},&quot;user_id&quot;:8873,&quot;user_first_name&quot;:&quot;James&quot;,&quot;user_last_name&quot;:&quot;Williams&quot;,&quot;user_contact_number&quot;:4563456321,&quot;user_email_id&quot;:&quot;team05jameswilliams@gmail.com&quot;,&quot;creation_time&quot;:&quot;2024-10-13T18:55:26.289+00:00&quot;,&quot;last_mod_time&quot;:&quot;2024-10-13T18:55:26.289+00:00&quot;},{&quot;userAddress&quot;:{&quot;addressId&quot;:9002,&quot;plotNumber&quot;:&quot;P1-10&quot;,&quot;street&quot;:&quot;Cole Shores&quot;,&quot;state&quot;:&quot;TX&quot;,&quot;country&quot;:&quot;USA&quot;,&quot;zipCode&quot;:12356},&quot;user_id&quot;:9034,&quot;user_first_name&quot;:&quot;Joseph&quot;,&quot;user_last_name&quot;:&quot;Schowalter&quot;,&quot;user_contact_number&quot;:3607896444,&quot;user_email_id&quot;:&quot;Arnoldo3@gmail.com&quot;,&quot;creation_time&quot;:&quot;2024-10-13T23:38:59.141+00:00&quot;,&quot;last_mod_time&quot;:&quot;2024-10-13T23:38:59.141+00:00&quot;},{&quot;userAddress&quot;:{&quot;addressId&quot;:10353,&quot;plotNumber&quot;:&quot;pl-35&quot;,&quot;street&quot;:&quot;Cypress Dr&quot;,&quot;state&quot;:&quot;Texas&quot;,&quot;country&quot;:&quot;USA&quot;,&quot;zipCode&quot;:75688},&quot;user_id&quot;:10385,&quot;user_first_name&quot;:&quot;vijayashree&quot;,&quot;user_last_name&quot;:&quot;Jayakumar&quot;,&quot;user_contact_number&quot;:6576755899,&quot;user_email_id&quot;:&quot;vijemail123@gmail.com&quot;,&quot;creation_time&quot;:&quot;2024-10-16T17:41:44.187+00:00&quot;,&quot;last_mod_time&quot;:&quot;2024-10-16T17:41:44.187+00:00&quot;},{&quot;userAddress&quot;:{&quot;addressId&quot;:10791,&quot;plotNumber&quot;:&quot;ab-12&quot;,&quot;street&quot;:&quot;John&quot;,&quot;state&quot;:&quot;Texas&quot;,&quot;country&quot;:&quot;USA&quot;,&quot;zipCode&quot;:60091},&quot;user_id&quot;:10823,&quot;user_first_name&quot;:&quot;Jill&quot;,&quot;user_last_name&quot;:&quot;QA&quot;,&quot;user_contact_number&quot;:2257784560,&quot;user_email_id&quot;:&quot;team5jill@qa.com&quot;,&quot;creation_time&quot;:&quot;2024-10-17T21:59:30.490+00:00&quot;,&quot;last_mod_time&quot;:&quot;2024-10-17T21:59:30.490+00:00&quot;},{&quot;userAddress&quot;:{&quot;addressId&quot;:10822,&quot;plotNumber&quot;:&quot;102-AB&quot;,&quot;street&quot;:&quot;village&quot;,&quot;state&quot;:&quot;CA&quot;,&quot;country&quot;:&quot;USA&quot;,&quot;zipCode&quot;:95671},&quot;user_id&quot;:10854,&quot;user_first_name&quot;:&quot;veenavv&quot;,&quot;user_last_name&quot;:&quot;papavv&quot;,&quot;user_contact_number&quot;:2200051229,&quot;user_email_id&quot;:&quot;veenapapavv@gmail.com&quot;,&quot;creation_time&quot;:&quot;2024-10-17T23:40:58.233+00:00&quot;,&quot;last_mod_time&quot;:&quot;2024-10-17T23:40:58.233+00:00&quot;},{&quot;userAddress&quot;:{&quot;addressId&quot;:10843,&quot;plotNumber&quot;:&quot;Plot-1234&quot;,&quot;street&quot;:&quot;TP Road&quot;,&quot;state&quot;:&quot;IL&quot;,&quot;country&quot;:&quot;USA&quot;,&quot;zipCode&quot;:60004},&quot;user_id&quot;:10875,&quot;user_first_name&quot;:&quot;TestUserA&quot;,&quot;user_last_name&quot;:&quot;TestData&quot;,&quot;user_contact_number&quot;:2242244001,&quot;user_email_id&quot;:&quot;TestUserA.TestData@gmail.com&quot;,&quot;creation_time&quot;:&quot;2024-10-18T00:39:03.786+00:00&quot;,&quot;last_mod_time&quot;:&quot;2024-10-18T00:39:03.786+00:00&quot;},{&quot;userAddress&quot;:{&quot;addressId&quot;:10844,&quot;plotNumber&quot;:&quot;Plot-1234&quot;,&quot;street&quot;:&quot;TP Road&quot;,&quot;state&quot;:&quot;IL&quot;,&quot;country&quot;:&quot;USA&quot;,&quot;zipCode&quot;:60004},&quot;user_id&quot;:10876,&quot;user_first_name&quot;:&quot;TestUserC&quot;,&quot;user_last_name&quot;:&quot;TestData&quot;,&quot;user_contact_number&quot;:2242244003,&quot;user_email_id&quot;:&quot;TestUserC.TestData@gmail.com&quot;,&quot;creation_time&quot;:&quot;2024-10-18T00:39:04.041+00:00&quot;,&quot;last_mod_time&quot;:&quot;2024-10-18T00:39:04.041+00:00&quot;},{&quot;userAddress&quot;:{&quot;addressId&quot;:9362,&quot;plotNumber&quot;:&quot;345-p&quot;,&quot;street&quot;:&quot;sterling&quot;,&quot;state&quot;:&quot;Minnesota&quot;,&quot;country&quot;:null,&quot;zipCode&quot;:55032},&quot;user_id&quot;:9394,&quot;user_first_name&quot;:&quot;ssallsheena&quot;,&quot;user_last_name&quot;:&quot;Hhanena&quot;,&quot;user_contact_number&quot;:6985644871,&quot;user_email_id&quot;:&quot;hr3@yahoo.com&quot;,&quot;creation_time&quot;:&quot;2024-10-14T07:30:51.056+00:00&quot;,&quot;last_mod_time&quot;:&quot;2024-10-14T07:30:51.056+00:00&quot;},{&quot;userAddress&quot;:{&quot;addressId&quot;:9371,&quot;plotNumber&quot;:&quot;345-p&quot;,&quot;street&quot;:&quot;sterling&quot;,&quot;state&quot;:&quot;Minnesota&quot;,&quot;country&quot;:&quot;USA&quot;,&quot;zipCode&quot;:null},&quot;user_id&quot;:9403,&quot;user_first_name&quot;:&quot;ssallsheena&quot;,&quot;user_last_name&quot;:&quot;Hhanena&quot;,&quot;user_contact_number&quot;:6955123571,&quot;user_email_id&quot;:&quot;hr13@yahoo.com&quot;,&quot;creation_time&quot;:&quot;2024-10-14T07:49:38.350+00:00&quot;,&quot;last_mod_time&quot;:&quot;2024-10-14T07:49:38.350+00:00&quot;},{&quot;userAddress&quot;:{&quot;addressId&quot;:9372,&quot;plotNumber&quot;:&quot;ab-12&quot;,&quot;street&quot;:&quot;caminito&quot;,&quot;state&quot;:&quot;california&quot;,&quot;country&quot;:&quot;US&quot;,&quot;zipCode&quot;:92128},&quot;user_id&quot;:9404,&quot;user_first_name&quot;:&quot;Anamika&quot;,&quot;user_last_name&quot;:&quot;Jain&quot;,&quot;user_contact_number&quot;:8888888888,&quot;user_email_id&quot;:&quot;Team03Anamika@gmail.com&quot;,&quot;creation_time&quot;:&quot;2024-10-14T07:50:55.585+00:00&quot;,&quot;last_mod_time&quot;:&quot;2024-10-14T07:50:55.585+00:00&quot;},{&quot;userAddress&quot;:{&quot;addressId&quot;:8780,&quot;plotNumber&quot;:&quot;P1-10&quot;,&quot;street&quot;:&quot;Martin Bypass&quot;,&quot;state&quot;:&quot;TX&quot;,&quot;country&quot;:&quot;USA&quot;,&quot;zipCode&quot;:12356},&quot;user_id&quot;:8812,&quot;user_first_name&quot;:&quot;rajini&quot;,&quot;user_last_name&quot;:&quot;kanth&quot;,&quot;user_contact_number&quot;:3607896455,&quot;user_email_id&quot;:&quot;Halle71@yahoo.com&quot;,&quot;creation_time&quot;:&quot;2024-10-13T16:55:23.373+00:00&quot;,&quot;last_mod_time&quot;:&quot;2024-10-13T16:55:23.373+00:00&quot;},{&quot;userAddress&quot;:{&quot;addressId&quot;:8781,&quot;plotNumber&quot;:&quot;Bt-11&quot;,&quot;street&quot;:&quot;First St&quot;,&quot;state&quot;:&quot;Texas&quot;,&quot;country&quot;:&quot;USA&quot;,&quot;zipCode&quot;:54877},&quot;user_id&quot;:8813,&quot;user_first_name&quot;:&quot;myfirstname&quot;,&quot;user_last_name&quot;:&quot;teamthree&quot;,&quot;user_contact_number&quot;:2469587658,&quot;user_email_id&quot;:&quot;Team36apal0ahe23l@gmail.com&quot;,&quot;creation_time&quot;:&quot;2024-10-13T16:56:39.497+00:00&quot;,&quot;last_mod_time&quot;:&quot;2024-10-13T16:56:39.497+00:00&quot;},{&quot;userAddress&quot;:{&quot;addressId&quot;:8782,&quot;plotNumber&quot;:&quot;P1-10&quot;,&quot;street&quot;:&quot;Simeon Cove&quot;,&quot;state&quot;:&quot;NY&quot;,&quot;country&quot;:&quot;USA&quot;,&quot;zipCode&quot;:10081},&quot;user_id&quot;:8814,&quot;user_first_name&quot;:&quot;Bert&quot;,&quot;user_last_name&quot;:&quot;Wisozk&quot;,&quot;user_contact_number&quot;:3607896315,&quot;user_email_id&quot;:&quot;Lenna.Ebert@yahoo.com&quot;,&quot;creation_time&quot;:&quot;2024-10-13T16:57:53.661+00:00&quot;,&quot;last_mod_time&quot;:&quot;2024-10-13T16:57:58.447+00:00&quot;},{&quot;userAddress&quot;:{&quot;addressId&quot;:8784,&quot;plotNumber&quot;:&quot;pl-3&quot;,&quot;street&quot;:&quot;shadow sR&quot;,&quot;state&quot;:&quot;GA&quot;,&quot;country&quot;:&quot;INDIA&quot;,&quot;zipCode&quot;:66466},&quot;user_id&quot;:8816,&quot;user_first_name&quot;:&quot;testuse&quot;,&quot;user_last_name&quot;:&quot;numpy&quot;,&quot;user_contact_number&quot;:5656565759,&quot;user_email_id&quot;:&quot;team5psm14@gmail.com&quot;,&quot;creation_time&quot;:&quot;2024-10-13T17:00:21.383+00:00&quot;,&quot;last_mod_time&quot;:&quot;2024-10-13T17:00:21.383+00:00&quot;},{&quot;userAddress&quot;:{&quot;addressId&quot;:8911,&quot;plotNumber&quot;:&quot;pl-03&quot;,&quot;street&quot;:&quot;Aldeburgh&quot;,&quot;state&quot;:&quot;Texas&quot;,&quot;country&quot;:&quot;US&quot;,&quot;zipCode&quot;:23294},&quot;user_id&quot;:8943,&quot;user_first_name&quot;:&quot;Varalax&quot;,&quot;user_last_name&quot;:&quot;Reddy&quot;,&quot;user_contact_number&quot;:8995115634,&quot;user_email_id&quot;:&quot;1234523@gmail.com&quot;,&quot;creation_time&quot;:&quot;2024-10-13T21:25:07.375+00:00&quot;,&quot;last_mod_time&quot;:&quot;2024-10-13T21:25:07.375+00:00&quot;},{&quot;userAddress&quot;:{&quot;addressId&quot;:8913,&quot;plotNumber&quot;:null,&quot;street&quot;:null,&quot;state&quot;:null,&quot;country&quot;:null,&quot;zipCode&quot;:null},&quot;user_id&quot;:8945,&quot;user_first_name&quot;:&quot;NewfirstName&quot;,&quot;user_last_name&quot;:&quot;lastTrial&quot;,&quot;user_contact_number&quot;:9772771845,&quot;user_email_id&quot;:&quot;tommymhn8eand5b3@gmail.com&quot;,&quot;creation_time&quot;:&quot;2024-10-13T21:30:04.222+00:00&quot;,&quot;last_mod_time&quot;:&quot;2024-10-13T21:30:04.222+00:00&quot;},{&quot;userAddress&quot;:{&quot;addressId&quot;:8918,&quot;plotNumber&quot;:&quot;345-p&quot;,&quot;street&quot;:&quot;sterling&quot;,&quot;state&quot;:&quot;Minnesota&quot;,&quot;country&quot;:&quot;Chase&quot;,&quot;zipCode&quot;:55032},&quot;user_id&quot;:8950,&quot;user_first_name&quot;:&quot;sally&quot;,&quot;user_last_name&quot;:&quot;sheen&quot;,&quot;user_contact_number&quot;:6783896758,&quot;user_email_id&quot;:&quot;sap@yahoo.com&quot;,&quot;creation_time&quot;:&quot;2024-10-13T22:05:49.186+00:00&quot;,&quot;last_mod_time&quot;:&quot;2024-10-13T22:05:49.186+00:00&quot;},{&quot;userAddress&quot;:{&quot;addressId&quot;:8677,&quot;plotNumber&quot;:&quot;A-1234&quot;,&quot;street&quot;:&quot;Main St&quot;,&quot;state&quot;:&quot;CA&quot;,&quot;country&quot;:&quot;USA&quot;,&quot;zipCode&quot;:90210},&quot;user_id&quot;:8709,&quot;user_first_name&quot;:&quot;rs&quot;,&quot;user_last_name&quot;:&quot;sis&quot;,&quot;user_contact_number&quot;:1112223335,&quot;user_email_id&quot;:&quot;team04rs@ymail.com&quot;,&quot;creation_time&quot;:&quot;2024-10-13T07:11:56.861+00:00&quot;,&quot;last_mod_time&quot;:&quot;2024-10-13T07:11:56.861+00:00&quot;},{&quot;userAddress&quot;:{&quot;addressId&quot;:9004,&quot;plotNumber&quot;:&quot;P1-10&quot;,&quot;street&quot;:&quot;Jordane Mountains&quot;,&quot;state&quot;:&quot;TX&quot;,&quot;country&quot;:&quot;USA&quot;,&quot;zipCode&quot;:12356},&quot;user_id&quot;:9036,&quot;user_first_name&quot;:&quot;Kamryn&quot;,&quot;user_last_name&quot;:&quot;Abbott&quot;,&quot;user_contact_number&quot;:1478503690,&quot;user_email_id&quot;:&quot;Rodrigo_Ritchie@gmail.com&quot;,&quot;creation_time&quot;:&quot;2024-10-13T23:42:02.290+00:00&quot;,&quot;last_mod_time&quot;:&quot;2024-10-13T23:42:02.290+00:00&quot;},{&quot;userAddress&quot;:{&quot;addressId&quot;:8789,&quot;plotNumber&quot;:&quot;ABC-1234&quot;,&quot;street&quot;:&quot;Main Street&quot;,&quot;state&quot;:&quot;CA&quot;,&quot;country&quot;:&quot;USA&quot;,&quot;zipCode&quot;:90210},&quot;user_id&quot;:8821,&quot;user_first_name&quot;:&quot;first name&quot;,&quot;user_last_name&quot;:&quot;last name&quot;,&quot;user_contact_number&quot;:1012233445,&quot;user_email_id&quot;:&quot;1234@ymail.com&quot;,&quot;creation_time&quot;:&quot;2024-10-13T17:08:19.866+00:00&quot;,&quot;last_mod_time&quot;:&quot;2024-10-13T17:14:42.405+00:00&quot;},{&quot;userAddress&quot;:{&quot;addressId&quot;:9997,&quot;plotNumber&quot;:&quot;p1-01&quot;,&quot;street&quot;:&quot;mainstreet&quot;,&quot;state&quot;:&quot;ny&quot;,&quot;country&quot;:&quot;usa&quot;,&quot;zipCode&quot;:12369},&quot;user_id&quot;:10029,&quot;user_first_name&quot;:&quot;Werner&quot;,&quot;user_last_name&quot;:&quot;VonRueden&quot;,&quot;user_contact_number&quot;:1114422333,&quot;user_email_id&quot;:&quot;Reed_Beer@yahoo.com&quot;,&quot;creation_time&quot;:&quot;2024-10-15T18:32:09.328+00:00&quot;,&quot;last_mod_time&quot;:&quot;2024-10-15T18:32:09.328+00:00&quot;},{&quot;userAddress&quot;:{&quot;addressId&quot;:8954,&quot;plotNumber&quot;:&quot;Y-9&quot;,&quot;street&quot;:&quot;Hawaii&quot;,&quot;state&quot;:&quot;FL&quot;,&quot;country&quot;:&quot;USA&quot;,&quot;zipCode&quot;:60070},&quot;user_id&quot;:8986,&quot;user_first_name&quot;:&quot;Aarav&quot;,&quot;user_last_name&quot;:&quot;Anand&quot;,&quot;user_contact_number&quot;:8856355389,&quot;user_email_id&quot;:&quot;team05ryan09@gmail.com&quot;,&quot;creation_time&quot;:&quot;2024-10-13T22:36:19.234+00:00&quot;,&quot;last_mod_time&quot;:&quot;2024-10-14T16:59:01.298+00:00&quot;},{&quot;userAddress&quot;:{&quot;addressId&quot;:8989,&quot;plotNumber&quot;:&quot;P1-10&quot;,&quot;street&quot;:&quot;Effertz Island&quot;,&quot;state&quot;:&quot;TX&quot;,&quot;country&quot;:&quot;USA&quot;,&quot;zipCode&quot;:12356},&quot;user_id&quot;:9021,&quot;user_first_name&quot;:&quot;Dino&quot;,&quot;user_last_name&quot;:&quot;Lubowitz&quot;,&quot;user_contact_number&quot;:3607896283,&quot;user_email_id&quot;:&quot;Kelli91@gmail.com&quot;,&quot;creation_time&quot;:&quot;2024-10-13T23:16:43.698+00:00&quot;,&quot;last_mod_time&quot;:&quot;2024-10-13T23:16:43.698+00:00&quot;},{&quot;userAddress&quot;:{&quot;addressId&quot;:8629,&quot;plotNumber&quot;:&quot;P1-10&quot;,&quot;street&quot;:&quot;Ratke Bypass&quot;,&quot;state&quot;:&quot;NY&quot;,&quot;country&quot;:&quot;USA&quot;,&quot;zipCode&quot;:10081},&quot;user_id&quot;:8661,&quot;user_first_name&quot;:&quot;Christiana&quot;,&quot;user_last_name&quot;:&quot;Aufderhar&quot;,&quot;user_contact_number&quot;:3607896897,&quot;user_email_id&quot;:&quot;Darrick16@yahoo.com&quot;,&quot;creation_time&quot;:&quot;2024-10-13T06:27:31.384+00:00&quot;,&quot;last_mod_time&quot;:&quot;2024-10-13T06:27:32.525+00:00&quot;},{&quot;userAddress&quot;:{&quot;addressId&quot;:9787,&quot;plotNumber&quot;:null,&quot;street&quot;:null,&quot;state&quot;:null,&quot;country&quot;:null,&quot;zipCode&quot;:null},&quot;user_id&quot;:9819,&quot;user_first_name&quot;:&quot;QnKHdNKfgS&quot;,&quot;user_last_name&quot;:&quot;LtHlfqevAe&quot;,&quot;user_contact_number&quot;:4901190398,&quot;user_email_id&quot;:&quot;team2ongn0aigb7il@gmail.com&quot;,&quot;creation_time&quot;:&quot;2024-10-14T17:07:39.146+00:00&quot;,&quot;last_mod_time&quot;:&quot;2024-10-14T17:07:39.146+00:00&quot;},{&quot;userAddress&quot;:{&quot;addressId&quot;:9788,&quot;plotNumber&quot;:null,&quot;street&quot;:null,&quot;state&quot;:null,&quot;country&quot;:null,&quot;zipCode&quot;:null},&quot;user_id&quot;:9820,&quot;user_first_name&quot;:&quot;RGDPHaYTQi&quot;,&quot;user_last_name&quot;:&quot;audQHykZGa&quot;,&quot;user_contact_number&quot;:9043653521,&quot;user_email_id&quot;:&quot;team22k04d09gnj0a@gmail.com&quot;,&quot;creation_time&quot;:&quot;2024-10-14T17:07:39.469+00:00&quot;,&quot;last_mod_time&quot;:&quot;2024-10-14T17:07:39.469+00:00&quot;},{&quot;userAddress&quot;:{&quot;addressId&quot;:9789,&quot;plotNumber&quot;:null,&quot;street&quot;:null,&quot;state&quot;:null,&quot;country&quot;:null,&quot;zipCode&quot;:null},&quot;user_id&quot;:9821,&quot;user_first_name&quot;:&quot;ujlEntcdOe&quot;,&quot;user_last_name&quot;:&quot;nYgiAwQYMx&quot;,&quot;user_contact_number&quot;:1735986212,&quot;user_email_id&quot;:&quot;team25c0gg5iib5ob@gmail.com&quot;,&quot;creation_time&quot;:&quot;2024-10-14T17:07:39.915+00:00&quot;,&quot;last_mod_time&quot;:&quot;2024-10-14T17:07:39.915+00:00&quot;},{&quot;userAddress&quot;:{&quot;addressId&quot;:8311,&quot;plotNumber&quot;:&quot;pl-23&quot;,&quot;street&quot;:&quot;my Street&quot;,&quot;state&quot;:&quot;Texas&quot;,&quot;country&quot;:&quot;USA&quot;,&quot;zipCode&quot;:75068},&quot;user_id&quot;:8343,&quot;user_first_name&quot;:&quot;vijaya&quot;,&quot;user_last_name&quot;:&quot;Teamthree&quot;,&quot;user_contact_number&quot;:9661144140,&quot;user_email_id&quot;:&quot;vijin01jemfod2ne@gmail.com&quot;,&quot;creation_time&quot;:&quot;2024-10-12T20:48:24.754+00:00&quot;,&quot;last_mod_time&quot;:&quot;2024-10-12T20:48:24.754+00:00&quot;},{&quot;userAddress&quot;:{&quot;addressId&quot;:10773,&quot;plotNumber&quot;:&quot;pl-21&quot;,&quot;street&quot;:&quot;Main street&quot;,&quot;state&quot;:&quot;GA&quot;,&quot;country&quot;:&quot;USA&quot;,&quot;zipCode&quot;:30001},&quot;user_id&quot;:10805,&quot;user_first_name&quot;:&quot;kiru&quot;,&quot;user_last_name&quot;:&quot;muthu&quot;,&quot;user_contact_number&quot;:4129967890,&quot;user_email_id&quot;:&quot;team05kiki@gmail.com&quot;,&quot;creation_time&quot;:&quot;2024-10-17T21:05:56.669+00:00&quot;,&quot;last_mod_time&quot;:&quot;2024-10-17T21:05:56.669+00:00&quot;},{&quot;userAddress&quot;:{&quot;addressId&quot;:8313,&quot;plotNumber&quot;:&quot;pl-23&quot;,&quot;street&quot;:&quot;my Street&quot;,&quot;state&quot;:&quot;Texas&quot;,&quot;country&quot;:&quot;USA&quot;,&quot;zipCode&quot;:75068},&quot;user_id&quot;:8345,&quot;user_first_name&quot;:&quot;vijaya&quot;,&quot;user_last_name&quot;:&quot;Teamthree&quot;,&quot;user_contact_number&quot;:8983002749,&quot;user_email_id&quot;:&quot;vijiee4agmg32hm9@gmail.com&quot;,&quot;creation_time&quot;:&quot;2024-10-12T21:07:16.277+00:00&quot;,&quot;last_mod_time&quot;:&quot;2024-10-12T21:07:16.277+00:00&quot;},{&quot;userAddress&quot;:{&quot;addressId&quot;:8314,&quot;plotNumber&quot;:&quot;P1-10&quot;,&quot;street&quot;:&quot;Runolfsdottir Manors&quot;,&quot;state&quot;:&quot;TX&quot;,&quot;country&quot;:&quot;USA&quot;,&quot;zipCode&quot;:12356},&quot;user_id&quot;:8346,&quot;user_first_name&quot;:&quot;Brad&quot;,&quot;user_last_name&quot;:&quot;Hickle&quot;,&quot;user_contact_number&quot;:3607896119,&quot;user_email_id&quot;:&quot;Maxime_Corkery77@yahoo.com&quot;,&quot;creation_time&quot;:&quot;2024-10-12T21:20:56.473+00:00&quot;,&quot;last_mod_time&quot;:&quot;2024-10-12T21:20:56.473+00:00&quot;},{&quot;userAddress&quot;:{&quot;addressId&quot;:8315,&quot;plotNumber&quot;:&quot;P1-10&quot;,&quot;street&quot;:&quot;Mitchell Highway&quot;,&quot;state&quot;:&quot;TX&quot;,&quot;country&quot;:&quot;USA&quot;,&quot;zipCode&quot;:12356},&quot;user_id&quot;:8347,&quot;user_first_name&quot;:&quot;Elmira&quot;,&quot;user_last_name&quot;:&quot;Dibbert&quot;,&quot;user_contact_number&quot;:3607896192,&quot;user_email_id&quot;:&quot;Ignatius.Christiansen34@gmail.com&quot;,&quot;creation_time&quot;:&quot;2024-10-12T21:20:56.734+00:00&quot;,&quot;last_mod_time&quot;:&quot;2024-10-12T21:20:56.734+00:00&quot;},{&quot;userAddress&quot;:{&quot;addressId&quot;:8316,&quot;plotNumber&quot;:&quot;P1-10&quot;,&quot;street&quot;:&quot;Wilkinson Highway&quot;,&quot;state&quot;:&quot;TX&quot;,&quot;country&quot;:&quot;USA&quot;,&quot;zipCode&quot;:12356},&quot;user_id&quot;:8348,&quot;user_first_name&quot;:&quot;Alfredo&quot;,&quot;user_last_name&quot;:&quot;Johns&quot;,&quot;user_contact_number&quot;:3607896196,&quot;user_email_id&quot;:&quot;Junior3@hotmail.com&quot;,&quot;creation_time&quot;:&quot;2024-10-12T21:21:03.161+00:00&quot;,&quot;last_mod_time&quot;:&quot;2024-10-12T21:21:03.161+00:00&quot;},{&quot;userAddress&quot;:{&quot;addressId&quot;:8317,&quot;plotNumber&quot;:&quot;P1-10&quot;,&quot;street&quot;:&quot;Strosin Isle&quot;,&quot;state&quot;:&quot;TX&quot;,&quot;country&quot;:&quot;USA&quot;,&quot;zipCode&quot;:12356},&quot;user_id&quot;:8349,&quot;user_first_name&quot;:&quot;Alexzander&quot;,&quot;user_last_name&quot;:&quot;Koch&quot;,&quot;user_contact_number&quot;:3607896189,&quot;user_email_id&quot;:&quot;Tyreek10@gmail.com&quot;,&quot;creation_time&quot;:&quot;2024-10-12T21:21:04.231+00:00&quot;,&quot;last_mod_time&quot;:&quot;2024-10-12T21:21:04.231+00:00&quot;},{&quot;userAddress&quot;:{&quot;addressId&quot;:8318,&quot;plotNumber&quot;:&quot;P1-10&quot;,&quot;street&quot;:&quot;Moen Cliff&quot;,&quot;state&quot;:&quot;TX&quot;,&quot;country&quot;:&quot;USA&quot;,&quot;zipCode&quot;:12356},&quot;user_id&quot;:8350,&quot;user_first_name&quot;:&quot;Elyssa&quot;,&quot;user_last_name&quot;:&quot;Kilback&quot;,&quot;user_contact_number&quot;:3607896113,&quot;user_email_id&quot;:&quot;Madalyn11@hotmail.com&quot;,&quot;creation_time&quot;:&quot;2024-10-12T21:21:04.451+00:00&quot;,&quot;last_mod_time&quot;:&quot;2024-10-12T21:21:04.451+00:00&quot;},{&quot;userAddress&quot;:{&quot;addressId&quot;:8319,&quot;plotNumber&quot;:&quot;P1-10&quot;,&quot;street&quot;:&quot;Adrienne Trace&quot;,&quot;state&quot;:&quot;TX&quot;,&quot;country&quot;:&quot;USA&quot;,&quot;zipCode&quot;:12356},&quot;user_id&quot;:8351,&quot;user_first_name&quot;:&quot;Katlynn&quot;,&quot;user_last_name&quot;:&quot;Trantow&quot;,&quot;user_contact_number&quot;:3607896200,&quot;user_email_id&quot;:&quot;Karolann_Batz61@hotmail.com&quot;,&quot;creation_time&quot;:&quot;2024-10-12T21:21:23.990+00:00&quot;,&quot;last_mod_time&quot;:&quot;2024-10-12T21:21:23.990+00:00&quot;},{&quot;userAddress&quot;:{&quot;addressId&quot;:8320,&quot;plotNumber&quot;:&quot;P1-10&quot;,&quot;street&quot;:&quot;Douglas Garden&quot;,&quot;state&quot;:&quot;TX&quot;,&quot;country&quot;:&quot;USA&quot;,&quot;zipCode&quot;:12356},&quot;user_id&quot;:8352,&quot;user_first_name&quot;:&quot;Carlotta&quot;,&quot;user_last_name&quot;:&quot;Fritsch&quot;,&quot;user_contact_number&quot;:3607896138,&quot;user_email_id&quot;:&quot;Kade_Reynolds55@gmail.com&quot;,&quot;creation_time&quot;:&quot;2024-10-12T21:21:25.088+00:00&quot;,&quot;last_mod_time&quot;:&quot;2024-10-12T21:21:25.088+00:00&quot;},{&quot;userAddress&quot;:{&quot;addressId&quot;:8321,&quot;plotNumber&quot;:&quot;P1-10&quot;,&quot;street&quot;:&quot;Omari Mill&quot;,&quot;state&quot;:&quot;TX&quot;,&quot;country&quot;:&quot;USA&quot;,&quot;zipCode&quot;:12356},&quot;user_id&quot;:8353,&quot;user_first_name&quot;:&quot;Branson&quot;,&quot;user_last_name&quot;:&quot;Brekke&quot;,&quot;user_contact_number&quot;:3607896144,&quot;user_email_id&quot;:&quot;Darrick90@gmail.com&quot;,&quot;creation_time&quot;:&quot;2024-10-12T21:21:25.367+00:00&quot;,&quot;last_mod_time&quot;:&quot;2024-10-12T21:21:25.367+00:00&quot;},{&quot;userAddress&quot;:{&quot;addressId&quot;:8322,&quot;plotNumber&quot;:&quot;P1-10&quot;,&quot;street&quot;:&quot;April Village&quot;,&quot;state&quot;:&quot;TX&quot;,&quot;country&quot;:&quot;USA&quot;,&quot;zipCode&quot;:12356},&quot;user_id&quot;:8354,&quot;user_first_name&quot;:&quot;Vida&quot;,&quot;user_last_name&quot;:&quot;Wintheiser&quot;,&quot;user_contact_number&quot;:3607896103,&quot;user_email_id&quot;:&quot;Rowan.Robel76@yahoo.com&quot;,&quot;creation_time&quot;:&quot;2024-10-12T21:24:43.674+00:00&quot;,&quot;last_mod_time&quot;:&quot;2024-10-12T21:24:43.674+00:00&quot;},{&quot;userAddress&quot;:{&quot;addressId&quot;:8323,&quot;plotNumber&quot;:&quot;P1-10&quot;,&quot;street&quot;:&quot;Orville Estates&quot;,&quot;state&quot;:&quot;TX&quot;,&quot;country&quot;:&quot;USA&quot;,&quot;zipCode&quot;:12356},&quot;user_id&quot;:8355,&quot;user_first_name&quot;:&quot;Emmanuelle&quot;,&quot;user_last_name&quot;:&quot;Schmeler&quot;,&quot;user_contact_number&quot;:3607896136,&quot;user_email_id&quot;:&quot;Oral7@yahoo.com&quot;,&quot;creation_time&quot;:&quot;2024-10-12T21:24:55.785+00:00&quot;,&quot;last_mod_time&quot;:&quot;2024-10-12T21:24:55.785+00:00&quot;},{&quot;userAddress&quot;:{&quot;addressId&quot;:8324,&quot;plotNumber&quot;:&quot;P1-10&quot;,&quot;street&quot;:&quot;Lela Keys&quot;,&quot;state&quot;:&quot;TX&quot;,&quot;country&quot;:&quot;USA&quot;,&quot;zipCode&quot;:12356},&quot;user_id&quot;:8356,&quot;user_first_name&quot;:&quot;Coleman&quot;,&quot;user_last_name&quot;:&quot;Okuneva&quot;,&quot;user_contact_number&quot;:3607896106,&quot;user_email_id&quot;:&quot;Abdiel30@hotmail.com&quot;,&quot;creation_time&quot;:&quot;2024-10-12T21:24:57.213+00:00&quot;,&quot;last_mod_time&quot;:&quot;2024-10-12T21:24:57.213+00:00&quot;},{&quot;userAddress&quot;:{&quot;addressId&quot;:8326,&quot;plotNumber&quot;:&quot;P1-10&quot;,&quot;street&quot;:&quot;Kristoffer Pine&quot;,&quot;state&quot;:&quot;TX&quot;,&quot;country&quot;:&quot;USA&quot;,&quot;zipCode&quot;:12356},&quot;user_id&quot;:8358,&quot;user_first_name&quot;:&quot;Shana&quot;,&quot;user_last_name&quot;:&quot;Schmidt&quot;,&quot;user_contact_number&quot;:3607896172,&quot;user_email_id&quot;:&quot;Mack59@yahoo.com&quot;,&quot;creation_time&quot;:&quot;2024-10-12T21:25:01.357+00:00&quot;,&quot;last_mod_time&quot;:&quot;2024-10-12T21:25:01.357+00:00&quot;},{&quot;userAddress&quot;:{&quot;addressId&quot;:8327,&quot;plotNumber&quot;:&quot;P1-10&quot;,&quot;street&quot;:&quot;Feeney Well&quot;,&quot;state&quot;:&quot;TX&quot;,&quot;country&quot;:&quot;USA&quot;,&quot;zipCode&quot;:12356},&quot;user_id&quot;:8359,&quot;user_first_name&quot;:&quot;Danial&quot;,&quot;user_last_name&quot;:&quot;Bailey&quot;,&quot;user_contact_number&quot;:3607896155,&quot;user_email_id&quot;:&quot;Augusta19@gmail.com&quot;,&quot;creation_time&quot;:&quot;2024-10-12T21:25:02.594+00:00&quot;,&quot;last_mod_time&quot;:&quot;2024-10-12T21:25:02.594+00:00&quot;},{&quot;userAddress&quot;:{&quot;addressId&quot;:10354,&quot;plotNumber&quot;:&quot;19-a&quot;,&quot;street&quot;:&quot;Cypress Dr&quot;,&quot;state&quot;:&quot;Texas&quot;,&quot;country&quot;:&quot;USA&quot;,&quot;zipCode&quot;:null},&quot;user_id&quot;:10386,&quot;user_first_name&quot;:&quot;Vijaya&quot;,&quot;user_last_name&quot;:&quot;TeamTeam&quot;,&quot;user_contact_number&quot;:8625769555,&quot;user_email_id&quot;:&quot;team3trial@gmail.com&quot;,&quot;creation_time&quot;:&quot;2024-10-16T18:03:13.569+00:00&quot;,&quot;last_mod_time&quot;:&quot;2024-10-16T18:03:13.569+00:00&quot;},{&quot;userAddress&quot;:{&quot;addressId&quot;:8329,&quot;plotNumber&quot;:&quot;P1-10&quot;,&quot;street&quot;:&quot;Maddison Road&quot;,&quot;state&quot;:&quot;TX&quot;,&quot;country&quot;:&quot;USA&quot;,&quot;zipCode&quot;:12356},&quot;user_id&quot;:8361,&quot;user_first_name&quot;:&quot;Ellis&quot;,&quot;user_last_name&quot;:&quot;Volkman&quot;,&quot;user_contact_number&quot;:3607896158,&quot;user_email_id&quot;:&quot;Cooper.Von@gmail.com&quot;,&quot;creation_time&quot;:&quot;2024-10-12T21:25:41.079+00:00&quot;,&quot;last_mod_time&quot;:&quot;2024-10-12T21:25:41.079+00:00&quot;},{&quot;userAddress&quot;:{&quot;addressId&quot;:8330,&quot;plotNumber&quot;:&quot;P1-10&quot;,&quot;street&quot;:&quot;Langworth Courts&quot;,&quot;state&quot;:&quot;TX&quot;,&quot;country&quot;:&quot;USA&quot;,&quot;zipCode&quot;:12356},&quot;user_id&quot;:8362,&quot;user_first_name&quot;:&quot;Verna&quot;,&quot;user_last_name&quot;:&quot;Wunsch&quot;,&quot;user_contact_number&quot;:3607896112,&quot;user_email_id&quot;:&quot;Marquise67@gmail.com&quot;,&quot;creation_time&quot;:&quot;2024-10-12T21:26:06.190+00:00&quot;,&quot;last_mod_time&quot;:&quot;2024-10-12T21:26:06.190+00:00&quot;},{&quot;userAddress&quot;:{&quot;addressId&quot;:8735,&quot;plotNumber&quot;:&quot;abc-28&quot;,&quot;street&quot;:&quot;vision&quot;,&quot;state&quot;:&quot;illinois&quot;,&quot;country&quot;:&quot;USA&quot;,&quot;zipCode&quot;:60091},&quot;user_id&quot;:8767,&quot;user_first_name&quot;:&quot;Harry&quot;,&quot;user_last_name&quot;:&quot;Test&quot;,&quot;user_contact_number&quot;:2235561235,&quot;user_email_id&quot;:&quot;team051jill@test.com&quot;,&quot;creation_time&quot;:&quot;2024-10-13T16:14:03.116+00:00&quot;,&quot;last_mod_time&quot;:&quot;2024-10-13T16:14:03.817+00:00&quot;},{&quot;userAddress&quot;:{&quot;addressId&quot;:10380,&quot;plotNumber&quot;:&quot;pl-51&quot;,&quot;street&quot;:&quot;vail rd&quot;,&quot;state&quot;:&quot;nj&quot;,&quot;country&quot;:&quot;usa&quot;,&quot;zipCode&quot;:54321},&quot;user_id&quot;:10412,&quot;user_first_name&quot;:&quot;smitha&quot;,&quot;user_last_name&quot;:&quot;dmaanj&quot;,&quot;user_contact_number&quot;:5121311145,&quot;user_email_id&quot;:&quot;sq1102eam5@gmail.com&quot;,&quot;creation_time&quot;:&quot;2024-10-16T19:51:29.567+00:00&quot;,&quot;last_mod_time&quot;:&quot;2024-10-16T19:51:29.567+00:00&quot;},{&quot;userAddress&quot;:{&quot;addressId&quot;:8400,&quot;plotNumber&quot;:&quot;P1-10&quot;,&quot;street&quot;:&quot;Harris Harbors&quot;,&quot;state&quot;:&quot;TX&quot;,&quot;country&quot;:&quot;USA&quot;,&quot;zipCode&quot;:12356},&quot;user_id&quot;:8432,&quot;user_first_name&quot;:&quot;Tad&quot;,&quot;user_last_name&quot;:&quot;Schuppe&quot;,&quot;user_contact_number&quot;:3607896114,&quot;user_email_id&quot;:&quot;Ali.Tremblay@hotmail.com&quot;,&quot;creation_time&quot;:&quot;2024-10-13T04:44:01.575+00:00&quot;,&quot;last_mod_time&quot;:&quot;2024-10-13T04:44:01.575+00:00&quot;},{&quot;userAddress&quot;:{&quot;addressId&quot;:10381,&quot;plotNumber&quot;:&quot;pl-51&quot;,&quot;street&quot;:&quot;vail rd&quot;,&quot;state&quot;:&quot;nj&quot;,&quot;country&quot;:&quot;usa&quot;,&quot;zipCode&quot;:54321},&quot;user_id&quot;:10413,&quot;user_first_name&quot;:&quot;smitha&quot;,&quot;user_last_name&quot;:&quot;dmaanj&quot;,&quot;user_contact_number&quot;:5321311145,&quot;user_email_id&quot;:&quot;sq1103eam5@gmail.com&quot;,&quot;creation_time&quot;:&quot;2024-10-16T19:54:30.331+00:00&quot;,&quot;last_mod_time&quot;:&quot;2024-10-16T19:54:30.331+00:00&quot;},{&quot;userAddress&quot;:{&quot;addressId&quot;:9790,&quot;plotNumber&quot;:null,&quot;street&quot;:null,&quot;state&quot;:null,&quot;country&quot;:null,&quot;zipCode&quot;:null},&quot;user_id&quot;:9822,&quot;user_first_name&quot;:&quot;nCIVTSOmiu&quot;,&quot;user_last_name&quot;:&quot;dqXhNrCDmO&quot;,&quot;user_contact_number&quot;:5328045189,&quot;user_email_id&quot;:&quot;team23omc477j2ci8@gmail.com&quot;,&quot;creation_time&quot;:&quot;2024-10-14T17:07:40.252+00:00&quot;,&quot;last_mod_time&quot;:&quot;2024-10-14T17:07:40.252+00:00&quot;},{&quot;userAddress&quot;:{&quot;addressId&quot;:8816,&quot;plotNumber&quot;:&quot;pl-03&quot;,&quot;street&quot;:&quot;Aldeburgh&quot;,&quot;state&quot;:&quot;Texas&quot;,&quot;country&quot;:&quot;US&quot;,&quot;zipCode&quot;:23294},&quot;user_id&quot;:8848,&quot;user_first_name&quot;:&quot;Varalaxmi&quot;,&quot;user_last_name&quot;:&quot;Reddy&quot;,&quot;user_contact_number&quot;:8995115934,&quot;user_email_id&quot;:&quot;Team05Vara6@gmail.com&quot;,&quot;creation_time&quot;:&quot;2024-10-13T18:22:55.853+00:00&quot;,&quot;last_mod_time&quot;:&quot;2024-10-13T18:22:55.853+00:00&quot;},{&quot;userAddress&quot;:{&quot;addressId&quot;:8403,&quot;plotNumber&quot;:&quot;P1-10&quot;,&quot;street&quot;:&quot;Keebler Walks&quot;,&quot;state&quot;:&quot;TX&quot;,&quot;country&quot;:&quot;USA&quot;,&quot;zipCode&quot;:12356},&quot;user_id&quot;:8435,&quot;user_first_name&quot;:&quot;Jada&quot;,&quot;user_last_name&quot;:&quot;Heidenreich&quot;,&quot;user_contact_number&quot;:3607896188,&quot;user_email_id&quot;:&quot;Ardella.Langosh@gmail.com&quot;,&quot;creation_time&quot;:&quot;2024-10-13T04:44:05.253+00:00&quot;,&quot;last_mod_time&quot;:&quot;2024-10-13T04:44:05.253+00:00&quot;},{&quot;userAddress&quot;:{&quot;addressId&quot;:10067,&quot;plotNumber&quot;:&quot;P1-15&quot;,&quot;street&quot;:&quot;Cedar&quot;,&quot;state&quot;:&quot;NY&quot;,&quot;country&quot;:&quot;USA&quot;,&quot;zipCode&quot;:33101},&quot;user_id&quot;:10099,&quot;user_first_name&quot;:&quot;Duplicate&quot;,&quot;user_last_name&quot;:&quot;User&quot;,&quot;user_contact_number&quot;:5057382112,&quot;user_email_id&quot;:&quot;Team03La2John@gmail.com&quot;,&quot;creation_time&quot;:&quot;2024-10-15T21:30:16.446+00:00&quot;,&quot;last_mod_time&quot;:&quot;2024-10-15T21:30:16.446+00:00&quot;},{&quot;userAddress&quot;:{&quot;addressId&quot;:8334,&quot;plotNumber&quot;:&quot;P1-10&quot;,&quot;street&quot;:&quot;Jarvis Mission&quot;,&quot;state&quot;:&quot;NY&quot;,&quot;country&quot;:&quot;USA&quot;,&quot;zipCode&quot;:10081},&quot;user_id&quot;:8366,&quot;user_first_name&quot;:&quot;Stacey&quot;,&quot;user_last_name&quot;:&quot;Kling&quot;,&quot;user_contact_number&quot;:3607896129,&quot;user_email_id&quot;:&quot;Dorris_Weissnat80@yahoo.com&quot;,&quot;creation_time&quot;:&quot;2024-10-12T21:29:38.875+00:00&quot;,&quot;last_mod_time&quot;:&quot;2024-10-12T21:37:14.433+00:00&quot;},{&quot;userAddress&quot;:{&quot;addressId&quot;:8405,&quot;plotNumber&quot;:&quot;P1-10&quot;,&quot;street&quot;:&quot;Donavon Valley&quot;,&quot;state&quot;:&quot;TX&quot;,&quot;country&quot;:&quot;USA&quot;,&quot;zipCode&quot;:12356},&quot;user_id&quot;:8437,&quot;user_first_name&quot;:&quot;Isom&quot;,&quot;user_last_name&quot;:&quot;Kuhic&quot;,&quot;user_contact_number&quot;:3607896134,&quot;user_email_id&quot;:&quot;Ransom.OReilly@gmail.com&quot;,&quot;creation_time&quot;:&quot;2024-10-13T04:44:06.923+00:00&quot;,&quot;last_mod_time&quot;:&quot;2024-10-13T04:44:06.923+00:00&quot;},{&quot;userAddress&quot;:{&quot;addressId&quot;:8407,&quot;plotNumber&quot;:&quot;P1-10&quot;,&quot;street&quot;:&quot;Batz Dale&quot;,&quot;state&quot;:&quot;TX&quot;,&quot;country&quot;:&quot;USA&quot;,&quot;zipCode&quot;:12356},&quot;user_id&quot;:8439,&quot;user_first_name&quot;:&quot;Kathryne&quot;,&quot;user_last_name&quot;:&quot;Aufderhar&quot;,&quot;user_contact_number&quot;:3607896178,&quot;user_email_id&quot;:&quot;Jordy_Tromp@gmail.com&quot;,&quot;creation_time&quot;:&quot;2024-10-13T04:44:08.620+00:00&quot;,&quot;last_mod_time&quot;:&quot;2024-10-13T04:44:08.620+00:00&quot;},{&quot;userAddress&quot;:{&quot;addressId&quot;:9791,&quot;plotNumber&quot;:null,&quot;street&quot;:null,&quot;state&quot;:null,&quot;country&quot;:null,&quot;zipCode&quot;:null},&quot;user_id&quot;:9823,&quot;user_first_name&quot;:&quot;xJCOrnPpQW&quot;,&quot;user_last_name&quot;:&quot;yqgHwINMAX&quot;,&quot;user_contact_number&quot;:1552889614,&quot;user_email_id&quot;:&quot;team24f1m0e98d5j5@gmail.com&quot;,&quot;creation_time&quot;:&quot;2024-10-14T17:07:40.514+00:00&quot;,&quot;last_mod_time&quot;:&quot;2024-10-14T17:07:40.514+00:00&quot;},{&quot;userAddress&quot;:{&quot;addressId&quot;:8410,&quot;plotNumber&quot;:&quot;P1-10&quot;,&quot;street&quot;:&quot;Stokes Inlet&quot;,&quot;state&quot;:&quot;TX&quot;,&quot;country&quot;:&quot;USA&quot;,&quot;zipCode&quot;:12356},&quot;user_id&quot;:8442,&quot;user_first_name&quot;:&quot;Terrance&quot;,&quot;user_last_name&quot;:&quot;Bins&quot;,&quot;user_contact_number&quot;:3607896149,&quot;user_email_id&quot;:&quot;Marjolaine.OKeefe58@hotmail.com&quot;,&quot;creation_time&quot;:&quot;2024-10-13T04:44:13.556+00:00&quot;,&quot;last_mod_time&quot;:&quot;2024-10-13T04:44:13.556+00:00&quot;},{&quot;userAddress&quot;:{&quot;addressId&quot;:8823,&quot;plotNumber&quot;:&quot;W-3&quot;,&quot;street&quot;:&quot;Annai&quot;,&quot;state&quot;:&quot;NJ&quot;,&quot;country&quot;:&quot;USA&quot;,&quot;zipCode&quot;:800973},&quot;user_id&quot;:8855,&quot;user_first_name&quot;:&quot;Nand&quot;,&quot;user_last_name&quot;:&quot;Dhini&quot;,&quot;user_contact_number&quot;:1002319987,&quot;user_email_id&quot;:&quot;team05nandhini@gmail.com&quot;,&quot;creation_time&quot;:&quot;2024-10-13T18:33:41.887+00:00&quot;,&quot;last_mod_time&quot;:&quot;2024-10-13T18:33:41.887+00:00&quot;},{&quot;userAddress&quot;:{&quot;addressId&quot;:10486,&quot;plotNumber&quot;:&quot;102-AB&quot;,&quot;street&quot;:&quot;village&quot;,&quot;state&quot;:&quot;CA&quot;,&quot;country&quot;:&quot;USA&quot;,&quot;zipCode&quot;:95671},&quot;user_id&quot;:10518,&quot;user_first_name&quot;:&quot;reyin&quot;,&quot;user_last_name&quot;:&quot;siin&quot;,&quot;user_contact_number&quot;:2454567779,&quot;user_email_id&quot;:&quot;reyinsiin07@gmail.com&quot;,&quot;creation_time&quot;:&quot;2024-10-17T02:42:18.811+00:00&quot;,&quot;last_mod_time&quot;:&quot;2024-10-17T02:42:18.811+00:00&quot;},{&quot;userAddress&quot;:{&quot;addressId&quot;:8415,&quot;plotNumber&quot;:&quot;P1-10&quot;,&quot;street&quot;:&quot;Franco View&quot;,&quot;state&quot;:&quot;TX&quot;,&quot;country&quot;:&quot;USA&quot;,&quot;zipCode&quot;:12356},&quot;user_id&quot;:8447,&quot;user_first_name&quot;:&quot;Fay&quot;,&quot;user_last_name&quot;:&quot;Monahan&quot;,&quot;user_contact_number&quot;:3607896109,&quot;user_email_id&quot;:&quot;Mabelle.Bartell@hotmail.com&quot;,&quot;creation_time&quot;:&quot;2024-10-13T04:44:20.376+00:00&quot;,&quot;last_mod_time&quot;:&quot;2024-10-13T04:44:20.376+00:00&quot;},{&quot;userAddress&quot;:{&quot;addressId&quot;:8417,&quot;plotNumber&quot;:&quot;P1-10&quot;,&quot;street&quot;:&quot;Konopelski Cove&quot;,&quot;state&quot;:&quot;TX&quot;,&quot;country&quot;:&quot;USA&quot;,&quot;zipCode&quot;:12356},&quot;user_id&quot;:8449,&quot;user_first_name&quot;:&quot;Bartholome&quot;,&quot;user_last_name&quot;:&quot;Beatty&quot;,&quot;user_contact_number&quot;:3607896137,&quot;user_email_id&quot;:&quot;Sim_Gleichner31@yahoo.com&quot;,&quot;creation_time&quot;:&quot;2024-10-13T04:44:22.045+00:00&quot;,&quot;last_mod_time&quot;:&quot;2024-10-13T04:44:22.045+00:00&quot;},{&quot;userAddress&quot;:{&quot;addressId&quot;:8831,&quot;plotNumber&quot;:&quot;pl-03&quot;,&quot;street&quot;:&quot;Aldeburgh&quot;,&quot;state&quot;:&quot;Texas&quot;,&quot;country&quot;:&quot;USA&quot;,&quot;zipCode&quot;:23294111},&quot;user_id&quot;:8863,&quot;user_first_name&quot;:&quot;Varalaxm&quot;,&quot;user_last_name&quot;:&quot;Reddy&quot;,&quot;user_contact_number&quot;:8995118934,&quot;user_email_id&quot;:&quot;Team05Vara9@gmail.com&quot;,&quot;creation_time&quot;:&quot;2024-10-13T18:39:26.956+00:00&quot;,&quot;last_mod_time&quot;:&quot;2024-10-13T18:39:26.956+00:00&quot;},{&quot;userAddress&quot;:{&quot;addressId&quot;:10487,&quot;plotNumber&quot;:&quot;19-a&quot;,&quot;street&quot;:&quot;Cypress Dr&quot;,&quot;state&quot;:&quot;Texas&quot;,&quot;country&quot;:&quot;USA&quot;,&quot;zipCode&quot;:null},&quot;user_id&quot;:10519,&quot;user_first_name&quot;:&quot;Vijaya&quot;,&quot;user_last_name&quot;:&quot;TeamThree&quot;,&quot;user_contact_number&quot;:5647112080,&quot;user_email_id&quot;:&quot;arturo.heathcote@example.com&quot;,&quot;creation_time&quot;:&quot;2024-10-17T02:45:15.613+00:00&quot;,&quot;last_mod_time&quot;:&quot;2024-10-17T02:45:15.613+00:00&quot;},{&quot;userAddress&quot;:{&quot;addressId&quot;:8419,&quot;plotNumber&quot;:&quot;P1-10&quot;,&quot;street&quot;:&quot;Blick Hill&quot;,&quot;state&quot;:&quot;TX&quot;,&quot;country&quot;:&quot;USA&quot;,&quot;zipCode&quot;:12356},&quot;user_id&quot;:8451,&quot;user_first_name&quot;:&quot;Camila&quot;,&quot;user_last_name&quot;:&quot;Roberts&quot;,&quot;user_contact_number&quot;:3607896167,&quot;user_email_id&quot;:&quot;Vita9@hotmail.com&quot;,&quot;creation_time&quot;:&quot;2024-10-13T04:47:01.448+00:00&quot;,&quot;last_mod_time&quot;:&quot;2024-10-13T04:47:01.448+00:00&quot;},{&quot;userAddress&quot;:{&quot;addressId&quot;:10488,&quot;plotNumber&quot;:&quot;19-a&quot;,&quot;street&quot;:&quot;Cypress Dr&quot;,&quot;state&quot;:&quot;Texas&quot;,&quot;country&quot;:&quot;USA&quot;,&quot;zipCode&quot;:null},&quot;user_id&quot;:10520,&quot;user_first_name&quot;:&quot;Vijaya&quot;,&quot;user_last_name&quot;:&quot;TeamThree&quot;,&quot;user_contact_number&quot;:5755044903,&quot;user_email_id&quot;:&quot;virgilio.quigley@example.com&quot;,&quot;creation_time&quot;:&quot;2024-10-17T02:45:16.473+00:00&quot;,&quot;last_mod_time&quot;:&quot;2024-10-17T02:45:16.473+00:00&quot;},{&quot;userAddress&quot;:{&quot;addressId&quot;:10489,&quot;plotNumber&quot;:&quot;102-AB&quot;,&quot;street&quot;:&quot;village&quot;,&quot;state&quot;:&quot;CA&quot;,&quot;country&quot;:&quot;USA&quot;,&quot;zipCode&quot;:95671},&quot;user_id&quot;:10521,&quot;user_first_name&quot;:&quot;reyinn&quot;,&quot;user_last_name&quot;:&quot;siinn&quot;,&quot;user_contact_number&quot;:2454560009,&quot;user_email_id&quot;:&quot;reyinnsiinn@gmail.com&quot;,&quot;creation_time&quot;:&quot;2024-10-17T02:47:11.090+00:00&quot;,&quot;last_mod_time&quot;:&quot;2024-10-17T02:47:11.090+00:00&quot;},{&quot;userAddress&quot;:{&quot;addressId&quot;:8450,&quot;plotNumber&quot;:&quot;P1-10&quot;,&quot;street&quot;:&quot;Cathy Wells&quot;,&quot;state&quot;:&quot;TX&quot;,&quot;country&quot;:&quot;USA&quot;,&quot;zipCode&quot;:12356},&quot;user_id&quot;:8482,&quot;user_first_name&quot;:&quot;Antonette&quot;,&quot;user_last_name&quot;:&quot;Hagenes&quot;,&quot;user_contact_number&quot;:3607896150,&quot;user_email_id&quot;:&quot;Demetris52@hotmail.com&quot;,&quot;creation_time&quot;:&quot;2024-10-13T04:52:34.599+00:00&quot;,&quot;last_mod_time&quot;:&quot;2024-10-13T04:52:34.599+00:00&quot;},{&quot;userAddress&quot;:{&quot;addressId&quot;:8848,&quot;plotNumber&quot;:&quot;ABC-5&quot;,&quot;street&quot;:&quot;null&quot;,&quot;state&quot;:&quot;null&quot;,&quot;country&quot;:&quot;null&quot;,&quot;zipCode&quot;:null},&quot;user_id&quot;:8880,&quot;user_first_name&quot;:&quot;Amar&quot;,&quot;user_last_name&quot;:&quot;marwa&quot;,&quot;user_contact_number&quot;:2312231212,&quot;user_email_id&quot;:&quot;amrwa@gmail.com&quot;,&quot;creation_time&quot;:&quot;2024-10-13T19:06:05.161+00:00&quot;,&quot;last_mod_time&quot;:&quot;2024-10-13T19:06:05.161+00:00&quot;},{&quot;userAddress&quot;:{&quot;addressId&quot;:8452,&quot;plotNumber&quot;:&quot;P1-10&quot;,&quot;street&quot;:&quot;VonRueden Oval&quot;,&quot;state&quot;:&quot;TX&quot;,&quot;country&quot;:&quot;USA&quot;,&quot;zipCode&quot;:12356},&quot;user_id&quot;:8484,&quot;user_first_name&quot;:&quot;Layla&quot;,&quot;user_last_name&quot;:&quot;Wisoky&quot;,&quot;user_contact_number&quot;:3607896127,&quot;user_email_id&quot;:&quot;Norbert.Stracke8@hotmail.com&quot;,&quot;creation_time&quot;:&quot;2024-10-13T04:52:36.175+00:00&quot;,&quot;last_mod_time&quot;:&quot;2024-10-13T04:52:36.175+00:00&quot;},{&quot;userAddress&quot;:{&quot;addressId&quot;:7256,&quot;plotNumber&quot;:&quot;75-b&quot;,&quot;street&quot;:&quot;Swckhammer way&quot;,&quot;state&quot;:&quot;Texas&quot;,&quot;country&quot;:&quot;USA&quot;,&quot;zipCode&quot;:7845},&quot;user_id&quot;:7289,&quot;user_first_name&quot;:&quot;AnbuselviTesting&quot;,&quot;user_last_name&quot;:&quot;TestingTwo&quot;,&quot;user_contact_number&quot;:2017550885,&quot;user_email_id&quot;:&quot;usjerseytesting@gmail.com&quot;,&quot;creation_time&quot;:&quot;2024-10-08T01:35:53.338+00:00&quot;,&quot;last_mod_time&quot;:&quot;2024-10-13T18:47:36.037+00:00&quot;},{&quot;userAddress&quot;:{&quot;addressId&quot;:8454,&quot;plotNumber&quot;:&quot;P1-10&quot;,&quot;street&quot;:&quot;Heaney Meadows&quot;,&quot;state&quot;:&quot;TX&quot;,&quot;country&quot;:&quot;USA&quot;,&quot;zipCode&quot;:12356},&quot;user_id&quot;:8486,&quot;user_first_name&quot;:&quot;Jazmyn&quot;,&quot;user_last_name&quot;:&quot;Welch&quot;,&quot;user_contact_number&quot;:3607896130,&quot;user_email_id&quot;:&quot;Karley.Senger@yahoo.com&quot;,&quot;creation_time&quot;:&quot;2024-10-13T04:52:37.818+00:00&quot;,&quot;last_mod_time&quot;:&quot;2024-10-13T04:52:37.818+00:00&quot;},{&quot;userAddress&quot;:{&quot;addressId&quot;:8770,&quot;plotNumber&quot;:&quot;Bt-11&quot;,&quot;street&quot;:&quot;First St&quot;,&quot;state&quot;:&quot;Texas&quot;,&quot;country&quot;:&quot;USA&quot;,&quot;zipCode&quot;:54657},&quot;user_id&quot;:8802,&quot;user_first_name&quot;:&quot;myfirstname&quot;,&quot;user_last_name&quot;:&quot;teamthree&quot;,&quot;user_contact_number&quot;:4393989662,&quot;user_email_id&quot;:&quot;Team36h27f00f3m26@gmail.com&quot;,&quot;creation_time&quot;:&quot;2024-10-13T16:50:07.651+00:00&quot;,&quot;last_mod_time&quot;:&quot;2024-10-13T16:50:07.651+00:00&quot;},{&quot;userAddress&quot;:{&quot;addressId&quot;:8843,&quot;plotNumber&quot;:&quot;plot-05&quot;,&quot;street&quot;:&quot;john&quot;,&quot;state&quot;:&quot;texas&quot;,&quot;country&quot;:&quot;USA&quot;,&quot;zipCode&quot;:60092},&quot;user_id&quot;:8875,&quot;user_first_name&quot;:&quot;Para&quot;,&quot;user_last_name&quot;:&quot;QA&quot;,&quot;user_contact_number&quot;:2285641730,&quot;user_email_id&quot;:&quot;manalitest03@qa.com&quot;,&quot;creation_time&quot;:&quot;2024-10-13T19:00:23.662+00:00&quot;,&quot;last_mod_time&quot;:&quot;2024-10-13T19:02:11.405+00:00&quot;},{&quot;userAddress&quot;:{&quot;addressId&quot;:8753,&quot;plotNumber&quot;:&quot;Bt-11&quot;,&quot;street&quot;:&quot;First St&quot;,&quot;state&quot;:&quot;Texas&quot;,&quot;country&quot;:&quot;USA&quot;,&quot;zipCode&quot;:54657},&quot;user_id&quot;:8785,&quot;user_first_name&quot;:&quot;myfirstname&quot;,&quot;user_last_name&quot;:&quot;teamthree&quot;,&quot;user_contact_number&quot;:4791293707,&quot;user_email_id&quot;:&quot;Team3molh80g5apk@gmail.com&quot;,&quot;creation_time&quot;:&quot;2024-10-13T16:36:01.386+00:00&quot;,&quot;last_mod_time&quot;:&quot;2024-10-13T16:36:01.386+00:00&quot;},{&quot;userAddress&quot;:{&quot;addressId&quot;:8745,&quot;plotNumber&quot;:&quot;Bt-11&quot;,&quot;street&quot;:&quot;First St&quot;,&quot;state&quot;:&quot;Texas&quot;,&quot;country&quot;:&quot;USA&quot;,&quot;zipCode&quot;:54657},&quot;user_id&quot;:8777,&quot;user_first_name&quot;:&quot;myfirstname&quot;,&quot;user_last_name&quot;:&quot;null&quot;,&quot;user_contact_number&quot;:5470885028,&quot;user_email_id&quot;:&quot;Team3jk31cag24mhg@gmail.com&quot;,&quot;creation_time&quot;:&quot;2024-10-13T16:32:22.401+00:00&quot;,&quot;last_mod_time&quot;:&quot;2024-10-13T16:32:22.401+00:00&quot;},{&quot;userAddress&quot;:{&quot;addressId&quot;:8852,&quot;plotNumber&quot;:&quot;F-1&quot;,&quot;street&quot;:&quot;Deibolt&quot;,&quot;state&quot;:&quot;CT&quot;,&quot;country&quot;:&quot;USA&quot;,&quot;zipCode&quot;:60098},&quot;user_id&quot;:8884,&quot;user_first_name&quot;:&quot;Noah&quot;,&quot;user_last_name&quot;:&quot;Montanez&quot;,&quot;user_contact_number&quot;:9788796435,&quot;user_email_id&quot;:&quot;team05noahmontanez@gmail.com&quot;,&quot;creation_time&quot;:&quot;2024-10-13T19:15:03.177+00:00&quot;,&quot;last_mod_time&quot;:&quot;2024-10-13T19:15:03.177+00:00&quot;},{&quot;userAddress&quot;:{&quot;addressId&quot;:8756,&quot;plotNumber&quot;:&quot;Bt-11&quot;,&quot;street&quot;:&quot;First St&quot;,&quot;state&quot;:&quot;Texas&quot;,&quot;country&quot;:&quot;USA&quot;,&quot;zipCode&quot;:54657},&quot;user_id&quot;:8788,&quot;user_first_name&quot;:&quot;myfirstname&quot;,&quot;user_last_name&quot;:&quot;teamthree&quot;,&quot;user_contact_number&quot;:4879592222,&quot;user_email_id&quot;:&quot;Team33oehfhbgkj2f@gmail.com&quot;,&quot;creation_time&quot;:&quot;2024-10-13T16:37:06.382+00:00&quot;,&quot;last_mod_time&quot;:&quot;2024-10-13T16:37:06.382+00:00&quot;},{&quot;userAddress&quot;:{&quot;addressId&quot;:9644,&quot;plotNumber&quot;:&quot;PL-121&quot;,&quot;street&quot;:&quot;Alderbranch&quot;,&quot;state&quot;:&quot;NC&quot;,&quot;country&quot;:&quot;USA&quot;,&quot;zipCode&quot;:27529},&quot;user_id&quot;:9676,&quot;user_first_name&quot;:&quot;Sowjanya&quot;,&quot;user_last_name&quot;:&quot;Ponugoti&quot;,&quot;user_contact_number&quot;:2313110356,&quot;user_email_id&quot;:&quot;Team04Sowjanya@gmail.com&quot;,&quot;creation_time&quot;:&quot;2024-10-14T14:14:01.168+00:00&quot;,&quot;last_mod_time&quot;:&quot;2024-10-14T14:14:01.168+00:00&quot;},{&quot;userAddress&quot;:{&quot;addressId&quot;:8771,&quot;plotNumber&quot;:&quot;Bt-11&quot;,&quot;street&quot;:&quot;First St&quot;,&quot;state&quot;:&quot;Texas&quot;,&quot;country&quot;:&quot;USA&quot;,&quot;zipCode&quot;:54877},&quot;user_id&quot;:8803,&quot;user_first_name&quot;:&quot;myfirstname&quot;,&quot;user_last_name&quot;:&quot;teamthree&quot;,&quot;user_contact_number&quot;:6957561360,&quot;user_email_id&quot;:&quot;Team3f380ag5b4mbf@gmail.com&quot;,&quot;creation_time&quot;:&quot;2024-10-13T16:50:27.209+00:00&quot;,&quot;last_mod_time&quot;:&quot;2024-10-13T16:50:27.209+00:00&quot;},{&quot;userAddress&quot;:{&quot;addressId&quot;:8759,&quot;plotNumber&quot;:&quot;Bt-11&quot;,&quot;street&quot;:&quot;First St&quot;,&quot;state&quot;:&quot;Texas&quot;,&quot;country&quot;:&quot;USA&quot;,&quot;zipCode&quot;:54657},&quot;user_id&quot;:8791,&quot;user_first_name&quot;:&quot;myfirstname&quot;,&quot;user_last_name&quot;:&quot;teamthree&quot;,&quot;user_contact_number&quot;:1513920688,&quot;user_email_id&quot;:&quot;Team3g22glegcd5d8@gmail.com&quot;,&quot;creation_time&quot;:&quot;2024-10-13T16:39:25.830+00:00&quot;,&quot;last_mod_time&quot;:&quot;2024-10-13T16:39:25.830+00:00&quot;},{&quot;userAddress&quot;:{&quot;addressId&quot;:8761,&quot;plotNumber&quot;:&quot;Bt-11&quot;,&quot;street&quot;:&quot;First St&quot;,&quot;state&quot;:&quot;Texas&quot;,&quot;country&quot;:&quot;USA&quot;,&quot;zipCode&quot;:54657},&quot;user_id&quot;:8793,&quot;user_first_name&quot;:&quot;myfirstname&quot;,&quot;user_last_name&quot;:&quot;teamthree&quot;,&quot;user_contact_number&quot;:3864311711,&quot;user_email_id&quot;:&quot;Team33kjkd628l9h9@gmail.com&quot;,&quot;creation_time&quot;:&quot;2024-10-13T16:40:13.749+00:00&quot;,&quot;last_mod_time&quot;:&quot;2024-10-13T16:40:13.749+00:00&quot;},{&quot;userAddress&quot;:{&quot;addressId&quot;:8902,&quot;plotNumber&quot;:&quot;ABC-5&quot;,&quot;street&quot;:&quot;K Avenue&quot;,&quot;state&quot;:&quot;TX&quot;,&quot;country&quot;:&quot;USA&quot;,&quot;zipCode&quot;:75986},&quot;user_id&quot;:8934,&quot;user_first_name&quot;:&quot;madhu&quot;,&quot;user_last_name&quot;:&quot;kanan&quot;,&quot;user_contact_number&quot;:2897458458,&quot;user_email_id&quot;:&quot;madhuk2@gmail.com&quot;,&quot;creation_time&quot;:&quot;2024-10-13T21:07:22.857+00:00&quot;,&quot;last_mod_time&quot;:&quot;2024-10-13T21:07:22.857+00:00&quot;},{&quot;userAddress&quot;:{&quot;addressId&quot;:9197,&quot;plotNumber&quot;:&quot;p1-05&quot;,&quot;street&quot;:&quot;teaole&quot;,&quot;state&quot;:&quot;Tx&quot;,&quot;country&quot;:&quot;USA&quot;,&quot;zipCode&quot;:34355},&quot;user_id&quot;:9229,&quot;user_first_name&quot;:&quot;FirstN&quot;,&quot;user_last_name&quot;:&quot;lasTn&quot;,&quot;user_contact_number&quot;:1345678073,&quot;user_email_id&quot;:&quot;blali456@gmail.com&quot;,&quot;creation_time&quot;:&quot;2024-10-14T05:22:49.483+00:00&quot;,&quot;last_mod_time&quot;:&quot;2024-10-14T05:22:49.483+00:00&quot;},{&quot;userAddress&quot;:{&quot;addressId&quot;:7671,&quot;plotNumber&quot;:&quot;23-abc&quot;,&quot;street&quot;:&quot;Foster street&quot;,&quot;state&quot;:&quot;jhjkdlshf&quot;,&quot;country&quot;:&quot;USA&quot;,&quot;zipCode&quot;:1},&quot;user_id&quot;:7703,&quot;user_first_name&quot;:&quot;Michael B&quot;,&quot;user_last_name&quot;:&quot;Jackson&quot;,&quot;user_contact_number&quot;:8701563487,&quot;user_email_id&quot;:&quot;MichaelB@gmail.com&quot;,&quot;creation_time&quot;:&quot;2024-10-10T20:53:37.762+00:00&quot;,&quot;last_mod_time&quot;:&quot;2024-10-14T15:10:20.983+00:00&quot;},{&quot;userAddress&quot;:{&quot;addressId&quot;:9660,&quot;plotNumber&quot;:&quot;P1-110&quot;,&quot;street&quot;:&quot;Collins Terrace&quot;,&quot;state&quot;:&quot;TX&quot;,&quot;country&quot;:&quot;USA&quot;,&quot;zipCode&quot;:12356},&quot;user_id&quot;:9692,&quot;user_first_name&quot;:&quot;Tom&quot;,&quot;user_last_name&quot;:&quot;Lehner&quot;,&quot;user_contact_number&quot;:3607896789,&quot;user_email_id&quot;:&quot;Brigitte_Morissette@hotmail.com&quot;,&quot;creation_time&quot;:&quot;2024-10-14T15:10:40.919+00:00&quot;,&quot;last_mod_time&quot;:&quot;2024-10-14T15:10:40.919+00:00&quot;},{&quot;userAddress&quot;:{&quot;addressId&quot;:8914,&quot;plotNumber&quot;:&quot;Bt-11&quot;,&quot;street&quot;:&quot;First St&quot;,&quot;state&quot;:&quot;Texas&quot;,&quot;country&quot;:&quot;USA&quot;,&quot;zipCode&quot;:54877},&quot;user_id&quot;:8946,&quot;user_first_name&quot;:&quot;Teamthree&quot;,&quot;user_last_name&quot;:&quot;lastName&quot;,&quot;user_contact_number&quot;:1534940624,&quot;user_email_id&quot;:&quot;Team3cjhio0c9c047@gmail.com&quot;,&quot;creation_time&quot;:&quot;2024-10-13T21:37:05.054+00:00&quot;,&quot;last_mod_time&quot;:&quot;2024-10-13T21:37:05.054+00:00&quot;},{&quot;userAddress&quot;:{&quot;addressId&quot;:9198,&quot;plotNumber&quot;:&quot;Jo-708&quot;,&quot;street&quot;:&quot;united drive&quot;,&quot;state&quot;:&quot;texas&quot;,&quot;country&quot;:&quot;USA&quot;,&quot;zipCode&quot;:75078},&quot;user_id&quot;:9230,&quot;user_first_name&quot;:&quot;Jyoti&quot;,&quot;user_last_name&quot;:&quot;Handore&quot;,&quot;user_contact_number&quot;:4693461038,&quot;user_email_id&quot;:&quot;handorejyoti8@gmail.com&quot;,&quot;creation_time&quot;:&quot;2024-10-14T05:25:39.968+00:00&quot;,&quot;last_mod_time&quot;:&quot;2024-10-14T05:25:39.968+00:00&quot;},{&quot;userAddress&quot;:{&quot;addressId&quot;:9208,&quot;plotNumber&quot;:&quot;Jooo-708&quot;,&quot;street&quot;:&quot;united drive&quot;,&quot;state&quot;:&quot;texas&quot;,&quot;country&quot;:&quot;USA&quot;,&quot;zipCode&quot;:75078},&quot;user_id&quot;:9240,&quot;user_first_name&quot;:&quot;jyoti&quot;,&quot;user_last_name&quot;:&quot;Handore&quot;,&quot;user_contact_number&quot;:6693461038,&quot;user_email_id&quot;:&quot;handorejyoti81@gmail.com&quot;,&quot;creation_time&quot;:&quot;2024-10-14T05:32:24.548+00:00&quot;,&quot;last_mod_time&quot;:&quot;2024-10-14T05:32:24.548+00:00&quot;},{&quot;userAddress&quot;:{&quot;addressId&quot;:9132,&quot;plotNumber&quot;:&quot;P1-10&quot;,&quot;street&quot;:&quot;Schimmel Skyway&quot;,&quot;state&quot;:&quot;TX&quot;,&quot;country&quot;:&quot;USA&quot;,&quot;zipCode&quot;:12356},&quot;user_id&quot;:9164,&quot;user_first_name&quot;:&quot;Alysa&quot;,&quot;user_last_name&quot;:&quot;Franecki&quot;,&quot;user_contact_number&quot;:3607896166,&quot;user_email_id&quot;:&quot;Teagan_Donnelly@gmail.com&quot;,&quot;creation_time&quot;:&quot;2024-10-14T04:12:55.490+00:00&quot;,&quot;last_mod_time&quot;:&quot;2024-10-14T04:12:55.490+00:00&quot;},{&quot;userAddress&quot;:{&quot;addressId&quot;:9016,&quot;plotNumber&quot;:&quot;A-12&quot;,&quot;street&quot;:&quot;Street&quot;,&quot;state&quot;:&quot;Texas&quot;,&quot;country&quot;:&quot;USA&quot;,&quot;zipCode&quot;:12345},&quot;user_id&quot;:9048,&quot;user_first_name&quot;:&quot;Minni&quot;,&quot;user_last_name&quot;:&quot;Samsons&quot;,&quot;user_contact_number&quot;:1200555892,&quot;user_email_id&quot;:&quot;minnijames22@gmail.com&quot;,&quot;creation_time&quot;:&quot;2024-10-14T00:15:43.897+00:00&quot;,&quot;last_mod_time&quot;:&quot;2024-10-14T00:15:43.897+00:00&quot;},{&quot;userAddress&quot;:{&quot;addressId&quot;:9017,&quot;plotNumber&quot;:&quot;Bt-11&quot;,&quot;street&quot;:&quot;First St&quot;,&quot;state&quot;:&quot;Texas&quot;,&quot;country&quot;:&quot;USA&quot;,&quot;zipCode&quot;:54877},&quot;user_id&quot;:9049,&quot;user_first_name&quot;:&quot;Teamthree&quot;,&quot;user_last_name&quot;:&quot;lastName&quot;,&quot;user_contact_number&quot;:5910704711,&quot;user_email_id&quot;:&quot;Team3008l03nb84c7eh@gmail.com&quot;,&quot;creation_time&quot;:&quot;2024-10-14T00:20:05.226+00:00&quot;,&quot;last_mod_time&quot;:&quot;2024-10-14T00:20:05.226+00:00&quot;},{&quot;userAddress&quot;:{&quot;addressId&quot;:9646,&quot;plotNumber&quot;:&quot;PL-121&quot;,&quot;street&quot;:&quot;Alderbranch&quot;,&quot;state&quot;:&quot;NC&quot;,&quot;country&quot;:null,&quot;zipCode&quot;:27529},&quot;user_id&quot;:9678,&quot;user_first_name&quot;:&quot;Sowjanya&quot;,&quot;user_last_name&quot;:&quot;Ponugoti&quot;,&quot;user_contact_number&quot;:2313110344,&quot;user_email_id&quot;:&quot;Team04Sowjanya11@gmail.com&quot;,&quot;creation_time&quot;:&quot;2024-10-14T14:24:21.556+00:00&quot;,&quot;last_mod_time&quot;:&quot;2024-10-14T14:24:21.556+00:00&quot;},{&quot;userAddress&quot;:{&quot;addressId&quot;:9647,&quot;plotNumber&quot;:&quot;PL-121&quot;,&quot;street&quot;:&quot;Alderbranch&quot;,&quot;state&quot;:&quot;NC&quot;,&quot;country&quot;:&quot;USA&quot;,&quot;zipCode&quot;:275292345},&quot;user_id&quot;:9679,&quot;user_first_name&quot;:&quot;Sowjanya&quot;,&quot;user_last_name&quot;:&quot;Ponugoti&quot;,&quot;user_contact_number&quot;:2313005678,&quot;user_email_id&quot;:&quot;Team03Sowjanya@gmail.com&quot;,&quot;creation_time&quot;:&quot;2024-10-14T14:27:42.194+00:00&quot;,&quot;last_mod_time&quot;:&quot;2024-10-14T14:27:42.194+00:00&quot;},{&quot;userAddress&quot;:{&quot;addressId&quot;:9648,&quot;plotNumber&quot;:&quot;PL-121&quot;,&quot;street&quot;:&quot;Alderbranch&quot;,&quot;state&quot;:&quot;NC&quot;,&quot;country&quot;:&quot;USA&quot;,&quot;zipCode&quot;:27529234545},&quot;user_id&quot;:9680,&quot;user_first_name&quot;:&quot;Sowjanya&quot;,&quot;user_last_name&quot;:&quot;Ponugoti&quot;,&quot;user_contact_number&quot;:2313005677,&quot;user_email_id&quot;:&quot;Team02Sowjanya@gmail.com&quot;,&quot;creation_time&quot;:&quot;2024-10-14T14:28:54.270+00:00&quot;,&quot;last_mod_time&quot;:&quot;2024-10-14T14:28:54.270+00:00&quot;},{&quot;userAddress&quot;:{&quot;addressId&quot;:9020,&quot;plotNumber&quot;:&quot;ABC-5&quot;,&quot;street&quot;:&quot;K Avenue&quot;,&quot;state&quot;:&quot;TX&quot;,&quot;country&quot;:&quot;USA&quot;,&quot;zipCode&quot;:75986},&quot;user_id&quot;:9052,&quot;user_first_name&quot;:&quot;madhu&quot;,&quot;user_last_name&quot;:&quot;kanann&quot;,&quot;user_contact_number&quot;:2897458448,&quot;user_email_id&quot;:&quot;madhuk3@gmail.com&quot;,&quot;creation_time&quot;:&quot;2024-10-14T00:49:51.955+00:00&quot;,&quot;last_mod_time&quot;:&quot;2024-10-14T00:49:51.955+00:00&quot;},{&quot;userAddress&quot;:{&quot;addressId&quot;:9793,&quot;plotNumber&quot;:null,&quot;street&quot;:null,&quot;state&quot;:null,&quot;country&quot;:null,&quot;zipCode&quot;:null},&quot;user_id&quot;:9825,&quot;user_first_name&quot;:&quot;iMIenmAnla&quot;,&quot;user_last_name&quot;:&quot;wOULAFOXli&quot;,&quot;user_contact_number&quot;:6340523321,&quot;user_email_id&quot;:&quot;team298d5o2ngn59g@gmail.com&quot;,&quot;creation_time&quot;:&quot;2024-10-14T17:07:41.218+00:00&quot;,&quot;last_mod_time&quot;:&quot;2024-10-14T17:07:41.218+00:00&quot;},{&quot;userAddress&quot;:{&quot;addressId&quot;:9794,&quot;plotNumber&quot;:null,&quot;street&quot;:null,&quot;state&quot;:null,&quot;country&quot;:null,&quot;zipCode&quot;:null},&quot;user_id&quot;:9826,&quot;user_first_name&quot;:&quot;OJwlGqPbnP&quot;,&quot;user_last_name&quot;:&quot;BkoCAaFLpt&quot;,&quot;user_contact_number&quot;:6884868185,&quot;user_email_id&quot;:&quot;team2no1ilk68nf2@gmail.com&quot;,&quot;creation_time&quot;:&quot;2024-10-14T17:07:41.477+00:00&quot;,&quot;last_mod_time&quot;:&quot;2024-10-14T17:07:41.477+00:00&quot;},{&quot;userAddress&quot;:{&quot;addressId&quot;:9651,&quot;plotNumber&quot;:&quot;ABC-5&quot;,&quot;street&quot;:&quot;K Avenue&quot;,&quot;state&quot;:&quot;TX&quot;,&quot;country&quot;:&quot;USA&quot;,&quot;zipCode&quot;:75986},&quot;user_id&quot;:9683,&quot;user_first_name&quot;:&quot;madhumati&quot;,&quot;user_last_name&quot;:&quot;kanann&quot;,&quot;user_contact_number&quot;:2857338298,&quot;user_email_id&quot;:&quot;madhu@gmail.com&quot;,&quot;creation_time&quot;:&quot;2024-10-14T14:46:34.551+00:00&quot;,&quot;last_mod_time&quot;:&quot;2024-10-14T14:46:34.551+00:00&quot;},{&quot;userAddress&quot;:{&quot;addressId&quot;:9146,&quot;plotNumber&quot;:&quot;P1-10&quot;,&quot;street&quot;:&quot;Ayana Lane&quot;,&quot;state&quot;:&quot;TX&quot;,&quot;country&quot;:&quot;USA&quot;,&quot;zipCode&quot;:12356},&quot;user_id&quot;:9178,&quot;user_first_name&quot;:&quot;Cara&quot;,&quot;user_last_name&quot;:&quot;Stehr&quot;,&quot;user_contact_number&quot;:3607896181,&quot;user_email_id&quot;:&quot;Maymie.Orn2@hotmail.com&quot;,&quot;creation_time&quot;:&quot;2024-10-14T04:25:17.071+00:00&quot;,&quot;last_mod_time&quot;:&quot;2024-10-14T04:25:17.071+00:00&quot;},{&quot;userAddress&quot;:{&quot;addressId&quot;:9147,&quot;plotNumber&quot;:&quot;P1-10&quot;,&quot;street&quot;:&quot;Ramon Corner&quot;,&quot;state&quot;:&quot;TX&quot;,&quot;country&quot;:&quot;USA&quot;,&quot;zipCode&quot;:12356},&quot;user_id&quot;:9179,&quot;user_first_name&quot;:&quot;Delilah&quot;,&quot;user_last_name&quot;:&quot;Klein&quot;,&quot;user_contact_number&quot;:3607896124,&quot;user_email_id&quot;:&quot;Arjun.Klocko@yahoo.com&quot;,&quot;creation_time&quot;:&quot;2024-10-14T04:27:34.595+00:00&quot;,&quot;last_mod_time&quot;:&quot;2024-10-14T04:27:34.595+00:00&quot;},{&quot;userAddress&quot;:{&quot;addressId&quot;:9025,&quot;plotNumber&quot;:&quot;ABC-5&quot;,&quot;street&quot;:&quot;K Avenue&quot;,&quot;state&quot;:&quot;TX&quot;,&quot;country&quot;:&quot;USA&quot;,&quot;zipCode&quot;:75986},&quot;user_id&quot;:9057,&quot;user_first_name&quot;:&quot;madhumati&quot;,&quot;user_last_name&quot;:&quot;kanann&quot;,&quot;user_contact_number&quot;:2897458498,&quot;user_email_id&quot;:&quot;madhuk5@gmail.com&quot;,&quot;creation_time&quot;:&quot;2024-10-14T01:20:03.344+00:00&quot;,&quot;last_mod_time&quot;:&quot;2024-10-14T01:20:03.344+00:00&quot;},{&quot;userAddress&quot;:{&quot;addressId&quot;:9026,&quot;plotNumber&quot;:&quot;p-11&quot;,&quot;street&quot;:&quot;Lontree&quot;,&quot;state&quot;:&quot;California&quot;,&quot;country&quot;:&quot;null&quot;,&quot;zipCode&quot;:95678},&quot;user_id&quot;:9058,&quot;user_first_name&quot;:&quot;abi&quot;,&quot;user_last_name&quot;:&quot;arav&quot;,&quot;user_contact_number&quot;:9923333776,&quot;user_email_id&quot;:&quot;abi@gmail.com&quot;,&quot;creation_time&quot;:&quot;2024-10-14T01:24:47.646+00:00&quot;,&quot;last_mod_time&quot;:&quot;2024-10-14T01:24:47.646+00:00&quot;},{&quot;userAddress&quot;:{&quot;addressId&quot;:9151,&quot;plotNumber&quot;:null,&quot;street&quot;:&quot;cherry&quot;,&quot;state&quot;:&quot;virginia&quot;,&quot;country&quot;:&quot;USA&quot;,&quot;zipCode&quot;:20166},&quot;user_id&quot;:9183,&quot;user_first_name&quot;:&quot;Somya&quot;,&quot;user_last_name&quot;:&quot;rani&quot;,&quot;user_contact_number&quot;:7049339080,&quot;user_email_id&quot;:&quot;apiteam4@gmail.com&quot;,&quot;creation_time&quot;:&quot;2024-10-14T04:28:43.229+00:00&quot;,&quot;last_mod_time&quot;:&quot;2024-10-14T04:28:43.229+00:00&quot;},{&quot;userAddress&quot;:{&quot;addressId&quot;:9031,&quot;plotNumber&quot;:&quot;p-11&quot;,&quot;street&quot;:&quot;Lontree&quot;,&quot;state&quot;:&quot;California&quot;,&quot;country&quot;:&quot;USA&quot;,&quot;zipCode&quot;:9578},&quot;user_id&quot;:9063,&quot;user_first_name&quot;:&quot;Mehna&quot;,&quot;user_last_name&quot;:&quot;Mania&quot;,&quot;user_contact_number&quot;:9955887776,&quot;user_email_id&quot;:&quot;Mehna@gmail.com&quot;,&quot;creation_time&quot;:&quot;2024-10-14T01:37:53.711+00:00&quot;,&quot;last_mod_time&quot;:&quot;2024-10-14T01:37:53.711+00:00&quot;},{&quot;userAddress&quot;:{&quot;addressId&quot;:9153,&quot;plotNumber&quot;:&quot;pl-3&quot;,&quot;street&quot;:&quot;shadow sR&quot;,&quot;state&quot;:&quot;GA&quot;,&quot;country&quot;:&quot;INDIA&quot;,&quot;zipCode&quot;:66466},&quot;user_id&quot;:9185,&quot;user_first_name&quot;:&quot;firstname&quot;,&quot;user_last_name&quot;:&quot;numpy&quot;,&quot;user_contact_number&quot;:5656505790,&quot;user_email_id&quot;:&quot;team5psm151@gmail.com&quot;,&quot;creation_time&quot;:&quot;2024-10-14T04:29:16.709+00:00&quot;,&quot;last_mod_time&quot;:&quot;2024-10-14T04:29:16.709+00:00&quot;},{&quot;userAddress&quot;:{&quot;addressId&quot;:9664,&quot;plotNumber&quot;:&quot;P1-110&quot;,&quot;street&quot;:&quot;Daniela Crest&quot;,&quot;state&quot;:&quot;TX&quot;,&quot;country&quot;:&quot;USA&quot;,&quot;zipCode&quot;:12356},&quot;user_id&quot;:9696,&quot;user_first_name&quot;:&quot;Judson&quot;,&quot;user_last_name&quot;:&quot;Huel&quot;,&quot;user_contact_number&quot;:3607896276,&quot;user_email_id&quot;:&quot;Chaz5@yahoo.com&quot;,&quot;creation_time&quot;:&quot;2024-10-14T15:11:18.787+00:00&quot;,&quot;last_mod_time&quot;:&quot;2024-10-14T15:11:18.787+00:00&quot;},{&quot;userAddress&quot;:{&quot;addressId&quot;:9619,&quot;plotNumber&quot;:&quot;ABC-5&quot;,&quot;street&quot;:&quot;K Avenue&quot;,&quot;state&quot;:&quot;TX&quot;,&quot;country&quot;:&quot;USA&quot;,&quot;zipCode&quot;:75986},&quot;user_id&quot;:9651,&quot;user_first_name&quot;:&quot;madhumati&quot;,&quot;user_last_name&quot;:&quot;kanann&quot;,&quot;user_contact_number&quot;:2857338498,&quot;user_email_id&quot;:&quot;madhuk8@gmail.com&quot;,&quot;creation_time&quot;:&quot;2024-10-14T13:22:08.173+00:00&quot;,&quot;last_mod_time&quot;:&quot;2024-10-14T13:22:08.173+00:00&quot;},{&quot;userAddress&quot;:{&quot;addressId&quot;:9156,&quot;plotNumber&quot;:&quot;P1-10&quot;,&quot;street&quot;:&quot;Green Rue&quot;,&quot;state&quot;:&quot;TX&quot;,&quot;country&quot;:&quot;USA&quot;,&quot;zipCode&quot;:12356},&quot;user_id&quot;:9188,&quot;user_first_name&quot;:&quot;Veda&quot;,&quot;user_last_name&quot;:&quot;Jacobi&quot;,&quot;user_contact_number&quot;:3607896122,&quot;user_email_id&quot;:&quot;Tracey99@hotmail.com&quot;,&quot;creation_time&quot;:&quot;2024-10-14T04:35:12.569+00:00&quot;,&quot;last_mod_time&quot;:&quot;2024-10-14T04:35:12.569+00:00&quot;},{&quot;userAddress&quot;:{&quot;addressId&quot;:10490,&quot;plotNumber&quot;:&quot;102-AB&quot;,&quot;street&quot;:&quot;village&quot;,&quot;state&quot;:&quot;CA&quot;,&quot;country&quot;:&quot;USA&quot;,&quot;zipCode&quot;:95671},&quot;user_id&quot;:10522,&quot;user_first_name&quot;:&quot;kkk&quot;,&quot;user_last_name&quot;:&quot;vv&quot;,&quot;user_contact_number&quot;:2004560009,&quot;user_email_id&quot;:&quot;kkvv@gmail.com&quot;,&quot;creation_time&quot;:&quot;2024-10-17T02:49:01.243+00:00&quot;,&quot;last_mod_time&quot;:&quot;2024-10-17T02:49:01.243+00:00&quot;},{&quot;userAddress&quot;:{&quot;addressId&quot;:9666,&quot;plotNumber&quot;:&quot;P1-110&quot;,&quot;street&quot;:&quot;Angela Underpass&quot;,&quot;state&quot;:&quot;TX&quot;,&quot;country&quot;:&quot;USA&quot;,&quot;zipCode&quot;:12356},&quot;user_id&quot;:9698,&quot;user_first_name&quot;:&quot;Pietro&quot;,&quot;user_last_name&quot;:&quot;Stoltenberg&quot;,&quot;user_contact_number&quot;:3607896420,&quot;user_email_id&quot;:&quot;Amparo5@hotmail.com&quot;,&quot;creation_time&quot;:&quot;2024-10-14T15:11:22.893+00:00&quot;,&quot;last_mod_time&quot;:&quot;2024-10-14T15:11:22.893+00:00&quot;},{&quot;userAddress&quot;:{&quot;addressId&quot;:9036,&quot;plotNumber&quot;:&quot;p-11&quot;,&quot;street&quot;:&quot;Lontree&quot;,&quot;state&quot;:&quot;California&quot;,&quot;country&quot;:&quot;USA&quot;,&quot;zipCode&quot;:978},&quot;user_id&quot;:9068,&quot;user_first_name&quot;:&quot;Resh&quot;,&quot;user_last_name&quot;:&quot;rohan&quot;,&quot;user_contact_number&quot;:9955887336,&quot;user_email_id&quot;:&quot;Resh@gmail.com&quot;,&quot;creation_time&quot;:&quot;2024-10-14T01:41:58.039+00:00&quot;,&quot;last_mod_time&quot;:&quot;2024-10-14T01:41:58.039+00:00&quot;},{&quot;userAddress&quot;:{&quot;addressId&quot;:9686,&quot;plotNumber&quot;:&quot;pl-2&quot;,&quot;street&quot;:&quot;shadow sR&quot;,&quot;state&quot;:&quot;GA&quot;,&quot;country&quot;:&quot;INDIA&quot;,&quot;zipCode&quot;:66466},&quot;user_id&quot;:9718,&quot;user_first_name&quot;:&quot;zarass&quot;,&quot;user_last_name&quot;:&quot;patricc&quot;,&quot;user_contact_number&quot;:5834567476,&quot;user_email_id&quot;:&quot;zaraateste124@gmail.com&quot;,&quot;creation_time&quot;:&quot;2024-10-14T15:48:55.352+00:00&quot;,&quot;last_mod_time&quot;:&quot;2024-10-14T15:48:55.352+00:00&quot;},{&quot;userAddress&quot;:{&quot;addressId&quot;:10491,&quot;plotNumber&quot;:&quot;102-AB&quot;,&quot;street&quot;:&quot;village&quot;,&quot;state&quot;:&quot;CA&quot;,&quot;country&quot;:&quot;USA&quot;,&quot;zipCode&quot;:95671},&quot;user_id&quot;:10523,&quot;user_first_name&quot;:&quot;reyanshs&quot;,&quot;user_last_name&quot;:&quot;sirangu&quot;,&quot;user_contact_number&quot;:2004550009,&quot;user_email_id&quot;:&quot;reyanshs@gmail.com&quot;,&quot;creation_time&quot;:&quot;2024-10-17T02:51:28.334+00:00&quot;,&quot;last_mod_time&quot;:&quot;2024-10-17T02:51:28.334+00:00&quot;},{&quot;userAddress&quot;:{&quot;addressId&quot;:9668,&quot;plotNumber&quot;:&quot;23-abc&quot;,&quot;street&quot;:&quot;Foster street&quot;,&quot;state&quot;:&quot;jhjkdlshf&quot;,&quot;country&quot;:&quot;USA&quot;,&quot;zipCode&quot;:null},&quot;user_id&quot;:9700,&quot;user_first_name&quot;:&quot;Michael N&quot;,&quot;user_last_name&quot;:&quot;Jackson J&quot;,&quot;user_contact_number&quot;:8501173487,&quot;user_email_id&quot;:&quot;MichaelN@gmail.com&quot;,&quot;creation_time&quot;:&quot;2024-10-14T15:18:51.161+00:00&quot;,&quot;last_mod_time&quot;:&quot;2024-10-14T15:18:51.161+00:00&quot;},{&quot;userAddress&quot;:{&quot;addressId&quot;:9669,&quot;plotNumber&quot;:null,&quot;street&quot;:&quot;spring&quot;,&quot;state&quot;:&quot;virginia&quot;,&quot;country&quot;:&quot;USA&quot;,&quot;zipCode&quot;:20166},&quot;user_id&quot;:9701,&quot;user_first_name&quot;:&quot;Reshma&quot;,&quot;user_last_name&quot;:&quot;Ranii&quot;,&quot;user_contact_number&quot;:6047889080,&quot;user_email_id&quot;:&quot;sehnarani1@gmail.com&quot;,&quot;creation_time&quot;:&quot;2024-10-14T15:18:55.053+00:00&quot;,&quot;last_mod_time&quot;:&quot;2024-10-14T15:18:55.053+00:00&quot;},{&quot;userAddress&quot;:{&quot;addressId&quot;:9670,&quot;plotNumber&quot;:&quot;PL-131&quot;,&quot;street&quot;:&quot;Alderbranch&quot;,&quot;state&quot;:&quot;NC&quot;,&quot;country&quot;:&quot;USA&quot;,&quot;zipCode&quot;:27529234545},&quot;user_id&quot;:9702,&quot;user_first_name&quot;:&quot;Sangeetha&quot;,&quot;user_last_name&quot;:&quot;Ponugoti&quot;,&quot;user_contact_number&quot;:2313005688,&quot;user_email_id&quot;:&quot;Team02Sowjanya45@gmail.com&quot;,&quot;creation_time&quot;:&quot;2024-10-14T15:19:23.845+00:00&quot;,&quot;last_mod_time&quot;:&quot;2024-10-14T15:19:23.845+00:00&quot;},{&quot;userAddress&quot;:{&quot;addressId&quot;:9015,&quot;plotNumber&quot;:&quot;p-121&quot;,&quot;street&quot;:&quot;Lontree&quot;,&quot;state&quot;:&quot;California&quot;,&quot;country&quot;:&quot;USA&quot;,&quot;zipCode&quot;:95678},&quot;user_id&quot;:9047,&quot;user_first_name&quot;:&quot;seetha&quot;,&quot;user_last_name&quot;:&quot;vishwa&quot;,&quot;user_contact_number&quot;:9998887776,&quot;user_email_id&quot;:&quot;seetha@gmail.com&quot;,&quot;creation_time&quot;:&quot;2024-10-14T00:14:16.562+00:00&quot;,&quot;last_mod_time&quot;:&quot;2024-10-14T02:04:41.955+00:00&quot;},{&quot;userAddress&quot;:{&quot;addressId&quot;:9041,&quot;plotNumber&quot;:&quot;123-A&quot;,&quot;street&quot;:&quot;Main Street&quot;,&quot;state&quot;:&quot;PA&quot;,&quot;country&quot;:&quot;USA&quot;,&quot;zipCode&quot;:12534},&quot;user_id&quot;:9073,&quot;user_first_name&quot;:&quot;Neam&quot;,&quot;user_last_name&quot;:&quot;Aide&quot;,&quot;user_contact_number&quot;:9231235468,&quot;user_email_id&quot;:&quot;stringabc@yahoo.com&quot;,&quot;creation_time&quot;:&quot;2024-10-14T02:07:18.148+00:00&quot;,&quot;last_mod_time&quot;:&quot;2024-10-14T02:07:18.148+00:00&quot;},{&quot;userAddress&quot;:{&quot;addressId&quot;:9671,&quot;plotNumber&quot;:&quot;23-abc&quot;,&quot;street&quot;:&quot;Foster street&quot;,&quot;state&quot;:&quot;jhjkdlshf&quot;,&quot;country&quot;:&quot;USA&quot;,&quot;zipCode&quot;:1234567},&quot;user_id&quot;:9703,&quot;user_first_name&quot;:&quot;Michael F&quot;,&quot;user_last_name&quot;:&quot;Jackson&quot;,&quot;user_contact_number&quot;:8801673487,&quot;user_email_id&quot;:&quot;24325234562@123.com&quot;,&quot;creation_time&quot;:&quot;2024-10-14T15:20:30.448+00:00&quot;,&quot;last_mod_time&quot;:&quot;2024-10-14T15:20:30.448+00:00&quot;},{&quot;userAddress&quot;:{&quot;addressId&quot;:10492,&quot;plotNumber&quot;:&quot;102-AB&quot;,&quot;street&quot;:&quot;village&quot;,&quot;state&quot;:&quot;CA&quot;,&quot;country&quot;:&quot;USA&quot;,&quot;zipCode&quot;:95671},&quot;user_id&quot;:10524,&quot;user_first_name&quot;:&quot;reyanshss&quot;,&quot;user_last_name&quot;:&quot;sirangus&quot;,&quot;user_contact_number&quot;:2004551119,&quot;user_email_id&quot;:&quot;reyanshsr@gmail.com&quot;,&quot;creation_time&quot;:&quot;2024-10-17T02:52:47.844+00:00&quot;,&quot;last_mod_time&quot;:&quot;2024-10-17T02:52:47.844+00:00&quot;},{&quot;userAddress&quot;:{&quot;addressId&quot;:10493,&quot;plotNumber&quot;:&quot;19-a&quot;,&quot;street&quot;:&quot;Cypress Dr&quot;,&quot;state&quot;:&quot;Texas&quot;,&quot;country&quot;:&quot;USA&quot;,&quot;zipCode&quot;:null},&quot;user_id&quot;:10525,&quot;user_first_name&quot;:&quot;Vijaya&quot;,&quot;user_last_name&quot;:&quot;TeamThree&quot;,&quot;user_contact_number&quot;:5778524224,&quot;user_email_id&quot;:&quot;branden.metz@example.com&quot;,&quot;creation_time&quot;:&quot;2024-10-17T02:53:12.281+00:00&quot;,&quot;last_mod_time&quot;:&quot;2024-10-17T02:53:12.281+00:00&quot;},{&quot;userAddress&quot;:{&quot;addressId&quot;:10494,&quot;plotNumber&quot;:&quot;19-a&quot;,&quot;street&quot;:&quot;Cypress Dr&quot;,&quot;state&quot;:&quot;Texas&quot;,&quot;country&quot;:&quot;USA&quot;,&quot;zipCode&quot;:null},&quot;user_id&quot;:10526,&quot;user_first_name&quot;:&quot;Vijaya&quot;,&quot;user_last_name&quot;:&quot;TeamThree&quot;,&quot;user_contact_number&quot;:5997245605,&quot;user_email_id&quot;:&quot;randy.lindgren@example.com&quot;,&quot;creation_time&quot;:&quot;2024-10-17T02:53:13.103+00:00&quot;,&quot;last_mod_time&quot;:&quot;2024-10-17T02:53:13.103+00:00&quot;},{&quot;userAddress&quot;:{&quot;addressId&quot;:9047,&quot;plotNumber&quot;:&quot;123165-A&quot;,&quot;street&quot;:&quot;Main Street&quot;,&quot;state&quot;:&quot;PA&quot;,&quot;country&quot;:&quot;USA&quot;,&quot;zipCode&quot;:12534},&quot;user_id&quot;:9079,&quot;user_first_name&quot;:&quot;Naomi&quot;,&quot;user_last_name&quot;:&quot;Jason&quot;,&quot;user_contact_number&quot;:9231235436,&quot;user_email_id&quot;:&quot;stringhgabc@yahoo.com&quot;,&quot;creation_time&quot;:&quot;2024-10-14T02:18:26.558+00:00&quot;,&quot;last_mod_time&quot;:&quot;2024-10-14T02:18:26.558+00:00&quot;},{&quot;userAddress&quot;:{&quot;addressId&quot;:10495,&quot;plotNumber&quot;:&quot;102-AB&quot;,&quot;street&quot;:&quot;village&quot;,&quot;state&quot;:&quot;CA&quot;,&quot;country&quot;:&quot;USA&quot;,&quot;zipCode&quot;:95671},&quot;user_id&quot;:10527,&quot;user_first_name&quot;:&quot;manasuru&quot;,&quot;user_last_name&quot;:&quot;sirangusmanu&quot;,&quot;user_contact_number&quot;:2220051119,&quot;user_email_id&quot;:&quot;manusuru@gmail.com&quot;,&quot;creation_time&quot;:&quot;2024-10-17T02:54:22.115+00:00&quot;,&quot;last_mod_time&quot;:&quot;2024-10-17T02:54:22.115+00:00&quot;},{&quot;userAddress&quot;:{&quot;addressId&quot;:9050,&quot;plotNumber&quot;:&quot;P1-10&quot;,&quot;street&quot;:&quot;Hessel Tunnel&quot;,&quot;state&quot;:&quot;TX&quot;,&quot;country&quot;:&quot;USA&quot;,&quot;zipCode&quot;:12356},&quot;user_id&quot;:9082,&quot;user_first_name&quot;:&quot;Ashton&quot;,&quot;user_last_name&quot;:&quot;Kreiger&quot;,&quot;user_contact_number&quot;:9478503690,&quot;user_email_id&quot;:&quot;Oswald_Franecki@hotmail.com&quot;,&quot;creation_time&quot;:&quot;2024-10-14T02:22:46.445+00:00&quot;,&quot;last_mod_time&quot;:&quot;2024-10-14T02:22:46.445+00:00&quot;},{&quot;userAddress&quot;:{&quot;addressId&quot;:9055,&quot;plotNumber&quot;:&quot;P1-10&quot;,&quot;street&quot;:&quot;Crist Manor&quot;,&quot;state&quot;:&quot;TX&quot;,&quot;country&quot;:&quot;USA&quot;,&quot;zipCode&quot;:12356},&quot;user_id&quot;:9087,&quot;user_first_name&quot;:&quot;Rosalyn&quot;,&quot;user_last_name&quot;:&quot;Stamm&quot;,&quot;user_contact_number&quot;:9478503695,&quot;user_email_id&quot;:&quot;Cordelia.Rempel@hotmail.com&quot;,&quot;creation_time&quot;:&quot;2024-10-14T02:25:01.911+00:00&quot;,&quot;last_mod_time&quot;:&quot;2024-10-14T02:25:01.911+00:00&quot;},{&quot;userAddress&quot;:{&quot;addressId&quot;:9810,&quot;plotNumber&quot;:&quot;P1-110&quot;,&quot;street&quot;:&quot;Gulgowski Expressway&quot;,&quot;state&quot;:&quot;TX&quot;,&quot;country&quot;:&quot;USA&quot;,&quot;zipCode&quot;:12356},&quot;user_id&quot;:9842,&quot;user_first_name&quot;:&quot;Herminia&quot;,&quot;user_last_name&quot;:&quot;Mertz&quot;,&quot;user_contact_number&quot;:3607896176,&quot;user_email_id&quot;:&quot;Hester91@hotmail.com&quot;,&quot;creation_time&quot;:&quot;2024-10-14T17:29:05.760+00:00&quot;,&quot;last_mod_time&quot;:&quot;2024-10-14T17:29:05.760+00:00&quot;},{&quot;userAddress&quot;:{&quot;addressId&quot;:9680,&quot;plotNumber&quot;:&quot;pl-2&quot;,&quot;street&quot;:&quot;shadow sR&quot;,&quot;state&quot;:&quot;GA&quot;,&quot;country&quot;:&quot;INDIA&quot;,&quot;zipCode&quot;:66466},&quot;user_id&quot;:9712,&quot;user_first_name&quot;:&quot;zaras&quot;,&quot;user_last_name&quot;:&quot;patric&quot;,&quot;user_contact_number&quot;:5834567475,&quot;user_email_id&quot;:&quot;zaraateste121@gmail.com&quot;,&quot;creation_time&quot;:&quot;2024-10-14T15:44:32.433+00:00&quot;,&quot;last_mod_time&quot;:&quot;2024-10-14T15:44:32.433+00:00&quot;},{&quot;userAddress&quot;:{&quot;addressId&quot;:9059,&quot;plotNumber&quot;:&quot;P1-10&quot;,&quot;street&quot;:&quot;Gislason Hill&quot;,&quot;state&quot;:&quot;TX&quot;,&quot;country&quot;:&quot;USA&quot;,&quot;zipCode&quot;:12356},&quot;user_id&quot;:9091,&quot;user_first_name&quot;:&quot;Cole&quot;,&quot;user_last_name&quot;:&quot;Spinka&quot;,&quot;user_contact_number&quot;:6478503695,&quot;user_email_id&quot;:&quot;Winston.Beer@hotmail.com&quot;,&quot;creation_time&quot;:&quot;2024-10-14T02:27:14.884+00:00&quot;,&quot;last_mod_time&quot;:&quot;2024-10-14T02:27:14.884+00:00&quot;},{&quot;userAddress&quot;:{&quot;addressId&quot;:9812,&quot;plotNumber&quot;:&quot;P1-110&quot;,&quot;street&quot;:&quot;Savion Island&quot;,&quot;state&quot;:&quot;TX&quot;,&quot;country&quot;:&quot;USA&quot;,&quot;zipCode&quot;:12356},&quot;user_id&quot;:9844,&quot;user_first_name&quot;:&quot;Zaria&quot;,&quot;user_last_name&quot;:&quot;Champlin&quot;,&quot;user_contact_number&quot;:3607896825,&quot;user_email_id&quot;:&quot;Chandler_Borer@hotmail.com&quot;,&quot;creation_time&quot;:&quot;2024-10-14T17:29:09.280+00:00&quot;,&quot;last_mod_time&quot;:&quot;2024-10-14T17:29:09.280+00:00&quot;},{&quot;userAddress&quot;:{&quot;addressId&quot;:9062,&quot;plotNumber&quot;:&quot;P1-10&quot;,&quot;street&quot;:&quot;Weber Cliffs&quot;,&quot;state&quot;:&quot;TX&quot;,&quot;country&quot;:&quot;USA&quot;,&quot;zipCode&quot;:12356},&quot;user_id&quot;:9094,&quot;user_first_name&quot;:&quot;Talia&quot;,&quot;user_last_name&quot;:&quot;Ratke&quot;,&quot;user_contact_number&quot;:3478503695,&quot;user_email_id&quot;:&quot;Hardy82@hotmail.com&quot;,&quot;creation_time&quot;:&quot;2024-10-14T02:28:23.529+00:00&quot;,&quot;last_mod_time&quot;:&quot;2024-10-14T02:28:23.529+00:00&quot;},{&quot;userAddress&quot;:{&quot;addressId&quot;:9064,&quot;plotNumber&quot;:&quot;P1-10&quot;,&quot;street&quot;:&quot;Funk Island&quot;,&quot;state&quot;:&quot;TX&quot;,&quot;country&quot;:&quot;USA&quot;,&quot;zipCode&quot;:12356},&quot;user_id&quot;:9096,&quot;user_first_name&quot;:&quot;Fredrick&quot;,&quot;user_last_name&quot;:&quot;Franecki&quot;,&quot;user_contact_number&quot;:4478503695,&quot;user_email_id&quot;:&quot;Elyssa_Larkin39@yahoo.com&quot;,&quot;creation_time&quot;:&quot;2024-10-14T02:30:04.017+00:00&quot;,&quot;last_mod_time&quot;:&quot;2024-10-14T02:30:04.017+00:00&quot;},{&quot;userAddress&quot;:{&quot;addressId&quot;:9066,&quot;plotNumber&quot;:&quot;abc-123&quot;,&quot;street&quot;:&quot;kentwood&quot;,&quot;state&quot;:&quot;michigan&quot;,&quot;country&quot;:&quot;usa&quot;,&quot;zipCode&quot;:49315},&quot;user_id&quot;:9098,&quot;user_first_name&quot;:&quot;neha&quot;,&quot;user_last_name&quot;:&quot;jain&quot;,&quot;user_contact_number&quot;:2456789071,&quot;user_email_id&quot;:&quot;nehaj2408@gmail.com&quot;,&quot;creation_time&quot;:&quot;2024-10-14T02:37:34.314+00:00&quot;,&quot;last_mod_time&quot;:&quot;2024-10-14T02:37:34.314+00:00&quot;},{&quot;userAddress&quot;:{&quot;addressId&quot;:9814,&quot;plotNumber&quot;:&quot;P1-110&quot;,&quot;street&quot;:&quot;Oberbrunner Mountain&quot;,&quot;state&quot;:&quot;TX&quot;,&quot;country&quot;:&quot;USA&quot;,&quot;zipCode&quot;:12356},&quot;user_id&quot;:9846,&quot;user_first_name&quot;:&quot;Casimer&quot;,&quot;user_last_name&quot;:&quot;Sipes&quot;,&quot;user_contact_number&quot;:3607896290,&quot;user_email_id&quot;:&quot;Eloisa46@hotmail.com&quot;,&quot;creation_time&quot;:&quot;2024-10-14T17:29:15.727+00:00&quot;,&quot;last_mod_time&quot;:&quot;2024-10-14T17:29:15.727+00:00&quot;},{&quot;userAddress&quot;:{&quot;addressId&quot;:9687,&quot;plotNumber&quot;:&quot;P1-10&quot;,&quot;street&quot;:&quot;Gottlieb Mount&quot;,&quot;state&quot;:&quot;TX&quot;,&quot;country&quot;:&quot;USA&quot;,&quot;zipCode&quot;:12356},&quot;user_id&quot;:9719,&quot;user_first_name&quot;:&quot;Chelsea&quot;,&quot;user_last_name&quot;:&quot;Flatley&quot;,&quot;user_contact_number&quot;:1234567890,&quot;user_email_id&quot;:&quot;Lorine_Russel16@hotmail.com&quot;,&quot;creation_time&quot;:&quot;2024-10-14T15:53:19.307+00:00&quot;,&quot;last_mod_time&quot;:&quot;2024-10-14T15:53:19.307+00:00&quot;},{&quot;userAddress&quot;:{&quot;addressId&quot;:9065,&quot;plotNumber&quot;:&quot;153-A&quot;,&quot;street&quot;:&quot;Main Street&quot;,&quot;state&quot;:&quot;PA&quot;,&quot;country&quot;:&quot;USA&quot;,&quot;zipCode&quot;:12534},&quot;user_id&quot;:9097,&quot;user_first_name&quot;:&quot;Manny&quot;,&quot;user_last_name&quot;:&quot;Jason&quot;,&quot;user_contact_number&quot;:9231698396,&quot;user_email_id&quot;:&quot;stringsgabc@yahoo.com&quot;,&quot;creation_time&quot;:&quot;2024-10-14T02:35:47.693+00:00&quot;,&quot;last_mod_time&quot;:&quot;2024-10-14T02:49:35.166+00:00&quot;},{&quot;userAddress&quot;:{&quot;addressId&quot;:9689,&quot;plotNumber&quot;:&quot;P1-110&quot;,&quot;street&quot;:&quot;Lucy Court&quot;,&quot;state&quot;:&quot;TX&quot;,&quot;country&quot;:&quot;USA&quot;,&quot;zipCode&quot;:12356},&quot;user_id&quot;:9721,&quot;user_first_name&quot;:&quot;Bonnie&quot;,&quot;user_last_name&quot;:&quot;MacGyver&quot;,&quot;user_contact_number&quot;:3607896236,&quot;user_email_id&quot;:&quot;Kari_Hand12@gmail.com&quot;,&quot;creation_time&quot;:&quot;2024-10-14T15:53:24.869+00:00&quot;,&quot;last_mod_time&quot;:&quot;2024-10-14T15:53:24.869+00:00&quot;},{&quot;userAddress&quot;:{&quot;addressId&quot;:9817,&quot;plotNumber&quot;:&quot;P1-110&quot;,&quot;street&quot;:&quot;King Meadow&quot;,&quot;state&quot;:&quot;TX&quot;,&quot;country&quot;:&quot;USA&quot;,&quot;zipCode&quot;:12356},&quot;user_id&quot;:9849,&quot;user_first_name&quot;:&quot;Wade&quot;,&quot;user_last_name&quot;:&quot;Homenick&quot;,&quot;user_contact_number&quot;:3607896378,&quot;user_email_id&quot;:&quot;Vern.Smitham30@gmail.com&quot;,&quot;creation_time&quot;:&quot;2024-10-14T17:29:23.134+00:00&quot;,&quot;last_mod_time&quot;:&quot;2024-10-14T17:29:23.134+00:00&quot;},{&quot;userAddress&quot;:{&quot;addressId&quot;:9693,&quot;plotNumber&quot;:&quot;P1-110&quot;,&quot;street&quot;:&quot;Jermey Gardens&quot;,&quot;state&quot;:&quot;TX&quot;,&quot;country&quot;:&quot;USA&quot;,&quot;zipCode&quot;:12356},&quot;user_id&quot;:9725,&quot;user_first_name&quot;:&quot;Royce&quot;,&quot;user_last_name&quot;:&quot;Sauer&quot;,&quot;user_contact_number&quot;:3607896147,&quot;user_email_id&quot;:&quot;Korbin_Sanford@hotmail.com&quot;,&quot;creation_time&quot;:&quot;2024-10-14T15:53:32.210+00:00&quot;,&quot;last_mod_time&quot;:&quot;2024-10-14T15:53:32.210+00:00&quot;},{&quot;userAddress&quot;:{&quot;addressId&quot;:9205,&quot;plotNumber&quot;:&quot;p1-05&quot;,&quot;street&quot;:&quot;teaole&quot;,&quot;state&quot;:&quot;Tx&quot;,&quot;country&quot;:&quot;USA&quot;,&quot;zipCode&quot;:75078},&quot;user_id&quot;:9237,&quot;user_first_name&quot;:&quot;Numpy&quot;,&quot;user_last_name&quot;:&quot;Lalitha&quot;,&quot;user_contact_number&quot;:1945678073,&quot;user_email_id&quot;:&quot;team2numpy@gmail.com&quot;,&quot;creation_time&quot;:&quot;2024-10-14T05:30:33.554+00:00&quot;,&quot;last_mod_time&quot;:&quot;2024-10-14T05:30:33.554+00:00&quot;},{&quot;userAddress&quot;:{&quot;addressId&quot;:9080,&quot;plotNumber&quot;:&quot;345-A&quot;,&quot;street&quot;:&quot;Main&quot;,&quot;state&quot;:&quot;VA&quot;,&quot;country&quot;:&quot;USA&quot;,&quot;zipCode&quot;:123645},&quot;user_id&quot;:9112,&quot;user_first_name&quot;:&quot;Manny&quot;,&quot;user_last_name&quot;:&quot;Parker&quot;,&quot;user_contact_number&quot;:1238762345,&quot;user_email_id&quot;:&quot;mannypark@parker.com&quot;,&quot;creation_time&quot;:&quot;2024-10-14T03:09:11.157+00:00&quot;,&quot;last_mod_time&quot;:&quot;2024-10-14T03:09:11.157+00:00&quot;},{&quot;userAddress&quot;:{&quot;addressId&quot;:9695,&quot;plotNumber&quot;:&quot;P1-110&quot;,&quot;street&quot;:&quot;Bennett Station&quot;,&quot;state&quot;:&quot;TX&quot;,&quot;country&quot;:&quot;USA&quot;,&quot;zipCode&quot;:12356},&quot;user_id&quot;:9727,&quot;user_first_name&quot;:&quot;Nickolas&quot;,&quot;user_last_name&quot;:&quot;Lebsack&quot;,&quot;user_contact_number&quot;:3607896535,&quot;user_email_id&quot;:&quot;Johnathan55@hotmail.com&quot;,&quot;creation_time&quot;:&quot;2024-10-14T15:53:53.948+00:00&quot;,&quot;last_mod_time&quot;:&quot;2024-10-14T15:53:53.948+00:00&quot;},{&quot;userAddress&quot;:{&quot;addressId&quot;:9697,&quot;plotNumber&quot;:&quot;P1-110&quot;,&quot;street&quot;:&quot;Asia Loop&quot;,&quot;state&quot;:&quot;TX&quot;,&quot;country&quot;:&quot;USA&quot;,&quot;zipCode&quot;:12356},&quot;user_id&quot;:9729,&quot;user_first_name&quot;:&quot;Justyn&quot;,&quot;user_last_name&quot;:&quot;Feeney&quot;,&quot;user_contact_number&quot;:3607896223,&quot;user_email_id&quot;:&quot;Retha_Hagenes@hotmail.com&quot;,&quot;creation_time&quot;:&quot;2024-10-14T15:53:58.039+00:00&quot;,&quot;last_mod_time&quot;:&quot;2024-10-14T15:53:58.039+00:00&quot;},{&quot;userAddress&quot;:{&quot;addressId&quot;:9699,&quot;plotNumber&quot;:&quot;P1-110&quot;,&quot;street&quot;:&quot;Pollich Expressway&quot;,&quot;state&quot;:&quot;TX&quot;,&quot;country&quot;:&quot;USA&quot;,&quot;zipCode&quot;:12356},&quot;user_id&quot;:9731,&quot;user_first_name&quot;:&quot;Kennedi&quot;,&quot;user_last_name&quot;:&quot;Mertz&quot;,&quot;user_contact_number&quot;:3607896347,&quot;user_email_id&quot;:&quot;Breana.Skiles59@gmail.com&quot;,&quot;creation_time&quot;:&quot;2024-10-14T15:54:01.780+00:00&quot;,&quot;last_mod_time&quot;:&quot;2024-10-14T15:54:01.780+00:00&quot;},{&quot;userAddress&quot;:{&quot;addressId&quot;:9828,&quot;plotNumber&quot;:null,&quot;street&quot;:null,&quot;state&quot;:null,&quot;country&quot;:null,&quot;zipCode&quot;:null},&quot;user_id&quot;:9860,&quot;user_first_name&quot;:&quot;ixREKrNodN&quot;,&quot;user_last_name&quot;:&quot;OcfERYqZzZ&quot;,&quot;user_contact_number&quot;:6983636204,&quot;user_email_id&quot;:&quot;team2dggn5n0p6cn7@gmail.com&quot;,&quot;creation_time&quot;:&quot;2024-10-14T17:58:29.501+00:00&quot;,&quot;last_mod_time&quot;:&quot;2024-10-14T17:58:29.501+00:00&quot;},{&quot;userAddress&quot;:{&quot;addressId&quot;:9227,&quot;plotNumber&quot;:&quot;p1-23&quot;,&quot;street&quot;:&quot;olive&quot;,&quot;state&quot;:&quot;Tx&quot;,&quot;country&quot;:&quot;USA&quot;,&quot;zipCode&quot;:73567},&quot;user_id&quot;:9259,&quot;user_first_name&quot;:&quot;lalit&quot;,&quot;user_last_name&quot;:&quot;team&quot;,&quot;user_contact_number&quot;:1234576890,&quot;user_email_id&quot;:&quot;team2octnump@gmail.com&quot;,&quot;creation_time&quot;:&quot;2024-10-14T05:45:03.757+00:00&quot;,&quot;last_mod_time&quot;:&quot;2024-10-14T05:45:03.757+00:00&quot;},{&quot;userAddress&quot;:{&quot;addressId&quot;:10003,&quot;plotNumber&quot;:&quot;p1-01&quot;,&quot;street&quot;:&quot;mainstreet&quot;,&quot;state&quot;:&quot;ny&quot;,&quot;country&quot;:&quot;usa&quot;,&quot;zipCode&quot;:12369},&quot;user_id&quot;:10035,&quot;user_first_name&quot;:&quot;Seth&quot;,&quot;user_last_name&quot;:&quot;Quigley&quot;,&quot;user_contact_number&quot;:1154422333,&quot;user_email_id&quot;:&quot;Waino.Donnelly62@hotmail.com&quot;,&quot;creation_time&quot;:&quot;2024-10-15T18:41:12.553+00:00&quot;,&quot;last_mod_time&quot;:&quot;2024-10-15T18:41:12.553+00:00&quot;},{&quot;userAddress&quot;:{&quot;addressId&quot;:9351,&quot;plotNumber&quot;:&quot;P1-10&quot;,&quot;street&quot;:&quot;Weimann Club&quot;,&quot;state&quot;:&quot;TX&quot;,&quot;country&quot;:&quot;USA&quot;,&quot;zipCode&quot;:12356},&quot;user_id&quot;:9383,&quot;user_first_name&quot;:&quot;Vivianne&quot;,&quot;user_last_name&quot;:&quot;Nienow&quot;,&quot;user_contact_number&quot;:3607896734,&quot;user_email_id&quot;:&quot;Kaitlyn_Strosin22@gmail.com&quot;,&quot;creation_time&quot;:&quot;2024-10-14T07:01:25.716+00:00&quot;,&quot;last_mod_time&quot;:&quot;2024-10-14T07:01:25.716+00:00&quot;},{&quot;userAddress&quot;:{&quot;addressId&quot;:9358,&quot;plotNumber&quot;:&quot;P1-10&quot;,&quot;street&quot;:&quot;Rippin Way&quot;,&quot;state&quot;:&quot;TX&quot;,&quot;country&quot;:&quot;USA&quot;,&quot;zipCode&quot;:12356},&quot;user_id&quot;:9390,&quot;user_first_name&quot;:&quot;Van&quot;,&quot;user_last_name&quot;:&quot;Koss&quot;,&quot;user_contact_number&quot;:3607896630,&quot;user_email_id&quot;:&quot;Lynn22@hotmail.com&quot;,&quot;creation_time&quot;:&quot;2024-10-14T07:13:29.394+00:00&quot;,&quot;last_mod_time&quot;:&quot;2024-10-14T07:13:29.394+00:00&quot;},{&quot;userAddress&quot;:{&quot;addressId&quot;:9368,&quot;plotNumber&quot;:&quot;345-p&quot;,&quot;street&quot;:&quot;sterling&quot;,&quot;state&quot;:&quot;Minnesota&quot;,&quot;country&quot;:&quot;USA&quot;,&quot;zipCode&quot;:52},&quot;user_id&quot;:9400,&quot;user_first_name&quot;:&quot;ssallsheena&quot;,&quot;user_last_name&quot;:&quot;Hhanena&quot;,&quot;user_contact_number&quot;:6955233771,&quot;user_email_id&quot;:&quot;hr10@yahoo.com&quot;,&quot;creation_time&quot;:&quot;2024-10-14T07:42:41.390+00:00&quot;,&quot;last_mod_time&quot;:&quot;2024-10-14T07:42:41.390+00:00&quot;},{&quot;userAddress&quot;:{&quot;addressId&quot;:9829,&quot;plotNumber&quot;:null,&quot;street&quot;:null,&quot;state&quot;:null,&quot;country&quot;:null,&quot;zipCode&quot;:null},&quot;user_id&quot;:9861,&quot;user_first_name&quot;:&quot;lZFdbBMtMa&quot;,&quot;user_last_name&quot;:&quot;LPlSwIQEDy&quot;,&quot;user_contact_number&quot;:5521860498,&quot;user_email_id&quot;:&quot;team2egm656plc3ed@gmail.com&quot;,&quot;creation_time&quot;:&quot;2024-10-14T17:58:29.720+00:00&quot;,&quot;last_mod_time&quot;:&quot;2024-10-14T17:58:29.720+00:00&quot;},{&quot;userAddress&quot;:{&quot;addressId&quot;:9830,&quot;plotNumber&quot;:null,&quot;street&quot;:null,&quot;state&quot;:null,&quot;country&quot;:null,&quot;zipCode&quot;:null},&quot;user_id&quot;:9862,&quot;user_first_name&quot;:&quot;CfmovUGFfR&quot;,&quot;user_last_name&quot;:&quot;vrIfxpGLBK&quot;,&quot;user_contact_number&quot;:1209931356,&quot;user_email_id&quot;:&quot;team2c8idd36ebl1e@gmail.com&quot;,&quot;creation_time&quot;:&quot;2024-10-14T17:58:30.107+00:00&quot;,&quot;last_mod_time&quot;:&quot;2024-10-14T17:58:30.107+00:00&quot;},{&quot;userAddress&quot;:{&quot;addressId&quot;:9831,&quot;plotNumber&quot;:null,&quot;street&quot;:null,&quot;state&quot;:null,&quot;country&quot;:null,&quot;zipCode&quot;:null},&quot;user_id&quot;:9863,&quot;user_first_name&quot;:&quot;PKtClHEojR&quot;,&quot;user_last_name&quot;:&quot;nrMlWEZvlE&quot;,&quot;user_contact_number&quot;:6991102241,&quot;user_email_id&quot;:&quot;team2j0oh90h0oii@gmail.com&quot;,&quot;creation_time&quot;:&quot;2024-10-14T17:58:30.427+00:00&quot;,&quot;last_mod_time&quot;:&quot;2024-10-14T17:58:30.427+00:00&quot;},{&quot;userAddress&quot;:{&quot;addressId&quot;:9832,&quot;plotNumber&quot;:null,&quot;street&quot;:null,&quot;state&quot;:null,&quot;country&quot;:null,&quot;zipCode&quot;:null},&quot;user_id&quot;:9864,&quot;user_first_name&quot;:&quot;JyChjuNcdq&quot;,&quot;user_last_name&quot;:&quot;WXFBhBHkyO&quot;,&quot;user_contact_number&quot;:4226081517,&quot;user_email_id&quot;:&quot;team2jmc8l1jno456@gmail.com&quot;,&quot;creation_time&quot;:&quot;2024-10-14T17:58:30.700+00:00&quot;,&quot;last_mod_time&quot;:&quot;2024-10-14T17:58:30.700+00:00&quot;},{&quot;userAddress&quot;:{&quot;addressId&quot;:9834,&quot;plotNumber&quot;:null,&quot;street&quot;:null,&quot;state&quot;:null,&quot;country&quot;:null,&quot;zipCode&quot;:null},&quot;user_id&quot;:9866,&quot;user_first_name&quot;:&quot;sVrmEZuslV&quot;,&quot;user_last_name&quot;:&quot;ZTnZrLZFFb&quot;,&quot;user_contact_number&quot;:4029109617,&quot;user_email_id&quot;:&quot;team2ed90pkal3pei@gmail.com&quot;,&quot;creation_time&quot;:&quot;2024-10-14T17:58:31.358+00:00&quot;,&quot;last_mod_time&quot;:&quot;2024-10-14T17:58:31.358+00:00&quot;},{&quot;userAddress&quot;:{&quot;addressId&quot;:9835,&quot;plotNumber&quot;:null,&quot;street&quot;:null,&quot;state&quot;:null,&quot;country&quot;:null,&quot;zipCode&quot;:null},&quot;user_id&quot;:9867,&quot;user_first_name&quot;:&quot;XJlVuNAbXW&quot;,&quot;user_last_name&quot;:&quot;yBghWhzLhY&quot;,&quot;user_contact_number&quot;:4644941501,&quot;user_email_id&quot;:&quot;team2ek9cn4g3ond@gmail.com&quot;,&quot;creation_time&quot;:&quot;2024-10-14T17:58:31.611+00:00&quot;,&quot;last_mod_time&quot;:&quot;2024-10-14T17:58:31.611+00:00&quot;},{&quot;userAddress&quot;:{&quot;addressId&quot;:9846,&quot;plotNumber&quot;:&quot;Ai-45&quot;,&quot;street&quot;:&quot;KeerAve&quot;,&quot;state&quot;:&quot;Ca&quot;,&quot;country&quot;:&quot;UnitedStates&quot;,&quot;zipCode&quot;:90876},&quot;user_id&quot;:9878,&quot;user_first_name&quot;:&quot;Nijaml&quot;,&quot;user_last_name&quot;:&quot;Gosh&quot;,&quot;user_contact_number&quot;:2349384549,&quot;user_email_id&quot;:&quot;jandh12@gmail.com&quot;,&quot;creation_time&quot;:&quot;2024-10-14T18:01:50.076+00:00&quot;,&quot;last_mod_time&quot;:&quot;2024-10-14T18:01:50.076+00:00&quot;},{&quot;userAddress&quot;:{&quot;addressId&quot;:10214,&quot;plotNumber&quot;:&quot;P1-13&quot;,&quot;street&quot;:&quot;Oak&quot;,&quot;state&quot;:&quot;TX&quot;,&quot;country&quot;:&quot;USA&quot;,&quot;zipCode&quot;:20895},&quot;user_id&quot;:10246,&quot;user_first_name&quot;:&quot;Boby&quot;,&quot;user_last_name&quot;:&quot;Smithy&quot;,&quot;user_contact_number&quot;:3939311556,&quot;user_email_id&quot;:&quot;BbrrSmithy@gmail.com&quot;,&quot;creation_time&quot;:&quot;2024-10-16T04:20:38.969+00:00&quot;,&quot;last_mod_time&quot;:&quot;2024-10-16T04:20:38.969+00:00&quot;},{&quot;userAddress&quot;:{&quot;addressId&quot;:10012,&quot;plotNumber&quot;:&quot;P1-10&quot;,&quot;street&quot;:&quot;London Trafficway&quot;,&quot;state&quot;:&quot;TX&quot;,&quot;country&quot;:&quot;USA&quot;,&quot;zipCode&quot;:12356},&quot;user_id&quot;:10044,&quot;user_first_name&quot;:&quot;Kurtis&quot;,&quot;user_last_name&quot;:&quot;Dooley&quot;,&quot;user_contact_number&quot;:5698741298,&quot;user_email_id&quot;:&quot;Anabelle84@yahoo.com&quot;,&quot;creation_time&quot;:&quot;2024-10-15T18:49:51.709+00:00&quot;,&quot;last_mod_time&quot;:&quot;2024-10-15T18:49:51.709+00:00&quot;},{&quot;userAddress&quot;:{&quot;addressId&quot;:10081,&quot;plotNumber&quot;:&quot;P1-12&quot;,&quot;street&quot;:&quot;Main&quot;,&quot;state&quot;:&quot;CA&quot;,&quot;country&quot;:&quot;USA&quot;,&quot;zipCode&quot;:20875},&quot;user_id&quot;:10113,&quot;user_first_name&quot;:&quot;Alice&quot;,&quot;user_last_name&quot;:&quot;Johnson&quot;,&quot;user_contact_number&quot;:2024447222,&quot;user_email_id&quot;:&quot;AiJohnson@example.com&quot;,&quot;creation_time&quot;:&quot;2024-10-15T22:00:37.064+00:00&quot;,&quot;last_mod_time&quot;:&quot;2024-10-15T22:00:37.064+00:00&quot;},{&quot;userAddress&quot;:{&quot;addressId&quot;:10083,&quot;plotNumber&quot;:&quot;P1-14&quot;,&quot;street&quot;:&quot;Pine&quot;,&quot;state&quot;:&quot;FL&quot;,&quot;country&quot;:&quot;USA&quot;,&quot;zipCode&quot;:75001},&quot;user_id&quot;:10115,&quot;user_first_name&quot;:&quot;Charlie&quot;,&quot;user_last_name&quot;:&quot;Brown&quot;,&quot;user_contact_number&quot;:5087382211,&quot;user_email_id&quot;:&quot;comBrown@example.com&quot;,&quot;creation_time&quot;:&quot;2024-10-15T22:00:37.248+00:00&quot;,&quot;last_mod_time&quot;:&quot;2024-10-15T22:00:37.248+00:00&quot;},{&quot;userAddress&quot;:{&quot;addressId&quot;:10496,&quot;plotNumber&quot;:&quot;19-a&quot;,&quot;street&quot;:&quot;Cypress Dr&quot;,&quot;state&quot;:&quot;Texas&quot;,&quot;country&quot;:&quot;USA&quot;,&quot;zipCode&quot;:null},&quot;user_id&quot;:10528,&quot;user_first_name&quot;:&quot;Vijaya&quot;,&quot;user_last_name&quot;:&quot;TeamThree&quot;,&quot;user_contact_number&quot;:5907124856,&quot;user_email_id&quot;:&quot;merrill.muller@example.com&quot;,&quot;creation_time&quot;:&quot;2024-10-17T02:55:31.774+00:00&quot;,&quot;last_mod_time&quot;:&quot;2024-10-17T02:55:31.774+00:00&quot;},{&quot;userAddress&quot;:{&quot;addressId&quot;:10015,&quot;plotNumber&quot;:&quot;P1-10&quot;,&quot;street&quot;:&quot;Buford Mountain&quot;,&quot;state&quot;:&quot;TX&quot;,&quot;country&quot;:&quot;USA&quot;,&quot;zipCode&quot;:12356},&quot;user_id&quot;:10047,&quot;user_first_name&quot;:&quot;Aliza&quot;,&quot;user_last_name&quot;:&quot;Douglas&quot;,&quot;user_contact_number&quot;:5698741261,&quot;user_email_id&quot;:&quot;Jack_Ankunding@hotmail.com&quot;,&quot;creation_time&quot;:&quot;2024-10-15T18:52:16.788+00:00&quot;,&quot;last_mod_time&quot;:&quot;2024-10-15T18:52:16.788+00:00&quot;},{&quot;userAddress&quot;:{&quot;addressId&quot;:9721,&quot;plotNumber&quot;:&quot;123-A&quot;,&quot;street&quot;:&quot;Main Street&quot;,&quot;state&quot;:&quot;PA&quot;,&quot;country&quot;:&quot;USA&quot;,&quot;zipCode&quot;:12534},&quot;user_id&quot;:9753,&quot;user_first_name&quot;:&quot;Tony&quot;,&quot;user_last_name&quot;:&quot;Jason&quot;,&quot;user_contact_number&quot;:9234387239,&quot;user_email_id&quot;:&quot;tonyc@yahoo.com&quot;,&quot;creation_time&quot;:&quot;2024-10-14T16:09:56.493+00:00&quot;,&quot;last_mod_time&quot;:&quot;2024-10-14T16:09:56.493+00:00&quot;},{&quot;userAddress&quot;:{&quot;addressId&quot;:10018,&quot;plotNumber&quot;:&quot;P1-10&quot;,&quot;street&quot;:&quot;Herman Place&quot;,&quot;state&quot;:&quot;TX&quot;,&quot;country&quot;:&quot;USA&quot;,&quot;zipCode&quot;:12356},&quot;user_id&quot;:10050,&quot;user_first_name&quot;:&quot;Sterling&quot;,&quot;user_last_name&quot;:&quot;Huels&quot;,&quot;user_contact_number&quot;:5698741334,&quot;user_email_id&quot;:&quot;Richard.OKon77@gmail.com&quot;,&quot;creation_time&quot;:&quot;2024-10-15T18:53:53.264+00:00&quot;,&quot;last_mod_time&quot;:&quot;2024-10-15T18:53:53.264+00:00&quot;},{&quot;userAddress&quot;:{&quot;addressId&quot;:10019,&quot;plotNumber&quot;:&quot;302-A&quot;,&quot;street&quot;:&quot;Texas&quot;,&quot;state&quot;:&quot;waterpark&quot;,&quot;country&quot;:&quot;US&quot;,&quot;zipCode&quot;:78717},&quot;user_id&quot;:10051,&quot;user_first_name&quot;:&quot;Kalai&quot;,&quot;user_last_name&quot;:&quot;Rangasamy&quot;,&quot;user_contact_number&quot;:5124327142,&quot;user_email_id&quot;:&quot;kalaia58@gmail.com&quot;,&quot;creation_time&quot;:&quot;2024-10-15T18:54:48.417+00:00&quot;,&quot;last_mod_time&quot;:&quot;2024-10-15T18:54:48.417+00:00&quot;},{&quot;userAddress&quot;:{&quot;addressId&quot;:9858,&quot;plotNumber&quot;:&quot;P1-11&quot;,&quot;street&quot;:&quot;Main&quot;,&quot;state&quot;:&quot;LA&quot;,&quot;country&quot;:&quot;USA&quot;,&quot;zipCode&quot;:20875},&quot;user_id&quot;:9890,&quot;user_first_name&quot;:&quot;RamyaRam&quot;,&quot;user_last_name&quot;:&quot;NeerajAppa&quot;,&quot;user_contact_number&quot;:5688002104,&quot;user_email_id&quot;:&quot;Team03RamyajRamappa@gmail.com&quot;,&quot;creation_time&quot;:&quot;2024-10-14T18:18:52.169+00:00&quot;,&quot;last_mod_time&quot;:&quot;2024-10-14T18:18:52.169+00:00&quot;},{&quot;userAddress&quot;:{&quot;addressId&quot;:9821,&quot;plotNumber&quot;:&quot;P1-110&quot;,&quot;street&quot;:&quot;Frami Run&quot;,&quot;state&quot;:&quot;TX&quot;,&quot;country&quot;:&quot;USA&quot;,&quot;zipCode&quot;:12356},&quot;user_id&quot;:9853,&quot;user_first_name&quot;:&quot;Keyshawn&quot;,&quot;user_last_name&quot;:&quot;Schmitt&quot;,&quot;user_contact_number&quot;:3607896493,&quot;user_email_id&quot;:&quot;Khalid5@yahoo.com&quot;,&quot;creation_time&quot;:&quot;2024-10-14T17:50:25.294+00:00&quot;,&quot;last_mod_time&quot;:&quot;2024-10-14T17:50:25.294+00:00&quot;},{&quot;userAddress&quot;:{&quot;addressId&quot;:9736,&quot;plotNumber&quot;:&quot;P1-110&quot;,&quot;street&quot;:&quot;Treutel Valleys&quot;,&quot;state&quot;:&quot;TX&quot;,&quot;country&quot;:&quot;USA&quot;,&quot;zipCode&quot;:12356},&quot;user_id&quot;:9768,&quot;user_first_name&quot;:&quot;Sydni&quot;,&quot;user_last_name&quot;:&quot;Hartmann&quot;,&quot;user_contact_number&quot;:3607896215,&quot;user_email_id&quot;:&quot;Augusta_Marquardt@gmail.com&quot;,&quot;creation_time&quot;:&quot;2024-10-14T16:18:25.282+00:00&quot;,&quot;last_mod_time&quot;:&quot;2024-10-14T16:18:25.282+00:00&quot;},{&quot;userAddress&quot;:{&quot;addressId&quot;:9823,&quot;plotNumber&quot;:&quot;P1-110&quot;,&quot;street&quot;:&quot;Willy Mount&quot;,&quot;state&quot;:&quot;TX&quot;,&quot;country&quot;:&quot;USA&quot;,&quot;zipCode&quot;:12356},&quot;user_id&quot;:9855,&quot;user_first_name&quot;:&quot;Celine&quot;,&quot;user_last_name&quot;:&quot;Bailey&quot;,&quot;user_contact_number&quot;:3607896453,&quot;user_email_id&quot;:&quot;Cierra_Zulauf21@yahoo.com&quot;,&quot;creation_time&quot;:&quot;2024-10-14T17:50:29.024+00:00&quot;,&quot;last_mod_time&quot;:&quot;2024-10-14T17:50:29.024+00:00&quot;},{&quot;userAddress&quot;:{&quot;addressId&quot;:9739,&quot;plotNumber&quot;:&quot;P1-110&quot;,&quot;street&quot;:&quot;Hickle Crest&quot;,&quot;state&quot;:&quot;TX&quot;,&quot;country&quot;:&quot;USA&quot;,&quot;zipCode&quot;:12356},&quot;user_id&quot;:9771,&quot;user_first_name&quot;:&quot;Ed&quot;,&quot;user_last_name&quot;:&quot;Goyette&quot;,&quot;user_contact_number&quot;:3607896237,&quot;user_email_id&quot;:&quot;Jedidiah.Kunde@gmail.com&quot;,&quot;creation_time&quot;:&quot;2024-10-14T16:18:36.389+00:00&quot;,&quot;last_mod_time&quot;:&quot;2024-10-14T16:18:36.389+00:00&quot;},{&quot;userAddress&quot;:{&quot;addressId&quot;:9837,&quot;plotNumber&quot;:null,&quot;street&quot;:null,&quot;state&quot;:null,&quot;country&quot;:null,&quot;zipCode&quot;:null},&quot;user_id&quot;:9869,&quot;user_first_name&quot;:&quot;TZArhREWPH&quot;,&quot;user_last_name&quot;:&quot;aGMbtnMXVr&quot;,&quot;user_contact_number&quot;:4489933594,&quot;user_email_id&quot;:&quot;team29ggpjpne8n6@gmail.com&quot;,&quot;creation_time&quot;:&quot;2024-10-14T17:59:36.645+00:00&quot;,&quot;last_mod_time&quot;:&quot;2024-10-14T17:59:36.645+00:00&quot;},{&quot;userAddress&quot;:{&quot;addressId&quot;:9838,&quot;plotNumber&quot;:null,&quot;street&quot;:null,&quot;state&quot;:null,&quot;country&quot;:null,&quot;zipCode&quot;:null},&quot;user_id&quot;:9870,&quot;user_first_name&quot;:&quot;SwxCwcRGFj&quot;,&quot;user_last_name&quot;:&quot;rTRDrWxTHH&quot;,&quot;user_contact_number&quot;:5729588000,&quot;user_email_id&quot;:&quot;team2e6o193gcofgc@gmail.com&quot;,&quot;creation_time&quot;:&quot;2024-10-14T17:59:36.893+00:00&quot;,&quot;last_mod_time&quot;:&quot;2024-10-14T17:59:36.893+00:00&quot;},{&quot;userAddress&quot;:{&quot;addressId&quot;:9839,&quot;plotNumber&quot;:null,&quot;street&quot;:null,&quot;state&quot;:null,&quot;country&quot;:null,&quot;zipCode&quot;:null},&quot;user_id&quot;:9871,&quot;user_first_name&quot;:&quot;mOELkbfsvA&quot;,&quot;user_last_name&quot;:&quot;ZoXHkswjdw&quot;,&quot;user_contact_number&quot;:2965616468,&quot;user_email_id&quot;:&quot;team24f9k368mh4dc@gmail.com&quot;,&quot;creation_time&quot;:&quot;2024-10-14T17:59:37.311+00:00&quot;,&quot;last_mod_time&quot;:&quot;2024-10-14T17:59:37.311+00:00&quot;},{&quot;userAddress&quot;:{&quot;addressId&quot;:9840,&quot;plotNumber&quot;:null,&quot;street&quot;:null,&quot;state&quot;:null,&quot;country&quot;:null,&quot;zipCode&quot;:null},&quot;user_id&quot;:9872,&quot;user_first_name&quot;:&quot;EKzaUEFZCM&quot;,&quot;user_last_name&quot;:&quot;HEYpBOoPhT&quot;,&quot;user_contact_number&quot;:5836936209,&quot;user_email_id&quot;:&quot;team23n5m4p56ji64@gmail.com&quot;,&quot;creation_time&quot;:&quot;2024-10-14T17:59:37.581+00:00&quot;,&quot;last_mod_time&quot;:&quot;2024-10-14T17:59:37.581+00:00&quot;},{&quot;userAddress&quot;:{&quot;addressId&quot;:9841,&quot;plotNumber&quot;:null,&quot;street&quot;:null,&quot;state&quot;:null,&quot;country&quot;:null,&quot;zipCode&quot;:null},&quot;user_id&quot;:9873,&quot;user_first_name&quot;:&quot;aWNlxOfFra&quot;,&quot;user_last_name&quot;:&quot;cagATftiDf&quot;,&quot;user_contact_number&quot;:6638295350,&quot;user_email_id&quot;:&quot;team2ff4ejj4ojl2d@gmail.com&quot;,&quot;creation_time&quot;:&quot;2024-10-14T17:59:37.816+00:00&quot;,&quot;last_mod_time&quot;:&quot;2024-10-14T17:59:37.816+00:00&quot;},{&quot;userAddress&quot;:{&quot;addressId&quot;:9744,&quot;plotNumber&quot;:&quot;P1-110&quot;,&quot;street&quot;:&quot;Mueller Ville&quot;,&quot;state&quot;:&quot;TX&quot;,&quot;country&quot;:&quot;USA&quot;,&quot;zipCode&quot;:12356},&quot;user_id&quot;:9776,&quot;user_first_name&quot;:&quot;Marjolaine&quot;,&quot;user_last_name&quot;:&quot;Fadel&quot;,&quot;user_contact_number&quot;:3607896604,&quot;user_email_id&quot;:&quot;Creola_Larkin@gmail.com&quot;,&quot;creation_time&quot;:&quot;2024-10-14T16:18:51.527+00:00&quot;,&quot;last_mod_time&quot;:&quot;2024-10-14T16:18:51.527+00:00&quot;},{&quot;userAddress&quot;:{&quot;addressId&quot;:9843,&quot;plotNumber&quot;:null,&quot;street&quot;:null,&quot;state&quot;:null,&quot;country&quot;:null,&quot;zipCode&quot;:null},&quot;user_id&quot;:9875,&quot;user_first_name&quot;:&quot;FrlyWEILrp&quot;,&quot;user_last_name&quot;:&quot;lwXevtHgFe&quot;,&quot;user_contact_number&quot;:9432373113,&quot;user_email_id&quot;:&quot;team2ofm2462jm9h@gmail.com&quot;,&quot;creation_time&quot;:&quot;2024-10-14T17:59:38.436+00:00&quot;,&quot;last_mod_time&quot;:&quot;2024-10-14T17:59:38.436+00:00&quot;},{&quot;userAddress&quot;:{&quot;addressId&quot;:9746,&quot;plotNumber&quot;:&quot;P1-110&quot;,&quot;street&quot;:&quot;Hickle Ferry&quot;,&quot;state&quot;:&quot;TX&quot;,&quot;country&quot;:&quot;USA&quot;,&quot;zipCode&quot;:12356},&quot;user_id&quot;:9778,&quot;user_first_name&quot;:&quot;Vallie&quot;,&quot;user_last_name&quot;:&quot;Huels&quot;,&quot;user_contact_number&quot;:3607896628,&quot;user_email_id&quot;:&quot;Oral.Jacobson30@gmail.com&quot;,&quot;creation_time&quot;:&quot;2024-10-14T16:19:38.749+00:00&quot;,&quot;last_mod_time&quot;:&quot;2024-10-14T16:19:38.749+00:00&quot;},{&quot;userAddress&quot;:{&quot;addressId&quot;:9844,&quot;plotNumber&quot;:null,&quot;street&quot;:null,&quot;state&quot;:null,&quot;country&quot;:null,&quot;zipCode&quot;:null},&quot;user_id&quot;:9876,&quot;user_first_name&quot;:&quot;QhTPYilDPv&quot;,&quot;user_last_name&quot;:&quot;NlaikuDxPS&quot;,&quot;user_contact_number&quot;:6548057662,&quot;user_email_id&quot;:&quot;team248nj33b0ik7e@gmail.com&quot;,&quot;creation_time&quot;:&quot;2024-10-14T17:59:38.687+00:00&quot;,&quot;last_mod_time&quot;:&quot;2024-10-14T17:59:38.687+00:00&quot;},{&quot;userAddress&quot;:{&quot;addressId&quot;:9748,&quot;plotNumber&quot;:&quot;P1-110&quot;,&quot;street&quot;:&quot;Halvorson Streets&quot;,&quot;state&quot;:&quot;TX&quot;,&quot;country&quot;:&quot;USA&quot;,&quot;zipCode&quot;:12356},&quot;user_id&quot;:9780,&quot;user_first_name&quot;:&quot;Ines&quot;,&quot;user_last_name&quot;:&quot;Heathcote&quot;,&quot;user_contact_number&quot;:3607896270,&quot;user_email_id&quot;:&quot;Hertha77@hotmail.com&quot;,&quot;creation_time&quot;:&quot;2024-10-14T16:19:42.559+00:00&quot;,&quot;last_mod_time&quot;:&quot;2024-10-14T16:19:42.559+00:00&quot;},{&quot;userAddress&quot;:{&quot;addressId&quot;:9749,&quot;plotNumber&quot;:&quot;P1-110&quot;,&quot;street&quot;:&quot;Flo Prairie&quot;,&quot;state&quot;:&quot;TX&quot;,&quot;country&quot;:&quot;USA&quot;,&quot;zipCode&quot;:12356},&quot;user_id&quot;:9781,&quot;user_first_name&quot;:&quot;Vallie&quot;,&quot;user_last_name&quot;:&quot;Jacobi&quot;,&quot;user_contact_number&quot;:3607896427,&quot;user_email_id&quot;:&quot;Casper_Quitzon@gmail.com&quot;,&quot;creation_time&quot;:&quot;2024-10-14T16:19:46.215+00:00&quot;,&quot;last_mod_time&quot;:&quot;2024-10-14T16:19:46.215+00:00&quot;},{&quot;userAddress&quot;:{&quot;addressId&quot;:9751,&quot;plotNumber&quot;:&quot;P1-110&quot;,&quot;street&quot;:&quot;Frederik Ridge&quot;,&quot;state&quot;:&quot;TX&quot;,&quot;country&quot;:&quot;USA&quot;,&quot;zipCode&quot;:12356},&quot;user_id&quot;:9783,&quot;user_first_name&quot;:&quot;Serena&quot;,&quot;user_last_name&quot;:&quot;Brekke&quot;,&quot;user_contact_number&quot;:3607896477,&quot;user_email_id&quot;:&quot;Camron_Spencer@hotmail.com&quot;,&quot;creation_time&quot;:&quot;2024-10-14T16:19:51.420+00:00&quot;,&quot;last_mod_time&quot;:&quot;2024-10-14T16:19:51.420+00:00&quot;},{&quot;userAddress&quot;:{&quot;addressId&quot;:9851,&quot;plotNumber&quot;:&quot;abc-1&quot;,&quot;street&quot;:&quot;Kent&quot;,&quot;state&quot;:&quot;GA&quot;,&quot;country&quot;:&quot;USA&quot;,&quot;zipCode&quot;:10040},&quot;user_id&quot;:9883,&quot;user_first_name&quot;:&quot;Testuser&quot;,&quot;user_last_name&quot;:&quot;test&quot;,&quot;user_contact_number&quot;:4449998887,&quot;user_email_id&quot;:&quot;testuser@gmail.com&quot;,&quot;creation_time&quot;:&quot;2024-10-14T18:04:17.478+00:00&quot;,&quot;last_mod_time&quot;:&quot;2024-10-14T18:04:17.478+00:00&quot;},{&quot;userAddress&quot;:{&quot;addressId&quot;:9852,&quot;plotNumber&quot;:&quot;Ai-45&quot;,&quot;street&quot;:&quot;KeerAve&quot;,&quot;state&quot;:&quot;Ca&quot;,&quot;country&quot;:&quot;UnitedStates&quot;,&quot;zipCode&quot;:98654},&quot;user_id&quot;:9884,&quot;user_first_name&quot;:&quot;Jenkusd&quot;,&quot;user_last_name&quot;:&quot;Kinghjgt&quot;,&quot;user_contact_number&quot;:4088345857,&quot;user_email_id&quot;:&quot;jkuhf23@gmail.com&quot;,&quot;creation_time&quot;:&quot;2024-10-14T18:10:45.387+00:00&quot;,&quot;last_mod_time&quot;:&quot;2024-10-14T18:10:45.387+00:00&quot;},{&quot;userAddress&quot;:{&quot;addressId&quot;:9753,&quot;plotNumber&quot;:&quot;P1-110&quot;,&quot;street&quot;:&quot;Ethelyn Orchard&quot;,&quot;state&quot;:&quot;TX&quot;,&quot;country&quot;:&quot;USA&quot;,&quot;zipCode&quot;:12356},&quot;user_id&quot;:9785,&quot;user_first_name&quot;:&quot;Ardella&quot;,&quot;user_last_name&quot;:&quot;Johnston&quot;,&quot;user_contact_number&quot;:3607896260,&quot;user_email_id&quot;:&quot;Melany_Schulist@gmail.com&quot;,&quot;creation_time&quot;:&quot;2024-10-14T16:19:55.126+00:00&quot;,&quot;last_mod_time&quot;:&quot;2024-10-14T16:19:55.126+00:00&quot;},{&quot;userAddress&quot;:{&quot;addressId&quot;:9757,&quot;plotNumber&quot;:&quot;P1-110&quot;,&quot;street&quot;:&quot;Murray Motorway&quot;,&quot;state&quot;:&quot;TX&quot;,&quot;country&quot;:&quot;USA&quot;,&quot;zipCode&quot;:12356},&quot;user_id&quot;:9789,&quot;user_first_name&quot;:&quot;Hunter&quot;,&quot;user_last_name&quot;:&quot;Lakin&quot;,&quot;user_contact_number&quot;:3607896553,&quot;user_email_id&quot;:&quot;Naomie_Rowe@gmail.com&quot;,&quot;creation_time&quot;:&quot;2024-10-14T16:20:06.837+00:00&quot;,&quot;last_mod_time&quot;:&quot;2024-10-14T16:20:06.837+00:00&quot;},{&quot;userAddress&quot;:{&quot;addressId&quot;:9759,&quot;plotNumber&quot;:&quot;P1-110&quot;,&quot;street&quot;:&quot;Rosetta Alley&quot;,&quot;state&quot;:&quot;TX&quot;,&quot;country&quot;:&quot;USA&quot;,&quot;zipCode&quot;:12356},&quot;user_id&quot;:9791,&quot;user_first_name&quot;:&quot;Theresia&quot;,&quot;user_last_name&quot;:&quot;McCullough&quot;,&quot;user_contact_number&quot;:3607896762,&quot;user_email_id&quot;:&quot;Estelle.Runte64@yahoo.com&quot;,&quot;creation_time&quot;:&quot;2024-10-14T16:20:10.545+00:00&quot;,&quot;last_mod_time&quot;:&quot;2024-10-14T16:20:10.545+00:00&quot;},{&quot;userAddress&quot;:{&quot;addressId&quot;:9761,&quot;plotNumber&quot;:&quot;P1-110&quot;,&quot;street&quot;:&quot;Leuschke Skyway&quot;,&quot;state&quot;:&quot;TX&quot;,&quot;country&quot;:&quot;USA&quot;,&quot;zipCode&quot;:12356},&quot;user_id&quot;:9793,&quot;user_first_name&quot;:&quot;Anderson&quot;,&quot;user_last_name&quot;:&quot;Terry&quot;,&quot;user_contact_number&quot;:3607896376,&quot;user_email_id&quot;:&quot;Braeden_DAmore@yahoo.com&quot;,&quot;creation_time&quot;:&quot;2024-10-14T16:20:17.085+00:00&quot;,&quot;last_mod_time&quot;:&quot;2024-10-14T16:20:17.085+00:00&quot;},{&quot;userAddress&quot;:{&quot;addressId&quot;:9856,&quot;plotNumber&quot;:&quot;Ai-45&quot;,&quot;street&quot;:&quot;KeerAve&quot;,&quot;state&quot;:&quot;Ca&quot;,&quot;country&quot;:&quot;UnitedStates&quot;,&quot;zipCode&quot;:78641},&quot;user_id&quot;:9888,&quot;user_first_name&quot;:&quot;Kensly&quot;,&quot;user_last_name&quot;:&quot;mason&quot;,&quot;user_contact_number&quot;:8970987654,&quot;user_email_id&quot;:&quot;kjinght@gmail.com&quot;,&quot;creation_time&quot;:&quot;2024-10-14T18:17:20.430+00:00&quot;,&quot;last_mod_time&quot;:&quot;2024-10-14T18:17:20.430+00:00&quot;},{&quot;userAddress&quot;:{&quot;addressId&quot;:9763,&quot;plotNumber&quot;:&quot;P1-110&quot;,&quot;street&quot;:&quot;Krajcik Throughway&quot;,&quot;state&quot;:&quot;TX&quot;,&quot;country&quot;:&quot;USA&quot;,&quot;zipCode&quot;:12356},&quot;user_id&quot;:9795,&quot;user_first_name&quot;:&quot;Jimmie&quot;,&quot;user_last_name&quot;:&quot;Cummerata&quot;,&quot;user_contact_number&quot;:3607896565,&quot;user_email_id&quot;:&quot;Aaliyah39@hotmail.com&quot;,&quot;creation_time&quot;:&quot;2024-10-14T16:20:20.871+00:00&quot;,&quot;last_mod_time&quot;:&quot;2024-10-14T16:20:20.871+00:00&quot;},{&quot;userAddress&quot;:{&quot;addressId&quot;:9857,&quot;plotNumber&quot;:&quot;Ai-45&quot;,&quot;street&quot;:&quot;KeerAve&quot;,&quot;state&quot;:&quot;Ca&quot;,&quot;country&quot;:&quot;UnitedStates&quot;,&quot;zipCode&quot;:95821},&quot;user_id&quot;:9889,&quot;user_first_name&quot;:&quot;Dovn&quot;,&quot;user_last_name&quot;:&quot;Jason&quot;,&quot;user_contact_number&quot;:7098654321,&quot;user_email_id&quot;:&quot;sadfsfs@gmail.com&quot;,&quot;creation_time&quot;:&quot;2024-10-14T18:18:39.406+00:00&quot;,&quot;last_mod_time&quot;:&quot;2024-10-14T18:18:39.406+00:00&quot;},{&quot;userAddress&quot;:{&quot;addressId&quot;:9765,&quot;plotNumber&quot;:&quot;P1-110&quot;,&quot;street&quot;:&quot;Zoe Street&quot;,&quot;state&quot;:&quot;TX&quot;,&quot;country&quot;:&quot;USA&quot;,&quot;zipCode&quot;:12356},&quot;user_id&quot;:9797,&quot;user_first_name&quot;:&quot;Johnson&quot;,&quot;user_last_name&quot;:&quot;Kovacek&quot;,&quot;user_contact_number&quot;:3607896678,&quot;user_email_id&quot;:&quot;Adrianna81@hotmail.com&quot;,&quot;creation_time&quot;:&quot;2024-10-14T16:20:24.492+00:00&quot;,&quot;last_mod_time&quot;:&quot;2024-10-14T16:20:24.492+00:00&quot;},{&quot;userAddress&quot;:{&quot;addressId&quot;:9863,&quot;plotNumber&quot;:&quot;P1-110&quot;,&quot;street&quot;:&quot;Halvorson Pass&quot;,&quot;state&quot;:&quot;TX&quot;,&quot;country&quot;:&quot;USA&quot;,&quot;zipCode&quot;:12356},&quot;user_id&quot;:9895,&quot;user_first_name&quot;:&quot;Howell&quot;,&quot;user_last_name&quot;:&quot;Witting&quot;,&quot;user_contact_number&quot;:3607896203,&quot;user_email_id&quot;:&quot;Cyrus40@gmail.com&quot;,&quot;creation_time&quot;:&quot;2024-10-14T18:29:29.030+00:00&quot;,&quot;last_mod_time&quot;:&quot;2024-10-14T18:29:29.030+00:00&quot;},{&quot;userAddress&quot;:{&quot;addressId&quot;:9865,&quot;plotNumber&quot;:&quot;P1-110&quot;,&quot;street&quot;:&quot;Wilbert Wells&quot;,&quot;state&quot;:&quot;TX&quot;,&quot;country&quot;:&quot;USA&quot;,&quot;zipCode&quot;:12356},&quot;user_id&quot;:9897,&quot;user_first_name&quot;:&quot;Meaghan&quot;,&quot;user_last_name&quot;:&quot;Sanford&quot;,&quot;user_contact_number&quot;:3607896325,&quot;user_email_id&quot;:&quot;Lillian.Schmidt84@hotmail.com&quot;,&quot;creation_time&quot;:&quot;2024-10-14T18:29:32.708+00:00&quot;,&quot;last_mod_time&quot;:&quot;2024-10-14T18:29:32.708+00:00&quot;},{&quot;userAddress&quot;:{&quot;addressId&quot;:9869,&quot;plotNumber&quot;:&quot;12-A&quot;,&quot;street&quot;:&quot;broadway&quot;,&quot;state&quot;:&quot;TX&quot;,&quot;country&quot;:&quot;USA&quot;,&quot;zipCode&quot;:75025},&quot;user_id&quot;:9901,&quot;user_first_name&quot;:&quot;andrew&quot;,&quot;user_last_name&quot;:&quot;smith&quot;,&quot;user_contact_number&quot;:9876541236,&quot;user_email_id&quot;:&quot;andrewsmith@aol.com&quot;,&quot;creation_time&quot;:&quot;2024-10-14T18:34:32.051+00:00&quot;,&quot;last_mod_time&quot;:&quot;2024-10-14T18:36:58.671+00:00&quot;},{&quot;userAddress&quot;:{&quot;addressId&quot;:9871,&quot;plotNumber&quot;:&quot;aa-112&quot;,&quot;street&quot;:&quot;avff&quot;,&quot;state&quot;:&quot;va&quot;,&quot;country&quot;:&quot;usa&quot;,&quot;zipCode&quot;:22728},&quot;user_id&quot;:9903,&quot;user_first_name&quot;:&quot;sammy&quot;,&quot;user_last_name&quot;:&quot;ray&quot;,&quot;user_contact_number&quot;:1223898974,&quot;user_email_id&quot;:&quot;abch@gmail.com&quot;,&quot;creation_time&quot;:&quot;2024-10-14T18:56:33.374+00:00&quot;,&quot;last_mod_time&quot;:&quot;2024-10-14T18:56:33.374+00:00&quot;},{&quot;userAddress&quot;:{&quot;addressId&quot;:9872,&quot;plotNumber&quot;:&quot;pl-21&quot;,&quot;street&quot;:&quot;pontiac&quot;,&quot;state&quot;:&quot;Illinois&quot;,&quot;country&quot;:&quot;USA&quot;,&quot;zipCode&quot;:null},&quot;user_id&quot;:9904,&quot;user_first_name&quot;:&quot;Kalai&quot;,&quot;user_last_name&quot;:&quot;Palaniappan&quot;,&quot;user_contact_number&quot;:9856543216,&quot;user_email_id&quot;:&quot;Team3Gayathri1@gmail.com&quot;,&quot;creation_time&quot;:&quot;2024-10-14T18:57:45.138+00:00&quot;,&quot;last_mod_time&quot;:&quot;2024-10-14T18:57:45.138+00:00&quot;},{&quot;userAddress&quot;:{&quot;addressId&quot;:9873,&quot;plotNumber&quot;:&quot;PL-33&quot;,&quot;street&quot;:&quot;star&quot;,&quot;state&quot;:&quot;virginia&quot;,&quot;country&quot;:&quot;USA&quot;,&quot;zipCode&quot;:2016422},&quot;user_id&quot;:9905,&quot;user_first_name&quot;:&quot;sanjay&quot;,&quot;user_last_name&quot;:&quot;Roy&quot;,&quot;user_contact_number&quot;:7029339041,&quot;user_email_id&quot;:&quot;sanjayteam481@gmail.com&quot;,&quot;creation_time&quot;:&quot;2024-10-14T19:03:02.522+00:00&quot;,&quot;last_mod_time&quot;:&quot;2024-10-14T19:03:02.522+00:00&quot;},{&quot;userAddress&quot;:{&quot;addressId&quot;:9874,&quot;plotNumber&quot;:&quot;PL-33&quot;,&quot;street&quot;:&quot;star&quot;,&quot;state&quot;:&quot;virginia&quot;,&quot;country&quot;:&quot;USA&quot;,&quot;zipCode&quot;:201642234},&quot;user_id&quot;:9906,&quot;user_first_name&quot;:&quot;sanjay&quot;,&quot;user_last_name&quot;:&quot;Roy&quot;,&quot;user_contact_number&quot;:7029339046,&quot;user_email_id&quot;:&quot;sanjayteam4822@gmail.com&quot;,&quot;creation_time&quot;:&quot;2024-10-14T19:03:35.761+00:00&quot;,&quot;last_mod_time&quot;:&quot;2024-10-14T19:03:35.761+00:00&quot;},{&quot;userAddress&quot;:{&quot;addressId&quot;:9875,&quot;plotNumber&quot;:&quot;PL-33&quot;,&quot;street&quot;:&quot;star&quot;,&quot;state&quot;:&quot;virginia&quot;,&quot;country&quot;:&quot;USA&quot;,&quot;zipCode&quot;:2016422342222},&quot;user_id&quot;:9907,&quot;user_first_name&quot;:&quot;sanjay&quot;,&quot;user_last_name&quot;:&quot;Roy&quot;,&quot;user_contact_number&quot;:7029339045,&quot;user_email_id&quot;:&quot;sanjayteam48222@gmail.com&quot;,&quot;creation_time&quot;:&quot;2024-10-14T19:04:19.685+00:00&quot;,&quot;last_mod_time&quot;:&quot;2024-10-14T19:04:19.685+00:00&quot;},{&quot;userAddress&quot;:{&quot;addressId&quot;:9876,&quot;plotNumber&quot;:&quot;PL-1234&quot;,&quot;street&quot;:&quot;star&quot;,&quot;state&quot;:&quot;virginia&quot;,&quot;country&quot;:&quot;USA&quot;,&quot;zipCode&quot;:201},&quot;user_id&quot;:9908,&quot;user_first_name&quot;:&quot;sanjay&quot;,&quot;user_last_name&quot;:&quot;Roy&quot;,&quot;user_contact_number&quot;:7029336682,&quot;user_email_id&quot;:&quot;sanjayteam4661@gmail.com&quot;,&quot;creation_time&quot;:&quot;2024-10-14T19:05:16.870+00:00&quot;,&quot;last_mod_time&quot;:&quot;2024-10-14T19:05:16.870+00:00&quot;},{&quot;userAddress&quot;:{&quot;addressId&quot;:9877,&quot;plotNumber&quot;:&quot;PL-1234&quot;,&quot;street&quot;:&quot;star&quot;,&quot;state&quot;:&quot;virginia&quot;,&quot;country&quot;:&quot;USA&quot;,&quot;zipCode&quot;:20164},&quot;user_id&quot;:9909,&quot;user_first_name&quot;:&quot;sanjay&quot;,&quot;user_last_name&quot;:&quot;Roy&quot;,&quot;user_contact_number&quot;:7029339082,&quot;user_email_id&quot;:&quot;sanjayteam47@gmail.com&quot;,&quot;creation_time&quot;:&quot;2024-10-14T19:06:20.798+00:00&quot;,&quot;last_mod_time&quot;:&quot;2024-10-14T19:06:20.798+00:00&quot;},{&quot;userAddress&quot;:{&quot;addressId&quot;:9879,&quot;plotNumber&quot;:&quot;ab-12&quot;,&quot;street&quot;:&quot;caminito&quot;,&quot;state&quot;:&quot;california&quot;,&quot;country&quot;:&quot;US&quot;,&quot;zipCode&quot;:92128},&quot;user_id&quot;:9911,&quot;user_first_name&quot;:&quot;Anamika&quot;,&quot;user_last_name&quot;:&quot;Jain&quot;,&quot;user_contact_number&quot;:8989898989,&quot;user_email_id&quot;:&quot;Team03Anamika1@gmail.com&quot;,&quot;creation_time&quot;:&quot;2024-10-14T19:08:07.501+00:00&quot;,&quot;last_mod_time&quot;:&quot;2024-10-14T19:08:07.501+00:00&quot;},{&quot;userAddress&quot;:{&quot;addressId&quot;:9880,&quot;plotNumber&quot;:&quot;23-234&quot;,&quot;street&quot;:&quot;felt st&quot;,&quot;state&quot;:&quot;sdf&quot;,&quot;country&quot;:&quot;USA&quot;,&quot;zipCode&quot;:987655},&quot;user_id&quot;:9912,&quot;user_first_name&quot;:&quot;Michael Z&quot;,&quot;user_last_name&quot;:&quot;Jackson&quot;,&quot;user_contact_number&quot;:8374578487,&quot;user_email_id&quot;:&quot;Michael-Z@sjkl.com&quot;,&quot;creation_time&quot;:&quot;2024-10-14T19:09:14.610+00:00&quot;,&quot;last_mod_time&quot;:&quot;2024-10-14T19:09:14.610+00:00&quot;},{&quot;userAddress&quot;:{&quot;addressId&quot;:9884,&quot;plotNumber&quot;:&quot;abc-1231&quot;,&quot;street&quot;:&quot;Mere&quot;,&quot;state&quot;:&quot;GA&quot;,&quot;country&quot;:&quot;USA&quot;,&quot;zipCode&quot;:123},&quot;user_id&quot;:9916,&quot;user_first_name&quot;:&quot;Anu&quot;,&quot;user_last_name&quot;:&quot;Riya&quot;,&quot;user_contact_number&quot;:4349909099,&quot;user_email_id&quot;:&quot;Apicamp2@gmail.com&quot;,&quot;creation_time&quot;:&quot;2024-10-14T19:14:51.365+00:00&quot;,&quot;last_mod_time&quot;:&quot;2024-10-14T19:14:51.365+00:00&quot;},{&quot;userAddress&quot;:{&quot;addressId&quot;:9885,&quot;plotNumber&quot;:&quot;BCD-123&quot;,&quot;street&quot;:&quot;ABCDEFG&quot;,&quot;state&quot;:&quot;NJ&quot;,&quot;country&quot;:&quot;USA&quot;,&quot;zipCode&quot;:743165789456},&quot;user_id&quot;:9917,&quot;user_first_name&quot;:&quot;Arundhati&quot;,&quot;user_last_name&quot;:&quot;Biswas&quot;,&quot;user_contact_number&quot;:4567893456,&quot;user_email_id&quot;:&quot;TEAM02Arundhati@gmail.com&quot;,&quot;creation_time&quot;:&quot;2024-10-14T19:15:18.854+00:00&quot;,&quot;last_mod_time&quot;:&quot;2024-10-14T19:15:18.854+00:00&quot;},{&quot;userAddress&quot;:{&quot;addressId&quot;:9886,&quot;plotNumber&quot;:&quot;23-abc&quot;,&quot;street&quot;:&quot;Foster street&quot;,&quot;state&quot;:&quot;jhjkdlshf&quot;,&quot;country&quot;:&quot;USA&quot;,&quot;zipCode&quot;:1234567},&quot;user_id&quot;:9918,&quot;user_first_name&quot;:&quot;Michael L&quot;,&quot;user_last_name&quot;:&quot;Jackson&quot;,&quot;user_contact_number&quot;:8863478489,&quot;user_email_id&quot;:&quot;2432523456@23444444444.hh&quot;,&quot;creation_time&quot;:&quot;2024-10-14T19:15:30.720+00:00&quot;,&quot;last_mod_time&quot;:&quot;2024-10-14T19:15:30.720+00:00&quot;},{&quot;userAddress&quot;:{&quot;addressId&quot;:7771,&quot;plotNumber&quot;:&quot;23-abc&quot;,&quot;street&quot;:&quot;Foster street&quot;,&quot;state&quot;:&quot;CT&quot;,&quot;country&quot;:&quot;USA&quot;,&quot;zipCode&quot;:1234567},&quot;user_id&quot;:7803,&quot;user_first_name&quot;:&quot;Michael E&quot;,&quot;user_last_name&quot;:&quot;Jackson&quot;,&quot;user_contact_number&quot;:8701573487,&quot;user_email_id&quot;:&quot;Michael-E@gmail.com&quot;,&quot;creation_time&quot;:&quot;2024-10-11T11:38:49.919+00:00&quot;,&quot;last_mod_time&quot;:&quot;2024-10-14T19:20:46.236+00:00&quot;},{&quot;userAddress&quot;:{&quot;addressId&quot;:9890,&quot;plotNumber&quot;:&quot;pl-21&quot;,&quot;street&quot;:&quot;pontiac&quot;,&quot;state&quot;:&quot;Illinois&quot;,&quot;country&quot;:&quot;USA&quot;,&quot;zipCode&quot;:60502},&quot;user_id&quot;:9922,&quot;user_first_name&quot;:&quot;Kalaiarasi&quot;,&quot;user_last_name&quot;:&quot;Palaniappan&quot;,&quot;user_contact_number&quot;:9856543239,&quot;user_email_id&quot;:&quot;Team3Gayathri45@gmail.com&quot;,&quot;creation_time&quot;:&quot;2024-10-14T19:26:02.492+00:00&quot;,&quot;last_mod_time&quot;:&quot;2024-10-14T19:27:39.651+00:00&quot;},{&quot;userAddress&quot;:{&quot;addressId&quot;:9870,&quot;plotNumber&quot;:&quot;pl-03&quot;,&quot;street&quot;:&quot;star&quot;,&quot;state&quot;:&quot;virginia&quot;,&quot;country&quot;:&quot;USA&quot;,&quot;zipCode&quot;:201644567899},&quot;user_id&quot;:9902,&quot;user_first_name&quot;:&quot;sanjay&quot;,&quot;user_last_name&quot;:&quot;Roy&quot;,&quot;user_contact_number&quot;:7029339080,&quot;user_email_id&quot;:&quot;sanjayteam4@gmail.com&quot;,&quot;creation_time&quot;:&quot;2024-10-14T18:53:53.424+00:00&quot;,&quot;last_mod_time&quot;:&quot;2024-10-14T19:34:20.040+00:00&quot;},{&quot;userAddress&quot;:{&quot;addressId&quot;:9891,&quot;plotNumber&quot;:&quot;pl-21&quot;,&quot;street&quot;:&quot;pontiac&quot;,&quot;state&quot;:&quot;Illinois&quot;,&quot;country&quot;:null,&quot;zipCode&quot;:60502},&quot;user_id&quot;:9923,&quot;user_first_name&quot;:&quot;Gomathi&quot;,&quot;user_last_name&quot;:&quot;Palaniappan&quot;,&quot;user_contact_number&quot;:9866543216,&quot;user_email_id&quot;:&quot;Team3Gayathri11@gmail.com&quot;,&quot;creation_time&quot;:&quot;2024-10-14T19:51:18.274+00:00&quot;,&quot;last_mod_time&quot;:&quot;2024-10-14T19:51:18.274+00:00&quot;},{&quot;userAddress&quot;:{&quot;addressId&quot;:9892,&quot;plotNumber&quot;:&quot;23-abc&quot;,&quot;street&quot;:&quot;Foster street&quot;,&quot;state&quot;:&quot;jhjkdlshf&quot;,&quot;country&quot;:&quot;USA&quot;,&quot;zipCode&quot;:1234567},&quot;user_id&quot;:9924,&quot;user_first_name&quot;:&quot;Michael C&quot;,&quot;user_last_name&quot;:&quot;Jackson J&quot;,&quot;user_contact_number&quot;:8601573487,&quot;user_email_id&quot;:&quot;MichaelC@gmail.com&quot;,&quot;creation_time&quot;:&quot;2024-10-14T19:53:26.693+00:00&quot;,&quot;last_mod_time&quot;:&quot;2024-10-14T19:53:26.693+00:00&quot;},{&quot;userAddress&quot;:{&quot;addressId&quot;:9894,&quot;plotNumber&quot;:&quot;ab-12&quot;,&quot;street&quot;:&quot;caminito&quot;,&quot;state&quot;:&quot;california&quot;,&quot;country&quot;:&quot;US&quot;,&quot;zipCode&quot;:92128},&quot;user_id&quot;:9926,&quot;user_first_name&quot;:&quot;Anamika&quot;,&quot;user_last_name&quot;:&quot;Jain&quot;,&quot;user_contact_number&quot;:8989823989,&quot;user_email_id&quot;:&quot;Team03Anamika12@gmail.com&quot;,&quot;creation_time&quot;:&quot;2024-10-14T20:03:03.706+00:00&quot;,&quot;last_mod_time&quot;:&quot;2024-10-14T20:03:03.706+00:00&quot;},{&quot;userAddress&quot;:{&quot;addressId&quot;:9895,&quot;plotNumber&quot;:&quot;ab-12&quot;,&quot;street&quot;:&quot;caminito&quot;,&quot;state&quot;:&quot;california&quot;,&quot;country&quot;:&quot;US&quot;,&quot;zipCode&quot;:null},&quot;user_id&quot;:9927,&quot;user_first_name&quot;:&quot;Anamika&quot;,&quot;user_last_name&quot;:&quot;Jain&quot;,&quot;user_contact_number&quot;:8888111818,&quot;user_email_id&quot;:&quot;Team03Anamika23@gmail.com&quot;,&quot;creation_time&quot;:&quot;2024-10-14T20:03:30.579+00:00&quot;,&quot;last_mod_time&quot;:&quot;2024-10-14T20:03:30.579+00:00&quot;},{&quot;userAddress&quot;:{&quot;addressId&quot;:9896,&quot;plotNumber&quot;:&quot;q-18&quot;,&quot;street&quot;:&quot;caminito&quot;,&quot;state&quot;:&quot;cali&quot;,&quot;country&quot;:&quot;us&quot;,&quot;zipCode&quot;:92128},&quot;user_id&quot;:9928,&quot;user_first_name&quot;:&quot;Ana&quot;,&quot;user_last_name&quot;:&quot;Kumar&quot;,&quot;user_contact_number&quot;:8588588555,&quot;user_email_id&quot;:&quot;team03anaJain123@gmail.com&quot;,&quot;creation_time&quot;:&quot;2024-10-14T20:04:55.829+00:00&quot;,&quot;last_mod_time&quot;:&quot;2024-10-14T20:07:29.964+00:00&quot;},{&quot;userAddress&quot;:{&quot;addressId&quot;:9897,&quot;plotNumber&quot;:&quot;pl-21&quot;,&quot;street&quot;:&quot;pontiac&quot;,&quot;state&quot;:&quot;Illinois&quot;,&quot;country&quot;:&quot;USA&quot;,&quot;zipCode&quot;:60502},&quot;user_id&quot;:9929,&quot;user_first_name&quot;:&quot;ChitraP&quot;,&quot;user_last_name&quot;:&quot;Palaniappan&quot;,&quot;user_contact_number&quot;:9856549216,&quot;user_email_id&quot;:&quot;Team3Gayathri89@gmail.com&quot;,&quot;creation_time&quot;:&quot;2024-10-14T20:08:50.121+00:00&quot;,&quot;last_mod_time&quot;:&quot;2024-10-14T20:08:50.121+00:00&quot;},{&quot;userAddress&quot;:{&quot;addressId&quot;:9898,&quot;plotNumber&quot;:&quot;Apt-450&quot;,&quot;street&quot;:&quot;cinnamon&quot;,&quot;state&quot;:&quot;CA&quot;,&quot;country&quot;:&quot;USA&quot;,&quot;zipCode&quot;:95035},&quot;user_id&quot;:9930,&quot;user_first_name&quot;:&quot;ShebaA&quot;,&quot;user_last_name&quot;:&quot;PrathabZ&quot;,&quot;user_contact_number&quot;:1255522222,&quot;user_email_id&quot;:&quot;numpy13@gmail.com&quot;,&quot;creation_time&quot;:&quot;2024-10-14T20:29:20.334+00:00&quot;,&quot;last_mod_time&quot;:&quot;2024-10-14T20:31:19.935+00:00&quot;},{&quot;userAddress&quot;:{&quot;addressId&quot;:9379,&quot;plotNumber&quot;:&quot;345-a&quot;,&quot;street&quot;:&quot;sterling&quot;,&quot;state&quot;:&quot;Minnesota&quot;,&quot;country&quot;:&quot;USA&quot;,&quot;zipCode&quot;:35},&quot;user_id&quot;:9411,&quot;user_first_name&quot;:&quot;ssallsheena&quot;,&quot;user_last_name&quot;:&quot;Hhanena&quot;,&quot;user_contact_number&quot;:6251035718,&quot;user_email_id&quot;:&quot;hr16@yahoo.com&quot;,&quot;creation_time&quot;:&quot;2024-10-14T08:07:04.515+00:00&quot;,&quot;last_mod_time&quot;:&quot;2024-10-14T20:37:24.467+00:00&quot;},{&quot;userAddress&quot;:{&quot;addressId&quot;:9901,&quot;plotNumber&quot;:&quot;75-b&quot;,&quot;street&quot;:&quot;Swckhammer way&quot;,&quot;state&quot;:&quot;Texas&quot;,&quot;country&quot;:&quot;USA&quot;,&quot;zipCode&quot;:7845},&quot;user_id&quot;:9933,&quot;user_first_name&quot;:&quot;AnbuselviTestingTesting&quot;,&quot;user_last_name&quot;:&quot;TestingThree&quot;,&quot;user_contact_number&quot;:2017660905,&quot;user_email_id&quot;:&quot;usjerseytestinglake@gmail.com&quot;,&quot;creation_time&quot;:&quot;2024-10-15T00:33:12.907+00:00&quot;,&quot;last_mod_time&quot;:&quot;2024-10-15T00:33:12.907+00:00&quot;},{&quot;userAddress&quot;:{&quot;addressId&quot;:9903,&quot;plotNumber&quot;:&quot;19-a&quot;,&quot;street&quot;:&quot;Jersey Street&quot;,&quot;state&quot;:&quot;NewJersey&quot;,&quot;country&quot;:&quot;USA &quot;,&quot;zipCode&quot;:7828},&quot;user_id&quot;:9935,&quot;user_first_name&quot;:&quot;Anbuselvi&quot;,&quot;user_last_name&quot;:&quot;TeamTeam&quot;,&quot;user_contact_number&quot;:8625960000,&quot;user_email_id&quot;:&quot;Jerseycity@gmail.com&quot;,&quot;creation_time&quot;:&quot;2024-10-15T00:45:48.284+00:00&quot;,&quot;last_mod_time&quot;:&quot;2024-10-15T00:45:48.284+00:00&quot;},{&quot;userAddress&quot;:{&quot;addressId&quot;:9906,&quot;plotNumber&quot;:&quot;Ai-45&quot;,&quot;street&quot;:&quot;KeerAve&quot;,&quot;state&quot;:&quot;Ca&quot;,&quot;country&quot;:&quot;UnitedStates&quot;,&quot;zipCode&quot;:12980},&quot;user_id&quot;:9938,&quot;user_first_name&quot;:&quot;Kishne&quot;,&quot;user_last_name&quot;:&quot;Mich&quot;,&quot;user_contact_number&quot;:4098765834,&quot;user_email_id&quot;:&quot;sdfg12@gmail.com&quot;,&quot;creation_time&quot;:&quot;2024-10-15T02:39:00.457+00:00&quot;,&quot;last_mod_time&quot;:&quot;2024-10-15T02:39:00.457+00:00&quot;},{&quot;userAddress&quot;:{&quot;addressId&quot;:9907,&quot;plotNumber&quot;:&quot;I-83&quot;,&quot;street&quot;:&quot;Hallowed&quot;,&quot;state&quot;:&quot;Tx&quot;,&quot;country&quot;:&quot;UnitedStates&quot;,&quot;zipCode&quot;:76845},&quot;user_id&quot;:9939,&quot;user_first_name&quot;:&quot;Kaitlyn&quot;,&quot;user_last_name&quot;:&quot;Joen&quot;,&quot;user_contact_number&quot;:9876354242,&quot;user_email_id&quot;:&quot;klen12@gmail.com&quot;,&quot;creation_time&quot;:&quot;2024-10-15T02:39:01.644+00:00&quot;,&quot;last_mod_time&quot;:&quot;2024-10-15T02:39:01.644+00:00&quot;},{&quot;userAddress&quot;:{&quot;addressId&quot;:9908,&quot;plotNumber&quot;:&quot;0-98&quot;,&quot;street&quot;:&quot;Vasanln&quot;,&quot;state&quot;:&quot;Tx&quot;,&quot;country&quot;:&quot;UnitedStates&quot;,&quot;zipCode&quot;:76854},&quot;user_id&quot;:9940,&quot;user_first_name&quot;:&quot;Zayn&quot;,&quot;user_last_name&quot;:&quot;Karen&quot;,&quot;user_contact_number&quot;:8097624233,&quot;user_email_id&quot;:&quot;nsgg12@gmail.com&quot;,&quot;creation_time&quot;:&quot;2024-10-15T02:39:02.047+00:00&quot;,&quot;last_mod_time&quot;:&quot;2024-10-15T02:39:02.047+00:00&quot;},{&quot;userAddress&quot;:{&quot;addressId&quot;:9909,&quot;plotNumber&quot;:&quot;Y-09&quot;,&quot;street&quot;:&quot;Westparmerln&quot;,&quot;state&quot;:&quot;Tx&quot;,&quot;country&quot;:&quot;Unitedstates&quot;,&quot;zipCode&quot;:98765},&quot;user_id&quot;:9941,&quot;user_first_name&quot;:&quot;John&quot;,&quot;user_last_name&quot;:&quot;Miller&quot;,&quot;user_contact_number&quot;:8097654321,&quot;user_email_id&quot;:&quot;jk23@gmail.com&quot;,&quot;creation_time&quot;:&quot;2024-10-15T02:39:02.577+00:00&quot;,&quot;last_mod_time&quot;:&quot;2024-10-15T02:39:02.577+00:00&quot;},{&quot;userAddress&quot;:{&quot;addressId&quot;:9910,&quot;plotNumber&quot;:&quot;Ag-67&quot;,&quot;street&quot;:&quot;West st&quot;,&quot;state&quot;:&quot;Ca&quot;,&quot;country&quot;:&quot;Unitedstates&quot;,&quot;zipCode&quot;:98706},&quot;user_id&quot;:9942,&quot;user_first_name&quot;:&quot;Mia&quot;,&quot;user_last_name&quot;:&quot;Maryn&quot;,&quot;user_contact_number&quot;:9084536123,&quot;user_email_id&quot;:&quot;mia34@gmail.com&quot;,&quot;creation_time&quot;:&quot;2024-10-15T02:39:02.715+00:00&quot;,&quot;last_mod_time&quot;:&quot;2024-10-15T02:39:02.715+00:00&quot;},{&quot;userAddress&quot;:{&quot;addressId&quot;:9911,&quot;plotNumber&quot;:&quot;Ai-45&quot;,&quot;street&quot;:&quot;KeerAve&quot;,&quot;state&quot;:&quot;Ca&quot;,&quot;country&quot;:&quot;UnitedStates&quot;,&quot;zipCode&quot;:null},&quot;user_id&quot;:9943,&quot;user_first_name&quot;:&quot;Azzdff&quot;,&quot;user_last_name&quot;:&quot;Zfzdffff&quot;,&quot;user_contact_number&quot;:9809898999,&quot;user_email_id&quot;:&quot;jkhijn@gmail.com&quot;,&quot;creation_time&quot;:&quot;2024-10-15T02:41:44.604+00:00&quot;,&quot;last_mod_time&quot;:&quot;2024-10-15T02:41:44.604+00:00&quot;},{&quot;userAddress&quot;:{&quot;addressId&quot;:9912,&quot;plotNumber&quot;:&quot;Ai-45&quot;,&quot;street&quot;:&quot;KeerAve&quot;,&quot;state&quot;:&quot;Ca&quot;,&quot;country&quot;:&quot;UnitedStates&quot;,&quot;zipCode&quot;:null},&quot;user_id&quot;:9944,&quot;user_first_name&quot;:&quot;Qqqqqq&quot;,&quot;user_last_name&quot;:&quot;Aaaaaaa&quot;,&quot;user_contact_number&quot;:7867857584,&quot;user_email_id&quot;:&quot;gfdgtrt1@gmail.com&quot;,&quot;creation_time&quot;:&quot;2024-10-15T02:47:43.379+00:00&quot;,&quot;last_mod_time&quot;:&quot;2024-10-15T02:47:43.379+00:00&quot;},{&quot;userAddress&quot;:{&quot;addressId&quot;:9913,&quot;plotNumber&quot;:&quot;Ai-45&quot;,&quot;street&quot;:&quot;KeerAve&quot;,&quot;state&quot;:&quot;Ca&quot;,&quot;country&quot;:&quot;UnitedStates&quot;,&quot;zipCode&quot;:12980},&quot;user_id&quot;:9945,&quot;user_first_name&quot;:&quot;Vvvvvv&quot;,&quot;user_last_name&quot;:&quot;Sssssss&quot;,&quot;user_contact_number&quot;:4567566789,&quot;user_email_id&quot;:&quot;kjhijk@gmail.com&quot;,&quot;creation_time&quot;:&quot;2024-10-15T02:51:17.574+00:00&quot;,&quot;last_mod_time&quot;:&quot;2024-10-15T02:51:17.574+00:00&quot;},{&quot;userAddress&quot;:{&quot;addressId&quot;:9914,&quot;plotNumber&quot;:&quot;Ai-45&quot;,&quot;street&quot;:&quot;KeerAve&quot;,&quot;state&quot;:&quot;Ca&quot;,&quot;country&quot;:&quot;UnitedStates&quot;,&quot;zipCode&quot;:12980},&quot;user_id&quot;:9946,&quot;user_first_name&quot;:&quot;Bbbbbb&quot;,&quot;user_last_name&quot;:&quot;Ggggggg&quot;,&quot;user_contact_number&quot;:4444444444,&quot;user_email_id&quot;:&quot;asdf@gmail.com&quot;,&quot;creation_time&quot;:&quot;2024-10-15T02:56:24.233+00:00&quot;,&quot;last_mod_time&quot;:&quot;2024-10-15T02:56:24.233+00:00&quot;},{&quot;userAddress&quot;:{&quot;addressId&quot;:9915,&quot;plotNumber&quot;:&quot;Ai-45&quot;,&quot;street&quot;:&quot;KeerAve&quot;,&quot;state&quot;:&quot;Ca&quot;,&quot;country&quot;:&quot;UnitedStates&quot;,&quot;zipCode&quot;:12980},&quot;user_id&quot;:9947,&quot;user_first_name&quot;:&quot;Fghhgfhfh&quot;,&quot;user_last_name&quot;:&quot;Sdfsdfsf&quot;,&quot;user_contact_number&quot;:9809090909,&quot;user_email_id&quot;:&quot;jjjjjjjj@gmail.com&quot;,&quot;creation_time&quot;:&quot;2024-10-15T03:10:00.222+00:00&quot;,&quot;last_mod_time&quot;:&quot;2024-10-15T03:10:00.222+00:00&quot;},{&quot;userAddress&quot;:{&quot;addressId&quot;:9916,&quot;plotNumber&quot;:&quot;Ai-45&quot;,&quot;street&quot;:&quot;KeerAve&quot;,&quot;state&quot;:&quot;Ca&quot;,&quot;country&quot;:&quot;UnitedStates&quot;,&quot;zipCode&quot;:12980},&quot;user_id&quot;:9948,&quot;user_first_name&quot;:&quot;Xxxxxxx&quot;,&quot;user_last_name&quot;:&quot;Aaaaaaa&quot;,&quot;user_contact_number&quot;:9898989876,&quot;user_email_id&quot;:&quot;klklk@gmail.com&quot;,&quot;creation_time&quot;:&quot;2024-10-15T03:17:53.305+00:00&quot;,&quot;last_mod_time&quot;:&quot;2024-10-15T03:17:53.305+00:00&quot;},{&quot;userAddress&quot;:{&quot;addressId&quot;:9922,&quot;plotNumber&quot;:&quot;Ai-45&quot;,&quot;street&quot;:&quot;KeerAve&quot;,&quot;state&quot;:&quot;Ca&quot;,&quot;country&quot;:&quot;UnitedStates&quot;,&quot;zipCode&quot;:12980},&quot;user_id&quot;:9954,&quot;user_first_name&quot;:&quot;Kate&quot;,&quot;user_last_name&quot;:&quot;kohls&quot;,&quot;user_contact_number&quot;:8978989898,&quot;user_email_id&quot;:&quot;thers12@gmail.com&quot;,&quot;creation_time&quot;:&quot;2024-10-15T05:11:15.760+00:00&quot;,&quot;last_mod_time&quot;:&quot;2024-10-15T05:11:17.094+00:00&quot;},{&quot;userAddress&quot;:{&quot;addressId&quot;:9927,&quot;plotNumber&quot;:&quot;P1-10&quot;,&quot;street&quot;:&quot;Firststreet&quot;,&quot;state&quot;:&quot;TX&quot;,&quot;country&quot;:&quot;USA&quot;,&quot;zipCode&quot;:12356},&quot;user_id&quot;:9959,&quot;user_first_name&quot;:&quot;Jothika&quot;,&quot;user_last_name&quot;:&quot;Suriya&quot;,&quot;user_contact_number&quot;:8417523695,&quot;user_email_id&quot;:&quot;jo@gmail.com&quot;,&quot;creation_time&quot;:&quot;2024-10-15T13:55:03.096+00:00&quot;,&quot;last_mod_time&quot;:&quot;2024-10-15T13:55:03.096+00:00&quot;},{&quot;userAddress&quot;:{&quot;addressId&quot;:9928,&quot;plotNumber&quot;:&quot;P1-10&quot;,&quot;street&quot;:&quot;Firststreet&quot;,&quot;state&quot;:&quot;TX&quot;,&quot;country&quot;:&quot;USA&quot;,&quot;zipCode&quot;:12356},&quot;user_id&quot;:9960,&quot;user_first_name&quot;:&quot;Umaiyal&quot;,&quot;user_last_name&quot;:&quot;Karthik&quot;,&quot;user_contact_number&quot;:9654781230,&quot;user_email_id&quot;:&quot;umai@gmail.com&quot;,&quot;creation_time&quot;:&quot;2024-10-15T13:55:05.896+00:00&quot;,&quot;last_mod_time&quot;:&quot;2024-10-15T13:55:05.896+00:00&quot;},{&quot;userAddress&quot;:{&quot;addressId&quot;:9929,&quot;plotNumber&quot;:&quot;P1-10&quot;,&quot;street&quot;:&quot;Firststreet&quot;,&quot;state&quot;:&quot;TX&quot;,&quot;country&quot;:&quot;USA&quot;,&quot;zipCode&quot;:12356},&quot;user_id&quot;:9961,&quot;user_first_name&quot;:&quot;Jothikasu&quot;,&quot;user_last_name&quot;:&quot;Suriya&quot;,&quot;user_contact_number&quot;:8417523691,&quot;user_email_id&quot;:&quot;jos@gmail.com&quot;,&quot;creation_time&quot;:&quot;2024-10-15T14:30:09.405+00:00&quot;,&quot;last_mod_time&quot;:&quot;2024-10-15T14:30:09.405+00:00&quot;},{&quot;userAddress&quot;:{&quot;addressId&quot;:9930,&quot;plotNumber&quot;:&quot;P1-10&quot;,&quot;street&quot;:&quot;Firststreet&quot;,&quot;state&quot;:&quot;TX&quot;,&quot;country&quot;:&quot;USA&quot;,&quot;zipCode&quot;:12356},&quot;user_id&quot;:9962,&quot;user_first_name&quot;:&quot;Umaiyalka&quot;,&quot;user_last_name&quot;:&quot;Karthik&quot;,&quot;user_contact_number&quot;:9654781235,&quot;user_email_id&quot;:&quot;umais@gmail.com&quot;,&quot;creation_time&quot;:&quot;2024-10-15T14:30:11.652+00:00&quot;,&quot;last_mod_time&quot;:&quot;2024-10-15T14:30:11.652+00:00&quot;},{&quot;userAddress&quot;:{&quot;addressId&quot;:9931,&quot;plotNumber&quot;:&quot;P1-10&quot;,&quot;street&quot;:&quot;Firststreet&quot;,&quot;state&quot;:&quot;TX&quot;,&quot;country&quot;:&quot;USA&quot;,&quot;zipCode&quot;:12356},&quot;user_id&quot;:9963,&quot;user_first_name&quot;:&quot;Jothikas&quot;,&quot;user_last_name&quot;:&quot;Suriya&quot;,&quot;user_contact_number&quot;:8417523661,&quot;user_email_id&quot;:&quot;josu@gmail.com&quot;,&quot;creation_time&quot;:&quot;2024-10-15T14:33:56.096+00:00&quot;,&quot;last_mod_time&quot;:&quot;2024-10-15T14:33:56.096+00:00&quot;},{&quot;userAddress&quot;:{&quot;addressId&quot;:9932,&quot;plotNumber&quot;:&quot;P1-10&quot;,&quot;street&quot;:&quot;Firststreet&quot;,&quot;state&quot;:&quot;TX&quot;,&quot;country&quot;:&quot;USA&quot;,&quot;zipCode&quot;:12356},&quot;user_id&quot;:9964,&quot;user_first_name&quot;:&quot;Jothikasq&quot;,&quot;user_last_name&quot;:&quot;Suriyaa&quot;,&quot;user_contact_number&quot;:8017523661,&quot;user_email_id&quot;:&quot;josuq@gmail.com&quot;,&quot;creation_time&quot;:&quot;2024-10-15T14:34:58.512+00:00&quot;,&quot;last_mod_time&quot;:&quot;2024-10-15T14:34:58.512+00:00&quot;},{&quot;userAddress&quot;:{&quot;addressId&quot;:9933,&quot;plotNumber&quot;:&quot;P1-10&quot;,&quot;street&quot;:&quot;Firststreet&quot;,&quot;state&quot;:&quot;TX&quot;,&quot;country&quot;:&quot;USA&quot;,&quot;zipCode&quot;:12356},&quot;user_id&quot;:9965,&quot;user_first_name&quot;:&quot;Jothikasql&quot;,&quot;user_last_name&quot;:&quot;Suriyaal&quot;,&quot;user_contact_number&quot;:8017523061,&quot;user_email_id&quot;:&quot;josuqa@gmail.com&quot;,&quot;creation_time&quot;:&quot;2024-10-15T14:39:07.779+00:00&quot;,&quot;last_mod_time&quot;:&quot;2024-10-15T14:39:07.779+00:00&quot;},{&quot;userAddress&quot;:{&quot;addressId&quot;:9935,&quot;plotNumber&quot;:&quot;P1-10&quot;,&quot;street&quot;:&quot;Firststreet&quot;,&quot;state&quot;:&quot;TX&quot;,&quot;country&quot;:&quot;USA&quot;,&quot;zipCode&quot;:12356},&quot;user_id&quot;:9967,&quot;user_first_name&quot;:&quot;Jothikasql&quot;,&quot;user_last_name&quot;:&quot;Suriyaal&quot;,&quot;user_contact_number&quot;:8017923061,&quot;user_email_id&quot;:&quot;josuqac@gmail.com&quot;,&quot;creation_time&quot;:&quot;2024-10-15T14:44:28.112+00:00&quot;,&quot;last_mod_time&quot;:&quot;2024-10-15T14:44:28.112+00:00&quot;},{&quot;userAddress&quot;:{&quot;addressId&quot;:9936,&quot;plotNumber&quot;:&quot;P1-10&quot;,&quot;street&quot;:&quot;Firststreet&quot;,&quot;state&quot;:&quot;TX&quot;,&quot;country&quot;:&quot;USA&quot;,&quot;zipCode&quot;:12356},&quot;user_id&quot;:9968,&quot;user_first_name&quot;:&quot;Krishna&quot;,&quot;user_last_name&quot;:&quot;Kanna&quot;,&quot;user_contact_number&quot;:8015223061,&quot;user_email_id&quot;:&quot;krishna@gmail.com&quot;,&quot;creation_time&quot;:&quot;2024-10-15T14:48:06.207+00:00&quot;,&quot;last_mod_time&quot;:&quot;2024-10-15T14:48:06.207+00:00&quot;},{&quot;userAddress&quot;:{&quot;addressId&quot;:9937,&quot;plotNumber&quot;:&quot;P1-11&quot;,&quot;street&quot;:&quot;Main&quot;,&quot;state&quot;:&quot;LA&quot;,&quot;country&quot;:&quot;USA&quot;,&quot;zipCode&quot;:20875},&quot;user_id&quot;:9969,&quot;user_first_name&quot;:&quot;NeerajaRam&quot;,&quot;user_last_name&quot;:&quot;rock&quot;,&quot;user_contact_number&quot;:6688332189,&quot;user_email_id&quot;:&quot;Team03Neerajrock@gmail.com&quot;,&quot;creation_time&quot;:&quot;2024-10-15T14:50:09.839+00:00&quot;,&quot;last_mod_time&quot;:&quot;2024-10-15T14:50:09.839+00:00&quot;},{&quot;userAddress&quot;:{&quot;addressId&quot;:9938,&quot;plotNumber&quot;:&quot;P1-10&quot;,&quot;street&quot;:&quot;Firststreet&quot;,&quot;state&quot;:&quot;TX&quot;,&quot;country&quot;:&quot;USA&quot;,&quot;zipCode&quot;:12356},&quot;user_id&quot;:9970,&quot;user_first_name&quot;:&quot;Krishnaradha&quot;,&quot;user_last_name&quot;:&quot;Kannaradha&quot;,&quot;user_contact_number&quot;:8015223098,&quot;user_email_id&quot;:&quot;krishnaradha@gmail.com&quot;,&quot;creation_time&quot;:&quot;2024-10-15T15:04:41.132+00:00&quot;,&quot;last_mod_time&quot;:&quot;2024-10-15T15:04:41.132+00:00&quot;},{&quot;userAddress&quot;:{&quot;addressId&quot;:9939,&quot;plotNumber&quot;:&quot;P1-10&quot;,&quot;street&quot;:&quot;Firststreet&quot;,&quot;state&quot;:&quot;TX&quot;,&quot;country&quot;:&quot;USA&quot;,&quot;zipCode&quot;:12356},&quot;user_id&quot;:9971,&quot;user_first_name&quot;:&quot;Krishnaradhai&quot;,&quot;user_last_name&quot;:&quot;Kannaradha&quot;,&quot;user_contact_number&quot;:8015223023,&quot;user_email_id&quot;:&quot;krishnaradhai@gmail.com&quot;,&quot;creation_time&quot;:&quot;2024-10-15T15:06:38.641+00:00&quot;,&quot;last_mod_time&quot;:&quot;2024-10-15T15:06:38.641+00:00&quot;},{&quot;userAddress&quot;:{&quot;addressId&quot;:9940,&quot;plotNumber&quot;:&quot;P1-10&quot;,&quot;street&quot;:&quot;Firststreet&quot;,&quot;state&quot;:&quot;TX&quot;,&quot;country&quot;:&quot;USA&quot;,&quot;zipCode&quot;:12356},&quot;user_id&quot;:9972,&quot;user_first_name&quot;:&quot;Krishnaradhai&quot;,&quot;user_last_name&quot;:&quot;Kannaradha&quot;,&quot;user_contact_number&quot;:8015223099,&quot;user_email_id&quot;:&quot;krishnarada@gmail.com&quot;,&quot;creation_time&quot;:&quot;2024-10-15T15:12:16.041+00:00&quot;,&quot;last_mod_time&quot;:&quot;2024-10-15T15:12:16.041+00:00&quot;},{&quot;userAddress&quot;:{&quot;addressId&quot;:9941,&quot;plotNumber&quot;:&quot;P1-10&quot;,&quot;street&quot;:&quot;Chelsea Parkways&quot;,&quot;state&quot;:&quot;TX&quot;,&quot;country&quot;:&quot;USA&quot;,&quot;zipCode&quot;:12356},&quot;user_id&quot;:9973,&quot;user_first_name&quot;:&quot;Kaleb&quot;,&quot;user_last_name&quot;:&quot;Grimes&quot;,&quot;user_contact_number&quot;:3607896397,&quot;user_email_id&quot;:&quot;Ola.Brekke@hotmail.com&quot;,&quot;creation_time&quot;:&quot;2024-10-15T15:20:34.262+00:00&quot;,&quot;last_mod_time&quot;:&quot;2024-10-15T15:20:34.262+00:00&quot;},{&quot;userAddress&quot;:{&quot;addressId&quot;:9942,&quot;plotNumber&quot;:&quot;P1-10&quot;,&quot;street&quot;:&quot;Firststreet&quot;,&quot;state&quot;:&quot;TX&quot;,&quot;country&quot;:&quot;USA&quot;,&quot;zipCode&quot;:12356},&quot;user_id&quot;:9974,&quot;user_first_name&quot;:&quot;Muruga&quot;,&quot;user_last_name&quot;:&quot;Valli&quot;,&quot;user_contact_number&quot;:8022223099,&quot;user_email_id&quot;:&quot;Deivaanai@gmail.com&quot;,&quot;creation_time&quot;:&quot;2024-10-15T15:24:16.911+00:00&quot;,&quot;last_mod_time&quot;:&quot;2024-10-15T15:24:16.911+00:00&quot;},{&quot;userAddress&quot;:{&quot;addressId&quot;:9943,&quot;plotNumber&quot;:&quot;P1-10&quot;,&quot;street&quot;:&quot;Jenkins Crossing&quot;,&quot;state&quot;:&quot;TX&quot;,&quot;country&quot;:&quot;USA&quot;,&quot;zipCode&quot;:12356},&quot;user_id&quot;:9975,&quot;user_first_name&quot;:&quot;Alfredo&quot;,&quot;user_last_name&quot;:&quot;Wintheiser&quot;,&quot;user_contact_number&quot;:3607896496,&quot;user_email_id&quot;:&quot;Ariane.Turner@hotmail.com&quot;,&quot;creation_time&quot;:&quot;2024-10-15T15:25:50.447+00:00&quot;,&quot;last_mod_time&quot;:&quot;2024-10-15T15:25:50.447+00:00&quot;},{&quot;userAddress&quot;:{&quot;addressId&quot;:9944,&quot;plotNumber&quot;:&quot;P1-10&quot;,&quot;street&quot;:&quot;Firststreet&quot;,&quot;state&quot;:&quot;TX&quot;,&quot;country&quot;:&quot;USA&quot;,&quot;zipCode&quot;:12356},&quot;user_id&quot;:9976,&quot;user_first_name&quot;:&quot;Murugan&quot;,&quot;user_last_name&quot;:&quot;Valli&quot;,&quot;user_contact_number&quot;:8022223999,&quot;user_email_id&quot;:&quot;Deivaanaim@gmail.com&quot;,&quot;creation_time&quot;:&quot;2024-10-15T15:27:49.890+00:00&quot;,&quot;last_mod_time&quot;:&quot;2024-10-15T15:27:49.890+00:00&quot;},{&quot;userAddress&quot;:{&quot;addressId&quot;:9945,&quot;plotNumber&quot;:&quot;P3-03&quot;,&quot;street&quot;:&quot;Elm Street&quot;,&quot;state&quot;:&quot;NY&quot;,&quot;country&quot;:&quot;USA&quot;,&quot;zipCode&quot;:10001},&quot;user_id&quot;:9977,&quot;user_first_name&quot;:&quot;Charlie&quot;,&quot;user_last_name&quot;:&quot;Brown&quot;,&quot;user_contact_number&quot;:5647382910,&quot;user_email_id&quot;:&quot;charlie.brown@example.com&quot;,&quot;creation_time&quot;:&quot;2024-10-15T15:29:56.687+00:00&quot;,&quot;last_mod_time&quot;:&quot;2024-10-15T15:29:56.687+00:00&quot;},{&quot;userAddress&quot;:{&quot;addressId&quot;:9946,&quot;plotNumber&quot;:&quot;P1-11&quot;,&quot;street&quot;:&quot;Main&quot;,&quot;state&quot;:&quot;LA&quot;,&quot;country&quot;:&quot;USA&quot;,&quot;zipCode&quot;:20875},&quot;user_id&quot;:9978,&quot;user_first_name&quot;:&quot;lavanya&quot;,&quot;user_last_name&quot;:&quot;John&quot;,&quot;user_contact_number&quot;:6529334456,&quot;user_email_id&quot;:&quot;Team03LavanyaJohn@gmail.com&quot;,&quot;creation_time&quot;:&quot;2024-10-15T15:37:34.598+00:00&quot;,&quot;last_mod_time&quot;:&quot;2024-10-15T15:37:34.598+00:00&quot;},{&quot;userAddress&quot;:{&quot;addressId&quot;:9947,&quot;plotNumber&quot;:&quot;P1-12&quot;,&quot;street&quot;:&quot;Main&quot;,&quot;state&quot;:&quot;CA&quot;,&quot;country&quot;:&quot;USA&quot;,&quot;zipCode&quot;:90210},&quot;user_id&quot;:9979,&quot;user_first_name&quot;:&quot;Alice&quot;,&quot;user_last_name&quot;:&quot;Johnson&quot;,&quot;user_contact_number&quot;:1234567222,&quot;user_email_id&quot;:&quot;AJohnson@example.com&quot;,&quot;creation_time&quot;:&quot;2024-10-15T15:37:34.705+00:00&quot;,&quot;last_mod_time&quot;:&quot;2024-10-15T15:37:34.705+00:00&quot;},{&quot;userAddress&quot;:{&quot;addressId&quot;:9949,&quot;plotNumber&quot;:&quot;P1-14&quot;,&quot;street&quot;:&quot;Pine&quot;,&quot;state&quot;:&quot;FL&quot;,&quot;country&quot;:&quot;USA&quot;,&quot;zipCode&quot;:33101},&quot;user_id&quot;:9981,&quot;user_first_name&quot;:&quot;Charlie&quot;,&quot;user_last_name&quot;:&quot;Brown&quot;,&quot;user_contact_number&quot;:5647382111,&quot;user_email_id&quot;:&quot;Brown@example.com&quot;,&quot;creation_time&quot;:&quot;2024-10-15T15:37:34.898+00:00&quot;,&quot;last_mod_time&quot;:&quot;2024-10-15T15:37:34.898+00:00&quot;},{&quot;userAddress&quot;:{&quot;addressId&quot;:9950,&quot;plotNumber&quot;:&quot;P1-10&quot;,&quot;street&quot;:&quot;Lilliana Mission&quot;,&quot;state&quot;:&quot;TX&quot;,&quot;country&quot;:&quot;USA&quot;,&quot;zipCode&quot;:12356},&quot;user_id&quot;:9982,&quot;user_first_name&quot;:&quot;Juvenal&quot;,&quot;user_last_name&quot;:&quot;Wunsch&quot;,&quot;user_contact_number&quot;:1112222333,&quot;user_email_id&quot;:&quot;Merl.Jacobs63@yahoo.com&quot;,&quot;creation_time&quot;:&quot;2024-10-15T15:44:54.371+00:00&quot;,&quot;last_mod_time&quot;:&quot;2024-10-15T15:44:54.371+00:00&quot;},{&quot;userAddress&quot;:{&quot;addressId&quot;:9952,&quot;plotNumber&quot;:&quot;P1-11&quot;,&quot;street&quot;:&quot;NJ&quot;,&quot;state&quot;:&quot;TX&quot;,&quot;country&quot;:&quot;USA&quot;,&quot;zipCode&quot;:12356},&quot;user_id&quot;:9984,&quot;user_first_name&quot;:&quot;Murugan&quot;,&quot;user_last_name&quot;:&quot;Valli&quot;,&quot;user_contact_number&quot;:8422223999,&quot;user_email_id&quot;:&quot;Deivaanaimuru@gmail.com&quot;,&quot;creation_time&quot;:&quot;2024-10-15T15:47:21.627+00:00&quot;,&quot;last_mod_time&quot;:&quot;2024-10-15T15:47:21.627+00:00&quot;},{&quot;userAddress&quot;:{&quot;addressId&quot;:10361,&quot;plotNumber&quot;:&quot;pl-51&quot;,&quot;street&quot;:&quot;vail rd&quot;,&quot;state&quot;:&quot;nj&quot;,&quot;country&quot;:&quot;usa&quot;,&quot;zipCode&quot;:54321},&quot;user_id&quot;:10393,&quot;user_first_name&quot;:&quot;smitha&quot;,&quot;user_last_name&quot;:&quot;dmaanj&quot;,&quot;user_contact_number&quot;:5521311145,&quot;user_email_id&quot;:&quot;sq1602eam5@gmail.com&quot;,&quot;creation_time&quot;:&quot;2024-10-16T18:43:27.833+00:00&quot;,&quot;last_mod_time&quot;:&quot;2024-10-16T18:43:27.833+00:00&quot;},{&quot;userAddress&quot;:{&quot;addressId&quot;:10224,&quot;plotNumber&quot;:&quot;P1-12&quot;,&quot;street&quot;:&quot;Main&quot;,&quot;state&quot;:&quot;CA&quot;,&quot;country&quot;:&quot;USA&quot;,&quot;zipCode&quot;:20875},&quot;user_id&quot;:10256,&quot;user_first_name&quot;:&quot;Alice&quot;,&quot;user_last_name&quot;:&quot;Johnson&quot;,&quot;user_contact_number&quot;:7911133000,&quot;user_email_id&quot;:&quot;Team03sonJohn@gmail.com&quot;,&quot;creation_time&quot;:&quot;2024-10-16T04:24:42.036+00:00&quot;,&quot;last_mod_time&quot;:&quot;2024-10-16T04:24:42.036+00:00&quot;},{&quot;userAddress&quot;:{&quot;addressId&quot;:10475,&quot;plotNumber&quot;:&quot;19-a&quot;,&quot;street&quot;:&quot;Cypress Dr&quot;,&quot;state&quot;:&quot;Texas&quot;,&quot;country&quot;:&quot;USA&quot;,&quot;zipCode&quot;:75688},&quot;user_id&quot;:10507,&quot;user_first_name&quot;:&quot;Vijaya&quot;,&quot;user_last_name&quot;:&quot;TeamThree&quot;,&quot;user_contact_number&quot;:8575769345,&quot;user_email_id&quot;:&quot;team3try@gmail.com&quot;,&quot;creation_time&quot;:&quot;2024-10-17T02:01:45.507+00:00&quot;,&quot;last_mod_time&quot;:&quot;2024-10-17T02:01:45.507+00:00&quot;},{&quot;userAddress&quot;:{&quot;addressId&quot;:10476,&quot;plotNumber&quot;:&quot;102-AB&quot;,&quot;street&quot;:&quot;village&quot;,&quot;state&quot;:&quot;CA&quot;,&quot;country&quot;:&quot;USA&quot;,&quot;zipCode&quot;:95671},&quot;user_id&quot;:10508,&quot;user_first_name&quot;:&quot;Trek&quot;,&quot;user_last_name&quot;:&quot;star&quot;,&quot;user_contact_number&quot;:1010101001,&quot;user_email_id&quot;:&quot;star2@gmail.com&quot;,&quot;creation_time&quot;:&quot;2024-10-17T02:02:52.093+00:00&quot;,&quot;last_mod_time&quot;:&quot;2024-10-17T02:02:52.093+00:00&quot;},{&quot;userAddress&quot;:{&quot;addressId&quot;:10477,&quot;plotNumber&quot;:&quot;102-AB&quot;,&quot;street&quot;:&quot;village&quot;,&quot;state&quot;:&quot;CA&quot;,&quot;country&quot;:&quot;USA&quot;,&quot;zipCode&quot;:95671},&quot;user_id&quot;:10509,&quot;user_first_name&quot;:&quot;Trekkk&quot;,&quot;user_last_name&quot;:&quot;starrr&quot;,&quot;user_contact_number&quot;:1444567888,&quot;user_email_id&quot;:&quot;star07@gmail.com&quot;,&quot;creation_time&quot;:&quot;2024-10-17T02:05:51.154+00:00&quot;,&quot;last_mod_time&quot;:&quot;2024-10-17T02:05:51.154+00:00&quot;},{&quot;userAddress&quot;:{&quot;addressId&quot;:10225,&quot;plotNumber&quot;:&quot;P1-13&quot;,&quot;street&quot;:&quot;Oak&quot;,&quot;state&quot;:&quot;TX&quot;,&quot;country&quot;:&quot;USA&quot;,&quot;zipCode&quot;:20895},&quot;user_id&quot;:10257,&quot;user_first_name&quot;:&quot;Boby&quot;,&quot;user_last_name&quot;:&quot;Smithy&quot;,&quot;user_contact_number&quot;:8761210066,&quot;user_email_id&quot;:&quot;BitooKS@gmail.com&quot;,&quot;creation_time&quot;:&quot;2024-10-16T04:24:42.148+00:00&quot;,&quot;last_mod_time&quot;:&quot;2024-10-17T02:21:24.604+00:00&quot;},{&quot;userAddress&quot;:{&quot;addressId&quot;:10497,&quot;plotNumber&quot;:&quot;19-a&quot;,&quot;street&quot;:&quot;Cypress Dr&quot;,&quot;state&quot;:&quot;Texas&quot;,&quot;country&quot;:&quot;USA&quot;,&quot;zipCode&quot;:null},&quot;user_id&quot;:10529,&quot;user_first_name&quot;:&quot;Vijaya&quot;,&quot;user_last_name&quot;:&quot;TeamThree&quot;,&quot;user_contact_number&quot;:5053984268,&quot;user_email_id&quot;:&quot;jesse.quigley@example.com&quot;,&quot;creation_time&quot;:&quot;2024-10-17T02:55:32.553+00:00&quot;,&quot;last_mod_time&quot;:&quot;2024-10-17T02:55:32.553+00:00&quot;},{&quot;userAddress&quot;:{&quot;addressId&quot;:10413,&quot;plotNumber&quot;:&quot;pl-13&quot;,&quot;street&quot;:&quot;Avenue&quot;,&quot;state&quot;:&quot;GA&quot;,&quot;country&quot;:&quot;USA&quot;,&quot;zipCode&quot;:30055},&quot;user_id&quot;:10445,&quot;user_first_name&quot;:&quot;null&quot;,&quot;user_last_name&quot;:&quot;muthu&quot;,&quot;user_contact_number&quot;:4123567891,&quot;user_email_id&quot;:&quot;tean5kiru@gmail.com&quot;,&quot;creation_time&quot;:&quot;2024-10-16T23:18:17.926+00:00&quot;,&quot;last_mod_time&quot;:&quot;2024-10-16T23:18:17.926+00:00&quot;},{&quot;userAddress&quot;:{&quot;addressId&quot;:10498,&quot;plotNumber&quot;:&quot;19-a&quot;,&quot;street&quot;:&quot;Cypress Dr&quot;,&quot;state&quot;:&quot;Texas&quot;,&quot;country&quot;:&quot;USA&quot;,&quot;zipCode&quot;:null},&quot;user_id&quot;:10530,&quot;user_first_name&quot;:&quot;Vijaya&quot;,&quot;user_last_name&quot;:&quot;TeamThree&quot;,&quot;user_contact_number&quot;:5776827070,&quot;user_email_id&quot;:&quot;lorri.kemmer@example.com&quot;,&quot;creation_time&quot;:&quot;2024-10-17T02:57:02.454+00:00&quot;,&quot;last_mod_time&quot;:&quot;2024-10-17T02:57:02.454+00:00&quot;},{&quot;userAddress&quot;:{&quot;addressId&quot;:10499,&quot;plotNumber&quot;:&quot;19-a&quot;,&quot;street&quot;:&quot;Cypress Dr&quot;,&quot;state&quot;:&quot;Texas&quot;,&quot;country&quot;:&quot;USA&quot;,&quot;zipCode&quot;:null},&quot;user_id&quot;:10531,&quot;user_first_name&quot;:&quot;Vijaya&quot;,&quot;user_last_name&quot;:&quot;TeamThree&quot;,&quot;user_contact_number&quot;:5794829236,&quot;user_email_id&quot;:&quot;carolyn.parisian@example.com&quot;,&quot;creation_time&quot;:&quot;2024-10-17T02:57:03.245+00:00&quot;,&quot;last_mod_time&quot;:&quot;2024-10-17T02:57:03.245+00:00&quot;},{&quot;userAddress&quot;:{&quot;addressId&quot;:10500,&quot;plotNumber&quot;:&quot;102-AB&quot;,&quot;street&quot;:&quot;village&quot;,&quot;state&quot;:&quot;CA&quot;,&quot;country&quot;:&quot;USA&quot;,&quot;zipCode&quot;:95671},&quot;user_id&quot;:10532,&quot;user_first_name&quot;:&quot;veena&quot;,&quot;user_last_name&quot;:&quot;papa&quot;,&quot;user_contact_number&quot;:2200051119,&quot;user_email_id&quot;:&quot;veenapapa@gmail.com&quot;,&quot;creation_time&quot;:&quot;2024-10-17T02:57:10.510+00:00&quot;,&quot;last_mod_time&quot;:&quot;2024-10-17T02:57:10.510+00:00&quot;},{&quot;userAddress&quot;:{&quot;addressId&quot;:10502,&quot;plotNumber&quot;:&quot;P1-12&quot;,&quot;street&quot;:&quot;Main&quot;,&quot;state&quot;:&quot;CA&quot;,&quot;country&quot;:&quot;USA&quot;,&quot;zipCode&quot;:20875},&quot;user_id&quot;:10534,&quot;user_first_name&quot;:&quot;Alice&quot;,&quot;user_last_name&quot;:&quot;Johnson&quot;,&quot;user_contact_number&quot;:1781091012,&quot;user_email_id&quot;:&quot;Team03AIICnJohn@gmail.com&quot;,&quot;creation_time&quot;:&quot;2024-10-17T02:59:13.614+00:00&quot;,&quot;last_mod_time&quot;:&quot;2024-10-17T02:59:13.614+00:00&quot;},{&quot;userAddress&quot;:{&quot;addressId&quot;:10503,&quot;plotNumber&quot;:&quot;19-a&quot;,&quot;street&quot;:&quot;Cypress Dr&quot;,&quot;state&quot;:&quot;Texas&quot;,&quot;country&quot;:&quot;USA&quot;,&quot;zipCode&quot;:null},&quot;user_id&quot;:10535,&quot;user_first_name&quot;:&quot;Vijaya&quot;,&quot;user_last_name&quot;:&quot;TeamThree&quot;,&quot;user_contact_number&quot;:5842718347,&quot;user_email_id&quot;:&quot;matt.hammes@example.com&quot;,&quot;creation_time&quot;:&quot;2024-10-17T03:01:52.036+00:00&quot;,&quot;last_mod_time&quot;:&quot;2024-10-17T03:01:52.036+00:00&quot;},{&quot;userAddress&quot;:{&quot;addressId&quot;:10504,&quot;plotNumber&quot;:&quot;19-a&quot;,&quot;street&quot;:&quot;Cypress Dr&quot;,&quot;state&quot;:&quot;Texas&quot;,&quot;country&quot;:&quot;USA&quot;,&quot;zipCode&quot;:null},&quot;user_id&quot;:10536,&quot;user_first_name&quot;:&quot;Vijaya&quot;,&quot;user_last_name&quot;:&quot;TeamThree&quot;,&quot;user_contact_number&quot;:5828481374,&quot;user_email_id&quot;:&quot;shawana.runolfsson@example.com&quot;,&quot;creation_time&quot;:&quot;2024-10-17T03:01:52.847+00:00&quot;,&quot;last_mod_time&quot;:&quot;2024-10-17T03:01:52.847+00:00&quot;},{&quot;userAddress&quot;:{&quot;addressId&quot;:10507,&quot;plotNumber&quot;:&quot;P1-11&quot;,&quot;street&quot;:&quot;Main&quot;,&quot;state&quot;:&quot;LA&quot;,&quot;country&quot;:&quot;USA&quot;,&quot;zipCode&quot;:20875},&quot;user_id&quot;:10539,&quot;user_first_name&quot;:&quot;RagRash&quot;,&quot;user_last_name&quot;:&quot;SiriSonu&quot;,&quot;user_contact_number&quot;:4874191421,&quot;user_email_id&quot;:&quot;Team03SiriSonuR@gmail.com&quot;,&quot;creation_time&quot;:&quot;2024-10-17T03:43:54.208+00:00&quot;,&quot;last_mod_time&quot;:&quot;2024-10-17T03:43:54.208+00:00&quot;},{&quot;userAddress&quot;:{&quot;addressId&quot;:10508,&quot;plotNumber&quot;:&quot;P1-12&quot;,&quot;street&quot;:&quot;Main&quot;,&quot;state&quot;:&quot;CA&quot;,&quot;country&quot;:&quot;USA&quot;,&quot;zipCode&quot;:20875},&quot;user_id&quot;:10540,&quot;user_first_name&quot;:&quot;Alice&quot;,&quot;user_last_name&quot;:&quot;Johnson&quot;,&quot;user_contact_number&quot;:1781092100,&quot;user_email_id&quot;:&quot;Team03AIIICnJohn@gmail.com&quot;,&quot;creation_time&quot;:&quot;2024-10-17T03:43:54.549+00:00&quot;,&quot;last_mod_time&quot;:&quot;2024-10-17T03:43:54.549+00:00&quot;},{&quot;userAddress&quot;:{&quot;addressId&quot;:10509,&quot;plotNumber&quot;:&quot;P1-13&quot;,&quot;street&quot;:&quot;Oak&quot;,&quot;state&quot;:&quot;TX&quot;,&quot;country&quot;:&quot;USA&quot;,&quot;zipCode&quot;:20895},&quot;user_id&quot;:10541,&quot;user_first_name&quot;:&quot;Boby&quot;,&quot;user_last_name&quot;:&quot;Smithy&quot;,&quot;user_contact_number&quot;:8721610066,&quot;user_email_id&quot;:&quot;BitooKSS@gmail.com&quot;,&quot;creation_time&quot;:&quot;2024-10-17T03:44:00.913+00:00&quot;,&quot;last_mod_time&quot;:&quot;2024-10-17T03:44:00.913+00:00&quot;},{&quot;userAddress&quot;:{&quot;addressId&quot;:10512,&quot;plotNumber&quot;:&quot;P1-11&quot;,&quot;street&quot;:&quot;Main&quot;,&quot;state&quot;:&quot;LA&quot;,&quot;country&quot;:&quot;USA&quot;,&quot;zipCode&quot;:20875},&quot;user_id&quot;:10544,&quot;user_first_name&quot;:&quot;RagRash&quot;,&quot;user_last_name&quot;:&quot;SiriSonu&quot;,&quot;user_contact_number&quot;:8474191421,&quot;user_email_id&quot;:&quot;Team03SiriSonuRR@gmail.com&quot;,&quot;creation_time&quot;:&quot;2024-10-17T03:57:25.921+00:00&quot;,&quot;last_mod_time&quot;:&quot;2024-10-17T03:57:25.921+00:00&quot;},{&quot;userAddress&quot;:{&quot;addressId&quot;:10513,&quot;plotNumber&quot;:&quot;P1-11&quot;,&quot;street&quot;:&quot;Main&quot;,&quot;state&quot;:&quot;LA&quot;,&quot;country&quot;:&quot;USA&quot;,&quot;zipCode&quot;:20875},&quot;user_id&quot;:10545,&quot;user_first_name&quot;:&quot;RagRash&quot;,&quot;user_last_name&quot;:&quot;SiriSonu&quot;,&quot;user_contact_number&quot;:8400191421,&quot;user_email_id&quot;:&quot;Team019SiriSonuRR@gmail.com&quot;,&quot;creation_time&quot;:&quot;2024-10-17T03:58:30.328+00:00&quot;,&quot;last_mod_time&quot;:&quot;2024-10-17T03:58:30.328+00:00&quot;},{&quot;userAddress&quot;:{&quot;addressId&quot;:10518,&quot;plotNumber&quot;:&quot;P1-11&quot;,&quot;street&quot;:&quot;Main&quot;,&quot;state&quot;:&quot;LA&quot;,&quot;country&quot;:&quot;USA&quot;,&quot;zipCode&quot;:20875},&quot;user_id&quot;:10550,&quot;user_first_name&quot;:&quot;RagRash&quot;,&quot;user_last_name&quot;:&quot;SiriSonu&quot;,&quot;user_contact_number&quot;:3010191421,&quot;user_email_id&quot;:&quot;Team01SiriSonuRR@gmail.com&quot;,&quot;creation_time&quot;:&quot;2024-10-17T04:20:47.949+00:00&quot;,&quot;last_mod_time&quot;:&quot;2024-10-17T04:20:47.949+00:00&quot;},{&quot;userAddress&quot;:{&quot;addressId&quot;:10519,&quot;plotNumber&quot;:&quot;P1-12&quot;,&quot;street&quot;:&quot;Main&quot;,&quot;state&quot;:&quot;CA&quot;,&quot;country&quot;:&quot;USA&quot;,&quot;zipCode&quot;:20875},&quot;user_id&quot;:10551,&quot;user_first_name&quot;:&quot;Alice&quot;,&quot;user_last_name&quot;:&quot;Johnson&quot;,&quot;user_contact_number&quot;:8711096100,&quot;user_email_id&quot;:&quot;Team02AIIICneJohn@gmail.com&quot;,&quot;creation_time&quot;:&quot;2024-10-17T04:20:48.333+00:00&quot;,&quot;last_mod_time&quot;:&quot;2024-10-17T04:20:48.333+00:00&quot;},{&quot;userAddress&quot;:{&quot;addressId&quot;:10520,&quot;plotNumber&quot;:&quot;P1-13&quot;,&quot;street&quot;:&quot;Oak&quot;,&quot;state&quot;:&quot;TX&quot;,&quot;country&quot;:&quot;USA&quot;,&quot;zipCode&quot;:20895},&quot;user_id&quot;:10552,&quot;user_first_name&quot;:&quot;Boby&quot;,&quot;user_last_name&quot;:&quot;Smithy&quot;,&quot;user_contact_number&quot;:8729020066,&quot;user_email_id&quot;:&quot;BbitooKSS@gmail.com&quot;,&quot;creation_time&quot;:&quot;2024-10-17T04:20:55.417+00:00&quot;,&quot;last_mod_time&quot;:&quot;2024-10-17T04:20:55.417+00:00&quot;},{&quot;userAddress&quot;:{&quot;addressId&quot;:10525,&quot;plotNumber&quot;:&quot;P1-13&quot;,&quot;street&quot;:&quot;Oak&quot;,&quot;state&quot;:&quot;TX&quot;,&quot;country&quot;:&quot;USA&quot;,&quot;zipCode&quot;:20895},&quot;user_id&quot;:10557,&quot;user_first_name&quot;:&quot;Boby&quot;,&quot;user_last_name&quot;:&quot;Smithy&quot;,&quot;user_contact_number&quot;:8729026600,&quot;user_email_id&quot;:&quot;BBB@gmail.com&quot;,&quot;creation_time&quot;:&quot;2024-10-17T04:59:37.628+00:00&quot;,&quot;last_mod_time&quot;:&quot;2024-10-17T04:59:37.628+00:00&quot;},{&quot;userAddress&quot;:{&quot;addressId&quot;:10528,&quot;plotNumber&quot;:&quot;P1-12&quot;,&quot;street&quot;:&quot;Main&quot;,&quot;state&quot;:&quot;CA&quot;,&quot;country&quot;:&quot;USA&quot;,&quot;zipCode&quot;:20875},&quot;user_id&quot;:10560,&quot;user_first_name&quot;:&quot;Alice&quot;,&quot;user_last_name&quot;:&quot;Johnson&quot;,&quot;user_contact_number&quot;:5178096100,&quot;user_email_id&quot;:&quot;Team02JAAA@gmail.com&quot;,&quot;creation_time&quot;:&quot;2024-10-17T05:11:19.592+00:00&quot;,&quot;last_mod_time&quot;:&quot;2024-10-17T05:11:19.592+00:00&quot;},{&quot;userAddress&quot;:{&quot;addressId&quot;:10524,&quot;plotNumber&quot;:&quot;P1-12&quot;,&quot;street&quot;:&quot;Main&quot;,&quot;state&quot;:&quot;CA&quot;,&quot;country&quot;:&quot;USA&quot;,&quot;zipCode&quot;:20875},&quot;user_id&quot;:10556,&quot;user_first_name&quot;:&quot;Alice&quot;,&quot;user_last_name&quot;:&quot;Johnson&quot;,&quot;user_contact_number&quot;:1178096100,&quot;user_email_id&quot;:&quot;Team02AAA@gmail.com&quot;,&quot;creation_time&quot;:&quot;2024-10-17T04:59:31.369+00:00&quot;,&quot;last_mod_time&quot;:&quot;2024-10-17T04:59:31.369+00:00&quot;},{&quot;userAddress&quot;:{&quot;addressId&quot;:10567,&quot;plotNumber&quot;:&quot;17-A&quot;,&quot;street&quot;:&quot;gcd street&quot;,&quot;state&quot;:&quot;California&quot;,&quot;country&quot;:&quot;USA&quot;,&quot;zipCode&quot;:92125},&quot;user_id&quot;:10599,&quot;user_first_name&quot;:&quot;Jam&quot;,&quot;user_last_name&quot;:&quot;Yam&quot;,&quot;user_contact_number&quot;:2346678912,&quot;user_email_id&quot;:&quot;jam.yam@gmail.com&quot;,&quot;creation_time&quot;:&quot;2024-10-17T06:33:59.373+00:00&quot;,&quot;last_mod_time&quot;:&quot;2024-10-17T06:33:59.373+00:00&quot;},{&quot;userAddress&quot;:{&quot;addressId&quot;:10568,&quot;plotNumber&quot;:&quot;17-A&quot;,&quot;street&quot;:&quot;gcd street&quot;,&quot;state&quot;:&quot;California&quot;,&quot;country&quot;:&quot;USA&quot;,&quot;zipCode&quot;:92125},&quot;user_id&quot;:10600,&quot;user_first_name&quot;:&quot;Jamlu&quot;,&quot;user_last_name&quot;:&quot;Yamalu&quot;,&quot;user_contact_number&quot;:2346678777,&quot;user_email_id&quot;:&quot;jamlu.yam@gmail.com&quot;,&quot;creation_time&quot;:&quot;2024-10-17T07:08:37.149+00:00&quot;,&quot;last_mod_time&quot;:&quot;2024-10-17T07:08:37.149+00:00&quot;},{&quot;userAddress&quot;:{&quot;addressId&quot;:10590,&quot;plotNumber&quot;:&quot;P1-12&quot;,&quot;street&quot;:&quot;Main&quot;,&quot;state&quot;:&quot;CA&quot;,&quot;country&quot;:&quot;USA&quot;,&quot;zipCode&quot;:20875},&quot;user_id&quot;:10622,&quot;user_first_name&quot;:&quot;Alice&quot;,&quot;user_last_name&quot;:&quot;Johnson&quot;,&quot;user_contact_number&quot;:7178096300,&quot;user_email_id&quot;:&quot;Team02JAAAJ@gmail.com&quot;,&quot;creation_time&quot;:&quot;2024-10-17T13:09:15.067+00:00&quot;,&quot;last_mod_time&quot;:&quot;2024-10-17T13:09:15.067+00:00&quot;},{&quot;userAddress&quot;:{&quot;addressId&quot;:10591,&quot;plotNumber&quot;:&quot;P1-13&quot;,&quot;street&quot;:&quot;Oak&quot;,&quot;state&quot;:&quot;TX&quot;,&quot;country&quot;:&quot;USA&quot;,&quot;zipCode&quot;:20895},&quot;user_id&quot;:10623,&quot;user_first_name&quot;:&quot;Boby&quot;,&quot;user_last_name&quot;:&quot;Smithy&quot;,&quot;user_contact_number&quot;:8297666600,&quot;user_email_id&quot;:&quot;BBBO@gmail.com&quot;,&quot;creation_time&quot;:&quot;2024-10-17T13:09:23.333+00:00&quot;,&quot;last_mod_time&quot;:&quot;2024-10-17T13:09:23.333+00:00&quot;},{&quot;userAddress&quot;:{&quot;addressId&quot;:10593,&quot;plotNumber&quot;:&quot;P1-12&quot;,&quot;street&quot;:&quot;Main&quot;,&quot;state&quot;:&quot;CA&quot;,&quot;country&quot;:&quot;USA&quot;,&quot;zipCode&quot;:20875},&quot;user_id&quot;:10625,&quot;user_first_name&quot;:&quot;Alice&quot;,&quot;user_last_name&quot;:&quot;Johnson&quot;,&quot;user_contact_number&quot;:7778096300,&quot;user_email_id&quot;:&quot;Team02JAAAjJ@gmail.com&quot;,&quot;creation_time&quot;:&quot;2024-10-17T13:12:39.609+00:00&quot;,&quot;last_mod_time&quot;:&quot;2024-10-17T13:12:39.609+00:00&quot;},{&quot;userAddress&quot;:{&quot;addressId&quot;:10594,&quot;plotNumber&quot;:&quot;P1-13&quot;,&quot;street&quot;:&quot;Oak&quot;,&quot;state&quot;:&quot;TX&quot;,&quot;country&quot;:&quot;USA&quot;,&quot;zipCode&quot;:20895},&quot;user_id&quot;:10626,&quot;user_first_name&quot;:&quot;Boby&quot;,&quot;user_last_name&quot;:&quot;Smithy&quot;,&quot;user_contact_number&quot;:8867666600,&quot;user_email_id&quot;:&quot;BBBOo@gmail.com&quot;,&quot;creation_time&quot;:&quot;2024-10-17T13:12:47.182+00:00&quot;,&quot;last_mod_time&quot;:&quot;2024-10-17T13:12:47.182+00:00&quot;},{&quot;userAddress&quot;:{&quot;addressId&quot;:10595,&quot;plotNumber&quot;:&quot;19-a&quot;,&quot;street&quot;:&quot;Cypress Dr&quot;,&quot;state&quot;:&quot;Texas&quot;,&quot;country&quot;:&quot;USA&quot;,&quot;zipCode&quot;:null},&quot;user_id&quot;:10627,&quot;user_first_name&quot;:&quot;Vijaya&quot;,&quot;user_last_name&quot;:&quot;TeamThree&quot;,&quot;user_contact_number&quot;:5638458536,&quot;user_email_id&quot;:&quot;johanna.upton@example.com&quot;,&quot;creation_time&quot;:&quot;2024-10-17T13:21:15.557+00:00&quot;,&quot;last_mod_time&quot;:&quot;2024-10-17T13:21:15.557+00:00&quot;},{&quot;userAddress&quot;:{&quot;addressId&quot;:10596,&quot;plotNumber&quot;:&quot;19-a&quot;,&quot;street&quot;:&quot;Cypress Dr&quot;,&quot;state&quot;:&quot;Texas&quot;,&quot;country&quot;:&quot;USA&quot;,&quot;zipCode&quot;:null},&quot;user_id&quot;:10628,&quot;user_first_name&quot;:&quot;Vijaya&quot;,&quot;user_last_name&quot;:&quot;TeamThree&quot;,&quot;user_contact_number&quot;:5793477152,&quot;user_email_id&quot;:&quot;otha.carter@example.com&quot;,&quot;creation_time&quot;:&quot;2024-10-17T13:21:16.353+00:00&quot;,&quot;last_mod_time&quot;:&quot;2024-10-17T13:21:16.353+00:00&quot;},{&quot;userAddress&quot;:{&quot;addressId&quot;:10597,&quot;plotNumber&quot;:&quot;19-a&quot;,&quot;street&quot;:&quot;Cypress Dr&quot;,&quot;state&quot;:&quot;Texas&quot;,&quot;country&quot;:&quot;USA&quot;,&quot;zipCode&quot;:null},&quot;user_id&quot;:10629,&quot;user_first_name&quot;:&quot;Vijaya&quot;,&quot;user_last_name&quot;:&quot;TeamThree&quot;,&quot;user_contact_number&quot;:5140440894,&quot;user_email_id&quot;:&quot;nga.krajcik@example.com&quot;,&quot;creation_time&quot;:&quot;2024-10-17T13:21:56.384+00:00&quot;,&quot;last_mod_time&quot;:&quot;2024-10-17T13:21:56.384+00:00&quot;},{&quot;userAddress&quot;:{&quot;addressId&quot;:10598,&quot;plotNumber&quot;:&quot;19-a&quot;,&quot;street&quot;:&quot;Cypress Dr&quot;,&quot;state&quot;:&quot;Texas&quot;,&quot;country&quot;:&quot;USA&quot;,&quot;zipCode&quot;:null},&quot;user_id&quot;:10630,&quot;user_first_name&quot;:&quot;Vijaya&quot;,&quot;user_last_name&quot;:&quot;TeamThree&quot;,&quot;user_contact_number&quot;:5760053888,&quot;user_email_id&quot;:&quot;boyce.blick@example.com&quot;,&quot;creation_time&quot;:&quot;2024-10-17T13:21:57.175+00:00&quot;,&quot;last_mod_time&quot;:&quot;2024-10-17T13:21:57.175+00:00&quot;},{&quot;userAddress&quot;:{&quot;addressId&quot;:10599,&quot;plotNumber&quot;:&quot;19-a&quot;,&quot;street&quot;:&quot;Cypress Dr&quot;,&quot;state&quot;:&quot;Texas&quot;,&quot;country&quot;:&quot;USA&quot;,&quot;zipCode&quot;:null},&quot;user_id&quot;:10631,&quot;user_first_name&quot;:&quot;Vijaya&quot;,&quot;user_last_name&quot;:&quot;TeamThree&quot;,&quot;user_contact_number&quot;:5057892649,&quot;user_email_id&quot;:&quot;marg.swift@example.com&quot;,&quot;creation_time&quot;:&quot;2024-10-17T13:24:58.644+00:00&quot;,&quot;last_mod_time&quot;:&quot;2024-10-17T13:24:58.644+00:00&quot;},{&quot;userAddress&quot;:{&quot;addressId&quot;:10600,&quot;plotNumber&quot;:&quot;19-a&quot;,&quot;street&quot;:&quot;Cypress Dr&quot;,&quot;state&quot;:&quot;Texas&quot;,&quot;country&quot;:&quot;USA&quot;,&quot;zipCode&quot;:null},&quot;user_id&quot;:10632,&quot;user_first_name&quot;:&quot;Vijaya&quot;,&quot;user_last_name&quot;:&quot;TeamThree&quot;,&quot;user_contact_number&quot;:5624869357,&quot;user_email_id&quot;:&quot;eleanore.kerluke@example.com&quot;,&quot;creation_time&quot;:&quot;2024-10-17T13:24:59.410+00:00&quot;,&quot;last_mod_time&quot;:&quot;2024-10-17T13:24:59.410+00:00&quot;},{&quot;userAddress&quot;:{&quot;addressId&quot;:10602,&quot;plotNumber&quot;:&quot;19-a&quot;,&quot;street&quot;:&quot;Cypress Dr&quot;,&quot;state&quot;:&quot;Texas&quot;,&quot;country&quot;:&quot;USA&quot;,&quot;zipCode&quot;:null},&quot;user_id&quot;:10634,&quot;user_first_name&quot;:&quot;Vijaya&quot;,&quot;user_last_name&quot;:&quot;TeamThree&quot;,&quot;user_contact_number&quot;:5529851019,&quot;user_email_id&quot;:&quot;dylan.sauer@example.com&quot;,&quot;creation_time&quot;:&quot;2024-10-17T13:26:51.105+00:00&quot;,&quot;last_mod_time&quot;:&quot;2024-10-17T13:26:51.105+00:00&quot;},{&quot;userAddress&quot;:{&quot;addressId&quot;:10603,&quot;plotNumber&quot;:&quot;19-a&quot;,&quot;street&quot;:&quot;Cypress Dr&quot;,&quot;state&quot;:&quot;Texas&quot;,&quot;country&quot;:&quot;USA&quot;,&quot;zipCode&quot;:null},&quot;user_id&quot;:10635,&quot;user_first_name&quot;:&quot;Vijaya&quot;,&quot;user_last_name&quot;:&quot;TeamThree&quot;,&quot;user_contact_number&quot;:5797047066,&quot;user_email_id&quot;:&quot;emory.gibson@example.com&quot;,&quot;creation_time&quot;:&quot;2024-10-17T13:26:51.860+00:00&quot;,&quot;last_mod_time&quot;:&quot;2024-10-17T13:26:51.860+00:00&quot;},{&quot;userAddress&quot;:{&quot;addressId&quot;:10604,&quot;plotNumber&quot;:&quot;P1-13&quot;,&quot;street&quot;:&quot;Oak&quot;,&quot;state&quot;:&quot;TX&quot;,&quot;country&quot;:&quot;USA&quot;,&quot;zipCode&quot;:20895},&quot;user_id&quot;:10636,&quot;user_first_name&quot;:&quot;Boby&quot;,&quot;user_last_name&quot;:&quot;Smithy&quot;,&quot;user_contact_number&quot;:8834666600,&quot;user_email_id&quot;:&quot;BBBOoB@gmail.com&quot;,&quot;creation_time&quot;:&quot;2024-10-17T13:30:59.405+00:00&quot;,&quot;last_mod_time&quot;:&quot;2024-10-17T13:30:59.405+00:00&quot;},{&quot;userAddress&quot;:{&quot;addressId&quot;:10607,&quot;plotNumber&quot;:&quot;P1-12&quot;,&quot;street&quot;:&quot;Main&quot;,&quot;state&quot;:&quot;CA&quot;,&quot;country&quot;:&quot;USA&quot;,&quot;zipCode&quot;:20875},&quot;user_id&quot;:10639,&quot;user_first_name&quot;:&quot;Alice&quot;,&quot;user_last_name&quot;:&quot;Johnson&quot;,&quot;user_contact_number&quot;:7178059300,&quot;user_email_id&quot;:&quot;Team09JAjJ@gmail.com&quot;,&quot;creation_time&quot;:&quot;2024-10-17T13:43:21.510+00:00&quot;,&quot;last_mod_time&quot;:&quot;2024-10-17T13:43:21.510+00:00&quot;},{&quot;userAddress&quot;:{&quot;addressId&quot;:10608,&quot;plotNumber&quot;:&quot;P1-13&quot;,&quot;street&quot;:&quot;Oak&quot;,&quot;state&quot;:&quot;TX&quot;,&quot;country&quot;:&quot;USA&quot;,&quot;zipCode&quot;:20895},&quot;user_id&quot;:10640,&quot;user_first_name&quot;:&quot;Boby&quot;,&quot;user_last_name&quot;:&quot;Smithy&quot;,&quot;user_contact_number&quot;:1234666600,&quot;user_email_id&quot;:&quot;BBBOoBo@gmail.com&quot;,&quot;creation_time&quot;:&quot;2024-10-17T13:43:30.382+00:00&quot;,&quot;last_mod_time&quot;:&quot;2024-10-17T13:43:30.382+00:00&quot;},{&quot;userAddress&quot;:{&quot;addressId&quot;:10609,&quot;plotNumber&quot;:&quot;P1-12&quot;,&quot;street&quot;:&quot;Main&quot;,&quot;state&quot;:&quot;CA&quot;,&quot;country&quot;:&quot;USA&quot;,&quot;zipCode&quot;:20875},&quot;user_id&quot;:10641,&quot;user_first_name&quot;:&quot;Alice&quot;,&quot;user_last_name&quot;:&quot;Johnson&quot;,&quot;user_contact_number&quot;:7178000300,&quot;user_email_id&quot;:&quot;Team10JAjJ@gmail.com&quot;,&quot;creation_time&quot;:&quot;2024-10-17T13:49:20.054+00:00&quot;,&quot;last_mod_time&quot;:&quot;2024-10-17T13:49:20.054+00:00&quot;},{&quot;userAddress&quot;:{&quot;addressId&quot;:10611,&quot;plotNumber&quot;:&quot;P1-12&quot;,&quot;street&quot;:&quot;Main&quot;,&quot;state&quot;:&quot;CA&quot;,&quot;country&quot;:&quot;USA&quot;,&quot;zipCode&quot;:20875},&quot;user_id&quot;:10643,&quot;user_first_name&quot;:&quot;Alice&quot;,&quot;user_last_name&quot;:&quot;Johnson&quot;,&quot;user_contact_number&quot;:9698000300,&quot;user_email_id&quot;:&quot;Team11JAjJ@gmail.com&quot;,&quot;creation_time&quot;:&quot;2024-10-17T13:53:41.969+00:00&quot;,&quot;last_mod_time&quot;:&quot;2024-10-17T13:53:41.969+00:00&quot;},{&quot;userAddress&quot;:{&quot;addressId&quot;:10612,&quot;plotNumber&quot;:&quot;P1-13&quot;,&quot;street&quot;:&quot;Oak&quot;,&quot;state&quot;:&quot;TX&quot;,&quot;country&quot;:&quot;USA&quot;,&quot;zipCode&quot;:20895},&quot;user_id&quot;:10644,&quot;user_first_name&quot;:&quot;Boby&quot;,&quot;user_last_name&quot;:&quot;Smithy&quot;,&quot;user_contact_number&quot;:1564666600,&quot;user_email_id&quot;:&quot;BBSBo@gmail.com&quot;,&quot;creation_time&quot;:&quot;2024-10-17T13:53:43.319+00:00&quot;,&quot;last_mod_time&quot;:&quot;2024-10-17T13:53:43.319+00:00&quot;},{&quot;userAddress&quot;:{&quot;addressId&quot;:10613,&quot;plotNumber&quot;:&quot;19-a&quot;,&quot;street&quot;:&quot;Cypress Dr&quot;,&quot;state&quot;:&quot;Texas&quot;,&quot;country&quot;:&quot;USA&quot;,&quot;zipCode&quot;:null},&quot;user_id&quot;:10645,&quot;user_first_name&quot;:&quot;Vijaya&quot;,&quot;user_last_name&quot;:&quot;TeamThree&quot;,&quot;user_contact_number&quot;:5274994396,&quot;user_email_id&quot;:&quot;sachiko.schoen@example.com&quot;,&quot;creation_time&quot;:&quot;2024-10-17T13:59:08.556+00:00&quot;,&quot;last_mod_time&quot;:&quot;2024-10-17T13:59:08.556+00:00&quot;},{&quot;userAddress&quot;:{&quot;addressId&quot;:10614,&quot;plotNumber&quot;:&quot;19-a&quot;,&quot;street&quot;:&quot;Cypress Dr&quot;,&quot;state&quot;:&quot;Texas&quot;,&quot;country&quot;:&quot;USA&quot;,&quot;zipCode&quot;:null},&quot;user_id&quot;:10646,&quot;user_first_name&quot;:&quot;Vijaya&quot;,&quot;user_last_name&quot;:&quot;TeamThree&quot;,&quot;user_contact_number&quot;:5563053555,&quot;user_email_id&quot;:&quot;santa.vandervort@example.com&quot;,&quot;creation_time&quot;:&quot;2024-10-17T13:59:09.382+00:00&quot;,&quot;last_mod_time&quot;:&quot;2024-10-17T13:59:09.382+00:00&quot;},{&quot;userAddress&quot;:{&quot;addressId&quot;:10616,&quot;plotNumber&quot;:&quot;pl-23&quot;,&quot;street&quot;:&quot;my Street&quot;,&quot;state&quot;:&quot;Texas&quot;,&quot;country&quot;:&quot;USA&quot;,&quot;zipCode&quot;:75068},&quot;user_id&quot;:10648,&quot;user_first_name&quot;:&quot;Vijaya&quot;,&quot;user_last_name&quot;:&quot;Team&quot;,&quot;user_contact_number&quot;:6333177778,&quot;user_email_id&quot;:&quot;myemail1trial@gmail.com&quot;,&quot;creation_time&quot;:&quot;2024-10-17T14:01:52.055+00:00&quot;,&quot;last_mod_time&quot;:&quot;2024-10-17T14:01:52.055+00:00&quot;},{&quot;userAddress&quot;:{&quot;addressId&quot;:10750,&quot;plotNumber&quot;:&quot;P1-12&quot;,&quot;street&quot;:&quot;Main&quot;,&quot;state&quot;:&quot;CA&quot;,&quot;country&quot;:&quot;USA&quot;,&quot;zipCode&quot;:20875},&quot;user_id&quot;:10782,&quot;user_first_name&quot;:&quot;Alice&quot;,&quot;user_last_name&quot;:&quot;Johnson&quot;,&quot;user_contact_number&quot;:6694430300,&quot;user_email_id&quot;:&quot;Team12JAjjJ@gmail.com&quot;,&quot;creation_time&quot;:&quot;2024-10-17T19:32:23.427+00:00&quot;,&quot;last_mod_time&quot;:&quot;2024-10-17T19:32:23.427+00:00&quot;},{&quot;userAddress&quot;:{&quot;addressId&quot;:10751,&quot;plotNumber&quot;:&quot;P1-13&quot;,&quot;street&quot;:&quot;Oak&quot;,&quot;state&quot;:&quot;TX&quot;,&quot;country&quot;:&quot;USA&quot;,&quot;zipCode&quot;:20895},&quot;user_id&quot;:10783,&quot;user_first_name&quot;:&quot;Boby&quot;,&quot;user_last_name&quot;:&quot;Smithy&quot;,&quot;user_contact_number&quot;:6514116600,&quot;user_email_id&quot;:&quot;BBSsB@gmail.com&quot;,&quot;creation_time&quot;:&quot;2024-10-17T19:32:23.806+00:00&quot;,&quot;last_mod_time&quot;:&quot;2024-10-17T19:32:23.806+00:00&quot;},{&quot;userAddress&quot;:{&quot;addressId&quot;:10730,&quot;plotNumber&quot;:&quot;A-202&quot;,&quot;street&quot;:&quot;golden dr&quot;,&quot;state&quot;:&quot;MA&quot;,&quot;country&quot;:&quot;USA&quot;,&quot;zipCode&quot;:24568},&quot;user_id&quot;:10762,&quot;user_first_name&quot;:&quot;DummyABC&quot;,&quot;user_last_name&quot;:&quot;Last&quot;,&quot;user_contact_number&quot;:5412598753,&quot;user_email_id&quot;:&quot;lastAB@gmail.com&quot;,&quot;creation_time&quot;:&quot;2024-10-17T18:27:04.151+00:00&quot;,&quot;last_mod_time&quot;:&quot;2024-10-17T19:32:41.702+00:00&quot;},{&quot;userAddress&quot;:{&quot;addressId&quot;:10754,&quot;plotNumber&quot;:&quot;P1-12&quot;,&quot;street&quot;:&quot;Main&quot;,&quot;state&quot;:&quot;CA&quot;,&quot;country&quot;:&quot;USA&quot;,&quot;zipCode&quot;:20875},&quot;user_id&quot;:10786,&quot;user_first_name&quot;:&quot;Alice&quot;,&quot;user_last_name&quot;:&quot;Johnson&quot;,&quot;user_contact_number&quot;:6694434300,&quot;user_email_id&quot;:&quot;Team13JAjjJ@gmail.com&quot;,&quot;creation_time&quot;:&quot;2024-10-17T19:38:00.169+00:00&quot;,&quot;last_mod_time&quot;:&quot;2024-10-17T19:38:00.169+00:00&quot;},{&quot;userAddress&quot;:{&quot;addressId&quot;:10624,&quot;plotNumber&quot;:&quot;P1-12&quot;,&quot;street&quot;:&quot;Main&quot;,&quot;state&quot;:&quot;CA&quot;,&quot;country&quot;:&quot;USA&quot;,&quot;zipCode&quot;:20875},&quot;user_id&quot;:10656,&quot;user_first_name&quot;:&quot;Alice&quot;,&quot;user_last_name&quot;:&quot;Johnson&quot;,&quot;user_contact_number&quot;:6698220300,&quot;user_email_id&quot;:&quot;Team12JAjJ@gmail.com&quot;,&quot;creation_time&quot;:&quot;2024-10-17T14:07:52.613+00:00&quot;,&quot;last_mod_time&quot;:&quot;2024-10-17T14:07:52.613+00:00&quot;},{&quot;userAddress&quot;:{&quot;addressId&quot;:10625,&quot;plotNumber&quot;:&quot;P1-13&quot;,&quot;street&quot;:&quot;Oak&quot;,&quot;state&quot;:&quot;TX&quot;,&quot;country&quot;:&quot;USA&quot;,&quot;zipCode&quot;:20895},&quot;user_id&quot;:10657,&quot;user_first_name&quot;:&quot;Boby&quot;,&quot;user_last_name&quot;:&quot;Smithy&quot;,&quot;user_contact_number&quot;:6514666600,&quot;user_email_id&quot;:&quot;BBSs@gmail.com&quot;,&quot;creation_time&quot;:&quot;2024-10-17T14:08:01.441+00:00&quot;,&quot;last_mod_time&quot;:&quot;2024-10-17T14:08:01.441+00:00&quot;},{&quot;userAddress&quot;:{&quot;addressId&quot;:10755,&quot;plotNumber&quot;:&quot;P1-13&quot;,&quot;street&quot;:&quot;Oak&quot;,&quot;state&quot;:&quot;TX&quot;,&quot;country&quot;:&quot;USA&quot;,&quot;zipCode&quot;:20895},&quot;user_id&quot;:10787,&quot;user_first_name&quot;:&quot;Boby&quot;,&quot;user_last_name&quot;:&quot;Smithy&quot;,&quot;user_contact_number&quot;:6511096600,&quot;user_email_id&quot;:&quot;BBSsBs@gmail.com&quot;,&quot;creation_time&quot;:&quot;2024-10-17T19:38:00.608+00:00&quot;,&quot;last_mod_time&quot;:&quot;2024-10-17T19:38:00.608+00:00&quot;},{&quot;userAddress&quot;:{&quot;addressId&quot;:10633,&quot;plotNumber&quot;:&quot;19-a&quot;,&quot;street&quot;:&quot;Cypress Dr&quot;,&quot;state&quot;:&quot;Texas&quot;,&quot;country&quot;:&quot;USA&quot;,&quot;zipCode&quot;:null},&quot;user_id&quot;:10665,&quot;user_first_name&quot;:&quot;Vijaya&quot;,&quot;user_last_name&quot;:&quot;TeamThree&quot;,&quot;user_contact_number&quot;:5694720258,&quot;user_email_id&quot;:&quot;will.legros@example.com&quot;,&quot;creation_time&quot;:&quot;2024-10-17T14:19:50.013+00:00&quot;,&quot;last_mod_time&quot;:&quot;2024-10-17T14:19:50.013+00:00&quot;},{&quot;userAddress&quot;:{&quot;addressId&quot;:10634,&quot;plotNumber&quot;:&quot;19-a&quot;,&quot;street&quot;:&quot;Cypress Dr&quot;,&quot;state&quot;:&quot;Texas&quot;,&quot;country&quot;:&quot;USA&quot;,&quot;zipCode&quot;:null},&quot;user_id&quot;:10666,&quot;user_first_name&quot;:&quot;Vijaya&quot;,&quot;user_last_name&quot;:&quot;TeamThree&quot;,&quot;user_contact_number&quot;:5643146181,&quot;user_email_id&quot;:&quot;benny.luettgen@example.com&quot;,&quot;creation_time&quot;:&quot;2024-10-17T14:19:51.123+00:00&quot;,&quot;last_mod_time&quot;:&quot;2024-10-17T14:19:51.123+00:00&quot;},{&quot;userAddress&quot;:{&quot;addressId&quot;:10635,&quot;plotNumber&quot;:&quot;19-a&quot;,&quot;street&quot;:&quot;Cypress Dr&quot;,&quot;state&quot;:&quot;Texas&quot;,&quot;country&quot;:&quot;USA&quot;,&quot;zipCode&quot;:null},&quot;user_id&quot;:10667,&quot;user_first_name&quot;:&quot;Vijaya&quot;,&quot;user_last_name&quot;:&quot;TeamThree&quot;,&quot;user_contact_number&quot;:5772199490,&quot;user_email_id&quot;:&quot;willie.breitenberg@example.com&quot;,&quot;creation_time&quot;:&quot;2024-10-17T14:25:38.002+00:00&quot;,&quot;last_mod_time&quot;:&quot;2024-10-17T14:25:38.002+00:00&quot;},{&quot;userAddress&quot;:{&quot;addressId&quot;:10636,&quot;plotNumber&quot;:&quot;19-a&quot;,&quot;street&quot;:&quot;Cypress Dr&quot;,&quot;state&quot;:&quot;Texas&quot;,&quot;country&quot;:&quot;USA&quot;,&quot;zipCode&quot;:null},&quot;user_id&quot;:10668,&quot;user_first_name&quot;:&quot;Vijaya&quot;,&quot;user_last_name&quot;:&quot;TeamThree&quot;,&quot;user_contact_number&quot;:5427510505,&quot;user_email_id&quot;:&quot;sergio.kling@example.com&quot;,&quot;creation_time&quot;:&quot;2024-10-17T14:25:38.836+00:00&quot;,&quot;last_mod_time&quot;:&quot;2024-10-17T14:25:38.836+00:00&quot;},{&quot;userAddress&quot;:{&quot;addressId&quot;:10637,&quot;plotNumber&quot;:&quot;19-a&quot;,&quot;street&quot;:&quot;Cypress Dr&quot;,&quot;state&quot;:&quot;Texas&quot;,&quot;country&quot;:&quot;USA&quot;,&quot;zipCode&quot;:null},&quot;user_id&quot;:10669,&quot;user_first_name&quot;:&quot;Vijaya&quot;,&quot;user_last_name&quot;:&quot;TeamThree&quot;,&quot;user_contact_number&quot;:5192616652,&quot;user_email_id&quot;:&quot;randy.ondricka@example.com&quot;,&quot;creation_time&quot;:&quot;2024-10-17T14:28:42.393+00:00&quot;,&quot;last_mod_time&quot;:&quot;2024-10-17T14:28:42.393+00:00&quot;},{&quot;userAddress&quot;:{&quot;addressId&quot;:10638,&quot;plotNumber&quot;:&quot;19-a&quot;,&quot;street&quot;:&quot;Cypress Dr&quot;,&quot;state&quot;:&quot;Texas&quot;,&quot;country&quot;:&quot;USA&quot;,&quot;zipCode&quot;:56576},&quot;user_id&quot;:10670,&quot;user_first_name&quot;:&quot;Vijaya&quot;,&quot;user_last_name&quot;:&quot;TeamThree&quot;,&quot;user_contact_number&quot;:5041878390,&quot;user_email_id&quot;:&quot;randell.treutel@example.com&quot;,&quot;creation_time&quot;:&quot;2024-10-17T14:28:43.213+00:00&quot;,&quot;last_mod_time&quot;:&quot;2024-10-17T14:28:43.213+00:00&quot;},{&quot;userAddress&quot;:{&quot;addressId&quot;:10795,&quot;plotNumber&quot;:&quot;P1-12&quot;,&quot;street&quot;:&quot;Main&quot;,&quot;state&quot;:&quot;CA&quot;,&quot;country&quot;:&quot;USA&quot;,&quot;zipCode&quot;:20875},&quot;user_id&quot;:10827,&quot;user_first_name&quot;:&quot;Alice&quot;,&quot;user_last_name&quot;:&quot;Johnson&quot;,&quot;user_contact_number&quot;:6694789300,&quot;user_email_id&quot;:&quot;Team14JAjjJn@gmail.com&quot;,&quot;creation_time&quot;:&quot;2024-10-17T22:03:54.965+00:00&quot;,&quot;last_mod_time&quot;:&quot;2024-10-17T22:03:54.965+00:00&quot;},{&quot;userAddress&quot;:{&quot;addressId&quot;:10796,&quot;plotNumber&quot;:&quot;P1-13&quot;,&quot;street&quot;:&quot;Oak&quot;,&quot;state&quot;:&quot;TX&quot;,&quot;country&quot;:&quot;USA&quot;,&quot;zipCode&quot;:20895},&quot;user_id&quot;:10828,&quot;user_first_name&quot;:&quot;Boby&quot;,&quot;user_last_name&quot;:&quot;Smithy&quot;,&quot;user_contact_number&quot;:9891096600,&quot;user_email_id&quot;:&quot;BBSsBss@gmail.com&quot;,&quot;creation_time&quot;:&quot;2024-10-17T22:03:55.332+00:00&quot;,&quot;last_mod_time&quot;:&quot;2024-10-17T22:03:55.332+00:00&quot;},{&quot;userAddress&quot;:{&quot;addressId&quot;:10661,&quot;plotNumber&quot;:&quot;19-a&quot;,&quot;street&quot;:&quot;Cypress Dr&quot;,&quot;state&quot;:&quot;Texas&quot;,&quot;country&quot;:&quot;USA&quot;,&quot;zipCode&quot;:null},&quot;user_id&quot;:10693,&quot;user_first_name&quot;:&quot;Vijaya&quot;,&quot;user_last_name&quot;:&quot;TeamThree&quot;,&quot;user_contact_number&quot;:5942468612,&quot;user_email_id&quot;:&quot;man.oconnell@example.com&quot;,&quot;creation_time&quot;:&quot;2024-10-17T14:49:48.565+00:00&quot;,&quot;last_mod_time&quot;:&quot;2024-10-17T14:49:48.565+00:00&quot;},{&quot;userAddress&quot;:{&quot;addressId&quot;:10800,&quot;plotNumber&quot;:&quot;P1-12&quot;,&quot;street&quot;:&quot;Main&quot;,&quot;state&quot;:&quot;CA&quot;,&quot;country&quot;:&quot;USA&quot;,&quot;zipCode&quot;:20875},&quot;user_id&quot;:10832,&quot;user_first_name&quot;:&quot;Alice&quot;,&quot;user_last_name&quot;:&quot;Johnson&quot;,&quot;user_contact_number&quot;:5564789300,&quot;user_email_id&quot;:&quot;Team14JAjjJnn@gmail.com&quot;,&quot;creation_time&quot;:&quot;2024-10-17T22:16:44.010+00:00&quot;,&quot;last_mod_time&quot;:&quot;2024-10-17T22:16:44.010+00:00&quot;},{&quot;userAddress&quot;:{&quot;addressId&quot;:10662,&quot;plotNumber&quot;:&quot;19-a&quot;,&quot;street&quot;:&quot;Cypress Dr&quot;,&quot;state&quot;:&quot;Texas&quot;,&quot;country&quot;:&quot;USA&quot;,&quot;zipCode&quot;:56576},&quot;user_id&quot;:10694,&quot;user_first_name&quot;:&quot;Vijaya&quot;,&quot;user_last_name&quot;:&quot;TeamThree&quot;,&quot;user_contact_number&quot;:5313553700,&quot;user_email_id&quot;:&quot;glenn.kling@example.com&quot;,&quot;creation_time&quot;:&quot;2024-10-17T14:49:48.975+00:00&quot;,&quot;last_mod_time&quot;:&quot;2024-10-17T14:49:48.975+00:00&quot;},{&quot;userAddress&quot;:{&quot;addressId&quot;:10801,&quot;plotNumber&quot;:&quot;P1-13&quot;,&quot;street&quot;:&quot;Oak&quot;,&quot;state&quot;:&quot;TX&quot;,&quot;country&quot;:&quot;USA&quot;,&quot;zipCode&quot;:20895},&quot;user_id&quot;:10833,&quot;user_first_name&quot;:&quot;Boby&quot;,&quot;user_last_name&quot;:&quot;Smithy&quot;,&quot;user_contact_number&quot;:9654396600,&quot;user_email_id&quot;:&quot;BBSsBsss@gmail.com&quot;,&quot;creation_time&quot;:&quot;2024-10-17T22:16:51.724+00:00&quot;,&quot;last_mod_time&quot;:&quot;2024-10-17T22:16:51.724+00:00&quot;},{&quot;userAddress&quot;:{&quot;addressId&quot;:10663,&quot;plotNumber&quot;:&quot;19-a&quot;,&quot;street&quot;:&quot;Cypress Dr&quot;,&quot;state&quot;:&quot;Texas&quot;,&quot;country&quot;:&quot;USA&quot;,&quot;zipCode&quot;:null},&quot;user_id&quot;:10695,&quot;user_first_name&quot;:&quot;Vijaya&quot;,&quot;user_last_name&quot;:&quot;TeamThree&quot;,&quot;user_contact_number&quot;:5548032235,&quot;user_email_id&quot;:&quot;roosevelt.fisher@example.com&quot;,&quot;creation_time&quot;:&quot;2024-10-17T14:53:47.882+00:00&quot;,&quot;last_mod_time&quot;:&quot;2024-10-17T14:53:47.882+00:00&quot;},{&quot;userAddress&quot;:{&quot;addressId&quot;:10664,&quot;plotNumber&quot;:&quot;19-a&quot;,&quot;street&quot;:&quot;Cypress Dr&quot;,&quot;state&quot;:&quot;Texas&quot;,&quot;country&quot;:&quot;USA&quot;,&quot;zipCode&quot;:56576},&quot;user_id&quot;:10696,&quot;user_first_name&quot;:&quot;Vijaya&quot;,&quot;user_last_name&quot;:&quot;TeamThree&quot;,&quot;user_contact_number&quot;:5345470417,&quot;user_email_id&quot;:&quot;toni.labadie@example.com&quot;,&quot;creation_time&quot;:&quot;2024-10-17T14:53:48.473+00:00&quot;,&quot;last_mod_time&quot;:&quot;2024-10-17T14:53:48.473+00:00&quot;},{&quot;userAddress&quot;:{&quot;addressId&quot;:10665,&quot;plotNumber&quot;:&quot;19-a&quot;,&quot;street&quot;:&quot;Cypress Dr&quot;,&quot;state&quot;:&quot;Texas&quot;,&quot;country&quot;:&quot;USA&quot;,&quot;zipCode&quot;:null},&quot;user_id&quot;:10697,&quot;user_first_name&quot;:&quot;Vijaya&quot;,&quot;user_last_name&quot;:&quot;TeamThree&quot;,&quot;user_contact_number&quot;:5299941159,&quot;user_email_id&quot;:&quot;stacy.damore@example.com&quot;,&quot;creation_time&quot;:&quot;2024-10-17T14:56:07.601+00:00&quot;,&quot;last_mod_time&quot;:&quot;2024-10-17T14:56:07.601+00:00&quot;},{&quot;userAddress&quot;:{&quot;addressId&quot;:10666,&quot;plotNumber&quot;:&quot;19-a&quot;,&quot;street&quot;:&quot;Cypress Dr&quot;,&quot;state&quot;:&quot;Texas&quot;,&quot;country&quot;:&quot;USA&quot;,&quot;zipCode&quot;:56576},&quot;user_id&quot;:10698,&quot;user_first_name&quot;:&quot;Vijaya&quot;,&quot;user_last_name&quot;:&quot;TeamThree&quot;,&quot;user_contact_number&quot;:5650200371,&quot;user_email_id&quot;:&quot;hipolito.windler@example.com&quot;,&quot;creation_time&quot;:&quot;2024-10-17T14:56:08.012+00:00&quot;,&quot;last_mod_time&quot;:&quot;2024-10-17T14:56:08.012+00:00&quot;},{&quot;userAddress&quot;:{&quot;addressId&quot;:10667,&quot;plotNumber&quot;:&quot;19-a&quot;,&quot;street&quot;:&quot;Cypress Dr&quot;,&quot;state&quot;:&quot;Texas&quot;,&quot;country&quot;:&quot;USA&quot;,&quot;zipCode&quot;:null},&quot;user_id&quot;:10699,&quot;user_first_name&quot;:&quot;Vijaya&quot;,&quot;user_last_name&quot;:&quot;TeamThree&quot;,&quot;user_contact_number&quot;:5440639118,&quot;user_email_id&quot;:&quot;cheyenne.bradtke@example.com&quot;,&quot;creation_time&quot;:&quot;2024-10-17T14:57:16.603+00:00&quot;,&quot;last_mod_time&quot;:&quot;2024-10-17T14:57:16.603+00:00&quot;},{&quot;userAddress&quot;:{&quot;addressId&quot;:10668,&quot;plotNumber&quot;:&quot;19-a&quot;,&quot;street&quot;:&quot;Cypress Dr&quot;,&quot;state&quot;:&quot;Texas&quot;,&quot;country&quot;:&quot;USA&quot;,&quot;zipCode&quot;:56576},&quot;user_id&quot;:10700,&quot;user_first_name&quot;:&quot;Vijaya&quot;,&quot;user_last_name&quot;:&quot;TeamThree&quot;,&quot;user_contact_number&quot;:5767989888,&quot;user_email_id&quot;:&quot;chi.graham@example.com&quot;,&quot;creation_time&quot;:&quot;2024-10-17T14:57:17.384+00:00&quot;,&quot;last_mod_time&quot;:&quot;2024-10-17T14:57:17.384+00:00&quot;},{&quot;userAddress&quot;:{&quot;addressId&quot;:10646,&quot;plotNumber&quot;:&quot;19-a&quot;,&quot;street&quot;:&quot;Cypress Dr&quot;,&quot;state&quot;:&quot;Texas&quot;,&quot;country&quot;:&quot;USA&quot;,&quot;zipCode&quot;:null},&quot;user_id&quot;:10678,&quot;user_first_name&quot;:&quot;Vijaya&quot;,&quot;user_last_name&quot;:&quot;TeamThree&quot;,&quot;user_contact_number&quot;:5290121657,&quot;user_email_id&quot;:&quot;marti.pfeffer@example.com&quot;,&quot;creation_time&quot;:&quot;2024-10-17T14:35:30.888+00:00&quot;,&quot;last_mod_time&quot;:&quot;2024-10-17T14:35:30.888+00:00&quot;},{&quot;userAddress&quot;:{&quot;addressId&quot;:10647,&quot;plotNumber&quot;:&quot;19-a&quot;,&quot;street&quot;:&quot;Cypress Dr&quot;,&quot;state&quot;:&quot;Texas&quot;,&quot;country&quot;:&quot;USA&quot;,&quot;zipCode&quot;:56576},&quot;user_id&quot;:10679,&quot;user_first_name&quot;:&quot;Vijaya&quot;,&quot;user_last_name&quot;:&quot;TeamThree&quot;,&quot;user_contact_number&quot;:5731835458,&quot;user_email_id&quot;:&quot;deandre.effertz@example.com&quot;,&quot;creation_time&quot;:&quot;2024-10-17T14:35:31.315+00:00&quot;,&quot;last_mod_time&quot;:&quot;2024-10-17T14:35:31.315+00:00&quot;},{&quot;userAddress&quot;:{&quot;addressId&quot;:10803,&quot;plotNumber&quot;:&quot;P1-12&quot;,&quot;street&quot;:&quot;Main&quot;,&quot;state&quot;:&quot;CA&quot;,&quot;country&quot;:&quot;USA&quot;,&quot;zipCode&quot;:20875},&quot;user_id&quot;:10835,&quot;user_first_name&quot;:&quot;Alice&quot;,&quot;user_last_name&quot;:&quot;Johnson&quot;,&quot;user_contact_number&quot;:5004789300,&quot;user_email_id&quot;:&quot;Team15SON@gmail.com&quot;,&quot;creation_time&quot;:&quot;2024-10-17T22:23:10.957+00:00&quot;,&quot;last_mod_time&quot;:&quot;2024-10-17T22:23:10.957+00:00&quot;},{&quot;userAddress&quot;:{&quot;addressId&quot;:10804,&quot;plotNumber&quot;:&quot;P1-13&quot;,&quot;street&quot;:&quot;Oak&quot;,&quot;state&quot;:&quot;TX&quot;,&quot;country&quot;:&quot;USA&quot;,&quot;zipCode&quot;:20895},&quot;user_id&quot;:10836,&quot;user_first_name&quot;:&quot;Boby&quot;,&quot;user_last_name&quot;:&quot;Smithy&quot;,&quot;user_contact_number&quot;:9654399900,&quot;user_email_id&quot;:&quot;BBSsBssss@gmail.com&quot;,&quot;creation_time&quot;:&quot;2024-10-17T22:23:22.973+00:00&quot;,&quot;last_mod_time&quot;:&quot;2024-10-17T22:23:22.973+00:00&quot;},{&quot;userAddress&quot;:{&quot;addressId&quot;:10669,&quot;plotNumber&quot;:&quot;pl-51&quot;,&quot;street&quot;:&quot;vail rd&quot;,&quot;state&quot;:&quot;nj&quot;,&quot;country&quot;:&quot;usa&quot;,&quot;zipCode&quot;:54321},&quot;user_id&quot;:10701,&quot;user_first_name&quot;:&quot;smitha&quot;,&quot;user_last_name&quot;:&quot;dmaanj&quot;,&quot;user_contact_number&quot;:5167311145,&quot;user_email_id&quot;:&quot;sq11048eam11@gmail.com&quot;,&quot;creation_time&quot;:&quot;2024-10-17T15:11:29.914+00:00&quot;,&quot;last_mod_time&quot;:&quot;2024-10-17T15:11:29.914+00:00&quot;},{&quot;userAddress&quot;:{&quot;addressId&quot;:10671,&quot;plotNumber&quot;:&quot;pl-51&quot;,&quot;street&quot;:&quot;vail rd&quot;,&quot;state&quot;:&quot;nj&quot;,&quot;country&quot;:&quot;usa&quot;,&quot;zipCode&quot;:54321},&quot;user_id&quot;:10703,&quot;user_first_name&quot;:&quot;smitha&quot;,&quot;user_last_name&quot;:&quot;dmaanj&quot;,&quot;user_contact_number&quot;:5767311145,&quot;user_email_id&quot;:&quot;sq11648eam11@gmail.com&quot;,&quot;creation_time&quot;:&quot;2024-10-17T15:12:36.691+00:00&quot;,&quot;last_mod_time&quot;:&quot;2024-10-17T15:12:36.691+00:00&quot;},{&quot;userAddress&quot;:{&quot;addressId&quot;:10655,&quot;plotNumber&quot;:&quot;19-a&quot;,&quot;street&quot;:&quot;Cypress Dr&quot;,&quot;state&quot;:&quot;Texas&quot;,&quot;country&quot;:&quot;USA&quot;,&quot;zipCode&quot;:null},&quot;user_id&quot;:10687,&quot;user_first_name&quot;:&quot;Vijaya&quot;,&quot;user_last_name&quot;:&quot;TeamThree&quot;,&quot;user_contact_number&quot;:5827797124,&quot;user_email_id&quot;:&quot;ramon.douglas@example.com&quot;,&quot;creation_time&quot;:&quot;2024-10-17T14:39:19.000+00:00&quot;,&quot;last_mod_time&quot;:&quot;2024-10-17T14:39:19.000+00:00&quot;},{&quot;userAddress&quot;:{&quot;addressId&quot;:10656,&quot;plotNumber&quot;:&quot;19-a&quot;,&quot;street&quot;:&quot;Cypress Dr&quot;,&quot;state&quot;:&quot;Texas&quot;,&quot;country&quot;:&quot;USA&quot;,&quot;zipCode&quot;:56576},&quot;user_id&quot;:10688,&quot;user_first_name&quot;:&quot;Vijaya&quot;,&quot;user_last_name&quot;:&quot;TeamThree&quot;,&quot;user_contact_number&quot;:5176512025,&quot;user_email_id&quot;:&quot;rolland.lemke@example.com&quot;,&quot;creation_time&quot;:&quot;2024-10-17T14:39:19.588+00:00&quot;,&quot;last_mod_time&quot;:&quot;2024-10-17T14:39:19.588+00:00&quot;},{&quot;userAddress&quot;:{&quot;addressId&quot;:10657,&quot;plotNumber&quot;:&quot;19-a&quot;,&quot;street&quot;:&quot;Cypress Dr&quot;,&quot;state&quot;:&quot;Texas&quot;,&quot;country&quot;:&quot;USA&quot;,&quot;zipCode&quot;:null},&quot;user_id&quot;:10689,&quot;user_first_name&quot;:&quot;Vijaya&quot;,&quot;user_last_name&quot;:&quot;TeamThree&quot;,&quot;user_contact_number&quot;:5571717171,&quot;user_email_id&quot;:&quot;wes.bins@example.com&quot;,&quot;creation_time&quot;:&quot;2024-10-17T14:41:02.020+00:00&quot;,&quot;last_mod_time&quot;:&quot;2024-10-17T14:41:02.020+00:00&quot;},{&quot;userAddress&quot;:{&quot;addressId&quot;:10658,&quot;plotNumber&quot;:&quot;19-a&quot;,&quot;street&quot;:&quot;Cypress Dr&quot;,&quot;state&quot;:&quot;Texas&quot;,&quot;country&quot;:&quot;USA&quot;,&quot;zipCode&quot;:56576},&quot;user_id&quot;:10690,&quot;user_first_name&quot;:&quot;Vijaya&quot;,&quot;user_last_name&quot;:&quot;TeamThree&quot;,&quot;user_contact_number&quot;:5169907768,&quot;user_email_id&quot;:&quot;ila.anderson@example.com&quot;,&quot;creation_time&quot;:&quot;2024-10-17T14:41:03.073+00:00&quot;,&quot;last_mod_time&quot;:&quot;2024-10-17T14:41:03.073+00:00&quot;},{&quot;userAddress&quot;:{&quot;addressId&quot;:10659,&quot;plotNumber&quot;:&quot;pl-03&quot;,&quot;street&quot;:&quot;Broadway&quot;,&quot;state&quot;:&quot;Broadway&quot;,&quot;country&quot;:&quot;USA&quot;,&quot;zipCode&quot;:143422},&quot;user_id&quot;:10691,&quot;user_first_name&quot;:&quot;Rekha&quot;,&quot;user_last_name&quot;:&quot;Subi&quot;,&quot;user_contact_number&quot;:1423567890,&quot;user_email_id&quot;:&quot;subh1234@gmail.com&quot;,&quot;creation_time&quot;:&quot;2024-10-17T14:46:06.046+00:00&quot;,&quot;last_mod_time&quot;:&quot;2024-10-17T14:46:06.046+00:00&quot;},{&quot;userAddress&quot;:{&quot;addressId&quot;:10677,&quot;plotNumber&quot;:&quot;pl-81&quot;,&quot;street&quot;:&quot;Cypress street&quot;,&quot;state&quot;:&quot;GA&quot;,&quot;country&quot;:&quot;USA&quot;,&quot;zipCode&quot;:30002},&quot;user_id&quot;:10709,&quot;user_first_name&quot;:&quot;meena&quot;,&quot;user_last_name&quot;:&quot;sek&quot;,&quot;user_contact_number&quot;:6723567890,&quot;user_email_id&quot;:&quot;team005kisemu@gmail.com&quot;,&quot;creation_time&quot;:&quot;2024-10-17T15:22:54.793+00:00&quot;,&quot;last_mod_time&quot;:&quot;2024-10-17T15:22:54.793+00:00&quot;},{&quot;userAddress&quot;:{&quot;addressId&quot;:10680,&quot;plotNumber&quot;:&quot;19-a&quot;,&quot;street&quot;:&quot;Cypress Dr&quot;,&quot;state&quot;:&quot;Texas&quot;,&quot;country&quot;:&quot;USA&quot;,&quot;zipCode&quot;:null},&quot;user_id&quot;:10712,&quot;user_first_name&quot;:&quot;Vijaya&quot;,&quot;user_last_name&quot;:&quot;TeamThree&quot;,&quot;user_contact_number&quot;:5625350379,&quot;user_email_id&quot;:&quot;wendell.hand@example.com&quot;,&quot;creation_time&quot;:&quot;2024-10-17T15:29:10.903+00:00&quot;,&quot;last_mod_time&quot;:&quot;2024-10-17T15:29:10.903+00:00&quot;},{&quot;userAddress&quot;:{&quot;addressId&quot;:10681,&quot;plotNumber&quot;:&quot;19-a&quot;,&quot;street&quot;:&quot;Cypress Dr&quot;,&quot;state&quot;:&quot;Texas&quot;,&quot;country&quot;:&quot;USA&quot;,&quot;zipCode&quot;:56576},&quot;user_id&quot;:10713,&quot;user_first_name&quot;:&quot;Vijaya&quot;,&quot;user_last_name&quot;:&quot;TeamThree&quot;,&quot;user_contact_number&quot;:5897546811,&quot;user_email_id&quot;:&quot;eddie.walter@example.com&quot;,&quot;creation_time&quot;:&quot;2024-10-17T15:29:11.714+00:00&quot;,&quot;last_mod_time&quot;:&quot;2024-10-17T15:29:11.714+00:00&quot;},{&quot;userAddress&quot;:{&quot;addressId&quot;:10682,&quot;plotNumber&quot;:&quot;19-a&quot;,&quot;street&quot;:&quot;Cypress Dr&quot;,&quot;state&quot;:&quot;Texas&quot;,&quot;country&quot;:&quot;USA&quot;,&quot;zipCode&quot;:null},&quot;user_id&quot;:10714,&quot;user_first_name&quot;:&quot;Vijaya&quot;,&quot;user_last_name&quot;:&quot;TeamThree&quot;,&quot;user_contact_number&quot;:5815448488,&quot;user_email_id&quot;:&quot;marielle.greenfelder@example.com&quot;,&quot;creation_time&quot;:&quot;2024-10-17T15:40:19.501+00:00&quot;,&quot;last_mod_time&quot;:&quot;2024-10-17T15:40:19.501+00:00&quot;},{&quot;userAddress&quot;:{&quot;addressId&quot;:10683,&quot;plotNumber&quot;:&quot;19-a&quot;,&quot;street&quot;:&quot;Cypress Dr&quot;,&quot;state&quot;:&quot;Texas&quot;,&quot;country&quot;:&quot;USA&quot;,&quot;zipCode&quot;:56576},&quot;user_id&quot;:10715,&quot;user_first_name&quot;:&quot;Vijaya&quot;,&quot;user_last_name&quot;:&quot;TeamThree&quot;,&quot;user_contact_number&quot;:5114041304,&quot;user_email_id&quot;:&quot;lonnie.kiehn@example.com&quot;,&quot;creation_time&quot;:&quot;2024-10-17T15:40:19.902+00:00&quot;,&quot;last_mod_time&quot;:&quot;2024-10-17T15:40:19.902+00:00&quot;},{&quot;userAddress&quot;:{&quot;addressId&quot;:10684,&quot;plotNumber&quot;:&quot;19-a&quot;,&quot;street&quot;:&quot;Cypress Dr&quot;,&quot;state&quot;:&quot;Texas&quot;,&quot;country&quot;:&quot;USA&quot;,&quot;zipCode&quot;:null},&quot;user_id&quot;:10716,&quot;user_first_name&quot;:&quot;Vijaya&quot;,&quot;user_last_name&quot;:&quot;TeamThree&quot;,&quot;user_contact_number&quot;:5001242849,&quot;user_email_id&quot;:&quot;carie.krajcik@example.com&quot;,&quot;creation_time&quot;:&quot;2024-10-17T15:45:37.766+00:00&quot;,&quot;last_mod_time&quot;:&quot;2024-10-17T15:45:37.766+00:00&quot;},{&quot;userAddress&quot;:{&quot;addressId&quot;:10685,&quot;plotNumber&quot;:&quot;19-a&quot;,&quot;street&quot;:&quot;Cypress Dr&quot;,&quot;state&quot;:&quot;Texas&quot;,&quot;country&quot;:&quot;USA&quot;,&quot;zipCode&quot;:56576},&quot;user_id&quot;:10717,&quot;user_first_name&quot;:&quot;Vijaya&quot;,&quot;user_last_name&quot;:&quot;TeamThree&quot;,&quot;user_contact_number&quot;:5459624625,&quot;user_email_id&quot;:&quot;rolando.walker@example.com&quot;,&quot;creation_time&quot;:&quot;2024-10-17T15:45:38.162+00:00&quot;,&quot;last_mod_time&quot;:&quot;2024-10-17T15:45:38.162+00:00&quot;},{&quot;userAddress&quot;:{&quot;addressId&quot;:10686,&quot;plotNumber&quot;:&quot;19-a&quot;,&quot;street&quot;:&quot;Cypress Dr&quot;,&quot;state&quot;:&quot;Texas&quot;,&quot;country&quot;:&quot;USA&quot;,&quot;zipCode&quot;:null},&quot;user_id&quot;:10718,&quot;user_first_name&quot;:&quot;Vijaya&quot;,&quot;user_last_name&quot;:&quot;TeamThree&quot;,&quot;user_contact_number&quot;:5321033441,&quot;user_email_id&quot;:&quot;mertie.okuneva@example.com&quot;,&quot;creation_time&quot;:&quot;2024-10-17T15:47:34.608+00:00&quot;,&quot;last_mod_time&quot;:&quot;2024-10-17T15:47:34.608+00:00&quot;},{&quot;userAddress&quot;:{&quot;addressId&quot;:10687,&quot;plotNumber&quot;:&quot;19-a&quot;,&quot;street&quot;:&quot;Cypress Dr&quot;,&quot;state&quot;:&quot;Texas&quot;,&quot;country&quot;:&quot;USA&quot;,&quot;zipCode&quot;:56576},&quot;user_id&quot;:10719,&quot;user_first_name&quot;:&quot;Vijaya&quot;,&quot;user_last_name&quot;:&quot;TeamThree&quot;,&quot;user_contact_number&quot;:5206064022,&quot;user_email_id&quot;:&quot;abe.moen@example.com&quot;,&quot;creation_time&quot;:&quot;2024-10-17T15:47:35.019+00:00&quot;,&quot;last_mod_time&quot;:&quot;2024-10-17T15:47:35.019+00:00&quot;},{&quot;userAddress&quot;:{&quot;addressId&quot;:10688,&quot;plotNumber&quot;:&quot;19-a&quot;,&quot;street&quot;:&quot;Cypress Dr&quot;,&quot;state&quot;:&quot;Texas&quot;,&quot;country&quot;:&quot;USA&quot;,&quot;zipCode&quot;:null},&quot;user_id&quot;:10720,&quot;user_first_name&quot;:&quot;Vijaya&quot;,&quot;user_last_name&quot;:&quot;TeamThree&quot;,&quot;user_contact_number&quot;:5490722468,&quot;user_email_id&quot;:&quot;mark.bartoletti@example.com&quot;,&quot;creation_time&quot;:&quot;2024-10-17T15:49:29.630+00:00&quot;,&quot;last_mod_time&quot;:&quot;2024-10-17T15:49:29.630+00:00&quot;},{&quot;userAddress&quot;:{&quot;addressId&quot;:10689,&quot;plotNumber&quot;:&quot;19-a&quot;,&quot;street&quot;:&quot;Cypress Dr&quot;,&quot;state&quot;:&quot;Texas&quot;,&quot;country&quot;:&quot;USA&quot;,&quot;zipCode&quot;:56576},&quot;user_id&quot;:10721,&quot;user_first_name&quot;:&quot;Vijaya&quot;,&quot;user_last_name&quot;:&quot;TeamThree&quot;,&quot;user_contact_number&quot;:5865201315,&quot;user_email_id&quot;:&quot;faustina.schiller@example.com&quot;,&quot;creation_time&quot;:&quot;2024-10-17T15:49:30.030+00:00&quot;,&quot;last_mod_time&quot;:&quot;2024-10-17T15:49:30.030+00:00&quot;},{&quot;userAddress&quot;:{&quot;addressId&quot;:10690,&quot;plotNumber&quot;:&quot;19-a&quot;,&quot;street&quot;:&quot;Cypress Dr&quot;,&quot;state&quot;:&quot;Texas&quot;,&quot;country&quot;:&quot;USA&quot;,&quot;zipCode&quot;:null},&quot;user_id&quot;:10722,&quot;user_first_name&quot;:&quot;Vijaya&quot;,&quot;user_last_name&quot;:&quot;TeamThree&quot;,&quot;user_contact_number&quot;:5535032491,&quot;user_email_id&quot;:&quot;quinn.hand@example.com&quot;,&quot;creation_time&quot;:&quot;2024-10-17T15:51:13.080+00:00&quot;,&quot;last_mod_time&quot;:&quot;2024-10-17T15:51:13.080+00:00&quot;},{&quot;userAddress&quot;:{&quot;addressId&quot;:10691,&quot;plotNumber&quot;:&quot;19-a&quot;,&quot;street&quot;:&quot;Cypress Dr&quot;,&quot;state&quot;:&quot;Texas&quot;,&quot;country&quot;:&quot;USA&quot;,&quot;zipCode&quot;:56576},&quot;user_id&quot;:10723,&quot;user_first_name&quot;:&quot;Vijaya&quot;,&quot;user_last_name&quot;:&quot;TeamThree&quot;,&quot;user_contact_number&quot;:5703793804,&quot;user_email_id&quot;:&quot;margy.gusikowski@example.com&quot;,&quot;creation_time&quot;:&quot;2024-10-17T15:51:13.478+00:00&quot;,&quot;last_mod_time&quot;:&quot;2024-10-17T15:51:13.478+00:00&quot;},{&quot;userAddress&quot;:{&quot;addressId&quot;:10692,&quot;plotNumber&quot;:&quot;19-a&quot;,&quot;street&quot;:&quot;Cypress Dr&quot;,&quot;state&quot;:&quot;Texas&quot;,&quot;country&quot;:&quot;USA&quot;,&quot;zipCode&quot;:null},&quot;user_id&quot;:10724,&quot;user_first_name&quot;:&quot;Vijaya&quot;,&quot;user_last_name&quot;:&quot;TeamThree&quot;,&quot;user_contact_number&quot;:5463248335,&quot;user_email_id&quot;:&quot;patrick.schultz@example.com&quot;,&quot;creation_time&quot;:&quot;2024-10-17T15:52:06.513+00:00&quot;,&quot;last_mod_time&quot;:&quot;2024-10-17T15:52:06.513+00:00&quot;},{&quot;userAddress&quot;:{&quot;addressId&quot;:10693,&quot;plotNumber&quot;:&quot;19-a&quot;,&quot;street&quot;:&quot;Cypress Dr&quot;,&quot;state&quot;:&quot;Texas&quot;,&quot;country&quot;:&quot;USA&quot;,&quot;zipCode&quot;:56576},&quot;user_id&quot;:10725,&quot;user_first_name&quot;:&quot;Vijaya&quot;,&quot;user_last_name&quot;:&quot;TeamThree&quot;,&quot;user_contact_number&quot;:5790333202,&quot;user_email_id&quot;:&quot;peter.mosciski@example.com&quot;,&quot;creation_time&quot;:&quot;2024-10-17T15:52:06.917+00:00&quot;,&quot;last_mod_time&quot;:&quot;2024-10-17T15:52:06.917+00:00&quot;},{&quot;userAddress&quot;:{&quot;addressId&quot;:10694,&quot;plotNumber&quot;:&quot;19-a&quot;,&quot;street&quot;:&quot;Cypress Dr&quot;,&quot;state&quot;:&quot;Texas&quot;,&quot;country&quot;:&quot;USA&quot;,&quot;zipCode&quot;:null},&quot;user_id&quot;:10726,&quot;user_first_name&quot;:&quot;Vijaya&quot;,&quot;user_last_name&quot;:&quot;TeamThree&quot;,&quot;user_contact_number&quot;:5892532817,&quot;user_email_id&quot;:&quot;belva.friesen@example.com&quot;,&quot;creation_time&quot;:&quot;2024-10-17T16:07:01.384+00:00&quot;,&quot;last_mod_time&quot;:&quot;2024-10-17T16:07:01.384+00:00&quot;},{&quot;userAddress&quot;:{&quot;addressId&quot;:10695,&quot;plotNumber&quot;:&quot;19-a&quot;,&quot;street&quot;:&quot;Cypress Dr&quot;,&quot;state&quot;:&quot;Texas&quot;,&quot;country&quot;:&quot;USA&quot;,&quot;zipCode&quot;:56576},&quot;user_id&quot;:10727,&quot;user_first_name&quot;:&quot;Vijaya&quot;,&quot;user_last_name&quot;:&quot;TeamThree&quot;,&quot;user_contact_number&quot;:5250123306,&quot;user_email_id&quot;:&quot;ben.stehr@example.com&quot;,&quot;creation_time&quot;:&quot;2024-10-17T16:07:01.789+00:00&quot;,&quot;last_mod_time&quot;:&quot;2024-10-17T16:07:01.789+00:00&quot;},{&quot;userAddress&quot;:{&quot;addressId&quot;:10698,&quot;plotNumber&quot;:&quot;19-a&quot;,&quot;street&quot;:&quot;Cypress Dr&quot;,&quot;state&quot;:&quot;Texas&quot;,&quot;country&quot;:&quot;USA&quot;,&quot;zipCode&quot;:null},&quot;user_id&quot;:10730,&quot;user_first_name&quot;:&quot;Vijaya&quot;,&quot;user_last_name&quot;:&quot;TeamThree&quot;,&quot;user_contact_number&quot;:5118861839,&quot;user_email_id&quot;:&quot;michal.frami@example.com&quot;,&quot;creation_time&quot;:&quot;2024-10-17T16:23:43.801+00:00&quot;,&quot;last_mod_time&quot;:&quot;2024-10-17T16:23:43.801+00:00&quot;},{&quot;userAddress&quot;:{&quot;addressId&quot;:10699,&quot;plotNumber&quot;:&quot;19-a&quot;,&quot;street&quot;:&quot;Cypress Dr&quot;,&quot;state&quot;:&quot;Texas&quot;,&quot;country&quot;:&quot;USA&quot;,&quot;zipCode&quot;:56576},&quot;user_id&quot;:10731,&quot;user_first_name&quot;:&quot;Vijaya&quot;,&quot;user_last_name&quot;:&quot;TeamThree&quot;,&quot;user_contact_number&quot;:5231284834,&quot;user_email_id&quot;:&quot;mitch.mckenzie@example.com&quot;,&quot;creation_time&quot;:&quot;2024-10-17T16:23:44.206+00:00&quot;,&quot;last_mod_time&quot;:&quot;2024-10-17T16:23:44.206+00:00&quot;}]
" type="java.lang.AssertionError">
      <![CDATA[java.lang.AssertionError: 1 expectation failed.
Response body doesn't match expectation.
Expected: The content to match the given JSON schema.
error: instance type (array) does not match any allowed primitive type (allowed: ["object"])
    level: "error"
    schema: {"loadingURI":"file:/C:/Users/mukil/eclipse-workspace/Team5_kiruthika_RestAPI/target/test-classes/schema.json#","pointer":""}
    instance: {"pointer":""}
    domain: "validation"
    keyword: "type"
    found: "array"
    expected: ["object"]

  Actual: [{"userAddress":{"addressId":1,"plotNumber":"pl-03","street":"palmilla","state":"Florida","country":"USA","zipCode":324578},"user_id":1,"user_first_name":"Numpy","user_last_name":"Ninja","user_contact_number":1234567891,"user_email_id":"Numpy@gmail.com","creation_time":"2024-09-11T01:02:36.169+00:00","last_mod_time":"2024-09-11T04:02:36.169+00:00"},{"userAddress":{"addressId":10096,"plotNumber":"P1-14","street":"Pine","state":"FL","country":"USA","zipCode":75001},"user_id":10128,"user_first_name":"Charlie","user_last_name":"Brown","user_contact_number":5087382991,"user_email_id":"comBrow@example.com","creation_time":"2024-10-15T22:17:55.546+00:00","last_mod_time":"2024-10-15T22:17:55.546+00:00"},{"userAddress":{"addressId":10103,"plotNumber":"P1-11","street":"Main","state":"LA","country":"USA","zipCode":20878},"user_id":10135,"user_first_name":"lavanya","user_last_name":"John","user_contact_number":4491934456,"user_email_id":"Team03LavaJoh@gmail.com","creation_time":"2024-10-15T22:28:21.074+00:00","last_mod_time":"2024-10-15T22:28:21.074+00:00"},{"userAddress":{"addressId":10104,"plotNumber":"P1-12","street":"Main","state":"CA","country":"USA","zipCode":20875},"user_id":10136,"user_first_name":"Alice","user_last_name":"Johnson","user_contact_number":2023777222,"user_email_id":"AcJohnso@example.com","creation_time":"2024-10-15T22:28:21.305+00:00","last_mod_time":"2024-10-15T22:28:21.305+00:00"},{"userAddress":{"addressId":51,"plotNumber":null,"street":null,"state":"nj","country":"us","zipCode":0},"user_id":84,"user_first_name":"sm","user_last_name":"sh","user_contact_number":7876541567,"user_email_id":"smsh@gmail.com","creation_time":"2024-09-17T03:48:18.177+00:00","last_mod_time":"2024-09-17T03:48:18.177+00:00"},{"userAddress":{"addressId":9662,"plotNumber":"P1-110","street":"Jacobi Haven","state":"TX","country":"USA","zipCode":12356},"user_id":9694,"user_first_name":"Stanton","user_last_name":"Abbott","user_contact_number":3607896745,"user_email_id":"Lela90@yahoo.com","creation_time":"2024-10-14T15:11:14.527+00:00","last_mod_time":"2024-10-14T15:11:14.527+00:00"},{"userAddress":{"addressId":4466,"plotNumber":"ab-13","street":"Irving","state":"Texas","country":"USA","zipCode":77144},"user_id":4499,"user_first_name":"Darsh","user_last_name":"Shebi","user_contact_number":9122334456,"user_email_id":"17@gmail.com","creation_time":"2024-09-25T20:13:00.609+00:00","last_mod_time":"2024-09-25T20:13:00.609+00:00"},{"userAddress":{"addressId":96,"plotNumber":"897-E","street":"hjhjh","state":"hjkhkh","country":"ghjjj","zipCode":72},"user_id":129,"user_first_name":"jkok","user_last_name":"ghjgkj","user_contact_number":4397635679,"user_email_id":"jik@gmail.com","creation_time":"2024-09-17T15:47:10.461+00:00","last_mod_time":"2024-09-17T15:47:10.461+00:00"},{"userAddress":{"addressId":54,"plotNumber":"208-W","street":"creek","state":"Texsa","country":"usa","zipCode":78765},"user_id":87,"user_first_name":"sai","user_last_name":"isha","user_contact_number":9809543279,"user_email_id":"ski@gmail.com","creation_time":"2024-09-17T04:19:41.372+00:00","last_mod_time":"2024-09-17T04:19:41.372+00:00"},{"userAddress":{"addressId":1654,"plotNumber":null,"street":null,"state":null,"country":null,"zipCode":null},"user_id":1687,"user_first_name":"skalpana","user_last_name":"mrenga","user_contact_number":3342623426,"user_email_id":"sneyagan@gmail.com","creation_time":"2024-09-20T22:05:39.717+00:00","last_mod_time":"2024-09-20T22:05:39.717+00:00"},{"userAddress":{"addressId":56,"plotNumber":"208-W","street":"creek","state":"Texsa","country":"usa","zipCode":78765},"user_id":89,"user_first_name":"jkok","user_last_name":"njk","user_contact_number":9843279098,"user_email_id":"okjki@gmail.com","creation_time":"2024-09-17T04:22:28.748+00:00","last_mod_time":"2024-09-17T04:22:28.748+00:00"},{"userAddress":{"addressId":5353,"plotNumber":"pl-88","street":"Broadway","state":"New Jersey","country":"USA","zipCode":837323},"user_id":5386,"user_first_name":"dheena","user_last_name":"selva","user_contact_number":7263826373,"user_email_id":"dhee@gmail.com","creation_time":"2024-09-27T01:59:57.666+00:00","last_mod_time":"2024-09-27T01:59:57.666+00:00"},{"userAddress":{"addressId":2623,"plotNumber":"pl-91","street":"Avenue","state":"IN","country":"USA","zipCode":954321},"user_id":2656,"user_first_name":"dhiya","user_last_name":"madhu","user_contact_number":2000009009,"user_email_id":"michigana@gmail.com","creation_time":"2024-09-22T18:14:23.733+00:00","last_mod_time":"2024-09-22T18:19:49.939+00:00"},{"userAddress":{"addressId":8176,"plotNumber":null,"street":null,"state":null,"country":null,"zipCode":null},"user_id":8208,"user_first_name":"wpoGKckPVz","user_last_name":"ZuHMasCQxc","user_contact_number":5764327390,"user_email_id":"team2an4mg06d0c1n@gmail.com","creation_time":"2024-10-12T17:48:33.481+00:00","last_mod_time":"2024-10-12T17:48:33.481+00:00"},{"userAddress":{"addressId":6949,"plotNumber":"A10-46","street":"SecondStreet","state":"WA","country":"USA","zipCode":98025},"user_id":6982,"user_first_name":"UpdatedagainBhagyaTeamSixApiBootcamp","user_last_name":"UpdatedTeamSixLastName","user_contact_number":1111223333,"user_email_id":"UpdatedBhagyaTeamSixApiBootcamp01@gmail.com","creation_time":"2024-09-30T17:06:54.022+00:00","last_mod_time":"2024-09-30T17:08:27.907+00:00"},{"userAddress":{"addressId":1916,"plotNumber":"p-34","street":null,"state":"halifax","country":null,"zipCode":3456},"user_id":1949,"user_first_name":"retre","user_last_name":"moha","user_contact_number":7777777777,"user_email_id":"uy@gmail.com","creation_time":"2024-09-21T13:23:53.788+00:00","last_mod_time":"2024-09-21T13:23:53.788+00:00"},{"userAddress":{"addressId":5499,"plotNumber":"pl-51","street":"vail rd","state":"nj","country":"usa","zipCode":54321},"user_id":5532,"user_first_name":"smitha","user_last_name":"dmaanj","user_contact_number":2100110115,"user_email_id":"api010291Team5@gmail.com","creation_time":"2024-09-27T05:39:16.205+00:00","last_mod_time":"2024-09-27T05:39:16.205+00:00"},{"userAddress":{"addressId":400,"plotNumber":"6-t","street":"troy","state":"MI","country":"USA","zipCode":48084},"user_id":433,"user_first_name":"kNagabothu","user_last_name":"abcd","user_contact_number":4994586789,"user_email_id":"piicamp3@gmail.com","creation_time":"2024-09-18T03:59:08.360+00:00","last_mod_time":"2024-09-23T20:26:54.666+00:00"},{"userAddress":{"addressId":8177,"plotNumber":null,"street":null,"state":null,"country":null,"zipCode":null},"user_id":8209,"user_first_name":"iwTiUuPNLD","user_last_name":"ekXVYflVml","user_contact_number":1460848609,"user_email_id":"team2jf8fo3gdoh2@gmail.com","creation_time":"2024-10-12T17:48:34.135+00:00","last_mod_time":"2024-10-12T17:48:34.135+00:00"},{"userAddress":{"addressId":8990,"plotNumber":"Bt-11","street":"First St","state":"Texas","country":"USA","zipCode":54877},"user_id":9022,"user_first_name":"Teamthree","user_last_name":"lastName","user_contact_number":5089372998,"user_email_id":"Team3a92ndc6i9bbi@gmail.com","creation_time":"2024-10-13T23:17:21.715+00:00","last_mod_time":"2024-10-13T23:17:21.715+00:00"},{"userAddress":{"addressId":2636,"plotNumber":"pl-72","street":"Broadway","state":"New Jersey","country":"USA","zipCode":72363},"user_id":2669,"user_first_name":"randomFirstName","user_last_name":"randomLastName","user_contact_number":3485021128,"user_email_id":"user40@example.com","creation_time":"2024-09-22T18:48:37.617+00:00","last_mod_time":"2024-09-22T18:48:37.617+00:00"},{"userAddress":{"addressId":8991,"plotNumber":"P1-10","street":"Runte Highway","state":"TX","country":"USA","zipCode":12356},"user_id":9023,"user_first_name":"Dino","user_last_name":"Prohaska","user_contact_number":3607896238,"user_email_id":"Margarett.Parisian@gmail.com","creation_time":"2024-10-13T23:17:40.857+00:00","last_mod_time":"2024-10-13T23:17:40.857+00:00"},{"userAddress":{"addressId":1955,"plotNumber":"KB-425","street":"CT","state":"WA","country":"USA","zipCode":98053222222},"user_id":1988,"user_first_name":"Kiranrajq","user_last_name":"Singhlal","user_contact_number":3252222221,"user_email_id":"kbalahara21@gmail.com","creation_time":"2024-09-21T15:27:43.695+00:00","last_mod_time":"2024-09-21T15:27:43.695+00:00"},{"userAddress":{"addressId":3629,"plotNumber":"pl-00","street":"WestLake lane","state":"Texas","country":"USA","zipCode":75064},"user_id":3662,"user_first_name":"Gayathri","user_last_name":"Selvaraj","user_contact_number":9840056432,"user_email_id":"yatra@gmail.com","creation_time":"2024-09-23T15:06:12.155+00:00","last_mod_time":"2024-09-23T15:06:12.155+00:00"},{"userAddress":{"addressId":7662,"plotNumber":"12-A","street":"brodway","state":"TX","country":"usa","zipCode":75035},"user_id":7694,"user_first_name":"dfdfdf","user_last_name":"fdfdf","user_contact_number":9199860558,"user_email_id":"radghi@email.com","creation_time":"2024-10-10T18:20:29.334+00:00","last_mod_time":"2024-10-10T18:20:29.334+00:00"},{"userAddress":{"addressId":73,"plotNumber":"i-o","street":null,"state":"KL","country":null,"zipCode":123321},"user_id":106,"user_first_name":"Greene","user_last_name":"Smith","user_contact_number":1234567899,"user_email_id":"gs@gmail.com","creation_time":"2024-09-17T14:40:38.974+00:00","last_mod_time":"2024-09-17T14:40:38.974+00:00"},{"userAddress":{"addressId":5501,"plotNumber":"pl-51","street":"vail rd","state":"nj","country":"usa","zipCode":54321},"user_id":5534,"user_first_name":"smitha","user_last_name":"dmaanj","user_contact_number":2990110115,"user_email_id":"api019291Team5@gmail.com","creation_time":"2024-09-27T05:40:53.483+00:00","last_mod_time":"2024-09-27T05:40:53.483+00:00"},{"userAddress":{"addressId":3677,"plotNumber":null,"street":null,"state":null,"country":null,"zipCode":null},"user_id":3710,"user_first_name":"DeletefirstName","user_last_name":"lastdelete","user_contact_number":7371668461,"user_email_id":"tommycmaf172183fg@gmail.com","creation_time":"2024-09-23T15:24:55.086+00:00","last_mod_time":"2024-09-23T15:24:55.086+00:00"},{"userAddress":{"addressId":76,"plotNumber":"aaa-12","street":"Austin","state":"TX","country":"USA","zipCode":78687},"user_id":109,"user_first_name":"Debalina","user_last_name":"Ch","user_contact_number":9830308888,"user_email_id":"Team1_Debalina@gmail.com","creation_time":"2024-09-17T14:56:38.340+00:00","last_mod_time":"2024-09-17T14:56:38.340+00:00"},{"userAddress":{"addressId":7667,"plotNumber":"23-abc","street":"Foster street","state":"jhjkdlshf","country":"kjdhfgka","zipCode":23465},"user_id":7699,"user_first_name":"Michael j","user_last_name":"Jackson","user_contact_number":8384578987,"user_email_id":"Michaelj@gmail.com","creation_time":"2024-10-10T20:38:06.704+00:00","last_mod_time":"2024-10-10T20:38:06.704+00:00"},{"userAddress":{"addressId":81,"plotNumber":"897-E","street":"hjhjh","state":"Texsa","country":"usa","zipCode":78765},"user_id":114,"user_first_name":"jkok","user_last_name":"ghjgkj","user_contact_number":6876356789,"user_email_id":"jij@gmail.com","creation_time":"2024-09-17T15:20:52.960+00:00","last_mod_time":"2024-09-17T15:20:52.960+00:00"},{"userAddress":{"addressId":82,"plotNumber":"897-E","street":"hjhjh","state":"hjkhkh","country":"ghjjj","zipCode":787897789789798},"user_id":115,"user_first_name":"jkok","user_last_name":"ghjgkj","user_contact_number":8976356789,"user_email_id":"jijklk@gmail.com","creation_time":"2024-09-17T15:24:27.362+00:00","last_mod_time":"2024-09-17T15:24:27.362+00:00"},{"userAddress":{"addressId":835,"plotNumber":"p1-129","street":"Main","state":"NY","country":"USA","zipCode":90901},"user_id":868,"user_first_name":"Jne","user_last_name":"Desmith","user_contact_number":1239578897,"user_email_id":"johnny.Doesmth@example.com","creation_time":"2024-09-19T18:27:56.477+00:00","last_mod_time":"2024-09-19T18:27:56.477+00:00"},{"userAddress":{"addressId":84,"plotNumber":"897-E","street":"hjhjh","state":"hjkhkh","country":"ghjjj","zipCode":7},"user_id":117,"user_first_name":"jkok","user_last_name":"ghjgkj","user_contact_number":5976356789,"user_email_id":"jilk@gmail.com","creation_time":"2024-09-17T15:25:21.330+00:00","last_mod_time":"2024-09-17T15:25:21.330+00:00"},{"userAddress":{"addressId":85,"plotNumber":"897-E","street":"hjhjh","state":"hjkhkh","country":"ghjjj","zipCode":72},"user_id":118,"user_first_name":"jkok","user_last_name":"ghjgkj","user_contact_number":5976356709,"user_email_id":"jiljkk@gmail.com","creation_time":"2024-09-17T15:25:45.819+00:00","last_mod_time":"2024-09-17T15:25:45.819+00:00"},{"userAddress":{"addressId":87,"plotNumber":"p1-04","street":null,"state":"California","country":null,"zipCode":22459},"user_id":120,"user_first_name":"Subi","user_last_name":"Sahu","user_contact_number":4087172791,"user_email_id":"Subhadrasahu11u@gmail.com","creation_time":"2024-09-17T15:31:51.232+00:00","last_mod_time":"2024-09-17T15:31:51.232+00:00"},{"userAddress":{"addressId":625,"plotNumber":"4330-aa","street":"woodward way","state":"GA","country":"USA","zipCode":30041},"user_id":658,"user_first_name":"Divya","user_last_name":"Narasimhan","user_contact_number":6822192716,"user_email_id":"divpradhome@gmail.com","creation_time":"2024-09-19T03:41:14.425+00:00","last_mod_time":"2024-09-19T03:41:14.425+00:00"},{"userAddress":{"addressId":836,"plotNumber":"p1-899","street":"Main","state":"NY","country":"USA","zipCode":10901},"user_id":869,"user_first_name":"Janemith","user_last_name":"Smihde","user_contact_number":8934507897,"user_email_id":"johnnn.Sithdoe@example.com","creation_time":"2024-09-19T18:27:56.648+00:00","last_mod_time":"2024-09-19T18:27:56.648+00:00"},{"userAddress":{"addressId":98,"plotNumber":"pl-24","street":null,"state":"California","country":null,"zipCode":32124},"user_id":131,"user_first_name":"Eva","user_last_name":"Thomas","user_contact_number":8324320002,"user_email_id":"EvaThomas@gmail.com","creation_time":"2024-09-17T16:05:00.459+00:00","last_mod_time":"2024-09-17T16:05:00.459+00:00"},{"userAddress":{"addressId":99,"plotNumber":"43-gjf8","street":null,"state":"GA","country":null,"zipCode":30338},"user_id":132,"user_first_name":"jorrjo","user_last_name":"grbabu","user_contact_number":1234556890,"user_email_id":"jojoiu@gmail.com","creation_time":"2024-09-17T16:09:24.238+00:00","last_mod_time":"2024-09-17T16:09:24.238+00:00"},{"userAddress":{"addressId":837,"plotNumber":"p1-109","street":"Main","state":"NY","country":"USA","zipCode":10971},"user_id":870,"user_first_name":"SthJohnnny","user_last_name":"JonyDoe","user_contact_number":1804567897,"user_email_id":"ohnnny.JonDoe@example.com","creation_time":"2024-09-19T18:27:56.831+00:00","last_mod_time":"2024-09-19T18:27:56.831+00:00"},{"userAddress":{"addressId":1985,"plotNumber":"ab-13","street":"Irving","state":"Texas","country":"USA","zipCode":77144},"user_id":2018,"user_first_name":"Darsh","user_last_name":"Shebi","user_contact_number":1122334455,"user_email_id":"Darsh10@gmail.com","creation_time":"2024-09-21T17:02:13.108+00:00","last_mod_time":"2024-09-21T17:02:13.108+00:00"},{"userAddress":{"addressId":1986,"plotNumber":"j-4","street":null,"state":"halifax","country":null,"zipCode":3456},"user_id":2019,"user_first_name":"retre","user_last_name":"moha","user_contact_number":9793633377,"user_email_id":"uy0u5@gmail.com","creation_time":"2024-09-21T17:04:37.223+00:00","last_mod_time":"2024-09-21T17:04:37.223+00:00"},{"userAddress":{"addressId":1987,"plotNumber":"j-4","street":null,"state":"halifax","country":null,"zipCode":3456},"user_id":2020,"user_first_name":"retre","user_last_name":"moha","user_contact_number":9793623377,"user_email_id":"uy0u25@gmail.com","creation_time":"2024-09-21T17:05:03.328+00:00","last_mod_time":"2024-09-21T17:05:03.328+00:00"},{"userAddress":{"addressId":1988,"plotNumber":"j-4","street":null,"state":"halifax","country":null,"zipCode":3456},"user_id":2021,"user_first_name":"retre","user_last_name":"moha","user_contact_number":9733623377,"user_email_id":"uy0u425@gmail.com","creation_time":"2024-09-21T17:05:32.960+00:00","last_mod_time":"2024-09-21T17:05:32.960+00:00"},{"userAddress":{"addressId":1989,"plotNumber":"j-4","street":"usaa","state":"halifax","country":"eee","zipCode":3456},"user_id":2022,"user_first_name":"retre","user_last_name":"moha","user_contact_number":9233623377,"user_email_id":"uy0u4225@gmail.com","creation_time":"2024-09-21T17:06:19.794+00:00","last_mod_time":"2024-09-21T17:06:19.794+00:00"},{"userAddress":{"addressId":107,"plotNumber":"p1-09","street":null,"state":"Florida","country":null,"zipCode":94536},"user_id":140,"user_first_name":"Tia","user_last_name":"das","user_contact_number":4082222622,"user_email_id":"Tia.das3@yahoo.com","creation_time":"2024-09-17T16:23:07.226+00:00","last_mod_time":"2024-09-17T16:23:07.226+00:00"},{"userAddress":{"addressId":1990,"plotNumber":"vl-9","street":null,"state":"northyork","country":null,"zipCode":null},"user_id":2023,"user_first_name":"drithi","user_last_name":"sasha","user_contact_number":5661442444,"user_email_id":"r667j616@gmail.com","creation_time":"2024-09-21T17:09:25.798+00:00","last_mod_time":"2024-09-21T17:09:25.798+00:00"},{"userAddress":{"addressId":109,"plotNumber":"897-E","street":"hjhjh","state":"hjkhkh","country":"ghjjj","zipCode":72},"user_id":142,"user_first_name":"jkok","user_last_name":"ghjgkj","user_contact_number":4397632679,"user_email_id":"jijkk@gmail.com","creation_time":"2024-09-17T16:27:06.904+00:00","last_mod_time":"2024-09-17T16:27:06.904+00:00"},{"userAddress":{"addressId":163,"plotNumber":"pl-09","street":"my Street","state":"Texas","country":"USA","zipCode":75068},"user_id":196,"user_first_name":"Srikrishna","user_last_name":"Jayakumar","user_contact_number":6476499545,"user_email_id":"vifnjcgf6@gmail.com","creation_time":"2024-09-17T19:04:34.630+00:00","last_mod_time":"2024-09-17T19:04:34.630+00:00"},{"userAddress":{"addressId":2010,"plotNumber":"W-425","street":"CT","state":"WA","country":"USA","zipCode":98052772},"user_id":2043,"user_first_name":"Kiran A","user_last_name":"Singh","user_contact_number":4252222226,"user_email_id":"kblihar@hotmail.com","creation_time":"2024-09-21T17:43:00.287+00:00","last_mod_time":"2024-09-21T17:43:00.287+00:00"},{"userAddress":{"addressId":114,"plotNumber":"p-1","street":"soaps","state":"stateva","country":"usa","zipCode":123456},"user_id":147,"user_first_name":"ss","user_last_name":"dgdf","user_contact_number":3345678904,"user_email_id":"25@dfgdf.sdf","creation_time":"2024-09-17T16:33:40.168+00:00","last_mod_time":"2024-09-17T16:33:40.168+00:00"},{"userAddress":{"addressId":3111,"plotNumber":"pl-28","street":"Broadway","state":"Maryland","country":"MD","zipCode":543215},"user_id":3144,"user_first_name":"ziya","user_last_name":"bhaskar","user_contact_number":9969806333,"user_email_id":"ziya2@gmail.com","creation_time":"2024-09-23T02:27:05.901+00:00","last_mod_time":"2024-09-23T02:35:09.927+00:00"},{"userAddress":{"addressId":117,"plotNumber":"pl-03","street":"Broadway","state":null,"country":"USA","zipCode":143422},"user_id":150,"user_first_name":"REKHA","user_last_name":"saroj","user_contact_number":2361778912,"user_email_id":"trekhasm@gmail.com","creation_time":"2024-09-17T16:37:05.483+00:00","last_mod_time":"2024-09-17T16:37:05.483+00:00"},{"userAddress":{"addressId":3112,"plotNumber":"pl-72","street":"Broadway","state":"New Jersey","country":"USA","zipCode":72363},"user_id":3145,"user_first_name":"randomFirstName","user_last_name":"randomLastName","user_contact_number":3403602275,"user_email_id":"user218@example.com","creation_time":"2024-09-23T02:27:39.838+00:00","last_mod_time":"2024-09-23T02:27:39.838+00:00"},{"userAddress":{"addressId":3113,"plotNumber":"pl-72","street":"Broadway","state":"New Jersey","country":"USA","zipCode":72363},"user_id":3146,"user_first_name":"randomFirstName","user_last_name":"randomLastName","user_contact_number":5358319471,"user_email_id":"user673@example.com","creation_time":"2024-09-23T02:28:18.278+00:00","last_mod_time":"2024-09-23T02:28:18.278+00:00"},{"userAddress":{"addressId":65,"plotNumber":"897-E","street":"hjhjh","state":"khkh","country":"ghjjj","zipCode":72},"user_id":98,"user_first_name":"joi","user_last_name":"jkj","user_contact_number":6745328976,"user_email_id":"k@gmail.com","creation_time":"2024-09-17T14:00:56.370+00:00","last_mod_time":"2024-09-17T16:39:59.496+00:00"},{"userAddress":{"addressId":3115,"plotNumber":"pl-72","street":"Broadway","state":"New Jersey","country":"USA","zipCode":72363},"user_id":3148,"user_first_name":"randomFirstName","user_last_name":"randomLastName","user_contact_number":6861200789,"user_email_id":"user891@example.com","creation_time":"2024-09-23T02:30:03.690+00:00","last_mod_time":"2024-09-23T02:30:03.690+00:00"},{"userAddress":{"addressId":121,"plotNumber":"p1-04","street":null,"state":"California","country":null,"zipCode":22459},"user_id":154,"user_first_name":"Subi","user_last_name":"Sahu","user_contact_number":4087172792,"user_email_id":"Subhadrasahu1@gmail.com","creation_time":"2024-09-17T16:49:16.608+00:00","last_mod_time":"2024-09-17T16:49:16.608+00:00"},{"userAddress":{"addressId":124,"plotNumber":"AP-123","street":"abc","state":"flor","country":"US","zipCode":1234},"user_id":157,"user_first_name":"Taniap","user_last_name":"Subia","user_contact_number":1234564462,"user_email_id":"trekh31@gsign.com","creation_time":"2024-09-17T16:55:08.230+00:00","last_mod_time":"2024-09-17T21:23:59.909+00:00"},{"userAddress":{"addressId":3114,"plotNumber":"pl-13","street":"Broadway","state":"New Jersey","country":"USA","zipCode":837300},"user_id":3147,"user_first_name":"dheenatha","user_last_name":"selva","user_contact_number":7009098088,"user_email_id":"zi5@gmail.com","creation_time":"2024-09-23T02:28:48.583+00:00","last_mod_time":"2024-09-23T02:35:11.775+00:00"},{"userAddress":{"addressId":127,"plotNumber":"pl-370","street":"plum cv","state":"tn","country":"USA","zipCode":38017},"user_id":160,"user_first_name":"san","user_last_name":"ash","user_contact_number":9876543210,"user_email_id":"san123@gmail.com","creation_time":"2024-09-17T16:59:58.593+00:00","last_mod_time":"2024-09-17T23:40:11.428+00:00"},{"userAddress":{"addressId":9360,"plotNumber":"345-p","street":"sterling","state":"Minnesota","country":"Chase","zipCode":55032},"user_id":9392,"user_first_name":"ssallysheena","user_last_name":"Hhansena","user_contact_number":6785644871,"user_email_id":"hr2@yahoo.com","creation_time":"2024-10-14T07:15:30.306+00:00","last_mod_time":"2024-10-14T07:15:30.306+00:00"},{"userAddress":{"addressId":9363,"plotNumber":"345-p","street":"sterling","state":"Minnesota","country":null,"zipCode":55032},"user_id":9395,"user_first_name":"ssallsheena","user_last_name":"Hhanena","user_contact_number":6985544871,"user_email_id":"hr4@yahoo.com","creation_time":"2024-10-14T07:32:10.659+00:00","last_mod_time":"2024-10-14T07:32:10.659+00:00"},{"userAddress":{"addressId":9364,"plotNumber":"345-p","street":"sterling","state":"Minnesota","country":"USA","zipCode":55032888},"user_id":9396,"user_first_name":"ssallsheena","user_last_name":"Hhanena","user_contact_number":6985534871,"user_email_id":"hr5@yahoo.com","creation_time":"2024-10-14T07:35:50.426+00:00","last_mod_time":"2024-10-14T07:35:50.426+00:00"},{"userAddress":{"addressId":9365,"plotNumber":"345-p","street":"sterling","state":"Minnesota","country":"USA","zipCode":5503288834},"user_id":9397,"user_first_name":"ssallsheena","user_last_name":"Hhanena","user_contact_number":6985533871,"user_email_id":"hr6@yahoo.com","creation_time":"2024-10-14T07:36:53.192+00:00","last_mod_time":"2024-10-14T07:36:53.192+00:00"},{"userAddress":{"addressId":9366,"plotNumber":"345-p","street":"sterling","state":"Minnesota","country":"USA","zipCode":55},"user_id":9398,"user_first_name":"ssallsheena","user_last_name":"Hhanena","user_contact_number":6985233871,"user_email_id":"hr8@yahoo.com","creation_time":"2024-10-14T07:39:04.903+00:00","last_mod_time":"2024-10-14T07:39:04.903+00:00"},{"userAddress":{"addressId":9367,"plotNumber":"345-p","street":"sterling","state":"Minnesota","country":"USA","zipCode":55000076},"user_id":9399,"user_first_name":"ssallsheena","user_last_name":"Hhanena","user_contact_number":6985233771,"user_email_id":"hr9@yahoo.com","creation_time":"2024-10-14T07:40:12.341+00:00","last_mod_time":"2024-10-14T07:40:12.341+00:00"},{"userAddress":{"addressId":9369,"plotNumber":"345-p","street":"sterling","state":"Minnesota","country":"USA","zipCode":52},"user_id":9401,"user_first_name":"ssallsheena","user_last_name":"Hhanena","user_contact_number":6955133771,"user_email_id":"hr11@yahoo.com","creation_time":"2024-10-14T07:45:21.241+00:00","last_mod_time":"2024-10-14T07:45:21.241+00:00"},{"userAddress":{"addressId":170,"plotNumber":"pl-09","street":"my Street","state":"Texas","country":"USA","zipCode":75068},"user_id":203,"user_first_name":"Srikrishna","user_last_name":"Jayakumar","user_contact_number":6566488545,"user_email_id":"vkifnkrish6@gmail.com","creation_time":"2024-09-17T19:21:45.742+00:00","last_mod_time":"2024-09-17T19:21:45.742+00:00"},{"userAddress":{"addressId":324,"plotNumber":"ytyut-76","street":"tyrrydghv","state":null,"country":"huh","zipCode":null},"user_id":357,"user_first_name":"AKKSDKL","user_last_name":"ashNB","user_contact_number":1701097142,"user_email_id":"rekha.saroj@gmail.COM","creation_time":"2024-09-18T02:11:35.301+00:00","last_mod_time":"2024-09-18T02:11:35.301+00:00"},{"userAddress":{"addressId":3698,"plotNumber":"p1-68","street":"vail rd","state":"nj","country":"usa","zipCode":7012},"user_id":3731,"user_first_name":"Ananda","user_last_name":"swamy","user_contact_number":6655334499,"user_email_id":"jiho12@gmail.com","creation_time":"2024-09-23T15:28:54.302+00:00","last_mod_time":"2024-09-23T15:28:54.302+00:00"},{"userAddress":{"addressId":173,"plotNumber":"p1-09","street":"Main","state":"NY","country":"USA","zipCode":10901},"user_id":206,"user_first_name":"Johnnny","user_last_name":"Doe","user_contact_number":1234567897,"user_email_id":"johnnny.doe@example.com","creation_time":"2024-09-17T19:26:35.899+00:00","last_mod_time":"2024-09-17T19:26:35.899+00:00"},{"userAddress":{"addressId":174,"plotNumber":"pl-09","street":"my Street","state":"Texas","country":"USA","zipCode":75068},"user_id":207,"user_first_name":"Srikrishna","user_last_name":"Jayakumar","user_contact_number":2266488545,"user_email_id":"vkifnkrifgdfg@gmail.com","creation_time":"2024-09-17T19:32:39.988+00:00","last_mod_time":"2024-09-17T19:32:39.988+00:00"},{"userAddress":{"addressId":326,"plotNumber":"ytyut-76","street":"tyrrydghv","state":null,"country":"huh","zipCode":null},"user_id":359,"user_first_name":"AKKSDKL","user_last_name":"ashNB","user_contact_number":1001097102,"user_email_id":"rekhasaroj@gmail.com","creation_time":"2024-09-18T02:15:48.072+00:00","last_mod_time":"2024-09-18T02:15:48.072+00:00"},{"userAddress":{"addressId":5502,"plotNumber":"pl-51","street":"vail rd","state":"nj","country":"usa","zipCode":54321},"user_id":5535,"user_first_name":"smitha","user_last_name":"dmaanj","user_contact_number":2999110115,"user_email_id":"api019299Team5@gmail.com","creation_time":"2024-09-27T05:41:57.582+00:00","last_mod_time":"2024-09-27T05:41:57.582+00:00"},{"userAddress":{"addressId":6676,"plotNumber":"M-25","street":"NewDV","state":"NJ","country":"USA","zipCode":8856},"user_id":6709,"user_first_name":"Robin","user_last_name":"Pra","user_contact_number":2017751089,"user_email_id":"robinrP54@gmail.com","creation_time":"2024-09-30T13:34:38.610+00:00","last_mod_time":"2024-09-30T13:34:38.610+00:00"},{"userAddress":{"addressId":178,"plotNumber":"p1-09","street":"Main","state":"NY","country":"USA","zipCode":10901},"user_id":211,"user_first_name":"Don","user_last_name":"Pullet","user_contact_number":5678901112,"user_email_id":"Don.Pullet@example.com","creation_time":"2024-09-17T19:41:00.898+00:00","last_mod_time":"2024-09-17T19:41:00.898+00:00"},{"userAddress":{"addressId":179,"plotNumber":"p1-12","street":"Oaklawn","state":"NC","country":"USA","zipCode":258450},"user_id":212,"user_first_name":"Swagger","user_last_name":"John","user_contact_number":9890112887,"user_email_id":"swagger.john@example.com","creation_time":"2024-09-17T19:41:44.701+00:00","last_mod_time":"2024-09-17T19:41:44.701+00:00"},{"userAddress":{"addressId":2120,"plotNumber":"pl-51","street":"vail rd","state":"nj","country":"usa","zipCode":54321},"user_id":2153,"user_first_name":"ragu","user_last_name":"lal","user_contact_number":3005000045,"user_email_id":"sdte7700@gmail.com","creation_time":"2024-09-21T21:10:38.386+00:00","last_mod_time":"2024-09-21T21:10:38.386+00:00"},{"userAddress":{"addressId":6128,"plotNumber":"IbOQ-373","street":"VPqzFst","state":"GA","country":"USA","zipCode":48786},"user_id":6161,"user_first_name":"Raniq","user_last_name":"Rao","user_contact_number":7878000882,"user_email_id":"MBV@gmail.com","creation_time":"2024-09-28T13:40:06.674+00:00","last_mod_time":"2024-09-28T13:40:06.674+00:00"},{"userAddress":{"addressId":182,"plotNumber":null,"street":"TestAPIo","state":"TX","country":"US","zipCode":75063},"user_id":215,"user_first_name":"Gowrio","user_last_name":"Mohano","user_contact_number":1234598766,"user_email_id":"gm1@gmail.com","creation_time":"2024-09-17T19:50:28.737+00:00","last_mod_time":"2024-09-17T19:50:28.737+00:00"},{"userAddress":{"addressId":5042,"plotNumber":"pi-15","street":"liuoy","state":"Nj","country":"usa","zipCode":78941},"user_id":5075,"user_first_name":"ram","user_last_name":"chan","user_contact_number":4569872568,"user_email_id":"mkiu8@gmail.com","creation_time":"2024-09-26T20:23:58.782+00:00","last_mod_time":"2024-09-26T20:23:58.782+00:00"},{"userAddress":{"addressId":9312,"plotNumber":"N-43","street":"Naga","state":"Kakin","country":"Indian","zipCode":7653},"user_id":9344,"user_first_name":"Ramu","user_last_name":"Kotan","user_contact_number":1235678764,"user_email_id":"msiran@gmail.com","creation_time":"2024-10-14T06:43:08.869+00:00","last_mod_time":"2024-10-14T06:43:08.869+00:00"},{"userAddress":{"addressId":185,"plotNumber":"Bl-02","street":null,"state":"California","country":null,"zipCode":32126},"user_id":218,"user_first_name":"Emma","user_last_name":"Carsen","user_contact_number":7324320008,"user_email_id":"emmacarsen@gmail.com","creation_time":"2024-09-17T19:56:49.804+00:00","last_mod_time":"2024-09-17T19:56:49.804+00:00"},{"userAddress":{"addressId":186,"plotNumber":"6-t","street":"troy","state":"MI","country":"USA","zipCode":48084},"user_id":219,"user_first_name":"Karunya","user_last_name":"abcd","user_contact_number":1234586789,"user_email_id":"abc3d@gmail.com","creation_time":"2024-09-17T20:00:14.827+00:00","last_mod_time":"2024-09-17T20:00:14.827+00:00"},{"userAddress":{"addressId":725,"plotNumber":"B-15","street":"Narayna","state":"Delhi","country":"India","zipCode":201601},"user_id":758,"user_first_name":"Annu ","user_last_name":"Sharma","user_contact_number":9193225455,"user_email_id":"disney4@gmail.com","creation_time":"2024-09-19T15:54:27.028+00:00","last_mod_time":"2024-09-19T15:54:27.028+00:00"},{"userAddress":{"addressId":10106,"plotNumber":"P1-14","street":"Pine","state":"FL","country":"USA","zipCode":75001},"user_id":10138,"user_first_name":"Charlie","user_last_name":"Brown","user_contact_number":7087382991,"user_email_id":"comrow@example.com","creation_time":"2024-10-15T22:28:21.740+00:00","last_mod_time":"2024-10-15T22:28:21.740+00:00"},{"userAddress":{"addressId":331,"plotNumber":"pl-76","street":"tyrrydghv","state":null,"country":"huh","zipCode":null},"user_id":364,"user_first_name":"AKKSDKL","user_last_name":"ashNB","user_contact_number":1001997102,"user_email_id":"rekhasaroij@gmail.com","creation_time":"2024-09-18T02:23:15.354+00:00","last_mod_time":"2024-09-18T02:23:15.354+00:00"},{"userAddress":{"addressId":190,"plotNumber":"2-21","street":"Philly st","state":"Philadelphia","country":"USA","zipCode":421230},"user_id":223,"user_first_name":"JhansiTest","user_last_name":"Numpy","user_contact_number":9919999999,"user_email_id":"Team06Test@gmail.com","creation_time":"2024-09-17T20:18:23.568+00:00","last_mod_time":"2024-09-17T20:18:23.568+00:00"},{"userAddress":{"addressId":8421,"plotNumber":"P1-10","street":"Tiffany Mountains","state":"TX","country":"USA","zipCode":12356},"user_id":8453,"user_first_name":"Titus","user_last_name":"Boyer","user_contact_number":3607896146,"user_email_id":"Cleora.Jast@hotmail.com","creation_time":"2024-10-13T04:49:18.356+00:00","last_mod_time":"2024-10-13T04:49:18.356+00:00"},{"userAddress":{"addressId":192,"plotNumber":"6-t","street":"troy","state":"MI","country":"USA","zipCode":48084},"user_id":225,"user_first_name":"Karunya Ngabothu","user_last_name":"abcd","user_contact_number":4234586789,"user_email_id":"abc43d@gmail.com","creation_time":"2024-09-17T20:31:04.480+00:00","last_mod_time":"2024-09-17T20:31:04.480+00:00"},{"userAddress":{"addressId":2710,"plotNumber":"A-30","street":"DISNEY STREET","state":"FL","country":"USA","zipCode":76761},"user_id":2743,"user_first_name":"SUMONA","user_last_name":"SINGH","user_contact_number":1234567980,"user_email_id":"sumona@gmail.com","creation_time":"2024-09-22T20:17:39.383+00:00","last_mod_time":"2024-09-22T20:17:39.383+00:00"},{"userAddress":{"addressId":729,"plotNumber":"AS-96","street":"Raymond St","state":"NJ","country":"USA","zipCode":null},"user_id":762,"user_first_name":"TeamFive","user_last_name":"Tester","user_contact_number":7896328965,"user_email_id":"testfive6@gmail.com","creation_time":"2024-09-19T16:07:34.057+00:00","last_mod_time":"2024-09-19T16:07:34.057+00:00"},{"userAddress":{"addressId":197,"plotNumber":"avb-76","street":"plum","state":"tn","country":"usa","zipCode":38017},"user_id":230,"user_first_name":"Sandya","user_last_name":"Ashok","user_contact_number":9012860054,"user_email_id":"sandya@gmail.com","creation_time":"2024-09-17T21:07:53.929+00:00","last_mod_time":"2024-09-17T21:07:53.929+00:00"},{"userAddress":{"addressId":198,"plotNumber":"sa-76","street":"plum","state":"tn","country":"usa","zipCode":38017},"user_id":231,"user_first_name":"Sandya","user_last_name":"Ashok","user_contact_number":9012860084,"user_email_id":"sand@gmail.com","creation_time":"2024-09-17T21:11:22.695+00:00","last_mod_time":"2024-09-17T21:11:22.695+00:00"},{"userAddress":{"addressId":199,"plotNumber":"p1-09","street":"ATLANTA","state":"GA","country":"USA","zipCode":10901},"user_id":232,"user_first_name":"NATHAN","user_last_name":"AYYAR","user_contact_number":1234987654,"user_email_id":"NATHAN.AYYAR@example.com","creation_time":"2024-09-17T21:12:07.623+00:00","last_mod_time":"2024-09-17T21:12:07.623+00:00"},{"userAddress":{"addressId":200,"plotNumber":"G-1","street":"MGRoad","state":"TX","country":"USA","zipCode":55475},"user_id":233,"user_first_name":"Abdul","user_last_name":"Kalam","user_contact_number":1223334444,"user_email_id":"apj@india.com","creation_time":"2024-09-17T21:14:57.871+00:00","last_mod_time":"2024-09-17T21:14:57.871+00:00"},{"userAddress":{"addressId":202,"plotNumber":"sa-76","street":"plum","state":"tn","country":"usa","zipCode":38017},"user_id":235,"user_first_name":"Sandya","user_last_name":"Ashok","user_contact_number":9012861084,"user_email_id":"sad@gmail.com","creation_time":"2024-09-17T21:19:32.138+00:00","last_mod_time":"2024-09-17T21:19:32.138+00:00"},{"userAddress":{"addressId":201,"plotNumber":"p2-11","street":"Violet st","state":"NY","country":"USA","zipCode":235689},"user_id":234,"user_first_name":"Sayali Team APIbootcamp","user_last_name":"Jadhav","user_contact_number":7130082323,"user_email_id":"sayali.j@example.com","creation_time":"2024-09-17T21:16:29.166+00:00","last_mod_time":"2024-09-17T21:28:46.189+00:00"},{"userAddress":{"addressId":3630,"plotNumber":"pl-13","street":"Broadway","state":"New Jersey","country":"USA","zipCode":null},"user_id":3663,"user_first_name":"dheenatha","user_last_name":"selva","user_contact_number":7230098788,"user_email_id":"dheen16@gmail.com","creation_time":"2024-09-23T15:06:20.318+00:00","last_mod_time":"2024-09-23T15:06:20.318+00:00"},{"userAddress":{"addressId":206,"plotNumber":"G-2","street":"MGRoad","state":"TX","country":"USA","zipCode":55475},"user_id":239,"user_first_name":"JayaTeamsixAPIbootcamp","user_last_name":"Swaraj","user_contact_number":1122233444,"user_email_id":"jaya@nn.com","creation_time":"2024-09-17T21:33:10.204+00:00","last_mod_time":"2024-09-17T21:33:10.204+00:00"},{"userAddress":{"addressId":3631,"plotNumber":"pl-13","street":"Broadway","state":"Texas","country":"USA","zipCode":837300},"user_id":3664,"user_first_name":"dheenatha","user_last_name":"selva","user_contact_number":7239998783,"user_email_id":"dheen20@gmail.com","creation_time":"2024-09-23T15:06:21.118+00:00","last_mod_time":"2024-09-23T15:06:21.118+00:00"},{"userAddress":{"addressId":208,"plotNumber":"pl-03","street":"palmilla","state":"Florida","country":"USA","zipCode":77057},"user_id":241,"user_first_name":"Tanvi","user_last_name":"Jyoshith","user_contact_number":9999567991,"user_email_id":"Test987@gmail.com","creation_time":"2024-09-17T21:35:55.610+00:00","last_mod_time":"2024-09-17T21:35:55.610+00:00"},{"userAddress":{"addressId":210,"plotNumber":"6-u","street":"TestAPIt","state":"TX","country":"US","zipCode":75063},"user_id":243,"user_first_name":"Gowrit","user_last_name":"Mohant","user_contact_number":1234598768,"user_email_id":"gm2@gmail.com","creation_time":"2024-09-17T21:37:02.834+00:00","last_mod_time":"2024-09-17T21:37:02.834+00:00"},{"userAddress":{"addressId":211,"plotNumber":"pl-03","street":"palmilla","state":"Florida","country":"USA","zipCode":77057},"user_id":244,"user_first_name":"Tanvi","user_last_name":"Jyoshith","user_contact_number":9919567991,"user_email_id":"Test986@gmail.com","creation_time":"2024-09-17T21:37:44.405+00:00","last_mod_time":"2024-09-17T21:37:44.405+00:00"},{"userAddress":{"addressId":212,"plotNumber":"abc-879","street":"troy","state":"MI","country":"India","zipCode":49084449},"user_id":245,"user_first_name":"Rio","user_last_name":"Team","user_contact_number":7234586789,"user_email_id":"abc9i3d@gmail.com","creation_time":"2024-09-17T21:37:59.456+00:00","last_mod_time":"2024-09-17T21:37:59.456+00:00"},{"userAddress":{"addressId":213,"plotNumber":"abc-879","street":"troy","state":"MI","country":"india","zipCode":490},"user_id":246,"user_first_name":"VishwakVishu","user_last_name":"Team","user_contact_number":8034586789,"user_email_id":"abc9k3d@gmail.com","creation_time":"2024-09-17T21:39:32.390+00:00","last_mod_time":"2024-09-17T21:39:32.390+00:00"},{"userAddress":{"addressId":1976,"plotNumber":"vl-9","street":null,"state":"northyork","country":null,"zipCode":null},"user_id":2009,"user_first_name":"drithi","user_last_name":"sasha","user_contact_number":5626442444,"user_email_id":"r667j@gmail.com","creation_time":"2024-09-21T16:50:59.520+00:00","last_mod_time":"2024-09-21T16:50:59.520+00:00"},{"userAddress":{"addressId":215,"plotNumber":"abc-879","street":"troy","state":"MI","country":"india","zipCode":40},"user_id":248,"user_first_name":"VishwakVishu","user_last_name":"Teamvishu","user_contact_number":8934586789,"user_email_id":"abc9o3d@gmail.com","creation_time":"2024-09-17T21:44:37.118+00:00","last_mod_time":"2024-09-17T21:44:37.118+00:00"},{"userAddress":{"addressId":216,"plotNumber":"abc-879","street":"troy","state":"MI","country":"india","zipCode":40},"user_id":249,"user_first_name":"aishu","user_last_name":"vishu","user_contact_number":9934586789,"user_email_id":"abc9p3d@gmail.com","creation_time":"2024-09-17T21:46:31.720+00:00","last_mod_time":"2024-09-17T21:46:31.720+00:00"},{"userAddress":{"addressId":217,"plotNumber":"abc-879","street":"troy","state":"MI","country":"india","zipCode":40},"user_id":250,"user_first_name":"aadhya","user_last_name":"vishu","user_contact_number":7934586789,"user_email_id":"abc8p3d@gmail.com","creation_time":"2024-09-17T21:49:11.150+00:00","last_mod_time":"2024-09-17T21:49:11.150+00:00"},{"userAddress":{"addressId":218,"plotNumber":"abc-879","street":"troy","state":"MI","country":"india","zipCode":409},"user_id":251,"user_first_name":"VishwkVishu","user_last_name":"Tvishu","user_contact_number":9034586789,"user_email_id":"abc7683d@gmail.com","creation_time":"2024-09-17T21:50:13.456+00:00","last_mod_time":"2024-09-17T21:50:13.456+00:00"},{"userAddress":{"addressId":3758,"plotNumber":"pl-72","street":"Broadway","state":"New Jersey","country":"USA","zipCode":72363},"user_id":3791,"user_first_name":"getTal","user_last_name":"randomLastName","user_contact_number":2334322308,"user_email_id":"user207@example.com","creation_time":"2024-09-23T15:47:16.048+00:00","last_mod_time":"2024-09-23T15:47:16.048+00:00"},{"userAddress":{"addressId":220,"plotNumber":"apt-098","street":"troy","state":"MI","country":"USA","zipCode":null},"user_id":253,"user_first_name":"Prannoy","user_last_name":"Padamatinti","user_contact_number":9987612345,"user_email_id":"pra03d@gmail.com","creation_time":"2024-09-17T21:53:09.295+00:00","last_mod_time":"2024-09-17T21:53:09.295+00:00"},{"userAddress":{"addressId":221,"plotNumber":"apt-090","street":"troy","state":"MI","country":"USA","zipCode":null},"user_id":254,"user_first_name":"PrannoyP","user_last_name":"Padamatppinti","user_contact_number":9907612345,"user_email_id":"pramn03d@gmail.com","creation_time":"2024-09-17T21:54:15.081+00:00","last_mod_time":"2024-09-17T21:54:15.081+00:00"},{"userAddress":{"addressId":222,"plotNumber":"897-uyt","street":"troy","state":"MI","country":"USA","zipCode":48084},"user_id":255,"user_first_name":"KarunyaNa","user_last_name":"Tam","user_contact_number":9230586789,"user_email_id":"iu8y3d@gmail.com","creation_time":"2024-09-17T22:01:29.407+00:00","last_mod_time":"2024-09-17T22:01:29.407+00:00"},{"userAddress":{"addressId":223,"plotNumber":"G-12","street":"MGRoad","state":"IL","country":"USA","zipCode":55475},"user_id":256,"user_first_name":"Team","user_last_name":"Success","user_contact_number":9911224477,"user_email_id":"team@nn.com","creation_time":"2024-09-17T22:05:31.047+00:00","last_mod_time":"2024-09-17T22:05:31.047+00:00"},{"userAddress":{"addressId":4441,"plotNumber":"p1-098","street":"cxvbmnb ","state":"uibhjkl","country":"USA","zipCode":90865},"user_id":4474,"user_first_name":"bklekl","user_last_name":"vddrop","user_contact_number":1103541352,"user_email_id":"cvfa.nme-1727289873358@example.com","creation_time":"2024-09-25T18:44:33.931+00:00","last_mod_time":"2024-09-25T18:44:33.931+00:00"},{"userAddress":{"addressId":225,"plotNumber":"Test-01","street":"Test st","state":"NY","country":"USA","zipCode":123456},"user_id":258,"user_first_name":"TeamSixAPIbootcamp","user_last_name":"XYZXYZ","user_contact_number":1112334455,"user_email_id":"team06-01@example.com","creation_time":"2024-09-17T22:11:57.079+00:00","last_mod_time":"2024-09-17T22:11:57.079+00:00"},{"userAddress":{"addressId":3812,"plotNumber":"AB-12","street":null,"state":"CA","country":null,"zipCode":null},"user_id":3845,"user_first_name":"Teamfourname","user_last_name":"Teamfourlastname","user_contact_number":1112223334,"user_email_id":"teamfour@gmail.com","creation_time":"2024-09-23T15:57:51.873+00:00","last_mod_time":"2024-09-23T15:57:51.873+00:00"},{"userAddress":{"addressId":4467,"plotNumber":"p1-098","street":"cxvbmnb ","state":"uibhjkl","country":"USA","zipCode":90865},"user_id":4500,"user_first_name":"betgplhjk","user_last_name":"vhhjklko","user_contact_number":1099957825,"user_email_id":"nijua.loj-1727295336559@ecxfs.com","creation_time":"2024-09-25T20:15:37.134+00:00","last_mod_time":"2024-09-25T20:15:37.134+00:00"},{"userAddress":{"addressId":228,"plotNumber":"pl-09","street":"my Street","state":"Texas","country":"USA","zipCode":75068},"user_id":261,"user_first_name":"Srikridfsdshna","user_last_name":"zcgdfhdfgfhg","user_contact_number":4543478789,"user_email_id":"type@gmail.com","creation_time":"2024-09-17T22:23:25.441+00:00","last_mod_time":"2024-09-17T22:23:25.441+00:00"},{"userAddress":{"addressId":229,"plotNumber":"sa-76","street":"plum","state":"tn","country":"usa","zipCode":38017},"user_id":262,"user_first_name":"Sandya","user_last_name":"Ashok","user_contact_number":9012881084,"user_email_id":"sandyaash@gmail.com","creation_time":"2024-09-17T22:37:51.994+00:00","last_mod_time":"2024-09-17T22:37:51.994+00:00"},{"userAddress":{"addressId":4505,"plotNumber":"p1-09","street":"Main","state":"NY","country":"USA","zipCode":10901},"user_id":4538,"user_first_name":"robr","user_last_name":"api","user_contact_number":9248350780,"user_email_id":"robr.api@example.com","creation_time":"2024-09-25T22:13:38.371+00:00","last_mod_time":"2024-09-25T22:13:38.371+00:00"},{"userAddress":{"addressId":231,"plotNumber":"pl-03","street":"palmilla","state":"Florida","country":"USA","zipCode":77057},"user_id":264,"user_first_name":"Tanvi","user_last_name":"Jyoshith","user_contact_number":3578458901,"user_email_id":"Test988@gmail.com","creation_time":"2024-09-17T22:49:05.492+00:00","last_mod_time":"2024-09-17T22:49:05.492+00:00"},{"userAddress":{"addressId":4506,"plotNumber":"p1-098","street":"cxvbmnb ","state":"uibhjkl","country":"USA","zipCode":90865},"user_id":4539,"user_first_name":"betgpjk","user_last_name":"vhklko","user_contact_number":1802144788,"user_email_id":"nijua.loj-1727302432930@ecxfs.com","creation_time":"2024-09-25T22:13:53.570+00:00","last_mod_time":"2024-09-25T22:13:53.570+00:00"},{"userAddress":{"addressId":341,"plotNumber":"AS-23","street":"Raymond St","state":"NJ","country":"USA","zipCode":0},"user_id":374,"user_first_name":"teamFive","user_last_name":"tester","user_contact_number":9876542210,"user_email_id":"teamfive@gmail.com","creation_time":"2024-09-18T02:27:56.612+00:00","last_mod_time":"2024-09-18T02:27:56.612+00:00"},{"userAddress":{"addressId":342,"plotNumber":"AS-23","street":"Raymond St","state":"NJ","country":"USA","zipCode":0},"user_id":375,"user_first_name":"teamFive","user_last_name":"tester","user_contact_number":9876502210,"user_email_id":"teamfivae@gmail.com","creation_time":"2024-09-18T02:28:17.394+00:00","last_mod_time":"2024-09-18T02:28:17.394+00:00"},{"userAddress":{"addressId":241,"plotNumber":"4308-as","street":null,"state":"GA","country":null,"zipCode":30338},"user_id":274,"user_first_name":"emily","user_last_name":"Stella","user_contact_number":3102774749,"user_email_id":"user_1726613521296@gmail.com","creation_time":"2024-09-17T22:52:00.842+00:00","last_mod_time":"2024-09-17T22:52:00.842+00:00"},{"userAddress":{"addressId":346,"plotNumber":"3-8","street":null,"state":"KL","country":null,"zipCode":123321},"user_id":379,"user_first_name":"tina","user_last_name":"Small","user_contact_number":1224567899,"user_email_id":"gs1@gmail.com","creation_time":"2024-09-18T02:29:29.192+00:00","last_mod_time":"2024-09-18T02:29:29.192+00:00"},{"userAddress":{"addressId":826,"plotNumber":"p9-98","street":"chg","state":"hj","country":"us","zipCode":98067},"user_id":859,"user_first_name":"kliyt","user_last_name":"sdfbj","user_contact_number":7865093429,"user_email_id":"vbn.fyhuj@example.com","creation_time":"2024-09-19T18:12:31.766+00:00","last_mod_time":"2024-09-19T18:12:31.766+00:00"},{"userAddress":{"addressId":827,"plotNumber":"p9-98","street":"chg","state":"hj","country":"us","zipCode":98067},"user_id":860,"user_first_name":"kiyt","user_last_name":"sdbj","user_contact_number":4865093429,"user_email_id":"vn.fyhuj@example.com","creation_time":"2024-09-19T18:13:26.835+00:00","last_mod_time":"2024-09-19T18:13:26.835+00:00"},{"userAddress":{"addressId":8178,"plotNumber":null,"street":null,"state":null,"country":null,"zipCode":null},"user_id":8210,"user_first_name":"qfugdHCiEo","user_last_name":"wHJVILgXmY","user_contact_number":7556982310,"user_email_id":"team2bnhmcmdil1ci@gmail.com","creation_time":"2024-10-12T17:48:34.458+00:00","last_mod_time":"2024-10-12T17:48:34.458+00:00"},{"userAddress":{"addressId":8179,"plotNumber":null,"street":null,"state":null,"country":null,"zipCode":null},"user_id":8211,"user_first_name":"uzukPGmFcI","user_last_name":"UfcfgKytoh","user_contact_number":2365027959,"user_email_id":"team2ppgp1fa8gm8@gmail.com","creation_time":"2024-10-12T17:48:35.443+00:00","last_mod_time":"2024-10-12T17:48:35.443+00:00"},{"userAddress":{"addressId":842,"plotNumber":"p1-109","street":"Main","state":"NY","country":"USA","zipCode":10971},"user_id":875,"user_first_name":"Sthnnny","user_last_name":"JoyDo","user_contact_number":1894907897,"user_email_id":"hnnny.JnDe@example.com","creation_time":"2024-09-19T18:33:39.247+00:00","last_mod_time":"2024-09-19T18:33:39.247+00:00"},{"userAddress":{"addressId":843,"plotNumber":null,"street":null,"state":"CA","country":null,"zipCode":12123},"user_id":876,"user_first_name":"Anna","user_last_name":"Doe","user_contact_number":1034569881,"user_email_id":"Ann.do@example.com","creation_time":"2024-09-19T18:34:10.797+00:00","last_mod_time":"2024-09-19T18:34:10.797+00:00"},{"userAddress":{"addressId":765,"plotNumber":"10-E","street":"Second St","state":"OH","country":"USA","zipCode":41050},"user_id":798,"user_first_name":"mahesh","user_last_name":"james","user_contact_number":5131129873,"user_email_id":"reetajames4@gmail.com","creation_time":"2024-09-19T16:45:49.966+00:00","last_mod_time":"2024-09-19T16:45:49.966+00:00"},{"userAddress":{"addressId":3965,"plotNumber":"AB-383","street":"Mockingbird way","state":"OR","country":"USA","zipCode":97007},"user_id":3998,"user_first_name":"Andrea","user_last_name":"Jerald","user_contact_number":9456745184,"user_email_id":"Andrea@gmail.com","creation_time":"2024-09-23T16:35:07.283+00:00","last_mod_time":"2024-09-23T16:35:07.283+00:00"},{"userAddress":{"addressId":1374,"plotNumber":"A-282","street":"BA dr","state":"MA","country":"USA","zipCode":69568},"user_id":1407,"user_first_name":"Neha","user_last_name":"wxyz","user_contact_number":7417598763,"user_email_id":"sbyz@gmail.com","creation_time":"2024-09-20T18:25:16.793+00:00","last_mod_time":"2024-09-20T18:25:16.793+00:00"},{"userAddress":{"addressId":1923,"plotNumber":"pl-75","street":"palmilla","state":"Florida","country":"USA","zipCode":324578},"user_id":1956,"user_first_name":"NameFirs","user_last_name":"NameLast","user_contact_number":2235577566,"user_email_id":"namefirst@gmail.com","creation_time":"2024-09-21T13:47:54.530+00:00","last_mod_time":"2024-09-21T13:57:15.043+00:00"},{"userAddress":{"addressId":3117,"plotNumber":"pl-72","street":"Broadway","state":"New Jersey","country":"USA","zipCode":72363},"user_id":3150,"user_first_name":"randomFirstName","user_last_name":"randomLastName","user_contact_number":4156312609,"user_email_id":"user581@example.com","creation_time":"2024-09-23T02:31:23.162+00:00","last_mod_time":"2024-09-23T02:31:23.162+00:00"},{"userAddress":{"addressId":2483,"plotNumber":"KB-425","street":"CT","state":"WA","country":"USA","zipCode":98052},"user_id":2516,"user_first_name":"Kirano","user_last_name":"Singho","user_contact_number":9952222222,"user_email_id":"kbalaharao@gmail.com","creation_time":"2024-09-22T13:32:31.033+00:00","last_mod_time":"2024-09-22T13:32:31.033+00:00"},{"userAddress":{"addressId":2485,"plotNumber":"Y-23","street":"Second St","state":"New York","country":"USA","zipCode":10001},"user_id":2518,"user_first_name":"Gia","user_last_name":"PHOSUKI","user_contact_number":1232222899,"user_email_id":"sumathi@hup.com","creation_time":"2024-09-22T13:59:43.018+00:00","last_mod_time":"2024-09-22T13:59:43.018+00:00"},{"userAddress":{"addressId":2486,"plotNumber":"Y-23","street":"Second St","state":"New York","country":"USA","zipCode":10001},"user_id":2519,"user_first_name":"Gia","user_last_name":"FHOSUKI","user_contact_number":1232227890,"user_email_id":"gia@hup.com","creation_time":"2024-09-22T14:00:50.382+00:00","last_mod_time":"2024-09-22T14:00:50.382+00:00"},{"userAddress":{"addressId":623,"plotNumber":"R-201","street":"parkerlind","state":"NY","country":"Canada","zipCode":76567},"user_id":656,"user_first_name":"Gowthami","user_last_name":"Addala","user_contact_number":4461236978,"user_email_id":"gdfgfhhji@gmail.com","creation_time":"2024-09-19T03:35:30.820+00:00","last_mod_time":"2024-09-23T20:26:16.306+00:00"},{"userAddress":{"addressId":2594,"plotNumber":"pl-23","street":"my Street","state":"Texas","country":"USA","zipCode":75068},"user_id":2627,"user_first_name":"jkgdfdjkksdkv","user_last_name":"zcghdfgfhg","user_contact_number":6778677778,"user_email_id":"tyfbghjhghje@gmail.com","creation_time":"2024-09-22T17:33:10.807+00:00","last_mod_time":"2024-09-22T17:33:10.807+00:00"},{"userAddress":{"addressId":3845,"plotNumber":"4308-as","street":null,"state":"Ga","country":null,"zipCode":30263},"user_id":3878,"user_first_name":"Juda","user_last_name":"Benhur","user_contact_number":9553097255,"user_email_id":"user_1727107556852@gmail.com","creation_time":"2024-09-23T16:05:58.818+00:00","last_mod_time":"2024-09-23T16:05:58.818+00:00"},{"userAddress":{"addressId":3234,"plotNumber":null,"street":"test","state":"virginia","country":"USA","zipCode":20166},"user_id":3267,"user_first_name":"huma","user_last_name":"rani","user_contact_number":5749339080,"user_email_id":"humarani1@cloud.com","creation_time":"2024-09-23T03:54:50.055+00:00","last_mod_time":"2024-09-23T03:54:50.055+00:00"},{"userAddress":{"addressId":7287,"plotNumber":"AS-99","street":"Gorniak","state":"MI","country":"USA","zipCode":7896},"user_id":7320,"user_first_name":"TesterB","user_last_name":"Numpy","user_contact_number":1237894565,"user_email_id":"testerlearner5@gmail.com","creation_time":"2024-10-08T19:16:00.898+00:00","last_mod_time":"2024-10-08T19:16:00.898+00:00"},{"userAddress":{"addressId":3235,"plotNumber":"987-C","street":"berry","state":"tx","country":"usa","zipCode":542576},"user_id":3268,"user_first_name":"moni","user_last_name":"john","user_contact_number":9736789543,"user_email_id":"join23@gmail.com","creation_time":"2024-09-23T03:54:52.737+00:00","last_mod_time":"2024-09-23T03:54:52.737+00:00"},{"userAddress":{"addressId":3236,"plotNumber":"987-C","street":"neom","state":"michigan","country":"usa","zipCode":null},"user_id":3269,"user_first_name":"street","user_last_name":"col","user_contact_number":6538976553,"user_email_id":"colstee@gmail.com","creation_time":"2024-09-23T03:54:56.206+00:00","last_mod_time":"2024-09-23T03:54:56.206+00:00"},{"userAddress":{"addressId":8336,"plotNumber":"P1-10","street":"Ludie Rest","state":"TX","country":"USA","zipCode":12356},"user_id":8368,"user_first_name":"Jerrell","user_last_name":"Koss","user_contact_number":3607896163,"user_email_id":"Sarah_Spencer27@gmail.com","creation_time":"2024-10-12T21:40:12.962+00:00","last_mod_time":"2024-10-12T21:40:12.962+00:00"},{"userAddress":{"addressId":1874,"plotNumber":"a-024","street":"street","state":"TX","country":"US","zipCode":10700},"user_id":1907,"user_first_name":"Natasha","user_last_name":"gupta","user_contact_number":4392339966,"user_email_id":"natasha123g@gmail.com","creation_time":"2024-09-21T05:59:23.764+00:00","last_mod_time":"2024-09-21T05:59:23.764+00:00"},{"userAddress":{"addressId":3237,"plotNumber":"897-T","street":"creek","state":"illnois","country":"usa","zipCode":98765},"user_id":3270,"user_first_name":"sai","user_last_name":"ken","user_contact_number":2429874351,"user_email_id":"pleramr87@gmail.com","creation_time":"2024-09-23T03:57:29.490+00:00","last_mod_time":"2024-09-23T03:57:29.490+00:00"},{"userAddress":{"addressId":3699,"plotNumber":"p1-68","street":"vail rd","state":"nj","country":"usa","zipCode":7012},"user_id":3732,"user_first_name":"Swamy","user_last_name":"Anand","user_contact_number":9944335566,"user_email_id":"ghiuytr89@gmail.com","creation_time":"2024-09-23T15:28:54.716+00:00","last_mod_time":"2024-09-23T15:28:54.716+00:00"},{"userAddress":{"addressId":4391,"plotNumber":"V-37","street":null,"state":"NY","country":null,"zipCode":null},"user_id":4424,"user_first_name":"Ajex","user_last_name":"abc","user_contact_number":2015284413,"user_email_id":"ajexab285@gmail.com","creation_time":"2024-09-25T13:53:43.695+00:00","last_mod_time":"2024-09-25T13:53:43.695+00:00"},{"userAddress":{"addressId":1736,"plotNumber":"B-742","street":"Sycamore Dr","state":"Ohio","country":"USA","zipCode":43025615},"user_id":1769,"user_first_name":"Naira","user_last_name":"kat","user_contact_number":5439870654,"user_email_id":"kat@gmail.com","creation_time":"2024-09-21T00:13:10.200+00:00","last_mod_time":"2024-09-21T00:13:10.200+00:00"},{"userAddress":{"addressId":2552,"plotNumber":"pl-51","street":"vail rd","state":"nj","country":"usa","zipCode":54321},"user_id":2585,"user_first_name":"smithatset","user_last_name":"dmaanj","user_contact_number":3300031145,"user_email_id":"ss315team5@gmail.com","creation_time":"2024-09-22T16:27:04.306+00:00","last_mod_time":"2024-09-22T16:27:04.306+00:00"},{"userAddress":{"addressId":4216,"plotNumber":null,"street":"test","state":"virginia","country":"USA","zipCode":201476767},"user_id":4249,"user_first_name":"reshmak","user_last_name":"rani","user_contact_number":8223397080,"user_email_id":"humerani8@icloud.com","creation_time":"2024-09-23T18:31:01.813+00:00","last_mod_time":"2024-09-23T18:31:01.813+00:00"},{"userAddress":{"addressId":378,"plotNumber":"pl-373","street":"Cypress","state":"Atlanta","country":"USA","zipCode":30026},"user_id":411,"user_first_name":"Ravii","user_last_name":"Rao","user_contact_number":1219352803,"user_email_id":"Ra9@gmail.com","creation_time":"2024-09-18T02:47:15.445+00:00","last_mod_time":"2024-09-21T03:34:12.442+00:00"},{"userAddress":{"addressId":1347,"plotNumber":"13-abd","street":"abc street","state":"Abc","country":"United states","zipCode":756765},"user_id":1380,"user_first_name":"Bharathi","user_last_name":"Chandrasekar","user_contact_number":4767657787,"user_email_id":"Bharathi@gmail.com","creation_time":"2024-09-20T18:01:11.408+00:00","last_mod_time":"2024-09-20T18:01:11.408+00:00"},{"userAddress":{"addressId":1377,"plotNumber":"G-121","street":"MGRoad","state":"KA","country":"Uk","zipCode":0},"user_id":1410,"user_first_name":"Rom","user_last_name":"Hitz","user_contact_number":3783457539,"user_email_id":"rom@nn.com","creation_time":"2024-09-20T18:27:36.098+00:00","last_mod_time":"2024-09-20T18:27:36.098+00:00"},{"userAddress":{"addressId":4217,"plotNumber":"J-26","street":"Jhonson Ferry","state":"GA","country":"USA","zipCode":300007},"user_id":4250,"user_first_name":"Karthi","user_last_name":"Mari","user_contact_number":7812345678,"user_email_id":"ABC@gmail.com","creation_time":"2024-09-23T18:31:12.985+00:00","last_mod_time":"2024-09-23T18:31:12.985+00:00"},{"userAddress":{"addressId":4392,"plotNumber":"Bt-11","street":"First St","state":"Texas","country":"USA","zipCode":54657},"user_id":4425,"user_first_name":"Newfirstname","user_last_name":"lastTrial","user_contact_number":1811986618,"user_email_id":"tommyo11nk0310g7@gmail.com","creation_time":"2024-09-25T13:57:38.449+00:00","last_mod_time":"2024-09-25T13:57:38.449+00:00"},{"userAddress":{"addressId":5018,"plotNumber":"442-r","street":"mainlane","state":"NY","country":"USA","zipCode":7816},"user_id":5051,"user_first_name":"kuttan","user_last_name":"vel","user_contact_number":1213141516,"user_email_id":"kuttan@gmail.com","creation_time":"2024-09-26T19:35:12.362+00:00","last_mod_time":"2024-09-26T19:35:12.362+00:00"},{"userAddress":{"addressId":816,"plotNumber":"Bl-02","street":null,"state":"California","country":null,"zipCode":32126},"user_id":849,"user_first_name":"Eva","user_last_name":"Thomas","user_contact_number":9624320008,"user_email_id":"Team4evathomas@gmail.com","creation_time":"2024-09-19T17:51:03.048+00:00","last_mod_time":"2024-09-19T17:51:03.048+00:00"},{"userAddress":{"addressId":8974,"plotNumber":"Bt-11","street":"First St","state":"Texas","country":"USA","zipCode":54877},"user_id":9006,"user_first_name":"Teamthree","user_last_name":"lastName","user_contact_number":2495151790,"user_email_id":"Team36m361l3bo6dm@gmail.com","creation_time":"2024-10-13T23:00:08.433+00:00","last_mod_time":"2024-10-13T23:00:08.433+00:00"},{"userAddress":{"addressId":10107,"plotNumber":"P1-11","street":"Main","state":"LA","country":"USA","zipCode":20878},"user_id":10139,"user_first_name":"lavanya","user_last_name":"John","user_contact_number":9491934456,"user_email_id":"Team03LyJohy@gmail.com","creation_time":"2024-10-15T22:36:04.708+00:00","last_mod_time":"2024-10-15T22:36:04.708+00:00"},{"userAddress":{"addressId":278,"plotNumber":"A-122","street":"aaaaa","state":null,"country":"canada","zipCode":123456},"user_id":311,"user_first_name":"acgh","user_last_name":"aaaa","user_contact_number":1778727142,"user_email_id":"avrvba@gmail.COM","creation_time":"2024-09-17T23:56:26.584+00:00","last_mod_time":"2024-09-17T23:56:26.584+00:00"},{"userAddress":{"addressId":279,"plotNumber":"A-122","street":"aaaaa","state":null,"country":"canada","zipCode":123456},"user_id":312,"user_first_name":"dev","user_last_name":"ash","user_contact_number":1978727142,"user_email_id":"hkrc@gmail.COM","creation_time":"2024-09-17T23:58:47.177+00:00","last_mod_time":"2024-09-17T23:58:47.177+00:00"},{"userAddress":{"addressId":280,"plotNumber":"A-122","street":"aaaaa","state":null,"country":"canada","zipCode":123456},"user_id":313,"user_first_name":"dev","user_last_name":"ash","user_contact_number":1971727142,"user_email_id":"hkrtc@gmail.COM","creation_time":"2024-09-17T23:59:21.485+00:00","last_mod_time":"2024-09-17T23:59:21.485+00:00"},{"userAddress":{"addressId":281,"plotNumber":"pl-09","street":"my Street","state":"Texas","country":"USA","zipCode":75068},"user_id":314,"user_first_name":"dnsjfg","user_last_name":"zcgdfhdfgfhg","user_contact_number":4543478728,"user_email_id":"ty1223dgpe@gmail.com","creation_time":"2024-09-18T00:00:49.246+00:00","last_mod_time":"2024-09-18T00:00:49.246+00:00"},{"userAddress":{"addressId":282,"plotNumber":"AKM-234","street":"AAA","state":null,"country":"AAS","zipCode":null},"user_id":315,"user_first_name":"dev","user_last_name":"ash","user_contact_number":1371727142,"user_email_id":"hkrtcd@gmail.COM","creation_time":"2024-09-18T00:11:59.132+00:00","last_mod_time":"2024-09-18T00:11:59.132+00:00"},{"userAddress":{"addressId":283,"plotNumber":"aj-jj","street":"tyrrydghv","state":null,"country":"huh","zipCode":null},"user_id":316,"user_first_name":"dev","user_last_name":"ash","user_contact_number":1371797142,"user_email_id":"hkrt@gmail.COM","creation_time":"2024-09-18T00:16:09.067+00:00","last_mod_time":"2024-09-18T00:16:09.067+00:00"},{"userAddress":{"addressId":2711,"plotNumber":"a-30","street":"DISNEY STREET","state":"FL","country":"usa","zipCode":76761456},"user_id":2744,"user_first_name":"flu","user_last_name":"SINGH","user_contact_number":1234567982,"user_email_id":"sumona12@gmail.com","creation_time":"2024-09-22T20:23:13.468+00:00","last_mod_time":"2024-09-22T20:23:13.468+00:00"},{"userAddress":{"addressId":4442,"plotNumber":"pl-12","street":null,"state":"CA","country":null,"zipCode":12345},"user_id":4475,"user_first_name":"newname","user_last_name":"lastnewneme","user_contact_number":1100220033,"user_email_id":"newname@example.com","creation_time":"2024-09-25T19:03:18.694+00:00","last_mod_time":"2024-09-25T19:03:18.694+00:00"},{"userAddress":{"addressId":286,"plotNumber":"ytyut-76","street":"tyrrydghv","state":null,"country":"huh","zipCode":null},"user_id":319,"user_first_name":"BAJJL","user_last_name":"ashNB","user_contact_number":1071797142,"user_email_id":"hkrtcjn@gmail.COM","creation_time":"2024-09-18T00:37:21.233+00:00","last_mod_time":"2024-09-18T00:37:21.233+00:00"},{"userAddress":{"addressId":4468,"plotNumber":"N-47","street":"range","state":"NJ","country":"USA","zipCode":3867},"user_id":4501,"user_first_name":"Alexa","user_last_name":"gmail","user_contact_number":2067102376,"user_email_id":"alexag7183@gmail.com","creation_time":"2024-09-25T20:18:01.168+00:00","last_mod_time":"2024-09-25T20:18:01.168+00:00"},{"userAddress":{"addressId":3598,"plotNumber":null,"street":"test","state":"virginia","country":"USA","zipCode":22},"user_id":3631,"user_first_name":"Seema","user_last_name":"Hassan","user_contact_number":5972339080,"user_email_id":"humarani8@cloud.com","creation_time":"2024-09-23T14:24:22.728+00:00","last_mod_time":"2024-09-23T14:24:22.728+00:00"},{"userAddress":{"addressId":5785,"plotNumber":"p1-098","street":"cxvbmnb ","state":"uibhjkl","country":"USA","zipCode":90865},"user_id":5818,"user_first_name":"bpghkhjd","user_last_name":"vhdbhjfg","user_contact_number":1651154343,"user_email_id":"nijua.loj-1727454999355@ecxfs.com","creation_time":"2024-09-27T16:36:39.819+00:00","last_mod_time":"2024-09-27T16:36:39.819+00:00"},{"userAddress":{"addressId":10108,"plotNumber":"P1-12","street":"Main","state":"CA","country":"USA","zipCode":20875},"user_id":10140,"user_first_name":"Alice","user_last_name":"Johnson","user_contact_number":1003777222,"user_email_id":"AcJohn@example.com","creation_time":"2024-10-15T22:36:04.911+00:00","last_mod_time":"2024-10-15T22:36:04.911+00:00"},{"userAddress":{"addressId":4508,"plotNumber":"p1-098","street":"cxvbmnb ","state":"uibhjkl","country":"USA","zipCode":90865},"user_id":4541,"user_first_name":"betgoppjk","user_last_name":"vhklkhjo","user_contact_number":1376250958,"user_email_id":"nijua.loj-1727302810899@ecxfs.com","creation_time":"2024-09-25T22:20:11.476+00:00","last_mod_time":"2024-09-25T22:20:11.476+00:00"},{"userAddress":{"addressId":3139,"plotNumber":"pl-72","street":"Broadway","state":"New Jersey","country":"USA","zipCode":72363},"user_id":3172,"user_first_name":"randomFirstName","user_last_name":"randomLastName","user_contact_number":3950309585,"user_email_id":"user256@example.com","creation_time":"2024-09-23T02:45:15.763+00:00","last_mod_time":"2024-09-23T02:45:15.763+00:00"},{"userAddress":{"addressId":832,"plotNumber":"p1-899","street":"Main","state":"NY","country":"USA","zipCode":10901},"user_id":865,"user_first_name":"Janesmith","user_last_name":"Smithdoe","user_contact_number":8934567897,"user_email_id":"johnnn.Smithdoe@example.com","creation_time":"2024-09-19T18:23:36.347+00:00","last_mod_time":"2024-09-19T18:23:36.347+00:00"},{"userAddress":{"addressId":833,"plotNumber":"p1-109","street":"Main","state":"NY","country":"USA","zipCode":10971},"user_id":866,"user_first_name":"SmithJohnnny","user_last_name":"JonnyDoe","user_contact_number":1894567897,"user_email_id":"ohnnny.JonnyDoe@example.com","creation_time":"2024-09-19T18:23:36.516+00:00","last_mod_time":"2024-09-19T18:23:36.516+00:00"},{"userAddress":{"addressId":4509,"plotNumber":"p1-09","street":"Main","state":"NY","country":"USA","zipCode":10901},"user_id":4542,"user_first_name":"api","user_last_name":"robr","user_contact_number":9248350456,"user_email_id":"api.robr@example.com","creation_time":"2024-09-25T22:29:07.966+00:00","last_mod_time":"2024-09-25T22:29:07.966+00:00"},{"userAddress":{"addressId":840,"plotNumber":"p1-129","street":"Main","state":"NY","country":"USA","zipCode":90901},"user_id":873,"user_first_name":"Jnjk","user_last_name":"Desmmth","user_contact_number":1899578899,"user_email_id":"johny.smth@example.com","creation_time":"2024-09-19T18:33:38.885+00:00","last_mod_time":"2024-09-19T18:33:38.885+00:00"},{"userAddress":{"addressId":841,"plotNumber":"p1-899","street":"Main","state":"NY","country":"USA","zipCode":10901},"user_id":874,"user_first_name":"nemit","user_last_name":"Shd","user_contact_number":8938907899,"user_email_id":"jon.Sithoe@example.com","creation_time":"2024-09-19T18:33:39.048+00:00","last_mod_time":"2024-09-19T18:33:39.048+00:00"},{"userAddress":{"addressId":8081,"plotNumber":"P1-10","street":"Destinee Ways","state":"TX","country":"USA","zipCode":12356},"user_id":8113,"user_first_name":"Yoshiko","user_last_name":"Hackett","user_contact_number":3607896116,"user_email_id":"Arturo72@yahoo.com","creation_time":"2024-10-12T04:28:31.333+00:00","last_mod_time":"2024-10-12T04:28:31.333+00:00"},{"userAddress":{"addressId":644,"plotNumber":"A-2112","street":"Stone","state":"Atlanta","country":"USA","zipCode":12345},"user_id":677,"user_first_name":"Carlos","user_last_name":"Maxwell","user_contact_number":9992224444,"user_email_id":"carlos@gmail.com","creation_time":"2024-09-19T06:26:40.959+00:00","last_mod_time":"2024-09-19T20:08:27.612+00:00"},{"userAddress":{"addressId":458,"plotNumber":null,"street":null,"state":null,"country":null,"zipCode":null},"user_id":491,"user_first_name":"hhpyip","user_last_name":"DnikPpyi","user_contact_number":9729910987,"user_email_id":"pIaty.mj@example.com","creation_time":"2024-09-18T16:36:00.192+00:00","last_mod_time":"2024-09-18T16:36:00.192+00:00"},{"userAddress":{"addressId":1418,"plotNumber":"p1-04","street":"abcd blvd","state":"MI","country":"US","zipCode":45678},"user_id":1451,"user_first_name":"Shru","user_last_name":"Shety","user_contact_number":1234432112,"user_email_id":"ssss@gmail.com","creation_time":"2024-09-20T18:49:57.327+00:00","last_mod_time":"2024-09-20T18:49:57.327+00:00"},{"userAddress":{"addressId":8082,"plotNumber":"P1-10","street":"Hand Squares","state":"TX","country":"USA","zipCode":12356},"user_id":8114,"user_first_name":"Nya","user_last_name":"Paucek","user_contact_number":3607896143,"user_email_id":"Octavia88@gmail.com","creation_time":"2024-10-12T04:29:25.068+00:00","last_mod_time":"2024-10-12T04:29:25.068+00:00"},{"userAddress":{"addressId":381,"plotNumber":"pl-09","street":"my Street","state":"Texas","country":"USA","zipCode":75068},"user_id":414,"user_first_name":"tsdrial","user_last_name":"zcghdfgfhg","user_contact_number":6756577778,"user_email_id":"ty123hjje@gmail.com","creation_time":"2024-09-18T02:48:58.604+00:00","last_mod_time":"2024-09-18T02:48:58.604+00:00"},{"userAddress":{"addressId":3182,"plotNumber":"pl-72","street":"Avenue","state":"New Jersey","country":"USA","zipCode":72322},"user_id":3215,"user_first_name":"train","user_last_name":"vehic","user_contact_number":7765799901,"user_email_id":"vehicl1@gmail.com","creation_time":"2024-09-23T03:13:49.738+00:00","last_mod_time":"2024-09-23T03:13:49.738+00:00"},{"userAddress":{"addressId":8083,"plotNumber":"P1-10","street":"Isidro Drive","state":"TX","country":"USA","zipCode":12356},"user_id":8115,"user_first_name":"Moises","user_last_name":"Connelly","user_contact_number":3607896115,"user_email_id":"Johnnie.Glover26@gmail.com","creation_time":"2024-10-12T04:30:14.911+00:00","last_mod_time":"2024-10-12T04:30:14.911+00:00"},{"userAddress":{"addressId":736,"plotNumber":"AS-96","street":"Raymond St","state":"NJ","country":"USA","zipCode":null},"user_id":769,"user_first_name":"TeamFive","user_last_name":"Tester","user_contact_number":7896328966,"user_email_id":"testfive55@gmail.com","creation_time":"2024-09-19T16:14:43.110+00:00","last_mod_time":"2024-09-19T16:14:43.110+00:00"},{"userAddress":{"addressId":352,"plotNumber":"1-21","street":"MN st","state":"Tx","country":"USofA","zipCode":12345},"user_id":385,"user_first_name":"Jhansi","user_last_name":"test","user_contact_number":1456789112,"user_email_id":"Jhansi@nn.com","creation_time":"2024-09-18T02:31:11.400+00:00","last_mod_time":"2024-09-18T02:55:53.294+00:00"},{"userAddress":{"addressId":4957,"plotNumber":"Bt-11","street":"First St","state":"Texas","country":"USA","zipCode":54657},"user_id":4990,"user_first_name":"trialname","user_last_name":"lasttrialname","user_contact_number":3812347618,"user_email_id":"tommtrial0g7@gmail.com","creation_time":"2024-09-26T17:51:39.047+00:00","last_mod_time":"2024-09-26T17:51:39.047+00:00"},{"userAddress":{"addressId":385,"plotNumber":"1-21","street":"MN st","state":"Tx","country":"USofA","zipCode":12345},"user_id":418,"user_first_name":"JhansiL","user_last_name":"test","user_contact_number":1456799112,"user_email_id":"Numpyy@gmail.com","creation_time":"2024-09-18T02:58:24.806+00:00","last_mod_time":"2024-09-18T02:58:24.806+00:00"},{"userAddress":{"addressId":4997,"plotNumber":"p1-09","street":"Main","state":"NY","country":"USA","zipCode":10901},"user_id":5030,"user_first_name":"zara","user_last_name":"id","user_contact_number":9248350409,"user_email_id":"zara.id@example.com","creation_time":"2024-09-26T19:05:33.315+00:00","last_mod_time":"2024-09-26T19:05:33.315+00:00"},{"userAddress":{"addressId":389,"plotNumber":"p1-89","street":"Mainww","state":"NY","country":"USA","zipCode":10901},"user_id":422,"user_first_name":"Johnnnypo","user_last_name":"Doe","user_contact_number":1239567897,"user_email_id":"johpnny.doe@example.com","creation_time":"2024-09-18T03:10:04.363+00:00","last_mod_time":"2024-09-18T03:10:04.363+00:00"},{"userAddress":{"addressId":3407,"plotNumber":"pl-221","street":"Wolf","state":"Washington","country":"USA","zipCode":22862},"user_id":3440,"user_first_name":"Qary","user_last_name":"Stark","user_contact_number":8973344894,"user_email_id":"Gary@got.com","creation_time":"2024-09-23T13:14:09.692+00:00","last_mod_time":"2024-09-23T13:14:09.692+00:00"},{"userAddress":{"addressId":391,"plotNumber":"897-E","street":"hjhjh","state":"hjkhkh","country":"ghjjj","zipCode":8},"user_id":424,"user_first_name":"sai","user_last_name":"ken","user_contact_number":2175326749,"user_email_id":"sai123@gmail.com","creation_time":"2024-09-18T03:19:51.203+00:00","last_mod_time":"2024-09-18T03:19:51.203+00:00"},{"userAddress":{"addressId":392,"plotNumber":"p1-89","street":"Mainww","state":"NY","country":"USA","zipCode":10901},"user_id":425,"user_first_name":"hjghgfh","user_last_name":"Dnoe","user_contact_number":1239977891,"user_email_id":"johpnppop.doe@example.com","creation_time":"2024-09-18T03:22:01.378+00:00","last_mod_time":"2024-09-18T03:22:01.378+00:00"},{"userAddress":{"addressId":393,"plotNumber":"p1-099","street":"Mainww","state":"NY","country":"USA","zipCode":10901},"user_id":426,"user_first_name":"hjglgh","user_last_name":"Dnoepk","user_contact_number":1325460987,"user_email_id":"vgt.mj@example.com","creation_time":"2024-09-18T03:28:41.895+00:00","last_mod_time":"2024-09-18T03:28:41.895+00:00"},{"userAddress":{"addressId":401,"plotNumber":"p1-909","street":"Mainwwm","state":"NY","country":"USA","zipCode":10801},"user_id":434,"user_first_name":"hhpyi","user_last_name":"DnikPyi","user_contact_number":9720910987,"user_email_id":"pIrty.mj@example.com","creation_time":"2024-09-18T04:00:12.106+00:00","last_mod_time":"2024-09-18T04:00:12.106+00:00"},{"userAddress":{"addressId":411,"plotNumber":"A-51","street":"casablanca","state":"california","country":"USA","zipCode":95123},"user_id":444,"user_first_name":"Ambika","user_last_name":"Sathish","user_contact_number":9161234567,"user_email_id":"ambika@gmail.com","creation_time":"2024-09-18T05:13:53.111+00:00","last_mod_time":"2024-09-18T05:13:53.111+00:00"},{"userAddress":{"addressId":7099,"plotNumber":"Pl-56","street":"Cypress Hill Dr","state":"Texas","country":"USA","zipCode":65677},"user_id":7132,"user_first_name":"Lorenzo","user_last_name":"Wisoky","user_contact_number":1862371942,"user_email_id":"jason.turcotte@example.com","creation_time":"2024-10-01T02:46:41.564+00:00","last_mod_time":"2024-10-01T02:46:41.564+00:00"},{"userAddress":{"addressId":7100,"plotNumber":"Pl-56","street":"Cypress Hill Dr","state":"Texas","country":"USA","zipCode":65677},"user_id":7133,"user_first_name":"Loris","user_last_name":"Cole","user_contact_number":5884840368,"user_email_id":"terrence.bartoletti@example.com","creation_time":"2024-10-01T02:49:12.493+00:00","last_mod_time":"2024-10-01T02:49:12.493+00:00"},{"userAddress":{"addressId":7101,"plotNumber":"Pl-56","street":"Cypress Hill Dr","state":"Texas","country":"USA","zipCode":65677},"user_id":7134,"user_first_name":"Rigoberto","user_last_name":"Barrows","user_contact_number":5321456302,"user_email_id":"sherwood.steuber@example.com","creation_time":"2024-10-01T02:50:09.905+00:00","last_mod_time":"2024-10-01T02:50:09.905+00:00"},{"userAddress":{"addressId":1393,"plotNumber":"pl-23","street":"my Street","state":"Texas","country":"USA","zipCode":75068},"user_id":1426,"user_first_name":"teamtwotrial","user_last_name":"zcghdfgfhg","user_contact_number":5677778888,"user_email_id":"viji123@gmail.com","creation_time":"2024-09-20T18:31:59.887+00:00","last_mod_time":"2024-09-20T18:31:59.887+00:00"},{"userAddress":{"addressId":738,"plotNumber":"P-201","street":"parkerland","state":"NY","country":"USA","zipCode":7659999999999999},"user_id":771,"user_first_name":"Gril","user_last_name":"Amanda","user_contact_number":4555569123,"user_email_id":"gril@gmail.com","creation_time":"2024-09-19T16:16:37.429+00:00","last_mod_time":"2024-09-19T16:16:37.429+00:00"},{"userAddress":{"addressId":1928,"plotNumber":"p-34","street":null,"state":"halifax","country":null,"zipCode":3456},"user_id":1961,"user_first_name":"retre","user_last_name":"moha","user_contact_number":7722333377,"user_email_id":"uyj3ju@gmail.com","creation_time":"2024-09-21T14:07:57.449+00:00","last_mod_time":"2024-09-21T14:07:57.449+00:00"},{"userAddress":{"addressId":768,"plotNumber":"17-A","street":"Third St","state":"KY","country":"USA","zipCode":41011},"user_id":801,"user_first_name":"mohan","user_last_name":"kumar","user_contact_number":8591129875,"user_email_id":"mohank@gmail.com","creation_time":"2024-09-19T16:47:42.154+00:00","last_mod_time":"2024-09-19T16:47:42.154+00:00"},{"userAddress":{"addressId":8373,"plotNumber":"A-1234","street":"Main street","state":"Texas","country":"USA","zipCode":12425},"user_id":8405,"user_first_name":"FOne","user_last_name":"Lone","user_contact_number":9123456789,"user_email_id":"dsgsfs@gmail.com","creation_time":"2024-10-13T02:21:16.693+00:00","last_mod_time":"2024-10-13T02:21:16.693+00:00"},{"userAddress":{"addressId":1468,"plotNumber":"pp-01","street":"Broadway new ln","state":"Texas","country":"USA","zipCode":7005063},"user_id":1501,"user_first_name":"zoya","user_last_name":"saya","user_contact_number":6789065437,"user_email_id":"zoaa@gmail.com","creation_time":"2024-09-20T19:55:24.699+00:00","last_mod_time":"2024-09-20T19:55:24.699+00:00"},{"userAddress":{"addressId":3229,"plotNumber":"vl-4","street":null,"state":"northyork","country":null,"zipCode":null},"user_id":3262,"user_first_name":"varsha","user_last_name":"akasha","user_contact_number":1999798883,"user_email_id":"kikalr1289@gmail.com","creation_time":"2024-09-23T03:45:11.002+00:00","last_mod_time":"2024-09-23T03:45:11.002+00:00"},{"userAddress":{"addressId":434,"plotNumber":"H-120","street":"IGRA","state":"IL","country":"USA","zipCode":55475},"user_id":467,"user_first_name":"Teams","user_last_name":"Success","user_contact_number":9011224777,"user_email_id":"teams@nn.com","creation_time":"2024-09-18T15:03:35.733+00:00","last_mod_time":"2024-09-18T15:03:35.733+00:00"},{"userAddress":{"addressId":1470,"plotNumber":"pp-01","street":"Broadway new ln","state":"Texas","country":"USA","zipCode":7005063},"user_id":1503,"user_first_name":"zoya","user_last_name":"saya","user_contact_number":6789065037,"user_email_id":"zona@gmail.com","creation_time":"2024-09-20T19:58:28.244+00:00","last_mod_time":"2024-09-20T19:58:28.244+00:00"},{"userAddress":{"addressId":440,"plotNumber":"Bl-02","street":null,"state":"California","country":null,"zipCode":32126},"user_id":473,"user_first_name":"Mathew","user_last_name":"Thomas","user_contact_number":9014320008,"user_email_id":"Mathewnew@gmail.com","creation_time":"2024-09-18T15:46:10.001+00:00","last_mod_time":"2024-09-18T15:46:10.001+00:00"},{"userAddress":{"addressId":441,"plotNumber":"Bl-02","street":null,"state":"California","country":null,"zipCode":32126},"user_id":474,"user_first_name":"Mathew","user_last_name":"Thomas","user_contact_number":3014320008,"user_email_id":"Mathewnew1@gmail.com","creation_time":"2024-09-18T15:47:46.859+00:00","last_mod_time":"2024-09-18T15:47:46.859+00:00"},{"userAddress":{"addressId":444,"plotNumber":"K-390","street":"ranchocordava","state":"cal","country":"US","zipCode":0},"user_id":477,"user_first_name":"Rose","user_last_name":"jack","user_contact_number":9876578775,"user_email_id":"rose34@gmail.com","creation_time":"2024-09-18T15:52:13.975+00:00","last_mod_time":"2024-09-18T15:52:13.975+00:00"},{"userAddress":{"addressId":2712,"plotNumber":"a-30","street":"DISNEY STREET","state":"FL","country":"usa","zipCode":767614564},"user_id":2745,"user_first_name":"fever","user_last_name":"SINGH","user_contact_number":1234557982,"user_email_id":"sumona123@gmail.com","creation_time":"2024-09-22T20:24:03.387+00:00","last_mod_time":"2024-09-22T20:24:03.387+00:00"},{"userAddress":{"addressId":459,"plotNumber":"Bl-02","street":null,"state":"California","country":null,"zipCode":32126},"user_id":492,"user_first_name":"MathewNEw","user_last_name":"Thomas","user_contact_number":4324320008,"user_email_id":"Mathewnew10@gmail.com","creation_time":"2024-09-18T16:38:44.840+00:00","last_mod_time":"2024-09-18T16:38:44.840+00:00"},{"userAddress":{"addressId":1841,"plotNumber":"a-234","street":"streetd","state":"TX","country":"US","zipCode":null},"user_id":1874,"user_first_name":"priya","user_last_name":"gupta","user_contact_number":5694329956,"user_email_id":"priyag@gmail.com","creation_time":"2024-09-21T04:00:21.954+00:00","last_mod_time":"2024-09-21T04:00:21.954+00:00"},{"userAddress":{"addressId":2261,"plotNumber":"W-425","street":"CT","state":"WA","country":"USA","zipCode":null},"user_id":2294,"user_first_name":"Kiran Vx","user_last_name":"Sin","user_contact_number":4252777277,"user_email_id":"kbaalhrs77@hotmail.com","creation_time":"2024-09-22T00:51:36.943+00:00","last_mod_time":"2024-09-22T00:51:36.943+00:00"},{"userAddress":{"addressId":535,"plotNumber":"117-AB","street":"nehru streets","state":"CA","country":"USA","zipCode":93651},"user_id":568,"user_first_name":"Karthi","user_last_name":"UdayaR","user_contact_number":1234567819,"user_email_id":"Apicamp17@gmail.com","creation_time":"2024-09-19T01:11:05.253+00:00","last_mod_time":"2024-09-19T01:11:05.253+00:00"},{"userAddress":{"addressId":5043,"plotNumber":"1214-hp","street":null,"state":"AL","country":null,"zipCode":44136},"user_id":5076,"user_first_name":"martin","user_last_name":"jr","user_contact_number":2345431212,"user_email_id":"martinjr@gmail.com","creation_time":"2024-09-26T20:26:45.531+00:00","last_mod_time":"2024-09-26T20:26:45.531+00:00"},{"userAddress":{"addressId":4349,"plotNumber":"p1-098","street":null,"state":"ui","country":null,"zipCode":90865},"user_id":4382,"user_first_name":"bnget","user_last_name":"vhjj","user_contact_number":2147483647,"user_email_id":"dfgh.bnm@ecm.com","creation_time":"2024-09-25T00:23:19.792+00:00","last_mod_time":"2024-09-25T00:23:19.792+00:00"},{"userAddress":{"addressId":4420,"plotNumber":"P-2345","street":null,"state":"VA","country":null,"zipCode":23454},"user_id":4453,"user_first_name":"samiksha","user_last_name":"strisatheng","user_contact_number":3432345645,"user_email_id":"ss67@gmail.com","creation_time":"2024-09-25T16:24:18.281+00:00","last_mod_time":"2024-09-25T16:24:18.281+00:00"},{"userAddress":{"addressId":4220,"plotNumber":null,"street":"test","state":"virginia","country":"USA","zipCode":20156},"user_id":4253,"user_first_name":"RAHULllk","user_last_name":"rani","user_contact_number":8823397080,"user_email_id":"humerani9@icloud.com","creation_time":"2024-09-23T18:35:25.941+00:00","last_mod_time":"2024-09-23T18:35:25.941+00:00"},{"userAddress":{"addressId":4443,"plotNumber":"p1-098","street":"cxvbmnb ","state":"uibhjkl","country":"USA","zipCode":90865},"user_id":4476,"user_first_name":"bklekl","user_last_name":"vdbnhdrop","user_contact_number":1583470998,"user_email_id":"cvfa.nme-1727291157610@example.com","creation_time":"2024-09-25T19:05:58.123+00:00","last_mod_time":"2024-09-25T19:05:58.123+00:00"},{"userAddress":{"addressId":1132,"plotNumber":"12-a","street":null,"state":"IL","country":null,"zipCode":1234567},"user_id":1165,"user_first_name":"sony","user_last_name":"null","user_contact_number":2211111111,"user_email_id":"johny@gmail.com","creation_time":"2024-09-20T04:40:51.925+00:00","last_mod_time":"2024-09-20T04:40:51.925+00:00"},{"userAddress":{"addressId":1133,"plotNumber":null,"street":null,"state":"CA","country":null,"zipCode":12123},"user_id":1166,"user_first_name":"Ann","user_last_name":"Doe","user_contact_number":1284567811,"user_email_id":"An2.do@example.com","creation_time":"2024-09-20T04:41:57.684+00:00","last_mod_time":"2024-09-20T04:41:57.684+00:00"},{"userAddress":{"addressId":1008,"plotNumber":"pl-555","street":"aqua","state":null,"country":"india","zipCode":629803},"user_id":1041,"user_first_name":"asab","user_last_name":"akasha","user_contact_number":3434343434,"user_email_id":"jhg@gmail.com","creation_time":"2024-09-19T23:35:37.114+00:00","last_mod_time":"2024-09-19T23:35:37.114+00:00"},{"userAddress":{"addressId":1006,"plotNumber":"P1-100","street":"Main","state":"NY","country":"USA","zipCode":10001},"user_id":1039,"user_first_name":"Jagxfsdghniue","user_last_name":"Dobnvxjke","user_contact_number":8976087810,"user_email_id":"javgfghhnfe.dovhje@example.com","creation_time":"2024-09-19T23:32:47.899+00:00","last_mod_time":"2024-09-19T23:32:47.899+00:00"},{"userAddress":{"addressId":3335,"plotNumber":"897-T","street":"creek","state":"illnois","country":"usa","zipCode":98765},"user_id":3368,"user_first_name":"sai","user_last_name":"ken","user_contact_number":8739874351,"user_email_id":"kloidsamr87@gmail.com","creation_time":"2024-09-23T05:17:02.177+00:00","last_mod_time":"2024-09-23T05:17:02.177+00:00"},{"userAddress":{"addressId":4444,"plotNumber":"p1-099","street":"cxvbmnb ","state":"uibhjkl","country":"USA","zipCode":90865},"user_id":4477,"user_first_name":"bklekhjl","user_last_name":"vddrocghp","user_contact_number":1541779680,"user_email_id":"cvfa.nme-1727291158822@example.com","creation_time":"2024-09-25T19:05:59.334+00:00","last_mod_time":"2024-09-25T19:05:59.334+00:00"},{"userAddress":{"addressId":4445,"plotNumber":"p1-100","street":"cxvbmnb ","state":"uibhjkl","country":"USA","zipCode":90865},"user_id":4478,"user_first_name":"bkleklgh","user_last_name":"vdvbhfhdrop","user_contact_number":1564928663,"user_email_id":"cvfa.nme-1727291159664@example.com","creation_time":"2024-09-25T19:06:00.175+00:00","last_mod_time":"2024-09-25T19:06:00.175+00:00"},{"userAddress":{"addressId":2125,"plotNumber":"KB-425","street":"CT","state":"WA","country":"USA","zipCode":98052},"user_id":2158,"user_first_name":"Kiranlb","user_last_name":"Singhla","user_contact_number":2252222221,"user_email_id":"kbalahara22@gmail.com","creation_time":"2024-09-21T21:13:37.515+00:00","last_mod_time":"2024-09-21T21:13:37.515+00:00"},{"userAddress":{"addressId":3565,"plotNumber":"pl-221","street":"Wolf","state":"Washington","country":"USA","zipCode":22862},"user_id":3598,"user_first_name":"Nary","user_last_name":"Stark","user_contact_number":1200334564,"user_email_id":"NaryStark@got.com","creation_time":"2024-09-23T13:54:25.808+00:00","last_mod_time":"2024-09-23T13:54:25.808+00:00"},{"userAddress":{"addressId":8086,"plotNumber":"P1-10","street":"Wisoky Square","state":"TX","country":"USA","zipCode":12356},"user_id":8118,"user_first_name":"Conner","user_last_name":"McGlynn","user_contact_number":3607896182,"user_email_id":"Emmy_Gibson@hotmail.com","creation_time":"2024-10-12T04:31:08.591+00:00","last_mod_time":"2024-10-12T04:31:08.591+00:00"},{"userAddress":{"addressId":986,"plotNumber":"12-b","street":"num street","state":"abc state","country":"usa","zipCode":3456},"user_id":1019,"user_first_name":"Numpy","user_last_name":"Selvi","user_contact_number":1234567845,"user_email_id":"njns@gmail.com","creation_time":"2024-09-19T22:48:21.672+00:00","last_mod_time":"2024-09-19T23:33:23.734+00:00"},{"userAddress":{"addressId":1009,"plotNumber":"P1-100","street":"Main","state":"NY","country":"USA","zipCode":10001},"user_id":1042,"user_first_name":"Janiue","user_last_name":"Dnvxjke","user_contact_number":4376087810,"user_email_id":"jahnfe.dovhje@example.com","creation_time":"2024-09-19T23:37:15.298+00:00","last_mod_time":"2024-09-19T23:37:15.298+00:00"},{"userAddress":{"addressId":684,"plotNumber":"PL-90","street":"Park Avenue","state":"New York","country":"USA","zipCode":750001},"user_id":717,"user_first_name":"Jone","user_last_name":"Doe","user_contact_number":9566121669,"user_email_id":"jone.doe@example.com","creation_time":"2024-09-19T13:49:53.340+00:00","last_mod_time":"2024-09-19T13:49:53.340+00:00"},{"userAddress":{"addressId":1010,"plotNumber":"P1-05","street":"Richmond","state":"CA","country":"USA","zipCode":94536},"user_id":1043,"user_first_name":"Tim","user_last_name":"Roy","user_contact_number":1111111111,"user_email_id":"tim.roy1@gmail.com","creation_time":"2024-09-19T23:37:56.870+00:00","last_mod_time":"2024-09-19T23:37:56.870+00:00"},{"userAddress":{"addressId":8134,"plotNumber":"Bt-11","street":"First St","state":"Texas","country":"USA","zipCode":54657},"user_id":8166,"user_first_name":"myfirstname","user_last_name":"lastTrial","user_contact_number":2858013409,"user_email_id":"Team23a1a2p47fohh@gmail.com","creation_time":"2024-10-12T15:49:29.004+00:00","last_mod_time":"2024-10-12T15:49:29.004+00:00"},{"userAddress":{"addressId":472,"plotNumber":"3-8","street":null,"state":"KL","country":null,"zipCode":123321},"user_id":505,"user_first_name":"qaws rtre ","user_last_name":"Small","user_contact_number":9223567899,"user_email_id":"gsmall@gmail.com","creation_time":"2024-09-18T17:45:59.420+00:00","last_mod_time":"2024-09-18T17:45:59.420+00:00"},{"userAddress":{"addressId":473,"plotNumber":null,"street":null,"state":null,"country":null,"zipCode":null},"user_id":506,"user_first_name":"sdfgdf","user_last_name":"dgdf","user_contact_number":3345678903,"user_email_id":"25s@dfgdf.sdf","creation_time":"2024-09-18T17:58:35.213+00:00","last_mod_time":"2024-09-18T17:58:35.213+00:00"},{"userAddress":{"addressId":474,"plotNumber":"3-8","street":null,"state":"KL","country":null,"zipCode":123321},"user_id":507,"user_first_name":"qaws rtre ","user_last_name":"rtre","user_contact_number":1231231231,"user_email_id":"1qaqsss@gmail.com","creation_time":"2024-09-18T18:08:57.592+00:00","last_mod_time":"2024-09-18T18:08:57.592+00:00"},{"userAddress":{"addressId":475,"plotNumber":"3-8","street":null,"state":"KL","country":null,"zipCode":123321},"user_id":508,"user_first_name":"qaws rtre ","user_last_name":"rtre","user_contact_number":1231231131,"user_email_id":"a@d.da","creation_time":"2024-09-18T18:12:36.897+00:00","last_mod_time":"2024-09-18T18:12:36.897+00:00"},{"userAddress":{"addressId":1011,"plotNumber":"pl-555","street":"aqua","state":null,"country":"india","zipCode":629803},"user_id":1044,"user_first_name":"asab","user_last_name":"akasha","user_contact_number":3434343436,"user_email_id":"Delfina70@yahoo.com","creation_time":"2024-09-19T23:39:34.235+00:00","last_mod_time":"2024-09-19T23:39:34.235+00:00"},{"userAddress":{"addressId":1012,"plotNumber":"pl-555","street":"aqua","state":null,"country":"india","zipCode":629803},"user_id":1045,"user_first_name":"asab","user_last_name":"akasha","user_contact_number":3434343437,"user_email_id":"Edyth.Rutherford@hotmail.com","creation_time":"2024-09-19T23:40:45.588+00:00","last_mod_time":"2024-09-19T23:40:45.588+00:00"},{"userAddress":{"addressId":8194,"plotNumber":null,"street":null,"state":null,"country":null,"zipCode":null},"user_id":8226,"user_first_name":"zHLgqrlmTo","user_last_name":"ZjJrABORNz","user_contact_number":3308421707,"user_email_id":"team27275jcgg0afc@gmail.com","creation_time":"2024-10-12T18:00:38.943+00:00","last_mod_time":"2024-10-12T18:00:38.943+00:00"},{"userAddress":{"addressId":1351,"plotNumber":"G-121","street":"MGRoad","state":"KA","country":"Uk","zipCode":0},"user_id":1384,"user_first_name":"Ro","user_last_name":"Hit","user_contact_number":1783457539,"user_email_id":"ro@nn.com","creation_time":"2024-09-20T18:01:38.932+00:00","last_mod_time":"2024-09-20T18:01:38.932+00:00"},{"userAddress":{"addressId":8195,"plotNumber":null,"street":null,"state":null,"country":null,"zipCode":null},"user_id":8227,"user_first_name":"rJBJMZWFXc","user_last_name":"VRaqqXOlsK","user_contact_number":8990385451,"user_email_id":"team2mdckoo2nd6o7@gmail.com","creation_time":"2024-10-12T18:00:39.077+00:00","last_mod_time":"2024-10-12T18:00:39.077+00:00"},{"userAddress":{"addressId":8196,"plotNumber":null,"street":null,"state":null,"country":null,"zipCode":null},"user_id":8228,"user_first_name":"pKXjVzJfrT","user_last_name":"nxKCxPuFpK","user_contact_number":3188924762,"user_email_id":"team26god1o8pl0ek@gmail.com","creation_time":"2024-10-12T18:00:39.209+00:00","last_mod_time":"2024-10-12T18:00:39.209+00:00"},{"userAddress":{"addressId":1394,"plotNumber":"pl-23","street":"my Street","state":"Texas","country":"USA","zipCode":75068},"user_id":1427,"user_first_name":"teamtwotrial","user_last_name":"zcafsdfdgfhg","user_contact_number":5655778888,"user_email_id":"viji1323@gmail.com","creation_time":"2024-09-20T18:32:40.168+00:00","last_mod_time":"2024-09-20T18:32:40.168+00:00"},{"userAddress":{"addressId":6479,"plotNumber":"plno-337","street":"street","state":"GA","country":"USA","zipCode":30028},"user_id":6512,"user_first_name":"Rain","user_last_name":"Rao","user_contact_number":1111111114,"user_email_id":"rain1@gmail.com","creation_time":"2024-09-29T23:34:18.685+00:00","last_mod_time":"2024-09-29T23:34:18.685+00:00"},{"userAddress":{"addressId":6480,"plotNumber":null,"street":null,"state":null,"country":null,"zipCode":null},"user_id":6513,"user_first_name":"Rain","user_last_name":"Rao","user_contact_number":1111111116,"user_email_id":"rain11@gmail.com","creation_time":"2024-09-29T23:34:20.036+00:00","last_mod_time":"2024-09-29T23:34:20.036+00:00"},{"userAddress":{"addressId":486,"plotNumber":null,"street":null,"state":null,"country":null,"zipCode":null},"user_id":519,"user_first_name":"NameF","user_last_name":"NameL","user_contact_number":2233445566,"user_email_id":"name1@gmail.com","creation_time":"2024-09-18T21:26:26.148+00:00","last_mod_time":"2024-09-18T21:26:26.148+00:00"},{"userAddress":{"addressId":487,"plotNumber":"pl-03","street":"palmilla","state":"Florida","country":"USA","zipCode":77057},"user_id":520,"user_first_name":"Tanvi","user_last_name":"Jyoshith","user_contact_number":9999567990,"user_email_id":"Test98@gmail.com","creation_time":"2024-09-18T21:31:55.919+00:00","last_mod_time":"2024-09-18T21:31:55.919+00:00"},{"userAddress":{"addressId":489,"plotNumber":"104-AB","street":"nehru streets","state":"GA","country":"USA","zipCode":93671},"user_id":522,"user_first_name":"Karthik","user_last_name":"Udaya","user_contact_number":1234567844,"user_email_id":"Apicamp4@gmail.com","creation_time":"2024-09-18T21:43:45.537+00:00","last_mod_time":"2024-09-18T21:43:45.537+00:00"},{"userAddress":{"addressId":492,"plotNumber":"pl-03","street":"palmilla","state":"Florida","country":"USA","zipCode":77057},"user_id":525,"user_first_name":"Tanvi","user_last_name":"Jyoshith","user_contact_number":9999567992,"user_email_id":"Test980@gmail.com","creation_time":"2024-09-18T22:02:56.490+00:00","last_mod_time":"2024-09-18T22:02:56.490+00:00"},{"userAddress":{"addressId":1908,"plotNumber":"B-21","street":"Glen erin","state":"CA","country":"Canada","zipCode":90001},"user_id":1941,"user_first_name":"kiara","user_last_name":"singh","user_contact_number":9876543216,"user_email_id":"Aishwarya_krishtin.doe@example.com","creation_time":"2024-09-21T09:13:59.414+00:00","last_mod_time":"2024-09-21T09:14:00.088+00:00"},{"userAddress":{"addressId":1929,"plotNumber":"p-34","street":null,"state":"halifax","country":null,"zipCode":3456},"user_id":1962,"user_first_name":"retre","user_last_name":"moha","user_contact_number":9722333377,"user_email_id":"uyju@gmail.com","creation_time":"2024-09-21T14:10:06.750+00:00","last_mod_time":"2024-09-21T14:10:06.750+00:00"},{"userAddress":{"addressId":495,"plotNumber":"sa-76","street":"plum","state":"tn","country":"usa","zipCode":38017},"user_id":528,"user_first_name":"Sandya","user_last_name":"Ashok","user_contact_number":9542881084,"user_email_id":"sauysh@gmail.com","creation_time":"2024-09-18T22:09:31.715+00:00","last_mod_time":"2024-09-18T22:09:31.715+00:00"},{"userAddress":{"addressId":496,"plotNumber":"sa-76","street":"plum","state":"tn","country":"usa","zipCode":38017},"user_id":529,"user_first_name":"Sandya","user_last_name":"Ashok","user_contact_number":9545781084,"user_email_id":"sjag@gmail.com","creation_time":"2024-09-18T22:25:00.221+00:00","last_mod_time":"2024-09-18T22:25:00.221+00:00"},{"userAddress":{"addressId":497,"plotNumber":"sa-76","street":"plum","state":"tn","country":"usa","zipCode":38017},"user_id":530,"user_first_name":"Sandya","user_last_name":"Ashok","user_contact_number":9562881084,"user_email_id":"sja@gmail.com","creation_time":"2024-09-18T22:27:00.305+00:00","last_mod_time":"2024-09-18T22:27:00.305+00:00"},{"userAddress":{"addressId":498,"plotNumber":"p1-192","street":"Seattle","state":"WA","country":"USA","zipCode":298450},"user_id":531,"user_first_name":"Taylor","user_last_name":"Swift","user_contact_number":9890952887,"user_email_id":"Swift.Taylor@example.com","creation_time":"2024-09-18T22:39:43.864+00:00","last_mod_time":"2024-09-18T22:39:43.864+00:00"},{"userAddress":{"addressId":500,"plotNumber":null,"street":null,"state":null,"country":null,"zipCode":null},"user_id":533,"user_first_name":"Tayler","user_last_name":"Swiftry","user_contact_number":9890952886,"user_email_id":"Swifte.Taylor@example.com","creation_time":"2024-09-18T23:07:21.944+00:00","last_mod_time":"2024-09-18T23:07:21.944+00:00"},{"userAddress":{"addressId":501,"plotNumber":"p1-59","street":"Main","state":"NY","country":"USA","zipCode":10901},"user_id":534,"user_first_name":"Jonnny","user_last_name":"Doe","user_contact_number":1256567897,"user_email_id":"johnny.doe@example.com","creation_time":"2024-09-18T23:14:56.003+00:00","last_mod_time":"2024-09-18T23:14:56.003+00:00"},{"userAddress":{"addressId":503,"plotNumber":"p1-192","street":"Seattle","state":"WA","country":"USA","zipCode":298450},"user_id":536,"user_first_name":"Taylerr","user_last_name":"Swiftte","user_contact_number":9834952887,"user_email_id":"Swift@example.com","creation_time":"2024-09-18T23:34:59.923+00:00","last_mod_time":"2024-09-18T23:34:59.923+00:00"},{"userAddress":{"addressId":504,"plotNumber":"p1-192","street":"Seattle","state":"WA","country":"USA","zipCode":298450},"user_id":537,"user_first_name":"Taylerer","user_last_name":"Swifteet","user_contact_number":9890123887,"user_email_id":"Swifteet.Taylr@example.com","creation_time":"2024-09-18T23:39:53.290+00:00","last_mod_time":"2024-09-18T23:39:53.290+00:00"},{"userAddress":{"addressId":505,"plotNumber":"AS-96","street":"Raymond St","state":"NJ","country":"USA","zipCode":null},"user_id":538,"user_first_name":"TeamFive","user_last_name":"Tester","user_contact_number":7896328963,"user_email_id":"testfive@gmail.com","creation_time":"2024-09-18T23:41:12.500+00:00","last_mod_time":"2024-09-18T23:41:12.500+00:00"},{"userAddress":{"addressId":506,"plotNumber":"p1-192","street":"Seattle","state":"WA","country":"USA","zipCode":298450},"user_id":539,"user_first_name":"Taylrer","user_last_name":"Switeet","user_contact_number":9890123888,"user_email_id":"Swfteet.Taylr@example.com","creation_time":"2024-09-18T23:41:33.542+00:00","last_mod_time":"2024-09-18T23:41:33.542+00:00"},{"userAddress":{"addressId":507,"plotNumber":"pl-123","street":null,"state":"Texas","country":null,"zipCode":75062},"user_id":540,"user_first_name":"Padmashree","user_last_name":"Iraj","user_contact_number":9035700191,"user_email_id":"padm.ir@gmail.com","creation_time":"2024-09-18T23:41:56.869+00:00","last_mod_time":"2024-09-18T23:41:56.869+00:00"},{"userAddress":{"addressId":536,"plotNumber":"123-A","street":"Main St","state":"OH","country":"USA","zipCode":41050},"user_id":569,"user_first_name":"Lakshmi","user_last_name":"Bathi","user_contact_number":5132229876,"user_email_id":"lakshmibathi@gmail.com","creation_time":"2024-09-19T01:17:09.090+00:00","last_mod_time":"2024-09-19T01:17:09.090+00:00"},{"userAddress":{"addressId":510,"plotNumber":null,"street":null,"state":null,"country":null,"zipCode":null},"user_id":543,"user_first_name":"sdfgdf","user_last_name":"dgdf","user_contact_number":3345678902,"user_email_id":"25ssd@dfgdf.sdf","creation_time":"2024-09-19T00:25:11.419+00:00","last_mod_time":"2024-09-19T00:25:11.419+00:00"},{"userAddress":{"addressId":511,"plotNumber":"105-AB","street":"nehru streets","state":"GA","country":"USA","zipCode":93671},"user_id":544,"user_first_name":"Karthikaa","user_last_name":"Udayaaa","user_contact_number":1234567855,"user_email_id":"Apicamp5@gmail.com","creation_time":"2024-09-19T00:26:16.971+00:00","last_mod_time":"2024-09-19T00:26:16.971+00:00"},{"userAddress":{"addressId":512,"plotNumber":"106-AB","street":"nehru streets","state":"GA","country":"USA","zipCode":93671},"user_id":545,"user_first_name":"Karthikaa","user_last_name":"Udayaaa","user_contact_number":1234567866,"user_email_id":"Apicamp6@gmail.com","creation_time":"2024-09-19T00:30:48.501+00:00","last_mod_time":"2024-09-19T00:30:48.501+00:00"},{"userAddress":{"addressId":518,"plotNumber":"A-505","street":"silver dr","state":"MA","country":"USA","zipCode":24568},"user_id":551,"user_first_name":"Neha","user_last_name":"acb","user_contact_number":5412598763,"user_email_id":"abc@gmail.com","creation_time":"2024-09-19T00:44:11.176+00:00","last_mod_time":"2024-09-19T00:44:46.249+00:00"},{"userAddress":{"addressId":519,"plotNumber":"107-AB","street":"nehru streets","state":"GA","country":"USA","zipCode":93671},"user_id":552,"user_first_name":"Karthikaa","user_last_name":"Udayaaa","user_contact_number":1234567877,"user_email_id":"Apicamp7@gmail.com","creation_time":"2024-09-19T00:46:24.863+00:00","last_mod_time":"2024-09-19T00:46:24.863+00:00"},{"userAddress":{"addressId":520,"plotNumber":"108-AB","street":"nehru streets","state":"GA","country":"USA","zipCode":93671},"user_id":553,"user_first_name":"Karthikaa","user_last_name":"Udayaaa","user_contact_number":1234567888,"user_email_id":"Apicamp8@gmail.com","creation_time":"2024-09-19T00:49:48.156+00:00","last_mod_time":"2024-09-19T00:49:48.156+00:00"},{"userAddress":{"addressId":521,"plotNumber":"109-AB","street":"nehru streets","state":"GA","country":"USA","zipCode":93671},"user_id":554,"user_first_name":"Karthikaa","user_last_name":"Udayaaa","user_contact_number":1234567801,"user_email_id":"Apicamp9@gmail.com","creation_time":"2024-09-19T00:51:40.453+00:00","last_mod_time":"2024-09-19T00:51:40.453+00:00"},{"userAddress":{"addressId":523,"plotNumber":"110-AB","street":"nehru streets","state":"CA","country":"USA","zipCode":93651},"user_id":556,"user_first_name":"Karthi","user_last_name":"UdayaR","user_contact_number":1234567802,"user_email_id":"Apicamp10@gmail.com","creation_time":"2024-09-19T00:58:52.877+00:00","last_mod_time":"2024-09-19T00:58:52.877+00:00"},{"userAddress":{"addressId":524,"plotNumber":"p1-192","street":"Seattle","state":"WA","country":"USA","zipCode":298450},"user_id":557,"user_first_name":"Taylr","user_last_name":"Swifte","user_contact_number":9890052887,"user_email_id":"Sift.Taylr@example.com","creation_time":"2024-09-19T01:00:15.888+00:00","last_mod_time":"2024-09-19T01:00:15.888+00:00"},{"userAddress":{"addressId":525,"plotNumber":"111-AB","street":"nehru streets","state":"CA","country":"USA","zipCode":93651},"user_id":558,"user_first_name":"Karthi","user_last_name":"UdayaR","user_contact_number":1234567803,"user_email_id":"Apicamp11@gmail.com","creation_time":"2024-09-19T01:00:53.417+00:00","last_mod_time":"2024-09-19T01:00:53.417+00:00"},{"userAddress":{"addressId":528,"plotNumber":"113-AB","street":"nehru streets","state":"CA","country":"USA","zipCode":93651},"user_id":561,"user_first_name":"Karthi","user_last_name":"UdayaR","user_contact_number":1234567805,"user_email_id":"Apicamp13@gmail.com","creation_time":"2024-09-19T01:04:39.832+00:00","last_mod_time":"2024-09-19T01:04:39.832+00:00"},{"userAddress":{"addressId":529,"plotNumber":"114-AB","street":"nehru streets","state":"CA","country":"USA","zipCode":93651},"user_id":562,"user_first_name":"Karthi","user_last_name":"UdayaR","user_contact_number":1234567806,"user_email_id":"Apicamp14@gmail.com","creation_time":"2024-09-19T01:05:28.632+00:00","last_mod_time":"2024-09-19T01:05:28.632+00:00"},{"userAddress":{"addressId":530,"plotNumber":"115-AB","street":"nehru streets","state":"CA","country":"USA","zipCode":93651},"user_id":563,"user_first_name":"Karthi","user_last_name":"UdayaR","user_contact_number":1234567807,"user_email_id":"Apicamp15@gmail.com","creation_time":"2024-09-19T01:09:04.024+00:00","last_mod_time":"2024-09-19T01:09:04.024+00:00"},{"userAddress":{"addressId":532,"plotNumber":"116-AB","street":"nehru streets","state":"CA","country":"USA","zipCode":93651},"user_id":565,"user_first_name":"Karthi","user_last_name":"UdayaR","user_contact_number":1234567808,"user_email_id":"Apicamp16@gmail.com","creation_time":"2024-09-19T01:10:19.376+00:00","last_mod_time":"2024-09-19T01:10:19.376+00:00"},{"userAddress":{"addressId":537,"plotNumber":"13-B","street":"Second St","state":"OH","country":"USA","zipCode":41050},"user_id":570,"user_first_name":"Reema","user_last_name":"Loomis","user_contact_number":5131129876,"user_email_id":"reema123@gmail.com","creation_time":"2024-09-19T01:18:13.939+00:00","last_mod_time":"2024-09-19T01:18:13.939+00:00"},{"userAddress":{"addressId":551,"plotNumber":"125-AB","street":"nehru streets","state":"CA","country":"USA","zipCode":93651},"user_id":584,"user_first_name":"Karthi","user_last_name":"UdayaR","user_contact_number":1234567999,"user_email_id":"Apicamp25@gmail.com","creation_time":"2024-09-19T01:25:21.286+00:00","last_mod_time":"2024-09-19T01:25:21.286+00:00"},{"userAddress":{"addressId":554,"plotNumber":"127-AB","street":"nehru streets","state":"CA","country":"USA","zipCode":93651},"user_id":587,"user_first_name":"Karthi","user_last_name":"UdayaR","user_contact_number":1234569991,"user_email_id":"Apicamp27@gmail.com","creation_time":"2024-09-19T01:37:59.381+00:00","last_mod_time":"2024-09-19T01:37:59.381+00:00"},{"userAddress":{"addressId":555,"plotNumber":"128-AB","street":"nehru streets","state":"CA","country":"USA","zipCode":93651},"user_id":588,"user_first_name":"Karthi","user_last_name":"UdayaR","user_contact_number":1234569992,"user_email_id":"Apicamp28@gmail.com","creation_time":"2024-09-19T01:39:11.813+00:00","last_mod_time":"2024-09-19T01:39:11.813+00:00"},{"userAddress":{"addressId":557,"plotNumber":null,"street":null,"state":"KL","country":null,"zipCode":123123},"user_id":590,"user_first_name":"qcheck","user_last_name":"rtre","user_contact_number":1901231101,"user_email_id":"a@da.com","creation_time":"2024-09-19T01:43:25.295+00:00","last_mod_time":"2024-09-19T01:43:25.295+00:00"},{"userAddress":{"addressId":561,"plotNumber":"AS-96","street":"Raymond St","state":"NJ","country":"USA","zipCode":null},"user_id":594,"user_first_name":"TeamFive","user_last_name":"Tester","user_contact_number":7896328964,"user_email_id":"testfive5@gmail.com","creation_time":"2024-09-19T01:48:33.630+00:00","last_mod_time":"2024-09-19T01:48:33.630+00:00"},{"userAddress":{"addressId":562,"plotNumber":"1123-asa","street":null,"state":"KL","country":null,"zipCode":123123},"user_id":595,"user_first_name":"qcheck","user_last_name":"rtre","user_contact_number":9901231101,"user_email_id":"b@da.com","creation_time":"2024-09-19T01:49:51.515+00:00","last_mod_time":"2024-09-19T01:49:51.515+00:00"},{"userAddress":{"addressId":563,"plotNumber":"12-a","street":null,"state":"KL","country":null,"zipCode":123123},"user_id":596,"user_first_name":"check","user_last_name":"tre","user_contact_number":4901231101,"user_email_id":"c@da.com","creation_time":"2024-09-19T01:52:10.792+00:00","last_mod_time":"2024-09-19T01:52:10.792+00:00"},{"userAddress":{"addressId":567,"plotNumber":"12-a","street":null,"state":"KL","country":null,"zipCode":123123},"user_id":600,"user_first_name":"check","user_last_name":"tre","user_contact_number":4900231101,"user_email_id":"d@da.com","creation_time":"2024-09-19T01:54:48.727+00:00","last_mod_time":"2024-09-19T01:54:48.727+00:00"},{"userAddress":{"addressId":568,"plotNumber":"12-a","street":null,"state":"KL","country":null,"zipCode":123123},"user_id":601,"user_first_name":"check","user_last_name":"tre","user_contact_number":9900231101,"user_email_id":"e@da.com","creation_time":"2024-09-19T01:55:43.293+00:00","last_mod_time":"2024-09-19T01:55:43.293+00:00"},{"userAddress":{"addressId":3085,"plotNumber":"pl-72","street":"Broadway","state":"New Jersey","country":"USA","zipCode":72363},"user_id":3118,"user_first_name":"randomFirstName","user_last_name":"randomLastName","user_contact_number":2757325148,"user_email_id":"user391@example.com","creation_time":"2024-09-23T02:02:55.642+00:00","last_mod_time":"2024-09-23T02:02:55.642+00:00"},{"userAddress":{"addressId":570,"plotNumber":"12-a","street":null,"state":"KL","country":null,"zipCode":123123},"user_id":603,"user_first_name":"check","user_last_name":"tre","user_contact_number":7900231101,"user_email_id":"f@da.com","creation_time":"2024-09-19T01:58:14.208+00:00","last_mod_time":"2024-09-19T01:58:14.208+00:00"},{"userAddress":{"addressId":571,"plotNumber":"pl-12","street":"Broadway","state":"New Jersey","country":"USA","zipCode":238282},"user_id":604,"user_first_name":"Thanya","user_last_name":"Gurdev","user_contact_number":2827283733,"user_email_id":"thanya@gmail.com","creation_time":"2024-09-19T01:58:40.175+00:00","last_mod_time":"2024-09-19T01:58:40.175+00:00"},{"userAddress":{"addressId":572,"plotNumber":"12-a","street":null,"state":"KL","country":null,"zipCode":123123},"user_id":605,"user_first_name":"check","user_last_name":"tre","user_contact_number":6900231101,"user_email_id":"k@da.com","creation_time":"2024-09-19T01:58:40.454+00:00","last_mod_time":"2024-09-19T01:58:40.454+00:00"},{"userAddress":{"addressId":3564,"plotNumber":"ab-23","street":"Berlington","state":"Texas","country":"USA","zipCode":77031},"user_id":3597,"user_first_name":"Dilina","user_last_name":"Divan","user_contact_number":2455855196,"user_email_id":"cc210@gmail.com","creation_time":"2024-09-23T13:53:31.352+00:00","last_mod_time":"2024-09-23T13:53:31.352+00:00"},{"userAddress":{"addressId":616,"plotNumber":"Prestwick-201","street":"parkerlind","state":"NY","country":"USA","zipCode":76567},"user_id":649,"user_first_name":"Gow","user_last_name":"Addala","user_contact_number":4468869123,"user_email_id":"gowthami.addala@gmail.com","creation_time":"2024-09-19T03:07:08.785+00:00","last_mod_time":"2024-09-19T03:07:08.785+00:00"},{"userAddress":{"addressId":3336,"plotNumber":"987-C","street":"berry","state":"tx","country":"usa","zipCode":542576},"user_id":3369,"user_first_name":"moni","user_last_name":"john","user_contact_number":9726789543,"user_email_id":"joijkun23@gmail.com","creation_time":"2024-09-23T05:17:02.309+00:00","last_mod_time":"2024-09-23T05:17:02.309+00:00"},{"userAddress":{"addressId":576,"plotNumber":"12-a","street":null,"state":null,"country":null,"zipCode":123123},"user_id":609,"user_first_name":"check","user_last_name":"tre","user_contact_number":5900231101,"user_email_id":"l@da.com","creation_time":"2024-09-19T02:03:33.934+00:00","last_mod_time":"2024-09-19T02:03:33.934+00:00"},{"userAddress":{"addressId":577,"plotNumber":"pl-12","street":"Broadway","state":"New Jersey","country":"USA","zipCode":238282},"user_id":610,"user_first_name":"Thanya","user_last_name":"Gurdev","user_contact_number":2827281733,"user_email_id":"thanya2@gmail.com","creation_time":"2024-09-19T02:04:35.865+00:00","last_mod_time":"2024-09-19T02:04:35.865+00:00"},{"userAddress":{"addressId":578,"plotNumber":"12-a","street":null,"state":"hhhhhhhhhhhhhhhhhhhhhhhhhhhh","country":null,"zipCode":123123},"user_id":611,"user_first_name":"check","user_last_name":"tre","user_contact_number":7000231101,"user_email_id":"m@da.com","creation_time":"2024-09-19T02:05:16.244+00:00","last_mod_time":"2024-09-19T02:05:16.244+00:00"},{"userAddress":{"addressId":702,"plotNumber":"12-D","street":"paris street","state":"VA","country":"USA","zipCode":19844},"user_id":735,"user_first_name":"August","user_last_name":"may","user_contact_number":7208206420,"user_email_id":"august.may@gmail.com","creation_time":"2024-09-19T14:50:17.922+00:00","last_mod_time":"2024-09-19T22:27:20.597+00:00"},{"userAddress":{"addressId":581,"plotNumber":"12-a","street":null,"state":"hi","country":null,"zipCode":123123},"user_id":614,"user_first_name":"check","user_last_name":"tre","user_contact_number":1000231101,"user_email_id":"p@da.com","creation_time":"2024-09-19T02:11:35.675+00:00","last_mod_time":"2024-09-19T02:11:35.675+00:00"},{"userAddress":{"addressId":728,"plotNumber":"897-A","street":"creek","state":"illnois","country":"usa","zipCode":98765},"user_id":761,"user_first_name":"sai","user_last_name":"rampol","user_contact_number":2309872351,"user_email_id":"pleklr87@gmail.com","creation_time":"2024-09-19T16:01:03.332+00:00","last_mod_time":"2024-09-19T16:01:03.332+00:00"},{"userAddress":{"addressId":1302,"plotNumber":"pn-03","street":"enter st","state":"texas","country":"USA","zipCode":99993},"user_id":1335,"user_first_name":"gayu","user_last_name":"swn","user_contact_number":1063334444,"user_email_id":"gg2@gmail.com","creation_time":"2024-09-20T16:53:54.363+00:00","last_mod_time":"2024-09-20T16:53:54.363+00:00"},{"userAddress":{"addressId":584,"plotNumber":"12-a","street":null,"state":"hi","country":null,"zipCode":123123},"user_id":617,"user_first_name":"check","user_last_name":"tre","user_contact_number":9000231101,"user_email_id":"o@da.com","creation_time":"2024-09-19T02:12:24.287+00:00","last_mod_time":"2024-09-19T02:12:24.287+00:00"},{"userAddress":{"addressId":4221,"plotNumber":"10-B","street":"Second St","state":"OH","country":"USA","zipCode":41050},"user_id":4254,"user_first_name":"mahesh","user_last_name":"james","user_contact_number":5131129870,"user_email_id":"reetajames1@gmail.com","creation_time":"2024-09-23T18:41:04.972+00:00","last_mod_time":"2024-09-23T18:41:04.972+00:00"},{"userAddress":{"addressId":586,"plotNumber":"12-a","street":null,"state":"hi","country":null,"zipCode":null},"user_id":619,"user_first_name":"check","user_last_name":"tre","user_contact_number":9000231901,"user_email_id":"i@da.com","creation_time":"2024-09-19T02:12:58.273+00:00","last_mod_time":"2024-09-19T02:12:58.273+00:00"},{"userAddress":{"addressId":587,"plotNumber":"132-AtB","street":"nehru streets","state":"CA","country":"USA","zipCode":93651},"user_id":620,"user_first_name":"Karthi","user_last_name":"UdayaR","user_contact_number":1234569995,"user_email_id":"Apicamp32@gmail.com","creation_time":"2024-09-19T02:14:01.305+00:00","last_mod_time":"2024-09-19T02:14:01.305+00:00"},{"userAddress":{"addressId":8346,"plotNumber":"P1-10","street":"Goyette Cliffs","state":"TX","country":"USA","zipCode":12356},"user_id":8378,"user_first_name":"Domenica","user_last_name":"Koss","user_contact_number":3607896179,"user_email_id":"Makenzie.Kemmer@hotmail.com","creation_time":"2024-10-12T22:05:46.049+00:00","last_mod_time":"2024-10-12T22:05:46.049+00:00"},{"userAddress":{"addressId":1851,"plotNumber":"A-202","street":"lincon","state":"Wa","country":"USA","zipCode":98007},"user_id":1884,"user_first_name":"Khushboo","user_last_name":"Sharma","user_contact_number":2312309876,"user_email_id":"khushboo_Team09.Sharma@gmail.com","creation_time":"2024-09-21T04:30:48.045+00:00","last_mod_time":"2024-09-21T04:30:48.045+00:00"},{"userAddress":{"addressId":590,"plotNumber":"897-A","street":"creek","state":"illnois","country":"usa","zipCode":98765},"user_id":623,"user_first_name":"sai","user_last_name":"rampol","user_contact_number":7563190876,"user_email_id":"lkom78jhj3sai@gmail.com","creation_time":"2024-09-19T02:15:04.935+00:00","last_mod_time":"2024-09-19T02:15:04.935+00:00"},{"userAddress":{"addressId":591,"plotNumber":"456-D","street":"lake","state":"tx","country":"usa","zipCode":98545},"user_id":624,"user_first_name":"mok","user_last_name":"ninbn","user_contact_number":4560983456,"user_email_id":"kmo89ij@gmail.com","creation_time":"2024-09-19T02:15:05.098+00:00","last_mod_time":"2024-09-19T02:15:05.098+00:00"},{"userAddress":{"addressId":592,"plotNumber":"987-C","street":"bwood","state":"ny","country":"usa","zipCode":87962},"user_id":625,"user_first_name":"pqp","user_last_name":"mkjuh","user_contact_number":3498742198,"user_email_id":"nik67mk@gmail.com","creation_time":"2024-09-19T02:15:05.258+00:00","last_mod_time":"2024-09-19T02:15:05.258+00:00"},{"userAddress":{"addressId":593,"plotNumber":"12-a","street":null,"state":"hi","country":null,"zipCode":null},"user_id":626,"user_first_name":"check","user_last_name":"tre","user_contact_number":9900231901,"user_email_id":"j@da.com","creation_time":"2024-09-19T02:15:57.976+00:00","last_mod_time":"2024-09-19T02:15:57.976+00:00"},{"userAddress":{"addressId":594,"plotNumber":"12-a","street":null,"state":"hi","country":null,"zipCode":1},"user_id":627,"user_first_name":"check","user_last_name":"tre","user_contact_number":1900231901,"user_email_id":"z@da.com","creation_time":"2024-09-19T02:19:48.617+00:00","last_mod_time":"2024-09-19T02:19:48.617+00:00"},{"userAddress":{"addressId":3152,"plotNumber":"307-A","street":"laplace","state":"PA","country":"USA","zipCode":90876},"user_id":3185,"user_first_name":"TestUserrr","user_last_name":"TewstUserr","user_contact_number":2323232390,"user_email_id":"2390@gmail.com","creation_time":"2024-09-23T02:52:19.073+00:00","last_mod_time":"2024-09-23T02:52:19.073+00:00"},{"userAddress":{"addressId":4222,"plotNumber":"13-B","street":"Second St","state":"OH","country":"USA","zipCode":41050},"user_id":4255,"user_first_name":"Reemasen","user_last_name":"Loomisjunior","user_contact_number":5131129826,"user_email_id":"reema1234@gmail.com","creation_time":"2024-09-23T18:42:29.951+00:00","last_mod_time":"2024-09-23T18:42:29.951+00:00"},{"userAddress":{"addressId":2713,"plotNumber":"a-30","street":"DISNEY STREET","state":"FL","country":"usa","zipCode":76764},"user_id":2746,"user_first_name":"fevers","user_last_name":"SINGH","user_contact_number":1234357982,"user_email_id":"sumona1234@gmail.com","creation_time":"2024-09-22T20:25:27.519+00:00","last_mod_time":"2024-09-22T20:25:27.519+00:00"},{"userAddress":{"addressId":1221,"plotNumber":"pl-373","street":"Cypress","state":"GA","country":"USA","zipCode":30225},"user_id":1254,"user_first_name":"last","user_last_name":"Pk","user_contact_number":2219352803,"user_email_id":"lastpk1@gmail.com","creation_time":"2024-09-20T14:37:35.157+00:00","last_mod_time":"2024-09-20T14:37:35.157+00:00"},{"userAddress":{"addressId":6118,"plotNumber":"pl-12","street":null,"state":"CA","country":null,"zipCode":12345},"user_id":6151,"user_first_name":"newname","user_last_name":"lastnewneme","user_contact_number":9100220033,"user_email_id":"newnam1e@example.com","creation_time":"2024-09-28T05:19:05.208+00:00","last_mod_time":"2024-09-28T05:19:05.208+00:00"},{"userAddress":{"addressId":1982,"plotNumber":"j-4","street":null,"state":"halifax","country":null,"zipCode":3456},"user_id":2015,"user_first_name":"retre","user_last_name":"moha","user_contact_number":9790333377,"user_email_id":"uyji60u@gmail.com","creation_time":"2024-09-21T16:59:10.063+00:00","last_mod_time":"2024-09-21T16:59:10.063+00:00"},{"userAddress":{"addressId":3092,"plotNumber":"A-30","street":"DISNEY STREET","state":"FL","country":"USA","zipCode":null},"user_id":3125,"user_first_name":"ANUS","user_last_name":"PIPER","user_contact_number":1334568762,"user_email_id":"sumona12HF28@gmail.com","creation_time":"2024-09-23T02:07:05.288+00:00","last_mod_time":"2024-09-23T02:07:05.288+00:00"},{"userAddress":{"addressId":603,"plotNumber":"12-a","street":null,"state":"hi","country":null,"zipCode":12345},"user_id":636,"user_first_name":"check","user_last_name":"tre","user_contact_number":1900231900,"user_email_id":"q@da.com","creation_time":"2024-09-19T02:28:04.949+00:00","last_mod_time":"2024-09-19T02:28:04.949+00:00"},{"userAddress":{"addressId":604,"plotNumber":"12-a","street":null,"state":"hi","country":null,"zipCode":1234567},"user_id":637,"user_first_name":"check","user_last_name":"tre","user_contact_number":1908231900,"user_email_id":"x@da.com","creation_time":"2024-09-19T02:28:35.297+00:00","last_mod_time":"2024-09-19T02:28:35.297+00:00"},{"userAddress":{"addressId":3153,"plotNumber":"307-A","street":"laplace","state":"PA","country":"USA","zipCode":90876},"user_id":3186,"user_first_name":"TestUserc","user_last_name":"TestUserq","user_contact_number":2222487901,"user_email_id":"demo20@gmail.com","creation_time":"2024-09-23T02:52:19.356+00:00","last_mod_time":"2024-09-23T02:52:19.356+00:00"},{"userAddress":{"addressId":4223,"plotNumber":"3-avon","street":"avon rd","state":"pa","country":"usa","zipCode":34343},"user_id":4256,"user_first_name":"Param","user_last_name":"Kuppu","user_contact_number":7676565656,"user_email_id":"param.kuppu@gmail.com","creation_time":"2024-09-23T18:47:17.484+00:00","last_mod_time":"2024-09-23T18:47:17.484+00:00"},{"userAddress":{"addressId":4224,"plotNumber":"J-26","street":"Jhonson Ferry","state":"GA","country":null,"zipCode":300007},"user_id":4257,"user_first_name":"Kathi","user_last_name":"Vamshi","user_contact_number":7812444578,"user_email_id":"XXX@gmail.com","creation_time":"2024-09-23T18:47:25.306+00:00","last_mod_time":"2024-09-23T18:47:25.306+00:00"},{"userAddress":{"addressId":4421,"plotNumber":"p1-098","street":null,"state":"uibhjkl","country":null,"zipCode":90865},"user_id":4454,"user_first_name":"bngetnmgh","user_last_name":"vhjjvbhj","user_contact_number":1707250346,"user_email_id":"cvfa.nme-1727282878792@example.com","creation_time":"2024-09-25T16:47:59.305+00:00","last_mod_time":"2024-09-25T16:47:59.305+00:00"},{"userAddress":{"addressId":1740,"plotNumber":"L-1","street":"Blackwood Dr","state":"Indianapolis","country":"USA","zipCode":64087},"user_id":1773,"user_first_name":"natas","user_last_name":"jim","user_contact_number":5430450139,"user_email_id":"123456@gmail.com","creation_time":"2024-09-21T00:22:02.248+00:00","last_mod_time":"2024-09-21T00:22:02.248+00:00"},{"userAddress":{"addressId":755,"plotNumber":"10-C","street":"Second St","state":"OH","country":"USA","zipCode":41050},"user_id":788,"user_first_name":"kaveri","user_last_name":"james","user_contact_number":5131129871,"user_email_id":"reetajames2@gmail.com","creation_time":"2024-09-19T16:39:09.005+00:00","last_mod_time":"2024-09-19T16:39:09.005+00:00"},{"userAddress":{"addressId":4422,"plotNumber":"ab-13","street":"Irving","state":"Texas","country":"USA","zipCode":77144},"user_id":4455,"user_first_name":"Darsh","user_last_name":"Shebi","user_contact_number":9988776654,"user_email_id":"Darsh18@gmail.com","creation_time":"2024-09-25T16:57:05.033+00:00","last_mod_time":"2024-09-25T16:57:05.033+00:00"},{"userAddress":{"addressId":4226,"plotNumber":"J-26","street":"Jhonson Ferry","state":"GA","country":"USA","zipCode":30014007},"user_id":4259,"user_first_name":"Kirth","user_last_name":"Vamsh","user_contact_number":1112344578,"user_email_id":"HHH@gmail.com","creation_time":"2024-09-23T18:49:57.987+00:00","last_mod_time":"2024-09-23T18:49:57.987+00:00"},{"userAddress":{"addressId":2642,"plotNumber":"pl-13","street":"Broadway","state":"New Jersey","country":"USA","zipCode":837300},"user_id":2675,"user_first_name":"dheenatha","user_last_name":"selva","user_contact_number":7009998088,"user_email_id":"zi2@gmail.com","creation_time":"2024-09-22T18:50:45.335+00:00","last_mod_time":"2024-09-23T02:12:21.179+00:00"},{"userAddress":{"addressId":3408,"plotNumber":"pl-hjki","street":"Wolf","state":"Washington","country":"USA","zipCode":22862},"user_id":3441,"user_first_name":"Qary","user_last_name":"Stark","user_contact_number":8973344897,"user_email_id":"Garygot34@got.com","creation_time":"2024-09-23T13:14:09.976+00:00","last_mod_time":"2024-09-23T13:14:09.976+00:00"},{"userAddress":{"addressId":580,"plotNumber":"134-AtB","street":"nehru streets","state":"mask","country":"INDIA","zipCode":96611},"user_id":613,"user_first_name":"Adiu","user_last_name":"Ramkar","user_contact_number":1234569997,"user_email_id":"Apicamp39@gmail.com","creation_time":"2024-09-19T02:07:10.135+00:00","last_mod_time":"2024-09-19T05:30:48.041+00:00"},{"userAddress":{"addressId":1741,"plotNumber":"L-1","street":"Blackwood Dr","state":"Indianapolis","country":"USA","zipCode":64087},"user_id":1774,"user_first_name":"natas","user_last_name":"jim","user_contact_number":5431450139,"user_email_id":"123456@gm123l.com","creation_time":"2024-09-21T00:22:26.964+00:00","last_mod_time":"2024-09-21T00:22:26.964+00:00"},{"userAddress":{"addressId":3409,"plotNumber":"pl-221","street":"Wolf","state":"Washington","country":"USA","zipCode":22862},"user_id":3442,"user_first_name":"Qary","user_last_name":"Stark","user_contact_number":8973344898,"user_email_id":"Garygot67@got.com","creation_time":"2024-09-23T13:14:10.069+00:00","last_mod_time":"2024-09-23T13:14:10.069+00:00"},{"userAddress":{"addressId":4423,"plotNumber":"p1-098","street":"cxvbmnb ","state":"uibhjkl","country":"USA","zipCode":90865},"user_id":4456,"user_first_name":"bngetnklmgh","user_last_name":"vhjjvbashj","user_contact_number":1058834052,"user_email_id":"cvfa.nme-1727283451293@example.com","creation_time":"2024-09-25T16:57:31.853+00:00","last_mod_time":"2024-09-25T16:57:31.853+00:00"},{"userAddress":{"addressId":4446,"plotNumber":"p1-101","street":"cxvbmnb ","state":"uibhjkl","country":"USA","zipCode":90865},"user_id":4479,"user_first_name":"bklfgekl","user_last_name":"vdvhjdrop","user_contact_number":1874702566,"user_email_id":"cvfa.nme-1727291160464@example.com","creation_time":"2024-09-25T19:06:00.988+00:00","last_mod_time":"2024-09-25T19:06:00.988+00:00"},{"userAddress":{"addressId":1858,"plotNumber":"vl-9","street":null,"state":"northyork","country":null,"zipCode":56456},"user_id":1891,"user_first_name":"surbi","user_last_name":"sasha","user_contact_number":5252142444,"user_email_id":"red2e@gmail.com","creation_time":"2024-09-21T04:47:07.196+00:00","last_mod_time":"2024-09-21T04:47:07.196+00:00"},{"userAddress":{"addressId":4447,"plotNumber":"p1-102","street":"cxvbmnb ","state":"uibhjkl","country":"USA","zipCode":90865},"user_id":4480,"user_first_name":"bklioekl","user_last_name":"vddrbkjuop","user_contact_number":1398900661,"user_email_id":"cvfa.nme-1727291161295@example.com","creation_time":"2024-09-25T19:06:01.812+00:00","last_mod_time":"2024-09-25T19:06:01.812+00:00"},{"userAddress":{"addressId":1711,"plotNumber":"p1-02","street":"Richmond","state":"Assam","country":"India","zipCode":78804},"user_id":1744,"user_first_name":"Tim","user_last_name":"Roy","user_contact_number":6666666676,"user_email_id":"tim.roy8@gmail.com","creation_time":"2024-09-20T23:29:48.605+00:00","last_mod_time":"2024-09-20T23:29:48.605+00:00"},{"userAddress":{"addressId":7486,"plotNumber":"AS-99","street":"Gorniak","state":"MI","country":"USA","zipCode":7896},"user_id":7519,"user_first_name":"TesterAJ","user_last_name":"Numpy","user_contact_number":2583691475,"user_email_id":"testlearneraj@gmail.com","creation_time":"2024-10-09T16:28:06.253+00:00","last_mod_time":"2024-10-09T16:28:06.253+00:00"},{"userAddress":{"addressId":3191,"plotNumber":"pl-55","street":"Grand St","state":"IN","country":"USA","zipCode":67855},"user_id":3224,"user_first_name":"Mary","user_last_name":"Jeferson","user_contact_number":7877998455,"user_email_id":"mathut@gmail.com","creation_time":"2024-09-23T03:26:56.404+00:00","last_mod_time":"2024-09-23T04:20:07.395+00:00"},{"userAddress":{"addressId":7487,"plotNumber":"AS-99","street":"Gorniak","state":"MI","country":"USA","zipCode":7896},"user_id":7520,"user_first_name":"TesterAK","user_last_name":"Numpy","user_contact_number":1472583696,"user_email_id":"testlearnerak@gmail.com","creation_time":"2024-10-09T16:28:06.823+00:00","last_mod_time":"2024-10-09T16:28:06.823+00:00"},{"userAddress":{"addressId":1361,"plotNumber":"13-abd","street":"abc street","state":"Abc","country":"United states","zipCode":756765},"user_id":1394,"user_first_name":"Bharathi","user_last_name":"Chandrasekar","user_contact_number":4767657780,"user_email_id":"Bharath@gmail.com","creation_time":"2024-09-20T18:14:23.007+00:00","last_mod_time":"2024-09-21T00:54:37.787+00:00"},{"userAddress":{"addressId":1014,"plotNumber":"pl-555","street":"aqua","state":null,"country":"india","zipCode":629803},"user_id":1047,"user_first_name":"asab","user_last_name":"akasha","user_contact_number":3434343438,"user_email_id":"Leta80@gmail.com","creation_time":"2024-09-19T23:41:58.698+00:00","last_mod_time":"2024-09-19T23:41:58.698+00:00"},{"userAddress":{"addressId":2224,"plotNumber":"pl-51","street":"vail rd","state":"nj","country":"usa","zipCode":54321},"user_id":2257,"user_first_name":"rahi","user_last_name":"laokkl","user_contact_number":3005556615,"user_email_id":"sdto77898@gmail.com","creation_time":"2024-09-21T23:14:58.176+00:00","last_mod_time":"2024-09-21T23:14:58.176+00:00"},{"userAddress":{"addressId":1015,"plotNumber":"pl-555","street":"aqua","state":null,"country":"india","zipCode":629803},"user_id":1048,"user_first_name":"asab","user_last_name":"akasha","user_contact_number":3434743437,"user_email_id":"Charles.Rogahn30@gmail.com","creation_time":"2024-09-19T23:44:21.060+00:00","last_mod_time":"2024-09-19T23:44:21.060+00:00"},{"userAddress":{"addressId":2227,"plotNumber":"Bl-02","street":null,"state":"California","country":null,"zipCode":32126},"user_id":2260,"user_first_name":"Anvinew","user_last_name":"Carsen","user_contact_number":8024320008,"user_email_id":"anvinew@gmail.com","creation_time":"2024-09-21T23:20:54.194+00:00","last_mod_time":"2024-09-21T23:20:54.194+00:00"},{"userAddress":{"addressId":8138,"plotNumber":"P1-10","street":"Adah Street","state":"TX","country":"USA","zipCode":12356},"user_id":8170,"user_first_name":"Kattie","user_last_name":"Altenwerth","user_contact_number":3607896102,"user_email_id":"Vallie.Gutmann@gmail.com","creation_time":"2024-10-12T16:05:23.543+00:00","last_mod_time":"2024-10-12T16:05:23.543+00:00"},{"userAddress":{"addressId":1016,"plotNumber":"pl-555","street":"aqua","state":null,"country":"india","zipCode":629803},"user_id":1049,"user_first_name":"asab","user_last_name":"akasha","user_contact_number":3434143437,"user_email_id":"Caleb9@yahoo.com","creation_time":"2024-09-19T23:44:59.516+00:00","last_mod_time":"2024-09-19T23:44:59.516+00:00"},{"userAddress":{"addressId":704,"plotNumber":"pl-123","street":null,"state":"Texas","country":null,"zipCode":75062},"user_id":737,"user_first_name":"Padmashree","user_last_name":"Iraj","user_contact_number":9035700192,"user_email_id":"padm1.ir@gmail.com","creation_time":"2024-09-19T14:52:36.124+00:00","last_mod_time":"2024-09-19T14:52:36.124+00:00"},{"userAddress":{"addressId":723,"plotNumber":"A-30","street":"DISNEY STREET","state":"FL","country":"USA","zipCode":23476},"user_id":756,"user_first_name":"SharmS","user_last_name":"kinGS","user_contact_number":1136868982,"user_email_id":"3457@gmail.com","creation_time":"2024-09-19T15:39:17.901+00:00","last_mod_time":"2024-09-23T03:14:17.403+00:00"},{"userAddress":{"addressId":8140,"plotNumber":"P1-10","street":"Cooper Locks","state":"TX","country":"USA","zipCode":12356},"user_id":8172,"user_first_name":"Cedrick","user_last_name":"Johnson","user_contact_number":3607896141,"user_email_id":"Keyshawn47@yahoo.com","creation_time":"2024-10-12T16:14:19.065+00:00","last_mod_time":"2024-10-12T16:14:19.065+00:00"},{"userAddress":{"addressId":1981,"plotNumber":"vl-9","street":null,"state":"northyork","country":null,"zipCode":null},"user_id":2014,"user_first_name":"drithi","user_last_name":"sasha","user_contact_number":5666442444,"user_email_id":"r667j66@gmail.com","creation_time":"2024-09-21T16:56:04.037+00:00","last_mod_time":"2024-09-21T16:56:04.037+00:00"},{"userAddress":{"addressId":1768,"plotNumber":"BB-22","street":"Wayne St","state":"Assam","country":"India","zipCode":789632},"user_id":1801,"user_first_name":"Reggie","user_last_name":"Thomas","user_contact_number":2589631470,"user_email_id":"reggie.thomas@gmail.com","creation_time":"2024-09-21T01:28:47.376+00:00","last_mod_time":"2024-09-21T01:28:47.871+00:00"},{"userAddress":{"addressId":3192,"plotNumber":"12-o","street":"qaws","state":"qa","country":"qazw","zipCode":123457890000},"user_id":3225,"user_first_name":"drake","user_last_name":"star","user_contact_number":1830001017,"user_email_id":"sport60@gmail.com","creation_time":"2024-09-23T03:29:02.261+00:00","last_mod_time":"2024-09-23T03:29:02.261+00:00"},{"userAddress":{"addressId":709,"plotNumber":"897-A","street":"creek","state":"illnois","country":"usa","zipCode":98765},"user_id":742,"user_first_name":"sai","user_last_name":"rampol","user_contact_number":2309874356,"user_email_id":"ploker87@gmail.com","creation_time":"2024-09-19T15:15:50.238+00:00","last_mod_time":"2024-09-19T15:15:50.238+00:00"},{"userAddress":{"addressId":1769,"plotNumber":"AS-96","street":"Raymond St","state":"NJ","country":"USA","zipCode":8896},"user_id":1802,"user_first_name":"Lindsay","user_last_name":"Tester","user_contact_number":1478523601,"user_email_id":"five2@gmail.com","creation_time":"2024-09-21T01:28:48.442+00:00","last_mod_time":"2024-09-21T01:28:48.904+00:00"},{"userAddress":{"addressId":1782,"plotNumber":"4330-aa","street":"woodward way","state":"GA","country":"USA","zipCode":30000041},"user_id":1815,"user_first_name":"Divya","user_last_name":"Narasimhan","user_contact_number":6822292716,"user_email_id":"divpradhome22@gmail.com","creation_time":"2024-09-21T02:16:56.598+00:00","last_mod_time":"2024-09-21T02:16:56.598+00:00"},{"userAddress":{"addressId":1783,"plotNumber":"vl-9","street":null,"state":"northyork","country":null,"zipCode":56456},"user_id":1816,"user_first_name":"surbi","user_last_name":"sasha","user_contact_number":1284143031,"user_email_id":"red4988@gmail.com","creation_time":"2024-09-21T02:19:10.070+00:00","last_mod_time":"2024-09-21T02:19:10.070+00:00"},{"userAddress":{"addressId":1784,"plotNumber":"4330-aa","street":"woodward way","state":"GA","country":"USA","zipCode":31},"user_id":1817,"user_first_name":"Divya","user_last_name":"Narasimhan","user_contact_number":6832292716,"user_email_id":"divpradhome222@gmail.com","creation_time":"2024-09-21T02:19:32.972+00:00","last_mod_time":"2024-09-21T02:19:32.972+00:00"},{"userAddress":{"addressId":1785,"plotNumber":"vl-4","street":null,"state":"northyork","country":null,"zipCode":56456},"user_id":1818,"user_first_name":"barbi","user_last_name":"akasha","user_contact_number":8345144031,"user_email_id":"redyr2688@gmail.com","creation_time":"2024-09-21T02:20:53.316+00:00","last_mod_time":"2024-09-21T02:20:53.316+00:00"},{"userAddress":{"addressId":1786,"plotNumber":"vl-9","street":null,"state":"northyork","country":null,"zipCode":56456},"user_id":1819,"user_first_name":"surbi","user_last_name":"sasha","user_contact_number":1254143031,"user_email_id":"red4588@gmail.com","creation_time":"2024-09-21T02:20:53.638+00:00","last_mod_time":"2024-09-21T02:20:53.638+00:00"},{"userAddress":{"addressId":1788,"plotNumber":"vl-9","street":null,"state":"northyork","country":null,"zipCode":56456},"user_id":1821,"user_first_name":"surbi","user_last_name":"sasha","user_contact_number":1251143031,"user_email_id":"red458@gmail.com","creation_time":"2024-09-21T02:23:27.343+00:00","last_mod_time":"2024-09-21T02:23:27.343+00:00"},{"userAddress":{"addressId":721,"plotNumber":"897-A","street":"creek","state":"illnois","country":"usa","zipCode":98765},"user_id":754,"user_first_name":"sai","user_last_name":"rampol","user_contact_number":2309874351,"user_email_id":"pler87@gmail.com","creation_time":"2024-09-19T15:33:41.613+00:00","last_mod_time":"2024-09-19T15:33:41.613+00:00"},{"userAddress":{"addressId":680,"plotNumber":"St-20","street":"new street","state":"FL","country":"USA","zipCode":432123},"user_id":713,"user_first_name":"Evanew","user_last_name":"Thomasnew","user_contact_number":3241231230,"user_email_id":"Team4Thomasneweva@gmail.com","creation_time":"2024-09-19T12:33:30.142+00:00","last_mod_time":"2024-09-19T15:38:26.150+00:00"},{"userAddress":{"addressId":2519,"plotNumber":"lk-4","street":null,"state":"halifax","country":null,"zipCode":3456},"user_id":2552,"user_first_name":"dd","user_last_name":"trisha","user_contact_number":7371374777,"user_email_id":"rufi2t3@gmail.com","creation_time":"2024-09-22T15:27:23.471+00:00","last_mod_time":"2024-09-22T15:27:23.471+00:00"},{"userAddress":{"addressId":992,"plotNumber":null,"street":"num street","state":"abc state","country":null,"zipCode":3456},"user_id":1025,"user_first_name":"Numpy","user_last_name":"Nin","user_contact_number":1346567845,"user_email_id":"njnfs@gmail.com","creation_time":"2024-09-19T22:58:16.486+00:00","last_mod_time":"2024-09-19T22:58:16.486+00:00"},{"userAddress":{"addressId":8347,"plotNumber":"P1-11","street":"Main","state":"LA","country":"USA","zipCode":20875},"user_id":8379,"user_first_name":"yRam","user_last_name":"Appa","user_contact_number":8188132103,"user_email_id":"Team03yRamappa@gmail.com","creation_time":"2024-10-12T22:08:15.545+00:00","last_mod_time":"2024-10-12T22:08:15.545+00:00"},{"userAddress":{"addressId":848,"plotNumber":"p1-129","street":"Main","state":"NY","country":"USA","zipCode":90901},"user_id":881,"user_first_name":"Jnnmjk","user_last_name":"Desmmmth","user_contact_number":1800578899,"user_email_id":"johnklky.smth@example.com","creation_time":"2024-09-19T18:41:36.947+00:00","last_mod_time":"2024-09-19T18:41:36.947+00:00"},{"userAddress":{"addressId":849,"plotNumber":"p1-899","street":"Main","state":"NY","country":"USA","zipCode":10901},"user_id":882,"user_first_name":"nemlit","user_last_name":"Sklhd","user_contact_number":7838907899,"user_email_id":"jon.Sibhjthoe@example.com","creation_time":"2024-09-19T18:41:37.082+00:00","last_mod_time":"2024-09-19T18:41:37.082+00:00"},{"userAddress":{"addressId":850,"plotNumber":"p1-109","street":"Main","state":"NY","country":"USA","zipCode":10971},"user_id":883,"user_first_name":"Sthnnnny","user_last_name":"JoynjkDo","user_contact_number":1674907897,"user_email_id":"hnnny.JnDvhje@example.com","creation_time":"2024-09-19T18:41:37.262+00:00","last_mod_time":"2024-09-19T18:41:37.262+00:00"},{"userAddress":{"addressId":851,"plotNumber":"p1-129","street":"Main","state":"NY","country":"USA","zipCode":90901},"user_id":884,"user_first_name":"Jnnsdmjk","user_last_name":"Dedrfsmmmth","user_contact_number":1823578899,"user_email_id":"johnkfghlky.smth@example.com","creation_time":"2024-09-19T18:44:26.793+00:00","last_mod_time":"2024-09-19T18:44:26.793+00:00"},{"userAddress":{"addressId":852,"plotNumber":"p1-899","street":"Main","state":"NY","country":"USA","zipCode":10901},"user_id":885,"user_first_name":"nemdsflit","user_last_name":"Skxdchflhd","user_contact_number":5638907899,"user_email_id":"jon.Sibhxfgjthoe@example.com","creation_time":"2024-09-19T18:44:26.947+00:00","last_mod_time":"2024-09-19T18:44:26.947+00:00"},{"userAddress":{"addressId":853,"plotNumber":"p1-109","street":"Main","state":"NY","country":"USA","zipCode":10971},"user_id":886,"user_first_name":"Sthnnxdfgnny","user_last_name":"JoynvghjjkDo","user_contact_number":1484907897,"user_email_id":"hnchnny.JnDvhje@example.com","creation_time":"2024-09-19T18:44:27.119+00:00","last_mod_time":"2024-09-19T18:44:27.119+00:00"},{"userAddress":{"addressId":3087,"plotNumber":"A-30","street":"DISNEY STREET","state":"FL","country":"USA","zipCode":null},"user_id":3120,"user_first_name":"ANUS","user_last_name":"POPE","user_contact_number":1334568982,"user_email_id":"sumona12HF@gmail.com","creation_time":"2024-09-23T02:03:54.758+00:00","last_mod_time":"2024-09-23T02:03:54.758+00:00"},{"userAddress":{"addressId":4228,"plotNumber":"J-26","street":"Jhonson Ferry","state":"GA","country":"USA","zipCode":3077014007},"user_id":4261,"user_first_name":"Kith","user_last_name":"Vmsh","user_contact_number":1114344578,"user_email_id":"H7H@gmail.com","creation_time":"2024-09-23T18:51:05.991+00:00","last_mod_time":"2024-09-23T18:51:05.991+00:00"},{"userAddress":{"addressId":3566,"plotNumber":"pl-hjki","street":"Wolf","state":"Washington","country":"USA","zipCode":22862},"user_id":3599,"user_first_name":"Qary","user_last_name":"Stark","user_contact_number":9973344897,"user_email_id":"Ganygot34@got.com","creation_time":"2024-09-23T13:54:26.861+00:00","last_mod_time":"2024-09-23T13:54:26.861+00:00"},{"userAddress":{"addressId":1971,"plotNumber":"j-4","street":null,"state":"halifax","country":null,"zipCode":3456},"user_id":2004,"user_first_name":"retre","user_last_name":"moha","user_contact_number":9792333377,"user_email_id":"uyji6u@gmail.com","creation_time":"2024-09-21T16:14:08.201+00:00","last_mod_time":"2024-09-21T16:14:08.201+00:00"},{"userAddress":{"addressId":1304,"plotNumber":"P1-100","street":"Main","state":"NY","country":"USA","zipCode":10001},"user_id":1337,"user_first_name":"Jamvdne","user_last_name":"Dkmoe","user_contact_number":1234589190,"user_email_id":"janjacsae.doe@example.com","creation_time":"2024-09-20T17:03:10.165+00:00","last_mod_time":"2024-09-20T17:03:10.165+00:00"},{"userAddress":{"addressId":4352,"plotNumber":"p1-098","street":null,"state":"uibhjkl","country":null,"zipCode":90865},"user_id":4385,"user_first_name":"bngetnmgh","user_last_name":"vhjjvbhj","user_contact_number":2147483646,"user_email_id":"cvfa.nme@example.com","creation_time":"2024-09-25T01:58:04.010+00:00","last_mod_time":"2024-09-25T01:58:04.010+00:00"},{"userAddress":{"addressId":3701,"plotNumber":"S-320","street":"ryson","state":"NY","country":"USA","zipCode":7857},"user_id":3734,"user_first_name":"En","user_last_name":"Ma","user_contact_number":2805006760,"user_email_id":"hpnps692@gmail.com","creation_time":"2024-09-23T15:29:37.086+00:00","last_mod_time":"2024-09-23T15:29:37.086+00:00"},{"userAddress":{"addressId":4230,"plotNumber":"J-26","street":"Jhonson Ferry","state":"GA","country":"USA","zipCode":30007},"user_id":4263,"user_first_name":"Ki","user_last_name":"Va","user_contact_number":7999344578,"user_email_id":"111yh@gmail.com","creation_time":"2024-09-23T18:52:57.795+00:00","last_mod_time":"2024-09-23T18:52:57.795+00:00"},{"userAddress":{"addressId":1260,"plotNumber":"L-1","street":"Blackwood Dr","state":"Indianapolis","country":"USA","zipCode":null},"user_id":1293,"user_first_name":"lie","user_last_name":"nkiit","user_contact_number":5430654609,"user_email_id":"nlie@gmail.com","creation_time":"2024-09-20T15:17:17.924+00:00","last_mod_time":"2024-09-20T15:17:17.924+00:00"},{"userAddress":{"addressId":865,"plotNumber":"p1-129","street":"Main","state":"NY","country":"USA","zipCode":90901},"user_id":898,"user_first_name":"Jnhjhjnsdmjk","user_last_name":"Dedrhjhjkfsmmmth","user_contact_number":1826567899,"user_email_id":"johnkfghnkhjklky.smth@example.com","creation_time":"2024-09-19T18:58:44.765+00:00","last_mod_time":"2024-09-19T18:58:44.765+00:00"},{"userAddress":{"addressId":866,"plotNumber":"p1-129","street":"Main","state":"NY","country":"USA","zipCode":90901},"user_id":899,"user_first_name":"Jnhjhjhjnsdmjk","user_last_name":"Dedrhjhjhjkfsmmmth","user_contact_number":1889567899,"user_email_id":"johnkfghnkhjklky.smthfgh@example.com","creation_time":"2024-09-19T19:00:48.971+00:00","last_mod_time":"2024-09-19T19:00:48.971+00:00"},{"userAddress":{"addressId":1983,"plotNumber":"j-4","street":null,"state":"halifax","country":null,"zipCode":3456},"user_id":2016,"user_first_name":"retre","user_last_name":"moha","user_contact_number":9799333377,"user_email_id":"uyji690u@gmail.com","creation_time":"2024-09-21T16:59:27.698+00:00","last_mod_time":"2024-09-21T16:59:27.698+00:00"},{"userAddress":{"addressId":4231,"plotNumber":"J-26","street":"Jhonson Ferry","state":"GA","country":"USA","zipCode":300007},"user_id":4264,"user_first_name":"Kri","user_last_name":"Vashi","user_contact_number":7002344578,"user_email_id":"aaa@gmail.com","creation_time":"2024-09-23T18:55:23.235+00:00","last_mod_time":"2024-09-23T18:55:23.235+00:00"},{"userAddress":{"addressId":4353,"plotNumber":"p1-098","street":null,"state":"uibhjkl","country":null,"zipCode":90865},"user_id":4386,"user_first_name":"bngetnmgh","user_last_name":"vhjjvbhj","user_contact_number":2147483547,"user_email_id":"cvfcgha.nme@example.com","creation_time":"2024-09-25T02:07:07.568+00:00","last_mod_time":"2024-09-25T02:07:07.568+00:00"},{"userAddress":{"addressId":860,"plotNumber":"sss-111","street":"Austin","state":"CO","country":"USA","zipCode":123111},"user_id":893,"user_first_name":"Deblina","user_last_name":"Ch","user_contact_number":9830306687,"user_email_id":"Team1Debalina4@gmail.com","creation_time":"2024-09-19T18:50:09.138+00:00","last_mod_time":"2024-09-19T19:08:02.739+00:00"},{"userAddress":{"addressId":870,"plotNumber":"p1-129","street":"Main","state":"NY","country":"USA","zipCode":90901},"user_id":903,"user_first_name":"Jnhjhjsdmjk","user_last_name":"Dedrhjhjkfsmmmth","user_contact_number":1889543899,"user_email_id":"johnkfghhjklky.smthfgh@example.com","creation_time":"2024-09-19T19:13:38.512+00:00","last_mod_time":"2024-09-19T19:13:38.512+00:00"},{"userAddress":{"addressId":4232,"plotNumber":"AB-61","street":"Atlantis","state":"VA","country":"USA","zipCode":13145},"user_id":4265,"user_first_name":"AMRITA","user_last_name":"ANAND","user_contact_number":4567872245,"user_email_id":"pqrs@gmail.com","creation_time":"2024-09-23T18:56:09.073+00:00","last_mod_time":"2024-09-23T18:56:09.073+00:00"},{"userAddress":{"addressId":1274,"plotNumber":"pp-01","street":"Broadway new ln","state":"Texas","country":"USA","zipCode":7005063},"user_id":1307,"user_first_name":"zara","user_last_name":"saya","user_contact_number":9003080000,"user_email_id":"asaya@gmail.com","creation_time":"2024-09-20T15:59:04.569+00:00","last_mod_time":"2024-09-20T15:59:04.569+00:00"},{"userAddress":{"addressId":873,"plotNumber":"p1-129","street":"Main","state":"NY","country":"USA","zipCode":90901},"user_id":906,"user_first_name":"Jnhjhjsdjk","user_last_name":"Dedrhjhjfsmmmth","user_contact_number":1880543899,"user_email_id":"johnkfghjklky.smthfgh@example.com","creation_time":"2024-09-19T19:18:05.903+00:00","last_mod_time":"2024-09-19T19:18:05.903+00:00"},{"userAddress":{"addressId":5020,"plotNumber":"A-202","street":"golden ln","state":"MA","country":"USA","zipCode":28456},"user_id":5053,"user_first_name":"Test","user_last_name":"Tester","user_contact_number":9876512009,"user_email_id":"te_009@gmail.com","creation_time":"2024-09-26T19:37:14.412+00:00","last_mod_time":"2024-09-26T19:37:14.412+00:00"},{"userAddress":{"addressId":1276,"plotNumber":"pp-01","street":"Broadway new ln","state":"Texas","country":"USA","zipCode":7005063},"user_id":1309,"user_first_name":"yara","user_last_name":"saya","user_contact_number":9333080000,"user_email_id":"zsaya@gmail.com","creation_time":"2024-09-20T16:01:42.549+00:00","last_mod_time":"2024-09-20T16:01:42.549+00:00"},{"userAddress":{"addressId":4233,"plotNumber":"7-o","street":"Abgh","state":"TX","country":"US","zipCode":75063},"user_id":4266,"user_first_name":"Gowrisnoc","user_last_name":"Mohansnoc","user_contact_number":5447384570,"user_email_id":"gmsc1@gmail.com","creation_time":"2024-09-23T18:57:19.212+00:00","last_mod_time":"2024-09-23T18:57:19.212+00:00"},{"userAddress":{"addressId":4424,"plotNumber":"p1-098","street":"cxvbmnb ","state":"uibhjkl","country":"USA","zipCode":90865},"user_id":4457,"user_first_name":"bnh","user_last_name":"vhjjvba","user_contact_number":1871642540,"user_email_id":"cvfa.nme-1727283615178@example.com","creation_time":"2024-09-25T17:00:15.721+00:00","last_mod_time":"2024-09-25T17:00:15.721+00:00"},{"userAddress":{"addressId":4448,"plotNumber":"p1-103","street":"cxvbmnb ","state":"uibhjkl","country":"USA","zipCode":90865},"user_id":4481,"user_first_name":"bklertkl","user_last_name":"vdxftgdrop","user_contact_number":1820831631,"user_email_id":"cvfa.nme-1727291162106@example.com","creation_time":"2024-09-25T19:06:02.670+00:00","last_mod_time":"2024-09-25T19:06:02.670+00:00"},{"userAddress":{"addressId":880,"plotNumber":"p1-129","street":"Main","state":"NY","country":"USA","zipCode":90901},"user_id":913,"user_first_name":"Jnhjhhjsdjk","user_last_name":"Dedrhjhhjkjfsmmmth","user_contact_number":1887843899,"user_email_id":"johnkfghlky.smthfgh@example.com","creation_time":"2024-09-19T19:25:50.313+00:00","last_mod_time":"2024-09-19T19:25:50.313+00:00"},{"userAddress":{"addressId":884,"plotNumber":"pl-373","street":"Cypress","state":"GA","country":"USA","zipCode":30225},"user_id":917,"user_first_name":"Rushi","user_last_name":"Pk","user_contact_number":1234567800,"user_email_id":"Rp@gmail.com","creation_time":"2024-09-19T19:33:01.622+00:00","last_mod_time":"2024-09-19T19:33:01.622+00:00"},{"userAddress":{"addressId":8144,"plotNumber":"P1-10","street":"Altenwerth Walks","state":"TX","country":"USA","zipCode":12356},"user_id":8176,"user_first_name":"Henderson","user_last_name":"Klocko","user_contact_number":3607896152,"user_email_id":"Elaina12@yahoo.com","creation_time":"2024-10-12T16:18:06.612+00:00","last_mod_time":"2024-10-12T16:18:06.612+00:00"},{"userAddress":{"addressId":7748,"plotNumber":"pl-3","street":"shadow sR","state":"GA","country":"INDIA","zipCode":66466},"user_id":7780,"user_first_name":"Pete","user_last_name":"Rempel","user_contact_number":5656565850,"user_email_id":"Team05PSM@gmail.com","creation_time":"2024-10-11T02:09:32.272+00:00","last_mod_time":"2024-10-11T02:09:32.272+00:00"},{"userAddress":{"addressId":887,"plotNumber":"p1-129","street":"Main","state":"NY","country":"USA","zipCode":90901},"user_id":920,"user_first_name":"firstname","user_last_name":"lastname","user_contact_number":1887849899,"user_email_id":"firstHname.last0name@example.com","creation_time":"2024-09-19T19:35:47.335+00:00","last_mod_time":"2024-09-19T19:35:47.335+00:00"},{"userAddress":{"addressId":888,"plotNumber":"AB-61","street":"Atlantis","state":"VA","country":"USA","zipCode":13145},"user_id":921,"user_first_name":"AMRITA","user_last_name":"ANAND","user_contact_number":4567893245,"user_email_id":"abcde@gmail.com","creation_time":"2024-09-19T19:35:51.449+00:00","last_mod_time":"2024-09-19T19:35:51.449+00:00"},{"userAddress":{"addressId":889,"plotNumber":"pl-373","street":"Cypress","state":"GA","country":"USA","zipCode":30225},"user_id":922,"user_first_name":"Rushi","user_last_name":"Pk","user_contact_number":1234560800,"user_email_id":"Rpk@gmail.com","creation_time":"2024-09-19T19:39:12.346+00:00","last_mod_time":"2024-09-19T19:39:12.346+00:00"},{"userAddress":{"addressId":1888,"plotNumber":"p1-02","street":"Richmond","state":"Assam","country":"India","zipCode":78804},"user_id":1921,"user_first_name":"Rim","user_last_name":"Roy","user_contact_number":6666666686,"user_email_id":"rim.roy8@gmail.com","creation_time":"2024-09-21T06:39:47.048+00:00","last_mod_time":"2024-09-21T06:39:47.048+00:00"},{"userAddress":{"addressId":7754,"plotNumber":"Bt-11","street":"First St","state":"Texas","country":"USA","zipCode":54657},"user_id":7786,"user_first_name":"Newfirstname","user_last_name":"lastTrial","user_contact_number":9737770199,"user_email_id":"tommyand42i2bbg6h@gmail.com","creation_time":"2024-10-11T03:09:48.782+00:00","last_mod_time":"2024-10-11T03:09:48.782+00:00"},{"userAddress":{"addressId":8145,"plotNumber":"P1-10","street":"Felton Points","state":"TX","country":"USA","zipCode":12356},"user_id":8177,"user_first_name":"Kevon","user_last_name":"Gleason","user_contact_number":3607896185,"user_email_id":"Kaitlyn41@hotmail.com","creation_time":"2024-10-12T16:18:53.270+00:00","last_mod_time":"2024-10-12T16:18:53.270+00:00"},{"userAddress":{"addressId":893,"plotNumber":"p1-129","street":"Main","state":"NY","country":"USA","zipCode":90901},"user_id":926,"user_first_name":"firstnme","user_last_name":"lasname","user_contact_number":1887049899,"user_email_id":"firstHame.last0name@example.com","creation_time":"2024-09-19T19:42:51.187+00:00","last_mod_time":"2024-09-19T19:42:51.187+00:00"},{"userAddress":{"addressId":8146,"plotNumber":"P1-10","street":"Johns Oval","state":"TX","country":"USA","zipCode":12356},"user_id":8178,"user_first_name":"Onie","user_last_name":"Willms","user_contact_number":3607896177,"user_email_id":"Dorian33@hotmail.com","creation_time":"2024-10-12T16:18:57.283+00:00","last_mod_time":"2024-10-12T16:18:57.283+00:00"},{"userAddress":{"addressId":8147,"plotNumber":"P1-10","street":"Samantha Squares","state":"TX","country":"USA","zipCode":12356},"user_id":8179,"user_first_name":"Orville","user_last_name":"Purdy","user_contact_number":3607896117,"user_email_id":"Vicente99@yahoo.com","creation_time":"2024-10-12T16:19:00.887+00:00","last_mod_time":"2024-10-12T16:19:00.887+00:00"},{"userAddress":{"addressId":908,"plotNumber":"23-B","street":"Fourth St","state":"OH","country":"USA","zipCode":41050},"user_id":941,"user_first_name":"rich","user_last_name":"Loomis","user_contact_number":5131129866,"user_email_id":"rich123@gmail.com","creation_time":"2024-09-19T19:56:59.091+00:00","last_mod_time":"2024-09-19T19:56:59.091+00:00"},{"userAddress":{"addressId":909,"plotNumber":"pl-373","street":"Cypress","state":"GA","country":"USA","zipCode":30225},"user_id":942,"user_first_name":"Rushi","user_last_name":"Pk","user_contact_number":1234060800,"user_email_id":"Rupk@gmail.com","creation_time":"2024-09-19T19:59:48.328+00:00","last_mod_time":"2024-09-19T19:59:48.328+00:00"},{"userAddress":{"addressId":910,"plotNumber":"223-B","street":"Fourth St","state":"OH","country":"USA","zipCode":41050},"user_id":943,"user_first_name":"reema","user_last_name":"sen","user_contact_number":5131129867,"user_email_id":"rema123@gmail.com","creation_time":"2024-09-19T20:00:13.588+00:00","last_mod_time":"2024-09-19T20:00:13.588+00:00"},{"userAddress":{"addressId":911,"plotNumber":"pl-373","street":"Cypress","state":"GA","country":"USA","zipCode":30225},"user_id":944,"user_first_name":"Rushi","user_last_name":"Pk","user_contact_number":1239060800,"user_email_id":"Rus.pk@gmail.com","creation_time":"2024-09-19T20:05:41.698+00:00","last_mod_time":"2024-09-19T20:05:41.698+00:00"},{"userAddress":{"addressId":912,"plotNumber":"pl-373","street":"Cypress","state":"GA","country":"USA","zipCode":30225},"user_id":945,"user_first_name":"Rushi","user_last_name":"Pk","user_contact_number":1239000800,"user_email_id":"Ruspk@gmail.com","creation_time":"2024-09-19T20:06:11.411+00:00","last_mod_time":"2024-09-19T20:06:11.411+00:00"},{"userAddress":{"addressId":913,"plotNumber":"A-242","street":"ln dr","state":"CA","country":"USA","zipCode":98568},"user_id":946,"user_first_name":"Nehaabc","user_last_name":"xyz","user_contact_number":5418598763,"user_email_id":"xyz@gmail.com","creation_time":"2024-09-19T20:09:40.202+00:00","last_mod_time":"2024-09-19T20:09:40.202+00:00"},{"userAddress":{"addressId":915,"plotNumber":"A-282","street":"BA dr","state":"MA","country":"USA","zipCode":69568},"user_id":948,"user_first_name":"Neha","user_last_name":"wxyz","user_contact_number":7418598763,"user_email_id":"sxyz@gmail.com","creation_time":"2024-09-19T20:12:30.108+00:00","last_mod_time":"2024-09-19T20:12:30.108+00:00"},{"userAddress":{"addressId":916,"plotNumber":"B-21","street":"Maple Dr","state":"California","country":"USA","zipCode":32012},"user_id":949,"user_first_name":"Katie","user_last_name":"Jim","user_contact_number":5674561209,"user_email_id":"katie@gmail.com","creation_time":"2024-09-19T20:22:34.390+00:00","last_mod_time":"2024-09-19T20:22:34.390+00:00"},{"userAddress":{"addressId":918,"plotNumber":"p1-09","street":"aldyn","state":"GA","country":"USA","zipCode":30189},"user_id":951,"user_first_name":"Nathan","user_last_name":"kama","user_contact_number":4567321890,"user_email_id":"nathan.kama@example.com","creation_time":"2024-09-19T20:25:51.853+00:00","last_mod_time":"2024-09-19T20:25:51.853+00:00"},{"userAddress":{"addressId":926,"plotNumber":"pl-70","street":"Grand St","state":"IN","country":"USA","zipCode":6757},"user_id":959,"user_first_name":"Jone","user_last_name":"Smith","user_contact_number":7897673455,"user_email_id":"Jone@abc.com","creation_time":"2024-09-19T20:45:39.504+00:00","last_mod_time":"2024-09-19T20:45:39.504+00:00"},{"userAddress":{"addressId":929,"plotNumber":"223-a","street":"Fourth St","state":"OH","country":"USA","zipCode":410501111},"user_id":962,"user_first_name":"Rrani","user_last_name":"sen","user_contact_number":5131129853,"user_email_id":"rani1@gmail.com","creation_time":"2024-09-19T21:00:50.160+00:00","last_mod_time":"2024-09-19T21:00:50.160+00:00"},{"userAddress":{"addressId":930,"plotNumber":"223-a","street":"Fourth St","state":"OH","country":"USA","zipCode":62327111},"user_id":963,"user_first_name":"Rrani","user_last_name":"sen","user_contact_number":5131129653,"user_email_id":"rani11@gmail.com","creation_time":"2024-09-19T21:01:53.184+00:00","last_mod_time":"2024-09-19T21:01:53.184+00:00"},{"userAddress":{"addressId":931,"plotNumber":"223-a","street":"Fourth St","state":"OH","country":"USA","zipCode":6232},"user_id":964,"user_first_name":"Rrani","user_last_name":"sen","user_contact_number":5131122653,"user_email_id":"rani21@gmail.com","creation_time":"2024-09-19T21:04:10.283+00:00","last_mod_time":"2024-09-19T21:04:10.283+00:00"},{"userAddress":{"addressId":932,"plotNumber":"223-a","street":"Fourth St","state":"OH","country":"USA","zipCode":6232},"user_id":965,"user_first_name":"Rrani","user_last_name":"sen","user_contact_number":5131112334,"user_email_id":"rani211@gmail.com","creation_time":"2024-09-19T21:06:04.688+00:00","last_mod_time":"2024-09-19T21:06:04.688+00:00"},{"userAddress":{"addressId":945,"plotNumber":"A-2345","street":"drlane","state":"CA","country":"USA","zipCode":null},"user_id":978,"user_first_name":"Supriya","user_last_name":"More","user_contact_number":4345678945,"user_email_id":"marewar45@gmail.com","creation_time":"2024-09-19T21:30:10.230+00:00","last_mod_time":"2024-09-19T21:30:10.230+00:00"},{"userAddress":{"addressId":933,"plotNumber":"C-109","street":"Doctor street","state":"Rajasthan","country":"India","zipCode":302021},"user_id":966,"user_first_name":"Neha","user_last_name":"Sukhani","user_contact_number":7778881220,"user_email_id":"nehasukhani@gmail.com","creation_time":"2024-09-19T21:08:23.030+00:00","last_mod_time":"2024-09-19T21:08:23.030+00:00"},{"userAddress":{"addressId":934,"plotNumber":"223-a","street":"Fourth St","state":"OH","country":"USA","zipCode":null},"user_id":967,"user_first_name":"Rrani","user_last_name":"sen","user_contact_number":5131112324,"user_email_id":"rani2111@gmail.com","creation_time":"2024-09-19T21:09:36.618+00:00","last_mod_time":"2024-09-19T21:09:36.618+00:00"},{"userAddress":{"addressId":936,"plotNumber":"223-a","street":"Fourth St","state":"OH","country":"USA","zipCode":null},"user_id":969,"user_first_name":"Rrani","user_last_name":"sen","user_contact_number":5131122324,"user_email_id":"rani2112@gmail.com","creation_time":"2024-09-19T21:11:07.729+00:00","last_mod_time":"2024-09-19T21:11:07.729+00:00"},{"userAddress":{"addressId":938,"plotNumber":"pl-373","street":"Cypress","state":"GA","country":"USA","zipCode":30225},"user_id":971,"user_first_name":"Rushi","user_last_name":"Pk","user_contact_number":1239370800,"user_email_id":"Rushipk@gmail.com","creation_time":"2024-09-19T21:13:56.908+00:00","last_mod_time":"2024-09-19T21:13:56.908+00:00"},{"userAddress":{"addressId":939,"plotNumber":"pl-373","street":"Cypress","state":"GA","country":"USA","zipCode":30225},"user_id":972,"user_first_name":"Rushi","user_last_name":"Pk","user_contact_number":1239373800,"user_email_id":"Rushik@gmail.com","creation_time":"2024-09-19T21:15:13.517+00:00","last_mod_time":"2024-09-19T21:15:13.517+00:00"},{"userAddress":{"addressId":940,"plotNumber":"223-a","street":"Fourth St","state":"OH","country":"USA","zipCode":41011},"user_id":973,"user_first_name":"Rkrani","user_last_name":"sekumarn","user_contact_number":8591113456,"user_email_id":"pkran42213@gmail.com","creation_time":"2024-09-19T21:16:34.097+00:00","last_mod_time":"2024-09-19T21:16:34.097+00:00"},{"userAddress":{"addressId":941,"plotNumber":"pl-373","street":"Cypress","state":"GA","country":"USA","zipCode":30225},"user_id":974,"user_first_name":"Rushi","user_last_name":"Pk","user_contact_number":1239372800,"user_email_id":"Ruship@gmail.com","creation_time":"2024-09-19T21:16:40.267+00:00","last_mod_time":"2024-09-19T21:16:40.267+00:00"},{"userAddress":{"addressId":942,"plotNumber":null,"street":null,"state":null,"country":null,"zipCode":null},"user_id":975,"user_first_name":"Lata","user_last_name":"Ch","user_contact_number":1214563412,"user_email_id":"Team1Lata8@gmail.com","creation_time":"2024-09-19T21:23:44.741+00:00","last_mod_time":"2024-09-19T21:23:44.741+00:00"},{"userAddress":{"addressId":944,"plotNumber":"P-1235","street":null,"state":"CA","country":null,"zipCode":12356},"user_id":977,"user_first_name":"priya","user_last_name":"marewar","user_contact_number":4338515254,"user_email_id":"marewar59@gmail.com","creation_time":"2024-09-19T21:28:28.848+00:00","last_mod_time":"2024-09-19T21:28:28.848+00:00"},{"userAddress":{"addressId":946,"plotNumber":"B-4534","street":"drlanew","state":"CA","country":"USA","zipCode":null},"user_id":979,"user_first_name":"Sneha","user_last_name":"Gore","user_contact_number":3453456677,"user_email_id":"marewar54@gmail.com","creation_time":"2024-09-19T21:30:10.426+00:00","last_mod_time":"2024-09-19T21:30:10.426+00:00"},{"userAddress":{"addressId":947,"plotNumber":"pl-373","street":"Cypress","state":"GA","country":"USA","zipCode":30225},"user_id":980,"user_first_name":"Rushmi","user_last_name":"Pk","user_contact_number":1229372800,"user_email_id":"Rushmp@gmail.com","creation_time":"2024-09-19T21:31:19.012+00:00","last_mod_time":"2024-09-19T21:31:19.012+00:00"},{"userAddress":{"addressId":949,"plotNumber":"sss-111","street":"Austin","state":"TX","country":"USA","zipCode":null},"user_id":982,"user_first_name":"Debalina","user_last_name":"Ch","user_contact_number":9830222687,"user_email_id":"Team1Debalina9@gmail.com","creation_time":"2024-09-19T21:41:36.450+00:00","last_mod_time":"2024-09-19T21:41:36.450+00:00"},{"userAddress":{"addressId":953,"plotNumber":"H-1201","street":"MOGRA","state":"IL","country":"USA","zipCode":55477},"user_id":986,"user_first_name":"MyTeams","user_last_name":"Success","user_contact_number":9900224777,"user_email_id":"teams6@nn.com","creation_time":"2024-09-19T21:47:54.616+00:00","last_mod_time":"2024-09-19T21:47:54.616+00:00"},{"userAddress":{"addressId":954,"plotNumber":"H-1201","street":"MOGRA","state":"IL","country":"USA","zipCode":55477},"user_id":987,"user_first_name":"MyTeams","user_last_name":"Success","user_contact_number":9900222777,"user_email_id":"teams06@nn.com","creation_time":"2024-09-19T21:48:48.352+00:00","last_mod_time":"2024-09-19T21:48:48.352+00:00"},{"userAddress":{"addressId":955,"plotNumber":"H-1201","street":"MOGRAN","state":"IL","country":"USA","zipCode":55477},"user_id":988,"user_first_name":"MyTeams","user_last_name":"Success","user_contact_number":9900222707,"user_email_id":"ninja06@nn.com","creation_time":"2024-09-19T21:50:04.313+00:00","last_mod_time":"2024-09-19T21:50:04.313+00:00"},{"userAddress":{"addressId":956,"plotNumber":"223-a","street":"Fourth St","state":"OH","country":"USA","zipCode":41011},"user_id":989,"user_first_name":"rajamohan","user_last_name":"madhupriyan","user_contact_number":8594313456,"user_email_id":"raja-mahan@gmail.com","creation_time":"2024-09-19T21:55:36.015+00:00","last_mod_time":"2024-09-19T21:55:36.015+00:00"},{"userAddress":{"addressId":957,"plotNumber":"223-a","street":"Fourth St","state":"OH","country":"USA","zipCode":41011},"user_id":990,"user_first_name":"rajamohan","user_last_name":"madhupriyan","user_contact_number":8595313456,"user_email_id":"raja.mahan@gmail.com","creation_time":"2024-09-19T21:57:10.460+00:00","last_mod_time":"2024-09-19T21:57:10.460+00:00"},{"userAddress":{"addressId":958,"plotNumber":"223-a","street":"Fourth St","state":"OH","country":"USA","zipCode":41011},"user_id":991,"user_first_name":"ramamohan","user_last_name":"priyan","user_contact_number":8596313456,"user_email_id":"rama33mahan@gmail.com","creation_time":"2024-09-19T21:58:43.575+00:00","last_mod_time":"2024-09-19T21:58:43.575+00:00"},{"userAddress":{"addressId":959,"plotNumber":"223-a","street":"Fourth St","state":"OH","country":"USA","zipCode":41011},"user_id":992,"user_first_name":"ramamohanan","user_last_name":"priyankumar","user_contact_number":8597313456,"user_email_id":"mohan33mahan@123gmail.com","creation_time":"2024-09-19T21:59:35.483+00:00","last_mod_time":"2024-09-19T21:59:35.483+00:00"},{"userAddress":{"addressId":993,"plotNumber":"pl-555","street":"aqua","state":null,"country":"india","zipCode":629803},"user_id":1026,"user_first_name":"asab","user_last_name":"akasha","user_contact_number":1234944661,"user_email_id":"wagyia5@gmail.com","creation_time":"2024-09-19T22:58:56.742+00:00","last_mod_time":"2024-09-19T22:58:56.742+00:00"},{"userAddress":{"addressId":994,"plotNumber":"pl-555","street":"aqua","state":null,"country":"india","zipCode":629803},"user_id":1027,"user_first_name":"asab","user_last_name":"akasha","user_contact_number":1238944661,"user_email_id":"wagyoa5@gmail.com","creation_time":"2024-09-19T22:59:55.708+00:00","last_mod_time":"2024-09-19T22:59:55.708+00:00"},{"userAddress":{"addressId":962,"plotNumber":null,"street":null,"state":null,"country":null,"zipCode":null},"user_id":995,"user_first_name":"NameFirst","user_last_name":"NameL","user_contact_number":2233477566,"user_email_id":"name2@gmail.com","creation_time":"2024-09-19T22:08:39.069+00:00","last_mod_time":"2024-09-19T22:08:39.069+00:00"},{"userAddress":{"addressId":995,"plotNumber":"pl-555","street":"aqua","state":null,"country":"india","zipCode":629803},"user_id":1028,"user_first_name":"asab","user_last_name":"akasha","user_contact_number":1248944661,"user_email_id":"wagyeoa5@gmail.com","creation_time":"2024-09-19T23:01:01.685+00:00","last_mod_time":"2024-09-19T23:01:01.685+00:00"},{"userAddress":{"addressId":996,"plotNumber":"pl-555","street":"aqua","state":null,"country":"india","zipCode":629803},"user_id":1029,"user_first_name":"asab","user_last_name":"akasha","user_contact_number":1248944761,"user_email_id":"Tyrique2@gmail.com","creation_time":"2024-09-19T23:02:54.481+00:00","last_mod_time":"2024-09-19T23:02:54.481+00:00"},{"userAddress":{"addressId":2129,"plotNumber":"KB-425","street":"CT","state":"WA","country":"USA","zipCode":9805255555555},"user_id":2162,"user_first_name":"kmlKiran","user_last_name":"kmlSingh","user_contact_number":8252222228,"user_email_id":"kkbaluahra@gmail.com","creation_time":"2024-09-21T21:24:13.499+00:00","last_mod_time":"2024-09-21T21:24:13.499+00:00"},{"userAddress":{"addressId":998,"plotNumber":"pl-555","street":"aqua","state":null,"country":"india","zipCode":629803},"user_id":1031,"user_first_name":"asab","user_last_name":"akasha","user_contact_number":1248944061,"user_email_id":"Crystel_Toy@gmail.com","creation_time":"2024-09-19T23:05:11.324+00:00","last_mod_time":"2024-09-19T23:05:11.324+00:00"},{"userAddress":{"addressId":2520,"plotNumber":"pl-51","street":"vail rd","state":"nj","country":"usa","zipCode":54321},"user_id":2553,"user_first_name":"smithatset","user_last_name":"dmaanj","user_contact_number":2323131145,"user_email_id":"ss241team5@gmail.com","creation_time":"2024-09-22T15:27:35.556+00:00","last_mod_time":"2024-09-22T15:27:35.556+00:00"},{"userAddress":{"addressId":1000,"plotNumber":"pl-555","street":"aqua","state":null,"country":"india","zipCode":629803},"user_id":1033,"user_first_name":"asab","user_last_name":"akasha","user_contact_number":1248944064,"user_email_id":"Enrique_Ebert@hotmail.com","creation_time":"2024-09-19T23:06:32.062+00:00","last_mod_time":"2024-09-19T23:06:32.062+00:00"},{"userAddress":{"addressId":1001,"plotNumber":"P1-100","street":"Main","state":"NY","country":"USA","zipCode":10001},"user_id":1034,"user_first_name":"Jaghniue","user_last_name":"Dobnjke","user_contact_number":8976567810,"user_email_id":"janfe.dovhje@example.com","creation_time":"2024-09-19T23:17:24.050+00:00","last_mod_time":"2024-09-19T23:17:24.050+00:00"},{"userAddress":{"addressId":1002,"plotNumber":"P1-100","street":"Main","state":"NY","country":"USA","zipCode":10001},"user_id":1035,"user_first_name":"Jagxfghniue","user_last_name":"Dobnvjke","user_contact_number":8976787810,"user_email_id":"javghnfe.dovhje@example.com","creation_time":"2024-09-19T23:21:29.517+00:00","last_mod_time":"2024-09-19T23:21:29.517+00:00"},{"userAddress":{"addressId":1243,"plotNumber":"pp-01","street":"Broadway new ln","state":"Texas","country":"USA","zipCode":7005063},"user_id":1276,"user_first_name":"saranyaVandervort","user_last_name":"saya","user_contact_number":9003480000,"user_email_id":"saya@gmail.com","creation_time":"2024-09-20T15:05:04.456+00:00","last_mod_time":"2024-09-20T15:35:09.093+00:00"},{"userAddress":{"addressId":1267,"plotNumber":"AS-96","street":"Raymond St","state":"NJ","country":"USA","zipCode":8896},"user_id":1300,"user_first_name":"TeamFive","user_last_name":"Tester","user_contact_number":1478523600,"user_email_id":"five1@gmail.com","creation_time":"2024-09-20T15:36:03.654+00:00","last_mod_time":"2024-09-20T15:36:03.654+00:00"},{"userAddress":{"addressId":1329,"plotNumber":"23-AvonRoad","street":"Devon","state":"PA","country":"US","zipCode":19334},"user_id":1362,"user_first_name":"Param","user_last_name":"Kuppu","user_contact_number":3344334433,"user_email_id":"paramdivi@gmail.com","creation_time":"2024-09-20T17:36:06.303+00:00","last_mod_time":"2024-09-20T17:36:06.303+00:00"},{"userAddress":{"addressId":1910,"plotNumber":"AB-61","street":"Atlantis","state":"VA","country":null,"zipCode":13145},"user_id":1943,"user_first_name":"AMRITA","user_last_name":"ANAND","user_contact_number":4267893245,"user_email_id":"x@gmail.com","creation_time":"2024-09-21T11:37:42.390+00:00","last_mod_time":"2024-09-21T11:37:42.390+00:00"},{"userAddress":{"addressId":1358,"plotNumber":null,"street":null,"state":null,"country":null,"zipCode":null},"user_id":1391,"user_first_name":"Roh","user_last_name":"Hit","user_contact_number":9783457539,"user_email_id":"ro1@nn.com","creation_time":"2024-09-20T18:07:22.201+00:00","last_mod_time":"2024-09-20T18:07:22.201+00:00"},{"userAddress":{"addressId":1359,"plotNumber":null,"street":null,"state":null,"country":null,"zipCode":null},"user_id":1392,"user_first_name":"Roh","user_last_name":"Hit","user_contact_number":9983457539,"user_email_id":"ro21@nn.com","creation_time":"2024-09-20T18:08:51.098+00:00","last_mod_time":"2024-09-20T18:08:51.098+00:00"},{"userAddress":{"addressId":8348,"plotNumber":"P1-10","street":"Schaden Ferry","state":"TX","country":"USA","zipCode":12356},"user_id":8380,"user_first_name":"Brandt","user_last_name":"Rodriguez","user_contact_number":3607896165,"user_email_id":"Nicklaus.Mann55@gmail.com","creation_time":"2024-10-12T22:08:24.841+00:00","last_mod_time":"2024-10-12T22:08:24.841+00:00"},{"userAddress":{"addressId":7896,"plotNumber":"110-p","street":"Oxford St","state":"NY","country":"USA","zipCode":17096},"user_id":7928,"user_first_name":"Ruby","user_last_name":"Rani","user_contact_number":7865743821,"user_email_id":"Ruby@gmail.com","creation_time":"2024-10-11T19:35:59.419+00:00","last_mod_time":"2024-10-11T19:35:59.419+00:00"},{"userAddress":{"addressId":1911,"plotNumber":"AB-61","street":"Atlantis","state":"VA","country":null,"zipCode":13145},"user_id":1944,"user_first_name":"AMRITA","user_last_name":"ANAND","user_contact_number":4269293245,"user_email_id":"a@gmail.com","creation_time":"2024-09-21T11:39:43.660+00:00","last_mod_time":"2024-09-21T11:39:43.660+00:00"},{"userAddress":{"addressId":1912,"plotNumber":"AB-61","street":"Atlantis","state":"VA","country":"USA","zipCode":1317845},"user_id":1945,"user_first_name":"AMRITA","user_last_name":"ANAND","user_contact_number":4567829245,"user_email_id":"b@gmail.com","creation_time":"2024-09-21T11:41:00.648+00:00","last_mod_time":"2024-09-21T11:41:00.648+00:00"},{"userAddress":{"addressId":3704,"plotNumber":"pl-72","street":"Broadway","state":"New Jersey","country":"USA","zipCode":72363},"user_id":3737,"user_first_name":"randomFirstName","user_last_name":"randomLastName","user_contact_number":2263485983,"user_email_id":"user964@example.com","creation_time":"2024-09-23T15:33:19.485+00:00","last_mod_time":"2024-09-23T15:33:19.485+00:00"},{"userAddress":{"addressId":429,"plotNumber":"p1-04","street":"def blvd ","state":"MI","country":"US","zipCode":54321},"user_id":462,"user_first_name":"Shruthi","user_last_name":"Setty","user_contact_number":1234543289,"user_email_id":"ss@gmail.com","creation_time":"2024-09-18T14:22:34.901+00:00","last_mod_time":"2024-09-20T18:24:51.210+00:00"},{"userAddress":{"addressId":1048,"plotNumber":"k-201","street":"Rangerblvd","state":"NY","country":"Canada","zipCode":76567},"user_id":1081,"user_first_name":"Pamela","user_last_name":"Adio","user_contact_number":9789765457,"user_email_id":"Pamela@gmail.com","creation_time":"2024-09-20T00:53:43.522+00:00","last_mod_time":"2024-09-20T00:53:43.522+00:00"},{"userAddress":{"addressId":1606,"plotNumber":"8-p","street":"Firstupdate","state":"TX","country":"US","zipCode":75063},"user_id":1639,"user_first_name":"Gowrifcon","user_last_name":"Mohanfcon","user_contact_number":4567832145,"user_email_id":"gmcon@gmail.com","creation_time":"2024-09-20T21:18:27.163+00:00","last_mod_time":"2024-09-20T21:24:21.671+00:00"},{"userAddress":{"addressId":1913,"plotNumber":"AB-61","street":"Atlantis","state":"VA","country":"USA","zipCode":13145},"user_id":1946,"user_first_name":"AMRITA","user_last_name":"ANAND","user_contact_number":4567865325,"user_email_id":"e@gmail.com","creation_time":"2024-09-21T11:44:04.947+00:00","last_mod_time":"2024-09-21T11:44:04.947+00:00"},{"userAddress":{"addressId":4234,"plotNumber":"vl-4","street":null,"state":"northyork","country":null,"zipCode":56456},"user_id":4267,"user_first_name":"Barbie","user_last_name":"akasha","user_contact_number":5561316222,"user_email_id":"jayjay404@gmail.com","creation_time":"2024-09-23T19:05:52.850+00:00","last_mod_time":"2024-09-23T19:05:52.850+00:00"},{"userAddress":{"addressId":3355,"plotNumber":"AD-78","street":"DDDDD","state":"TX","country":"USA","zipCode":9876543},"user_id":3388,"user_first_name":"SumathiGGGG","user_last_name":"NMNM","user_contact_number":7896543216,"user_email_id":"mmmmm@gmail.com","creation_time":"2024-09-23T06:21:01.455+00:00","last_mod_time":"2024-09-23T06:21:01.455+00:00"},{"userAddress":{"addressId":7289,"plotNumber":"12-3","street":"qwerty","state":"asdfgf","country":"US","zipCode":675843},"user_id":7322,"user_first_name":"Samson","user_last_name":"Austin","user_contact_number":9900003012,"user_email_id":"samson.austin01@gmail.com","creation_time":"2024-10-08T19:26:49.095+00:00","last_mod_time":"2024-10-08T19:26:49.095+00:00"},{"userAddress":{"addressId":1043,"plotNumber":"R-201","street":"parkerlind","state":"NY","country":"Canada","zipCode":76567778899},"user_id":1076,"user_first_name":"Gowthami","user_last_name":"Addala","user_contact_number":4468769123,"user_email_id":"gowthami.ad@gmail.com","creation_time":"2024-09-20T00:28:24.572+00:00","last_mod_time":"2024-09-20T01:19:42.378+00:00"},{"userAddress":{"addressId":9629,"plotNumber":"xyz-23","street":"Morgan","state":"Georgia","country":"USA","zipCode":4555},"user_id":9661,"user_first_name":"Reshma","user_last_name":"Mary John","user_contact_number":4567899876,"user_email_id":"Team03Reshma@gmail.com","creation_time":"2024-10-14T13:48:11.905+00:00","last_mod_time":"2024-10-14T19:23:01.747+00:00"},{"userAddress":{"addressId":1914,"plotNumber":"AB-61","street":"Atlantis","state":"VA","country":"USA","zipCode":null},"user_id":1947,"user_first_name":"AMRITA","user_last_name":"ANAND","user_contact_number":4567891245,"user_email_id":"y@gmail.com","creation_time":"2024-09-21T11:48:13.415+00:00","last_mod_time":"2024-09-21T11:48:13.415+00:00"},{"userAddress":{"addressId":4354,"plotNumber":"ab-13","street":"Irving","state":"Texas","country":"USA","zipCode":77144},"user_id":4387,"user_first_name":"Darsh","user_last_name":"Shebi","user_contact_number":1122339955,"user_email_id":"Darsh13@gmail.com","creation_time":"2024-09-25T02:27:15.071+00:00","last_mod_time":"2024-09-25T02:27:15.071+00:00"},{"userAddress":{"addressId":2725,"plotNumber":"pl-23","street":"Cypress Dr","state":"Texas","country":"USA","zipCode":75688},"user_id":2758,"user_first_name":"Vijayashree","user_last_name":"TeamTwo","user_contact_number":4830489051,"user_email_id":"vijie11fbfdmn5hj@gmail.com","creation_time":"2024-09-22T20:42:16.769+00:00","last_mod_time":"2024-09-22T20:42:16.769+00:00"},{"userAddress":{"addressId":4558,"plotNumber":"p1-098","street":"cxvbmnb ","state":"uibhjkl","country":"USA","zipCode":90865},"user_id":4591,"user_first_name":"bpghkloph","user_last_name":"vhjeioxddfg","user_contact_number":1281181284,"user_email_id":"nijua.loj-1727307834307@ecxfs.com","creation_time":"2024-09-25T23:43:54.888+00:00","last_mod_time":"2024-09-25T23:43:54.888+00:00"},{"userAddress":{"addressId":1138,"plotNumber":"12-a","street":null,"state":"IL","country":null,"zipCode":1234567},"user_id":1171,"user_first_name":"sony","user_last_name":"null","user_contact_number":2221111111,"user_email_id":"jjohny@gmail.com","creation_time":"2024-09-20T04:44:41.069+00:00","last_mod_time":"2024-09-20T04:44:41.069+00:00"},{"userAddress":{"addressId":1053,"plotNumber":"AS-96","street":"Raymond St","state":"NJ","country":"USA","zipCode":8896},"user_id":1086,"user_first_name":"TeamFive","user_last_name":"Tester","user_contact_number":7896328968,"user_email_id":"five0@gmail.com","creation_time":"2024-09-20T01:37:33.027+00:00","last_mod_time":"2024-09-20T01:37:33.027+00:00"},{"userAddress":{"addressId":2727,"plotNumber":"pl-23","street":"Cypress Dr","state":"Texas","country":"USA","zipCode":75688},"user_id":2760,"user_first_name":"Vijayashree","user_last_name":"TeamTwo","user_contact_number":1941005784,"user_email_id":"viji60ija2fim0g2@gmail.com","creation_time":"2024-09-22T20:46:59.773+00:00","last_mod_time":"2024-09-22T20:46:59.773+00:00"},{"userAddress":{"addressId":3129,"plotNumber":"pl-28","street":"Broadway","state":"Maryland","country":"MD","zipCode":543215},"user_id":3162,"user_first_name":"ziya","user_last_name":"bhaskar","user_contact_number":9969806313,"user_email_id":"ziya3@gmail.com","creation_time":"2024-09-23T02:41:19.900+00:00","last_mod_time":"2024-09-23T02:47:04.585+00:00"},{"userAddress":{"addressId":4235,"plotNumber":"vl-4","street":null,"state":"northyork","country":null,"zipCode":56456},"user_id":4268,"user_first_name":"Barbie","user_last_name":"akasha","user_contact_number":5453316113,"user_email_id":"k1k229@gmail.com","creation_time":"2024-09-23T19:05:54.317+00:00","last_mod_time":"2024-09-23T19:05:54.317+00:00"},{"userAddress":{"addressId":5336,"plotNumber":"ok-6","street":null,"state":"youkom","country":null,"zipCode":564567},"user_id":5369,"user_first_name":"reka","user_last_name":"saroh","user_contact_number":3033386980,"user_email_id":"yy@gmail.com","creation_time":"2024-09-27T01:51:30.698+00:00","last_mod_time":"2024-09-27T01:51:30.698+00:00"},{"userAddress":{"addressId":1943,"plotNumber":"kB-425","street":"CT","state":"WA","country":"USA","zipCode":null},"user_id":1976,"user_first_name":"Kiranraj","user_last_name":"Singhlall","user_contact_number":5252222222,"user_email_id":"kbalahara12@gmail.com","creation_time":"2024-09-21T15:03:36.645+00:00","last_mod_time":"2024-09-21T15:03:36.645+00:00"},{"userAddress":{"addressId":1028,"plotNumber":null,"street":null,"state":null,"country":null,"zipCode":null},"user_id":1061,"user_first_name":"UserChaining","user_last_name":"Mathu","user_contact_number":8797876999,"user_email_id":"UChain@gmail.com","creation_time":"2024-09-20T00:06:01.384+00:00","last_mod_time":"2024-09-20T00:06:01.384+00:00"},{"userAddress":{"addressId":1944,"plotNumber":"Bl-02","street":null,"state":"California","country":null,"zipCode":32126},"user_id":1977,"user_first_name":"Eva","user_last_name":"Thomas","user_contact_number":8886320008,"user_email_id":"Team4eva@gmail.com","creation_time":"2024-09-21T15:04:50.657+00:00","last_mod_time":"2024-09-21T15:04:50.657+00:00"},{"userAddress":{"addressId":4337,"plotNumber":"p1-02","street":"Richmond","state":"Assam","country":"India","zipCode":78804},"user_id":4370,"user_first_name":"Tia","user_last_name":"Kar","user_contact_number":3366666645,"user_email_id":"Tia.Kar82@gmail.com","creation_time":"2024-09-24T19:22:40.257+00:00","last_mod_time":"2024-09-24T19:22:40.257+00:00"},{"userAddress":{"addressId":1144,"plotNumber":null,"street":null,"state":"CA","country":null,"zipCode":12123},"user_id":1177,"user_first_name":"Anni","user_last_name":"Doe","user_contact_number":1284567611,"user_email_id":"An23.do@example.com","creation_time":"2024-09-20T04:52:06.901+00:00","last_mod_time":"2024-09-20T04:52:06.901+00:00"},{"userAddress":{"addressId":4425,"plotNumber":"p1-098","street":"cxvbmnb ","state":"uibhjkl","country":"USA","zipCode":90865},"user_id":4458,"user_first_name":"bnhkl","user_last_name":"vhjjvbaas","user_contact_number":1747240127,"user_email_id":"cvfa.nme-1727283787347@example.com","creation_time":"2024-09-25T17:03:14.555+00:00","last_mod_time":"2024-09-25T17:03:14.555+00:00"},{"userAddress":{"addressId":4449,"plotNumber":"p1-104","street":"cxvbmnb ","state":"uibhjkl","country":"USA","zipCode":90865},"user_id":4482,"user_first_name":"bkcghlekl","user_last_name":"vdvboedrop","user_contact_number":1078498809,"user_email_id":"cvfa.nme-1727291162970@example.com","creation_time":"2024-09-25T19:06:03.505+00:00","last_mod_time":"2024-09-25T19:06:03.505+00:00"},{"userAddress":{"addressId":9588,"plotNumber":"ABC-5","street":"K Avenue","state":"TX","country":"USA","zipCode":75986},"user_id":9620,"user_first_name":"madhumati","user_last_name":"kanann","user_contact_number":2897358498,"user_email_id":"madhuk6@gmail.com","creation_time":"2024-10-14T11:48:54.821+00:00","last_mod_time":"2024-10-14T11:48:54.821+00:00"},{"userAddress":{"addressId":8182,"plotNumber":null,"street":null,"state":null,"country":null,"zipCode":null},"user_id":8214,"user_first_name":"iGsRdFNvBW","user_last_name":"jrXukPWTzY","user_contact_number":8349368940,"user_email_id":"team2n987hcm403fb@gmail.com","creation_time":"2024-10-12T17:50:30.363+00:00","last_mod_time":"2024-10-12T17:50:30.363+00:00"},{"userAddress":{"addressId":1945,"plotNumber":"kB-425","street":"CT","state":"WA","country":"USA","zipCode":23059222},"user_id":1978,"user_first_name":"Kiranraj","user_last_name":"SinghlallAA","user_contact_number":5252222221,"user_email_id":"kbalahara121@gmail.com","creation_time":"2024-09-21T15:05:45.500+00:00","last_mod_time":"2024-09-21T15:05:45.500+00:00"},{"userAddress":{"addressId":8183,"plotNumber":null,"street":null,"state":null,"country":null,"zipCode":null},"user_id":8215,"user_first_name":"iSOBKwClMH","user_last_name":"gmVwKCNwlZ","user_contact_number":4329987795,"user_email_id":"team2lg6i0m39okgc@gmail.com","creation_time":"2024-10-12T17:50:30.655+00:00","last_mod_time":"2024-10-12T17:50:30.655+00:00"},{"userAddress":{"addressId":9589,"plotNumber":"ABC-5","street":"K Avenue","state":"TX","country":"USA","zipCode":75986},"user_id":9621,"user_first_name":"madhumati","user_last_name":"kanann","user_contact_number":2857358498,"user_email_id":"madhuk7@gmail.com","creation_time":"2024-10-14T11:58:36.733+00:00","last_mod_time":"2024-10-14T11:58:36.733+00:00"},{"userAddress":{"addressId":1038,"plotNumber":"pl-373","street":"Cypress","state":"GA","country":"USA","zipCode":30225},"user_id":1071,"user_first_name":"Rushu","user_last_name":"Pk","user_contact_number":1219352853,"user_email_id":"Rushu@gmail.com","creation_time":"2024-09-20T00:13:06.813+00:00","last_mod_time":"2024-09-20T00:13:06.813+00:00"},{"userAddress":{"addressId":1946,"plotNumber":"Bl-02","street":null,"state":"California","country":null,"zipCode":32126},"user_id":1979,"user_first_name":"Eva","user_last_name":"Thomasnew","user_contact_number":8889320008,"user_email_id":"Team4evanew@gmail.com","creation_time":"2024-09-21T15:08:50.987+00:00","last_mod_time":"2024-09-21T15:08:50.987+00:00"},{"userAddress":{"addressId":1041,"plotNumber":"pl-373","street":"Cypress","state":"GA","country":"USA","zipCode":30225},"user_id":1074,"user_first_name":"Rpu","user_last_name":"Pk","user_contact_number":1219352863,"user_email_id":"Rpu@gmail.com","creation_time":"2024-09-20T00:27:11.118+00:00","last_mod_time":"2024-09-20T00:27:11.118+00:00"},{"userAddress":{"addressId":1948,"plotNumber":"Bl-02","street":null,"state":"California","country":null,"zipCode":32126},"user_id":1981,"user_first_name":"tomnew","user_last_name":"Thomasnew","user_contact_number":7621320008,"user_email_id":"team4tom@gmail.com","creation_time":"2024-09-21T15:12:55.054+00:00","last_mod_time":"2024-09-21T15:12:55.054+00:00"},{"userAddress":{"addressId":1147,"plotNumber":"pl-03","street":"palmilla","state":"Florida","country":"USA","zipCode":324578},"user_id":1180,"user_first_name":"pavithra","user_last_name":"kamat","user_contact_number":1111111112,"user_email_id":"kamat12@gmail.com","creation_time":"2024-09-20T04:59:41.173+00:00","last_mod_time":"2024-09-20T04:59:41.173+00:00"},{"userAddress":{"addressId":1950,"plotNumber":"Bl-02","street":null,"state":"California","country":null,"zipCode":32126},"user_id":1983,"user_first_name":"tomnew","user_last_name":"Thomasnews","user_contact_number":7121320008,"user_email_id":"team4tomnew@gmail.com","creation_time":"2024-09-21T15:13:26.781+00:00","last_mod_time":"2024-09-21T15:13:26.781+00:00"},{"userAddress":{"addressId":1951,"plotNumber":"pr-878","street":"string","state":"string","country":"string","zipCode":89098},"user_id":1984,"user_first_name":"abcd","user_last_name":"jjjj","user_contact_number":8987098760,"user_email_id":"sd20@gmail.com","creation_time":"2024-09-21T15:16:50.000+00:00","last_mod_time":"2024-09-21T15:16:50.000+00:00"},{"userAddress":{"addressId":1953,"plotNumber":"pr-878","street":"string","state":"string","country":"string","zipCode":89098},"user_id":1986,"user_first_name":"abcd","user_last_name":"jjjj","user_contact_number":8987098761,"user_email_id":"sd21@gmail.com","creation_time":"2024-09-21T15:18:12.085+00:00","last_mod_time":"2024-09-21T15:18:12.085+00:00"},{"userAddress":{"addressId":1596,"plotNumber":"7-o","street":"Abgh","state":"TX","country":"US","zipCode":75063},"user_id":1629,"user_first_name":"Gowrisno","user_last_name":"Mohansno","user_contact_number":5647384570,"user_email_id":"gmsc@gmail.com","creation_time":"2024-09-20T21:04:45.599+00:00","last_mod_time":"2024-09-20T21:04:45.599+00:00"},{"userAddress":{"addressId":1151,"plotNumber":"pl-03","street":"palmilla","state":"Florida","country":"USA","zipCode":324578},"user_id":1184,"user_first_name":"pavithra","user_last_name":"kamat","user_contact_number":1254449987,"user_email_id":"org03@gmail.com","creation_time":"2024-09-20T05:05:13.389+00:00","last_mod_time":"2024-09-20T05:05:13.389+00:00"},{"userAddress":{"addressId":1597,"plotNumber":"pl-88","street":"ssss","state":null,"country":"sss","zipCode":null},"user_id":1630,"user_first_name":"sg","user_last_name":"asg","user_contact_number":1039388755,"user_email_id":"sur@gmail.com","creation_time":"2024-09-20T21:05:25.452+00:00","last_mod_time":"2024-09-20T21:05:25.452+00:00"},{"userAddress":{"addressId":1152,"plotNumber":"pl-03","street":"palmilla","state":"Florida","country":"USA","zipCode":324578},"user_id":1185,"user_first_name":"pavithra","user_last_name":"kamat","user_contact_number":7778884455,"user_email_id":"org04@gmail.com","creation_time":"2024-09-20T05:05:13.546+00:00","last_mod_time":"2024-09-20T05:05:13.546+00:00"},{"userAddress":{"addressId":1598,"plotNumber":"pl-23","street":"my Street","state":"Texas","country":"USA","zipCode":75068},"user_id":1631,"user_first_name":"teamtwotrial","user_last_name":"zcafsdfdgfhg","user_contact_number":5659978888,"user_email_id":"viji89323@gmail.com","creation_time":"2024-09-20T21:05:57.946+00:00","last_mod_time":"2024-09-20T21:05:57.946+00:00"},{"userAddress":{"addressId":1082,"plotNumber":"13-Pk","street":null,"state":"AZ","country":null,"zipCode":30066},"user_id":1115,"user_first_name":"kkk","user_last_name":"mmm","user_contact_number":4123555467,"user_email_id":"ccc@gmail.com","creation_time":"2024-09-20T02:50:24.566+00:00","last_mod_time":"2024-09-20T02:50:24.566+00:00"},{"userAddress":{"addressId":1162,"plotNumber":"p1-02","street":"Richmond","state":"Assam","country":"India","zipCode":78804},"user_id":1195,"user_first_name":"Tim","user_last_name":"Roy","user_contact_number":1111111122,"user_email_id":"tim.roy2@gmail.com","creation_time":"2024-09-20T06:17:05.706+00:00","last_mod_time":"2024-09-20T06:17:05.706+00:00"},{"userAddress":{"addressId":1163,"plotNumber":"p1-02","street":"Richmond","state":"Assam","country":"India","zipCode":78804},"user_id":1196,"user_first_name":"Tim","user_last_name":"Roy","user_contact_number":6666666666,"user_email_id":"tim.roy6@gmail.com","creation_time":"2024-09-20T06:37:22.192+00:00","last_mod_time":"2024-09-20T06:37:22.192+00:00"},{"userAddress":{"addressId":1176,"plotNumber":"4330-aa","street":"woodward way","state":"GA","country":"USA","zipCode":30041},"user_id":1209,"user_first_name":"Divyas","user_last_name":"Narasimhans","user_contact_number":6822192016,"user_email_id":"divpradhome1@gmail.com","creation_time":"2024-09-20T13:35:22.304+00:00","last_mod_time":"2024-09-20T13:35:22.304+00:00"},{"userAddress":{"addressId":1092,"plotNumber":"15-IM","street":null,"state":"Georgia","country":null,"zipCode":30066},"user_id":1125,"user_first_name":"iiik","user_last_name":"mmk","user_contact_number":4145675456,"user_email_id":"iiity@gmail.com","creation_time":"2024-09-20T03:02:29.660+00:00","last_mod_time":"2024-09-20T03:02:29.660+00:00"},{"userAddress":{"addressId":1185,"plotNumber":"p1-04","street":null,"state":"stateb","country":null,"zipCode":78253},"user_id":1218,"user_first_name":"firstb","user_last_name":"lastb","user_contact_number":5674320981,"user_email_id":"firstb.lastb@gmail.com","creation_time":"2024-09-20T13:41:19.070+00:00","last_mod_time":"2024-09-20T13:41:19.070+00:00"},{"userAddress":{"addressId":1193,"plotNumber":"4330-aa","street":"woodward way","state":"GA","country":"USA","zipCode":30041},"user_id":1226,"user_first_name":"Divya","user_last_name":"Narasimhans","user_contact_number":6822192106,"user_email_id":"divpradhome21@gmail.com","creation_time":"2024-09-20T13:47:57.344+00:00","last_mod_time":"2024-09-20T13:47:57.344+00:00"},{"userAddress":{"addressId":1194,"plotNumber":"4330-aa","street":"woodward way","state":"GA","country":"USA","zipCode":30041},"user_id":1227,"user_first_name":"Divya","user_last_name":"Narasimhans","user_contact_number":6824292106,"user_email_id":"21@gmail.com","creation_time":"2024-09-20T13:49:07.194+00:00","last_mod_time":"2024-09-20T13:49:07.194+00:00"},{"userAddress":{"addressId":4559,"plotNumber":"p1-123","street":null,"state":"CA","country":null,"zipCode":12345},"user_id":4592,"user_first_name":"Joni","user_last_name":"Dily","user_contact_number":1230088890,"user_email_id":"joppdoe12@example.com","creation_time":"2024-09-25T23:46:08.158+00:00","last_mod_time":"2024-09-25T23:46:08.158+00:00"},{"userAddress":{"addressId":1649,"plotNumber":"pp-01","street":"Broadway new ln","state":"Texas","country":"USA","zipCode":7005063},"user_id":1682,"user_first_name":"Tamil selvi","user_last_name":"saya","user_contact_number":2009009765,"user_email_id":"nazroppa.pn@gmail.com","creation_time":"2024-09-20T21:48:56.560+00:00","last_mod_time":"2024-09-20T21:48:56.560+00:00"},{"userAddress":{"addressId":1973,"plotNumber":"pl-51","street":"vail rd","state":"nj","country":"usa","zipCode":54321},"user_id":2006,"user_first_name":"sowmya","user_last_name":"ra","user_contact_number":9994445556,"user_email_id":"sdteam115@gmail.com","creation_time":"2024-09-21T16:29:03.835+00:00","last_mod_time":"2024-09-21T16:29:03.835+00:00"},{"userAddress":{"addressId":2521,"plotNumber":"lk-4","street":null,"state":"halifax","country":null,"zipCode":3456},"user_id":2554,"user_first_name":"dd","user_last_name":"trisha","user_contact_number":7331374777,"user_email_id":"rufi2t33@gmail.com","creation_time":"2024-09-22T15:27:45.735+00:00","last_mod_time":"2024-09-22T15:27:45.735+00:00"},{"userAddress":{"addressId":5021,"plotNumber":"A-202","street":"golden ln","state":"MA","country":"USA","zipCode":28456},"user_id":5054,"user_first_name":"Test","user_last_name":"Tester","user_contact_number":9876512010,"user_email_id":"te_010@gmail.com","creation_time":"2024-09-26T19:41:02.022+00:00","last_mod_time":"2024-09-26T19:41:02.022+00:00"},{"userAddress":{"addressId":3705,"plotNumber":"pl-72","street":"Broadway","state":"New Jersey","country":"USA","zipCode":72363},"user_id":3738,"user_first_name":"randomFirstName","user_last_name":"randomLastName","user_contact_number":6584559249,"user_email_id":"user140@example.com","creation_time":"2024-09-23T15:33:56.843+00:00","last_mod_time":"2024-09-23T15:33:56.843+00:00"},{"userAddress":{"addressId":1992,"plotNumber":"KB-425","street":"CT","state":"WA","country":"USA","zipCode":98052},"user_id":2025,"user_first_name":"Kiran K","user_last_name":"Singh","user_contact_number":4252222228,"user_email_id":"kblhara@hotmail.com","creation_time":"2024-09-21T17:19:04.792+00:00","last_mod_time":"2024-09-21T17:19:04.792+00:00"},{"userAddress":{"addressId":1557,"plotNumber":"Test-01","street":"Test st","state":"NY","country":"USA","zipCode":123456},"user_id":1590,"user_first_name":"FirstName","user_last_name":"LastName","user_contact_number":2323232323,"user_email_id":"FirstName@gmail.com","creation_time":"2024-09-20T20:51:36.562+00:00","last_mod_time":"2024-09-20T20:51:36.562+00:00"},{"userAddress":{"addressId":1651,"plotNumber":"pl-23","street":"my Street","state":"Texas","country":"USA","zipCode":75068},"user_id":1684,"user_first_name":"teamtwotrial","user_last_name":"zcafsdfdgfhg","user_contact_number":5659976666,"user_email_id":"viji89fd323@gmail.com","creation_time":"2024-09-20T21:53:19.506+00:00","last_mod_time":"2024-09-20T21:53:19.506+00:00"},{"userAddress":{"addressId":1652,"plotNumber":"553-r","street":"moonlane","state":"NJ","country":"USA","zipCode":8816},"user_id":1685,"user_first_name":"kalpana","user_last_name":"renga","user_contact_number":2342623426,"user_email_id":"neyagan@gmail.com","creation_time":"2024-09-20T21:53:49.281+00:00","last_mod_time":"2024-09-20T21:53:49.281+00:00"},{"userAddress":{"addressId":1915,"plotNumber":"AB-61","street":"Atlantis","state":"VA","country":"USA","zipCode":13145},"user_id":1948,"user_first_name":"AMRITA","user_last_name":"ANAND","user_contact_number":4567342245,"user_email_id":"4567@gmail.com","creation_time":"2024-09-21T12:06:43.247+00:00","last_mod_time":"2024-09-21T12:06:43.247+00:00"},{"userAddress":{"addressId":1431,"plotNumber":"pl-03","street":"palmilla","state":"Florida","country":"USA","zipCode":77057},"user_id":1464,"user_first_name":"Tanvi","user_last_name":"Jyoshith","user_contact_number":1234393991,"user_email_id":"Testtanvi@gmail.com","creation_time":"2024-09-20T19:11:44.977+00:00","last_mod_time":"2024-09-20T19:11:44.977+00:00"},{"userAddress":{"addressId":2131,"plotNumber":"KB-425","street":"CT","state":"WA","country":"USA","zipCode":98},"user_id":2164,"user_first_name":"kimlKiran","user_last_name":"kimlSingh","user_contact_number":8652222228,"user_email_id":"kibaluahra@gmail.com","creation_time":"2024-09-21T21:27:18.052+00:00","last_mod_time":"2024-09-21T21:27:18.052+00:00"},{"userAddress":{"addressId":1667,"plotNumber":"553-r","street":"moonlane","state":"NJ","country":"USA","zipCode":8816},"user_id":1700,"user_first_name":"kalpana","user_last_name":"renga","user_contact_number":2342623489,"user_email_id":"tamilneyagan@gmail.com","creation_time":"2024-09-20T22:22:59.174+00:00","last_mod_time":"2024-09-20T22:22:59.174+00:00"},{"userAddress":{"addressId":1317,"plotNumber":"A-217","street":"goldy dr","state":"CA","country":"USA","zipCode":24568},"user_id":1350,"user_first_name":"Nehaaaa","user_last_name":"acbc","user_contact_number":8212598763,"user_email_id":"abcddd@gmail.com","creation_time":"2024-09-20T17:15:50.053+00:00","last_mod_time":"2024-09-20T17:15:50.053+00:00"},{"userAddress":{"addressId":4355,"plotNumber":"ab-13","street":"Irving","state":"Texas","country":"USA","zipCode":77144},"user_id":4388,"user_first_name":"Darsh","user_last_name":"Shebi","user_contact_number":1122338955,"user_email_id":"Darsh14@gmail.com","creation_time":"2024-09-25T02:42:27.108+00:00","last_mod_time":"2024-09-25T02:42:27.108+00:00"},{"userAddress":{"addressId":1330,"plotNumber":"23-AvonRoad","street":"Devon","state":"PA","country":"US","zipCode":19334},"user_id":1363,"user_first_name":"Param","user_last_name":"Kuppu","user_contact_number":5443234432,"user_email_id":"paramvadugai@gmail.com","creation_time":"2024-09-20T17:38:14.933+00:00","last_mod_time":"2024-09-20T17:38:14.933+00:00"},{"userAddress":{"addressId":9955,"plotNumber":"P1-11","street":"NJ","state":"TX","country":"USA","zipCode":12356},"user_id":9987,"user_first_name":"Ganeshsiva","user_last_name":"Siva","user_contact_number":9622223999,"user_email_id":"ganeshparvathi@gmail.com","creation_time":"2024-10-15T15:57:10.233+00:00","last_mod_time":"2024-10-15T15:57:10.233+00:00"},{"userAddress":{"addressId":1756,"plotNumber":"p1-09","street":"Main","state":"NY","country":"USA","zipCode":10901},"user_id":1789,"user_first_name":"bio","user_last_name":"cam","user_contact_number":9248350509,"user_email_id":"bio.cam@example.com","creation_time":"2024-09-21T01:02:04.201+00:00","last_mod_time":"2024-09-21T01:02:04.201+00:00"},{"userAddress":{"addressId":3567,"plotNumber":"11-221","street":"Wolf","state":"Washington","country":"USA","zipCode":22862},"user_id":3600,"user_first_name":"Qary","user_last_name":"Stark","user_contact_number":8113344898,"user_email_id":"mbnhygot67@got.com","creation_time":"2024-09-23T13:54:26.923+00:00","last_mod_time":"2024-09-23T13:54:26.923+00:00"},{"userAddress":{"addressId":4236,"plotNumber":"AB-61","street":"Atlantis","state":"VA","country":"USA","zipCode":13145},"user_id":4269,"user_first_name":"AMRITA","user_last_name":"ANAND","user_contact_number":4566572245,"user_email_id":"def@gmail.com","creation_time":"2024-09-23T19:11:17.549+00:00","last_mod_time":"2024-09-23T19:11:17.549+00:00"},{"userAddress":{"addressId":1211,"plotNumber":"L-5","street":"Blackwood Dr","state":"Indianapolis","country":"USA","zipCode":64087},"user_id":1244,"user_first_name":"nats","user_last_name":"jim","user_contact_number":5980650139,"user_email_id":"12345@123il.com","creation_time":"2024-09-20T14:16:26.332+00:00","last_mod_time":"2024-09-20T14:16:26.332+00:00"},{"userAddress":{"addressId":5792,"plotNumber":"p1-098","street":"cxvbmnb ","state":"uibhjkl","country":"USA","zipCode":90865},"user_id":5825,"user_first_name":"bpghkhjd","user_last_name":"vhdbhjfg","user_contact_number":1279108714,"user_email_id":"nijua.loj-1727455088119@ecxfs.com","creation_time":"2024-09-27T16:38:19.205+00:00","last_mod_time":"2024-09-27T16:38:19.205+00:00"},{"userAddress":{"addressId":5334,"plotNumber":"ok-6","street":null,"state":"youkom","country":null,"zipCode":564567},"user_id":5367,"user_first_name":"reka","user_last_name":"saroh","user_contact_number":3433386789,"user_email_id":"idliu@gmail.com","creation_time":"2024-09-27T01:49:34.966+00:00","last_mod_time":"2024-09-27T01:49:34.966+00:00"},{"userAddress":{"addressId":5335,"plotNumber":"ok-6","street":null,"state":"youkom","country":null,"zipCode":564567},"user_id":5368,"user_first_name":"reka","user_last_name":"saroh","user_contact_number":3033386780,"user_email_id":"kushpoo344@gmail.com","creation_time":"2024-09-27T01:50:43.325+00:00","last_mod_time":"2024-09-27T01:50:43.325+00:00"},{"userAddress":{"addressId":1678,"plotNumber":"Bl-02","street":null,"state":"California","country":null,"zipCode":32126},"user_id":1711,"user_first_name":"Quinney","user_last_name":"Thomas","user_contact_number":4286320008,"user_email_id":"Team4Quinn12@gmail.com","creation_time":"2024-09-20T22:33:55.133+00:00","last_mod_time":"2024-09-20T22:33:55.133+00:00"},{"userAddress":{"addressId":10110,"plotNumber":"P1-14","street":"Pine","state":"FL","country":"USA","zipCode":75001},"user_id":10142,"user_first_name":"Charlie","user_last_name":"Brown","user_contact_number":6787382991,"user_email_id":"chomrow@example.com","creation_time":"2024-10-15T22:36:05.338+00:00","last_mod_time":"2024-10-15T22:36:05.338+00:00"},{"userAddress":{"addressId":4860,"plotNumber":"PL-341","street":"Main Street","state":"AL","country":"USA","zipCode":30066},"user_id":4893,"user_first_name":"kikik","user_last_name":"seka","user_contact_number":7123456789,"user_email_id":"abcabc@gmail.com","creation_time":"2024-09-26T14:14:18.135+00:00","last_mod_time":"2024-09-26T14:14:18.135+00:00"},{"userAddress":{"addressId":2003,"plotNumber":"j-4","street":null,"state":"halifax","country":null,"zipCode":3456},"user_id":2036,"user_first_name":"retre","user_last_name":"moha","user_contact_number":9231623377,"user_email_id":"uy0u41225@gmail.com","creation_time":"2024-09-21T17:32:39.289+00:00","last_mod_time":"2024-09-21T17:32:39.289+00:00"},{"userAddress":{"addressId":2004,"plotNumber":"pr-878","street":"string","state":"string","country":"string","zipCode":89098},"user_id":2037,"user_first_name":"abcd","user_last_name":"jjjj","user_contact_number":8987098762,"user_email_id":"sd22@gmail.com","creation_time":"2024-09-21T17:35:25.650+00:00","last_mod_time":"2024-09-21T17:35:25.650+00:00"},{"userAddress":{"addressId":1570,"plotNumber":"7-o","street":"Abgh","state":"TX","country":"US","zipCode":750639090},"user_id":1603,"user_first_name":"Gowrisz","user_last_name":"Mohansz","user_contact_number":5647384580,"user_email_id":"gmz@gmail.com","creation_time":"2024-09-20T20:58:23.522+00:00","last_mod_time":"2024-09-20T20:58:23.522+00:00"},{"userAddress":{"addressId":1760,"plotNumber":"15-IM","street":null,"state":"Georgia","country":null,"zipCode":30066},"user_id":1793,"user_first_name":"iiik","user_last_name":"kkk","user_contact_number":4168975456,"user_email_id":"itsyty@gmail.com","creation_time":"2024-09-21T01:13:41.913+00:00","last_mod_time":"2024-09-21T01:13:41.913+00:00"},{"userAddress":{"addressId":2005,"plotNumber":"W-425","street":"CT","state":"WA","country":"string","zipCode":98052},"user_id":2038,"user_first_name":"Kiran W","user_last_name":"Singh","user_contact_number":4252222225,"user_email_id":"kblehar@hotmail.com","creation_time":"2024-09-21T17:36:19.688+00:00","last_mod_time":"2024-09-21T17:36:19.688+00:00"},{"userAddress":{"addressId":2006,"plotNumber":"pr-878","street":"string","state":"string","country":"string","zipCode":89098},"user_id":2039,"user_first_name":"abcd","user_last_name":"jjjj","user_contact_number":8987098763,"user_email_id":"sd23@gmail.com","creation_time":"2024-09-21T17:36:41.842+00:00","last_mod_time":"2024-09-21T17:36:41.842+00:00"},{"userAddress":{"addressId":1762,"plotNumber":"Bl-02","street":null,"state":"California","country":null,"zipCode":32126},"user_id":1795,"user_first_name":"Anvi","user_last_name":"Carsen","user_contact_number":7624320008,"user_email_id":"team4anvi@gmail.com","creation_time":"2024-09-21T01:14:50.728+00:00","last_mod_time":"2024-09-21T01:14:50.728+00:00"},{"userAddress":{"addressId":2011,"plotNumber":"pr-878","street":"string","state":"string","country":"string","zipCode":89098},"user_id":2044,"user_first_name":"abcd","user_last_name":"jjjj","user_contact_number":8987098765,"user_email_id":"sd25@gmail.com","creation_time":"2024-09-21T17:48:24.272+00:00","last_mod_time":"2024-09-21T17:48:24.272+00:00"},{"userAddress":{"addressId":1770,"plotNumber":"vl-4","street":null,"state":"northyork","country":null,"zipCode":56456},"user_id":1803,"user_first_name":"barbi","user_last_name":"akasha","user_contact_number":3434143031,"user_email_id":"redyr498@gmail.com","creation_time":"2024-09-21T01:35:38.953+00:00","last_mod_time":"2024-09-21T01:35:38.953+00:00"},{"userAddress":{"addressId":1771,"plotNumber":"vl-9","street":null,"state":"northyork","country":null,"zipCode":56456},"user_id":1804,"user_first_name":"surbi","user_last_name":"sasha","user_contact_number":1214143031,"user_email_id":"red498@gmail.com","creation_time":"2024-09-21T01:38:58.164+00:00","last_mod_time":"2024-09-21T01:38:58.164+00:00"},{"userAddress":{"addressId":1772,"plotNumber":"vl-4","street":null,"state":"northyork","country":null,"zipCode":56456},"user_id":1805,"user_first_name":"barbi","user_last_name":"akasha","user_contact_number":8341144031,"user_email_id":"redyr2288@gmail.com","creation_time":"2024-09-21T01:40:48.548+00:00","last_mod_time":"2024-09-21T01:40:48.548+00:00"},{"userAddress":{"addressId":1731,"plotNumber":"AB-61","street":"Atlantis","state":"delhi","country":"india","zipCode":13145},"user_id":1764,"user_first_name":"AMRITA","user_last_name":"ANAND","user_contact_number":4237893245,"user_email_id":"kbalahara@hotmail.com","creation_time":"2024-09-20T23:57:12.304+00:00","last_mod_time":"2024-09-23T20:03:31.564+00:00"},{"userAddress":{"addressId":8349,"plotNumber":"P1-10","street":"Devyn Valley","state":"TX","country":"USA","zipCode":12356},"user_id":8381,"user_first_name":"Sherman","user_last_name":"Mraz","user_contact_number":3607896199,"user_email_id":"Elinore_Hagenes98@hotmail.com","creation_time":"2024-10-12T22:08:25.369+00:00","last_mod_time":"2024-10-12T22:08:25.369+00:00"},{"userAddress":{"addressId":4426,"plotNumber":"p1-098","street":"cxvbmnb ","state":"uibhjkl","country":"USA","zipCode":90865},"user_id":4459,"user_first_name":"bnhkldft","user_last_name":"vhjjvbaaspe","user_contact_number":1670889963,"user_email_id":"cvfa.nme-1727284024596@example.com","creation_time":"2024-09-25T17:07:05.168+00:00","last_mod_time":"2024-09-25T17:07:05.168+00:00"},{"userAddress":{"addressId":4450,"plotNumber":"p1-105","street":"cxvbmnb ","state":"uibhjkl","country":"USA","zipCode":90865},"user_id":4483,"user_first_name":"bkxrftsxlekl","user_last_name":"vddrpcgfop","user_contact_number":1823123119,"user_email_id":"cvfa.nme-1727291163849@example.com","creation_time":"2024-09-25T19:06:04.356+00:00","last_mod_time":"2024-09-25T19:06:04.356+00:00"},{"userAddress":{"addressId":4451,"plotNumber":"p1-106","street":"cxvbmnb ","state":"uibhjkl","country":"USA","zipCode":90865},"user_id":4484,"user_first_name":"bklhjkekl","user_last_name":"vddronmitp","user_contact_number":1482767970,"user_email_id":"cvfa.nme-1727291164670@example.com","creation_time":"2024-09-25T19:06:05.193+00:00","last_mod_time":"2024-09-25T19:06:05.193+00:00"},{"userAddress":{"addressId":1696,"plotNumber":"p1-04","street":"Logan","state":"Texas","country":"USA","zipCode":95035},"user_id":1729,"user_first_name":"Shaan","user_last_name":"Das","user_contact_number":2222222211,"user_email_id":"shan.das1@gmail.com","creation_time":"2024-09-20T22:46:26.339+00:00","last_mod_time":"2024-09-20T22:46:26.339+00:00"},{"userAddress":{"addressId":1697,"plotNumber":"p1-05","street":"Bleecker","state":"California","country":"USA","zipCode":94536},"user_id":1730,"user_first_name":"Moni","user_last_name":"Gupta","user_contact_number":1133333333,"user_email_id":"moni.gupta3@gmail.com","creation_time":"2024-09-20T22:46:26.495+00:00","last_mod_time":"2024-09-20T22:46:26.495+00:00"},{"userAddress":{"addressId":2012,"plotNumber":"pr-878","street":"string","state":"string","country":"string","zipCode":89098},"user_id":2045,"user_first_name":"abcd","user_last_name":"jjjj","user_contact_number":8987098766,"user_email_id":"sd26@gmail.com","creation_time":"2024-09-21T17:49:36.451+00:00","last_mod_time":"2024-09-21T17:49:36.451+00:00"},{"userAddress":{"addressId":2013,"plotNumber":"pr-878","street":"string","state":"string","country":"string","zipCode":89098},"user_id":2046,"user_first_name":"abcd","user_last_name":"jjjj","user_contact_number":8987098767,"user_email_id":"sd27@gmail.com","creation_time":"2024-09-21T17:50:20.681+00:00","last_mod_time":"2024-09-21T17:50:20.681+00:00"},{"userAddress":{"addressId":1650,"plotNumber":"p1-09","street":"aldyn","state":"NY","country":"USA","zipCode":10901},"user_id":1683,"user_first_name":"nathan","user_last_name":"cam","user_contact_number":9248350504,"user_email_id":"nathan.cam@example.com","creation_time":"2024-09-20T21:50:43.758+00:00","last_mod_time":"2024-09-26T18:47:34.734+00:00"},{"userAddress":{"addressId":6424,"plotNumber":"pl-101","street":"WolfStreet","state":"NC","country":"USA","zipCode":12312},"user_id":6457,"user_first_name":"VijiAvengers","user_last_name":"Stark","user_contact_number":1222447566,"user_email_id":"Steve123mine@gmail.com","creation_time":"2024-09-29T15:50:01.688+00:00","last_mod_time":"2024-09-29T15:50:01.688+00:00"},{"userAddress":{"addressId":2609,"plotNumber":"pl-55","street":"Avenue","state":"WA","country":"USA","zipCode":954321},"user_id":2642,"user_first_name":"thanyasree","user_last_name":"dheenatha","user_contact_number":2300003009,"user_email_id":"thanyasree@gmail.com","creation_time":"2024-09-22T17:50:43.223+00:00","last_mod_time":"2024-09-22T17:50:43.223+00:00"},{"userAddress":{"addressId":4338,"plotNumber":"p1-02","street":"Richmond","state":"Assam","country":"India","zipCode":78804},"user_id":4371,"user_first_name":"Shawn","user_last_name":"Davis","user_contact_number":3378666645,"user_email_id":"Shawn.Davisr82@gmail.com","creation_time":"2024-09-24T19:29:56.830+00:00","last_mod_time":"2024-09-24T19:29:56.830+00:00"},{"userAddress":{"addressId":4469,"plotNumber":"pl-120","street":"palmilla","state":"Florida","country":"USA","zipCode":324578},"user_id":4502,"user_first_name":"AvengersNew","user_last_name":"Marvel","user_contact_number":2233214434,"user_email_id":"Tony1234@Avengers.com","creation_time":"2024-09-25T20:35:03.908+00:00","last_mod_time":"2024-09-25T20:35:03.908+00:00"},{"userAddress":{"addressId":1778,"plotNumber":"KB-425","street":"CT","state":"WA","country":"USA","zipCode":98053},"user_id":1811,"user_first_name":"Kiranraj","user_last_name":"Singhla","user_contact_number":3252222222,"user_email_id":"kbalahara2@gmail.com","creation_time":"2024-09-21T01:49:16.208+00:00","last_mod_time":"2024-09-21T01:49:16.208+00:00"},{"userAddress":{"addressId":9573,"plotNumber":"P1-10","street":"Bridgette Forest","state":"TX","country":"USA","zipCode":12356},"user_id":9605,"user_first_name":"Cristina","user_last_name":"Rolfson","user_contact_number":3607896646,"user_email_id":"Liliana27@yahoo.com","creation_time":"2024-10-14T10:12:44.993+00:00","last_mod_time":"2024-10-14T10:12:44.993+00:00"},{"userAddress":{"addressId":2014,"plotNumber":"W-425","street":"CT","state":"WA","country":"USA","zipCode":98052},"user_id":2047,"user_first_name":"Kiran V","user_last_name":"Singh","user_contact_number":4252222221,"user_email_id":"kblhr@hotmail.com","creation_time":"2024-09-21T17:50:32.653+00:00","last_mod_time":"2024-09-21T17:50:32.653+00:00"},{"userAddress":{"addressId":1204,"plotNumber":"4330-aa","street":"woodward way","state":"GA","country":"USA","zipCode":30041},"user_id":1237,"user_first_name":"Divya","user_last_name":"Narasimhan","user_contact_number":8176029297,"user_email_id":"divpradhome5@gmail.com","creation_time":"2024-09-20T14:04:59.471+00:00","last_mod_time":"2024-09-21T02:08:07.386+00:00"},{"userAddress":{"addressId":1790,"plotNumber":"4330-aa","street":"woodward way","state":"GA","country":"USA","zipCode":31},"user_id":1823,"user_first_name":"Divya","user_last_name":"Narasimhan","user_contact_number":6932292716,"user_email_id":"2222@gmail.com","creation_time":"2024-09-21T02:29:45.619+00:00","last_mod_time":"2024-09-21T02:29:45.619+00:00"},{"userAddress":{"addressId":2017,"plotNumber":"pl-03","street":"palmilla","state":"Florida","country":"USA","zipCode":77057},"user_id":2050,"user_first_name":"Tanvi","user_last_name":"Carrot","user_contact_number":3344556677,"user_email_id":"onion10@gmail.com","creation_time":"2024-09-21T17:53:12.560+00:00","last_mod_time":"2024-09-21T17:53:12.560+00:00"},{"userAddress":{"addressId":2019,"plotNumber":"W-425","street":"CT","state":"WA","country":"USA","zipCode":null},"user_id":2052,"user_first_name":"Kiran V","user_last_name":"Sin","user_contact_number":4252222220,"user_email_id":"kblhri@hotmail.com","creation_time":"2024-09-21T17:54:59.210+00:00","last_mod_time":"2024-09-21T17:54:59.210+00:00"},{"userAddress":{"addressId":4515,"plotNumber":"p1-098","street":"cxvbmnb ","state":"uibhjkl","country":"USA","zipCode":90865},"user_id":4548,"user_first_name":"beoppoklpjk","user_last_name":"vhhighojo","user_contact_number":1586324614,"user_email_id":"nijua.loj-1727305277361@ecxfs.com","creation_time":"2024-09-25T23:01:17.986+00:00","last_mod_time":"2024-09-25T23:01:17.986+00:00"},{"userAddress":{"addressId":1796,"plotNumber":"M-45","street":"Adisoon","state":"Florida","country":"USA","zipCode":345773},"user_id":1829,"user_first_name":"Johnyy","user_last_name":"Royy","user_contact_number":4586456789,"user_email_id":"johny785@gmail.com","creation_time":"2024-09-21T02:44:38.272+00:00","last_mod_time":"2024-09-21T02:44:38.272+00:00"},{"userAddress":{"addressId":2975,"plotNumber":"307-A","street":"laplace","state":"PA","country":"USA","zipCode":90876},"user_id":3008,"user_first_name":"TestUserb","user_last_name":"TestUserp","user_contact_number":2222487990,"user_email_id":"demo00@gmail.com","creation_time":"2024-09-23T01:14:32.220+00:00","last_mod_time":"2024-09-23T01:14:32.220+00:00"},{"userAddress":{"addressId":1799,"plotNumber":"M-45","street":"Adisson","state":"Florida","country":"USA","zipCode":345473},"user_id":1832,"user_first_name":"Johhny","user_last_name":"Roy","user_contact_number":4586956789,"user_email_id":"johhn7885@gmail.com","creation_time":"2024-09-21T02:47:37.225+00:00","last_mod_time":"2024-09-21T02:47:37.225+00:00"},{"userAddress":{"addressId":2608,"plotNumber":"pl-00","street":"Broadway","state":"New Jersey","country":"USA","zipCode":837323},"user_id":2641,"user_first_name":"dheenatha","user_last_name":"selva","user_contact_number":7239998788,"user_email_id":"dheen@gmail.com","creation_time":"2024-09-22T17:50:03.073+00:00","last_mod_time":"2024-09-22T18:02:16.381+00:00"},{"userAddress":{"addressId":2606,"plotNumber":"pl-28","street":"Broadway","state":"Maryland","country":"MD","zipCode":543215},"user_id":2639,"user_first_name":"ziya","user_last_name":"bhaskar","user_contact_number":9163826333,"user_email_id":"ziya@gmail.com","creation_time":"2024-09-22T17:49:16.277+00:00","last_mod_time":"2024-09-22T18:19:47.288+00:00"},{"userAddress":{"addressId":3280,"plotNumber":null,"street":"test","state":"virginia","country":"INDIA","zipCode":20144444},"user_id":3313,"user_first_name":"Seema","user_last_name":"Hassan","user_contact_number":5869339080,"user_email_id":"humarani5@cloud.com","creation_time":"2024-09-23T04:19:50.240+00:00","last_mod_time":"2024-09-23T04:19:50.240+00:00"},{"userAddress":{"addressId":2979,"plotNumber":"123-ab","street":"abcd","state":"nj","country":"usa","zipCode":9890},"user_id":3012,"user_first_name":"Acinraa","user_last_name":"Arumuga","user_contact_number":9876543212,"user_email_id":"aar@gmail.com","creation_time":"2024-09-23T01:15:53.690+00:00","last_mod_time":"2024-09-23T01:36:49.435+00:00"},{"userAddress":{"addressId":3281,"plotNumber":null,"street":"test","state":"virginia","country":"USA","zipCode":20144444},"user_id":3314,"user_first_name":"Seema","user_last_name":"Hassan","user_contact_number":5879339080,"user_email_id":"humarani6@cloud.com","creation_time":"2024-09-23T04:20:33.224+00:00","last_mod_time":"2024-09-23T04:20:33.224+00:00"},{"userAddress":{"addressId":2639,"plotNumber":"pl-72","street":"Broadway","state":"New Jersey","country":"USA","zipCode":72363},"user_id":2672,"user_first_name":"randomFirstName","user_last_name":"randomLastName","user_contact_number":9073331673,"user_email_id":"user698@example.com","creation_time":"2024-09-22T18:48:58.312+00:00","last_mod_time":"2024-09-22T18:48:58.312+00:00"},{"userAddress":{"addressId":3282,"plotNumber":null,"street":"test","state":"virginia","country":"USA","zipCode":20144444312321312},"user_id":3315,"user_first_name":"Seema","user_last_name":"Hassan","user_contact_number":5872339080,"user_email_id":"humarani7@cloud.com","creation_time":"2024-09-23T04:20:57.131+00:00","last_mod_time":"2024-09-23T04:20:57.131+00:00"},{"userAddress":{"addressId":1815,"plotNumber":"pl-55","street":"Avenue","state":"MI","country":"USA","zipCode":654321},"user_id":1848,"user_first_name":"statsti","user_last_name":"maryland","user_contact_number":2320013000,"user_email_id":"maryland12@gmail.com","creation_time":"2024-09-21T03:08:01.746+00:00","last_mod_time":"2024-09-21T03:08:01.746+00:00"},{"userAddress":{"addressId":1819,"plotNumber":"pl-55","street":"Avenue","state":"MI","country":"USA","zipCode":654321},"user_id":1852,"user_first_name":"statstic","user_last_name":"maryland","user_contact_number":2310013000,"user_email_id":"maryland123@gmail.com","creation_time":"2024-09-21T03:12:30.887+00:00","last_mod_time":"2024-09-21T03:12:30.887+00:00"},{"userAddress":{"addressId":2230,"plotNumber":"pl-51","street":"vail rd","state":"nj","country":"usa","zipCode":54321},"user_id":2263,"user_first_name":"smithatest","user_last_name":"dman","user_contact_number":2353231145,"user_email_id":"ss22team5@gmail.com","creation_time":"2024-09-21T23:27:58.028+00:00","last_mod_time":"2024-09-21T23:27:58.028+00:00"},{"userAddress":{"addressId":1825,"plotNumber":"a-524","street":"street","state":"TX","country":"US","zipCode":10700},"user_id":1858,"user_first_name":"Taaju","user_last_name":"Bajaj","user_contact_number":4692339955,"user_email_id":"taajub@gmail.com","creation_time":"2024-09-21T03:25:10.567+00:00","last_mod_time":"2024-09-21T03:25:10.567+00:00"},{"userAddress":{"addressId":1826,"plotNumber":"pl-23","street":"my Street","state":"Texas","country":"USA","zipCode":75068},"user_id":1859,"user_first_name":"teamtwoviji","user_last_name":"zcghdfgfhg","user_contact_number":6778645678,"user_email_id":"tyjjayje@gmail.com","creation_time":"2024-09-21T03:26:53.684+00:00","last_mod_time":"2024-09-21T03:26:53.684+00:00"},{"userAddress":{"addressId":2240,"plotNumber":"M-45","street":"Adisson","state":"Florida","country":"USA","zipCode":345473},"user_id":2273,"user_first_name":"Tejas","user_last_name":"Rathod","user_contact_number":4586955890,"user_email_id":"tejas7885@gmail.com","creation_time":"2024-09-21T23:59:46.269+00:00","last_mod_time":"2024-09-21T23:59:46.269+00:00"},{"userAddress":{"addressId":2023,"plotNumber":"ab-03","street":"Denvor","state":"Florida","country":"USA","zipCode":77057},"user_id":2056,"user_first_name":"Tanvi","user_last_name":"Beetroot","user_contact_number":7711662244,"user_email_id":"onion45@gmail.com","creation_time":"2024-09-21T17:59:35.126+00:00","last_mod_time":"2024-09-21T17:59:35.126+00:00"},{"userAddress":{"addressId":4237,"plotNumber":"A-89","street":"Valley Ranch","state":"TX","country":"USA","zipCode":75068},"user_id":4270,"user_first_name":"TestMradulaB","user_last_name":"TestB","user_contact_number":6789543456,"user_email_id":"TestMB@gmail.com","creation_time":"2024-09-23T19:12:23.983+00:00","last_mod_time":"2024-09-23T19:12:23.983+00:00"},{"userAddress":{"addressId":2025,"plotNumber":"W-425","street":"CT","state":"WA","country":"USA","zipCode":null},"user_id":2058,"user_first_name":"Kiran V","user_last_name":"Sin","user_contact_number":4252222277,"user_email_id":"kbslhrs77@hotmail.com","creation_time":"2024-09-21T18:06:13.295+00:00","last_mod_time":"2024-09-21T18:06:13.295+00:00"},{"userAddress":{"addressId":2133,"plotNumber":"KB-425","street":"CT","state":"WA","country":"USA","zipCode":98},"user_id":2166,"user_first_name":"kimliran","user_last_name":"kimlingh","user_contact_number":8652122228,"user_email_id":"kibahra@gmail.com","creation_time":"2024-09-21T21:38:00.182+00:00","last_mod_time":"2024-09-21T21:38:00.182+00:00"},{"userAddress":{"addressId":2134,"plotNumber":"KB-425","street":"CT","state":"WA","country":"USA","zipCode":null},"user_id":2167,"user_first_name":"Kra","user_last_name":"Sin","user_contact_number":4252232922,"user_email_id":"kbalaa@gmail.com","creation_time":"2024-09-21T21:44:32.935+00:00","last_mod_time":"2024-09-21T21:44:32.935+00:00"},{"userAddress":{"addressId":2135,"plotNumber":"KB-425","street":"CT","state":"WA","country":"USA","zipCode":null},"user_id":2168,"user_first_name":"Krla","user_last_name":"Sinm","user_contact_number":4252232999,"user_email_id":"kblaa@gmail.com","creation_time":"2024-09-21T21:45:37.499+00:00","last_mod_time":"2024-09-21T21:45:37.499+00:00"},{"userAddress":{"addressId":4238,"plotNumber":"25-8","street":"abc klane","state":"Utah","country":"USA","zipCode":96584},"user_id":4271,"user_first_name":"Pree","user_last_name":"Renu","user_contact_number":3012635478,"user_email_id":"abc1dsd@gmail.com","creation_time":"2024-09-23T19:15:57.414+00:00","last_mod_time":"2024-09-23T19:15:57.414+00:00"},{"userAddress":{"addressId":4239,"plotNumber":"AB-61","street":"Atlantis","state":"VA","country":"USA","zipCode":1317845},"user_id":4272,"user_first_name":"AMRITA","user_last_name":"ANAND","user_contact_number":4545629245,"user_email_id":"degh@gmail.com","creation_time":"2024-09-23T19:17:15.042+00:00","last_mod_time":"2024-09-23T19:17:15.042+00:00"},{"userAddress":{"addressId":4747,"plotNumber":"p1-098","street":"cxvbmnb ","state":"uibhjkl","country":"USA","zipCode":90865},"user_id":4780,"user_first_name":"bpghkhjd","user_last_name":"vhdbhjfg","user_contact_number":1235481968,"user_email_id":"nijua.loj-1727321814121@ecxfs.com","creation_time":"2024-09-26T03:36:54.777+00:00","last_mod_time":"2024-09-26T03:36:54.777+00:00"},{"userAddress":{"addressId":2977,"plotNumber":"307-A","street":"laplace","state":"PA","country":"USA","zipCode":90876},"user_id":3010,"user_first_name":"TestUserrw","user_last_name":"TewstUser","user_contact_number":2323232399,"user_email_id":"2399@gmail.com","creation_time":"2024-09-23T01:15:42.549+00:00","last_mod_time":"2024-09-23T01:15:42.549+00:00"},{"userAddress":{"addressId":8796,"plotNumber":"P1-11","street":"Main","state":"LA","country":"USA","zipCode":20875},"user_id":8828,"user_first_name":"KyyRam","user_last_name":"KyAppa","user_contact_number":7788132104,"user_email_id":"Team03KyyRaRamappa@gmail.com","creation_time":"2024-10-13T17:21:57.021+00:00","last_mod_time":"2024-10-13T17:21:57.021+00:00"},{"userAddress":{"addressId":9956,"plotNumber":"P1-11","street":"Main","state":"LA","country":"USA","zipCode":20875},"user_id":9988,"user_first_name":"lavanya","user_last_name":"John","user_contact_number":4449334456,"user_email_id":"Team03LJohn@gmail.com","creation_time":"2024-10-15T15:58:54.894+00:00","last_mod_time":"2024-10-15T15:58:54.894+00:00"},{"userAddress":{"addressId":8975,"plotNumber":"335-p","street":"sterling","state":"Minnesota","country":"Chase","zipCode":55032},"user_id":9007,"user_first_name":"Stella","user_last_name":"Iron","user_contact_number":6783896556,"user_email_id":"stp@yahoo.com","creation_time":"2024-10-13T23:00:54.783+00:00","last_mod_time":"2024-10-13T23:00:54.783+00:00"},{"userAddress":{"addressId":9313,"plotNumber":"N-43","street":"Nagab","state":"Kakinb","country":"Indian","zipCode":7653},"user_id":9345,"user_first_name":"Ramu","user_last_name":"Kotan","user_contact_number":1235688764,"user_email_id":"msiranb@gmail.com","creation_time":"2024-10-14T06:43:09.078+00:00","last_mod_time":"2024-10-14T06:43:09.078+00:00"},{"userAddress":{"addressId":5797,"plotNumber":"p1-098","street":"cxvbmnb ","state":"uibhjkl","country":"USA","zipCode":90865},"user_id":5830,"user_first_name":"bpghkhjd","user_last_name":"vhdbhjfg","user_contact_number":1623280051,"user_email_id":"nijua.loj-1727455404003@ecxfs.com","creation_time":"2024-09-27T16:43:37.878+00:00","last_mod_time":"2024-09-27T16:43:37.878+00:00"},{"userAddress":{"addressId":2038,"plotNumber":"pr-878","street":"string","state":"string","country":"string","zipCode":89098},"user_id":2071,"user_first_name":"abcd","user_last_name":"jjjj","user_contact_number":8987098768,"user_email_id":"sd28@gmail.com","creation_time":"2024-09-21T18:22:10.264+00:00","last_mod_time":"2024-09-21T18:22:10.264+00:00"},{"userAddress":{"addressId":4427,"plotNumber":"p1-098","street":"cxvbmnb ","state":"uibhjkl","country":"USA","zipCode":90865},"user_id":4460,"user_first_name":"bnhkklldft","user_last_name":"vhjdrjvbaaspe","user_contact_number":1725738035,"user_email_id":"cvfa.nme-1727284586931@example.com","creation_time":"2024-09-25T17:16:34.921+00:00","last_mod_time":"2024-09-25T17:16:34.921+00:00"},{"userAddress":{"addressId":4453,"plotNumber":"p1-098","street":"cxvbmnb ","state":"uibhjkl","country":"USA","zipCode":90865},"user_id":4486,"user_first_name":"bkleklklo","user_last_name":"vdbnhyhdrop","user_contact_number":1623219342,"user_email_id":"cvfa.nme-1727291968428@example.com","creation_time":"2024-09-25T19:19:28.989+00:00","last_mod_time":"2024-09-25T19:19:28.989+00:00"},{"userAddress":{"addressId":5974,"plotNumber":"p1-87","street":"njgbfd","state":"nj","country":"USA","zipCode":97076},"user_id":6007,"user_first_name":"bngetnmghjk","user_last_name":"vhjjvbnihj","user_contact_number":1141375641,"user_email_id":"sdsf.cvxi-1727477968934@edcs.com","creation_time":"2024-09-27T22:59:39.561+00:00","last_mod_time":"2024-09-27T22:59:39.561+00:00"},{"userAddress":{"addressId":8184,"plotNumber":null,"street":null,"state":null,"country":null,"zipCode":null},"user_id":8216,"user_first_name":"ZRJaUsGHcF","user_last_name":"bOhlEHipLM","user_contact_number":2988081460,"user_email_id":"team2682p8d4hi9ak@gmail.com","creation_time":"2024-10-12T17:50:30.904+00:00","last_mod_time":"2024-10-12T17:50:30.904+00:00"},{"userAddress":{"addressId":4567,"plotNumber":"p1-123","street":null,"state":"CA","country":null,"zipCode":12345},"user_id":4600,"user_first_name":"Joni","user_last_name":"Dily","user_contact_number":1231238890,"user_email_id":"jopp012@example.com","creation_time":"2024-09-25T23:52:23.327+00:00","last_mod_time":"2024-09-25T23:52:23.327+00:00"},{"userAddress":{"addressId":2523,"plotNumber":"k-744","street":null,"state":"halifax","country":null,"zipCode":3456},"user_id":2556,"user_first_name":"dd","user_last_name":"trisha","user_contact_number":7221374777,"user_email_id":"uyi1f22t@gmail.com","creation_time":"2024-09-22T15:29:54.326+00:00","last_mod_time":"2024-09-22T15:29:54.326+00:00"},{"userAddress":{"addressId":4568,"plotNumber":"pl-72","street":"Avenue","state":"New Jersey","country":"USA","zipCode":72322},"user_id":4601,"user_first_name":"train","user_last_name":"vehids","user_contact_number":7765799990,"user_email_id":"vehicl15@gmail.com","creation_time":"2024-09-25T23:53:18.573+00:00","last_mod_time":"2024-09-25T23:53:18.573+00:00"},{"userAddress":{"addressId":2045,"plotNumber":"pr-108","street":"string","state":"string","country":"string","zipCode":89098},"user_id":2078,"user_first_name":"Shreya","user_last_name":"Das","user_contact_number":8987878980,"user_email_id":"shd10@gmail.com","creation_time":"2024-09-21T18:50:38.500+00:00","last_mod_time":"2024-09-21T18:50:38.500+00:00"},{"userAddress":{"addressId":4606,"plotNumber":"p1-098","street":"cxvbmnb ","state":"uibhjkl","country":"USA","zipCode":90865},"user_id":4639,"user_first_name":"bpghkhjd","user_last_name":"updatedLastName","user_contact_number":1781118725,"user_email_id":"nijua.loj-1727311805852@ecxfs.com","creation_time":"2024-09-26T00:50:06.427+00:00","last_mod_time":"2024-09-26T00:50:09.387+00:00"},{"userAddress":{"addressId":4569,"plotNumber":"p1-123","street":null,"state":"CA","country":null,"zipCode":12345},"user_id":4602,"user_first_name":"Jui","user_last_name":"lily","user_contact_number":1288238890,"user_email_id":"joqq012@example.com","creation_time":"2024-09-25T23:56:03.878+00:00","last_mod_time":"2024-09-25T23:56:03.878+00:00"},{"userAddress":{"addressId":4519,"plotNumber":"p1-098","street":"cxvbmnb ","state":"uibhjkl","country":"USA","zipCode":90865},"user_id":4552,"user_first_name":"bepjk","user_last_name":"vhhojo","user_contact_number":1751177578,"user_email_id":"nijua.loj-1727305528133@ecxfs.com","creation_time":"2024-09-25T23:05:28.784+00:00","last_mod_time":"2024-09-25T23:05:28.784+00:00"},{"userAddress":{"addressId":2640,"plotNumber":"pl-72","street":"Broadway","state":"New Jersey","country":"USA","zipCode":72363},"user_id":2673,"user_first_name":"randomFirstName","user_last_name":"randomLastName","user_contact_number":2756827788,"user_email_id":"user800@example.com","creation_time":"2024-09-22T18:49:15.061+00:00","last_mod_time":"2024-09-22T18:49:15.061+00:00"},{"userAddress":{"addressId":4476,"plotNumber":"12-b","street":"BURBANK","state":"FL","country":"USA","zipCode":19876},"user_id":4509,"user_first_name":"larry","user_last_name":"saryn","user_contact_number":6106201766,"user_email_id":"star987@gmail.com","creation_time":"2024-09-25T21:00:01.390+00:00","last_mod_time":"2024-09-25T21:20:56.214+00:00"},{"userAddress":{"addressId":4601,"plotNumber":"p1-098","street":"cxvbmnb ","state":"uibhjkl","country":"USA","zipCode":90865},"user_id":4634,"user_first_name":"bpgokphkhjd","user_last_name":"updatedLastName","user_contact_number":1589137217,"user_email_id":"nijua.loj-1727311569123@ecxfs.com","creation_time":"2024-09-26T00:46:09.709+00:00","last_mod_time":"2024-09-26T00:46:12.797+00:00"},{"userAddress":{"addressId":3582,"plotNumber":"307-A","street":"laplace","state":"PA","country":"USA","zipCode":90876},"user_id":3615,"user_first_name":"TesttUser","user_last_name":"TestUserr","user_contact_number":2323232312,"user_email_id":"1234@gmail.com","creation_time":"2024-09-23T14:11:12.631+00:00","last_mod_time":"2024-09-23T14:11:12.631+00:00"},{"userAddress":{"addressId":2146,"plotNumber":"pl-51","street":"vail rd","state":"nj","country":"usa","zipCode":54321},"user_id":2179,"user_first_name":"rago","user_last_name":"laol","user_contact_number":3005550045,"user_email_id":"sdte77898@gmail.com","creation_time":"2024-09-21T21:59:59.214+00:00","last_mod_time":"2024-09-21T21:59:59.214+00:00"},{"userAddress":{"addressId":1822,"plotNumber":"8890-T","street":"Falcon Dr","state":"NJ","country":"USA","zipCode":53109},"user_id":1855,"user_first_name":"Shyla","user_last_name":"Singh","user_contact_number":6890654321,"user_email_id":"sharonstacer1@gmail.com","creation_time":"2024-09-21T03:19:34.204+00:00","last_mod_time":"2024-09-22T18:49:37.272+00:00"},{"userAddress":{"addressId":2148,"plotNumber":"277TH-SE","street":"Terrence","state":"Washington","country":"USA","zipCode":98075},"user_id":2181,"user_first_name":"Monal","user_last_name":"Dalbehera","user_contact_number":4259851803,"user_email_id":"monalisa.dalbehera@gmail.com","creation_time":"2024-09-21T22:02:54.980+00:00","last_mod_time":"2024-09-21T22:02:54.980+00:00"},{"userAddress":{"addressId":3583,"plotNumber":"307-A","street":"laplace","state":"PA","country":"USA","zipCode":90876},"user_id":3616,"user_first_name":"TestUsera","user_last_name":"TestUserb","user_contact_number":2222487958,"user_email_id":"demo12@gmail.com","creation_time":"2024-09-23T14:11:12.959+00:00","last_mod_time":"2024-09-23T14:11:12.959+00:00"},{"userAddress":{"addressId":2026,"plotNumber":"277TH-SE","street":"Terrence","state":"Washingron","country":"USA","zipCode":98075},"user_id":2059,"user_first_name":"Monalisa","user_last_name":"Dalbehera","user_contact_number":4259851903,"user_email_id":"spk2mona@abc.com","creation_time":"2024-09-21T18:06:16.763+00:00","last_mod_time":"2024-09-21T19:09:24.433+00:00"},{"userAddress":{"addressId":5064,"plotNumber":"ok-6","street":null,"state":"youkom","country":null,"zipCode":564567},"user_id":5097,"user_first_name":"reka","user_last_name":"saroh","user_contact_number":3451456789,"user_email_id":"df1d@gmail.com","creation_time":"2024-09-26T21:04:39.966+00:00","last_mod_time":"2024-09-26T21:04:39.966+00:00"},{"userAddress":{"addressId":3706,"plotNumber":"pl-72","street":"Broadway","state":"New Jersey","country":"USA","zipCode":72363},"user_id":3739,"user_first_name":"randomFirstName","user_last_name":"randomLastName","user_contact_number":4676147096,"user_email_id":"user337@example.com","creation_time":"2024-09-23T15:35:10.008+00:00","last_mod_time":"2024-09-23T15:35:10.008+00:00"},{"userAddress":{"addressId":6425,"plotNumber":"pl-101","street":"WolfStreet","state":"NC","country":"USA","zipCode":12312},"user_id":6458,"user_first_name":"VijiAvengers","user_last_name":"Stark","user_contact_number":1667447566,"user_email_id":"Stnew123mine@gmail.com","creation_time":"2024-09-29T16:05:43.728+00:00","last_mod_time":"2024-09-29T16:05:43.728+00:00"},{"userAddress":{"addressId":3936,"plotNumber":"AB-383","street":"Mockingbird way","state":"OR","country":"USA","zipCode":97007},"user_id":3969,"user_first_name":"Heni","user_last_name":"Jerald","user_contact_number":2529373428,"user_email_id":"josh@gmail.com","creation_time":"2024-09-23T16:20:46.938+00:00","last_mod_time":"2024-09-23T16:20:46.938+00:00"},{"userAddress":{"addressId":6426,"plotNumber":"pl-101","street":"WolfStreet","state":"NC","country":"USA","zipCode":12312},"user_id":6459,"user_first_name":"VijiAvengers","user_last_name":"Stark","user_contact_number":1667847566,"user_email_id":"Stnew89mine@gmail.com","creation_time":"2024-09-29T16:09:17.510+00:00","last_mod_time":"2024-09-29T16:09:17.510+00:00"},{"userAddress":{"addressId":6427,"plotNumber":"pl-101","street":"WolfStreet","state":"NC","country":"USA","zipCode":12312},"user_id":6460,"user_first_name":"VijiAvengers","user_last_name":"Stark","user_contact_number":1678471166,"user_email_id":"Stnew99mine@gmail.com","creation_time":"2024-09-29T16:13:09.915+00:00","last_mod_time":"2024-09-29T16:13:09.915+00:00"},{"userAddress":{"addressId":2058,"plotNumber":"pr-108","street":"string","state":"string","country":"string","zipCode":89098},"user_id":2091,"user_first_name":"Shreya","user_last_name":"Das","user_contact_number":8987878981,"user_email_id":"shd11@gmail.com","creation_time":"2024-09-21T19:30:10.339+00:00","last_mod_time":"2024-09-21T19:30:10.339+00:00"},{"userAddress":{"addressId":5807,"plotNumber":"p1-59","street":"sdfiot","state":"cd","country":"USA","zipCode":94056},"user_id":5840,"user_first_name":"bpghkhjd","user_last_name":"wronglastname","user_contact_number":1458399277,"user_email_id":"hjitr.cvu-1727455970302@wdt.com","creation_time":"2024-09-27T16:52:51.671+00:00","last_mod_time":"2024-09-27T16:52:51.671+00:00"},{"userAddress":{"addressId":5808,"plotNumber":"p1-098","street":"cxvbmnb ","state":"uibhjkl","country":"USA","zipCode":90865},"user_id":5841,"user_first_name":"bpghkhjd","user_last_name":"vhdbhjfg","user_contact_number":1010240682,"user_email_id":"nijua.loj-1727455398103@ecxfs.com","creation_time":"2024-09-27T16:54:51.268+00:00","last_mod_time":"2024-09-27T16:54:51.268+00:00"},{"userAddress":{"addressId":2542,"plotNumber":"BL-23456","street":null,"state":"CA","country":null,"zipCode":null},"user_id":2575,"user_first_name":"TOMMY","user_last_name":"carsen","user_contact_number":9234567889,"user_email_id":"Tomcarsen111@gmail.com","creation_time":"2024-09-22T16:05:10.898+00:00","last_mod_time":"2024-09-22T16:05:10.898+00:00"},{"userAddress":{"addressId":2543,"plotNumber":"pl-51","street":"vail rd","state":"nj","country":"usa","zipCode":54321},"user_id":2576,"user_first_name":"smithatset","user_last_name":"dmaanj","user_contact_number":3389131145,"user_email_id":"ss238team5@gmail.com","creation_time":"2024-09-22T16:07:02.687+00:00","last_mod_time":"2024-09-22T16:07:02.687+00:00"},{"userAddress":{"addressId":5812,"plotNumber":"p1-59","street":"sdfiot","state":"cd","country":"USA","zipCode":94056},"user_id":5845,"user_first_name":"bpghkhjd","user_last_name":"wronglastname","user_contact_number":1818459548,"user_email_id":"hjitr.cvu-1727456108119@wdt.com","creation_time":"2024-09-27T16:55:39.164+00:00","last_mod_time":"2024-09-27T16:55:39.164+00:00"},{"userAddress":{"addressId":2178,"plotNumber":"277TH-SE","street":"Terrence","state":"Washington","country":"USA","zipCode":98075},"user_id":2211,"user_first_name":"lisa","user_last_name":"Dalbehera","user_contact_number":4259851503,"user_email_id":"monalisa.dalbehera@abc.com","creation_time":"2024-09-21T22:25:53.254+00:00","last_mod_time":"2024-09-21T22:25:53.254+00:00"},{"userAddress":{"addressId":5288,"plotNumber":"ok-6","street":null,"state":"youkom","country":null,"zipCode":564567},"user_id":5321,"user_first_name":"reka","user_last_name":"saroh","user_contact_number":3019956789,"user_email_id":"d0@gmail.com","creation_time":"2024-09-27T01:06:50.186+00:00","last_mod_time":"2024-09-27T01:06:50.186+00:00"},{"userAddress":{"addressId":5289,"plotNumber":"136-AtB","street":"nehru streets","state":"CA","country":"USA","zipCode":93651},"user_id":5322,"user_first_name":"Adi","user_last_name":"Ram","user_contact_number":6433377362,"user_email_id":"IjKMgSXxVR@gmail.com","creation_time":"2024-09-27T01:08:00.417+00:00","last_mod_time":"2024-09-27T01:08:00.417+00:00"},{"userAddress":{"addressId":5291,"plotNumber":"pl-13","street":"Broadway","state":"New Jersey","country":"USA","zipCode":null},"user_id":5324,"user_first_name":"dheenatha","user_last_name":"selva","user_contact_number":7739998788,"user_email_id":"dheen111@gmail.com","creation_time":"2024-09-27T01:13:27.729+00:00","last_mod_time":"2024-09-27T01:13:27.729+00:00"},{"userAddress":{"addressId":5292,"plotNumber":"UEjz-373","street":null,"state":"GA","country":null,"zipCode":48784},"user_id":5325,"user_first_name":"Rani","user_last_name":"Rao","user_contact_number":7878787882,"user_email_id":"DZP@gmail.com","creation_time":"2024-09-27T01:13:46.995+00:00","last_mod_time":"2024-09-27T01:13:46.995+00:00"},{"userAddress":{"addressId":5293,"plotNumber":"ok-6","street":null,"state":"youkom","country":null,"zipCode":564567},"user_id":5326,"user_first_name":"reka","user_last_name":"saroh","user_contact_number":3433456789,"user_email_id":"d034@gmail.com","creation_time":"2024-09-27T01:16:11.777+00:00","last_mod_time":"2024-09-27T01:16:11.777+00:00"},{"userAddress":{"addressId":2559,"plotNumber":null,"street":null,"state":"CA","country":null,"zipCode":90001},"user_id":2592,"user_first_name":"krishtina","user_last_name":"giden","user_contact_number":1234567896,"user_email_id":"krishti.doe@example.com","creation_time":"2024-09-22T16:30:39.118+00:00","last_mod_time":"2024-09-22T16:30:39.118+00:00"},{"userAddress":{"addressId":2560,"plotNumber":null,"street":null,"state":"CA","country":null,"zipCode":90001},"user_id":2593,"user_first_name":"krishtina","user_last_name":"giden","user_contact_number":1934567899,"user_email_id":"krishtii2.doe@example.com","creation_time":"2024-09-22T16:30:50.028+00:00","last_mod_time":"2024-09-22T16:30:50.028+00:00"},{"userAddress":{"addressId":4654,"plotNumber":"p1-098","street":"cxvbmnb ","state":"uibhjkl","country":"USA","zipCode":90865},"user_id":4687,"user_first_name":"bpghkhjd","user_last_name":"updatedLastName","user_contact_number":1441728800,"user_email_id":"nijua.loj-1727318056556@ecxfs.com","creation_time":"2024-09-26T02:34:17.186+00:00","last_mod_time":"2024-09-26T02:34:20.793+00:00"},{"userAddress":{"addressId":4978,"plotNumber":"A-202","street":"golden ln","state":"MA","country":"USA","zipCode":28456},"user_id":5011,"user_first_name":"Test","user_last_name":"Tester","user_contact_number":9876512004,"user_email_id":"te_004@gmail.com","creation_time":"2024-09-26T18:29:03.905+00:00","last_mod_time":"2024-09-26T18:29:03.905+00:00"},{"userAddress":{"addressId":3801,"plotNumber":"p1-68","street":"vail rd","state":"nj","country":"usa","zipCode":7012},"user_id":3834,"user_first_name":"Anandaa","user_last_name":"swamy","user_contact_number":6655334498,"user_email_id":"jiho10@gmail.com","creation_time":"2024-09-23T15:55:00.800+00:00","last_mod_time":"2024-09-23T15:55:00.800+00:00"},{"userAddress":{"addressId":3802,"plotNumber":"p1-68","street":"vail rd","state":"nj","country":"usa","zipCode":7012},"user_id":3835,"user_first_name":"Swamyo","user_last_name":"Anando","user_contact_number":9945535567,"user_email_id":"ghiuytr55@gmail.com","creation_time":"2024-09-23T15:55:00.976+00:00","last_mod_time":"2024-09-23T15:55:00.976+00:00"},{"userAddress":{"addressId":4980,"plotNumber":"p1-09","street":"Main","state":"NY","country":"USA","zipCode":10901},"user_id":5013,"user_first_name":"apple","user_last_name":"id","user_contact_number":9248350401,"user_email_id":"apple.id@example.com","creation_time":"2024-09-26T18:29:24.351+00:00","last_mod_time":"2024-09-26T18:29:24.351+00:00"},{"userAddress":{"addressId":4983,"plotNumber":"p1-09","street":"Main","state":"NY","country":"USA","zipCode":10901},"user_id":5016,"user_first_name":"apple","user_last_name":"id","user_contact_number":9248350406,"user_email_id":"id.apple@example.com","creation_time":"2024-09-26T18:33:29.907+00:00","last_mod_time":"2024-09-26T18:33:29.907+00:00"},{"userAddress":{"addressId":2098,"plotNumber":"pl-51","street":"vail rd","state":"nj","country":"usa","zipCode":54321},"user_id":2131,"user_first_name":"seema","user_last_name":"pa","user_contact_number":3450000045,"user_email_id":"sdteam45500@gmail.com","creation_time":"2024-09-21T20:36:09.622+00:00","last_mod_time":"2024-09-21T20:36:09.622+00:00"},{"userAddress":{"addressId":2099,"plotNumber":"pl-51","street":"vail rd","state":"nj","country":"usa","zipCode":54321},"user_id":2132,"user_first_name":"raga","user_last_name":"la","user_contact_number":3455000045,"user_email_id":"sdteam5500@gmail.com","creation_time":"2024-09-21T20:37:09.818+00:00","last_mod_time":"2024-09-21T20:37:09.818+00:00"},{"userAddress":{"addressId":4984,"plotNumber":"A-202","street":"golden ln","state":"MA","country":"USA","zipCode":28456},"user_id":5017,"user_first_name":"Test","user_last_name":"Tester","user_contact_number":9876512006,"user_email_id":"te_006@gmail.com","creation_time":"2024-09-26T18:34:29.254+00:00","last_mod_time":"2024-09-26T18:34:29.254+00:00"},{"userAddress":{"addressId":2197,"plotNumber":"999-K","street":"Saints Avenue","state":"CA","country":"USA","zipCode":12345678},"user_id":2230,"user_first_name":"Herbert","user_last_name":"Foster","user_contact_number":6776309400,"user_email_id":"Herbert@gmail.com","creation_time":"2024-09-21T22:36:23.276+00:00","last_mod_time":"2024-09-21T22:36:23.276+00:00"},{"userAddress":{"addressId":2199,"plotNumber":"99789-L","street":"Main Avenue","state":"CA","country":"USA","zipCode":1234},"user_id":2232,"user_first_name":"Jamie","user_last_name":"Croft","user_contact_number":7776309400,"user_email_id":"JamieJ@gmail.com","creation_time":"2024-09-21T22:38:58.240+00:00","last_mod_time":"2024-09-21T22:38:58.240+00:00"},{"userAddress":{"addressId":2104,"plotNumber":"pl-23","street":"my Street","state":"Texas","country":"USA","zipCode":75068},"user_id":2137,"user_first_name":"teamtwohgjsfds","user_last_name":"zcghdfgfhg","user_contact_number":6778678678,"user_email_id":"tyjjahjhje@gmail.com","creation_time":"2024-09-21T20:50:16.607+00:00","last_mod_time":"2024-09-21T20:50:16.607+00:00"},{"userAddress":{"addressId":2202,"plotNumber":"KB-425","street":"CT","state":"WA","country":"USA","zipCode":98052},"user_id":2235,"user_first_name":"FiKLL","user_last_name":"BiBKP","user_contact_number":9726292827,"user_email_id":"FharL91@gmail.com","creation_time":"2024-09-21T22:39:33.369+00:00","last_mod_time":"2024-09-21T22:39:33.369+00:00"},{"userAddress":{"addressId":2205,"plotNumber":"9789-L","street":"Main Street","state":"CA","country":"USA","zipCode":1545},"user_id":2238,"user_first_name":"Hari","user_last_name":"Krishna","user_contact_number":7776308890,"user_email_id":"Hari.KrishnaJ@gmail.com","creation_time":"2024-09-21T22:43:17.756+00:00","last_mod_time":"2024-09-21T22:43:17.756+00:00"},{"userAddress":{"addressId":5169,"plotNumber":"pp-01","street":"Broadway new ln","state":"Texas","country":"USA","zipCode":7005063},"user_id":5202,"user_first_name":"arav","user_last_name":"naveen","user_contact_number":2109936344,"user_email_id":"ariiiiii.pn@gmail.com","creation_time":"2024-09-26T22:08:15.739+00:00","last_mod_time":"2024-09-26T22:08:15.739+00:00"},{"userAddress":{"addressId":2214,"plotNumber":"99989-L","street":"Sams Street","state":"CA","country":"USA","zipCode":null},"user_id":2247,"user_first_name":"Larry","user_last_name":"Page","user_contact_number":4987630889,"user_email_id":"LarryPage@gmail.com","creation_time":"2024-09-21T22:56:40.504+00:00","last_mod_time":"2024-09-21T22:56:40.504+00:00"},{"userAddress":{"addressId":2223,"plotNumber":"Bl-02","street":null,"state":"California","country":null,"zipCode":32126},"user_id":2256,"user_first_name":"Anvi","user_last_name":"Carsen","user_contact_number":9024320008,"user_email_id":"anvi@gmail.com","creation_time":"2024-09-21T23:14:11.042+00:00","last_mod_time":"2024-09-21T23:14:11.042+00:00"},{"userAddress":{"addressId":2243,"plotNumber":"W-425","street":"CT","state":"WA","country":"USA","zipCode":98052772},"user_id":2276,"user_first_name":"Kiran Bala","user_last_name":"Singh","user_contact_number":4257222226,"user_email_id":"kblbhar@hotmail.com","creation_time":"2024-09-22T00:16:21.770+00:00","last_mod_time":"2024-09-22T00:16:21.770+00:00"},{"userAddress":{"addressId":2244,"plotNumber":"W-425","street":"CT","state":"WA","country":"USA","zipCode":98052},"user_id":2277,"user_first_name":"Kiran Viva","user_last_name":"Singh","user_contact_number":4252772221,"user_email_id":"kblvvhr@hotmail.com","creation_time":"2024-09-22T00:17:50.795+00:00","last_mod_time":"2024-09-22T00:17:50.795+00:00"},{"userAddress":{"addressId":2722,"plotNumber":"AS-96","street":"Raymond St","state":"NJ","country":"USA","zipCode":8896},"user_id":2755,"user_first_name":"TeamFive","user_last_name":"Tester","user_contact_number":1478523602,"user_email_id":"five3@gmail.com","creation_time":"2024-09-22T20:37:48.819+00:00","last_mod_time":"2024-09-22T20:37:48.819+00:00"},{"userAddress":{"addressId":2528,"plotNumber":"k-744","street":null,"state":"eee","country":null,"zipCode":3456},"user_id":2561,"user_first_name":"dd","user_last_name":"trisha","user_contact_number":3211374777,"user_email_id":"uyi3f12t@gmail.com","creation_time":"2024-09-22T15:36:36.578+00:00","last_mod_time":"2024-09-22T15:36:36.578+00:00"},{"userAddress":{"addressId":2706,"plotNumber":"c-20","street":"disneyland","state":"fl","country":"usa","zipCode":12345},"user_id":2739,"user_first_name":"dbh","user_last_name":"der","user_contact_number":1235467899,"user_email_id":"disney@gmail.com","creation_time":"2024-09-22T20:12:21.748+00:00","last_mod_time":"2024-09-22T20:51:59.053+00:00"},{"userAddress":{"addressId":4361,"plotNumber":"ab-13","street":"Irving","state":"Texas","country":"USA","zipCode":77144},"user_id":4394,"user_first_name":"Darsh","user_last_name":"Shebi","user_contact_number":1122338455,"user_email_id":"Darsh15@gmail.com","creation_time":"2024-09-25T03:29:34.446+00:00","last_mod_time":"2024-09-25T03:29:34.446+00:00"},{"userAddress":{"addressId":5794,"plotNumber":"p1-59","street":"sdfiot","state":"cd","country":"USA","zipCode":94056},"user_id":5827,"user_first_name":"bpghkhjd","user_last_name":"nmiouui","user_contact_number":1028030034,"user_email_id":"hjitr.cvu-1727455155522@wdt.com","creation_time":"2024-09-27T16:39:18.803+00:00","last_mod_time":"2024-09-27T16:39:18.803+00:00"},{"userAddress":{"addressId":8350,"plotNumber":"pl-23","street":"my Street","state":"Texas","country":"USA","zipCode":75068},"user_id":8382,"user_first_name":"vijaya","user_last_name":"Teamthree","user_contact_number":5662475211,"user_email_id":"vijije70bd83dm4@gmail.com","creation_time":"2024-10-12T22:20:48.443+00:00","last_mod_time":"2024-10-12T22:20:48.443+00:00"},{"userAddress":{"addressId":9380,"plotNumber":"345-p","street":"sterling","state":"Minnesota","country":"USA","zipCode":null},"user_id":9412,"user_first_name":"ssallsheena","user_last_name":"Hhanena","user_contact_number":6255103371,"user_email_id":"hr15@yahoo.com","creation_time":"2024-10-14T08:09:04.032+00:00","last_mod_time":"2024-10-14T08:09:04.032+00:00"},{"userAddress":{"addressId":4571,"plotNumber":"p1-098","street":"cxvbmnb ","state":"uibhjkl","country":"USA","zipCode":90865},"user_id":4604,"user_first_name":"bpghklophpd","user_last_name":"vhjexddfg","user_contact_number":1871189267,"user_email_id":"nijua.loj-1727308844635@ecxfs.com","creation_time":"2024-09-26T00:00:45.312+00:00","last_mod_time":"2024-09-26T00:00:45.312+00:00"},{"userAddress":{"addressId":4572,"plotNumber":"pl-14","street":"Elm St","state":"NY","country":"USA","zipCode":12345},"user_id":4605,"user_first_name":"MathuTrial","user_last_name":"Bala","user_contact_number":1934967890,"user_email_id":"bala@example.com","creation_time":"2024-09-26T00:05:36.608+00:00","last_mod_time":"2024-09-26T00:05:36.608+00:00"},{"userAddress":{"addressId":2635,"plotNumber":"pl-28","street":"Broadway","state":"Maryland","country":"MD","zipCode":543215},"user_id":2668,"user_first_name":"ziya","user_last_name":"bhaskar","user_contact_number":9963806333,"user_email_id":"ziya1@gmail.com","creation_time":"2024-09-22T18:47:57.937+00:00","last_mod_time":"2024-09-23T02:12:18.985+00:00"},{"userAddress":{"addressId":3131,"plotNumber":"pl-13","street":"Broadway","state":"New Jersey","country":"USA","zipCode":837300},"user_id":3164,"user_first_name":"dheenatha","user_last_name":"selva","user_contact_number":5462569127,"user_email_id":"zi6@gmail.com","creation_time":"2024-09-23T02:42:31.601+00:00","last_mod_time":"2024-09-23T02:47:06.746+00:00"},{"userAddress":{"addressId":4240,"plotNumber":"J-26","street":"Jhonson Ferry","state":"GA","country":"USA","zipCode":300007},"user_id":4273,"user_first_name":"Kirthi","user_last_name":"Vamshi","user_contact_number":7812344578,"user_email_id":"JFH@gmail.com","creation_time":"2024-09-23T19:26:17.298+00:00","last_mod_time":"2024-09-23T19:26:17.298+00:00"},{"userAddress":{"addressId":5366,"plotNumber":"332-r","street":"mainthree lane","state":"NY","country":"USA","zipCode":7816},"user_id":5399,"user_first_name":"Buttan","user_last_name":"vela","user_contact_number":1213141527,"user_email_id":"Buttan@gmail.com","creation_time":"2024-09-27T02:30:46.483+00:00","last_mod_time":"2024-09-27T02:30:46.483+00:00"},{"userAddress":{"addressId":3261,"plotNumber":null,"street":"test","state":"virginia","country":"USA","zipCode":20166},"user_id":3294,"user_first_name":"huma","user_last_name":"rani","user_contact_number":5759339080,"user_email_id":"humarani2@cloud.com","creation_time":"2024-09-23T04:05:08.144+00:00","last_mod_time":"2024-09-23T04:05:08.144+00:00"},{"userAddress":{"addressId":2495,"plotNumber":"Y-23","street":"Second St","state":"New York","country":"USA","zipCode":10001},"user_id":2528,"user_first_name":"Sumathirrr","user_last_name":"Doerrr","user_contact_number":1232226660,"user_email_id":"sumathfffi@example.com","creation_time":"2024-09-22T14:25:15.653+00:00","last_mod_time":"2024-09-23T09:34:32.874+00:00"},{"userAddress":{"addressId":3263,"plotNumber":null,"street":"test","state":"virginia","country":"USA","zipCode":20166},"user_id":3296,"user_first_name":"Seema","user_last_name":"Hassan","user_contact_number":5859339080,"user_email_id":"humarani3@cloud.com","creation_time":"2024-09-23T04:07:05.185+00:00","last_mod_time":"2024-09-23T04:07:05.185+00:00"},{"userAddress":{"addressId":4241,"plotNumber":"GP-08","street":"GGG","state":"Indiana","country":"USA","zipCode":45699},"user_id":4274,"user_first_name":"Gayu","user_last_name":"Prasath","user_contact_number":9001267891,"user_email_id":"ap10314@gmail.com","creation_time":"2024-09-23T19:31:10.668+00:00","last_mod_time":"2024-09-23T19:31:10.668+00:00"},{"userAddress":{"addressId":2620,"plotNumber":"pl-13","street":"Broadway","state":"New Jersey","country":"USA","zipCode":837300},"user_id":2653,"user_first_name":"dheenatha","user_last_name":"selva","user_contact_number":7009998788,"user_email_id":"zi@gmail.com","creation_time":"2024-09-22T18:10:49.506+00:00","last_mod_time":"2024-09-22T18:19:54.566+00:00"},{"userAddress":{"addressId":2547,"plotNumber":"pl-51","street":"vail rd","state":"nj","country":"usa","zipCode":54321},"user_id":2580,"user_first_name":"smithatset","user_last_name":"dmaanj","user_contact_number":3309131145,"user_email_id":"ss255team5@gmail.com","creation_time":"2024-09-22T16:12:09.530+00:00","last_mod_time":"2024-09-22T16:12:09.530+00:00"},{"userAddress":{"addressId":3708,"plotNumber":"pl-72","street":"Broadway","state":"New Jersey","country":"USA","zipCode":72363},"user_id":3741,"user_first_name":"randomFirstName","user_last_name":"randomLastName","user_contact_number":8129743971,"user_email_id":"user522@example.com","creation_time":"2024-09-23T15:37:15.794+00:00","last_mod_time":"2024-09-23T15:37:15.794+00:00"},{"userAddress":{"addressId":6428,"plotNumber":"pl-101","street":"WolfStreet","state":"NC","country":"USA","zipCode":12312},"user_id":6461,"user_first_name":"VijiAvengers","user_last_name":"Stark","user_contact_number":1671471166,"user_email_id":"Vijaya99mine@gmail.com","creation_time":"2024-09-29T16:15:32.796+00:00","last_mod_time":"2024-09-29T16:15:32.796+00:00"},{"userAddress":{"addressId":3710,"plotNumber":"pl-72","street":"Broadway","state":"New Jersey","country":"USA","zipCode":72363},"user_id":3743,"user_first_name":"randomFirstName","user_last_name":"randomLastName","user_contact_number":1478388892,"user_email_id":"user267@example.com","creation_time":"2024-09-23T15:39:42.703+00:00","last_mod_time":"2024-09-23T15:39:42.703+00:00"},{"userAddress":{"addressId":2564,"plotNumber":"pl-51","street":"vail rd","state":"nj","country":"usa","zipCode":54321},"user_id":2597,"user_first_name":"smithatset","user_last_name":"dmaanj","user_contact_number":3000031145,"user_email_id":"ss317team5@gmail.com","creation_time":"2024-09-22T16:32:58.086+00:00","last_mod_time":"2024-09-22T16:32:58.086+00:00"},{"userAddress":{"addressId":5804,"plotNumber":"p1-098","street":"cxvbmnb ","state":"uibhjkl","country":"USA","zipCode":90865},"user_id":5837,"user_first_name":"bpghkhjd","user_last_name":"vhdbhjfg","user_contact_number":1541608490,"user_email_id":"nijua.loj-1727455881220@ecxfs.com","creation_time":"2024-09-27T16:51:34.591+00:00","last_mod_time":"2024-09-27T16:51:34.591+00:00"},{"userAddress":{"addressId":2488,"plotNumber":"Y-23","street":"Second St","state":"New York","country":"USA","zipCode":434535366},"user_id":2521,"user_first_name":"EKarnan","user_last_name":"EKunti","user_contact_number":5550444772,"user_email_id":"dkflhjdklhfdslkj@gmail.com","creation_time":"2024-09-22T14:13:58.202+00:00","last_mod_time":"2024-09-23T09:45:26.873+00:00"},{"userAddress":{"addressId":2303,"plotNumber":"pr-108","street":"string","state":"string","country":"string","zipCode":89098},"user_id":2336,"user_first_name":"Shreya","user_last_name":"Das","user_contact_number":8987878990,"user_email_id":"shd20@gmail.com","creation_time":"2024-09-22T02:00:20.025+00:00","last_mod_time":"2024-09-22T02:00:20.025+00:00"},{"userAddress":{"addressId":2305,"plotNumber":"pr-108","street":"string","state":"string","country":"string","zipCode":89098},"user_id":2338,"user_first_name":"Shreya","user_last_name":"Das","user_contact_number":8987878992,"user_email_id":"shd22@gmail.com","creation_time":"2024-09-22T02:02:52.436+00:00","last_mod_time":"2024-09-22T02:02:52.436+00:00"},{"userAddress":{"addressId":3937,"plotNumber":"s-234","street":"edwin bulvd","state":"Cal","country":"US","zipCode":56744},"user_id":3970,"user_first_name":"Niranjana","user_last_name":"Rengarajan","user_contact_number":8937678278,"user_email_id":"niranj123@gamil.com","creation_time":"2024-09-23T16:24:41.893+00:00","last_mod_time":"2024-09-23T16:24:41.893+00:00"},{"userAddress":{"addressId":3130,"plotNumber":"pl-72","street":"Broadway","state":"New Jersey","country":"USA","zipCode":72363},"user_id":3163,"user_first_name":"randomFirstName","user_last_name":"randomLastName","user_contact_number":4193608086,"user_email_id":"user921@example.com","creation_time":"2024-09-23T02:42:02.345+00:00","last_mod_time":"2024-09-23T02:42:02.345+00:00"},{"userAddress":{"addressId":3938,"plotNumber":"s-234","street":"edwin bulvd","state":"Cal","country":"US","zipCode":56744},"user_id":3971,"user_first_name":"jannet","user_last_name":"kson","user_contact_number":9867678278,"user_email_id":"jan23@gamil.com","creation_time":"2024-09-23T16:24:42.114+00:00","last_mod_time":"2024-09-23T16:24:42.114+00:00"},{"userAddress":{"addressId":3941,"plotNumber":"s-234","street":"edwin bulvd","state":"Cal","country":"US","zipCode":56744},"user_id":3974,"user_first_name":"Emily","user_last_name":"Jackson","user_contact_number":9837678278,"user_email_id":"jack23@gamil.com","creation_time":"2024-09-23T16:24:42.723+00:00","last_mod_time":"2024-09-23T16:24:42.723+00:00"},{"userAddress":{"addressId":2313,"plotNumber":"G-121","street":"MGRoad","state":"KA","country":"Uk","zipCode":0},"user_id":2346,"user_first_name":"Rom","user_last_name":"Hitz","user_contact_number":7773457539,"user_email_id":"rom06@nnj.com","creation_time":"2024-09-22T02:06:36.607+00:00","last_mod_time":"2024-09-22T02:06:36.607+00:00"},{"userAddress":{"addressId":2314,"plotNumber":"G-121","street":"MGRoad","state":"KA","country":"Uk","zipCode":0},"user_id":2347,"user_first_name":"Rom","user_last_name":"Hitz","user_contact_number":7773857539,"user_email_id":"romteam06@nnj.com","creation_time":"2024-09-22T02:09:03.442+00:00","last_mod_time":"2024-09-22T02:09:03.442+00:00"},{"userAddress":{"addressId":2315,"plotNumber":"AB-763","street":"Mockingbird way","state":"OR","country":"USA","zipCode":97007},"user_id":2348,"user_first_name":"Henishia","user_last_name":"Jerald","user_contact_number":1276782622,"user_email_id":"henishia@gmail.com","creation_time":"2024-09-22T02:10:15.878+00:00","last_mod_time":"2024-09-22T02:10:15.878+00:00"},{"userAddress":{"addressId":4428,"plotNumber":"p1-098","street":"cxvbmnb ","state":"uibhjkl","country":"USA","zipCode":90865},"user_id":4461,"user_first_name":"bklldft","user_last_name":"vhjdrjvbape","user_contact_number":1819456237,"user_email_id":"cvfa.nme-1727285285046@example.com","creation_time":"2024-09-25T17:28:05.613+00:00","last_mod_time":"2024-09-25T17:28:05.613+00:00"},{"userAddress":{"addressId":2475,"plotNumber":null,"street":null,"state":"CA","country":null,"zipCode":12123},"user_id":2508,"user_first_name":"Anni","user_last_name":"Doe","user_contact_number":1284567612,"user_email_id":"A.do@example.com","creation_time":"2024-09-22T08:35:36.563+00:00","last_mod_time":"2024-09-22T08:35:36.563+00:00"},{"userAddress":{"addressId":2476,"plotNumber":null,"street":null,"state":"CA","country":null,"zipCode":12123},"user_id":2509,"user_first_name":"Anni","user_last_name":"Doe","user_contact_number":1284567613,"user_email_id":"An.do@example.com","creation_time":"2024-09-22T08:36:15.364+00:00","last_mod_time":"2024-09-22T08:36:15.364+00:00"},{"userAddress":{"addressId":4340,"plotNumber":"F-06","street":"comment","state":"like","country":"subscribe","zipCode":10023},"user_id":4373,"user_first_name":"first","user_last_name":"last","user_contact_number":1221231230,"user_email_id":"first106@last.com","creation_time":"2024-09-24T19:53:25.607+00:00","last_mod_time":"2024-09-24T19:53:25.607+00:00"},{"userAddress":{"addressId":4429,"plotNumber":"p1-098","street":"cxvbmnb ","state":"uibhjkl","country":"USA","zipCode":90865},"user_id":4462,"user_first_name":"bklldftwe","user_last_name":"vhjdrjv","user_contact_number":1495011333,"user_email_id":"cvfa.nme-1727285657413@example.com","creation_time":"2024-09-25T17:34:17.976+00:00","last_mod_time":"2024-09-25T17:34:17.976+00:00"},{"userAddress":{"addressId":2322,"plotNumber":"AB-283","street":"Mockingbird way","state":"OR","country":"USA","zipCode":97007},"user_id":2355,"user_first_name":"Jerald","user_last_name":"Paulraj","user_contact_number":5976781112,"user_email_id":"jerald@gmail.com","creation_time":"2024-09-22T02:13:17.196+00:00","last_mod_time":"2024-09-22T02:13:17.196+00:00"},{"userAddress":{"addressId":2323,"plotNumber":"AB-383","street":"Mockingbird way","state":"OR","country":"USA","zipCode":97007},"user_id":2356,"user_first_name":"Leia","user_last_name":"Jerald","user_contact_number":5976714912,"user_email_id":"Leia@gmail.com","creation_time":"2024-09-22T02:14:10.965+00:00","last_mod_time":"2024-09-22T02:14:10.965+00:00"},{"userAddress":{"addressId":4430,"plotNumber":"p1-098","street":"cxvbmnb ","state":"uibhjkl","country":"USA","zipCode":90865},"user_id":4463,"user_first_name":"bklldfsdtwe","user_last_name":"vhjdrjvop","user_contact_number":1241786094,"user_email_id":"cvfa.nme-1727285824643@example.com","creation_time":"2024-09-25T17:37:05.186+00:00","last_mod_time":"2024-09-25T17:37:05.186+00:00"},{"userAddress":{"addressId":4431,"plotNumber":"p1-098","street":"cxvbmnb ","state":"uibhjkl","country":"USA","zipCode":90865},"user_id":4464,"user_first_name":"bklldfwe","user_last_name":"vdrjvop","user_contact_number":1375582130,"user_email_id":"cvfa.nme-1727286053589@example.com","creation_time":"2024-09-25T17:40:54.166+00:00","last_mod_time":"2024-09-25T17:40:54.166+00:00"},{"userAddress":{"addressId":4454,"plotNumber":"p1-09","street":"Main","state":"NY","country":"USA","zipCode":10901},"user_id":4487,"user_first_name":"yanam","user_last_name":"don","user_contact_number":9248350609,"user_email_id":"yanam.don@example.com","creation_time":"2024-09-25T19:23:10.672+00:00","last_mod_time":"2024-09-25T19:23:10.672+00:00"},{"userAddress":{"addressId":4455,"plotNumber":"p1-098","street":"cxvbmnb ","state":"uibhjkl","country":"USA","zipCode":90865},"user_id":4488,"user_first_name":"bkllklo","user_last_name":"vdbndropopi","user_contact_number":1607660732,"user_email_id":"cvfa.nme-1727292555201@example.com","creation_time":"2024-09-25T19:29:15.717+00:00","last_mod_time":"2024-09-25T19:29:15.717+00:00"},{"userAddress":{"addressId":4457,"plotNumber":"p1-098","street":"cxvbmnb ","state":"uibhjkl","country":"USA","zipCode":90865},"user_id":4490,"user_first_name":"bklklo","user_last_name":"vdbndrop","user_contact_number":1631448954,"user_email_id":"cvfa.nme-1727292906872@example.com","creation_time":"2024-09-25T19:35:07.516+00:00","last_mod_time":"2024-09-25T19:35:07.516+00:00"},{"userAddress":{"addressId":4458,"plotNumber":"p1-098","street":"cxvbmnb ","state":"uibhjkl","country":"USA","zipCode":90865},"user_id":4491,"user_first_name":"bngetnmghjk","user_last_name":"vhjjvbnihj","user_contact_number":1556805402,"user_email_id":"nijua.loj-1727293260888@ecxfs.com","creation_time":"2024-09-25T19:41:01.514+00:00","last_mod_time":"2024-09-25T19:41:01.514+00:00"},{"userAddress":{"addressId":2493,"plotNumber":"Y-23","street":"Second St","state":"New York","country":null,"zipCode":10001},"user_id":2526,"user_first_name":"Karnan","user_last_name":"Kunti","user_contact_number":6250188888,"user_email_id":"Karnan.kunti@gmail.com","creation_time":"2024-09-22T14:20:29.796+00:00","last_mod_time":"2024-09-22T14:20:29.796+00:00"},{"userAddress":{"addressId":2333,"plotNumber":"G-121","street":"MGRoad","state":"KA","country":"Uk","zipCode":0},"user_id":2366,"user_first_name":"Rom","user_last_name":"Hitz","user_contact_number":7773057539,"user_email_id":"roometeam06@nnj.com","creation_time":"2024-09-22T02:18:03.419+00:00","last_mod_time":"2024-09-22T02:18:03.419+00:00"},{"userAddress":{"addressId":2335,"plotNumber":"G-121","street":"MGRoad","state":"KA","country":"Uk","zipCode":0},"user_id":2368,"user_first_name":"Rom","user_last_name":"Hitz","user_contact_number":7773057509,"user_email_id":"roomenteam06@nnj.com","creation_time":"2024-09-22T02:19:03.615+00:00","last_mod_time":"2024-09-22T02:19:03.615+00:00"},{"userAddress":{"addressId":2336,"plotNumber":"G-121","street":"MGRoad","state":"KA","country":"Uk","zipCode":0},"user_id":2369,"user_first_name":"Rom","user_last_name":"Hitz","user_contact_number":7793057509,"user_email_id":"roomeinteam06@nnj.com","creation_time":"2024-09-22T02:19:49.905+00:00","last_mod_time":"2024-09-22T02:19:49.905+00:00"},{"userAddress":{"addressId":2338,"plotNumber":"G-121","street":"MGRoad","state":"KA","country":"Uk","zipCode":0},"user_id":2371,"user_first_name":"Romi","user_last_name":"Hitz","user_contact_number":7793050509,"user_email_id":"rmeinteam06@nnj.com","creation_time":"2024-09-22T02:22:00.485+00:00","last_mod_time":"2024-09-22T02:22:00.485+00:00"},{"userAddress":{"addressId":2496,"plotNumber":"Y-23","street":"Second St","state":"New York","country":"USA","zipCode":10001},"user_id":2529,"user_first_name":"DKarnan","user_last_name":"DKunti","user_contact_number":6250188882,"user_email_id":"DKarnan.kunti@gmail.com","creation_time":"2024-09-22T14:27:26.085+00:00","last_mod_time":"2024-09-22T14:27:26.085+00:00"},{"userAddress":{"addressId":2497,"plotNumber":"Y-23","street":"Second St","state":"New York","country":"USA","zipCode":null},"user_id":2530,"user_first_name":"FKarnan","user_last_name":"FKunti","user_contact_number":6250188883,"user_email_id":"FKarnan.kunti@gmail.com","creation_time":"2024-09-22T14:34:54.460+00:00","last_mod_time":"2024-09-22T14:34:54.460+00:00"},{"userAddress":{"addressId":2498,"plotNumber":"Y-23","street":"Second St","state":"New York","country":"USA","zipCode":null},"user_id":2531,"user_first_name":"GKarnan","user_last_name":"GKunti","user_contact_number":6250188884,"user_email_id":"GKarnan.kunti@gmail.com","creation_time":"2024-09-22T14:35:56.864+00:00","last_mod_time":"2024-09-22T14:35:56.864+00:00"},{"userAddress":{"addressId":2340,"plotNumber":"G-121","street":"MGRoad","state":"KA","country":"Uk","zipCode":0},"user_id":2373,"user_first_name":"Romi","user_last_name":"Hitz","user_contact_number":1793050509,"user_email_id":"rmeiteam06@nnj.com","creation_time":"2024-09-22T02:23:12.845+00:00","last_mod_time":"2024-09-22T02:23:12.845+00:00"},{"userAddress":{"addressId":2321,"plotNumber":"G-121","street":"MGRoad","state":"KA","country":"Uk","zipCode":0},"user_id":2354,"user_first_name":"Rom","user_last_name":"Hertz","user_contact_number":7003857539,"user_email_id":"rometeam06@nnj.com","creation_time":"2024-09-22T02:13:15.752+00:00","last_mod_time":"2024-09-22T02:23:14.506+00:00"},{"userAddress":{"addressId":2501,"plotNumber":"Y-23","street":"Second St","state":"New York","country":"USA","zipCode":25635},"user_id":2534,"user_first_name":"HKarnan","user_last_name":"HKunti","user_contact_number":8521459876,"user_email_id":"HKarnan.kunti@gmail.com","creation_time":"2024-09-22T14:45:32.627+00:00","last_mod_time":"2024-09-22T14:45:32.627+00:00"},{"userAddress":{"addressId":2351,"plotNumber":"pl-51","street":"vail rd","state":"nj","country":"usa","zipCode":54321},"user_id":2384,"user_first_name":"rooyi","user_last_name":"laokl","user_contact_number":3004456615,"user_email_id":"sdto77008@gmail.com","creation_time":"2024-09-22T02:34:51.659+00:00","last_mod_time":"2024-09-22T02:34:51.659+00:00"},{"userAddress":{"addressId":2365,"plotNumber":"12-o","street":"qaws","state":"qa","country":"qazw","zipCode":123457},"user_id":2398,"user_first_name":"Manuela","user_last_name":"Beatty","user_contact_number":4933521528,"user_email_id":"Porter.Gaylord69@hotmail.com","creation_time":"2024-09-22T03:10:24.858+00:00","last_mod_time":"2024-09-22T03:10:24.858+00:00"},{"userAddress":{"addressId":2505,"plotNumber":"Y-23","street":"Second St","state":"New York","country":"USA","zipCode":25635},"user_id":2538,"user_first_name":"JKarnan","user_last_name":"JKunti","user_contact_number":8521459844,"user_email_id":"JKarnan3.kunti@gmail.com","creation_time":"2024-09-22T14:59:35.674+00:00","last_mod_time":"2024-09-22T14:59:35.674+00:00"},{"userAddress":{"addressId":2368,"plotNumber":"307-A","street":"laplace","state":"PA","country":"USA","zipCode":90876},"user_id":2401,"user_first_name":"TestUserr","user_last_name":"TeestUser","user_contact_number":2323232320,"user_email_id":"2320@gmail.com","creation_time":"2024-09-22T03:15:40.227+00:00","last_mod_time":"2024-09-22T03:15:40.227+00:00"},{"userAddress":{"addressId":2369,"plotNumber":"307-A","street":"laplace","state":"PA","country":"USA","zipCode":90876},"user_id":2402,"user_first_name":"TestUserr","user_last_name":"TeestUser","user_contact_number":2323232321,"user_email_id":"2322@gmail.com","creation_time":"2024-09-22T03:21:40.297+00:00","last_mod_time":"2024-09-22T03:21:40.297+00:00"},{"userAddress":{"addressId":2512,"plotNumber":"7-65","street":null,"state":"halifax","country":null,"zipCode":3456},"user_id":2545,"user_first_name":"mona","user_last_name":"trisha","user_contact_number":7771377777,"user_email_id":"uyi19t@gmail.com","creation_time":"2024-09-22T15:15:15.127+00:00","last_mod_time":"2024-09-22T15:15:15.127+00:00"},{"userAddress":{"addressId":2371,"plotNumber":"T-30","street":null,"state":"Ny","country":null,"zipCode":8832},"user_id":2404,"user_first_name":"Ruhan","user_last_name":"Dash","user_contact_number":2018356104,"user_email_id":"RuhanRR67@gmail.com","creation_time":"2024-09-22T03:22:30.279+00:00","last_mod_time":"2024-09-22T03:22:30.279+00:00"},{"userAddress":{"addressId":2354,"plotNumber":"pl-51","street":"vail rd","state":"nj","country":"usa","zipCode":54321},"user_id":2387,"user_first_name":"royi","user_last_name":"lapkl","user_contact_number":3004406615,"user_email_id":"sdto717008@gmail.com","creation_time":"2024-09-22T02:50:39.737+00:00","last_mod_time":"2024-09-22T02:50:39.737+00:00"},{"userAddress":{"addressId":2357,"plotNumber":"12-o","street":"qaws","state":"qa","country":"qazw","zipCode":123457},"user_id":2390,"user_first_name":"Cheyanne","user_last_name":"Kutch","user_contact_number":9707287151,"user_email_id":"Pierce.Larson17@yahoo.com","creation_time":"2024-09-22T02:58:09.756+00:00","last_mod_time":"2024-09-22T02:58:09.756+00:00"},{"userAddress":{"addressId":2360,"plotNumber":"12-o","street":"qaws","state":"qa","country":"qazw","zipCode":123457},"user_id":2393,"user_first_name":"Rhoda","user_last_name":"Wehner","user_contact_number":1776696835,"user_email_id":"Cordie_Bode@yahoo.com","creation_time":"2024-09-22T03:00:58.653+00:00","last_mod_time":"2024-09-22T03:00:58.653+00:00"},{"userAddress":{"addressId":2361,"plotNumber":"pr-108","street":"string","state":"string","country":"string","zipCode":89098},"user_id":2394,"user_first_name":"Shreya","user_last_name":"Das","user_contact_number":8987878994,"user_email_id":"shd24@gmail.com","creation_time":"2024-09-22T03:03:20.222+00:00","last_mod_time":"2024-09-22T03:03:20.222+00:00"},{"userAddress":{"addressId":2363,"plotNumber":"12-o","street":"qaws","state":"qa","country":"qazw","zipCode":123457},"user_id":2396,"user_first_name":"Lee","user_last_name":"Rau","user_contact_number":5332549216,"user_email_id":"Ayden81@hotmail.com","creation_time":"2024-09-22T03:04:55.285+00:00","last_mod_time":"2024-09-22T03:04:55.285+00:00"},{"userAddress":{"addressId":2364,"plotNumber":"pl-51","street":"vail rd","state":"nj","country":"usa","zipCode":54321},"user_id":2397,"user_first_name":"royii","user_last_name":"lapkol","user_contact_number":3004706615,"user_email_id":"sdto707008@gmail.com","creation_time":"2024-09-22T03:08:01.363+00:00","last_mod_time":"2024-09-22T03:08:01.363+00:00"},{"userAddress":{"addressId":2375,"plotNumber":"307-A","street":"laplace","state":"PA","country":"USA","zipCode":90876},"user_id":2408,"user_first_name":"TestUserrw","user_last_name":"TeestUser","user_contact_number":2323232322,"user_email_id":"2325@gmail.com","creation_time":"2024-09-22T03:24:53.668+00:00","last_mod_time":"2024-09-22T03:24:53.668+00:00"},{"userAddress":{"addressId":2376,"plotNumber":"pl-51","street":"vail rd","state":"nj","country":"usa","zipCode":54321},"user_id":2409,"user_first_name":"roiii","user_last_name":"laukol","user_contact_number":3004206615,"user_email_id":"sdto707508@gmail.com","creation_time":"2024-09-22T03:25:41.973+00:00","last_mod_time":"2024-09-22T03:25:41.973+00:00"},{"userAddress":{"addressId":2377,"plotNumber":"T-310","street":null,"state":"NY","country":null,"zipCode":null},"user_id":2410,"user_first_name":"Ayhan","user_last_name":"Malic","user_contact_number":2018896104,"user_email_id":"aayanRR60@gmail.com","creation_time":"2024-09-22T03:25:42.417+00:00","last_mod_time":"2024-09-22T03:25:42.417+00:00"},{"userAddress":{"addressId":2379,"plotNumber":"E-310","street":null,"state":"NY","country":null,"zipCode":null},"user_id":2412,"user_first_name":"Dishhan","user_last_name":"Malhotra","user_contact_number":2016106104,"user_email_id":"dishanRR742@gmail.com","creation_time":"2024-09-22T03:28:26.127+00:00","last_mod_time":"2024-09-22T03:28:26.127+00:00"},{"userAddress":{"addressId":2388,"plotNumber":"pl-51","street":"vail rd","state":"nj","country":"usa","zipCode":54321},"user_id":2421,"user_first_name":"rouii","user_last_name":"lauyol","user_contact_number":3003206615,"user_email_id":"sdto706508@gmail.com","creation_time":"2024-09-22T03:32:49.714+00:00","last_mod_time":"2024-09-22T03:32:49.714+00:00"},{"userAddress":{"addressId":8795,"plotNumber":"Pl-11","street":"UpdateSt","state":"OHIO","country":"India","zipCode":88888},"user_id":8827,"user_first_name":"Albin","user_last_name":"Rath","user_contact_number":3549036625,"user_email_id":"Kaylee77@gmail.com","creation_time":"2024-10-13T17:20:31.482+00:00","last_mod_time":"2024-10-13T17:23:11.297+00:00"},{"userAddress":{"addressId":2641,"plotNumber":"pl-91","street":"Avenue","state":"IN","country":"USA","zipCode":954321},"user_id":2674,"user_first_name":"randomFirstName","user_last_name":"randomLastName","user_contact_number":2009009009,"user_email_id":"user850@example.com","creation_time":"2024-09-22T18:49:57.537+00:00","last_mod_time":"2024-09-23T02:12:20.138+00:00"},{"userAddress":{"addressId":2723,"plotNumber":"pl-23","street":"Cypress Dr","state":"Texas","country":"USA","zipCode":75688},"user_id":2756,"user_first_name":"Vijayashree","user_last_name":"TeamTwo","user_contact_number":3180462162,"user_email_id":"viji0hmm6de3dnmde@gmail.com","creation_time":"2024-09-22T20:37:49.048+00:00","last_mod_time":"2024-09-22T20:37:49.048+00:00"},{"userAddress":{"addressId":2730,"plotNumber":"pl-23","street":"Cypress Dr","state":"Texas","country":"USA","zipCode":75688},"user_id":2763,"user_first_name":"Vijayashree","user_last_name":"TeamTwo","user_contact_number":6514185444,"user_email_id":"vijih38lhahj4c1@gmail.com","creation_time":"2024-09-22T20:50:41.464+00:00","last_mod_time":"2024-09-22T20:50:41.464+00:00"},{"userAddress":{"addressId":2644,"plotNumber":"A-1301","street":"CORWITH DRIVE","state":"NC","country":"USA","zipCode":27560},"user_id":2677,"user_first_name":"Prisha","user_last_name":"shar","user_contact_number":9194444444,"user_email_id":"psha@gmail.com","creation_time":"2024-09-22T18:55:48.050+00:00","last_mod_time":"2024-09-22T18:55:48.050+00:00"},{"userAddress":{"addressId":2731,"plotNumber":"pl-23","street":"Cypress Dr","state":"Texas","country":"USA","zipCode":75688},"user_id":2764,"user_first_name":"Vijayashree","user_last_name":"TeamTwo","user_contact_number":1812855566,"user_email_id":"viji7l2h9klbfmhg@gmail.com","creation_time":"2024-09-22T20:52:14.539+00:00","last_mod_time":"2024-09-22T20:52:14.539+00:00"},{"userAddress":{"addressId":2732,"plotNumber":"pl-23","street":"my Street","state":"Texas","country":"USA","zipCode":75068},"user_id":2765,"user_first_name":"jkgdfdjkksdkv","user_last_name":"zcghdfgfhg","user_contact_number":6699177778,"user_email_id":"thvvveb@gmail.com","creation_time":"2024-09-22T20:53:07.078+00:00","last_mod_time":"2024-09-22T20:53:07.078+00:00"},{"userAddress":{"addressId":2733,"plotNumber":"pl-23","street":"Cypress Dr","state":"Texas","country":"USA","zipCode":75688},"user_id":2766,"user_first_name":"Vijayashree","user_last_name":"TeamTwo","user_contact_number":3200127332,"user_email_id":"viji80b32a2b5f@gmail.com","creation_time":"2024-09-22T20:55:11.032+00:00","last_mod_time":"2024-09-22T20:55:11.032+00:00"},{"userAddress":{"addressId":4573,"plotNumber":"p1-098","street":"cxvbmnb ","state":"uibhjkl","country":"USA","zipCode":90865},"user_id":4606,"user_first_name":"bpghklopd","user_last_name":"updatedLastName","user_contact_number":1738389481,"user_email_id":"nijua.loj-1727309236680@ecxfs.com","creation_time":"2024-09-26T00:07:17.268+00:00","last_mod_time":"2024-09-26T00:07:26.299+00:00"},{"userAddress":{"addressId":5506,"plotNumber":"pl-51","street":"vail rd","state":"nj","country":"usa","zipCode":54321},"user_id":5539,"user_first_name":"smitha","user_last_name":"dmaanj","user_contact_number":2999919115,"user_email_id":"api919999Team5@gmail.com","creation_time":"2024-09-27T06:04:39.556+00:00","last_mod_time":"2024-09-27T06:04:39.556+00:00"},{"userAddress":{"addressId":2648,"plotNumber":"A-5105","street":"eight Street","state":"Alberta","country":"Canada","zipCode":134102},"user_id":2681,"user_first_name":"Preeti","user_last_name":"Sharma","user_contact_number":4039093121,"user_email_id":"preetivashisht1221@gmail.com","creation_time":"2024-09-22T18:58:37.689+00:00","last_mod_time":"2024-09-22T18:58:37.689+00:00"},{"userAddress":{"addressId":2736,"plotNumber":"pl-23","street":"Cypress Dr","state":"Texas","country":"USA","zipCode":75688},"user_id":2769,"user_first_name":"Vijayashree","user_last_name":"TeamTwo","user_contact_number":7692026962,"user_email_id":"viji1d7a7ka1jol6@gmail.com","creation_time":"2024-09-22T20:58:56.616+00:00","last_mod_time":"2024-09-22T20:58:56.616+00:00"},{"userAddress":{"addressId":2737,"plotNumber":"pl-23","street":"Cypress Dr","state":"Texas","country":"USA","zipCode":75688},"user_id":2770,"user_first_name":"Vijayashree","user_last_name":"TeamTwo","user_contact_number":6502436116,"user_email_id":"vijii4ojca7l40n6@gmail.com","creation_time":"2024-09-22T21:01:29.239+00:00","last_mod_time":"2024-09-22T21:01:29.239+00:00"},{"userAddress":{"addressId":4368,"plotNumber":"B-45","street":"Gandhi","state":"Va","country":"USA","zipCode":38589},"user_id":4401,"user_first_name":"Nita","user_last_name":"Sharma","user_contact_number":7795632140,"user_email_id":"nita89@gmail.com","creation_time":"2024-09-25T03:54:11.121+00:00","last_mod_time":"2024-09-25T03:54:11.121+00:00"},{"userAddress":{"addressId":320,"plotNumber":"67-AB","street":"cypresspt","state":"NC","country":"USA","zipCode":787178},"user_id":353,"user_first_name":"DiyanikaSan","user_last_name":"Mathu","user_contact_number":8797545999,"user_email_id":"DiyanikaM@gmail.com","creation_time":"2024-09-18T01:42:02.445+00:00","last_mod_time":"2024-09-22T19:07:21.810+00:00"},{"userAddress":{"addressId":2738,"plotNumber":"pl-23","street":"Cypress Dr","state":"Texas","country":"USA","zipCode":75688},"user_id":2771,"user_first_name":"Vijayashree","user_last_name":"TeamTwo","user_contact_number":2208310828,"user_email_id":"viji70bfe7i7i13i@gmail.com","creation_time":"2024-09-22T21:04:23.985+00:00","last_mod_time":"2024-09-22T21:04:23.985+00:00"},{"userAddress":{"addressId":8797,"plotNumber":"Bt-11","street":"First St","state":"Texas","country":"USA","zipCode":54877},"user_id":8829,"user_first_name":"Dawn","user_last_name":"Rodriguez","user_contact_number":1324593809,"user_email_id":"Team37i087npco49a@gmail.com","creation_time":"2024-10-13T17:25:29.704+00:00","last_mod_time":"2024-10-13T17:25:29.704+00:00"},{"userAddress":{"addressId":4369,"plotNumber":"ab-13","street":"Irving","state":"Texas","country":"USA","zipCode":77144},"user_id":4402,"user_first_name":"Darsh","user_last_name":"Shebi","user_contact_number":9122334455,"user_email_id":"Darsh16@gmail.com","creation_time":"2024-09-25T04:01:03.646+00:00","last_mod_time":"2024-09-25T04:01:03.646+00:00"},{"userAddress":{"addressId":5182,"plotNumber":"B-45","street":"Gandhi","state":"Va","country":"USA","zipCode":38589},"user_id":5215,"user_first_name":"sita","user_last_name":"Sharma","user_contact_number":7795932140,"user_email_id":"sita89@gmail.com","creation_time":"2024-09-26T22:32:11.724+00:00","last_mod_time":"2024-09-26T22:32:11.724+00:00"},{"userAddress":{"addressId":5514,"plotNumber":"12-B","street":"Street","state":"TX","country":"USA","zipCode":12345},"user_id":5547,"user_first_name":"Sample user firstname","user_last_name":"Sample user lastname","user_contact_number":9874563222,"user_email_id":"sample_user123@gmail.com","creation_time":"2024-09-27T08:46:55.488+00:00","last_mod_time":"2024-09-27T08:46:55.488+00:00"},{"userAddress":{"addressId":2656,"plotNumber":"p1-09","street":"Main","state":"NY","country":"USA","zipCode":10901},"user_id":2689,"user_first_name":"jain","user_last_name":"vast","user_contact_number":9248350506,"user_email_id":"jain.vast@example.com","creation_time":"2024-09-22T19:18:08.364+00:00","last_mod_time":"2024-09-22T19:18:08.364+00:00"},{"userAddress":{"addressId":9957,"plotNumber":"P1-12","street":"Main","state":"CA","country":"USA","zipCode":90210},"user_id":9989,"user_first_name":"Alice","user_last_name":"Johnson","user_contact_number":2224567222,"user_email_id":"AlJohnson@example.com","creation_time":"2024-10-15T15:58:55.029+00:00","last_mod_time":"2024-10-15T15:58:55.029+00:00"},{"userAddress":{"addressId":2849,"plotNumber":"c-20","street":"disneyland","state":"fl","country":"USA","zipCode":12345},"user_id":2882,"user_first_name":"dbh","user_last_name":"dex","user_contact_number":2233545566,"user_email_id":"disney2@gmail.com","creation_time":"2024-09-22T23:03:45.283+00:00","last_mod_time":"2024-09-23T03:02:58.144+00:00"},{"userAddress":{"addressId":2659,"plotNumber":"p1-09","street":"Main","state":"NY","country":"USA","zipCode":10901},"user_id":2692,"user_first_name":"robert","user_last_name":"don","user_contact_number":9248350507,"user_email_id":"robert.don@example.com","creation_time":"2024-09-22T19:24:23.017+00:00","last_mod_time":"2024-09-22T19:24:23.017+00:00"},{"userAddress":{"addressId":3264,"plotNumber":"897-E","street":"hjhjh","state":"hjkhkh","country":"ghjjj","zipCode":89876},"user_id":3297,"user_first_name":"hello","user_last_name":"ken","user_contact_number":9342472789,"user_email_id":"lmaufd67@gmail.com","creation_time":"2024-09-23T04:08:25.186+00:00","last_mod_time":"2024-09-23T04:08:25.186+00:00"},{"userAddress":{"addressId":3714,"plotNumber":"897-T","street":"creek","state":"illnois","country":"usa","zipCode":98765},"user_id":3747,"user_first_name":"sai","user_last_name":"ken","user_contact_number":2303174351,"user_email_id":"plesair87@gmail.com","creation_time":"2024-09-23T15:42:23.483+00:00","last_mod_time":"2024-09-23T15:42:23.483+00:00"},{"userAddress":{"addressId":3265,"plotNumber":"897-E","street":"hjhjh","state":"hjkhkh","country":"ghjjj","zipCode":89876},"user_id":3298,"user_first_name":"kvin","user_last_name":"jaden","user_contact_number":8759076543,"user_email_id":"poipd67@gmail.com","creation_time":"2024-09-23T04:08:25.345+00:00","last_mod_time":"2024-09-23T04:08:25.345+00:00"},{"userAddress":{"addressId":3266,"plotNumber":"897-E","street":"hjhjh","state":"hjkhkh","country":"ghjjj","zipCode":89876},"user_id":3299,"user_first_name":"nidhi","user_last_name":"ken","user_contact_number":9811111111,"user_email_id":"ofd67@gmail.com","creation_time":"2024-09-23T04:08:26.093+00:00","last_mod_time":"2024-09-23T04:08:26.093+00:00"},{"userAddress":{"addressId":2745,"plotNumber":"123-abc","street":"Main St","state":"Washington","country":"USA","zipCode":98075},"user_id":2778,"user_first_name":"David","user_last_name":"Brown","user_contact_number":1234567870,"user_email_id":"david.brown@example.com","creation_time":"2024-09-22T21:17:54.917+00:00","last_mod_time":"2024-09-22T21:17:54.917+00:00"},{"userAddress":{"addressId":7726,"plotNumber":null,"street":"Aldie","state":"VA","country":"usa","zipCode":20105},"user_id":7758,"user_first_name":"Elsa","user_last_name":"Anna","user_contact_number":5714532654,"user_email_id":"abc1@gmail.com","creation_time":"2024-10-11T01:10:38.094+00:00","last_mod_time":"2024-10-11T01:10:38.094+00:00"},{"userAddress":{"addressId":7632,"plotNumber":"P1-11","street":"Main","state":"LA","country":"USA","zipCode":20875},"user_id":7664,"user_first_name":"siri","user_last_name":"HR","user_contact_number":9876543219,"user_email_id":"Team03siri@gmail.com","creation_time":"2024-10-10T15:22:25.086+00:00","last_mod_time":"2024-10-10T15:22:25.086+00:00"},{"userAddress":{"addressId":3720,"plotNumber":"pl-72","street":"Broadway","state":"New Jersey","country":"USA","zipCode":72363},"user_id":3753,"user_first_name":"trialdel","user_last_name":"randomLastName","user_contact_number":8830868562,"user_email_id":"user692@example.com","creation_time":"2024-09-23T15:43:33.415+00:00","last_mod_time":"2024-09-23T15:43:33.415+00:00"},{"userAddress":{"addressId":3939,"plotNumber":"s-234","street":"edwin bulvd","state":"Cal","country":"US","zipCode":56744},"user_id":3972,"user_first_name":"yemi","user_last_name":"thomas","user_contact_number":6757678278,"user_email_id":"yemi89@gamil.com","creation_time":"2024-09-23T16:24:42.316+00:00","last_mod_time":"2024-09-23T16:24:42.316+00:00"},{"userAddress":{"addressId":7640,"plotNumber":"pl-3","street":"shadow sR","state":"GA","country":"INDIA","zipCode":66466},"user_id":7672,"user_first_name":"hjune","user_last_name":"Predovic","user_contact_number":5656565650,"user_email_id":"tema3@gmail.com","creation_time":"2024-10-10T16:02:37.391+00:00","last_mod_time":"2024-10-10T16:02:37.391+00:00"},{"userAddress":{"addressId":3940,"plotNumber":"s-234","street":"edwin bulvd","state":"Cal","country":"US","zipCode":56744},"user_id":3973,"user_first_name":"Niranjana","user_last_name":"Rengarajan","user_contact_number":9167678278,"user_email_id":"janu563@gamil.com","creation_time":"2024-09-23T16:24:42.516+00:00","last_mod_time":"2024-09-23T16:24:42.516+00:00"},{"userAddress":{"addressId":5530,"plotNumber":"101-A","street":"palm street","state":"VA","country":"USA","zipCode":19292},"user_id":5563,"user_first_name":"September","user_last_name":"October","user_contact_number":5563412340,"user_email_id":"September2021@gmail.com","creation_time":"2024-09-27T12:36:24.749+00:00","last_mod_time":"2024-09-27T12:36:24.749+00:00"},{"userAddress":{"addressId":5531,"plotNumber":"rDqL-373","street":"ymVrkst","state":"GA","country":"USA","zipCode":48788},"user_id":5564,"user_first_name":"Ranix","user_last_name":"Rao","user_contact_number":7878007881,"user_email_id":"pnE@gmail.com","creation_time":"2024-09-27T12:49:27.040+00:00","last_mod_time":"2024-09-27T12:49:27.040+00:00"},{"userAddress":{"addressId":3419,"plotNumber":"A-54","street":null,"state":"NJ","country":null,"zipCode":8833},"user_id":3452,"user_first_name":"Stiv","user_last_name":"SS","user_contact_number":8153445220,"user_email_id":"stivS99@gmail.com","creation_time":"2024-09-23T13:18:58.013+00:00","last_mod_time":"2024-09-23T13:18:58.013+00:00"},{"userAddress":{"addressId":3942,"plotNumber":"F-06","street":"comment","state":"like","country":"subscribe","zipCode":10023},"user_id":3975,"user_first_name":"first","user_last_name":"last","user_contact_number":1231231230,"user_email_id":"first06@last.com","creation_time":"2024-09-23T16:24:55.421+00:00","last_mod_time":"2024-09-23T16:24:55.421+00:00"},{"userAddress":{"addressId":2018,"plotNumber":"pl-03","street":"palmilla","state":"Florida","country":"USA","zipCode":77057},"user_id":2051,"user_first_name":"Hai","user_last_name":"Carrot","user_contact_number":9911223377,"user_email_id":"onion34@gmai.com","creation_time":"2024-09-21T17:54:33.769+00:00","last_mod_time":"2024-09-23T16:54:28.575+00:00"},{"userAddress":{"addressId":3692,"plotNumber":"ab-03","street":"palmilla","state":"Florida","country":"USA","zipCode":77057},"user_id":3725,"user_first_name":"Darsh","user_last_name":"Carrot","user_contact_number":5566778890,"user_email_id":"onion80@gmail.com","creation_time":"2024-09-23T15:26:15.427+00:00","last_mod_time":"2024-09-23T15:26:15.427+00:00"},{"userAddress":{"addressId":2757,"plotNumber":"Pl-23","street":"Cypress Drive","state":"Texas","country":"USA","zipCode":56432},"user_id":2790,"user_first_name":"TeamTwofirst","user_last_name":"LastName","user_contact_number":5450903864,"user_email_id":"vijicig5le13bep3@gmail.com","creation_time":"2024-09-22T21:31:05.438+00:00","last_mod_time":"2024-09-22T21:31:05.438+00:00"},{"userAddress":{"addressId":2762,"plotNumber":"p-34","street":null,"state":"halifax","country":null,"zipCode":3456},"user_id":2795,"user_first_name":"retre","user_last_name":"moha","user_contact_number":7277777777,"user_email_id":"uy2@gmail.com","creation_time":"2024-09-22T21:43:56.319+00:00","last_mod_time":"2024-09-22T21:43:56.319+00:00"},{"userAddress":{"addressId":2820,"plotNumber":"pl-221","street":"Wolf","state":"Washington","country":"USA","zipCode":22862},"user_id":2853,"user_first_name":"mary","user_last_name":"HouseStark","user_contact_number":7622334564,"user_email_id":"Gary5@got.com","creation_time":"2024-09-22T22:23:22.405+00:00","last_mod_time":"2024-09-23T01:01:13.560+00:00"},{"userAddress":{"addressId":4909,"plotNumber":"p1-098","street":"cxvbmnb ","state":"uibhjkl","country":"USA","zipCode":90865},"user_id":4942,"user_first_name":"bpghkhjd","user_last_name":"vhdbhjfg","user_contact_number":1629857019,"user_email_id":"nijua.loj-1727369535798@ecxfs.com","creation_time":"2024-09-26T16:52:16.358+00:00","last_mod_time":"2024-09-26T16:52:16.358+00:00"},{"userAddress":{"addressId":2672,"plotNumber":"A-202","street":"lincon","state":"Wa","country":"USA","zipCode":98007},"user_id":2705,"user_first_name":"KhushbooNew","user_last_name":"SharmaNew","user_contact_number":2312309870,"user_email_id":"khushbooN_Team09.Sharma@gmail.com","creation_time":"2024-09-22T19:49:32.351+00:00","last_mod_time":"2024-09-22T19:49:32.351+00:00"},{"userAddress":{"addressId":2832,"plotNumber":"Pl-23","street":"Cypress Drive","state":"Texas","country":"USA","zipCode":56432},"user_id":2865,"user_first_name":"TeamTwofirst","user_last_name":"LastName","user_contact_number":1307727026,"user_email_id":"vijijpe1imlgnmda@gmail.com","creation_time":"2024-09-22T22:31:57.943+00:00","last_mod_time":"2024-09-22T22:31:57.943+00:00"},{"userAddress":{"addressId":4962,"plotNumber":"Bt-11","street":"First St","state":"Texas","country":"USA","zipCode":54657},"user_id":4995,"user_first_name":"trialname","user_last_name":"lasttrialname","user_contact_number":3811147618,"user_email_id":"tVijitrial0g7@gmail.com","creation_time":"2024-09-26T18:08:00.864+00:00","last_mod_time":"2024-09-26T18:08:00.864+00:00"},{"userAddress":{"addressId":2676,"plotNumber":"pl-23","street":"my Street","state":"Texas","country":"USA","zipCode":75068},"user_id":2709,"user_first_name":"jkgdfdjkksdkv","user_last_name":"zcghdfgfhg","user_contact_number":6668677778,"user_email_id":"thghje@gmail.com","creation_time":"2024-09-22T19:51:04.378+00:00","last_mod_time":"2024-09-22T19:51:04.378+00:00"},{"userAddress":{"addressId":4981,"plotNumber":"A-202","street":"golden ln","state":"MA","country":"USA","zipCode":28456},"user_id":5014,"user_first_name":"Test","user_last_name":"Tester","user_contact_number":9876512005,"user_email_id":"te_005@gmail.com","creation_time":"2024-09-26T18:31:55.370+00:00","last_mod_time":"2024-09-26T18:31:55.370+00:00"},{"userAddress":{"addressId":2677,"plotNumber":"k-744","street":null,"state":"wwe","country":null,"zipCode":3456},"user_id":2710,"user_first_name":"rrr","user_last_name":"trisha","user_contact_number":2336565650,"user_email_id":"uyi39fawt@gmail.com","creation_time":"2024-09-22T19:52:59.769+00:00","last_mod_time":"2024-09-22T19:52:59.769+00:00"},{"userAddress":{"addressId":3957,"plotNumber":"AB-383","street":"Mockingbird way","state":"OR","country":"USA","zipCode":97007},"user_id":3990,"user_first_name":"Rejoy","user_last_name":"PanneerSelvam","user_contact_number":8452745184,"user_email_id":"Rejoy@gmail.com","creation_time":"2024-09-23T16:31:51.599+00:00","last_mod_time":"2024-09-23T16:31:51.599+00:00"},{"userAddress":{"addressId":4432,"plotNumber":"pl-120","street":"palmilla","state":"Florida","country":"USA","zipCode":324578},"user_id":4465,"user_first_name":"AvengersNew","user_last_name":"Marvel","user_contact_number":2233114434,"user_email_id":"Tony12@Avengers.com","creation_time":"2024-09-25T18:09:04.446+00:00","last_mod_time":"2024-09-25T18:09:04.446+00:00"},{"userAddress":{"addressId":2766,"plotNumber":"p-34","street":null,"state":"halifax","country":null,"zipCode":3456},"user_id":2799,"user_first_name":"retre","user_last_name":"moha","user_contact_number":7277771777,"user_email_id":"uy21@gmail.com","creation_time":"2024-09-22T21:47:34.947+00:00","last_mod_time":"2024-09-22T21:47:34.947+00:00"},{"userAddress":{"addressId":4459,"plotNumber":"p1-098","street":"cxvbmnb ","state":"uibhjkl","country":"USA","zipCode":90865},"user_id":4492,"user_first_name":"bngetnmgplhjk","user_last_name":"vhjihj","user_contact_number":1347733214,"user_email_id":"nijua.loj-1727293677437@ecxfs.com","creation_time":"2024-09-25T19:47:58.085+00:00","last_mod_time":"2024-09-25T19:47:58.085+00:00"},{"userAddress":{"addressId":2692,"plotNumber":"vl-4","street":null,"state":"northyork","country":null,"zipCode":56456},"user_id":2725,"user_first_name":"varsha","user_last_name":"akasha","user_contact_number":1999198888,"user_email_id":"kikar2o8@gmail.com","creation_time":"2024-09-22T20:02:45.857+00:00","last_mod_time":"2024-09-22T20:02:45.857+00:00"},{"userAddress":{"addressId":2693,"plotNumber":"277TH-SE","street":"Terrence","state":"Washington","country":"USA","zipCode":98075},"user_id":2726,"user_first_name":"Monalisa","user_last_name":"Dalbehera","user_contact_number":4259851703,"user_email_id":"monalisa.dalbehera@hotmail.com","creation_time":"2024-09-22T20:04:54.809+00:00","last_mod_time":"2024-09-22T20:04:54.809+00:00"},{"userAddress":{"addressId":4482,"plotNumber":"p1-09","street":"Main","state":"NY","country":"USA","zipCode":10901},"user_id":4515,"user_first_name":"dora","user_last_name":"tel","user_contact_number":9248350789,"user_email_id":"dora.tel@example.com","creation_time":"2024-09-25T21:38:05.284+00:00","last_mod_time":"2024-09-25T21:38:05.284+00:00"},{"userAddress":{"addressId":5065,"plotNumber":"A-202","street":"golden ln","state":"MA","country":"USA","zipCode":28456},"user_id":5098,"user_first_name":"Test","user_last_name":"Tester","user_contact_number":9876512013,"user_email_id":"te_013@gmail.com","creation_time":"2024-09-26T21:04:57.604+00:00","last_mod_time":"2024-09-26T21:04:57.604+00:00"},{"userAddress":{"addressId":2697,"plotNumber":"277TH-SE","street":"Terrence","state":"Washington","country":"USA","zipCode":98075},"user_id":2730,"user_first_name":"Monalisa","user_last_name":"Dalbehera","user_contact_number":4259851603,"user_email_id":"monalisa.dalbehera@live.com","creation_time":"2024-09-22T20:05:43.879+00:00","last_mod_time":"2024-09-22T20:05:43.879+00:00"},{"userAddress":{"addressId":2698,"plotNumber":"277TH-SE","street":"Terrence","state":"Washington","country":"USA","zipCode":98075},"user_id":2731,"user_first_name":"Monalisa","user_last_name":"Dalbehera","user_contact_number":4259851403,"user_email_id":"monalisa.dalbehera7@live.com","creation_time":"2024-09-22T20:06:20.422+00:00","last_mod_time":"2024-09-22T20:06:20.422+00:00"},{"userAddress":{"addressId":4525,"plotNumber":"p1-098","street":"cxvbmnb ","state":"uibhjkl","country":"USA","zipCode":90865},"user_id":4558,"user_first_name":"bepjkkloo","user_last_name":"vhhojoxcd","user_contact_number":1019264209,"user_email_id":"nijua.loj-1727305970560@ecxfs.com","creation_time":"2024-09-25T23:12:51.209+00:00","last_mod_time":"2024-09-25T23:12:51.209+00:00"},{"userAddress":{"addressId":5128,"plotNumber":"p1-098","street":"cxvbmnb ","state":"uibhjkl","country":"USA","zipCode":90865},"user_id":5161,"user_first_name":"bpghkhjd","user_last_name":"updatedLastName","user_contact_number":1058506961,"user_email_id":"nijua.loj-1727387425510@ecxfs.com","creation_time":"2024-09-26T21:50:26.110+00:00","last_mod_time":"2024-09-26T21:50:29.716+00:00"},{"userAddress":{"addressId":5131,"plotNumber":"p1-098","street":"cxvbmnb ","state":"uibhjkl","country":"USA","zipCode":90865},"user_id":5164,"user_first_name":"bpghkhjd","user_last_name":"updatedLastName","user_contact_number":1673023483,"user_email_id":"nijua.loj-1727387466661@ecxfs.com","creation_time":"2024-09-26T21:51:07.247+00:00","last_mod_time":"2024-09-26T21:51:11.108+00:00"},{"userAddress":{"addressId":2780,"plotNumber":"A-45","street":"violet","state":"NC","country":"usa","zipCode":235689},"user_id":2813,"user_first_name":"ssk","user_last_name":"david","user_contact_number":4585231544,"user_email_id":"ssk@example.com","creation_time":"2024-09-22T21:56:33.528+00:00","last_mod_time":"2024-09-22T21:56:33.528+00:00"},{"userAddress":{"addressId":2817,"plotNumber":null,"street":null,"state":null,"country":null,"zipCode":null},"user_id":2850,"user_first_name":"Arya","user_last_name":"Stark","user_contact_number":9079231898,"user_email_id":"AryaS@gmail.com","creation_time":"2024-09-22T22:23:21.086+00:00","last_mod_time":"2024-09-22T22:23:21.086+00:00"},{"userAddress":{"addressId":2818,"plotNumber":null,"street":null,"state":null,"country":null,"zipCode":null},"user_id":2851,"user_first_name":"Sansa","user_last_name":"Stark","user_contact_number":2323277898,"user_email_id":"sansast@gmail.com","creation_time":"2024-09-22T22:23:21.545+00:00","last_mod_time":"2024-09-22T22:23:21.545+00:00"},{"userAddress":{"addressId":2819,"plotNumber":null,"street":null,"state":null,"country":null,"zipCode":null},"user_id":2852,"user_first_name":"Robb","user_last_name":"Stark","user_contact_number":9079232334,"user_email_id":"robbs@gmail.com","creation_time":"2024-09-22T22:23:21.986+00:00","last_mod_time":"2024-09-22T22:23:21.986+00:00"},{"userAddress":{"addressId":2831,"plotNumber":"8-k","street":"Dancing Duck","state":"tx","country":"us","zipCode":76023},"user_id":2864,"user_first_name":"John Doe","user_last_name":"Doe","user_contact_number":7847892389,"user_email_id":"johndoe@gmail.com","creation_time":"2024-09-22T22:31:11.550+00:00","last_mod_time":"2024-09-22T22:31:11.550+00:00"},{"userAddress":{"addressId":2834,"plotNumber":"m-9","street":"Landing","state":"WA","country":"us","zipCode":87098},"user_id":2867,"user_first_name":"Bill","user_last_name":"Smith","user_contact_number":6789876658,"user_email_id":"Billsmith@gmail.com","creation_time":"2024-09-22T22:37:59.422+00:00","last_mod_time":"2024-09-22T22:37:59.422+00:00"},{"userAddress":{"addressId":2835,"plotNumber":"N-8","street":"Epcot","state":"WA","country":"us","zipCode":87066},"user_id":2868,"user_first_name":"Noel","user_last_name":"Bat","user_contact_number":6780979945,"user_email_id":"NoelBat@gmail.com","creation_time":"2024-09-22T22:40:15.866+00:00","last_mod_time":"2024-09-22T22:40:15.866+00:00"},{"userAddress":{"addressId":2836,"plotNumber":"f-5","street":"Downy","state":"WA","country":"us","zipCode":98765},"user_id":2869,"user_first_name":"Cas","user_last_name":"BatSul","user_contact_number":4389262566,"user_email_id":"Cas.Sull@gmail.com","creation_time":"2024-09-22T22:42:17.462+00:00","last_mod_time":"2024-09-22T22:42:17.462+00:00"},{"userAddress":{"addressId":3102,"plotNumber":"A-30","street":"DISNEY STREET","state":"FL","country":"USA","zipCode":34567},"user_id":3135,"user_first_name":"POPERSHA","user_last_name":"SENI","user_contact_number":9876583215,"user_email_id":"12346@gmail.com","creation_time":"2024-09-23T02:18:56.376+00:00","last_mod_time":"2024-09-23T02:18:56.376+00:00"},{"userAddress":{"addressId":3132,"plotNumber":"pl-72","street":"Broadway","state":"New Jersey","country":"USA","zipCode":72363},"user_id":3165,"user_first_name":"randomFirstName","user_last_name":"randomLastName","user_contact_number":5462569027,"user_email_id":"user789@example.com","creation_time":"2024-09-23T02:42:56.949+00:00","last_mod_time":"2024-09-23T02:42:56.949+00:00"},{"userAddress":{"addressId":3571,"plotNumber":"443-r","street":"sunlane","state":"TN","country":"INDIA","zipCode":611008},"user_id":3604,"user_first_name":"malli","user_last_name":"rengarajan","user_contact_number":1432623426,"user_email_id":"malli@gmail.com","creation_time":"2024-09-23T13:57:36.599+00:00","last_mod_time":"2024-09-23T13:57:36.599+00:00"},{"userAddress":{"addressId":3715,"plotNumber":"pl-72","street":"Broadway","state":"New Jersey","country":"USA","zipCode":72363},"user_id":3748,"user_first_name":"randomFirstName","user_last_name":"randomLastName","user_contact_number":1118031837,"user_email_id":"user882@example.com","creation_time":"2024-09-23T15:42:57.968+00:00","last_mod_time":"2024-09-23T15:42:57.968+00:00"},{"userAddress":{"addressId":9959,"plotNumber":"P1-14","street":"Pine","state":"FL","country":"USA","zipCode":33101},"user_id":9991,"user_first_name":"Charlie","user_last_name":"Brown","user_contact_number":5557382111,"user_email_id":"cBrown@example.com","creation_time":"2024-10-15T15:58:55.750+00:00","last_mod_time":"2024-10-15T15:58:55.750+00:00"},{"userAddress":{"addressId":3716,"plotNumber":"pl-72","street":"Broadway","state":"New Jersey","country":"USA","zipCode":72363},"user_id":3749,"user_first_name":"randomFirstName","user_last_name":"randomLastName","user_contact_number":5333172217,"user_email_id":"user353@example.com","creation_time":"2024-09-23T15:43:13.973+00:00","last_mod_time":"2024-09-23T15:43:13.973+00:00"},{"userAddress":{"addressId":4324,"plotNumber":"Bt-11","street":"First St","state":"Texas","country":"USA","zipCode":54657},"user_id":4357,"user_first_name":"Newfirstname","user_last_name":"lastTrial","user_contact_number":5537146433,"user_email_id":"tommyga7odc9b7ik8@gmail.com","creation_time":"2024-09-24T16:19:24.100+00:00","last_mod_time":"2024-09-24T16:19:24.100+00:00"},{"userAddress":{"addressId":323,"plotNumber":"ul-07","street":"fort street","state":"NY","country":"USA","zipCode":9456},"user_id":356,"user_first_name":"Nisha","user_last_name":"Sharma","user_contact_number":7765349828,"user_email_id":"sharma@gmail.com","creation_time":"2024-09-18T01:53:29.840+00:00","last_mod_time":"2024-09-23T18:15:41.904+00:00"},{"userAddress":{"addressId":3648,"plotNumber":"123-ab","street":"mant st","state":"ky","country":"usa","zipCode":41011},"user_id":3681,"user_first_name":"seeta","user_last_name":"prem","user_contact_number":5134443221,"user_email_id":"seetaprem1@gmail.com","creation_time":"2024-09-23T15:18:08.696+00:00","last_mod_time":"2024-09-23T15:18:08.696+00:00"},{"userAddress":{"addressId":7727,"plotNumber":null,"street":"Mclean","state":"VA","country":"usa","zipCode":20104},"user_id":7759,"user_first_name":"Elsa","user_last_name":"Anna","user_contact_number":5714532653,"user_email_id":"abs@gmail.com","creation_time":"2024-10-11T01:12:33.633+00:00","last_mod_time":"2024-10-11T01:12:33.633+00:00"},{"userAddress":{"addressId":3285,"plotNumber":"ab-23","street":"Berlington","state":"Texas","country":"USA","zipCode":77031},"user_id":3318,"user_first_name":"Dilina","user_last_name":"Divan","user_contact_number":2455855177,"user_email_id":"cc100@gmail.com","creation_time":"2024-09-23T04:28:48.191+00:00","last_mod_time":"2024-09-23T04:28:48.191+00:00"},{"userAddress":{"addressId":4030,"plotNumber":"7-o","street":"Abgh","state":"TX","country":"US","zipCode":75063},"user_id":4063,"user_first_name":"Gowris","user_last_name":"Mohans","user_contact_number":5647384909,"user_email_id":"gmspl2@gmail.com","creation_time":"2024-09-23T16:51:41.161+00:00","last_mod_time":"2024-09-23T19:44:20.936+00:00"},{"userAddress":{"addressId":3602,"plotNumber":"V-320","street":null,"state":"NY","country":null,"zipCode":8857},"user_id":3635,"user_first_name":"Eisn","user_last_name":"Mra","user_contact_number":2805006104,"user_email_id":"shpps62@gmail.com","creation_time":"2024-09-23T14:37:21.572+00:00","last_mod_time":"2024-09-23T14:37:21.572+00:00"},{"userAddress":{"addressId":3185,"plotNumber":"12-o","street":"qaws","state":"qa","country":"qazw","zipCode":123457890000},"user_id":3218,"user_first_name":"drake","user_last_name":"star","user_contact_number":1830701017,"user_email_id":"sqart59@gmail.com","creation_time":"2024-09-23T03:18:54.973+00:00","last_mod_time":"2024-09-23T03:18:54.973+00:00"},{"userAddress":{"addressId":8798,"plotNumber":"pl-3","street":"shadow sR","state":"GA","country":"INDIA","zipCode":66466},"user_id":8830,"user_first_name":"testuser","user_last_name":"numpy","user_contact_number":5656565799,"user_email_id":"team5psm15@gmail.com","creation_time":"2024-10-13T17:30:29.217+00:00","last_mod_time":"2024-10-13T17:30:29.217+00:00"},{"userAddress":{"addressId":4574,"plotNumber":"pl-14","street":"Elm St","state":"NY","country":"USA","zipCode":12345},"user_id":4607,"user_first_name":"MathuTri","user_last_name":"Bala","user_contact_number":1934969890,"user_email_id":"bala1@example.com","creation_time":"2024-09-26T00:15:29.242+00:00","last_mod_time":"2024-09-26T00:15:29.242+00:00"},{"userAddress":{"addressId":4575,"plotNumber":"H-47","street":"Orange","state":"NJ","country":"USA","zipCode":3867},"user_id":4608,"user_first_name":"Rolexa","user_last_name":"gmail","user_contact_number":2067102366,"user_email_id":"ralexag2183@gmail.com","creation_time":"2024-09-26T00:21:32.233+00:00","last_mod_time":"2024-09-26T00:21:32.233+00:00"},{"userAddress":{"addressId":4410,"plotNumber":"N-37","street":null,"state":"NY","country":null,"zipCode":null},"user_id":4443,"user_first_name":"jex","user_last_name":"ybc","user_contact_number":2067184413,"user_email_id":"jexab785@gmail.com","creation_time":"2024-09-25T14:56:24.069+00:00","last_mod_time":"2024-09-25T14:56:24.069+00:00"},{"userAddress":{"addressId":3882,"plotNumber":"4308-as","street":null,"state":"Ga","country":null,"zipCode":30263},"user_id":3915,"user_first_name":"Juda","user_last_name":"Benhur","user_contact_number":8731160992,"user_email_id":"user_1727107815126@gmail.com","creation_time":"2024-09-23T16:10:16.928+00:00","last_mod_time":"2024-09-23T16:10:16.928+00:00"},{"userAddress":{"addressId":3293,"plotNumber":"ab-23","street":"Berlington","state":"Texas","country":"USA","zipCode":77031},"user_id":3326,"user_first_name":"Dilina","user_last_name":"Divan","user_contact_number":2455855198,"user_email_id":"cc200@gmail.com","creation_time":"2024-09-23T04:34:22.119+00:00","last_mod_time":"2024-09-23T04:34:22.119+00:00"},{"userAddress":{"addressId":4576,"plotNumber":"p1-098","street":"cxvbmnb ","state":"uibhjkl","country":"USA","zipCode":90865},"user_id":4609,"user_first_name":"bpghk","user_last_name":"updatedLastName","user_contact_number":1387223225,"user_email_id":"nijua.loj-1727310136788@ecxfs.com","creation_time":"2024-09-26T00:22:17.381+00:00","last_mod_time":"2024-09-26T00:22:28.933+00:00"},{"userAddress":{"addressId":4460,"plotNumber":"p1-098","street":"cxvbmnb ","state":"uibhjkl","country":"USA","zipCode":90865},"user_id":4493,"user_first_name":"betnmgplhjk","user_last_name":"vhhj","user_contact_number":1841497191,"user_email_id":"nijua.loj-1727293947267@ecxfs.com","creation_time":"2024-09-25T19:52:27.852+00:00","last_mod_time":"2024-09-25T19:52:27.852+00:00"},{"userAddress":{"addressId":3605,"plotNumber":"pl-72","street":"Broadway","state":"New Jersey","country":"USA","zipCode":72363},"user_id":3638,"user_first_name":"randomFirstName","user_last_name":"randomLastName","user_contact_number":1535061399,"user_email_id":"user48@example.com","creation_time":"2024-09-23T14:45:44.003+00:00","last_mod_time":"2024-09-23T14:45:44.003+00:00"},{"userAddress":{"addressId":8799,"plotNumber":"Bt-11","street":"First St","state":"Texas","country":"USA","zipCode":54877},"user_id":8831,"user_first_name":"Bernhard","user_last_name":"Flatley","user_contact_number":5910401795,"user_email_id":"Team3o8b298l42h9h@gmail.com","creation_time":"2024-10-13T17:31:23.506+00:00","last_mod_time":"2024-10-13T17:31:23.506+00:00"},{"userAddress":{"addressId":4462,"plotNumber":"N-47","street":null,"state":"NJ","country":null,"zipCode":null},"user_id":4495,"user_first_name":"exa","user_last_name":"ybc","user_contact_number":2067184464,"user_email_id":"exab783@gmail.com","creation_time":"2024-09-25T20:03:50.319+00:00","last_mod_time":"2024-09-25T20:03:50.319+00:00"},{"userAddress":{"addressId":10808,"plotNumber":"P1-12","street":"Main","state":"CA","country":"USA","zipCode":20875},"user_id":10840,"user_first_name":"Alice","user_last_name":"Johnson","user_contact_number":5554789300,"user_email_id":"Team16SON@gmail.com","creation_time":"2024-10-17T22:37:26.189+00:00","last_mod_time":"2024-10-17T22:37:26.189+00:00"},{"userAddress":{"addressId":5038,"plotNumber":"pl-03","street":"palmilla","state":"Florida","country":"USA","zipCode":324578},"user_id":5071,"user_first_name":"TeamPavithra","user_last_name":"kamat","user_contact_number":1111122111,"user_email_id":"kamat13@gmail.com","creation_time":"2024-09-26T20:06:40.841+00:00","last_mod_time":"2024-09-26T20:06:40.841+00:00"},{"userAddress":{"addressId":3608,"plotNumber":"BB-22","street":"Wayne St","state":"Assam","country":"India","zipCode":789632},"user_id":3641,"user_first_name":"Reggie","user_last_name":"Thomas","user_contact_number":2589631471,"user_email_id":"reggie.thomas0@gmail.com","creation_time":"2024-09-23T14:48:03.467+00:00","last_mod_time":"2024-09-23T14:48:04.166+00:00"},{"userAddress":{"addressId":3609,"plotNumber":"ab-23","street":"Berlington","state":"Texas","country":"USA","zipCode":77031},"user_id":3642,"user_first_name":"Dilina","user_last_name":"Divan","user_contact_number":2435855193,"user_email_id":"cc260@gmail.com","creation_time":"2024-09-23T14:49:47.818+00:00","last_mod_time":"2024-09-23T14:49:47.818+00:00"},{"userAddress":{"addressId":5367,"plotNumber":"332-r","street":"mainthree lane","state":"NY","country":"USA","zipCode":7816},"user_id":5400,"user_first_name":"Buttana","user_last_name":"velaa","user_contact_number":1213141528,"user_email_id":"Buttana@gmail.com","creation_time":"2024-09-27T02:36:46.740+00:00","last_mod_time":"2024-09-27T02:36:46.740+00:00"},{"userAddress":{"addressId":4063,"plotNumber":"pk-03","street":"palmilla","state":"Texas","country":"USA","zipCode":77057},"user_id":4096,"user_first_name":"Jackfruit","user_last_name":"Watermelon","user_contact_number":8734760015,"user_email_id":"Test110011@gmail.com","creation_time":"2024-09-23T16:58:42.517+00:00","last_mod_time":"2024-09-26T21:06:24.862+00:00"},{"userAddress":{"addressId":4891,"plotNumber":"p1-098","street":"cxvbmnb ","state":"uibhjkl","country":"USA","zipCode":90865},"user_id":4924,"user_first_name":"bpghkhjd","user_last_name":"vhdbhjfg","user_contact_number":1712539306,"user_email_id":"nijua.loj-1727368478574@ecxfs.com","creation_time":"2024-09-26T16:34:39.094+00:00","last_mod_time":"2024-09-26T16:34:39.094+00:00"},{"userAddress":{"addressId":4910,"plotNumber":"p1-098","street":"cxvbmnb ","state":"uibhjkl","country":"USA","zipCode":90865},"user_id":4943,"user_first_name":"bpghkhjd","user_last_name":"vhdbhjfg","user_contact_number":1476739236,"user_email_id":"nijua.loj-1727369839301@ecxfs.com","creation_time":"2024-09-26T16:57:19.822+00:00","last_mod_time":"2024-09-26T16:57:19.822+00:00"},{"userAddress":{"addressId":4923,"plotNumber":"p1-098","street":"cxvbmnb ","state":"uibhjkl","country":"USA","zipCode":90865},"user_id":4956,"user_first_name":"bpghkhjd","user_last_name":"vhdbhjfg","user_contact_number":1590271189,"user_email_id":"nijua.loj-1727371473724@ecxfs.com","creation_time":"2024-09-26T17:24:34.247+00:00","last_mod_time":"2024-09-26T17:24:34.247+00:00"},{"userAddress":{"addressId":4842,"plotNumber":"B-2222","street":"newtwo street","state":"new york","country":"USA","zipCode":13412},"user_id":4875,"user_first_name":"Bill","user_last_name":"Martin","user_contact_number":5403544299,"user_email_id":"t5bill@gmail.com","creation_time":"2024-09-26T13:41:21.074+00:00","last_mod_time":"2024-09-26T13:41:21.074+00:00"},{"userAddress":{"addressId":5066,"plotNumber":"A-202","street":"golden ln","state":"MA","country":"USA","zipCode":28456},"user_id":5099,"user_first_name":"Test","user_last_name":"Tester","user_contact_number":9876512014,"user_email_id":"te_014@gmail.com","creation_time":"2024-09-26T21:07:53.084+00:00","last_mod_time":"2024-09-26T21:07:53.084+00:00"},{"userAddress":{"addressId":3655,"plotNumber":null,"street":null,"state":null,"country":null,"zipCode":null},"user_id":3688,"user_first_name":"DeletefirstName","user_last_name":"lastdelete","user_contact_number":8286023576,"user_email_id":"tommydjdo56cda0lb@gmail.com","creation_time":"2024-09-23T15:22:24.899+00:00","last_mod_time":"2024-09-23T15:22:24.899+00:00"},{"userAddress":{"addressId":3615,"plotNumber":null,"street":"test","state":"virginia","country":"USA","zipCode":20147},"user_id":3648,"user_first_name":"Seema","user_last_name":"Hassan","user_contact_number":7972339080,"user_email_id":"humarani10@cloud.com","creation_time":"2024-09-23T14:52:28.599+00:00","last_mod_time":"2024-09-23T14:52:28.599+00:00"},{"userAddress":{"addressId":5834,"plotNumber":"p1-098","street":"cxvbmnb ","state":"uibhjkl","country":"USA","zipCode":90865},"user_id":5867,"user_first_name":"bpghkhjd","user_last_name":"vhdbhjfg","user_contact_number":1633684661,"user_email_id":"nijua.loj-1727459232084@ecxfs.com","creation_time":"2024-09-27T17:47:17.529+00:00","last_mod_time":"2024-09-27T17:47:17.529+00:00"},{"userAddress":{"addressId":4532,"plotNumber":"p1-098","street":"cxvbmnb ","state":"uibhjkl","country":"USA","zipCode":90865},"user_id":4565,"user_first_name":"bepjloo","user_last_name":"vhhojoxd","user_contact_number":1407749159,"user_email_id":"nijua.loj-1727306223165@ecxfs.com","creation_time":"2024-09-25T23:17:03.759+00:00","last_mod_time":"2024-09-25T23:17:03.759+00:00"},{"userAddress":{"addressId":4917,"plotNumber":"p1-098","street":"cxvbmnb ","state":"uibhjkl","country":"USA","zipCode":90865},"user_id":4950,"user_first_name":"bpghkhjd","user_last_name":"vhdbhjfg","user_contact_number":1072725483,"user_email_id":"nijua.loj-1727370682148@ecxfs.com","creation_time":"2024-09-26T17:11:22.706+00:00","last_mod_time":"2024-09-26T17:11:22.706+00:00"},{"userAddress":{"addressId":5069,"plotNumber":"A-202","street":"golden ln","state":"MA","country":"USA","zipCode":28456},"user_id":5102,"user_first_name":"Test","user_last_name":"Tester","user_contact_number":9876512015,"user_email_id":"te_015@gmail.com","creation_time":"2024-09-26T21:09:23.135+00:00","last_mod_time":"2024-09-26T21:09:23.135+00:00"},{"userAddress":{"addressId":4536,"plotNumber":"p1-098","street":"cxvbmnb ","state":"uibhjkl","country":"USA","zipCode":90865},"user_id":4569,"user_first_name":"bepjloop","user_last_name":"vhhojoxddfg","user_contact_number":1686996178,"user_email_id":"nijua.loj-1727306612215@ecxfs.com","creation_time":"2024-09-25T23:23:33.230+00:00","last_mod_time":"2024-09-25T23:23:33.230+00:00"},{"userAddress":{"addressId":3935,"plotNumber":"01-pl","street":null,"state":"NY","country":null,"zipCode":12210},"user_id":3968,"user_first_name":"ABC","user_last_name":"DCF","user_contact_number":1274567890,"user_email_id":"test@test123.com","creation_time":"2024-09-23T16:17:44.208+00:00","last_mod_time":"2024-09-23T16:17:44.208+00:00"},{"userAddress":{"addressId":7310,"plotNumber":"AS-99","street":"Gorniak","state":"MI","country":"USA","zipCode":7896},"user_id":7343,"user_first_name":"TesterAB","user_last_name":"Numpy","user_contact_number":1237894566,"user_email_id":"testerlearnerab@gmail.com","creation_time":"2024-10-08T20:19:22.411+00:00","last_mod_time":"2024-10-08T20:19:22.411+00:00"},{"userAddress":{"addressId":3660,"plotNumber":null,"street":null,"state":null,"country":null,"zipCode":null},"user_id":3693,"user_first_name":"DeletefirstName","user_last_name":"lastdelete","user_contact_number":8152916267,"user_email_id":"tommy2m58p1ca482m@gmail.com","creation_time":"2024-09-23T15:23:54.517+00:00","last_mod_time":"2024-09-23T15:23:54.517+00:00"},{"userAddress":{"addressId":4538,"plotNumber":"p1-098","street":"cxvbmnb ","state":"uibhjkl","country":"USA","zipCode":90865},"user_id":4571,"user_first_name":"bepjloopgh","user_last_name":"vhhnjojoxddfg","user_contact_number":1819987219,"user_email_id":"nijua.loj-1727306718096@ecxfs.com","creation_time":"2024-09-25T23:25:18.703+00:00","last_mod_time":"2024-09-25T23:25:18.703+00:00"},{"userAddress":{"addressId":4539,"plotNumber":"p1-098","street":"cxvbmnb ","state":"uibhjkl","country":"USA","zipCode":90865},"user_id":4572,"user_first_name":"bepjloopgh","user_last_name":"vhhnjojoxddfg","user_contact_number":1053209532,"user_email_id":"nijua.loj-1727306887406@ecxfs.com","creation_time":"2024-09-25T23:28:08.005+00:00","last_mod_time":"2024-09-25T23:28:08.005+00:00"},{"userAddress":{"addressId":3662,"plotNumber":null,"street":null,"state":null,"country":null,"zipCode":null},"user_id":3695,"user_first_name":"DeletefirstName","user_last_name":"lastdelete","user_contact_number":8718757646,"user_email_id":"tommyf4fj3g7mdcah@gmail.com","creation_time":"2024-09-23T15:23:56.608+00:00","last_mod_time":"2024-09-23T15:23:56.608+00:00"},{"userAddress":{"addressId":3663,"plotNumber":null,"street":null,"state":null,"country":null,"zipCode":null},"user_id":3696,"user_first_name":"DeletefirstName","user_last_name":"lastdelete","user_contact_number":4792049458,"user_email_id":"tommyfnofbf2gm5ob@gmail.com","creation_time":"2024-09-23T15:23:59.006+00:00","last_mod_time":"2024-09-23T15:23:59.006+00:00"},{"userAddress":{"addressId":4541,"plotNumber":"p1-098","street":"cxvbmnb ","state":"uibhjkl","country":"USA","zipCode":90865},"user_id":4574,"user_first_name":"bepjopgh","user_last_name":"vhhnjoxddfg","user_contact_number":1398752991,"user_email_id":"nijua.loj-1727307012624@ecxfs.com","creation_time":"2024-09-25T23:30:13.208+00:00","last_mod_time":"2024-09-25T23:30:13.208+00:00"},{"userAddress":{"addressId":2926,"plotNumber":"vl-4","street":null,"state":"northyork","country":null,"zipCode":56456},"user_id":2959,"user_first_name":"varsha","user_last_name":"akasha","user_contact_number":1999198883,"user_email_id":"kikar129@gmail.com","creation_time":"2024-09-23T00:07:34.805+00:00","last_mod_time":"2024-09-23T00:07:34.805+00:00"},{"userAddress":{"addressId":5071,"plotNumber":"ok-6","street":null,"state":"youkom","country":null,"zipCode":564567},"user_id":5104,"user_first_name":"reka","user_last_name":"saroh","user_contact_number":3451056789,"user_email_id":"df10d@gmail.com","creation_time":"2024-09-26T21:11:14.750+00:00","last_mod_time":"2024-09-26T21:11:14.750+00:00"},{"userAddress":{"addressId":4016,"plotNumber":"pl-51","street":"vail rd","state":"nj","country":"usa","zipCode":54321},"user_id":4049,"user_first_name":"wrer","user_last_name":"hugri","user_contact_number":3121256615,"user_email_id":"njui706508@gmail.com","creation_time":"2024-09-23T16:44:02.073+00:00","last_mod_time":"2024-09-23T16:44:02.073+00:00"},{"userAddress":{"addressId":3622,"plotNumber":"A-45","street":"violet","state":"NY","country":"usa","zipCode":45028},"user_id":3655,"user_first_name":"Sayali","user_last_name":"Jadhav","user_contact_number":1122335844,"user_email_id":"SayaliJTeam06APIbootcamp@example.com","creation_time":"2024-09-23T15:03:49.946+00:00","last_mod_time":"2024-09-23T15:03:49.946+00:00"},{"userAddress":{"addressId":4021,"plotNumber":"pl-51","street":"vail rd","state":"nj","country":"usa","zipCode":54321},"user_id":4054,"user_first_name":"wror","user_last_name":"hugoi","user_contact_number":3129256615,"user_email_id":"njui705508@gmail.com","creation_time":"2024-09-23T16:46:42.415+00:00","last_mod_time":"2024-09-23T16:46:42.415+00:00"},{"userAddress":{"addressId":8185,"plotNumber":null,"street":null,"state":null,"country":null,"zipCode":null},"user_id":8217,"user_first_name":"pzAvIOMcZo","user_last_name":"DktWskFxHH","user_contact_number":9817747110,"user_email_id":"team2j9m1nc2f0kn7@gmail.com","creation_time":"2024-10-12T17:50:31.130+00:00","last_mod_time":"2024-10-12T17:50:31.130+00:00"},{"userAddress":{"addressId":4045,"plotNumber":"P1-100","street":"Main","state":"NY","country":"USA","zipCode":10001},"user_id":4078,"user_first_name":"Jahjniue","user_last_name":"Dnhjvxjke","user_contact_number":4390087810,"user_email_id":"jahnfe.dovhjghje@example.com","creation_time":"2024-09-23T16:54:10.829+00:00","last_mod_time":"2024-09-23T16:54:10.829+00:00"},{"userAddress":{"addressId":4922,"plotNumber":"p1-098","street":"cxvbmnb ","state":"uibhjkl","country":"USA","zipCode":90865},"user_id":4955,"user_first_name":"bpghkhjd","user_last_name":"vhdbhjfg","user_contact_number":1321186893,"user_email_id":"nijua.loj-1727371119466@ecxfs.com","creation_time":"2024-09-26T17:18:39.990+00:00","last_mod_time":"2024-09-26T17:18:39.990+00:00"},{"userAddress":{"addressId":4047,"plotNumber":"7-d","street":"Abghd","state":"TX","country":"US","zipCode":75063},"user_id":4080,"user_first_name":"Gowrisd","user_last_name":"Mohansd","user_contact_number":5647314589,"user_email_id":"gmd6@gmail.com","creation_time":"2024-09-23T16:54:15.162+00:00","last_mod_time":"2024-09-23T16:54:15.162+00:00"},{"userAddress":{"addressId":5371,"plotNumber":"332-r","street":"mainthree lane","state":"NY","country":"USA","zipCode":7816},"user_id":5404,"user_first_name":"Buttant","user_last_name":"velat","user_contact_number":1213141529,"user_email_id":"Buttant@gmail.com","creation_time":"2024-09-27T02:44:45.197+00:00","last_mod_time":"2024-09-27T02:44:45.197+00:00"},{"userAddress":{"addressId":5534,"plotNumber":"KNBY-373","street":"wkjjust","state":"GA","country":"USA","zipCode":48784},"user_id":5567,"user_first_name":"Raniz","user_last_name":"Rao","user_contact_number":7878007887,"user_email_id":"XkY@gmail.com","creation_time":"2024-09-27T12:53:10.389+00:00","last_mod_time":"2024-09-27T12:53:10.389+00:00"},{"userAddress":{"addressId":5100,"plotNumber":"ok-6","street":null,"state":"youkom","country":null,"zipCode":564567},"user_id":5133,"user_first_name":"reka","user_last_name":"saroh","user_contact_number":3419956789,"user_email_id":"df110d0@gmail.com","creation_time":"2024-09-26T21:33:41.976+00:00","last_mod_time":"2024-09-26T21:33:41.976+00:00"},{"userAddress":{"addressId":7558,"plotNumber":"234-8734","street":"felt rd","state":"Karnataka","country":"India","zipCode":545333},"user_id":7590,"user_first_name":"Michael","user_last_name":"Jackson","user_contact_number":8374578987,"user_email_id":"Team01reka@outlook.com","creation_time":"2024-10-10T00:21:55.173+00:00","last_mod_time":"2024-10-10T00:21:55.173+00:00"},{"userAddress":{"addressId":5101,"plotNumber":"ok-6","street":null,"state":"youkom","country":null,"zipCode":564567},"user_id":5134,"user_first_name":"drithi","user_last_name":"saroh","user_contact_number":3452956789,"user_email_id":"df10d02@gmail.com","creation_time":"2024-09-26T21:33:44.420+00:00","last_mod_time":"2024-09-26T21:33:44.420+00:00"},{"userAddress":{"addressId":5110,"plotNumber":"p1-098","street":"cxvbmnb ","state":"uibhjkl","country":"USA","zipCode":90865},"user_id":5143,"user_first_name":"bpghkhjd","user_last_name":"vhdbhjfg","user_contact_number":1281364395,"user_email_id":"nijua.loj-1727386611958@ecxfs.com","creation_time":"2024-09-26T21:36:52.525+00:00","last_mod_time":"2024-09-26T21:36:52.525+00:00"},{"userAddress":{"addressId":7564,"plotNumber":"AS-5014","street":"Bloomfield Pass ct","state":"Texas","country":"USA","zipCode":774796},"user_id":7596,"user_first_name":"Priya","user_last_name":"Gandhi","user_contact_number":2028649483,"user_email_id":"Team04Priya@gmail.com","creation_time":"2024-10-10T01:21:45.986+00:00","last_mod_time":"2024-10-10T01:21:45.986+00:00"},{"userAddress":{"addressId":5685,"plotNumber":"BA-12","street":"NEstreet","state":"CA","country":"USA","zipCode":11223},"user_id":5718,"user_first_name":"TeamFournewnameone","user_last_name":"newlastnameone","user_contact_number":3363361212,"user_email_id":"user1@gmail.com","creation_time":"2024-09-27T14:58:03.308+00:00","last_mod_time":"2024-09-27T14:58:03.308+00:00"},{"userAddress":{"addressId":3693,"plotNumber":null,"street":null,"state":null,"country":null,"zipCode":null},"user_id":3726,"user_first_name":"ULlcAiSQzp","user_last_name":"yHJFOLZTnp","user_contact_number":8282816283,"user_email_id":"tommyp6l1mdkm0m9e@gmail.com","creation_time":"2024-09-23T15:26:31.916+00:00","last_mod_time":"2024-09-23T15:26:31.916+00:00"},{"userAddress":{"addressId":5686,"plotNumber":"BA-12","street":"NEstreet","state":"CA","country":"USA","zipCode":11223},"user_id":5719,"user_first_name":"TeamFournewnametwo","user_last_name":"newlastnametwo","user_contact_number":3363361562,"user_email_id":"user2@gmail.com","creation_time":"2024-09-27T14:58:05.338+00:00","last_mod_time":"2024-09-27T14:58:05.338+00:00"},{"userAddress":{"addressId":5702,"plotNumber":"p1-098","street":"cxvbmnb ","state":"uibhjkl","country":"USA","zipCode":90865},"user_id":5735,"user_first_name":"bpghkhjd","user_last_name":"vhdbhjfg","user_contact_number":1198288328,"user_email_id":"nijua.loj-1727451920265@ecxfs.com","creation_time":"2024-09-27T15:45:20.724+00:00","last_mod_time":"2024-09-27T15:45:20.724+00:00"},{"userAddress":{"addressId":4060,"plotNumber":"pl-51","street":"vail rd","state":"nj","country":"usa","zipCode":54321},"user_id":4093,"user_first_name":"wooor","user_last_name":"hppgoi","user_contact_number":3129236615,"user_email_id":"njui705588@gmail.com","creation_time":"2024-09-23T16:55:33.438+00:00","last_mod_time":"2024-09-23T16:55:33.438+00:00"},{"userAddress":{"addressId":4062,"plotNumber":"pk-03","street":"palmilla","state":"Texas","country":"USA","zipCode":77057},"user_id":4095,"user_first_name":"Banana","user_last_name":"Plantain","user_contact_number":9988567991,"user_email_id":"Test909@gmail.com","creation_time":"2024-09-23T16:57:53.751+00:00","last_mod_time":"2024-09-23T16:57:53.751+00:00"},{"userAddress":{"addressId":4064,"plotNumber":"pk-03","street":"palmilla","state":"Texas","country":"USA","zipCode":77057},"user_id":4097,"user_first_name":"Red","user_last_name":"green","user_contact_number":9900001122,"user_email_id":"Test111@gmail.com","creation_time":"2024-09-23T17:00:04.307+00:00","last_mod_time":"2024-09-23T17:00:04.307+00:00"},{"userAddress":{"addressId":2941,"plotNumber":"Bl-02","street":"NEstreet","state":"California","country":"UnitedStates","zipCode":32126},"user_id":2974,"user_first_name":"TeamfourIrin","user_last_name":"Gail","user_contact_number":9886320008,"user_email_id":"Irin@gmail.com","creation_time":"2024-09-23T00:38:13.804+00:00","last_mod_time":"2024-09-23T00:38:16.979+00:00"},{"userAddress":{"addressId":3591,"plotNumber":"H-9","street":"apple","state":"NY","country":"USA","zipCode":7857},"user_id":3624,"user_first_name":"Dishaan","user_last_name":"jo","user_contact_number":8185601489,"user_email_id":"dishJo9254@gmail.com","creation_time":"2024-09-23T14:19:15.488+00:00","last_mod_time":"2024-09-23T15:29:37.898+00:00"},{"userAddress":{"addressId":3590,"plotNumber":null,"street":null,"state":null,"country":null,"zipCode":null},"user_id":3623,"user_first_name":"DeletefirstName","user_last_name":"lastdelete","user_contact_number":3715394886,"user_email_id":"tommy1815h2jmh6i7@gmail.com","creation_time":"2024-09-23T14:19:01.210+00:00","last_mod_time":"2024-09-23T14:19:01.210+00:00"},{"userAddress":{"addressId":4244,"plotNumber":"897-uyt","street":"troy","state":"MI","country":"USA","zipCode":48084},"user_id":4277,"user_first_name":"kittu","user_last_name":"NAGA","user_contact_number":5930586789,"user_email_id":"56784@g123mail.com","creation_time":"2024-09-23T19:51:34.971+00:00","last_mod_time":"2024-09-23T19:51:34.971+00:00"},{"userAddress":{"addressId":2943,"plotNumber":"J-456","street":"Gandhi","state":"Va","country":"USA","zipCode":23567},"user_id":2976,"user_first_name":"Teju","user_last_name":"Goni","user_contact_number":9898561245,"user_email_id":"teju567@gmail.com","creation_time":"2024-09-23T00:44:57.172+00:00","last_mod_time":"2024-09-23T00:44:57.172+00:00"},{"userAddress":{"addressId":5314,"plotNumber":"aXJI-373","street":"street","state":"GA","country":"USA","zipCode":30028},"user_id":5347,"user_first_name":"Rani","user_last_name":"Rao","user_contact_number":7878787889,"user_email_id":"RHW@gmail.com","creation_time":"2024-09-27T01:38:55.509+00:00","last_mod_time":"2024-09-30T01:40:21.556+00:00"},{"userAddress":{"addressId":3757,"plotNumber":"pl-72","street":"Broadway","state":"New Jersey","country":"USA","zipCode":72363},"user_id":3790,"user_first_name":"randomFirstName","user_last_name":"randomLastName","user_contact_number":6747298463,"user_email_id":"user580@example.com","creation_time":"2024-09-23T15:46:51.861+00:00","last_mod_time":"2024-09-23T15:46:51.861+00:00"},{"userAddress":{"addressId":4025,"plotNumber":"876-D","street":"wndis","state":"tx","country":"usa","zipCode":78098},"user_id":4058,"user_first_name":"ttttttrew","user_last_name":"tran","user_contact_number":8747582143,"user_email_id":"trko12@gmail.com","creation_time":"2024-09-23T16:48:56.403+00:00","last_mod_time":"2024-09-24T23:06:07.158+00:00"},{"userAddress":{"addressId":4386,"plotNumber":"p1-02","street":"Richmond","state":"Assam","country":"India","zipCode":78804},"user_id":4419,"user_first_name":"TukTuk","user_last_name":"Paul","user_contact_number":3378678645,"user_email_id":"Tuk.Tuk@gmail.com","creation_time":"2024-09-25T04:19:24.763+00:00","last_mod_time":"2024-09-25T04:19:24.763+00:00"},{"userAddress":{"addressId":6543,"plotNumber":"RA-29","street":"Noblecrossing","state":"IN","country":"USA","zipCode":40213},"user_id":6576,"user_first_name":"Ruban","user_last_name":"Arun","user_contact_number":9661009187,"user_email_id":"ra2015@gmail.com","creation_time":"2024-09-30T02:21:05.711+00:00","last_mod_time":"2024-09-30T02:21:05.711+00:00"},{"userAddress":{"addressId":8977,"plotNumber":"335-p","street":"sterling","state":"Minnesota","country":"Chase","zipCode":55032},"user_id":9009,"user_first_name":"Straler","user_last_name":"Iros","user_contact_number":6783895556,"user_email_id":"stell@yahoo.com","creation_time":"2024-10-13T23:02:59.293+00:00","last_mod_time":"2024-10-13T23:02:59.293+00:00"},{"userAddress":{"addressId":2951,"plotNumber":"pl-221","street":"Wolf","state":"Washington","country":"USA","zipCode":22862},"user_id":2984,"user_first_name":"Oary","user_last_name":"Stark","user_contact_number":1222334897,"user_email_id":"12345@got.com","creation_time":"2024-09-23T00:57:17.598+00:00","last_mod_time":"2024-09-23T00:57:17.598+00:00"},{"userAddress":{"addressId":2952,"plotNumber":"pl-221","street":"Wolf","state":"Washington","country":"USA","zipCode":22862},"user_id":2985,"user_first_name":"Qary","user_last_name":"Stark","user_contact_number":1222331111,"user_email_id":"Garygot@got.com","creation_time":"2024-09-23T00:57:18.470+00:00","last_mod_time":"2024-09-23T00:57:18.470+00:00"},{"userAddress":{"addressId":3391,"plotNumber":"UP-98","street":"Vroom St","state":"CA","country":"Mexico","zipCode":986523},"user_id":3424,"user_first_name":"BoydTesterFive","user_last_name":"SmithTester","user_contact_number":1234569630,"user_email_id":"reggie.thoma2s@gmail.com","creation_time":"2024-09-23T13:04:47.214+00:00","last_mod_time":"2024-09-23T14:34:03.585+00:00"},{"userAddress":{"addressId":6429,"plotNumber":"pl-101","street":"WolfStreet","state":"NC","country":"USA","zipCode":12312},"user_id":6462,"user_first_name":"VijiAvengers","user_last_name":"Stark","user_contact_number":1981471166,"user_email_id":"Vijee99mine@gmail.com","creation_time":"2024-09-29T16:21:38.148+00:00","last_mod_time":"2024-09-29T16:21:38.148+00:00"},{"userAddress":{"addressId":5836,"plotNumber":"p1-098","street":"cxvbmnb ","state":"uibhjkl","country":"USA","zipCode":90865},"user_id":5869,"user_first_name":"bpghkhjd","user_last_name":"vhdbhjfg","user_contact_number":1316433547,"user_email_id":"nijua.loj-1727459446976@ecxfs.com","creation_time":"2024-09-27T17:50:49.532+00:00","last_mod_time":"2024-09-27T17:50:49.532+00:00"},{"userAddress":{"addressId":4046,"plotNumber":"P1-100","street":"Main","state":"NY","country":"USA","zipCode":10001},"user_id":4079,"user_first_name":"Janmnep","user_last_name":"Dcoe","user_contact_number":1234567600,"user_email_id":"jabnne.dofe@example.com","creation_time":"2024-09-23T16:54:12.146+00:00","last_mod_time":"2024-09-23T16:54:12.146+00:00"},{"userAddress":{"addressId":4463,"plotNumber":"p1-098","street":"cxvbmnb ","state":"uibhjkl","country":"USA","zipCode":90865},"user_id":4496,"user_first_name":"betgplhjk","user_last_name":"vhhjklko","user_contact_number":1188352153,"user_email_id":"nijua.loj-1727294903112@ecxfs.com","creation_time":"2024-09-25T20:08:24.809+00:00","last_mod_time":"2024-09-25T20:08:24.809+00:00"},{"userAddress":{"addressId":5980,"plotNumber":"p1-87","street":"njgbfd","state":"nj","country":"USA","zipCode":97076},"user_id":6013,"user_first_name":"bngetnmghjk","user_last_name":"updatedLastName","user_contact_number":1249957008,"user_email_id":"sdsf.cvxi-1727478545963@edcs.com","creation_time":"2024-09-27T23:09:06.489+00:00","last_mod_time":"2024-09-27T23:09:10.964+00:00"},{"userAddress":{"addressId":3885,"plotNumber":"AB-383","street":"Mockingbird way","state":"OR","country":"USA","zipCode":97007},"user_id":3918,"user_first_name":"Joshua","user_last_name":"Jerald","user_contact_number":9976714912,"user_email_id":"Joshua@gmail.com","creation_time":"2024-09-23T16:11:07.268+00:00","last_mod_time":"2024-09-23T16:11:07.268+00:00"},{"userAddress":{"addressId":3039,"plotNumber":"12-o","street":"qaws","state":"qa","country":"qazw","zipCode":123457890000},"user_id":3072,"user_first_name":"drake","user_last_name":"star","user_contact_number":1930701017,"user_email_id":"sqart55@gmail.com","creation_time":"2024-09-23T01:53:01.018+00:00","last_mod_time":"2024-09-23T01:53:01.018+00:00"},{"userAddress":{"addressId":5363,"plotNumber":"pl-55","street":"Ashford","state":"GA","country":"USA","zipCode":30338},"user_id":5396,"user_first_name":"Jibin","user_last_name":"Mathew","user_contact_number":7891543779,"user_email_id":"jibin7718@gmail.com","creation_time":"2024-09-27T02:15:05.457+00:00","last_mod_time":"2024-09-27T02:15:05.457+00:00"},{"userAddress":{"addressId":7752,"plotNumber":"P1-11","street":"Main","state":"LA","country":"USA","zipCode":20875},"user_id":7784,"user_first_name":"GKSharada","user_last_name":"Amma","user_contact_number":4876503110,"user_email_id":"Team03AmmaS@gmail.com","creation_time":"2024-10-11T02:47:02.518+00:00","last_mod_time":"2024-10-11T02:47:02.518+00:00"},{"userAddress":{"addressId":4494,"plotNumber":"p1-09","street":"Main","state":"NY","country":"USA","zipCode":10901},"user_id":4527,"user_first_name":"test","user_last_name":"api","user_contact_number":9248350778,"user_email_id":"test.api@example.com","creation_time":"2024-09-25T21:53:23.277+00:00","last_mod_time":"2024-09-25T21:53:23.277+00:00"},{"userAddress":{"addressId":4124,"plotNumber":"12-o","street":"qaws","state":"qa","country":"qazw","zipCode":123457890000},"user_id":4157,"user_first_name":"drake","user_last_name":"star","user_contact_number":1830001018,"user_email_id":"sport601@gmail.com","creation_time":"2024-09-23T17:50:46.786+00:00","last_mod_time":"2024-09-23T17:50:46.786+00:00"},{"userAddress":{"addressId":4911,"plotNumber":"p1-098","street":"cxvbmnb ","state":"uibhjkl","country":"USA","zipCode":90865},"user_id":4944,"user_first_name":"bpghkhjd","user_last_name":"vhdbhjfg","user_contact_number":1397437552,"user_email_id":"nijua.loj-1727370089213@ecxfs.com","creation_time":"2024-09-26T17:01:29.738+00:00","last_mod_time":"2024-09-26T17:01:29.738+00:00"},{"userAddress":{"addressId":5987,"plotNumber":"p1-87","street":"njgbfd","state":"nj","country":"USA","zipCode":97076},"user_id":6020,"user_first_name":"bngetnmghjk","user_last_name":"vhjjvbnihj","user_contact_number":1588530498,"user_email_id":"sdsf.cvxi-1727478785939@edcs.com","creation_time":"2024-09-27T23:13:06.462+00:00","last_mod_time":"2024-09-27T23:13:06.462+00:00"},{"userAddress":{"addressId":5985,"plotNumber":"H-120","street":null,"state":"Florida","country":null,"zipCode":240012},"user_id":6018,"user_first_name":"Hash","user_last_name":"Map","user_contact_number":1562738495,"user_email_id":"hash@map.com","creation_time":"2024-09-27T23:11:49.584+00:00","last_mod_time":"2024-09-27T23:11:49.584+00:00"},{"userAddress":{"addressId":3650,"plotNumber":"pl-112","street":"Dragon","state":"Florida","country":"USA","zipCode":28078},"user_id":3683,"user_first_name":"Danny","user_last_name":"Targeryan","user_contact_number":8973344890,"user_email_id":"Danny12t@got.com","creation_time":"2024-09-23T15:20:49.362+00:00","last_mod_time":"2024-09-23T15:20:49.362+00:00"},{"userAddress":{"addressId":4545,"plotNumber":"p1-098","street":"cxvbmnb ","state":"uibhjkl","country":"USA","zipCode":90865},"user_id":4578,"user_first_name":"bepjopghkl","user_last_name":"vhhnjoioxddfg","user_contact_number":1802054908,"user_email_id":"nijua.loj-1727307339757@ecxfs.com","creation_time":"2024-09-25T23:35:41.374+00:00","last_mod_time":"2024-09-25T23:35:41.374+00:00"},{"userAddress":{"addressId":4549,"plotNumber":"p1-098","street":"cxvbmnb ","state":"uibhjkl","country":"USA","zipCode":90865},"user_id":4582,"user_first_name":"bopghkl","user_last_name":"vhjoioxddfg","user_contact_number":1173180314,"user_email_id":"nijua.loj-1727307450354@ecxfs.com","creation_time":"2024-09-25T23:37:30.976+00:00","last_mod_time":"2024-09-25T23:37:30.976+00:00"},{"userAddress":{"addressId":5061,"plotNumber":"A-202","street":"golden ln","state":"MA","country":"USA","zipCode":28456},"user_id":5094,"user_first_name":"Test","user_last_name":"Tester","user_contact_number":9876512012,"user_email_id":"te_012@gmail.com","creation_time":"2024-09-26T20:53:12.899+00:00","last_mod_time":"2024-09-26T20:53:12.899+00:00"},{"userAddress":{"addressId":4061,"plotNumber":"pk-03","street":"palmilla","state":"Florida","country":"USA","zipCode":77057},"user_id":4094,"user_first_name":"Apple","user_last_name":"Grapes","user_contact_number":9998567991,"user_email_id":"Test9@gmail.com","creation_time":"2024-09-23T16:56:10.274+00:00","last_mod_time":"2024-09-23T16:56:10.274+00:00"},{"userAddress":{"addressId":3108,"plotNumber":null,"street":null,"state":null,"country":null,"zipCode":null},"user_id":3141,"user_first_name":"joel","user_last_name":"kson","user_contact_number":9164678674,"user_email_id":"joel823@gamil.com","creation_time":"2024-09-23T02:24:19.618+00:00","last_mod_time":"2024-09-23T02:24:19.618+00:00"},{"userAddress":{"addressId":2245,"plotNumber":"12-b","street":"Burbank","state":"FL","country":"USA","zipCode":1},"user_id":2278,"user_first_name":"larry","user_last_name":"saryn","user_contact_number":1111222233,"user_email_id":"star7@gmail.com","creation_time":"2024-09-22T00:20:04.957+00:00","last_mod_time":"2024-09-23T03:24:35.712+00:00"},{"userAddress":{"addressId":5986,"plotNumber":"p1-87","street":"njgbfd","state":"nj","country":"USA","zipCode":97076},"user_id":6019,"user_first_name":"bngetnmghjk","user_last_name":"updatedLastName","user_contact_number":1822990345,"user_email_id":"sdsf.cvxi-1727478751058@edcs.com","creation_time":"2024-09-27T23:12:31.626+00:00","last_mod_time":"2024-09-27T23:12:34.418+00:00"},{"userAddress":{"addressId":5079,"plotNumber":"ok-6","street":null,"state":"youkom","country":null,"zipCode":564567},"user_id":5112,"user_first_name":"reka","user_last_name":"saroh","user_contact_number":3459956789,"user_email_id":"df10d0@gmail.com","creation_time":"2024-09-26T21:19:29.644+00:00","last_mod_time":"2024-09-26T21:19:29.644+00:00"},{"userAddress":{"addressId":4964,"plotNumber":"A-202","street":"golden ln","state":"MA","country":"USA","zipCode":28456},"user_id":4997,"user_first_name":"Test","user_last_name":"Tester","user_contact_number":9876512001,"user_email_id":"te_001@gmail.com","creation_time":"2024-09-26T18:12:17.983+00:00","last_mod_time":"2024-09-26T18:12:17.983+00:00"},{"userAddress":{"addressId":5237,"plotNumber":null,"street":null,"state":null,"country":null,"zipCode":null},"user_id":5270,"user_first_name":"Sample user firstname","user_last_name":"Sample user lastname","user_contact_number":9874563311,"user_email_id":"sample_user00@gmail.com","creation_time":"2024-09-26T23:42:44.106+00:00","last_mod_time":"2024-09-26T23:42:44.106+00:00"},{"userAddress":{"addressId":3697,"plotNumber":"vl-4","street":null,"state":"northyork","country":null,"zipCode":9897},"user_id":3730,"user_first_name":"varsha","user_last_name":"akasha","user_contact_number":1993798883,"user_email_id":"kikalr12839@gmail.com","creation_time":"2024-09-23T15:27:45.321+00:00","last_mod_time":"2024-09-23T15:27:45.321+00:00"},{"userAddress":{"addressId":4968,"plotNumber":"A-202","street":"golden ln","state":"MA","country":"USA","zipCode":28456},"user_id":5001,"user_first_name":"Test","user_last_name":"Tester","user_contact_number":9876512003,"user_email_id":"te_003@gmail.com","creation_time":"2024-09-26T18:14:36.360+00:00","last_mod_time":"2024-09-26T18:14:36.360+00:00"},{"userAddress":{"addressId":4661,"plotNumber":"p1-098","street":"cxvbmnb ","state":"uibhjkl","country":"USA","zipCode":90865},"user_id":4694,"user_first_name":"bpghkhjd","user_last_name":"vhdbhjfg","user_contact_number":1005246864,"user_email_id":"nijua.loj-1727318503722@ecxfs.com","creation_time":"2024-09-26T02:41:44.349+00:00","last_mod_time":"2024-09-26T02:41:44.349+00:00"},{"userAddress":{"addressId":5116,"plotNumber":"p1-098","street":"cxvbmnb ","state":"uibhjkl","country":"USA","zipCode":90865},"user_id":5149,"user_first_name":"bpghkhjd","user_last_name":"vhdbhjfg","user_contact_number":1100387316,"user_email_id":"nijua.loj-1727386862480@ecxfs.com","creation_time":"2024-09-26T21:41:03.097+00:00","last_mod_time":"2024-09-26T21:41:03.097+00:00"},{"userAddress":{"addressId":4990,"plotNumber":"A-202","street":"golden ln","state":"MA","country":"USA","zipCode":28456},"user_id":5023,"user_first_name":"Test","user_last_name":"Tester","user_contact_number":9876512007,"user_email_id":"te_007@gmail.com","creation_time":"2024-09-26T18:40:57.545+00:00","last_mod_time":"2024-09-26T18:40:57.545+00:00"},{"userAddress":{"addressId":6006,"plotNumber":"p1-87","street":"njgbfd","state":"nj","country":"USA","zipCode":97076},"user_id":6039,"user_first_name":"jufghfgh","user_last_name":"vbhgfy","user_contact_number":1700749231,"user_email_id":"sdsf.cvxi-1727480074258@edcs.com","creation_time":"2024-09-27T23:34:34.790+00:00","last_mod_time":"2024-09-27T23:34:34.790+00:00"},{"userAddress":{"addressId":5388,"plotNumber":"332-r","street":"mainthree lane","state":"NY","country":"USA","zipCode":7816},"user_id":5421,"user_first_name":"Buttane","user_last_name":"velae","user_contact_number":1213149999,"user_email_id":"Buttane@gmail.com","creation_time":"2024-09-27T03:02:00.035+00:00","last_mod_time":"2024-09-27T03:02:00.035+00:00"},{"userAddress":{"addressId":8535,"plotNumber":"P1-10","street":"Keeling Trace","state":"TX","country":"USA","zipCode":12356},"user_id":8567,"user_first_name":"Freda","user_last_name":"Heathcote","user_contact_number":3607896160,"user_email_id":"Tania_Leannon@yahoo.com","creation_time":"2024-10-13T05:13:50.401+00:00","last_mod_time":"2024-10-13T05:13:50.401+00:00"},{"userAddress":{"addressId":4996,"plotNumber":"p1-09","street":"Main","state":"NY","country":"USA","zipCode":10901},"user_id":5029,"user_first_name":"zara","user_last_name":"id","user_contact_number":9248350408,"user_email_id":"id.zara@example.com","creation_time":"2024-09-26T18:59:18.737+00:00","last_mod_time":"2024-09-26T18:59:18.737+00:00"},{"userAddress":{"addressId":5395,"plotNumber":"332-r","street":"mainthree lane","state":"NY","country":"USA","zipCode":7816},"user_id":5428,"user_first_name":"Buttanr","user_last_name":"velar","user_contact_number":1121314990,"user_email_id":"Buttanr@gmail.com","creation_time":"2024-09-27T03:09:52.072+00:00","last_mod_time":"2024-09-27T03:09:52.072+00:00"},{"userAddress":{"addressId":8539,"plotNumber":"P1-10","street":"Rohan Corner","state":"TX","country":"USA","zipCode":12356},"user_id":8571,"user_first_name":"Arnaldo","user_last_name":"Schuster","user_contact_number":3607896154,"user_email_id":"Ray_Labadie40@gmail.com","creation_time":"2024-10-13T05:17:05.540+00:00","last_mod_time":"2024-10-13T05:17:05.540+00:00"},{"userAddress":{"addressId":8541,"plotNumber":"P1-10","street":"Wintheiser Center","state":"TX","country":"USA","zipCode":12356},"user_id":8573,"user_first_name":"Kip","user_last_name":"Jaskolski","user_contact_number":3607896108,"user_email_id":"Benny46@gmail.com","creation_time":"2024-10-13T05:17:54.831+00:00","last_mod_time":"2024-10-13T05:17:54.831+00:00"},{"userAddress":{"addressId":6048,"plotNumber":"pl-1463","street":"Dunwoody Gables","state":"NY","country":"USA","zipCode":12651},"user_id":6081,"user_first_name":"MclaughlinLovrone","user_last_name":"Richardsoni","user_contact_number":7254243823,"user_email_id":"Lrerrichardson@gmail.com","creation_time":"2024-09-28T01:02:07.027+00:00","last_mod_time":"2024-09-28T01:02:07.027+00:00"},{"userAddress":{"addressId":5279,"plotNumber":"vnLv-373","street":null,"state":"GA","country":null,"zipCode":48787},"user_id":5312,"user_first_name":"gnanesh","user_last_name":"pukkella","user_contact_number":4707792000,"user_email_id":"gnpu@gmail.com","creation_time":"2024-09-27T00:52:09.923+00:00","last_mod_time":"2024-09-27T00:52:09.923+00:00"},{"userAddress":{"addressId":5280,"plotNumber":"cKnT-373","street":null,"state":"GA","country":null,"zipCode":48781},"user_id":5313,"user_first_name":"gnanesh","user_last_name":"pukkella","user_contact_number":4707792008,"user_email_id":"gnpuk@gmail.com","creation_time":"2024-09-27T00:54:42.816+00:00","last_mod_time":"2024-09-27T00:54:42.816+00:00"},{"userAddress":{"addressId":5416,"plotNumber":"20-C","street":"Peach St","state":"PA","country":"IND","zipCode":642034},"user_id":5449,"user_first_name":"rith","user_last_name":"November","user_contact_number":7205556421,"user_email_id":"nim229@gmail.com","creation_time":"2024-09-27T03:45:22.403+00:00","last_mod_time":"2024-09-27T03:45:22.403+00:00"},{"userAddress":{"addressId":5417,"plotNumber":"25-C","street":"Vanilla st","state":"VA","country":"USA","zipCode":19341},"user_id":5450,"user_first_name":"prad","user_last_name":"December","user_contact_number":7205556422,"user_email_id":"nim227@gmail.com","creation_time":"2024-09-27T03:45:22.918+00:00","last_mod_time":"2024-09-27T03:45:26.454+00:00"},{"userAddress":{"addressId":5422,"plotNumber":"BA-12","street":"NEstreet","state":"CA","country":"USA","zipCode":11223},"user_id":5455,"user_first_name":"newnameone","user_last_name":"lastnametwo","user_contact_number":1114567890,"user_email_id":"users3@gmail.com","creation_time":"2024-09-27T03:50:50.232+00:00","last_mod_time":"2024-09-27T03:50:50.232+00:00"},{"userAddress":{"addressId":5322,"plotNumber":"vOZh-373","street":"sBuDZst","state":"GA","country":"USA","zipCode":48789},"user_id":5355,"user_first_name":"Rani","user_last_name":"Rao","user_contact_number":7878707881,"user_email_id":"zpv@gmail.com","creation_time":"2024-09-27T01:44:30.944+00:00","last_mod_time":"2024-09-27T01:44:30.944+00:00"},{"userAddress":{"addressId":5444,"plotNumber":"gJHl-373","street":"uxVCRst","state":"GA","country":"USA","zipCode":48780},"user_id":5477,"user_first_name":"RaniL","user_last_name":"Rao","user_contact_number":7878707883,"user_email_id":"BLj@gmail.com","creation_time":"2024-09-27T04:08:21.868+00:00","last_mod_time":"2024-09-27T04:08:21.868+00:00"},{"userAddress":{"addressId":5446,"plotNumber":"teNv-373","street":"lhCyHst","state":"GA","country":"USA","zipCode":48780},"user_id":5479,"user_first_name":"RaniM","user_last_name":"Rao","user_contact_number":7878707888,"user_email_id":"Oeo@gmail.com","creation_time":"2024-09-27T04:13:28.257+00:00","last_mod_time":"2024-09-27T04:13:28.257+00:00"},{"userAddress":{"addressId":5447,"plotNumber":"jLYl-373","street":"Xwxjast","state":"GA","country":"USA","zipCode":48781},"user_id":5480,"user_first_name":"RaniR","user_last_name":"Rao","user_contact_number":7878707884,"user_email_id":"AbS@gmail.com","creation_time":"2024-09-27T04:15:55.178+00:00","last_mod_time":"2024-09-27T04:15:55.178+00:00"},{"userAddress":{"addressId":5448,"plotNumber":"xCxn-373","street":"NGdmFst","state":"GA","country":"USA","zipCode":48787},"user_id":5481,"user_first_name":"RaniU","user_last_name":"Rao","user_contact_number":7878007884,"user_email_id":"nOL@gmail.com","creation_time":"2024-09-27T04:21:58.056+00:00","last_mod_time":"2024-09-27T04:21:58.056+00:00"},{"userAddress":{"addressId":5452,"plotNumber":"dGkV-373","street":"RvoMcst","state":"GA","country":"USA","zipCode":48781},"user_id":5485,"user_first_name":"RaniB","user_last_name":"Rao","user_contact_number":7878007886,"user_email_id":"pkv@gmail.com","creation_time":"2024-09-27T04:32:19.805+00:00","last_mod_time":"2024-09-27T04:32:19.805+00:00"},{"userAddress":{"addressId":5455,"plotNumber":"pl-51","street":"vail rd","state":"nj","country":"usa","zipCode":54321},"user_id":5488,"user_first_name":"smitha","user_last_name":"dmaanj","user_contact_number":5091311145,"user_email_id":"sq12552eam5@gmail.com","creation_time":"2024-09-27T04:38:05.079+00:00","last_mod_time":"2024-09-27T04:38:05.079+00:00"},{"userAddress":{"addressId":5456,"plotNumber":"pl-51","street":"vail rd","state":"nj","country":"usa","zipCode":54321},"user_id":5489,"user_first_name":"smitha","user_last_name":"dmaanj","user_contact_number":5081311145,"user_email_id":"sq12552eam6@gmail.com","creation_time":"2024-09-27T04:38:48.038+00:00","last_mod_time":"2024-09-27T04:38:48.038+00:00"},{"userAddress":{"addressId":5457,"plotNumber":"pl-51","street":"vail rd","state":"nj","country":"usa","zipCode":54321},"user_id":5490,"user_first_name":"smitha","user_last_name":"dmaanj","user_contact_number":5181311145,"user_email_id":"sq22552eam6@gmail.com","creation_time":"2024-09-27T04:40:33.768+00:00","last_mod_time":"2024-09-27T04:40:33.768+00:00"},{"userAddress":{"addressId":5459,"plotNumber":"pl-51","street":"vail rd","state":"nj","country":"usa","zipCode":54321},"user_id":5492,"user_first_name":"smitha","user_last_name":"dmaanj","user_contact_number":5282021145,"user_email_id":"api2Team5@gmail.com","creation_time":"2024-09-27T04:48:06.369+00:00","last_mod_time":"2024-09-27T04:48:06.369+00:00"},{"userAddress":{"addressId":5463,"plotNumber":"pl-51","street":"vail rd","state":"nj","country":"usa","zipCode":54321},"user_id":5496,"user_first_name":"smitha","user_last_name":"dmaanj","user_contact_number":5182021145,"user_email_id":"api21Team5@gmail.com","creation_time":"2024-09-27T04:55:14.789+00:00","last_mod_time":"2024-09-27T04:55:14.789+00:00"},{"userAddress":{"addressId":5467,"plotNumber":"pl-51","street":"vail rd","state":"nj","country":"usa","zipCode":54321},"user_id":5500,"user_first_name":"smitha","user_last_name":"dmaanj","user_contact_number":5282156145,"user_email_id":"api12Team5@gmail.com","creation_time":"2024-09-27T04:59:53.312+00:00","last_mod_time":"2024-09-27T04:59:53.312+00:00"},{"userAddress":{"addressId":5469,"plotNumber":"pl-51","street":"vail rd","state":"nj","country":"usa","zipCode":54321},"user_id":5502,"user_first_name":"smitha","user_last_name":"dmaanj","user_contact_number":6282156125,"user_email_id":"api32Team5@gmail.com","creation_time":"2024-09-27T05:01:41.110+00:00","last_mod_time":"2024-09-27T05:01:41.110+00:00"},{"userAddress":{"addressId":5471,"plotNumber":"pl-51","street":"vail rd","state":"nj","country":"usa","zipCode":54321},"user_id":5504,"user_first_name":"smitha","user_last_name":"dmaanj","user_contact_number":6182156125,"user_email_id":"api032Team5@gmail.com","creation_time":"2024-09-27T05:05:23.199+00:00","last_mod_time":"2024-09-27T05:05:23.199+00:00"},{"userAddress":{"addressId":5473,"plotNumber":"pl-51","street":"vail rd","state":"nj","country":"usa","zipCode":54321},"user_id":5506,"user_first_name":"smitha","user_last_name":"dmaanj","user_contact_number":6022156125,"user_email_id":"api012Team5@gmail.com","creation_time":"2024-09-27T05:08:24.189+00:00","last_mod_time":"2024-09-27T05:08:24.189+00:00"},{"userAddress":{"addressId":5474,"plotNumber":"pl-51","street":"vail rd","state":"nj","country":"usa","zipCode":54321},"user_id":5507,"user_first_name":"smitha","user_last_name":"dmaanj","user_contact_number":1022156125,"user_email_id":"api018Team5@gmail.com","creation_time":"2024-09-27T05:09:52.675+00:00","last_mod_time":"2024-09-27T05:09:52.675+00:00"},{"userAddress":{"addressId":5475,"plotNumber":"pl-51","street":"vail rd","state":"nj","country":"usa","zipCode":54321},"user_id":5508,"user_first_name":"smitha","user_last_name":"dmaanj","user_contact_number":2022156125,"user_email_id":"api0122Team5@gmail.com","creation_time":"2024-09-27T05:11:12.571+00:00","last_mod_time":"2024-09-27T05:11:12.571+00:00"},{"userAddress":{"addressId":5476,"plotNumber":"rbVp-373","street":"Zlrqxst","state":"GA","country":"USA","zipCode":48782},"user_id":5509,"user_first_name":"RaniD","user_last_name":"Rao","user_contact_number":7878007883,"user_email_id":"CiJ@gmail.com","creation_time":"2024-09-27T05:11:18.989+00:00","last_mod_time":"2024-09-27T05:11:18.989+00:00"},{"userAddress":{"addressId":8976,"plotNumber":"456-A","street":"First Avenue","state":"NY","country":"USA","zipCode":10001},"user_id":9008,"user_first_name":"Alice","user_last_name":"Brown","user_contact_number":2111111112,"user_email_id":"alice.brown@example.com","creation_time":"2024-10-13T23:01:37.190+00:00","last_mod_time":"2024-10-13T23:03:12.336+00:00"},{"userAddress":{"addressId":6430,"plotNumber":"pl-101","street":"WolfStreet","state":"NC","country":"USA","zipCode":12312},"user_id":6463,"user_first_name":"VijiAvengers","user_last_name":"Stark","user_contact_number":1981555166,"user_email_id":"Vijee99min2@gmail.com","creation_time":"2024-09-29T16:31:41.025+00:00","last_mod_time":"2024-09-29T16:31:41.025+00:00"},{"userAddress":{"addressId":6431,"plotNumber":"pl-101","street":"WolfStreet","state":"NC","country":"USA","zipCode":12312},"user_id":6464,"user_first_name":"VijiAvengers","user_last_name":"Stark","user_contact_number":1481555166,"user_email_id":"Vijee99min3@gmail.com","creation_time":"2024-09-29T16:33:27.339+00:00","last_mod_time":"2024-09-29T16:33:27.339+00:00"},{"userAddress":{"addressId":10809,"plotNumber":"P1-13","street":"Oak","state":"TX","country":"USA","zipCode":20895},"user_id":10841,"user_first_name":"Boby","user_last_name":"Smithy","user_contact_number":9633399900,"user_email_id":"BBSsBsssss@gmail.com","creation_time":"2024-10-17T22:37:38.465+00:00","last_mod_time":"2024-10-17T22:37:38.465+00:00"},{"userAddress":{"addressId":7642,"plotNumber":"AS-99","street":"Gorniak","state":"MI","country":"USA","zipCode":7896},"user_id":7674,"user_first_name":"TesterAL","user_last_name":"Numpy","user_contact_number":2583691476,"user_email_id":"testlearneral@gmail.com","creation_time":"2024-10-10T16:06:27.206+00:00","last_mod_time":"2024-10-10T16:06:27.206+00:00"},{"userAddress":{"addressId":5965,"plotNumber":"pl-1463","street":"Dunwoody Gables","state":"NY","country":"USA","zipCode":12651},"user_id":5998,"user_first_name":"MclaughlinLovrone","user_last_name":"Richardsoni","user_contact_number":7254263823,"user_email_id":"Lrrichardson@gmail.com","creation_time":"2024-09-27T22:47:16.046+00:00","last_mod_time":"2024-09-27T22:47:16.046+00:00"},{"userAddress":{"addressId":5842,"plotNumber":"p1-59","street":"sdfiot","state":"cd","country":"USA","zipCode":94056},"user_id":5875,"user_first_name":"bpghkhjd","user_last_name":"wronglastname","user_contact_number":1638814492,"user_email_id":"hjitr.cvu-1727459943544@wdt.com","creation_time":"2024-09-27T17:59:42.121+00:00","last_mod_time":"2024-09-27T17:59:42.121+00:00"},{"userAddress":{"addressId":8187,"plotNumber":null,"street":null,"state":null,"country":null,"zipCode":null},"user_id":8219,"user_first_name":"dUUJOMmiju","user_last_name":"nGjFghcJgq","user_contact_number":1019611707,"user_email_id":"team2843j7a84h37a@gmail.com","creation_time":"2024-10-12T17:51:05.885+00:00","last_mod_time":"2024-10-12T17:51:05.885+00:00"},{"userAddress":{"addressId":8188,"plotNumber":null,"street":null,"state":null,"country":null,"zipCode":null},"user_id":8220,"user_first_name":"ptKwIhucmj","user_last_name":"llGiTKENve","user_contact_number":6543098086,"user_email_id":"team235g8h4mlknnb@gmail.com","creation_time":"2024-10-12T17:51:06.497+00:00","last_mod_time":"2024-10-12T17:51:06.497+00:00"},{"userAddress":{"addressId":8189,"plotNumber":null,"street":null,"state":null,"country":null,"zipCode":null},"user_id":8221,"user_first_name":"lHVdNClccX","user_last_name":"udTeTHYhiw","user_contact_number":1134453084,"user_email_id":"team2jj9295jm49m@gmail.com","creation_time":"2024-10-12T17:51:06.786+00:00","last_mod_time":"2024-10-12T17:51:06.786+00:00"},{"userAddress":{"addressId":5881,"plotNumber":"p1-098","street":"cxvbmnb ","state":"uibhjkl","country":"USA","zipCode":90865},"user_id":5914,"user_first_name":"bpghkhjd","user_last_name":"vhdbhjfg","user_contact_number":1769073474,"user_email_id":"nijua.loj-1727463975661@ecxfs.com","creation_time":"2024-09-27T19:10:22.995+00:00","last_mod_time":"2024-09-27T19:10:22.995+00:00"},{"userAddress":{"addressId":8190,"plotNumber":null,"street":null,"state":null,"country":null,"zipCode":null},"user_id":8222,"user_first_name":"vTtLWdeGdu","user_last_name":"bYzmanrIzn","user_contact_number":4333385414,"user_email_id":"team293ec7deee95j@gmail.com","creation_time":"2024-10-12T17:51:07.710+00:00","last_mod_time":"2024-10-12T17:51:07.710+00:00"},{"userAddress":{"addressId":5970,"plotNumber":"pl-1463","street":"Dunwoody Gables","state":"NY","country":"USA","zipCode":12651},"user_id":6003,"user_first_name":"MclaughlinLovrone","user_last_name":"Richardsoni","user_contact_number":7354263823,"user_email_id":"Lrrrichardson@gmail.com","creation_time":"2024-09-27T22:48:55.742+00:00","last_mod_time":"2024-09-27T22:48:55.742+00:00"},{"userAddress":{"addressId":9961,"plotNumber":"P1-11","street":"NJ","state":"TX","country":"USA","zipCode":12356},"user_id":9993,"user_first_name":"Muruga","user_last_name":"Parvathi","user_contact_number":8882223999,"user_email_id":"murugasiva@gmail.com","creation_time":"2024-10-15T16:05:09.880+00:00","last_mod_time":"2024-10-15T16:05:09.880+00:00"},{"userAddress":{"addressId":5848,"plotNumber":"p1-59","street":"sdfiot","state":"cd","country":"USA","zipCode":94056},"user_id":5881,"user_first_name":"bpghkhjd","user_last_name":"wronglastname","user_contact_number":1833527872,"user_email_id":"hjitr.cvu-1727460112590@wdt.com","creation_time":"2024-09-27T18:02:03.865+00:00","last_mod_time":"2024-09-27T18:02:03.865+00:00"},{"userAddress":{"addressId":8197,"plotNumber":null,"street":null,"state":null,"country":null,"zipCode":null},"user_id":8229,"user_first_name":"LndYzyMQTL","user_last_name":"TCAPTDmEJl","user_contact_number":5967892166,"user_email_id":"team2dbnhi56955o6@gmail.com","creation_time":"2024-10-12T18:00:39.349+00:00","last_mod_time":"2024-10-12T18:00:39.349+00:00"},{"userAddress":{"addressId":8198,"plotNumber":null,"street":null,"state":null,"country":null,"zipCode":null},"user_id":8230,"user_first_name":"HwgCXrBTQR","user_last_name":"PyvqYzMITm","user_contact_number":8016109622,"user_email_id":"team2ic6007776ji8@gmail.com","creation_time":"2024-10-12T18:00:39.494+00:00","last_mod_time":"2024-10-12T18:00:39.494+00:00"},{"userAddress":{"addressId":8199,"plotNumber":null,"street":null,"state":null,"country":null,"zipCode":null},"user_id":8231,"user_first_name":"qqShcbMNoL","user_last_name":"dGgrwGRPtY","user_contact_number":4025227941,"user_email_id":"team244fe95660n6@gmail.com","creation_time":"2024-10-12T18:00:39.629+00:00","last_mod_time":"2024-10-12T18:00:39.629+00:00"},{"userAddress":{"addressId":5852,"plotNumber":"p1-59","street":"sdfiot","state":"cd","country":"USA","zipCode":94056},"user_id":5885,"user_first_name":"bpghkhjd","user_last_name":"wronglastname","user_contact_number":1353427319,"user_email_id":"hjitr.cvu-1727460503070@wdt.com","creation_time":"2024-09-27T18:08:25.882+00:00","last_mod_time":"2024-09-27T18:08:25.882+00:00"},{"userAddress":{"addressId":8200,"plotNumber":null,"street":null,"state":null,"country":null,"zipCode":null},"user_id":8232,"user_first_name":"LEvbHnQIje","user_last_name":"VIaQutyOdC","user_contact_number":4062128683,"user_email_id":"team2457ogp6cdb4o@gmail.com","creation_time":"2024-10-12T18:00:39.754+00:00","last_mod_time":"2024-10-12T18:00:39.754+00:00"},{"userAddress":{"addressId":5883,"plotNumber":"p1-59","street":"sdfiot","state":"cd","country":"USA","zipCode":94056},"user_id":5916,"user_first_name":"bpghkhjd","user_last_name":"wronglastname","user_contact_number":1239157694,"user_email_id":"hjitr.cvu-1727464256929@wdt.com","creation_time":"2024-09-27T19:11:02.568+00:00","last_mod_time":"2024-09-27T19:11:02.568+00:00"},{"userAddress":{"addressId":8201,"plotNumber":null,"street":null,"state":null,"country":null,"zipCode":null},"user_id":8233,"user_first_name":"MSzuvEuQnT","user_last_name":"abeqxyuEpM","user_contact_number":9156770992,"user_email_id":"team208c2fkdaj44hb@gmail.com","creation_time":"2024-10-12T18:00:39.882+00:00","last_mod_time":"2024-10-12T18:00:39.882+00:00"},{"userAddress":{"addressId":8202,"plotNumber":null,"street":null,"state":null,"country":null,"zipCode":null},"user_id":8234,"user_first_name":"KvmPSrwHhR","user_last_name":"ZmSQqDrYwv","user_contact_number":1059257540,"user_email_id":"team2cb5ddmg15op6@gmail.com","creation_time":"2024-10-12T18:01:32.422+00:00","last_mod_time":"2024-10-12T18:01:32.422+00:00"},{"userAddress":{"addressId":5724,"plotNumber":"p1-098","street":"cxvbmnb ","state":"uibhjkl","country":"USA","zipCode":90865},"user_id":5757,"user_first_name":"bpghkhjd","user_last_name":"updatedLastName","user_contact_number":1764478990,"user_email_id":"nijua.loj-1727452534901@ecxfs.com","creation_time":"2024-09-27T15:55:35.376+00:00","last_mod_time":"2024-09-27T15:55:53.162+00:00"},{"userAddress":{"addressId":8203,"plotNumber":null,"street":null,"state":null,"country":null,"zipCode":null},"user_id":8235,"user_first_name":"MSsdTEYeDQ","user_last_name":"hmShEMjsZi","user_contact_number":3804899287,"user_email_id":"team2ba3ccgd76emd@gmail.com","creation_time":"2024-10-12T18:02:13.145+00:00","last_mod_time":"2024-10-12T18:02:13.145+00:00"},{"userAddress":{"addressId":8205,"plotNumber":null,"street":null,"state":null,"country":null,"zipCode":null},"user_id":8237,"user_first_name":"dWXvPrffMq","user_last_name":"ZghnlIDICl","user_contact_number":8250002884,"user_email_id":"team2nkip7pop570f@gmail.com","creation_time":"2024-10-12T18:02:43.331+00:00","last_mod_time":"2024-10-12T18:02:43.331+00:00"},{"userAddress":{"addressId":5994,"plotNumber":"p1-87","street":"njgbfd","state":"nj","country":"USA","zipCode":97076},"user_id":6027,"user_first_name":"bngetnmghjk","user_last_name":"updatedLastName","user_contact_number":1688055989,"user_email_id":"sdsf.cvxi-1727479342696@edcs.com","creation_time":"2024-09-27T23:22:23.222+00:00","last_mod_time":"2024-09-27T23:22:25.983+00:00"},{"userAddress":{"addressId":5998,"plotNumber":"p1-87","street":"njgbfd","state":"nj","country":"USA","zipCode":97076},"user_id":6031,"user_first_name":"bngetnmghjk","user_last_name":"updatedLastName","user_contact_number":1161052190,"user_email_id":"sdsf.cvxi-1727479590085@edcs.com","creation_time":"2024-09-27T23:26:30.689+00:00","last_mod_time":"2024-09-27T23:26:33.430+00:00"},{"userAddress":{"addressId":8207,"plotNumber":null,"street":null,"state":null,"country":null,"zipCode":null},"user_id":8239,"user_first_name":"hBRpzuckLF","user_last_name":"oTRYFpkqtY","user_contact_number":6800320119,"user_email_id":"team2hk9im88mfkbb@gmail.com","creation_time":"2024-10-12T18:02:43.798+00:00","last_mod_time":"2024-10-12T18:02:43.798+00:00"},{"userAddress":{"addressId":8208,"plotNumber":null,"street":null,"state":null,"country":null,"zipCode":null},"user_id":8240,"user_first_name":"GkhfZikHkf","user_last_name":"cHYuOmgTtB","user_contact_number":3843916751,"user_email_id":"team2fjbdlm7090jl@gmail.com","creation_time":"2024-10-12T18:02:44.082+00:00","last_mod_time":"2024-10-12T18:02:44.082+00:00"},{"userAddress":{"addressId":5866,"plotNumber":"p1-59","street":"sdfiot","state":"cd","country":"USA","zipCode":94056},"user_id":5899,"user_first_name":"bpghkhjd","user_last_name":"wronglastname","user_contact_number":1461687574,"user_email_id":"hjitr.cvu-1727461914703@wdt.com","creation_time":"2024-09-27T18:31:58.930+00:00","last_mod_time":"2024-09-27T18:31:58.930+00:00"},{"userAddress":{"addressId":8211,"plotNumber":null,"street":null,"state":null,"country":null,"zipCode":null},"user_id":8243,"user_first_name":"utKsNcjNRJ","user_last_name":"gwJdlfLuwW","user_contact_number":6927435389,"user_email_id":"team29ne640ia6ma3@gmail.com","creation_time":"2024-10-12T18:02:44.837+00:00","last_mod_time":"2024-10-12T18:02:44.837+00:00"},{"userAddress":{"addressId":5740,"plotNumber":"p1-098","street":"cxvbmnb ","state":"uibhjkl","country":"USA","zipCode":90865},"user_id":5773,"user_first_name":"bpghkhjd","user_last_name":"vhdbhjfg","user_contact_number":1873704568,"user_email_id":"nijua.loj-1727453059333@ecxfs.com","creation_time":"2024-09-27T16:04:29.040+00:00","last_mod_time":"2024-09-27T16:04:29.040+00:00"},{"userAddress":{"addressId":5868,"plotNumber":"p1-098","street":"cxvbmnb ","state":"uibhjkl","country":"USA","zipCode":90865},"user_id":5901,"user_first_name":"bpghkhjd","user_last_name":"vhdbhjfg","user_contact_number":1113475406,"user_email_id":"nijua.loj-1727462478081@ecxfs.com","creation_time":"2024-09-27T18:41:18.749+00:00","last_mod_time":"2024-09-27T18:41:18.749+00:00"},{"userAddress":{"addressId":5869,"plotNumber":"p1-098","street":"cxvbmnb ","state":"uibhjkl","country":"USA","zipCode":90865},"user_id":5902,"user_first_name":"bpghkhjd","user_last_name":"vhdbhjfg","user_contact_number":1356941942,"user_email_id":"nijua.loj-1727462967374@ecxfs.com","creation_time":"2024-09-27T18:49:27.858+00:00","last_mod_time":"2024-09-27T18:49:27.858+00:00"},{"userAddress":{"addressId":5870,"plotNumber":"p1-59","street":"sdfiot","state":"cd","country":"USA","zipCode":94056},"user_id":5903,"user_first_name":"bpghkhjd","user_last_name":"wronglastname","user_contact_number":1808071661,"user_email_id":"hjitr.cvu-1727463130666@wdt.com","creation_time":"2024-09-27T18:53:01.223+00:00","last_mod_time":"2024-09-27T18:53:01.223+00:00"},{"userAddress":{"addressId":5872,"plotNumber":"p1-59","street":"sdfiot","state":"cd","country":"USA","zipCode":94056},"user_id":5905,"user_first_name":"bpghkhjd","user_last_name":"wronglastname","user_contact_number":1630673239,"user_email_id":"hjitr.cvu-1727463280848@wdt.com","creation_time":"2024-09-27T18:54:58.669+00:00","last_mod_time":"2024-09-27T18:54:58.669+00:00"},{"userAddress":{"addressId":8239,"plotNumber":null,"street":null,"state":null,"country":null,"zipCode":null},"user_id":8271,"user_first_name":"XahAFKXYhp","user_last_name":"OmHuyMRgVq","user_contact_number":2072053955,"user_email_id":"team26oi6jph7hjfn@gmail.com","creation_time":"2024-10-12T18:48:50.376+00:00","last_mod_time":"2024-10-12T18:48:50.376+00:00"},{"userAddress":{"addressId":8240,"plotNumber":null,"street":null,"state":null,"country":null,"zipCode":null},"user_id":8272,"user_first_name":"BxXBIqTzWT","user_last_name":"dPnLuvTbfk","user_contact_number":6208937604,"user_email_id":"team2gng67m78if4a@gmail.com","creation_time":"2024-10-12T18:48:50.502+00:00","last_mod_time":"2024-10-12T18:48:50.502+00:00"},{"userAddress":{"addressId":8242,"plotNumber":null,"street":null,"state":null,"country":null,"zipCode":null},"user_id":8274,"user_first_name":"wqRfDTGApe","user_last_name":"jaHJxYDHUk","user_contact_number":1183518703,"user_email_id":"team2659no30agn3n@gmail.com","creation_time":"2024-10-12T18:49:28.147+00:00","last_mod_time":"2024-10-12T18:49:28.147+00:00"},{"userAddress":{"addressId":8243,"plotNumber":null,"street":null,"state":null,"country":null,"zipCode":null},"user_id":8275,"user_first_name":"NHLWllbfsA","user_last_name":"KBMQWSfgHN","user_contact_number":3481528418,"user_email_id":"team2j8b4db2eoec@gmail.com","creation_time":"2024-10-12T18:49:28.396+00:00","last_mod_time":"2024-10-12T18:49:28.396+00:00"},{"userAddress":{"addressId":8244,"plotNumber":null,"street":null,"state":null,"country":null,"zipCode":null},"user_id":8276,"user_first_name":"VPIQxcAvyG","user_last_name":"xgSNEHaswm","user_contact_number":8759051955,"user_email_id":"team260gl5jcmim6e@gmail.com","creation_time":"2024-10-12T18:49:28.786+00:00","last_mod_time":"2024-10-12T18:49:28.786+00:00"},{"userAddress":{"addressId":8245,"plotNumber":null,"street":null,"state":null,"country":null,"zipCode":null},"user_id":8277,"user_first_name":"tiJsTKOhKV","user_last_name":"HFCKqxgqDZ","user_contact_number":8881933581,"user_email_id":"team2d0j86dj8dd5h@gmail.com","creation_time":"2024-10-12T18:49:29.108+00:00","last_mod_time":"2024-10-12T18:49:29.108+00:00"},{"userAddress":{"addressId":8246,"plotNumber":null,"street":null,"state":null,"country":null,"zipCode":null},"user_id":8278,"user_first_name":"BEYykSqdRH","user_last_name":"xnjWoKSQzQ","user_contact_number":1967638773,"user_email_id":"team24j9ppgbb28f2@gmail.com","creation_time":"2024-10-12T18:49:29.359+00:00","last_mod_time":"2024-10-12T18:49:29.359+00:00"},{"userAddress":{"addressId":8248,"plotNumber":null,"street":null,"state":null,"country":null,"zipCode":null},"user_id":8280,"user_first_name":"gYTYDpHZwW","user_last_name":"PUtbxumGrO","user_contact_number":2773366781,"user_email_id":"team2p6gb3heinpkk@gmail.com","creation_time":"2024-10-12T18:49:30.035+00:00","last_mod_time":"2024-10-12T18:49:30.035+00:00"},{"userAddress":{"addressId":8249,"plotNumber":null,"street":null,"state":null,"country":null,"zipCode":null},"user_id":8281,"user_first_name":"PxywGYrFnx","user_last_name":"orYnowFYVl","user_contact_number":5739121463,"user_email_id":"team22bn2p2e8b7cn@gmail.com","creation_time":"2024-10-12T18:49:30.301+00:00","last_mod_time":"2024-10-12T18:49:30.301+00:00"},{"userAddress":{"addressId":8251,"plotNumber":null,"street":null,"state":null,"country":null,"zipCode":null},"user_id":8283,"user_first_name":"EjoSnmfAkX","user_last_name":"kCSkzQVEre","user_contact_number":3473051460,"user_email_id":"team2594ofeekeog9@gmail.com","creation_time":"2024-10-12T19:01:59.379+00:00","last_mod_time":"2024-10-12T19:01:59.379+00:00"},{"userAddress":{"addressId":8252,"plotNumber":null,"street":null,"state":null,"country":null,"zipCode":null},"user_id":8284,"user_first_name":"xlbiVQEcra","user_last_name":"YdWJJvBAsl","user_contact_number":4368517898,"user_email_id":"team2edh4083nge7c@gmail.com","creation_time":"2024-10-12T19:01:59.643+00:00","last_mod_time":"2024-10-12T19:01:59.643+00:00"},{"userAddress":{"addressId":8253,"plotNumber":null,"street":null,"state":null,"country":null,"zipCode":null},"user_id":8285,"user_first_name":"CGnfKCeayl","user_last_name":"TwIMsKcNJW","user_contact_number":6639053576,"user_email_id":"team280bh6ichap17@gmail.com","creation_time":"2024-10-12T19:02:00.060+00:00","last_mod_time":"2024-10-12T19:02:00.060+00:00"},{"userAddress":{"addressId":5888,"plotNumber":"p1-098","street":"cxvbmnb ","state":"uibhjkl","country":"USA","zipCode":90865},"user_id":5921,"user_first_name":"bpghkhjd","user_last_name":"vhdbhjfg","user_contact_number":1587056637,"user_email_id":"nijua.loj-1727464548837@ecxfs.com","creation_time":"2024-09-27T19:15:49.335+00:00","last_mod_time":"2024-09-27T19:15:49.335+00:00"},{"userAddress":{"addressId":8254,"plotNumber":null,"street":null,"state":null,"country":null,"zipCode":null},"user_id":8286,"user_first_name":"PsMSDjxmPI","user_last_name":"dJhkOYsGTd","user_contact_number":2556609124,"user_email_id":"team2p966ki316f5@gmail.com","creation_time":"2024-10-12T19:02:00.333+00:00","last_mod_time":"2024-10-12T19:02:00.333+00:00"},{"userAddress":{"addressId":8255,"plotNumber":null,"street":null,"state":null,"country":null,"zipCode":null},"user_id":8287,"user_first_name":"JlJvtXHMaG","user_last_name":"ydcMFLPlQT","user_contact_number":5801258982,"user_email_id":"team2pl30adefc2n@gmail.com","creation_time":"2024-10-12T19:02:00.591+00:00","last_mod_time":"2024-10-12T19:02:00.591+00:00"},{"userAddress":{"addressId":5890,"plotNumber":"p1-098","street":"cxvbmnb ","state":"uibhjkl","country":"USA","zipCode":90865},"user_id":5923,"user_first_name":"bpghkhjd","user_last_name":"vhdbhjfg","user_contact_number":1190992951,"user_email_id":"nijua.loj-1727464622208@ecxfs.com","creation_time":"2024-09-27T19:17:02.813+00:00","last_mod_time":"2024-09-27T19:17:02.813+00:00"},{"userAddress":{"addressId":8257,"plotNumber":null,"street":null,"state":null,"country":null,"zipCode":null},"user_id":8289,"user_first_name":"YRbAutJWYi","user_last_name":"HkUFoYjssc","user_contact_number":2284087678,"user_email_id":"team286jnj5ch3f6a@gmail.com","creation_time":"2024-10-12T19:02:01.201+00:00","last_mod_time":"2024-10-12T19:02:01.201+00:00"},{"userAddress":{"addressId":6037,"plotNumber":"p1-87","street":"njgbfd","state":"nj","country":"USA","zipCode":97076},"user_id":6070,"user_first_name":"jufghfgh","user_last_name":"vbhgfy","user_contact_number":1462818465,"user_email_id":"sdsf.cvxi-1727482107201@edcs.com","creation_time":"2024-09-28T00:08:27.730+00:00","last_mod_time":"2024-09-28T00:08:27.730+00:00"},{"userAddress":{"addressId":5775,"plotNumber":"p1-098","street":"cxvbmnb ","state":"uibhjkl","country":"USA","zipCode":90865},"user_id":5808,"user_first_name":"bpghkhjd","user_last_name":"vhdbhjfg","user_contact_number":1347307257,"user_email_id":"nijua.loj-1727454729087@ecxfs.com","creation_time":"2024-09-27T16:32:17.583+00:00","last_mod_time":"2024-09-27T16:32:17.583+00:00"},{"userAddress":{"addressId":5899,"plotNumber":"pl-1463","street":"Dunwoody Gables","state":"NY","country":"USA","zipCode":12651},"user_id":5932,"user_first_name":"Sylvia","user_last_name":"Helen","user_contact_number":7154263801,"user_email_id":"sylviahelen@gmail.com","creation_time":"2024-09-27T20:10:56.831+00:00","last_mod_time":"2024-09-27T20:10:56.831+00:00"},{"userAddress":{"addressId":5917,"plotNumber":"p1-87","street":"njgbfd","state":"nj","country":"USA","zipCode":97076},"user_id":5950,"user_first_name":"bngetnmghjk","user_last_name":"vhjjvbnihj","user_contact_number":1304617209,"user_email_id":"sdsf.cvxi-1727469633921@edcs.com","creation_time":"2024-09-27T20:40:34.487+00:00","last_mod_time":"2024-09-27T20:40:34.487+00:00"},{"userAddress":{"addressId":5919,"plotNumber":"p1-87","street":"njgbfd","state":"nj","country":"USA","zipCode":97076},"user_id":5952,"user_first_name":"bngetnmghjk","user_last_name":"vhjjvbnihj","user_contact_number":1825854316,"user_email_id":"sdsf.cvxi-1727469801069@edcs.com","creation_time":"2024-09-27T20:43:21.586+00:00","last_mod_time":"2024-09-27T20:43:21.586+00:00"},{"userAddress":{"addressId":5907,"plotNumber":"p1-87","street":"njgbfd","state":"nj","country":"USA","zipCode":97076},"user_id":5940,"user_first_name":"bngetnmghjk","user_last_name":"vhjjvbnihj","user_contact_number":1772830297,"user_email_id":"sdsf.cvxi-1727468590695@edcs.com","creation_time":"2024-09-27T20:23:11.245+00:00","last_mod_time":"2024-09-27T20:23:11.245+00:00"},{"userAddress":{"addressId":6064,"plotNumber":"pl-1463","street":"Dunwoody Gables","state":"NY","country":"USA","zipCode":12651},"user_id":6097,"user_first_name":"MclaughlinLovrone","user_last_name":"Richardsoni","user_contact_number":7854243823,"user_email_id":"Lardson@gmail.com","creation_time":"2024-09-28T02:34:11.570+00:00","last_mod_time":"2024-09-28T02:34:11.570+00:00"},{"userAddress":{"addressId":5921,"plotNumber":"pl-1463","street":"Dunwoody Gables","state":"NY","country":"USA","zipCode":12651},"user_id":5954,"user_first_name":"Lovrone","user_last_name":"Richardson","user_contact_number":7154263823,"user_email_id":"Lrichardson@gmail.com","creation_time":"2024-09-27T20:58:39.413+00:00","last_mod_time":"2024-09-27T20:58:39.413+00:00"},{"userAddress":{"addressId":5911,"plotNumber":"p1-87","street":"njgbfd","state":"nj","country":"USA","zipCode":97076},"user_id":5944,"user_first_name":"bngetnmghjk","user_last_name":"vhjjvbnihj","user_contact_number":1415654886,"user_email_id":"sdsf.cvxi-1727468731152@edcs.com","creation_time":"2024-09-27T20:25:31.658+00:00","last_mod_time":"2024-09-27T20:25:31.658+00:00"},{"userAddress":{"addressId":5914,"plotNumber":"p1-87","street":"njgbfd","state":"nj","country":"USA","zipCode":97076},"user_id":5947,"user_first_name":"bngetnmghjk","user_last_name":"vhjjvbnihj","user_contact_number":1032653269,"user_email_id":"sdsf.cvxi-1727468988229@edcs.com","creation_time":"2024-09-27T20:29:48.762+00:00","last_mod_time":"2024-09-27T20:29:48.762+00:00"},{"userAddress":{"addressId":6068,"plotNumber":"pl-1463","street":"Dunwoody Gables","state":"NY","country":"USA","zipCode":12651},"user_id":6101,"user_first_name":"MclaughlinLovrone","user_last_name":"Richardsoni","user_contact_number":7854243821,"user_email_id":"Lardsonr@gmail.com","creation_time":"2024-09-28T03:04:50.207+00:00","last_mod_time":"2024-09-28T03:04:50.207+00:00"},{"userAddress":{"addressId":5926,"plotNumber":"pl-14","street":"Elm St","state":"NY","country":"USA","zipCode":12345},"user_id":5959,"user_first_name":"Mathudel","user_last_name":"Bala","user_contact_number":1999999890,"user_email_id":"bala4@example.com","creation_time":"2024-09-27T21:13:57.272+00:00","last_mod_time":"2024-09-27T21:13:57.272+00:00"},{"userAddress":{"addressId":7082,"plotNumber":"Bt-11","street":"First St","state":"Texas","country":"USA","zipCode":54657},"user_id":7115,"user_first_name":"Newfirstname","user_last_name":"lastTrial","user_contact_number":2626343740,"user_email_id":"tommy9c078dd5o90i@gmail.com","creation_time":"2024-10-01T01:01:09.533+00:00","last_mod_time":"2024-10-01T01:01:09.533+00:00"},{"userAddress":{"addressId":6641,"plotNumber":"pl-12","street":"null","state":"CA","country":"USA","zipCode":12345},"user_id":6674,"user_first_name":"newusernameone","user_last_name":"lastnewneme","user_contact_number":3000100010,"user_email_id":"userfirst1000@gmail.com","creation_time":"2024-09-30T06:39:50.576+00:00","last_mod_time":"2024-09-30T13:33:27.297+00:00"},{"userAddress":{"addressId":6070,"plotNumber":"pl-1463","street":"Dunwoody Gables","state":"NY","country":"USA","zipCode":12651},"user_id":6103,"user_first_name":"MclaughlinLovrone","user_last_name":"Richardsoni","user_contact_number":8854243821,"user_email_id":"Lrardsonr@gmail.com","creation_time":"2024-09-28T03:14:01.822+00:00","last_mod_time":"2024-09-28T03:14:01.822+00:00"},{"userAddress":{"addressId":8542,"plotNumber":"P1-10","street":"Hahn Knolls","state":"TX","country":"USA","zipCode":12356},"user_id":8574,"user_first_name":"Constance","user_last_name":"Rohan","user_contact_number":3607896175,"user_email_id":"Ivy_Shanahan@yahoo.com","creation_time":"2024-10-13T05:17:58.078+00:00","last_mod_time":"2024-10-13T05:17:58.078+00:00"},{"userAddress":{"addressId":9381,"plotNumber":"P1-10","street":"Marlene Inlet","state":"TX","country":"USA","zipCode":12356},"user_id":9413,"user_first_name":"Margret","user_last_name":"Leffler","user_contact_number":3607896262,"user_email_id":"Nelson71@hotmail.com","creation_time":"2024-10-14T08:18:55.502+00:00","last_mod_time":"2024-10-14T08:18:55.502+00:00"},{"userAddress":{"addressId":9963,"plotNumber":"P1-11","street":"NJ","state":"TX","country":"USA","zipCode":12356},"user_id":9995,"user_first_name":"Muruga","user_last_name":"Parvathi","user_contact_number":8882223888,"user_email_id":"murugansiva@gmail.com","creation_time":"2024-10-15T16:09:19.597+00:00","last_mod_time":"2024-10-15T16:09:19.597+00:00"},{"userAddress":{"addressId":6075,"plotNumber":"pl-1463","street":"Dunwoody Gables","state":"NY","country":"USA","zipCode":12651},"user_id":6108,"user_first_name":"Lovronesydney","user_last_name":"ReichardsonJr","user_contact_number":8954243821,"user_email_id":"Lrardson@gmail.com","creation_time":"2024-09-28T03:17:32.776+00:00","last_mod_time":"2024-09-28T03:17:32.776+00:00"},{"userAddress":{"addressId":10478,"plotNumber":"19-a","street":"Cypress Dr","state":"Texas","country":"USA","zipCode":null},"user_id":10510,"user_first_name":"Vijaya","user_last_name":"TeamThree","user_contact_number":5759373053,"user_email_id":"pearlene.okon@example.com","creation_time":"2024-10-17T02:29:18.894+00:00","last_mod_time":"2024-10-17T02:29:18.894+00:00"},{"userAddress":{"addressId":10479,"plotNumber":"19-a","street":"Cypress Dr","state":"Texas","country":"USA","zipCode":null},"user_id":10511,"user_first_name":"Vijaya","user_last_name":"TeamThree","user_contact_number":5426442446,"user_email_id":"arthur.hackett@example.com","creation_time":"2024-10-17T02:29:19.728+00:00","last_mod_time":"2024-10-17T02:29:19.728+00:00"},{"userAddress":{"addressId":7102,"plotNumber":"Pl-56","street":"Cypress Hill Dr","state":"Texas","country":"USA","zipCode":65677},"user_id":7135,"user_first_name":"Eric","user_last_name":"Gerhold","user_contact_number":5322704274,"user_email_id":"chi.botsford@example.com","creation_time":"2024-10-01T02:51:20.720+00:00","last_mod_time":"2024-10-01T02:51:20.720+00:00"},{"userAddress":{"addressId":7104,"plotNumber":"Pl-56","street":"Cypress Hill Dr","state":"Texas","country":"USA","zipCode":65677},"user_id":7137,"user_first_name":"Andera","user_last_name":"Lehner","user_contact_number":5383241601,"user_email_id":"raye.gislason@example.com","creation_time":"2024-10-01T02:52:16.138+00:00","last_mod_time":"2024-10-01T02:52:16.138+00:00"},{"userAddress":{"addressId":6081,"plotNumber":"pl-1463","street":"Dunwoody Gables","state":"NY","country":"USA","zipCode":12651},"user_id":6114,"user_first_name":"MclaughlinLovrone","user_last_name":"Reichardsoni","user_contact_number":3954243821,"user_email_id":"Lerardsonr@gmail.com","creation_time":"2024-09-28T03:20:30.786+00:00","last_mod_time":"2024-09-28T03:20:30.786+00:00"},{"userAddress":{"addressId":7105,"plotNumber":"Pl-56","street":"Cypress Hill Dr","state":"Texas","country":"USA","zipCode":65677},"user_id":7138,"user_first_name":"Ervin","user_last_name":"Wyman","user_contact_number":5586125558,"user_email_id":"bernardine.douglas@example.com","creation_time":"2024-10-01T02:55:07.211+00:00","last_mod_time":"2024-10-01T02:55:07.211+00:00"},{"userAddress":{"addressId":7106,"plotNumber":"Pl-56","street":"Cypress Hill Dr","state":"Texas","country":"USA","zipCode":65677},"user_id":7139,"user_first_name":"Daphne","user_last_name":"Schmeler","user_contact_number":5542767314,"user_email_id":"lenny.turner@example.com","creation_time":"2024-10-01T02:56:20.417+00:00","last_mod_time":"2024-10-01T02:56:20.417+00:00"},{"userAddress":{"addressId":6959,"plotNumber":"pl-31","street":"Broadway","state":"New Jersey","country":"USA","zipCode":null},"user_id":6992,"user_first_name":"dheenathasel","user_last_name":"selva","user_contact_number":8839998788,"user_email_id":"gurd112@gmail.com","creation_time":"2024-09-30T17:18:06.059+00:00","last_mod_time":"2024-09-30T17:18:06.059+00:00"},{"userAddress":{"addressId":7107,"plotNumber":"Pl-56","street":"Cypress Hill Dr","state":"Texas","country":"USA","zipCode":65677},"user_id":7140,"user_first_name":"Latashia","user_last_name":"Fahey","user_contact_number":5405170353,"user_email_id":"elsa.lindgren@example.com","creation_time":"2024-10-01T02:57:36.701+00:00","last_mod_time":"2024-10-01T02:57:36.701+00:00"},{"userAddress":{"addressId":9574,"plotNumber":"P1-10","street":"Hayden Plaza","state":"TX","country":"USA","zipCode":12356},"user_id":9606,"user_first_name":"Lexus","user_last_name":"Veum","user_contact_number":5264879135,"user_email_id":"Skyla.Zboncak@yahoo.com","creation_time":"2024-10-14T10:13:48.857+00:00","last_mod_time":"2024-10-14T10:13:48.857+00:00"},{"userAddress":{"addressId":7112,"plotNumber":"Pl-56","street":"Cypress Hill Dr","state":"Texas","country":"USA","zipCode":65677},"user_id":7145,"user_first_name":"Blaine","user_last_name":"Kihn","user_contact_number":5959065798,"user_email_id":"elvera.schuster@example.com","creation_time":"2024-10-01T03:01:09.895+00:00","last_mod_time":"2024-10-01T03:01:09.895+00:00"},{"userAddress":{"addressId":7118,"plotNumber":"Pl-56","street":"Cypress Hill Dr","state":"Texas","country":"USA","zipCode":65677},"user_id":7151,"user_first_name":"Silvana","user_last_name":"Leffler","user_contact_number":5043103851,"user_email_id":"dorian.morissette@example.com","creation_time":"2024-10-01T03:18:58.406+00:00","last_mod_time":"2024-10-01T03:18:58.406+00:00"},{"userAddress":{"addressId":6477,"plotNumber":"pl-101","street":"WolfStreet","state":"NC","country":"USA","zipCode":12312},"user_id":6510,"user_first_name":"VijiAvengers","user_last_name":"Stark","user_contact_number":1581555166,"user_email_id":"Vijee991min3@gmail.com","creation_time":"2024-09-29T22:37:20.942+00:00","last_mod_time":"2024-09-29T22:37:20.942+00:00"},{"userAddress":{"addressId":7119,"plotNumber":"Pl-56","street":"Cypress Hill Dr","state":"Texas","country":"USA","zipCode":65677},"user_id":7152,"user_first_name":"Charity","user_last_name":"Oberbrunner","user_contact_number":5879698638,"user_email_id":"toby.hackett@example.com","creation_time":"2024-10-01T03:26:13.000+00:00","last_mod_time":"2024-10-01T03:26:13.000+00:00"},{"userAddress":{"addressId":6481,"plotNumber":"plno-337","street":"street","state":"GA","country":"USA","zipCode":30028},"user_id":6514,"user_first_name":"Rani","user_last_name":"Rao","user_contact_number":1111111119,"user_email_id":"rain7@gmail.com","creation_time":"2024-09-29T23:34:25.221+00:00","last_mod_time":"2024-09-29T23:34:25.221+00:00"},{"userAddress":{"addressId":6482,"plotNumber":"plno-337","street":"street","state":"GA","country":"USA","zipCode":30028},"user_id":6515,"user_first_name":"Rani","user_last_name":"Rao","user_contact_number":1111111149,"user_email_id":"5555@gmail.com","creation_time":"2024-09-29T23:34:26.594+00:00","last_mod_time":"2024-09-29T23:34:26.594+00:00"},{"userAddress":{"addressId":6483,"plotNumber":"plno-337","street":"street","state":"GA","country":"USA","zipCode":30028},"user_id":6516,"user_first_name":"Rani","user_last_name":"Rao","user_contact_number":1111111199,"user_email_id":"rain5@gmail.com","creation_time":"2024-09-29T23:34:30.044+00:00","last_mod_time":"2024-09-29T23:34:30.044+00:00"},{"userAddress":{"addressId":6159,"plotNumber":"p1-87","street":"njgbfd","state":"nj","country":"USA","zipCode":97076},"user_id":6192,"user_first_name":"jufghfgh","user_last_name":"vbhgfy","user_contact_number":1404558844,"user_email_id":"sdsf.cvxi-1727538964574@edcs.com","creation_time":"2024-09-28T15:56:05.121+00:00","last_mod_time":"2024-09-28T15:56:05.121+00:00"},{"userAddress":{"addressId":6484,"plotNumber":null,"street":null,"state":null,"country":null,"zipCode":null},"user_id":6517,"user_first_name":"Rani","user_last_name":"Rao","user_contact_number":1111111190,"user_email_id":"rain8@gmail.com","creation_time":"2024-09-29T23:34:30.604+00:00","last_mod_time":"2024-09-29T23:34:30.604+00:00"},{"userAddress":{"addressId":6161,"plotNumber":"p1-87","street":"njgbfd","state":"nj","country":"USA","zipCode":97076},"user_id":6194,"user_first_name":"jufghfgh","user_last_name":"vbhgfy","user_contact_number":1440780643,"user_email_id":"sdsf.cvxi-1727539046582@edcs.com","creation_time":"2024-09-28T15:57:27.113+00:00","last_mod_time":"2024-09-28T15:57:27.113+00:00"},{"userAddress":{"addressId":6485,"plotNumber":"plno-337","street":"street","state":"GA","country":"USA","zipCode":null},"user_id":6518,"user_first_name":"Rani","user_last_name":"Rao","user_contact_number":1111111203,"user_email_id":"rain20@gmail.com","creation_time":"2024-09-29T23:34:37.720+00:00","last_mod_time":"2024-09-29T23:34:37.720+00:00"},{"userAddress":{"addressId":6163,"plotNumber":"p1-87","street":"njgbfd","state":"nj","country":"USA","zipCode":97076},"user_id":6196,"user_first_name":"jufghfgh","user_last_name":"vbhgfy","user_contact_number":1793250956,"user_email_id":"sdsf.cvxi-1727539085120@edcs.com","creation_time":"2024-09-28T15:58:05.656+00:00","last_mod_time":"2024-09-28T15:58:05.656+00:00"},{"userAddress":{"addressId":7120,"plotNumber":"Pl-56","street":"Cypress Hill Dr","state":"Texas","country":"USA","zipCode":65677},"user_id":7153,"user_first_name":"Micaela","user_last_name":"Bernhard","user_contact_number":5895334563,"user_email_id":"ricki.zboncak@example.com","creation_time":"2024-10-01T03:30:26.464+00:00","last_mod_time":"2024-10-01T03:30:26.464+00:00"},{"userAddress":{"addressId":6103,"plotNumber":null,"street":null,"state":null,"country":null,"zipCode":null},"user_id":6136,"user_first_name":"TeamSevenone","user_last_name":"TEamSeven","user_contact_number":3336098912,"user_email_id":"25sd00@dfgdf.sdf","creation_time":"2024-09-28T04:02:31.441+00:00","last_mod_time":"2024-09-28T04:02:31.441+00:00"},{"userAddress":{"addressId":7122,"plotNumber":"Pl-56","street":"Cypress Hill Dr","state":"Texas","country":"USA","zipCode":65677},"user_id":7155,"user_first_name":"Jewel","user_last_name":"Prosacco","user_contact_number":5102935528,"user_email_id":"noel.wisozk@example.com","creation_time":"2024-10-01T03:36:37.670+00:00","last_mod_time":"2024-10-01T03:36:37.670+00:00"},{"userAddress":{"addressId":7123,"plotNumber":"Pl-56","street":"Cypress Hill Dr","state":"Texas","country":"USA","zipCode":65677},"user_id":7156,"user_first_name":"Rachell","user_last_name":"Bashirian","user_contact_number":5043639574,"user_email_id":"ricardo.bosco@example.com","creation_time":"2024-10-01T03:37:52.404+00:00","last_mod_time":"2024-10-01T03:37:52.404+00:00"},{"userAddress":{"addressId":6711,"plotNumber":"bl-28","street":"nestreet","state":"ca","country":"usa","zipCode":12348},"user_id":6744,"user_first_name":"Teamfouririn","user_last_name":"thomas","user_contact_number":9999901010,"user_email_id":"newirin@gmail.com","creation_time":"2024-09-30T14:20:20.316+00:00","last_mod_time":"2024-09-30T14:20:24.980+00:00"},{"userAddress":{"addressId":6828,"plotNumber":"DWoA-373","street":"KjzQfst","state":"GA","country":"USA","zipCode":48782},"user_id":6861,"user_first_name":"RaniG","user_last_name":"Rao","user_contact_number":7878100887,"user_email_id":"TFM@gmail.com","creation_time":"2024-09-30T16:19:29.888+00:00","last_mod_time":"2024-09-30T16:19:29.888+00:00"},{"userAddress":{"addressId":6717,"plotNumber":"bl-27","street":"nestreet","state":"ca","country":"usa","zipCode":12347},"user_id":6750,"user_first_name":"Teamfourbobnew","user_last_name":"thomas","user_contact_number":9999912345,"user_email_id":"newupdatedanna@gmail.com","creation_time":"2024-09-30T14:24:57.629+00:00","last_mod_time":"2024-09-30T14:25:01.713+00:00"},{"userAddress":{"addressId":6304,"plotNumber":"pl-14","street":"Elm St","state":"NY","country":"USA","zipCode":12345},"user_id":6337,"user_first_name":"Mathuget","user_last_name":"Bala","user_contact_number":1999999090,"user_email_id":"bala5@example.com","creation_time":"2024-09-29T02:25:11.670+00:00","last_mod_time":"2024-09-29T02:25:11.670+00:00"},{"userAddress":{"addressId":6173,"plotNumber":"p1-87","street":"njgbfd","state":"nj","country":"USA","zipCode":97076},"user_id":6206,"user_first_name":"jufghfgh","user_last_name":"vbhgfy","user_contact_number":1798487492,"user_email_id":"sdsf.cvxi-1727539749801@edcs.com","creation_time":"2024-09-28T16:09:10.330+00:00","last_mod_time":"2024-09-28T16:09:10.330+00:00"},{"userAddress":{"addressId":6174,"plotNumber":"p1-87","street":"njgbfd","state":"nj","country":"USA","zipCode":97076},"user_id":6207,"user_first_name":"jufghfgh","user_last_name":"vbhgfy","user_contact_number":1476527919,"user_email_id":"sdsf.cvxi-1727539830733@edcs.com","creation_time":"2024-09-28T16:10:31.301+00:00","last_mod_time":"2024-09-28T16:10:31.301+00:00"},{"userAddress":{"addressId":6493,"plotNumber":"pr-568","street":null,"state":"nj","country":null,"zipCode":56},"user_id":6526,"user_first_name":"sh","user_last_name":"Da","user_contact_number":1450000303,"user_email_id":"shd303@gmail.com","creation_time":"2024-09-30T00:12:00.621+00:00","last_mod_time":"2024-09-30T00:12:00.621+00:00"},{"userAddress":{"addressId":10423,"plotNumber":"AQ-123","street":"Madison Street","state":"TN","country":"USA","zipCode":30001},"user_id":10455,"user_first_name":"Faizal","user_last_name":"Khanza","user_contact_number":1789111124,"user_email_id":"faizalkhanza@gmail.com","creation_time":"2024-10-16T23:51:19.666+00:00","last_mod_time":"2024-10-16T23:51:19.666+00:00"},{"userAddress":{"addressId":10424,"plotNumber":"19-a","street":"Cypress Dr","state":"Texas","country":"USA","zipCode":null},"user_id":10456,"user_first_name":"Vijaya","user_last_name":"TeamTeam","user_contact_number":5536670709,"user_email_id":"holli.baumbach@example.com","creation_time":"2024-10-16T23:51:56.071+00:00","last_mod_time":"2024-10-16T23:51:56.071+00:00"},{"userAddress":{"addressId":6972,"plotNumber":"pl-51","street":"vail rd","state":"nj","country":"usa","zipCode":54321},"user_id":7005,"user_first_name":"smitha","user_last_name":"dmaanj","user_contact_number":5511311145,"user_email_id":"sq1202eam5@gmail.com","creation_time":"2024-09-30T17:20:57.284+00:00","last_mod_time":"2024-09-30T17:20:57.284+00:00"},{"userAddress":{"addressId":6844,"plotNumber":"pl-51","street":"vail rd","state":"nj","country":"usa","zipCode":54321},"user_id":6877,"user_first_name":"smitha","user_last_name":"dmaanj","user_contact_number":5281311145,"user_email_id":"sq1262eam5@gmail.com","creation_time":"2024-09-30T16:29:49.076+00:00","last_mod_time":"2024-09-30T16:29:49.076+00:00"},{"userAddress":{"addressId":6856,"plotNumber":"A-202","street":"golden deer","state":"WA","country":"USA","zipCode":98012},"user_id":6889,"user_first_name":"khushbooAgg","user_last_name":"acbAgg","user_contact_number":2412598793,"user_email_id":"team_09_abkhuAggg@gmail.com","creation_time":"2024-09-30T16:37:31.710+00:00","last_mod_time":"2024-09-30T16:37:31.710+00:00"},{"userAddress":{"addressId":6326,"plotNumber":"pl-51","street":"vail rd","state":"nj","country":"usa","zipCode":54321},"user_id":6359,"user_first_name":"roiii","user_last_name":"laupol","user_contact_number":3002206615,"user_email_id":"sdto606508@gmail.com","creation_time":"2024-09-29T02:56:31.714+00:00","last_mod_time":"2024-09-29T02:56:31.714+00:00"},{"userAddress":{"addressId":6608,"plotNumber":"pl-12","street":"ne street","state":"CA","country":"USA","zipCode":12345},"user_id":6641,"user_first_name":"newusernameone","user_last_name":"lastnewneme","user_contact_number":1234567692,"user_email_id":"userAnnanew1@gmail.com","creation_time":"2024-09-30T04:50:04.960+00:00","last_mod_time":"2024-09-30T04:55:17.538+00:00"},{"userAddress":{"addressId":6865,"plotNumber":"pl-51","street":"vail rd","state":"nj","country":"usa","zipCode":54321},"user_id":6898,"user_first_name":"smitha","user_last_name":"dmaanj","user_contact_number":5581311145,"user_email_id":"sq1212eam5@gmail.com","creation_time":"2024-09-30T16:40:19.196+00:00","last_mod_time":"2024-09-30T16:40:19.196+00:00"},{"userAddress":{"addressId":6620,"plotNumber":"pr-5679","street":"bc","state":"nj","country":"usa","zipCode":666},"user_id":6653,"user_first_name":"Shupdate","user_last_name":"Daupdate","user_contact_number":1450000710,"user_email_id":"shd710@gmail.com","creation_time":"2024-09-30T05:17:50.911+00:00","last_mod_time":"2024-09-30T05:17:53.081+00:00"},{"userAddress":{"addressId":6219,"plotNumber":"SA-06","street":"Main","state":"IN","country":"USA","zipCode":40093},"user_id":6252,"user_first_name":"Shravan","user_last_name":"Arun","user_contact_number":9663569110,"user_email_id":"sa18@gmail.com","creation_time":"2024-09-28T22:09:48.044+00:00","last_mod_time":"2024-09-28T22:09:48.044+00:00"},{"userAddress":{"addressId":6220,"plotNumber":"SA-06","street":"Main","state":"IN","country":"USA","zipCode":40093},"user_id":6253,"user_first_name":"Shravan","user_last_name":"Arun","user_contact_number":9663569111,"user_email_id":"sa19@gmail.com","creation_time":"2024-09-28T22:12:46.206+00:00","last_mod_time":"2024-09-28T22:12:46.206+00:00"},{"userAddress":{"addressId":6221,"plotNumber":"SA-06","street":"Main","state":"IN","country":"USA","zipCode":40093},"user_id":6254,"user_first_name":"Shravan","user_last_name":"Arun","user_contact_number":9663569112,"user_email_id":"sa20@gmail.com","creation_time":"2024-09-28T22:15:21.808+00:00","last_mod_time":"2024-09-28T22:15:21.808+00:00"},{"userAddress":{"addressId":6521,"plotNumber":"GR-18","street":"Noblecrossing","state":"IN","country":"USA","zipCode":38798},"user_id":6554,"user_first_name":"Gayathree","user_last_name":"Ravi","user_contact_number":3178712890,"user_email_id":"great91@gmail.com","creation_time":"2024-09-30T00:36:22.320+00:00","last_mod_time":"2024-09-30T00:40:55.246+00:00"},{"userAddress":{"addressId":6527,"plotNumber":"GR-18","street":"Noblecrossing","state":"IN","country":"USA","zipCode":38798},"user_id":6560,"user_first_name":"Gayath","user_last_name":"Ravi","user_contact_number":3871289078,"user_email_id":"gruert91@gmail.com","creation_time":"2024-09-30T01:06:53.356+00:00","last_mod_time":"2024-09-30T01:06:53.356+00:00"},{"userAddress":{"addressId":6636,"plotNumber":"A-202","street":"golden door","state":"WA","country":"USA","zipCode":98012},"user_id":6669,"user_first_name":"khushbooAg","user_last_name":"acbAg","user_contact_number":2412598763,"user_email_id":"team_09_abkhuAg@gmail.com","creation_time":"2024-09-30T06:24:50.278+00:00","last_mod_time":"2024-09-30T06:24:50.278+00:00"},{"userAddress":{"addressId":7021,"plotNumber":"pl-1463","street":"Dunwoody Gables","state":"NY","country":"USA","zipCode":12651},"user_id":7054,"user_first_name":"MclaughlinLovrone","user_last_name":"Reichardsoni","user_contact_number":1954243821,"user_email_id":"Lllerardsonr@gmail.com","creation_time":"2024-09-30T20:25:07.974+00:00","last_mod_time":"2024-09-30T20:25:07.974+00:00"},{"userAddress":{"addressId":6883,"plotNumber":"pl-432","street":"rebeccaln","state":"texas","country":"US","zipCode":76524},"user_id":6916,"user_first_name":"test","user_last_name":"demo","user_contact_number":4321234117,"user_email_id":"testsdemo@gmail.com","creation_time":"2024-09-30T16:47:29.261+00:00","last_mod_time":"2024-09-30T16:47:29.261+00:00"},{"userAddress":{"addressId":6356,"plotNumber":"bl-14","street":null,"state":"ca","country":null,"zipCode":12345},"user_id":6389,"user_first_name":"Teamfouruserthree","user_last_name":"lastnamethree","user_contact_number":9000100011,"user_email_id":"user3@gmail.com","creation_time":"2024-09-29T03:41:03.564+00:00","last_mod_time":"2024-09-29T03:41:03.564+00:00"},{"userAddress":{"addressId":6357,"plotNumber":"bl-15","street":null,"state":"ca","country":null,"zipCode":12345},"user_id":6390,"user_first_name":"Teamfouserfour","user_last_name":"lastnamefour","user_contact_number":9000100012,"user_email_id":"user4@gmail.com","creation_time":"2024-09-29T03:41:04.297+00:00","last_mod_time":"2024-09-29T03:41:04.297+00:00"},{"userAddress":{"addressId":7177,"plotNumber":"Pl-56","street":"Cypress Hill Dr","state":"Texas","country":"USA","zipCode":65677},"user_id":7210,"user_first_name":"Jesse","user_last_name":"Flatley","user_contact_number":5525100934,"user_email_id":"merrill.heaney@example.com","creation_time":"2024-10-01T13:18:57.663+00:00","last_mod_time":"2024-10-01T13:18:57.663+00:00"},{"userAddress":{"addressId":7178,"plotNumber":"Pl-56","street":"Cypress Hill Dr","state":"Texas","country":"USA","zipCode":65677},"user_id":7211,"user_first_name":"Jonnie","user_last_name":"Tillman","user_contact_number":5891894731,"user_email_id":"george.little@example.com","creation_time":"2024-10-01T13:33:25.445+00:00","last_mod_time":"2024-10-01T13:33:25.445+00:00"},{"userAddress":{"addressId":7180,"plotNumber":"pl-72","street":"Broadway","state":"New Jersey","country":"USA","zipCode":72363},"user_id":7213,"user_first_name":"randomFirstName","user_last_name":"randomLastName","user_contact_number":1959706858,"user_email_id":"user728@example.com","creation_time":"2024-10-01T13:35:32.959+00:00","last_mod_time":"2024-10-01T13:35:32.959+00:00"},{"userAddress":{"addressId":7181,"plotNumber":"Pl-56","street":"Cypress Hill Dr","state":"Texas","country":"USA","zipCode":65677},"user_id":7214,"user_first_name":"Frankie","user_last_name":"Kilback","user_contact_number":5544388435,"user_email_id":"marshall.dietrich@example.com","creation_time":"2024-10-01T13:45:01.969+00:00","last_mod_time":"2024-10-01T13:45:01.969+00:00"},{"userAddress":{"addressId":7183,"plotNumber":"Pl-56","street":"Cypress Hill Dr","state":"Texas","country":"USA","zipCode":65677},"user_id":7216,"user_first_name":"Iraida","user_last_name":"Schamberger","user_contact_number":5711543219,"user_email_id":"regena.wiegand@example.com","creation_time":"2024-10-01T13:52:17.510+00:00","last_mod_time":"2024-10-01T13:52:17.510+00:00"},{"userAddress":{"addressId":7184,"plotNumber":"Pl-56","street":"Cypress Hill Dr","state":"Texas","country":"USA","zipCode":65677},"user_id":7217,"user_first_name":"Krystle","user_last_name":"Aufderhar","user_contact_number":5482859305,"user_email_id":"tiesha.mayert@example.com","creation_time":"2024-10-01T13:54:07.720+00:00","last_mod_time":"2024-10-01T13:54:07.720+00:00"},{"userAddress":{"addressId":7185,"plotNumber":"Bt-11","street":"First St","state":"Texas","country":"USA","zipCode":54657},"user_id":7218,"user_first_name":"Newfirstname","user_last_name":"lastTrial","user_contact_number":2800912262,"user_email_id":"tommyk4hk0bd5n0cf@gmail.com","creation_time":"2024-10-01T13:54:57.102+00:00","last_mod_time":"2024-10-01T13:54:57.102+00:00"},{"userAddress":{"addressId":6895,"plotNumber":"pl-13","street":"Broadway","state":"New Jersey","country":"USA","zipCode":null},"user_id":6928,"user_first_name":"dheenatha","user_last_name":"selva","user_contact_number":8739998788,"user_email_id":"gurd111@gmail.com","creation_time":"2024-09-30T16:56:39.375+00:00","last_mod_time":"2024-09-30T16:56:39.375+00:00"},{"userAddress":{"addressId":7186,"plotNumber":"Pl-56","street":"Cypress Hill Dr","state":"Texas","country":"USA","zipCode":65677},"user_id":7219,"user_first_name":"Anibal","user_last_name":"Jakubowski","user_contact_number":5928921482,"user_email_id":"hai.zboncak@example.com","creation_time":"2024-10-01T13:57:55.340+00:00","last_mod_time":"2024-10-01T13:57:55.340+00:00"},{"userAddress":{"addressId":7187,"plotNumber":"Pl-56","street":"Cypress Hill Dr","state":"Texas","country":"USA","zipCode":65677},"user_id":7220,"user_first_name":"Hermina","user_last_name":"Wilderman","user_contact_number":5257442053,"user_email_id":"audrea.dickinson@example.com","creation_time":"2024-10-01T14:01:27.724+00:00","last_mod_time":"2024-10-01T14:01:27.724+00:00"},{"userAddress":{"addressId":7188,"plotNumber":"Pl-56","street":"Cypress Hill Dr","state":"Texas","country":"USA","zipCode":65677},"user_id":7221,"user_first_name":"Dwight","user_last_name":"Hagenes","user_contact_number":5428483618,"user_email_id":"brittaney.lubowitz@example.com","creation_time":"2024-10-01T14:02:19.801+00:00","last_mod_time":"2024-10-01T14:02:19.801+00:00"},{"userAddress":{"addressId":7189,"plotNumber":"Pl-56","street":"Cypress Hill Dr","state":"Texas","country":"USA","zipCode":65677},"user_id":7222,"user_first_name":"Audrey","user_last_name":"Smith","user_contact_number":5151499979,"user_email_id":"lois.beier@example.com","creation_time":"2024-10-01T14:06:14.732+00:00","last_mod_time":"2024-10-01T14:06:14.732+00:00"},{"userAddress":{"addressId":6664,"plotNumber":"pl-120","street":"palmilla","state":"Florida","country":"USA","zipCode":324578},"user_id":6697,"user_first_name":"AvengersOne","user_last_name":"Marvel","user_contact_number":8733214434,"user_email_id":"TonyStark@Avengers.com","creation_time":"2024-09-30T12:50:35.050+00:00","last_mod_time":"2024-09-30T12:50:35.050+00:00"},{"userAddress":{"addressId":7190,"plotNumber":"Pl-56","street":"Cypress Hill Dr","state":"Texas","country":"USA","zipCode":65677},"user_id":7223,"user_first_name":"Darnell","user_last_name":"Connelly","user_contact_number":5151751208,"user_email_id":"arielle.little@example.com","creation_time":"2024-10-01T14:08:58.572+00:00","last_mod_time":"2024-10-01T14:08:58.572+00:00"},{"userAddress":{"addressId":7191,"plotNumber":"Pl-56","street":"Cypress Hill Dr","state":"Texas","country":"USA","zipCode":65677},"user_id":7224,"user_first_name":"Joleen","user_last_name":"Kunde","user_contact_number":5570673891,"user_email_id":"deandre.daniel@example.com","creation_time":"2024-10-01T14:23:15.896+00:00","last_mod_time":"2024-10-01T14:23:15.896+00:00"},{"userAddress":{"addressId":7192,"plotNumber":"Pl-56","street":"Cypress Hill Dr","state":"Texas","country":"USA","zipCode":65677},"user_id":7225,"user_first_name":"Phung","user_last_name":"Hickle","user_contact_number":5666144737,"user_email_id":"aileen.renner@example.com","creation_time":"2024-10-01T14:24:07.045+00:00","last_mod_time":"2024-10-01T14:24:07.045+00:00"},{"userAddress":{"addressId":7193,"plotNumber":"Pl-56","street":"Cypress Hill Dr","state":"Texas","country":"USA","zipCode":65677},"user_id":7226,"user_first_name":"Chet","user_last_name":"Ernser","user_contact_number":5927144745,"user_email_id":"jamison.grady@example.com","creation_time":"2024-10-01T14:28:29.399+00:00","last_mod_time":"2024-10-01T14:28:29.399+00:00"},{"userAddress":{"addressId":7194,"plotNumber":"Pl-56","street":"Cypress Hill Dr","state":"Texas","country":"USA","zipCode":65677},"user_id":7227,"user_first_name":"Odis","user_last_name":"Mills","user_contact_number":5727324385,"user_email_id":"gretchen.schumm@example.com","creation_time":"2024-10-01T14:42:54.844+00:00","last_mod_time":"2024-10-01T14:42:54.844+00:00"},{"userAddress":{"addressId":7195,"plotNumber":"Pl-56","street":"Cypress Hill Dr","state":"Texas","country":"USA","zipCode":65677},"user_id":7228,"user_first_name":"Sanjuanita","user_last_name":"Tremblay","user_contact_number":5677018762,"user_email_id":"julius.keeling@example.com","creation_time":"2024-10-01T14:43:41.369+00:00","last_mod_time":"2024-10-01T14:43:41.369+00:00"},{"userAddress":{"addressId":7196,"plotNumber":"Pl-56","street":"Cypress Hill Dr","state":"Texas","country":"USA","zipCode":65677},"user_id":7229,"user_first_name":"Frederick","user_last_name":"Larson","user_contact_number":5719328213,"user_email_id":"karl.block@example.com","creation_time":"2024-10-01T14:48:37.509+00:00","last_mod_time":"2024-10-01T14:48:37.509+00:00"},{"userAddress":{"addressId":7197,"plotNumber":"Pl-56","street":"Cypress Hill Dr","state":"Texas","country":"USA","zipCode":65677},"user_id":7230,"user_first_name":"Angelo","user_last_name":"Yost","user_contact_number":5090976783,"user_email_id":"danette.dach@example.com","creation_time":"2024-10-01T14:53:18.407+00:00","last_mod_time":"2024-10-01T14:53:18.407+00:00"},{"userAddress":{"addressId":7198,"plotNumber":"Pl-56","street":"Cypress Hill Dr","state":"Texas","country":"USA","zipCode":65677},"user_id":7231,"user_first_name":"Pedro","user_last_name":"Johns","user_contact_number":5233469626,"user_email_id":"norberto.lowe@example.com","creation_time":"2024-10-01T14:54:27.667+00:00","last_mod_time":"2024-10-01T14:54:27.667+00:00"},{"userAddress":{"addressId":7199,"plotNumber":"Pl-56","street":"Cypress Hill Dr","state":"Texas","country":"USA","zipCode":65677},"user_id":7232,"user_first_name":"updatedName","user_last_name":"updatedLastname","user_contact_number":5577641086,"user_email_id":"erich.crist@example.com","creation_time":"2024-10-01T14:56:54.129+00:00","last_mod_time":"2024-10-01T14:56:55.244+00:00"},{"userAddress":{"addressId":7733,"plotNumber":null,"street":"Mclean","state":"VA","country":"usa","zipCode":20104},"user_id":7765,"user_first_name":"Elsa","user_last_name":"Anna","user_contact_number":5714532656,"user_email_id":"abu@gmail.com","creation_time":"2024-10-11T01:36:50.002+00:00","last_mod_time":"2024-10-11T01:36:50.002+00:00"},{"userAddress":{"addressId":7200,"plotNumber":"Pl-56","street":"Cypress Hill Dr","state":"Texas","country":"USA","zipCode":65677},"user_id":7233,"user_first_name":"updatedName","user_last_name":"updatedLastname","user_contact_number":7015068770,"user_email_id":"rachele.oconnell@example.com","creation_time":"2024-10-01T15:03:36.605+00:00","last_mod_time":"2024-10-01T15:03:37.763+00:00"},{"userAddress":{"addressId":7201,"plotNumber":"Pl-56","street":"Cypress Hill Dr","state":"Texas","country":"USA","zipCode":65677},"user_id":7234,"user_first_name":"Ernesto","user_last_name":"Beer","user_contact_number":5765974042,"user_email_id":"gonzalo.rodriguez@example.com","creation_time":"2024-10-01T15:06:46.285+00:00","last_mod_time":"2024-10-01T15:06:46.285+00:00"},{"userAddress":{"addressId":7902,"plotNumber":"999-K","street":"Aldeburgh","state":"Texas","country":"US","zipCode":23294},"user_id":7934,"user_first_name":"Vara","user_last_name":"Reddy","user_contact_number":8995115970,"user_email_id":"Team05Vara@gmail.com","creation_time":"2024-10-11T20:04:51.817+00:00","last_mod_time":"2024-10-11T20:04:51.817+00:00"},{"userAddress":{"addressId":9964,"plotNumber":"P1-11","street":"Main","state":"LA","country":"USA","zipCode":20875},"user_id":9996,"user_first_name":"lavanya","user_last_name":"John","user_contact_number":4409334456,"user_email_id":"Team03LaJohn@gmail.com","creation_time":"2024-10-15T16:31:42.085+00:00","last_mod_time":"2024-10-15T16:31:42.085+00:00"},{"userAddress":{"addressId":8355,"plotNumber":"P1-11","street":"Main","state":"LA","country":"USA","zipCode":20875},"user_id":8387,"user_first_name":"yyRam","user_last_name":"yAppa","user_contact_number":8188132104,"user_email_id":"Team03yRaRamappa@gmail.com","creation_time":"2024-10-12T23:42:29.234+00:00","last_mod_time":"2024-10-12T23:42:29.234+00:00"},{"userAddress":{"addressId":8800,"plotNumber":"Bt-11","street":"First St","state":"Texas","country":"USA","zipCode":54877},"user_id":8832,"user_first_name":"Noel","user_last_name":"Zieme","user_contact_number":2772698192,"user_email_id":"Team3a1jc7pbpb7j8@gmail.com","creation_time":"2024-10-13T17:32:46.583+00:00","last_mod_time":"2024-10-13T17:32:46.583+00:00"},{"userAddress":{"addressId":9965,"plotNumber":"P1-12","street":"Main","state":"CA","country":"USA","zipCode":90210},"user_id":9997,"user_first_name":"Alice","user_last_name":"Johnson","user_contact_number":2024567222,"user_email_id":"AllJohnson@example.com","creation_time":"2024-10-15T16:31:42.228+00:00","last_mod_time":"2024-10-15T16:31:42.228+00:00"},{"userAddress":{"addressId":7229,"plotNumber":"12-3","street":null,"state":"asdfgf","country":null,"zipCode":675843},"user_id":7262,"user_first_name":"David","user_last_name":"Austin","user_contact_number":9876553210,"user_email_id":"david.austin@gmail.com","creation_time":"2024-10-07T21:36:21.621+00:00","last_mod_time":"2024-10-07T21:36:21.621+00:00"},{"userAddress":{"addressId":7230,"plotNumber":"12-3","street":null,"state":"asdfgf","country":null,"zipCode":675843},"user_id":7263,"user_first_name":"David","user_last_name":"Austin","user_contact_number":9876553211,"user_email_id":"david.austin01@gmail.com","creation_time":"2024-10-07T21:39:27.107+00:00","last_mod_time":"2024-10-07T21:39:27.107+00:00"},{"userAddress":{"addressId":7736,"plotNumber":"P1-11","street":"Main","state":"LA","country":"USA","zipCode":20875},"user_id":7768,"user_first_name":"GKR","user_last_name":"HRS","user_contact_number":9876503110,"user_email_id":"Team03HRS@gmail.com","creation_time":"2024-10-11T01:49:57.738+00:00","last_mod_time":"2024-10-11T01:49:57.738+00:00"},{"userAddress":{"addressId":8801,"plotNumber":"Bt-11","street":"First St","state":"Texas","country":"USA","zipCode":54877},"user_id":8833,"user_first_name":"Ivory","user_last_name":"Cormier","user_contact_number":9658603801,"user_email_id":"Team3bdailmmnfem@gmail.com","creation_time":"2024-10-13T17:34:40.631+00:00","last_mod_time":"2024-10-13T17:34:40.631+00:00"},{"userAddress":{"addressId":7234,"plotNumber":"12-3","street":null,"state":"asdfgf","country":null,"zipCode":675843},"user_id":7267,"user_first_name":"David","user_last_name":"Austin","user_contact_number":9876553212,"user_email_id":"david.austin02@gmail.com","creation_time":"2024-10-07T22:04:54.922+00:00","last_mod_time":"2024-10-07T22:04:54.922+00:00"},{"userAddress":{"addressId":7927,"plotNumber":"P1-10","street":"Main","state":"NY","country":"USA","zipCode":10081},"user_id":7959,"user_first_name":"nattujo","user_last_name":"jothina","user_contact_number":1591787810,"user_email_id":"nattujothina@example.com","creation_time":"2024-10-11T21:45:14.914+00:00","last_mod_time":"2024-10-11T21:45:14.914+00:00"},{"userAddress":{"addressId":8802,"plotNumber":"Bt-11","street":"First St","state":"Texas","country":"USA","zipCode":54877},"user_id":8834,"user_first_name":"Teamthree","user_last_name":"lastName","user_contact_number":7153565835,"user_email_id":"Team3pipgkgmppnbl@gmail.com","creation_time":"2024-10-13T17:43:11.160+00:00","last_mod_time":"2024-10-13T17:43:11.160+00:00"},{"userAddress":{"addressId":7236,"plotNumber":"12-3","street":null,"state":"asdfgf","country":null,"zipCode":675843},"user_id":7269,"user_first_name":"David","user_last_name":"Austin","user_contact_number":9876553312,"user_email_id":"david.austin03@gmail.com","creation_time":"2024-10-07T22:17:53.223+00:00","last_mod_time":"2024-10-07T22:17:53.223+00:00"},{"userAddress":{"addressId":8978,"plotNumber":"P1-10","street":"Medhurst Wall","state":"TX","country":"USA","zipCode":12356},"user_id":9010,"user_first_name":"Isac","user_last_name":"Waters","user_contact_number":3607896229,"user_email_id":"Elbert4@hotmail.com","creation_time":"2024-10-13T23:04:01.255+00:00","last_mod_time":"2024-10-13T23:04:01.255+00:00"},{"userAddress":{"addressId":7942,"plotNumber":"P1-10","street":"Quigley Glens","state":"TX","country":"USA","zipCode":10081},"user_id":7974,"user_first_name":"Helene","user_last_name":"Dibbert","user_contact_number":1234567895,"user_email_id":"Vincent97@gmail.com","creation_time":"2024-10-11T23:31:32.800+00:00","last_mod_time":"2024-10-11T23:31:32.800+00:00"},{"userAddress":{"addressId":7943,"plotNumber":"P1-10","street":"Bins Skyway","state":"TX","country":"USA","zipCode":12356},"user_id":7975,"user_first_name":"Dallin","user_last_name":"Koelpin","user_contact_number":1234568527,"user_email_id":"Wiley_Borer18@gmail.com","creation_time":"2024-10-11T23:34:23.701+00:00","last_mod_time":"2024-10-11T23:34:23.701+00:00"},{"userAddress":{"addressId":7239,"plotNumber":"12-3","street":null,"state":"asdfgf","country":null,"zipCode":675843},"user_id":7272,"user_first_name":"David","user_last_name":"Austin","user_contact_number":9876553412,"user_email_id":"david.austin04@gmail.com","creation_time":"2024-10-07T22:38:29.408+00:00","last_mod_time":"2024-10-07T22:38:29.408+00:00"},{"userAddress":{"addressId":7313,"plotNumber":"AS-99","street":"Gorniak","state":"MI","country":"USA","zipCode":7896},"user_id":7346,"user_first_name":"TesterAA","user_last_name":"Numpy","user_contact_number":2583691470,"user_email_id":"testlearneraa@gmail.com","creation_time":"2024-10-08T20:23:23.057+00:00","last_mod_time":"2024-10-08T20:23:23.057+00:00"},{"userAddress":{"addressId":7314,"plotNumber":"AS-99","street":"Gorniak","state":"MI","country":"USA","zipCode":7896},"user_id":7347,"user_first_name":"TesterAB","user_last_name":"Numpy","user_contact_number":1472583690,"user_email_id":"testlearnerab@gmail.com","creation_time":"2024-10-08T20:23:23.834+00:00","last_mod_time":"2024-10-08T20:23:23.834+00:00"},{"userAddress":{"addressId":9967,"plotNumber":"P1-14","street":"Pine","state":"FL","country":"USA","zipCode":33101},"user_id":9999,"user_first_name":"Charlie","user_last_name":"Brown","user_contact_number":5057382111,"user_email_id":"chBrown@example.com","creation_time":"2024-10-15T16:31:42.466+00:00","last_mod_time":"2024-10-15T16:31:42.466+00:00"},{"userAddress":{"addressId":7242,"plotNumber":"12-3","street":"qwerty","state":"asdfgf","country":"US","zipCode":675843},"user_id":7275,"user_first_name":"Daniel","user_last_name":"Austinn","user_contact_number":9876053412,"user_email_id":"david.austin08@gmail.com","creation_time":"2024-10-07T23:00:49.730+00:00","last_mod_time":"2024-10-07T23:02:28.393+00:00"},{"userAddress":{"addressId":7243,"plotNumber":"12-3","street":"qwerty","state":"asdfgf","country":"US","zipCode":675843},"user_id":7276,"user_first_name":"Daniel","user_last_name":"Austin","user_contact_number":9870053412,"user_email_id":"david.austin09@gmail.com","creation_time":"2024-10-07T23:10:55.729+00:00","last_mod_time":"2024-10-07T23:10:55.729+00:00"},{"userAddress":{"addressId":7505,"plotNumber":"P1-10","street":"Mainstreet","state":"TX","country":"USA","zipCode":68420},"user_id":7538,"user_first_name":"Siva","user_last_name":"Mani","user_contact_number":4564078780,"user_email_id":"siva@example.com","creation_time":"2024-10-09T19:36:30.062+00:00","last_mod_time":"2024-10-09T19:36:30.062+00:00"},{"userAddress":{"addressId":7506,"plotNumber":"12-A","street":"brodway","state":"TX","country":"USA","zipCode":75252},"user_id":7539,"user_first_name":"NumpyTesttttt","user_last_name":"Testing","user_contact_number":9874561235,"user_email_id":"testnumpy@aol.com","creation_time":"2024-10-09T19:39:26.320+00:00","last_mod_time":"2024-10-09T19:39:26.320+00:00"},{"userAddress":{"addressId":7246,"plotNumber":"12-3","street":"qwerty","state":"asdfgf","country":"US","zipCode":675843},"user_id":7279,"user_first_name":"Daniel","user_last_name":"Austin","user_contact_number":9870003412,"user_email_id":"david.austin10@gmail.com","creation_time":"2024-10-07T23:25:44.227+00:00","last_mod_time":"2024-10-07T23:25:44.227+00:00"},{"userAddress":{"addressId":7306,"plotNumber":"pl-03","street":"Broadway","state":"Broadway","country":"USA","zipCode":143422},"user_id":7339,"user_first_name":"Rekha","user_last_name":"Subi","user_contact_number":1234564460,"user_email_id":"subha123@gmail.com","creation_time":"2024-10-08T20:15:12.769+00:00","last_mod_time":"2024-10-08T20:15:12.769+00:00"},{"userAddress":{"addressId":7507,"plotNumber":"12-A","street":"brodway","state":"TX","country":"USA","zipCode":75252},"user_id":7540,"user_first_name":"NumpyTghestttttt","user_last_name":"Testing","user_contact_number":9874561835,"user_email_id":"testnuggmpy@aol.com","creation_time":"2024-10-09T19:43:08.021+00:00","last_mod_time":"2024-10-09T19:43:08.021+00:00"},{"userAddress":{"addressId":7250,"plotNumber":"12-3","street":"qwerty","state":"asdfgf","country":"US","zipCode":675843},"user_id":7283,"user_first_name":"Daniel","user_last_name":"Austin","user_contact_number":9770003012,"user_email_id":"david.austin12@gmail.com","creation_time":"2024-10-07T23:35:13.643+00:00","last_mod_time":"2024-10-07T23:35:13.643+00:00"},{"userAddress":{"addressId":7251,"plotNumber":"12-3","street":"qwerty","state":"asdfgf","country":"US","zipCode":675843},"user_id":7284,"user_first_name":"Daniel","user_last_name":"Austin","user_contact_number":9720003012,"user_email_id":"david.austin13@gmail.com","creation_time":"2024-10-07T23:36:53.452+00:00","last_mod_time":"2024-10-07T23:36:53.452+00:00"},{"userAddress":{"addressId":7252,"plotNumber":"12-3","street":"qwerty","state":"asdfgf","country":"US","zipCode":675843},"user_id":7285,"user_first_name":"Daniel","user_last_name":"Austin","user_contact_number":9730003012,"user_email_id":"david.austin14@gmail.com","creation_time":"2024-10-07T23:42:24.648+00:00","last_mod_time":"2024-10-07T23:42:24.648+00:00"},{"userAddress":{"addressId":7253,"plotNumber":"12-3","street":"qwerty","state":"asdfgf","country":"US","zipCode":675843},"user_id":7286,"user_first_name":"Daniel","user_last_name":"Austin","user_contact_number":9740003012,"user_email_id":"david.austin15@gmail.com","creation_time":"2024-10-07T23:42:55.312+00:00","last_mod_time":"2024-10-07T23:42:55.312+00:00"},{"userAddress":{"addressId":7255,"plotNumber":"A-14","street":"newyorkstreet","state":"newyork","country":"unitedstates","zipCode":30056},"user_id":7288,"user_first_name":"thirdtestuser","user_last_name":"testuserlastname","user_contact_number":9999998883,"user_email_id":"testuser03@gmail.com","creation_time":"2024-10-07T23:55:53.580+00:00","last_mod_time":"2024-10-07T23:55:53.580+00:00"},{"userAddress":{"addressId":7258,"plotNumber":"AS-99","street":"Westminster Blvd","state":"NJ","country":"USA","zipCode":8859},"user_id":7291,"user_first_name":"Wonka","user_last_name":"Wakey","user_contact_number":7899631478,"user_email_id":"Wonka.wakey@gmail.com","creation_time":"2024-10-08T13:03:40.728+00:00","last_mod_time":"2024-10-08T13:03:40.728+00:00"},{"userAddress":{"addressId":7259,"plotNumber":"AS-99","street":"Westminster Blvd","state":"NJ","country":"USA","zipCode":8859},"user_id":7292,"user_first_name":"Wonka","user_last_name":"Wakey","user_contact_number":7899631471,"user_email_id":"Wonka.wakey1@gmail.com","creation_time":"2024-10-08T13:06:02.413+00:00","last_mod_time":"2024-10-08T13:06:02.413+00:00"},{"userAddress":{"addressId":7260,"plotNumber":"AS-99","street":"Westminster Blvd","state":"NJ","country":"USA","zipCode":8859},"user_id":7293,"user_first_name":"Wonka","user_last_name":"Wakey","user_contact_number":7899631472,"user_email_id":"Wonka.wakey2@gmail.com","creation_time":"2024-10-08T13:25:29.034+00:00","last_mod_time":"2024-10-08T13:25:29.034+00:00"},{"userAddress":{"addressId":7263,"plotNumber":"12-3","street":"qwerty","state":"asdfgf","country":"US","zipCode":675843},"user_id":7296,"user_first_name":"Stephen","user_last_name":"Austin","user_contact_number":9700003012,"user_email_id":"david.austin16@gmail.com","creation_time":"2024-10-08T15:07:27.100+00:00","last_mod_time":"2024-10-08T15:07:27.100+00:00"},{"userAddress":{"addressId":7247,"plotNumber":"12-3","street":"qwerty","state":"asdfgf","country":"US","zipCode":675843},"user_id":7280,"user_first_name":"louis","user_last_name":"Austinn","user_contact_number":9076053412,"user_email_id":"david.austn08@gmail.com","creation_time":"2024-10-07T23:26:13.900+00:00","last_mod_time":"2024-10-08T15:33:37.798+00:00"},{"userAddress":{"addressId":7264,"plotNumber":"AS-99","street":"Gorniak","state":"MI","country":"USA","zipCode":7896},"user_id":7297,"user_first_name":"TesterA","user_last_name":"Numpy","user_contact_number":1237894560,"user_email_id":"testerlearnera@gmail.com","creation_time":"2024-10-08T15:44:36.489+00:00","last_mod_time":"2024-10-08T15:44:36.489+00:00"},{"userAddress":{"addressId":7265,"plotNumber":"AS-99","street":"Gorniak","state":"MI","country":"USA","zipCode":7896},"user_id":7298,"user_first_name":"TesterB","user_last_name":"Numpy","user_contact_number":1237894561,"user_email_id":"testerlearnerb@gmail.com","creation_time":"2024-10-08T15:44:37.015+00:00","last_mod_time":"2024-10-08T15:44:37.015+00:00"},{"userAddress":{"addressId":7367,"plotNumber":"6-t","street":"cinnamon","state":"CA","country":"USA","zipCode":98769},"user_id":7400,"user_first_name":"string","user_last_name":"string","user_contact_number":9234567899,"user_email_id":"numpy1234@gmail.com","creation_time":"2024-10-08T23:32:37.869+00:00","last_mod_time":"2024-10-08T23:32:37.869+00:00"},{"userAddress":{"addressId":7267,"plotNumber":"A-2","street":"brodway","state":"NY","country":"USA","zipCode":75252},"user_id":7300,"user_first_name":"NumpyTim","user_last_name":"NinjaTim","user_contact_number":9995556565,"user_email_id":"numpynijatim@gmail.com","creation_time":"2024-10-08T15:48:21.299+00:00","last_mod_time":"2024-10-08T15:48:21.299+00:00"},{"userAddress":{"addressId":7329,"plotNumber":"123-as","street":"Street","state":"Texas","country":"USA","zipCode":1234512344},"user_id":7362,"user_first_name":"minni","user_last_name":"James","user_contact_number":1234568888,"user_email_id":"minnijames11@gmail.com","creation_time":"2024-10-08T21:03:48.195+00:00","last_mod_time":"2024-10-08T21:03:48.195+00:00"},{"userAddress":{"addressId":7269,"plotNumber":"pl-03","street":"Broadway","state":"Broadway","country":"USA","zipCode":143422},"user_id":7302,"user_first_name":"Rekha","user_last_name":"Subi","user_contact_number":1234564465,"user_email_id":"trekh311@gmail.com","creation_time":"2024-10-08T16:03:33.304+00:00","last_mod_time":"2024-10-08T16:03:33.304+00:00"},{"userAddress":{"addressId":7273,"plotNumber":"P1-10","street":"Main","state":"MD","country":"USA","zipCode":20874},"user_id":7306,"user_first_name":"Rashmi","user_last_name":"Gk","user_contact_number":8187269672,"user_email_id":"Team03Rashmi@gmail.com","creation_time":"2024-10-08T16:37:31.502+00:00","last_mod_time":"2024-10-08T16:37:31.502+00:00"},{"userAddress":{"addressId":7274,"plotNumber":"AS-99","street":"Gorniak","state":"MI","country":"USA","zipCode":7896},"user_id":7307,"user_first_name":"TesterA","user_last_name":"Numpy","user_contact_number":1237894562,"user_email_id":"testerlearner2@gmail.com","creation_time":"2024-10-08T16:40:43.913+00:00","last_mod_time":"2024-10-08T16:40:43.913+00:00"},{"userAddress":{"addressId":7275,"plotNumber":"pl-3","street":"shadow sR","state":"GA","country":"INDIA","zipCode":66466},"user_id":7308,"user_first_name":"Elizabeth","user_last_name":"Wuckert","user_contact_number":5835088989,"user_email_id":"tesyutosernewman133@gmail.com","creation_time":"2024-10-08T16:47:02.871+00:00","last_mod_time":"2024-10-08T16:47:02.871+00:00"},{"userAddress":{"addressId":7284,"plotNumber":"A-12","street":"Street","state":"Texas","country":"USA","zipCode":12345},"user_id":7317,"user_first_name":"Minni","user_last_name":"James","user_contact_number":1234555892,"user_email_id":"minnijames@gmail.com","creation_time":"2024-10-08T18:43:05.741+00:00","last_mod_time":"2024-10-08T18:43:05.741+00:00"},{"userAddress":{"addressId":10290,"plotNumber":"12-bc","street":"New Street","state":"FL","country":"USA","zipCode":123123},"user_id":10322,"user_first_name":"TrekThree","user_last_name":"star","user_contact_number":9000123456,"user_email_id":"A9000123456@gmail.com","creation_time":"2024-10-16T07:07:21.365+00:00","last_mod_time":"2024-10-16T07:07:24.224+00:00"},{"userAddress":{"addressId":7555,"plotNumber":"pl-21","street":"pontiac","state":"Illinois","country":"USA","zipCode":60502},"user_id":7587,"user_first_name":"Thenmozhi","user_last_name":"Palaniappan","user_contact_number":9856543218,"user_email_id":"Team3Gayathrip@gmail.com","creation_time":"2024-10-09T23:40:32.368+00:00","last_mod_time":"2024-10-09T23:40:32.368+00:00"},{"userAddress":{"addressId":7556,"plotNumber":"pl-21","street":"pontiac","state":"Illinois","country":"USA","zipCode":60502},"user_id":7588,"user_first_name":"Kalaiarasi","user_last_name":"Palaniappan","user_contact_number":9856543219,"user_email_id":"Team3Gayathripl@gmail.com","creation_time":"2024-10-09T23:41:16.897+00:00","last_mod_time":"2024-10-09T23:41:16.897+00:00"},{"userAddress":{"addressId":7565,"plotNumber":"AS-5014","street":"Bloomfield Pass ct","state":"Texas","country":"USA","zipCode":77479},"user_id":7597,"user_first_name":"kavita","user_last_name":"Gandhi","user_contact_number":2028999483,"user_email_id":"Team04kavita@gmail.com","creation_time":"2024-10-10T01:24:43.022+00:00","last_mod_time":"2024-10-10T01:24:43.022+00:00"},{"userAddress":{"addressId":7293,"plotNumber":"pl-03","street":"Broadway","state":"Broadway","country":"USA","zipCode":143422},"user_id":7326,"user_first_name":"Rekha","user_last_name":"Subi","user_contact_number":1234564461,"user_email_id":"subha1234@gmail.com","creation_time":"2024-10-08T19:38:39.438+00:00","last_mod_time":"2024-10-08T23:21:02.484+00:00"},{"userAddress":{"addressId":7372,"plotNumber":"345-p","street":"sterling","state":"Minnesota","country":"Chase","zipCode":55032},"user_id":7405,"user_first_name":"sally","user_last_name":"sheen","user_contact_number":6783896756,"user_email_id":"s@yahoo.com","creation_time":"2024-10-09T00:17:00.631+00:00","last_mod_time":"2024-10-09T00:17:00.631+00:00"},{"userAddress":{"addressId":7377,"plotNumber":"A-14","street":"newyorkstreet","state":"newyork","country":"unitedstates","zipCode":30056},"user_id":7410,"user_first_name":"firsttestuser","user_last_name":"testuserlastname","user_contact_number":9999998881,"user_email_id":"testuser01@gmail.com","creation_time":"2024-10-09T00:28:16.920+00:00","last_mod_time":"2024-10-09T00:28:16.920+00:00"},{"userAddress":{"addressId":10480,"plotNumber":"102-AB","street":"village","state":"CA","country":"USA","zipCode":95671},"user_id":10512,"user_first_name":"rey","user_last_name":"si","user_contact_number":2454567888,"user_email_id":"reysi07@gmail.com","creation_time":"2024-10-17T02:30:21.091+00:00","last_mod_time":"2024-10-17T02:30:21.091+00:00"},{"userAddress":{"addressId":7379,"plotNumber":"AS-99","street":"Gorniak","state":"MI","country":"USA","zipCode":7896},"user_id":7412,"user_first_name":"TesterAC","user_last_name":"Numpy","user_contact_number":2583691471,"user_email_id":"testlearnerac@gmail.com","creation_time":"2024-10-09T00:57:48.629+00:00","last_mod_time":"2024-10-09T00:57:48.629+00:00"},{"userAddress":{"addressId":7380,"plotNumber":"AS-99","street":"Gorniak","state":"MI","country":"USA","zipCode":7896},"user_id":7413,"user_first_name":"TesterAD","user_last_name":"Numpy","user_contact_number":1472583691,"user_email_id":"testlearnerad@gmail.com","creation_time":"2024-10-09T00:57:48.963+00:00","last_mod_time":"2024-10-09T00:57:48.963+00:00"},{"userAddress":{"addressId":8979,"plotNumber":"P1-10","street":"Raynor Prairie","state":"TX","country":"USA","zipCode":12356},"user_id":9011,"user_first_name":"Dino","user_last_name":"King","user_contact_number":3607896548,"user_email_id":"Jazmyn_Bayer74@hotmail.com","creation_time":"2024-10-13T23:04:28.897+00:00","last_mod_time":"2024-10-13T23:04:28.897+00:00"},{"userAddress":{"addressId":10481,"plotNumber":"19-a","street":"Cypress Dr","state":"Texas","country":"USA","zipCode":null},"user_id":10513,"user_first_name":"Vijaya","user_last_name":"TeamThree","user_contact_number":5466230887,"user_email_id":"karlene.schowalter@example.com","creation_time":"2024-10-17T02:35:11.032+00:00","last_mod_time":"2024-10-17T02:35:11.032+00:00"},{"userAddress":{"addressId":7928,"plotNumber":"P1-10","street":"Main","state":"NY","country":"USA","zipCode":10081},"user_id":7960,"user_first_name":"paps","user_last_name":"razzi","user_contact_number":9591787810,"user_email_id":"papparazzi@example.com","creation_time":"2024-10-11T21:54:40.752+00:00","last_mod_time":"2024-10-11T21:54:40.752+00:00"},{"userAddress":{"addressId":10135,"plotNumber":"Ai-45","street":"KeerAve","state":"Ca","country":"UnitedStates","zipCode":90999},"user_id":10167,"user_first_name":"Kenny","user_last_name":"Leo","user_contact_number":4566785643,"user_email_id":"leo@gmail.com","creation_time":"2024-10-16T00:12:39.558+00:00","last_mod_time":"2024-10-16T00:12:39.558+00:00"},{"userAddress":{"addressId":7385,"plotNumber":"AS-99","street":"Gorniak","state":"MI","country":"USA","zipCode":7896},"user_id":7418,"user_first_name":"TesterAE","user_last_name":"Numpy","user_contact_number":1472583693,"user_email_id":"testlearnerae@gmail.com","creation_time":"2024-10-09T01:18:17.973+00:00","last_mod_time":"2024-10-09T01:18:17.973+00:00"},{"userAddress":{"addressId":10482,"plotNumber":"19-a","street":"Cypress Dr","state":"Texas","country":"USA","zipCode":null},"user_id":10514,"user_first_name":"Vijaya","user_last_name":"TeamThree","user_contact_number":5183703710,"user_email_id":"guillermo.mcclure@example.com","creation_time":"2024-10-17T02:35:11.842+00:00","last_mod_time":"2024-10-17T02:35:11.842+00:00"},{"userAddress":{"addressId":10483,"plotNumber":"102-AB","street":"village","state":"CA","country":"USA","zipCode":95671},"user_id":10515,"user_first_name":"reyi","user_last_name":"sii","user_contact_number":2454567899,"user_email_id":"reyisii07@gmail.com","creation_time":"2024-10-17T02:36:41.141+00:00","last_mod_time":"2024-10-17T02:36:41.141+00:00"},{"userAddress":{"addressId":10484,"plotNumber":"19-a","street":"Cypress Dr","state":"Texas","country":"USA","zipCode":null},"user_id":10516,"user_first_name":"Vijaya","user_last_name":"TeamThree","user_contact_number":5528856124,"user_email_id":"deja.price@example.com","creation_time":"2024-10-17T02:39:49.410+00:00","last_mod_time":"2024-10-17T02:39:49.410+00:00"},{"userAddress":{"addressId":8160,"plotNumber":"pl-3","street":"shadow sR","state":"GA","country":"INDIA","zipCode":66466},"user_id":8192,"user_first_name":"UMUUUUUUUUUU","user_last_name":"Lehner","user_contact_number":5835088982,"user_email_id":"team5psm1@gmail.com","creation_time":"2024-10-12T17:32:44.081+00:00","last_mod_time":"2024-10-12T17:32:44.081+00:00"},{"userAddress":{"addressId":7390,"plotNumber":"AS-99","street":"Gorniak","state":"MI","country":"USA","zipCode":7896},"user_id":7423,"user_first_name":"TesterAG","user_last_name":"Numpy","user_contact_number":1472583694,"user_email_id":"testlearneraf@gmail.com","creation_time":"2024-10-09T01:46:28.871+00:00","last_mod_time":"2024-10-09T01:46:28.871+00:00"},{"userAddress":{"addressId":10485,"plotNumber":"19-a","street":"Cypress Dr","state":"Texas","country":"USA","zipCode":null},"user_id":10517,"user_first_name":"Vijaya","user_last_name":"TeamThree","user_contact_number":5401256009,"user_email_id":"matthew.grimes@example.com","creation_time":"2024-10-17T02:39:50.302+00:00","last_mod_time":"2024-10-17T02:39:50.302+00:00"},{"userAddress":{"addressId":7753,"plotNumber":"P1-11","street":"Main","state":"LA","country":"USA","zipCode":20875},"user_id":7785,"user_first_name":"Sharada","user_last_name":"Amma","user_contact_number":4876503230,"user_email_id":"Team03AmmasharadaS@gmail.com","creation_time":"2024-10-11T02:53:15.695+00:00","last_mod_time":"2024-10-11T02:53:15.695+00:00"},{"userAddress":{"addressId":7657,"plotNumber":"12-A","street":"brodway","state":"TX","country":"usa","zipCode":75},"user_id":7689,"user_first_name":"rjkaal","user_last_name":"Testing","user_contact_number":9871561035,"user_email_id":"tdfesgmpy@aol.com","creation_time":"2024-10-10T17:42:52.366+00:00","last_mod_time":"2024-10-10T17:42:52.366+00:00"},{"userAddress":{"addressId":7499,"plotNumber":"pl-21","street":"westlyn street","state":"Illinois","country":"USA","zipCode":60502},"user_id":7532,"user_first_name":"Gayathri","user_last_name":"Palaniappan","user_contact_number":9856543217,"user_email_id":"Team3Gayathri@gmail.com","creation_time":"2024-10-09T18:30:50.135+00:00","last_mod_time":"2024-10-09T22:25:54.328+00:00"},{"userAddress":{"addressId":7658,"plotNumber":"12-A","street":"brodway","state":"TX","country":"usa","zipCode":75},"user_id":7690,"user_first_name":"rjksaal","user_last_name":"Testing","user_contact_number":1871561035,"user_email_id":"tdfesdgmpy@aol.com","creation_time":"2024-10-10T17:44:33.762+00:00","last_mod_time":"2024-10-10T17:44:33.762+00:00"},{"userAddress":{"addressId":7397,"plotNumber":"xyz-23","street":"Morgan","state":"Georgia","country":"USA","zipCode":7689},"user_id":7430,"user_first_name":"Reshma Mary","user_last_name":"John","user_contact_number":6487678790,"user_email_id":"Team03Reshmjohn@gmail.com","creation_time":"2024-10-09T01:54:22.747+00:00","last_mod_time":"2024-10-09T01:54:22.747+00:00"},{"userAddress":{"addressId":7398,"plotNumber":"xyz-23","street":"Morgan","state":"Georgia","country":"USA","zipCode":null},"user_id":7431,"user_first_name":"Reshma Mary","user_last_name":"John","user_contact_number":4439090038,"user_email_id":"Team03Rehmaj@gmail.com","creation_time":"2024-10-09T01:57:25.779+00:00","last_mod_time":"2024-10-09T01:57:25.779+00:00"},{"userAddress":{"addressId":7399,"plotNumber":"xyz-23","street":"Morgan","state":"Georgia","country":null,"zipCode":7689},"user_id":7432,"user_first_name":"Reshma Mary","user_last_name":"John","user_contact_number":4439095038,"user_email_id":"Team03Reshmah@gmail.com","creation_time":"2024-10-09T01:58:56.639+00:00","last_mod_time":"2024-10-09T01:58:56.639+00:00"},{"userAddress":{"addressId":7400,"plotNumber":"xyz-23","street":"Morgan","state":"Georgia","country":"USA","zipCode":null},"user_id":7433,"user_first_name":"Reshma Mary","user_last_name":"John","user_contact_number":4439030038,"user_email_id":"Team03Remaj@gmail.com","creation_time":"2024-10-09T02:01:18.878+00:00","last_mod_time":"2024-10-09T02:01:18.878+00:00"},{"userAddress":{"addressId":7401,"plotNumber":"xyz-23","street":"Morgan","state":"Georgia","country":"USA","zipCode":7},"user_id":7434,"user_first_name":"Reshma Mary","user_last_name":"John","user_contact_number":4496799038,"user_email_id":"Team03Reshmap@gmail.com","creation_time":"2024-10-09T02:03:38.086+00:00","last_mod_time":"2024-10-09T02:03:38.086+00:00"},{"userAddress":{"addressId":7402,"plotNumber":"xyz-23","street":"Morgan","state":"Georgia","country":"USA","zipCode":789999000},"user_id":7435,"user_first_name":"Reshma Mary","user_last_name":"John","user_contact_number":4496799938,"user_email_id":"Team03Reshp@gmail.com","creation_time":"2024-10-09T02:04:21.404+00:00","last_mod_time":"2024-10-09T02:04:21.404+00:00"},{"userAddress":{"addressId":7940,"plotNumber":"P1-10","street":"Main","state":"NY","country":"USA","zipCode":10081},"user_id":7972,"user_first_name":"Lloyd","user_last_name":"Torp","user_contact_number":1235698740,"user_email_id":"Darlene23@hotmail.com","creation_time":"2024-10-11T23:00:35.026+00:00","last_mod_time":"2024-10-11T23:00:35.026+00:00"},{"userAddress":{"addressId":7660,"plotNumber":"12-A","street":"brodway","state":"TX","country":"usa","zipCode":null},"user_id":7692,"user_first_name":"rdjksssaal","user_last_name":"Testing","user_contact_number":8995610354,"user_email_id":"tdfesdgssmpyw@aol.com","creation_time":"2024-10-10T17:48:12.479+00:00","last_mod_time":"2024-10-10T17:48:12.479+00:00"},{"userAddress":{"addressId":7540,"plotNumber":"02-3456","street":"ajfjkjfak","state":"aldkfjf","country":"Australia","zipCode":34568},"user_id":7572,"user_first_name":"Reka","user_last_name":"Rekap","user_contact_number":8601234567,"user_email_id":"Team01Hema@gmail.com","creation_time":"2024-10-09T22:43:02.217+00:00","last_mod_time":"2024-10-09T22:43:02.217+00:00"},{"userAddress":{"addressId":7406,"plotNumber":"xyz-23","street":"Morgan","state":"Georgia","country":"USA","zipCode":7689},"user_id":7439,"user_first_name":"Resh","user_last_name":"John","user_contact_number":4589000038,"user_email_id":"1233@gmail.com","creation_time":"2024-10-09T02:19:54.438+00:00","last_mod_time":"2024-10-09T02:19:54.438+00:00"},{"userAddress":{"addressId":7541,"plotNumber":"02-3456","street":"ajfjkjfak","state":"aldkfjf","country":"Australia","zipCode":34568},"user_id":7573,"user_first_name":"Hema","user_last_name":"Rekap","user_contact_number":8601234569,"user_email_id":"Team01Hemar@gmail.com","creation_time":"2024-10-09T22:45:17.240+00:00","last_mod_time":"2024-10-09T22:45:17.240+00:00"},{"userAddress":{"addressId":7661,"plotNumber":"12-A","street":null,"state":"PA","country":null,"zipCode":19047},"user_id":7693,"user_first_name":"samplef","user_last_name":"samplel","user_contact_number":5674839210,"user_email_id":"sample@gmail.com","creation_time":"2024-10-10T17:54:19.668+00:00","last_mod_time":"2024-10-10T17:54:19.668+00:00"},{"userAddress":{"addressId":7944,"plotNumber":"P1-10","street":"Adah Streets","state":"TX","country":"USA","zipCode":12356},"user_id":7976,"user_first_name":"Jamaal","user_last_name":"Jerde","user_contact_number":1235698472,"user_email_id":"Melany_Marvin@hotmail.com","creation_time":"2024-10-11T23:37:49.640+00:00","last_mod_time":"2024-10-11T23:37:49.640+00:00"},{"userAddress":{"addressId":7669,"plotNumber":"23-abc","street":"Foster street","state":"jhjkdlshf","country":"USA","zipCode":1234567},"user_id":7701,"user_first_name":"Michael p","user_last_name":"Jackson J","user_contact_number":8621573487,"user_email_id":"Michaelp@gmail.com","creation_time":"2024-10-10T20:52:15.203+00:00","last_mod_time":"2024-10-10T20:52:15.203+00:00"},{"userAddress":{"addressId":7557,"plotNumber":"Pl-11","street":"UpdateSt","state":"OHIO","country":"India","zipCode":88888},"user_id":7589,"user_first_name":"UpdatedName","user_last_name":"UpdatedlastTrial","user_contact_number":7419670983,"user_email_id":"tommylch23jn07p89@gmail.com","creation_time":"2024-10-10T00:12:57.070+00:00","last_mod_time":"2024-10-10T00:14:42.816+00:00"},{"userAddress":{"addressId":7566,"plotNumber":"AS-99","street":"Gorniak","state":"MI","country":"USA","zipCode":7896},"user_id":7598,"user_first_name":"TesterAA","user_last_name":"Numpy","user_contact_number":1237874595,"user_email_id":"testle@gmail.com","creation_time":"2024-10-10T01:37:49.034+00:00","last_mod_time":"2024-10-11T00:19:51.623+00:00"},{"userAddress":{"addressId":7756,"plotNumber":"Bt-11","street":"First St","state":"Texas","country":"USA","zipCode":54657},"user_id":7788,"user_first_name":"Newfirstname","user_last_name":"lastTrial","user_contact_number":8660664665,"user_email_id":"tommy2hedni9ji2kb@gmail.com","creation_time":"2024-10-11T03:10:30.389+00:00","last_mod_time":"2024-10-11T03:10:30.389+00:00"},{"userAddress":{"addressId":10426,"plotNumber":"19-a","street":"Cypress Dr","state":"Texas","country":"USA","zipCode":null},"user_id":10458,"user_first_name":"Vijaya","user_last_name":"TeamTeam","user_contact_number":5775514565,"user_email_id":"lamont.harber@example.com","creation_time":"2024-10-16T23:58:41.301+00:00","last_mod_time":"2024-10-16T23:58:41.301+00:00"},{"userAddress":{"addressId":7673,"plotNumber":"23-abc","street":"Foster street","state":"jhjkdlshf","country":"USA","zipCode":null},"user_id":7705,"user_first_name":"Michael D","user_last_name":"Jackson J","user_contact_number":8501573487,"user_email_id":"MichaelD@gmail.com","creation_time":"2024-10-10T21:01:41.622+00:00","last_mod_time":"2024-10-10T21:01:41.622+00:00"},{"userAddress":{"addressId":7580,"plotNumber":"xyz-23","street":"Morgan","state":"Georgia","country":"USA","zipCode":7689},"user_id":7612,"user_first_name":"Reshma Mary","user_last_name":"John","user_contact_number":6487678780,"user_email_id":"Team03Rhjohn@gmail.com","creation_time":"2024-10-10T02:56:50.054+00:00","last_mod_time":"2024-10-10T02:56:50.054+00:00"},{"userAddress":{"addressId":7496,"plotNumber":"AS-5014","street":"Bloomfield Pass ct","state":"Texas","country":"USA","zipCode":7747},"user_id":7529,"user_first_name":"Pallavi","user_last_name":"Gandhi","user_contact_number":2028649454,"user_email_id":"Team04Pallavi@gmail.com","creation_time":"2024-10-09T17:45:19.472+00:00","last_mod_time":"2024-10-10T02:21:33.747+00:00"},{"userAddress":{"addressId":7424,"plotNumber":null,"street":null,"state":null,"country":null,"zipCode":null},"user_id":7457,"user_first_name":"NameFirs","user_last_name":"NameL","user_contact_number":1223557751,"user_email_id":"namefirstqq@gmail.com","creation_time":"2024-10-09T02:40:19.460+00:00","last_mod_time":"2024-10-09T02:40:19.460+00:00"},{"userAddress":{"addressId":7425,"plotNumber":null,"street":null,"state":null,"country":null,"zipCode":null},"user_id":7458,"user_first_name":"Rani","user_last_name":"Latha","user_contact_number":1523557751,"user_email_id":"indhugthjh@gmail.com","creation_time":"2024-10-09T02:41:37.897+00:00","last_mod_time":"2024-10-09T02:41:37.897+00:00"},{"userAddress":{"addressId":7572,"plotNumber":"xyz-23","street":"Morgan","state":"Georgia","country":"USA","zipCode":789999000},"user_id":7604,"user_first_name":"Reshma Mary","user_last_name":"John","user_contact_number":4496099938,"user_email_id":"Team03ReshMary@gmail.com","creation_time":"2024-10-10T02:29:24.560+00:00","last_mod_time":"2024-10-10T02:29:24.560+00:00"},{"userAddress":{"addressId":7573,"plotNumber":"xyz-23","street":"Morgan","state":"Georgia","country":"USA","zipCode":7689},"user_id":7605,"user_first_name":"Reshma Mary","user_last_name":"John","user_contact_number":6487678080,"user_email_id":"Team03Rehjohn@gmail.com","creation_time":"2024-10-10T02:30:35.900+00:00","last_mod_time":"2024-10-10T02:30:35.900+00:00"},{"userAddress":{"addressId":7430,"plotNumber":"P2-10","street":"Mainside","state":"TX","country":"USA","zipCode":58641},"user_id":7463,"user_first_name":"Kalyaniamma","user_last_name":"Manuprith","user_contact_number":4378567810,"user_email_id":"Keerthipriyan@example.com","creation_time":"2024-10-09T02:45:52.226+00:00","last_mod_time":"2024-10-09T02:45:52.226+00:00"},{"userAddress":{"addressId":7431,"plotNumber":null,"street":null,"state":null,"country":null,"zipCode":null},"user_id":7464,"user_first_name":"Raniwe","user_last_name":"Lathasri","user_contact_number":1523127751,"user_email_id":"indhugthjethrh@gmail.com","creation_time":"2024-10-09T02:48:49.233+00:00","last_mod_time":"2024-10-09T02:48:49.233+00:00"},{"userAddress":{"addressId":7433,"plotNumber":"xyz-12","street":"caroline dr","state":"texas","country":"USA","zipCode":75009},"user_id":7466,"user_first_name":"Jyoti","user_last_name":"Handore","user_contact_number":1231234568,"user_email_id":"team03jyoti@gmail.com","creation_time":"2024-10-09T02:50:36.526+00:00","last_mod_time":"2024-10-09T02:50:36.526+00:00"},{"userAddress":{"addressId":7436,"plotNumber":"P1-10","street":"Mainstreet","state":"TX","country":"USA","zipCode":68420},"user_id":7469,"user_first_name":"Kalyanashok","user_last_name":"Manuselvi","user_contact_number":5620787810,"user_email_id":"Kalyanashok@example.com","creation_time":"2024-10-09T02:59:16.233+00:00","last_mod_time":"2024-10-09T02:59:16.233+00:00"},{"userAddress":{"addressId":7438,"plotNumber":"P1-10","street":"Mainstreet","state":"TX","country":"USA","zipCode":68420},"user_id":7471,"user_first_name":"Kalyanashoka","user_last_name":"Manuselvia","user_contact_number":5640787810,"user_email_id":"Kalyanashok11@example.com","creation_time":"2024-10-09T03:00:54.044+00:00","last_mod_time":"2024-10-09T03:00:54.044+00:00"},{"userAddress":{"addressId":8423,"plotNumber":"P1-10","street":"Doyle Trail","state":"TX","country":"USA","zipCode":12356},"user_id":8455,"user_first_name":"Esmeralda","user_last_name":"Grant","user_contact_number":3607896125,"user_email_id":"Thad33@gmail.com","creation_time":"2024-10-13T04:49:19.927+00:00","last_mod_time":"2024-10-13T04:49:19.927+00:00"},{"userAddress":{"addressId":7581,"plotNumber":"SW-123","street":"Layton","state":"AR","country":"US","zipCode":72713},"user_id":7613,"user_first_name":"Bhanu","user_last_name":"vanum","user_contact_number":2018988649,"user_email_id":"t@gmail.com","creation_time":"2024-10-10T03:18:30.281+00:00","last_mod_time":"2024-10-10T03:18:30.281+00:00"},{"userAddress":{"addressId":7582,"plotNumber":"sw-123","street":"Layton","state":"AR","country":null,"zipCode":72713},"user_id":7614,"user_first_name":"Bhanu","user_last_name":"vanum","user_contact_number":2018988648,"user_email_id":"t9@gmail.com","creation_time":"2024-10-10T03:24:29.337+00:00","last_mod_time":"2024-10-10T03:24:29.337+00:00"},{"userAddress":{"addressId":7583,"plotNumber":"sw-123","street":"Layton","state":"AR","country":null,"zipCode":72713},"user_id":7615,"user_first_name":"Bhanu","user_last_name":"vanum","user_contact_number":2018688648,"user_email_id":"t8@gmail.com","creation_time":"2024-10-10T03:24:58.913+00:00","last_mod_time":"2024-10-10T03:24:58.913+00:00"},{"userAddress":{"addressId":7453,"plotNumber":"xyz-23","street":"Morgan","state":"Georgia","country":"USA","zipCode":7689},"user_id":7486,"user_first_name":"Reshma Mary","user_last_name":"John","user_contact_number":4439099038,"user_email_id":"Team03Reshmaj@gmail.com","creation_time":"2024-10-09T12:23:09.366+00:00","last_mod_time":"2024-10-09T12:23:09.366+00:00"},{"userAddress":{"addressId":7584,"plotNumber":"SW-1203","street":"Laytben","state":"AR","country":"US","zipCode":72713528},"user_id":7616,"user_first_name":"Bal","user_last_name":"vanum","user_contact_number":2018528649,"user_email_id":"t98@gmail.com","creation_time":"2024-10-10T03:27:06.532+00:00","last_mod_time":"2024-10-10T03:27:06.532+00:00"},{"userAddress":{"addressId":7585,"plotNumber":"SW-1203","street":"Laytben","state":"ARhh","country":"USa","zipCode":72713528},"user_id":7617,"user_first_name":"Bal","user_last_name":"vanum","user_contact_number":2018471649,"user_email_id":"j87@gmail.com","creation_time":"2024-10-10T03:28:15.100+00:00","last_mod_time":"2024-10-10T03:28:15.100+00:00"},{"userAddress":{"addressId":7586,"plotNumber":"SW-1903","street":"baytben","state":"ARhh","country":"USa","zipCode":72713529888},"user_id":7618,"user_first_name":"allul","user_last_name":"vagrgm","user_contact_number":2018471049,"user_email_id":"j872@gmail.com","creation_time":"2024-10-10T03:29:18.101+00:00","last_mod_time":"2024-10-10T03:29:18.101+00:00"},{"userAddress":{"addressId":7458,"plotNumber":"P1-09","street":null,"state":"TX","country":null,"zipCode":65412},"user_id":7491,"user_first_name":"kausil","user_last_name":"varshu","user_contact_number":3965412372,"user_email_id":"stringq@gmail.com","creation_time":"2024-10-09T13:18:46.993+00:00","last_mod_time":"2024-10-09T13:18:46.993+00:00"},{"userAddress":{"addressId":7459,"plotNumber":"P1-09","street":null,"state":"TX","country":null,"zipCode":65412},"user_id":7492,"user_first_name":"kausila","user_last_name":"varshu","user_contact_number":5965412372,"user_email_id":"strint@gmail.com","creation_time":"2024-10-09T13:20:44.240+00:00","last_mod_time":"2024-10-09T13:20:44.240+00:00"},{"userAddress":{"addressId":7460,"plotNumber":"P1-09","street":null,"state":"TX","country":null,"zipCode":65412},"user_id":7493,"user_first_name":"kausilal","user_last_name":"varshu","user_contact_number":4965412372,"user_email_id":"strintn@gmail.com","creation_time":"2024-10-09T13:21:17.057+00:00","last_mod_time":"2024-10-09T13:21:17.057+00:00"},{"userAddress":{"addressId":7455,"plotNumber":"xyz-23","street":"Morgan","state":"Georgia","country":"USA","zipCode":7689},"user_id":7488,"user_first_name":"Reshma Mary","user_last_name":"John","user_contact_number":6487678090,"user_email_id":"Team03Reshjohn@gmail.com","creation_time":"2024-10-09T12:45:02.685+00:00","last_mod_time":"2024-10-09T12:45:02.685+00:00"},{"userAddress":{"addressId":7587,"plotNumber":"SWm-1903","street":"bayrmtben","state":"ARjhhh","country":"USa","zipCode":72888},"user_id":7619,"user_first_name":"alluhhl","user_last_name":"vagkjhrgm","user_contact_number":2018761049,"user_email_id":"j8720@gmail.com","creation_time":"2024-10-10T03:31:37.445+00:00","last_mod_time":"2024-10-10T03:31:37.445+00:00"},{"userAddress":{"addressId":7588,"plotNumber":"SWim-1903","street":"bayrmhbhtben","state":"ARvhjhhh","country":"USa","zipCode":72888},"user_id":7620,"user_first_name":"allujjhhl","user_last_name":"vagkjbhhrgm","user_contact_number":2014761049,"user_email_id":"jbhg8720@gmail.com","creation_time":"2024-10-10T03:33:35.222+00:00","last_mod_time":"2024-10-10T03:33:35.222+00:00"},{"userAddress":{"addressId":7591,"plotNumber":"SWim-1903","street":"bayrmhbhtben","state":"ARvhjhhh","country":"USa","zipCode":72713},"user_id":7623,"user_first_name":"shgydddfdghks","user_last_name":"adaddgddsfgh","user_contact_number":2358024049,"user_email_id":"bhabyv@gmail.com","creation_time":"2024-10-10T03:46:20.497+00:00","last_mod_time":"2024-10-10T03:46:20.497+00:00"},{"userAddress":{"addressId":7461,"plotNumber":"P1-09","street":"Mainstreet","state":"TX","country":"USA","zipCode":65412},"user_id":7494,"user_first_name":"kausilall","user_last_name":"varshu","user_contact_number":8423651720,"user_email_id":"strintny@gmail.com","creation_time":"2024-10-09T13:22:39.062+00:00","last_mod_time":"2024-10-09T13:22:39.062+00:00"},{"userAddress":{"addressId":7462,"plotNumber":"P1-09","street":"Mainstreet","state":"TX","country":"USA","zipCode":65412},"user_id":7495,"user_first_name":"kausilalll","user_last_name":"varshu","user_contact_number":9423651720,"user_email_id":"strintniy@gmail.com","creation_time":"2024-10-09T13:23:51.331+00:00","last_mod_time":"2024-10-09T13:23:51.331+00:00"},{"userAddress":{"addressId":7659,"plotNumber":"123-A","street":"Main St","state":"PA","country":"USA","zipCode":19067},"user_id":7691,"user_first_name":"laasya","user_last_name":"reddy","user_contact_number":3333678901,"user_email_id":"latha@gmail.com","creation_time":"2024-10-10T17:47:05.844+00:00","last_mod_time":"2024-10-10T22:28:00.208+00:00"},{"userAddress":{"addressId":7471,"plotNumber":"AS-99","street":"Gorniak","state":"MI","country":"USA","zipCode":7896},"user_id":7504,"user_first_name":"TesterAA","user_last_name":"Numpy","user_contact_number":1237894595,"user_email_id":"testlea@gmail.com","creation_time":"2024-10-09T15:14:23.553+00:00","last_mod_time":"2024-10-09T15:14:23.553+00:00"},{"userAddress":{"addressId":7473,"plotNumber":"12-A","street":null,"state":"PA","country":null,"zipCode":19047},"user_id":7506,"user_first_name":"myfirstname","user_last_name":"mylastname","user_contact_number":2345678988,"user_email_id":"myflname@gmail.com","creation_time":"2024-10-09T15:18:49.140+00:00","last_mod_time":"2024-10-09T15:18:49.140+00:00"},{"userAddress":{"addressId":7474,"plotNumber":"12-A","street":null,"state":"PA","country":null,"zipCode":1904},"user_id":7507,"user_first_name":"myfirstname","user_last_name":"mylastname","user_contact_number":2345678968,"user_email_id":"myfname@gmail.com","creation_time":"2024-10-09T15:20:17.046+00:00","last_mod_time":"2024-10-09T15:20:17.046+00:00"},{"userAddress":{"addressId":7475,"plotNumber":"12-A","street":null,"state":"PA","country":null,"zipCode":1904},"user_id":7508,"user_first_name":"myfirstname","user_last_name":"mylastname","user_contact_number":2345678368,"user_email_id":"myfirstname@gmail.com","creation_time":"2024-10-09T15:23:03.679+00:00","last_mod_time":"2024-10-09T15:23:03.679+00:00"},{"userAddress":{"addressId":7477,"plotNumber":"AS-99","street":"Gorniak","state":"MI","country":"USA","zipCode":7896},"user_id":7510,"user_first_name":"TesterAI","user_last_name":"Numpy","user_contact_number":1472583695,"user_email_id":"testlearnerai@gmail.com","creation_time":"2024-10-09T15:30:34.034+00:00","last_mod_time":"2024-10-09T15:30:34.034+00:00"},{"userAddress":{"addressId":7478,"plotNumber":"12-A","street":null,"state":"PA","country":null,"zipCode":1904},"user_id":7511,"user_first_name":"myfirstname","user_last_name":"mylastname","user_contact_number":2305678368,"user_email_id":"mylastname@gmail.com","creation_time":"2024-10-09T15:31:47.942+00:00","last_mod_time":"2024-10-09T15:31:47.942+00:00"},{"userAddress":{"addressId":7704,"plotNumber":"AS-99","street":"Gorniak","state":"MI","country":"USA","zipCode":7896},"user_id":7736,"user_first_name":"TesterAA","user_last_name":"Numpy","user_contact_number":3332227891,"user_email_id":"teamfour0@gmail.com","creation_time":"2024-10-11T00:10:08.154+00:00","last_mod_time":"2024-10-11T00:10:08.154+00:00"},{"userAddress":{"addressId":7706,"plotNumber":"AS-99","street":"Gorniak","state":"MI","country":"USA","zipCode":7896},"user_id":7738,"user_first_name":"TesterAA","user_last_name":"Numpy","user_contact_number":3332227892,"user_email_id":"teamfour1@gmail.com","creation_time":"2024-10-11T00:18:41.751+00:00","last_mod_time":"2024-10-11T00:18:41.751+00:00"},{"userAddress":{"addressId":7758,"plotNumber":"Bt-11","street":"First St","state":"Texas","country":"USA","zipCode":54657},"user_id":7790,"user_first_name":"myfirstname","user_last_name":"lastTrial","user_contact_number":7323988178,"user_email_id":"Team2de5k03eoa71i@gmail.com","creation_time":"2024-10-11T03:31:55.924+00:00","last_mod_time":"2024-10-11T03:31:55.924+00:00"},{"userAddress":{"addressId":7759,"plotNumber":"13-db","street":"street","state":"texas","country":"unitedstates","zipCode":78641},"user_id":7791,"user_first_name":"Raj","user_last_name":"hfjnfe","user_contact_number":9857372833,"user_email_id":"abhd@gmail.com","creation_time":"2024-10-11T03:43:37.750+00:00","last_mod_time":"2024-10-11T03:43:37.750+00:00"},{"userAddress":{"addressId":7760,"plotNumber":"12-th","street":"string","state":"string","country":"string","zipCode":0},"user_id":7792,"user_first_name":"string","user_last_name":"string","user_contact_number":9876543213,"user_email_id":"sgprav@gmail.com","creation_time":"2024-10-11T03:44:46.951+00:00","last_mod_time":"2024-10-11T03:44:46.951+00:00"},{"userAddress":{"addressId":7761,"plotNumber":"Bt-11","street":"First St","state":"Texas","country":"USA","zipCode":54657},"user_id":7793,"user_first_name":"myfirstname","user_last_name":"lastTrial","user_contact_number":1244153117,"user_email_id":"Team29hje4ge92ah@gmail.com","creation_time":"2024-10-11T03:52:32.125+00:00","last_mod_time":"2024-10-11T03:52:32.125+00:00"},{"userAddress":{"addressId":7762,"plotNumber":"Bt-11","street":"First St","state":"Texas","country":"USA","zipCode":54657},"user_id":7794,"user_first_name":"myfirstname","user_last_name":"lastTrial","user_contact_number":4791242748,"user_email_id":"Team2foad54hpi8g8@gmail.com","creation_time":"2024-10-11T03:53:51.057+00:00","last_mod_time":"2024-10-11T03:53:51.057+00:00"},{"userAddress":{"addressId":7763,"plotNumber":"Bt-11","street":"First St","state":"Texas","country":"USA","zipCode":54657},"user_id":7795,"user_first_name":"myfirstname","user_last_name":"lastTrial","user_contact_number":4805309668,"user_email_id":"Team2kjoch4gg02j6@gmail.com","creation_time":"2024-10-11T03:57:00.434+00:00","last_mod_time":"2024-10-11T03:57:00.434+00:00"},{"userAddress":{"addressId":7764,"plotNumber":"Bt-11","street":"First St","state":"Texas","country":"USA","zipCode":54657},"user_id":7796,"user_first_name":"myfirstname","user_last_name":"lastTrial","user_contact_number":5319918710,"user_email_id":"Team2d3hhfco5alca@gmail.com","creation_time":"2024-10-11T03:57:13.979+00:00","last_mod_time":"2024-10-11T03:57:13.979+00:00"},{"userAddress":{"addressId":7766,"plotNumber":"13-db","street":"street","state":"texas","country":"unitedstates","zipCode":78641},"user_id":7798,"user_first_name":"gsdhfgj","user_last_name":"hfjnfe","user_contact_number":9857387833,"user_email_id":"abhdgh@gmail.com","creation_time":"2024-10-11T04:01:29.632+00:00","last_mod_time":"2024-10-11T04:01:29.632+00:00"},{"userAddress":{"addressId":7767,"plotNumber":"12-rt","street":"street","state":"tx","country":"usa","zipCode":78641},"user_id":7799,"user_first_name":"kand","user_last_name":"an","user_contact_number":9874573833,"user_email_id":"string@gmail.com","creation_time":"2024-10-11T04:35:10.399+00:00","last_mod_time":"2024-10-11T04:35:10.399+00:00"},{"userAddress":{"addressId":7768,"plotNumber":"12-rt","street":"street","state":"tx","country":"usa","zipCode":78641},"user_id":7800,"user_first_name":"kandk","user_last_name":"an","user_contact_number":9874573803,"user_email_id":"strin@gmail.com","creation_time":"2024-10-11T04:51:51.457+00:00","last_mod_time":"2024-10-11T04:51:51.457+00:00"},{"userAddress":{"addressId":7769,"plotNumber":"12-uj","street":"Zelda","state":"Texas","country":"UnitedStates","zipCode":78641},"user_id":7801,"user_first_name":"Praver","user_last_name":"Rajb","user_contact_number":5906978054,"user_email_id":"sgprab@gmail.com","creation_time":"2024-10-11T05:08:53.655+00:00","last_mod_time":"2024-10-11T05:08:53.655+00:00"},{"userAddress":{"addressId":7770,"plotNumber":"19-ui","street":"Renshf","state":"Texas","country":"UnitedStates","zipCode":78641},"user_id":7802,"user_first_name":"Gent","user_last_name":"Gdsdg","user_contact_number":8984809845,"user_email_id":"abchnf@gmail.com","creation_time":"2024-10-11T05:08:53.738+00:00","last_mod_time":"2024-10-11T05:08:53.738+00:00"},{"userAddress":{"addressId":9639,"plotNumber":"P1-11","street":"Main","state":"LA","country":"USA","zipCode":20875},"user_id":9671,"user_first_name":"NeerajRam","user_last_name":"NeerajAppa","user_contact_number":6688332104,"user_email_id":"Team03NeerajRamappa@gmail.com","creation_time":"2024-10-14T13:59:14.788+00:00","last_mod_time":"2024-10-14T13:59:14.788+00:00"},{"userAddress":{"addressId":8545,"plotNumber":"P1-10","street":"Bartell Ford","state":"TX","country":"USA","zipCode":12356},"user_id":8577,"user_first_name":"Blair","user_last_name":"Leannon","user_contact_number":3607896184,"user_email_id":"Elta_Roberts44@gmail.com","creation_time":"2024-10-13T05:22:30.802+00:00","last_mod_time":"2024-10-13T05:22:30.802+00:00"},{"userAddress":{"addressId":10142,"plotNumber":"P1-11","street":"Main","state":"LA","country":"USA","zipCode":20878},"user_id":10174,"user_first_name":"lavanya","user_last_name":"John","user_contact_number":9491958456,"user_email_id":"Team03LyJo@gmail.com","creation_time":"2024-10-16T00:28:23.227+00:00","last_mod_time":"2024-10-16T00:28:23.227+00:00"},{"userAddress":{"addressId":8803,"plotNumber":"Bt-11","street":"First St","state":"Texas","country":"USA","zipCode":54877},"user_id":8835,"user_first_name":"Teamthree","user_last_name":"lastName","user_contact_number":6843215952,"user_email_id":"Team37jldln3ohp09@gmail.com","creation_time":"2024-10-13T17:43:59.027+00:00","last_mod_time":"2024-10-13T17:43:59.027+00:00"},{"userAddress":{"addressId":8359,"plotNumber":"pl-03","street":"palmilla","state":"Florida","country":"USA","zipCode":324578},"user_id":8391,"user_first_name":"Numpy","user_last_name":"Ninja","user_contact_number":1234567111,"user_email_id":"Numpy1234@gmail.com","creation_time":"2024-10-13T00:05:05.649+00:00","last_mod_time":"2024-10-13T00:05:05.649+00:00"},{"userAddress":{"addressId":8360,"plotNumber":"pl-03","street":"palmilla","state":"Florida","country":"USA","zipCode":324578},"user_id":8392,"user_first_name":"Numpy","user_last_name":"Ninja","user_contact_number":1234567122,"user_email_id":"Numpy123@gmail.com","creation_time":"2024-10-13T00:11:16.588+00:00","last_mod_time":"2024-10-13T00:11:16.588+00:00"},{"userAddress":{"addressId":7904,"plotNumber":"999-K","street":"Aldeburgh","state":"Texas","country":"US","zipCode":23294},"user_id":7936,"user_first_name":"Varalaxmi","user_last_name":"reddy","user_contact_number":8995115971,"user_email_id":"Team05Vara2@gmail.com","creation_time":"2024-10-11T20:08:28.206+00:00","last_mod_time":"2024-10-13T22:03:40.088+00:00"},{"userAddress":{"addressId":7772,"plotNumber":"23-abc","street":"Foster street","state":"jhjkdlshf","country":"USA","zipCode":1234567},"user_id":7804,"user_first_name":"Michael F","user_last_name":"Jackson","user_contact_number":8801573487,"user_email_id":"MichaelE123@gmail.com","creation_time":"2024-10-11T11:40:15.327+00:00","last_mod_time":"2024-10-11T11:40:15.327+00:00"},{"userAddress":{"addressId":10143,"plotNumber":"P1-12","street":"Main","state":"CA","country":"USA","zipCode":20875},"user_id":10175,"user_first_name":"Alice","user_last_name":"Johnson","user_contact_number":2223777222,"user_email_id":"AJoh@example.com","creation_time":"2024-10-16T00:28:25.974+00:00","last_mod_time":"2024-10-16T00:28:25.974+00:00"},{"userAddress":{"addressId":7774,"plotNumber":"AS-99","street":"Gorniak","state":"MI","country":"USA","zipCode":7896},"user_id":7806,"user_first_name":"TesterAD","user_last_name":"Numpy","user_contact_number":8527411230,"user_email_id":"tester003@gmail.com","creation_time":"2024-10-11T11:54:01.692+00:00","last_mod_time":"2024-10-11T11:54:01.692+00:00"},{"userAddress":{"addressId":10145,"plotNumber":"P1-14","street":"Pine","state":"FL","country":"USA","zipCode":75001},"user_id":10177,"user_first_name":"Charlie","user_last_name":"Brown","user_contact_number":6726382990,"user_email_id":"chomb@example.com","creation_time":"2024-10-16T00:28:32.717+00:00","last_mod_time":"2024-10-16T00:28:32.717+00:00"},{"userAddress":{"addressId":7922,"plotNumber":"19-a","street":"Jersey Street","state":"NewJersey","country":"USA ","zipCode":7828},"user_id":7954,"user_first_name":"Anbuselvi","user_last_name":"TeamTeam","user_contact_number":8625769088,"user_email_id":"Jersey@gmail.com","creation_time":"2024-10-11T21:25:22.451+00:00","last_mod_time":"2024-10-11T21:25:22.451+00:00"},{"userAddress":{"addressId":7923,"plotNumber":"P1-11","street":"Main","state":"LA","country":"USA","zipCode":20875},"user_id":7955,"user_first_name":"Rag","user_last_name":"LA","user_contact_number":8187269679,"user_email_id":"Team03RaghLA@gmail.com","creation_time":"2024-10-11T21:33:16.599+00:00","last_mod_time":"2024-10-11T21:33:16.599+00:00"},{"userAddress":{"addressId":8163,"plotNumber":"Bt-11","street":"First St","state":"Texas","country":"USA","zipCode":54657},"user_id":8195,"user_first_name":"HZBXBEmScr","user_last_name":"CLUgxcRzLa","user_contact_number":3355250935,"user_email_id":"team2l31j4n801kna@gmail.com","creation_time":"2024-10-12T17:36:34.833+00:00","last_mod_time":"2024-10-12T17:36:34.833+00:00"},{"userAddress":{"addressId":8164,"plotNumber":"Bt-11","street":"First St","state":"Texas","country":"USA","zipCode":54657},"user_id":8196,"user_first_name":"PuQSmQjmfd","user_last_name":"iFlcaXciQw","user_contact_number":9550954570,"user_email_id":"team2o826kp2m56fj@gmail.com","creation_time":"2024-10-12T17:36:35.142+00:00","last_mod_time":"2024-10-12T17:36:35.142+00:00"},{"userAddress":{"addressId":8165,"plotNumber":"Bt-11","street":"First St","state":"Texas","country":"USA","zipCode":54657},"user_id":8197,"user_first_name":"wKsPehwbQs","user_last_name":"CdlGOebNnp","user_contact_number":1705693609,"user_email_id":"team2f689fchkplbg@gmail.com","creation_time":"2024-10-12T17:36:36.140+00:00","last_mod_time":"2024-10-12T17:36:36.140+00:00"},{"userAddress":{"addressId":7936,"plotNumber":"P1-10","street":"Main","state":"NY","country":"USA","zipCode":10081},"user_id":7968,"user_first_name":"Ernestina","user_last_name":"Greenfelder","user_contact_number":1235689401,"user_email_id":"Damon_OReilly70@yahoo.com","creation_time":"2024-10-11T22:35:21.181+00:00","last_mod_time":"2024-10-11T22:35:21.181+00:00"},{"userAddress":{"addressId":7931,"plotNumber":"P1-10","street":"Main","state":"NY","country":"USA","zipCode":10081},"user_id":7963,"user_first_name":"Malcolm","user_last_name":"sicles","user_contact_number":9523787811,"user_email_id":"pops1@example.com","creation_time":"2024-10-11T22:25:16.470+00:00","last_mod_time":"2024-10-11T22:25:16.470+00:00"},{"userAddress":{"addressId":7932,"plotNumber":"P1-10","street":"Main","state":"NY","country":"USA","zipCode":10081},"user_id":7964,"user_first_name":"Marcelle","user_last_name":"Frami","user_contact_number":7234567890,"user_email_id":"paru@Gmail.com","creation_time":"2024-10-11T22:29:06.698+00:00","last_mod_time":"2024-10-11T22:29:06.698+00:00"},{"userAddress":{"addressId":7933,"plotNumber":"P1-10","street":"Main","state":"NY","country":"USA","zipCode":10081},"user_id":7965,"user_first_name":"Itzel","user_last_name":"Bayer","user_contact_number":7134567890,"user_email_id":"paru1@Gmail.com","creation_time":"2024-10-11T22:30:06.798+00:00","last_mod_time":"2024-10-11T22:30:06.798+00:00"},{"userAddress":{"addressId":7934,"plotNumber":"P1-10","street":"Main","state":"NY","country":"USA","zipCode":10081},"user_id":7966,"user_first_name":"Tracy","user_last_name":"Wisoky","user_contact_number":6134567890,"user_email_id":"Elmore27@yahoo.com","creation_time":"2024-10-11T22:32:58.021+00:00","last_mod_time":"2024-10-11T22:32:58.021+00:00"},{"userAddress":{"addressId":7987,"plotNumber":"P1-10","street":"Douglas Cape","state":"TX","country":"USA","zipCode":12356},"user_id":8019,"user_first_name":"Elisa","user_last_name":"Simonis","user_contact_number":1239087651,"user_email_id":"Quinn.Wolff@yahoo.com","creation_time":"2024-10-12T01:08:02.210+00:00","last_mod_time":"2024-10-12T01:08:02.210+00:00"},{"userAddress":{"addressId":7937,"plotNumber":"P1-10","street":"Main","state":"NY","country":"USA","zipCode":10081},"user_id":7969,"user_first_name":"Hailie","user_last_name":"Carroll","user_contact_number":7235689401,"user_email_id":"Corine_Fisher@hotmail.com","creation_time":"2024-10-11T22:36:04.161+00:00","last_mod_time":"2024-10-11T22:36:04.161+00:00"},{"userAddress":{"addressId":10185,"plotNumber":"P1-12","street":"Main","state":"CA","country":"USA","zipCode":20875},"user_id":10217,"user_first_name":"Alice","user_last_name":"Johnson","user_contact_number":2511133222,"user_email_id":"Team03LoryJohn@gmail.com","creation_time":"2024-10-16T03:06:41.194+00:00","last_mod_time":"2024-10-16T03:06:41.194+00:00"},{"userAddress":{"addressId":8985,"plotNumber":"Bt-11","street":"First St","state":"Texas","country":"USA","zipCode":54877},"user_id":9017,"user_first_name":"Teamthree","user_last_name":"lastName","user_contact_number":6565956171,"user_email_id":"Team3edllo263h0c@gmail.com","creation_time":"2024-10-13T23:14:37.160+00:00","last_mod_time":"2024-10-13T23:14:37.160+00:00"},{"userAddress":{"addressId":7945,"plotNumber":"P1-10","street":"Mertz Ports","state":"TX","country":"USA","zipCode":12356},"user_id":7977,"user_first_name":"Thomas","user_last_name":"Lindgren","user_contact_number":1234567820,"user_email_id":"Ida.Boyer1@gmail.com","creation_time":"2024-10-11T23:40:00.179+00:00","last_mod_time":"2024-10-11T23:40:00.179+00:00"},{"userAddress":{"addressId":7947,"plotNumber":"P1-11","street":"Main","state":"LA","country":"USA","zipCode":20875},"user_id":7979,"user_first_name":"PSRahul","user_last_name":"Bangalore","user_contact_number":5080569670,"user_email_id":"Team03RahulBanglore@gmail.com","creation_time":"2024-10-11T23:52:40.917+00:00","last_mod_time":"2024-10-11T23:52:40.917+00:00"},{"userAddress":{"addressId":7949,"plotNumber":"P1-11","street":"Main","state":"LA","country":"USA","zipCode":20875},"user_id":7981,"user_first_name":"PSGKS","user_last_name":"GKRP","user_contact_number":6680569670,"user_email_id":"Team03GKPS@gmail.com","creation_time":"2024-10-12T00:03:14.524+00:00","last_mod_time":"2024-10-12T00:03:14.524+00:00"},{"userAddress":{"addressId":10189,"plotNumber":"p1-01","street":"Main","state":"TX","country":"USA","zipCode":56984},"user_id":10221,"user_first_name":"SIVMPMKHBP","user_last_name":"krishna","user_contact_number":9999988888,"user_email_id":"durgasivam@gmail.com","creation_time":"2024-10-16T03:14:02.036+00:00","last_mod_time":"2024-10-16T03:14:02.036+00:00"},{"userAddress":{"addressId":7802,"plotNumber":null,"street":"ABC","state":"NJ","country":"USA","zipCode":0},"user_id":7834,"user_first_name":"Ruma","user_last_name":"Biswas","user_contact_number":9999999999,"user_email_id":"TEAM03ArundhatiB@gmail.com","creation_time":"2024-10-11T14:15:44.461+00:00","last_mod_time":"2024-10-11T14:15:44.461+00:00"},{"userAddress":{"addressId":7965,"plotNumber":"A-7","street":"Elaya Mudhali","state":"CT","country":"USA","zipCode":67678},"user_id":7997,"user_first_name":"Harini","user_last_name":"Priya","user_contact_number":2233442211,"user_email_id":"team05hapriya@gmail.com","creation_time":"2024-10-12T00:30:08.847+00:00","last_mod_time":"2024-10-12T00:30:08.847+00:00"},{"userAddress":{"addressId":10093,"plotNumber":"P1-11","street":"Main","state":"LA","country":"USA","zipCode":20878},"user_id":10125,"user_first_name":"lavanya","user_last_name":"John","user_contact_number":4499934456,"user_email_id":"Team03LavaJohn@gmail.com","creation_time":"2024-10-15T22:17:55.149+00:00","last_mod_time":"2024-10-17T23:41:01.967+00:00"},{"userAddress":{"addressId":10835,"plotNumber":"Plot-1234","street":"TP Road","state":"IL","country":"USA","zipCode":60004},"user_id":10867,"user_first_name":"TestTestUpdateUserUser","user_last_name":"TestData","user_contact_number":2223334445,"user_email_id":"TTestUpdateUser1011.TestData@gmail.com","creation_time":"2024-10-18T00:24:34.072+00:00","last_mod_time":"2024-10-18T00:24:34.072+00:00"},{"userAddress":{"addressId":7984,"plotNumber":"P1-10","street":"Allene Point","state":"TX","country":"USA","zipCode":12356},"user_id":8016,"user_first_name":"Mervin","user_last_name":"Ullrich","user_contact_number":1234509870,"user_email_id":"Macey.Klocko23@yahoo.com","creation_time":"2024-10-12T01:01:21.490+00:00","last_mod_time":"2024-10-12T01:01:21.490+00:00"},{"userAddress":{"addressId":7985,"plotNumber":"P1-10","street":"Marianne Circle","state":"TX","country":"USA","zipCode":12356},"user_id":8017,"user_first_name":"Elta","user_last_name":"Labadie","user_contact_number":1234509875,"user_email_id":"Edgar_Hoeger33@gmail.com","creation_time":"2024-10-12T01:04:28.450+00:00","last_mod_time":"2024-10-12T01:04:28.450+00:00"},{"userAddress":{"addressId":7986,"plotNumber":"P1-10","street":"Fisher Trail","state":"TX","country":"USA","zipCode":12356},"user_id":8018,"user_first_name":"Onie","user_last_name":"Wisoky","user_contact_number":1239087650,"user_email_id":"Abby_Strosin94@gmail.com","creation_time":"2024-10-12T01:07:39.234+00:00","last_mod_time":"2024-10-12T01:07:39.234+00:00"},{"userAddress":{"addressId":10429,"plotNumber":"19-a","street":"Cypress Dr","state":"Texas","country":"USA","zipCode":null},"user_id":10461,"user_first_name":"Vijaya","user_last_name":"TeamThree","user_contact_number":5481996053,"user_email_id":"ian.paucek@example.com","creation_time":"2024-10-17T00:06:23.126+00:00","last_mod_time":"2024-10-17T00:06:23.126+00:00"},{"userAddress":{"addressId":7819,"plotNumber":"P1-10","street":"Main","state":"NY","country":"USA","zipCode":10081},"user_id":7851,"user_first_name":"Kavi","user_last_name":"Mavi","user_contact_number":5390787810,"user_email_id":"Kavi@example.com","creation_time":"2024-10-11T14:43:39.052+00:00","last_mod_time":"2024-10-11T14:43:39.052+00:00"},{"userAddress":{"addressId":10430,"plotNumber":"19-a","street":"Cypress Dr","state":"Texas","country":"USA","zipCode":null},"user_id":10462,"user_first_name":"Vijaya","user_last_name":"TeamThree","user_contact_number":5488404238,"user_email_id":"thalia.hoppe@example.com","creation_time":"2024-10-17T00:06:23.938+00:00","last_mod_time":"2024-10-17T00:06:23.938+00:00"},{"userAddress":{"addressId":7823,"plotNumber":"P1-10","street":"Main","state":"NY","country":"USA","zipCode":10081},"user_id":7855,"user_first_name":"Kavil","user_last_name":"Mavi","user_contact_number":1390787810,"user_email_id":"Kavia@example.com","creation_time":"2024-10-11T14:45:15.345+00:00","last_mod_time":"2024-10-11T14:45:15.345+00:00"},{"userAddress":{"addressId":7998,"plotNumber":"AS-99","street":"Gorniak","state":"MI","country":"USA","zipCode":7896},"user_id":8030,"user_first_name":"TesterAD","user_last_name":"Numpy","user_contact_number":7788996652,"user_email_id":"testfournewl@gmail.com","creation_time":"2024-10-12T01:31:24.569+00:00","last_mod_time":"2024-10-12T01:31:24.569+00:00"},{"userAddress":{"addressId":7828,"plotNumber":"23-abc","street":"Foster street","state":"jhjkdlshf","country":"USA","zipCode":1234567},"user_id":7860,"user_first_name":"Michael GC","user_last_name":"Jackson","user_contact_number":8888888886,"user_email_id":"Michael-GC@gmail.com","creation_time":"2024-10-11T14:46:57.887+00:00","last_mod_time":"2024-10-11T14:46:57.887+00:00"},{"userAddress":{"addressId":7829,"plotNumber":"23-abc","street":"Foster street","state":"jhjkdlshf","country":"USA","zipCode":1234567},"user_id":7861,"user_first_name":"Michael userAddressB","user_last_name":"Jackson","user_contact_number":8888888884,"user_email_id":"Michael-AB@gmail.com","creation_time":"2024-10-11T14:47:36.531+00:00","last_mod_time":"2024-10-11T14:47:36.531+00:00"},{"userAddress":{"addressId":7834,"plotNumber":"23-abc","street":"Foster street","state":"jhjkdlshf","country":"USA","zipCode":1234567},"user_id":7866,"user_first_name":"Michael AB","user_last_name":"Jackson","user_contact_number":8888888883,"user_email_id":"MichaelAB@gmail.com","creation_time":"2024-10-11T14:49:45.552+00:00","last_mod_time":"2024-10-11T14:49:45.552+00:00"},{"userAddress":{"addressId":7999,"plotNumber":"pl-03","street":"Aldeburgh","state":"Texas","country":"US","zipCode":23294},"user_id":8031,"user_first_name":"Varammm","user_last_name":"Reddy","user_contact_number":8995115912,"user_email_id":"Team05Vara5@gmail.com","creation_time":"2024-10-12T01:38:33.076+00:00","last_mod_time":"2024-10-12T01:38:33.076+00:00"},{"userAddress":{"addressId":8001,"plotNumber":null,"street":null,"state":null,"country":null,"zipCode":null},"user_id":8033,"user_first_name":"swathi","user_last_name":"nayak","user_contact_number":8105027445,"user_email_id":"Team05swathi21@gmail.com","creation_time":"2024-10-12T01:45:25.366+00:00","last_mod_time":"2024-10-12T01:45:25.366+00:00"},{"userAddress":{"addressId":8004,"plotNumber":"P1-10","street":"Bins Mountains","state":"TX","country":"USA","zipCode":12356},"user_id":8036,"user_first_name":"Trisha","user_last_name":"Tromp","user_contact_number":2546138970,"user_email_id":"Clay_Jaskolski13@gmail.com","creation_time":"2024-10-12T01:53:27.597+00:00","last_mod_time":"2024-10-12T01:53:27.597+00:00"},{"userAddress":{"addressId":8006,"plotNumber":"P1-10","street":"Icie Extension","state":"TX","country":"USA","zipCode":12356},"user_id":8038,"user_first_name":"Lexi","user_last_name":"Schoen","user_contact_number":4536985214,"user_email_id":"Kylee.Stokes@gmail.com","creation_time":"2024-10-12T02:09:59.579+00:00","last_mod_time":"2024-10-12T02:09:59.579+00:00"},{"userAddress":{"addressId":7843,"plotNumber":null,"street":"ABC","state":"NJ","country":"USA","zipCode":0},"user_id":7875,"user_first_name":"Ruma","user_last_name":"Biswas","user_contact_number":9999999993,"user_email_id":"TEAM03ArundhatiB1@gmail.com","creation_time":"2024-10-11T14:58:57.623+00:00","last_mod_time":"2024-10-11T14:58:57.623+00:00"},{"userAddress":{"addressId":8009,"plotNumber":"P1-10","street":"Hahn Vista","state":"TX","country":"USA","zipCode":12356},"user_id":8041,"user_first_name":"Nettie","user_last_name":"Upton","user_contact_number":1245637934,"user_email_id":"Vernie.Ondricka67@gmail.com","creation_time":"2024-10-12T02:18:36.441+00:00","last_mod_time":"2024-10-12T02:18:36.441+00:00"},{"userAddress":{"addressId":7847,"plotNumber":"xyz-23","street":"Morgan","state":"Georgia","country":"USA","zipCode":7689},"user_id":7879,"user_first_name":"Reshma Mary","user_last_name":"John","user_contact_number":6407678780,"user_email_id":"Team03rhjohn@gmail.com","creation_time":"2024-10-11T15:14:26.063+00:00","last_mod_time":"2024-10-11T15:14:26.063+00:00"},{"userAddress":{"addressId":8012,"plotNumber":"P1-10","street":"Ritchie Ports","state":"TX","country":"USA","zipCode":12356},"user_id":8044,"user_first_name":"Roxane","user_last_name":"Larkin","user_contact_number":1245637913,"user_email_id":"Braulio_Lowe@hotmail.com","creation_time":"2024-10-12T02:20:45.582+00:00","last_mod_time":"2024-10-12T02:20:45.582+00:00"},{"userAddress":{"addressId":7857,"plotNumber":"pl-21","street":"westlyn street","state":"Illinois","country":"USA","zipCode":60502},"user_id":7889,"user_first_name":"Bharati","user_last_name":"Palaniappan","user_contact_number":9856543220,"user_email_id":"Team3Gayathri9@gmail.com","creation_time":"2024-10-11T15:24:45.181+00:00","last_mod_time":"2024-10-11T15:30:35.544+00:00"},{"userAddress":{"addressId":7874,"plotNumber":"pl-3","street":"shadow sR","state":"GA","country":"INDIA","zipCode":66466},"user_id":7906,"user_first_name":"Nigel","user_last_name":"Powlowski","user_contact_number":5835088980,"user_email_id":"team5psm@gmail.com","creation_time":"2024-10-11T18:00:04.653+00:00","last_mod_time":"2024-10-11T18:00:04.653+00:00"},{"userAddress":{"addressId":7875,"plotNumber":"P1-11","street":"Main","state":"LA","country":"USA","zipCode":20875},"user_id":7907,"user_first_name":"Raghau","user_last_name":"MD","user_contact_number":8187269670,"user_email_id":"Team03RaghauMD@gmail.com","creation_time":"2024-10-11T18:00:45.679+00:00","last_mod_time":"2024-10-11T18:00:45.679+00:00"},{"userAddress":{"addressId":7876,"plotNumber":"23-abc","street":"Foster street","state":"jhjkdlshf","country":"USA","zipCode":12345678},"user_id":7908,"user_first_name":"Michael M","user_last_name":"Jackson J","user_contact_number":8684573487,"user_email_id":"MichaelM@gmail.com","creation_time":"2024-10-11T18:05:57.600+00:00","last_mod_time":"2024-10-11T18:05:57.600+00:00"},{"userAddress":{"addressId":7878,"plotNumber":"P1-10","street":"Main","state":"NY","country":"USA","zipCode":10081},"user_id":7910,"user_first_name":"anbu","user_last_name":"Mavi","user_contact_number":6691787810,"user_email_id":"sabnu@example.com","creation_time":"2024-10-11T18:20:43.426+00:00","last_mod_time":"2024-10-11T18:20:43.426+00:00"},{"userAddress":{"addressId":7879,"plotNumber":"23-abc","street":"Foster street","state":"jhjkdlshf","country":"USA","zipCode":1234567},"user_id":7911,"user_first_name":"Michael F","user_last_name":"Jackson","user_contact_number":8801773487,"user_email_id":"24325234562@gmail.com","creation_time":"2024-10-11T18:45:43.422+00:00","last_mod_time":"2024-10-11T18:45:43.422+00:00"},{"userAddress":{"addressId":7882,"plotNumber":"23-abc","street":"Foster street","state":"jhjkdlshf","country":"USA","zipCode":1234567},"user_id":7914,"user_first_name":"Michael K","user_last_name":"Jackson","user_contact_number":8866578489,"user_email_id":"2432523456@23444444444.pp","creation_time":"2024-10-11T18:52:40.670+00:00","last_mod_time":"2024-10-11T18:52:40.670+00:00"},{"userAddress":{"addressId":8013,"plotNumber":"P1-10","street":"Ova Roads","state":"TX","country":"USA","zipCode":12356},"user_id":8045,"user_first_name":"Princess","user_last_name":"Purdy","user_contact_number":1245637897,"user_email_id":"Erick87@gmail.com","creation_time":"2024-10-12T02:20:56.589+00:00","last_mod_time":"2024-10-12T02:20:56.589+00:00"},{"userAddress":{"addressId":8014,"plotNumber":"P1-10","street":"Meta Villages","state":"TX","country":"USA","zipCode":12356},"user_id":8046,"user_first_name":"Juanita","user_last_name":"Rutherford","user_contact_number":1245637993,"user_email_id":"Jairo70@gmail.com","creation_time":"2024-10-12T02:20:58.611+00:00","last_mod_time":"2024-10-12T02:20:58.611+00:00"},{"userAddress":{"addressId":8015,"plotNumber":"P1-10","street":"Spinka Keys","state":"TX","country":"USA","zipCode":12356},"user_id":8047,"user_first_name":"Winfield","user_last_name":"Batz","user_contact_number":1245637905,"user_email_id":"Queenie.Cassin@gmail.com","creation_time":"2024-10-12T02:21:00.163+00:00","last_mod_time":"2024-10-12T02:21:00.163+00:00"},{"userAddress":{"addressId":8017,"plotNumber":"P1-10","street":"Pauline Inlet","state":"TX","country":"USA","zipCode":12356},"user_id":8049,"user_first_name":"Hanna","user_last_name":"Kessler","user_contact_number":1234567918,"user_email_id":"Jamarcus34@hotmail.com","creation_time":"2024-10-12T02:21:22.808+00:00","last_mod_time":"2024-10-12T02:21:22.808+00:00"},{"userAddress":{"addressId":8018,"plotNumber":"P1-10","street":"Finn Rest","state":"TX","country":"USA","zipCode":12356},"user_id":8050,"user_first_name":"Terrell","user_last_name":"Willms","user_contact_number":2345678910,"user_email_id":"Domingo43@yahoo.com","creation_time":"2024-10-12T02:22:12.838+00:00","last_mod_time":"2024-10-12T02:22:12.838+00:00"},{"userAddress":{"addressId":8019,"plotNumber":"P1-10","street":"Kaya Port","state":"TX","country":"USA","zipCode":12356},"user_id":8051,"user_first_name":"Oceane","user_last_name":"Von","user_contact_number":6789107896,"user_email_id":"Laurine.Yundt@gmail.com","creation_time":"2024-10-12T02:22:50.687+00:00","last_mod_time":"2024-10-12T02:22:50.687+00:00"},{"userAddress":{"addressId":8166,"plotNumber":null,"street":null,"state":null,"country":null,"zipCode":null},"user_id":8198,"user_first_name":"hUfVwRHWAv","user_last_name":"mXzwlEtICh","user_contact_number":1734525877,"user_email_id":"team2gaaadn26hc8@gmail.com","creation_time":"2024-10-12T17:40:54.782+00:00","last_mod_time":"2024-10-12T17:40:54.782+00:00"},{"userAddress":{"addressId":8021,"plotNumber":"P1-10","street":"Maximillia Causeway","state":"TX","country":"USA","zipCode":12356},"user_id":8053,"user_first_name":"Ivy","user_last_name":"Labadie","user_contact_number":9789107896,"user_email_id":"Kathryn_Mitchell@yahoo.com","creation_time":"2024-10-12T02:30:30.747+00:00","last_mod_time":"2024-10-12T02:30:30.747+00:00"},{"userAddress":{"addressId":8022,"plotNumber":"P1-10","street":"Daphnee Fields","state":"TX","country":"USA","zipCode":12356},"user_id":8054,"user_first_name":"Nakia","user_last_name":"Kilback","user_contact_number":9789107897,"user_email_id":"Burley61@hotmail.com","creation_time":"2024-10-12T02:31:01.402+00:00","last_mod_time":"2024-10-12T02:31:01.402+00:00"},{"userAddress":{"addressId":8023,"plotNumber":"P1-10","street":"Benedict Neck","state":"TX","country":"USA","zipCode":12356},"user_id":8055,"user_first_name":"Shanie","user_last_name":"Moen","user_contact_number":9789107937,"user_email_id":"Elvera26@gmail.com","creation_time":"2024-10-12T02:31:52.126+00:00","last_mod_time":"2024-10-12T02:31:52.126+00:00"},{"userAddress":{"addressId":8024,"plotNumber":"P1-10","street":"Charlotte Mews","state":"TX","country":"USA","zipCode":12356},"user_id":8056,"user_first_name":"Dock","user_last_name":"Gorczany","user_contact_number":9789107938,"user_email_id":"Sydnee65@hotmail.com","creation_time":"2024-10-12T02:31:53.983+00:00","last_mod_time":"2024-10-12T02:31:53.983+00:00"},{"userAddress":{"addressId":8025,"plotNumber":"P1-10","street":"Dietrich Lakes","state":"TX","country":"USA","zipCode":12356},"user_id":8057,"user_first_name":"Sasha","user_last_name":"Marquardt","user_contact_number":9789107964,"user_email_id":"Agustin72@yahoo.com","creation_time":"2024-10-12T02:31:55.642+00:00","last_mod_time":"2024-10-12T02:31:55.642+00:00"},{"userAddress":{"addressId":8026,"plotNumber":"P1-10","street":"Conn Creek","state":"TX","country":"USA","zipCode":12356},"user_id":8058,"user_first_name":"Berry","user_last_name":"Kilback","user_contact_number":9789107968,"user_email_id":"Clarissa.Walsh86@yahoo.com","creation_time":"2024-10-12T02:31:56.980+00:00","last_mod_time":"2024-10-12T02:31:56.980+00:00"},{"userAddress":{"addressId":8027,"plotNumber":"P1-10","street":"Justus Mountains","state":"TX","country":"USA","zipCode":12356},"user_id":8059,"user_first_name":"Michelle","user_last_name":"Fritsch","user_contact_number":9789107929,"user_email_id":"Nya.Veum16@hotmail.com","creation_time":"2024-10-12T02:31:58.741+00:00","last_mod_time":"2024-10-12T02:31:58.741+00:00"},{"userAddress":{"addressId":8028,"plotNumber":"P1-10","street":"Abernathy Heights","state":"TX","country":"USA","zipCode":12356},"user_id":8060,"user_first_name":"Rashad","user_last_name":"Aufderhar","user_contact_number":9789107945,"user_email_id":"Maureen.Hyatt85@gmail.com","creation_time":"2024-10-12T02:32:02.072+00:00","last_mod_time":"2024-10-12T02:32:02.072+00:00"},{"userAddress":{"addressId":8029,"plotNumber":"P1-10","street":"Kenton Ranch","state":"TX","country":"USA","zipCode":12356},"user_id":8061,"user_first_name":"Deja","user_last_name":"Dicki","user_contact_number":9789107949,"user_email_id":"Victoria.Runolfsdottir11@yahoo.com","creation_time":"2024-10-12T02:32:04.080+00:00","last_mod_time":"2024-10-12T02:32:04.080+00:00"},{"userAddress":{"addressId":8030,"plotNumber":"P1-10","street":"Elroy Centers","state":"TX","country":"USA","zipCode":12356},"user_id":8062,"user_first_name":"Jameson","user_last_name":"Romaguera","user_contact_number":9789107962,"user_email_id":"Haley_Ferry@gmail.com","creation_time":"2024-10-12T02:32:09.372+00:00","last_mod_time":"2024-10-12T02:32:09.372+00:00"},{"userAddress":{"addressId":8031,"plotNumber":"P1-10","street":"Rasheed Flats","state":"TX","country":"USA","zipCode":12356},"user_id":8063,"user_first_name":"Assunta","user_last_name":"Johns","user_contact_number":9789107983,"user_email_id":"Godfrey_Predovic60@hotmail.com","creation_time":"2024-10-12T02:32:12.891+00:00","last_mod_time":"2024-10-12T02:32:12.891+00:00"},{"userAddress":{"addressId":8032,"plotNumber":"P1-10","street":"Edwin Plaza","state":"TX","country":"USA","zipCode":12356},"user_id":8064,"user_first_name":"Torey","user_last_name":"Lockman","user_contact_number":9789107975,"user_email_id":"Dayana_Herzog1@yahoo.com","creation_time":"2024-10-12T02:32:37.837+00:00","last_mod_time":"2024-10-12T02:32:37.837+00:00"},{"userAddress":{"addressId":8033,"plotNumber":"P1-10","street":"Hartmann Plains","state":"TX","country":"USA","zipCode":12356},"user_id":8065,"user_first_name":"Glenda","user_last_name":"Bergnaum","user_contact_number":9789107925,"user_email_id":"Andy.Cole@hotmail.com","creation_time":"2024-10-12T02:32:41.719+00:00","last_mod_time":"2024-10-12T02:32:41.719+00:00"},{"userAddress":{"addressId":8034,"plotNumber":"P1-10","street":"Makayla Light","state":"TX","country":"USA","zipCode":12356},"user_id":8066,"user_first_name":"Ofelia","user_last_name":"Schuppe","user_contact_number":9789107905,"user_email_id":"Jaiden61@gmail.com","creation_time":"2024-10-12T02:33:38.920+00:00","last_mod_time":"2024-10-12T02:33:38.920+00:00"},{"userAddress":{"addressId":8035,"plotNumber":"P1-10","street":"Emilio Corner","state":"TX","country":"USA","zipCode":12356},"user_id":8067,"user_first_name":"Montana","user_last_name":"Bogisich","user_contact_number":9789107900,"user_email_id":"Chad_Schumm@yahoo.com","creation_time":"2024-10-12T02:33:42.785+00:00","last_mod_time":"2024-10-12T02:33:42.785+00:00"},{"userAddress":{"addressId":8036,"plotNumber":"P1-10","street":"Moen Brook","state":"TX","country":"USA","zipCode":12356},"user_id":8068,"user_first_name":"Fanny","user_last_name":"Moen","user_contact_number":9789107978,"user_email_id":"Aisha29@yahoo.com","creation_time":"2024-10-12T02:33:45.614+00:00","last_mod_time":"2024-10-12T02:33:45.614+00:00"},{"userAddress":{"addressId":8037,"plotNumber":"P1-10","street":"Cleo Route","state":"TX","country":"USA","zipCode":12356},"user_id":8069,"user_first_name":"Hank","user_last_name":"Nader","user_contact_number":9789107965,"user_email_id":"Cayla_Wunsch60@hotmail.com","creation_time":"2024-10-12T02:33:47.424+00:00","last_mod_time":"2024-10-12T02:33:47.424+00:00"},{"userAddress":{"addressId":8038,"plotNumber":"P1-10","street":"Keeley Key","state":"TX","country":"USA","zipCode":12356},"user_id":8070,"user_first_name":"Devon","user_last_name":"Lehner","user_contact_number":9789107976,"user_email_id":"Marques_Wyman30@yahoo.com","creation_time":"2024-10-12T02:33:48.938+00:00","last_mod_time":"2024-10-12T02:33:48.938+00:00"},{"userAddress":{"addressId":8039,"plotNumber":"P1-10","street":"Flatley Keys","state":"TX","country":"USA","zipCode":12356},"user_id":8071,"user_first_name":"Merl","user_last_name":"Altenwerth","user_contact_number":9107896161,"user_email_id":"Demarco41@hotmail.com","creation_time":"2024-10-12T02:37:32.915+00:00","last_mod_time":"2024-10-12T02:37:32.915+00:00"},{"userAddress":{"addressId":8040,"plotNumber":"P1-10","street":"Olaf Oval","state":"TX","country":"USA","zipCode":12356},"user_id":8072,"user_first_name":"Blair","user_last_name":"Funk","user_contact_number":9107896170,"user_email_id":"Edward_Ritchie0@hotmail.com","creation_time":"2024-10-12T02:37:35.338+00:00","last_mod_time":"2024-10-12T02:37:35.338+00:00"},{"userAddress":{"addressId":8041,"plotNumber":"P1-10","street":"Rubie Haven","state":"TX","country":"USA","zipCode":12356},"user_id":8073,"user_first_name":"Alena","user_last_name":"Jaskolski","user_contact_number":9107896150,"user_email_id":"Aron_Leuschke@hotmail.com","creation_time":"2024-10-12T02:37:39.046+00:00","last_mod_time":"2024-10-12T02:37:39.046+00:00"},{"userAddress":{"addressId":8042,"plotNumber":"P1-10","street":"Macy Mill","state":"TX","country":"USA","zipCode":12356},"user_id":8074,"user_first_name":"Jonas","user_last_name":"Reynolds","user_contact_number":9107896186,"user_email_id":"Andy.Nolan4@hotmail.com","creation_time":"2024-10-12T02:37:40.952+00:00","last_mod_time":"2024-10-12T02:37:40.952+00:00"},{"userAddress":{"addressId":8043,"plotNumber":"P1-10","street":"Champlin Spur","state":"TX","country":"USA","zipCode":12356},"user_id":8075,"user_first_name":"Dylan","user_last_name":"Price","user_contact_number":9107896144,"user_email_id":"Manuela.Hahn21@yahoo.com","creation_time":"2024-10-12T02:37:42.365+00:00","last_mod_time":"2024-10-12T02:37:42.365+00:00"},{"userAddress":{"addressId":8044,"plotNumber":"P1-10","street":"Kautzer Key","state":"TX","country":"USA","zipCode":12356},"user_id":8076,"user_first_name":"Nicklaus","user_last_name":"Hyatt","user_contact_number":9107896143,"user_email_id":"Tyler59@gmail.com","creation_time":"2024-10-12T02:37:43.425+00:00","last_mod_time":"2024-10-12T02:37:43.425+00:00"},{"userAddress":{"addressId":8045,"plotNumber":"P1-10","street":"Sporer Stream","state":"TX","country":"USA","zipCode":12356},"user_id":8077,"user_first_name":"Cayla","user_last_name":"Jakubowski","user_contact_number":9107896159,"user_email_id":"Weston.Brakus73@yahoo.com","creation_time":"2024-10-12T02:37:44.728+00:00","last_mod_time":"2024-10-12T02:37:44.728+00:00"},{"userAddress":{"addressId":8046,"plotNumber":"P1-10","street":"Tierra Points","state":"TX","country":"USA","zipCode":12356},"user_id":8078,"user_first_name":"Casandra","user_last_name":"Lubowitz","user_contact_number":9107896192,"user_email_id":"Breanna.Conn1@hotmail.com","creation_time":"2024-10-12T02:37:45.593+00:00","last_mod_time":"2024-10-12T02:37:45.593+00:00"},{"userAddress":{"addressId":8047,"plotNumber":"P1-10","street":"Bobbie Wells","state":"TX","country":"USA","zipCode":12356},"user_id":8079,"user_first_name":"Lacy","user_last_name":"Schiller","user_contact_number":9107896154,"user_email_id":"Jermain76@yahoo.com","creation_time":"2024-10-12T02:37:46.730+00:00","last_mod_time":"2024-10-12T02:37:46.730+00:00"},{"userAddress":{"addressId":8048,"plotNumber":"P1-10","street":"Clair Roads","state":"TX","country":"USA","zipCode":12356},"user_id":8080,"user_first_name":"Muhammad","user_last_name":"Blick","user_contact_number":9107896117,"user_email_id":"Gail_Casper30@gmail.com","creation_time":"2024-10-12T02:37:47.760+00:00","last_mod_time":"2024-10-12T02:37:47.760+00:00"},{"userAddress":{"addressId":8049,"plotNumber":"P1-10","street":"Lafayette Point","state":"TX","country":"USA","zipCode":12356},"user_id":8081,"user_first_name":"Columbus","user_last_name":"Wolf","user_contact_number":3607896135,"user_email_id":"Ceasar_Miller@yahoo.com","creation_time":"2024-10-12T02:38:08.478+00:00","last_mod_time":"2024-10-12T02:38:08.478+00:00"},{"userAddress":{"addressId":8167,"plotNumber":null,"street":null,"state":null,"country":null,"zipCode":null},"user_id":8199,"user_first_name":"zKkLLYPFKG","user_last_name":"utyxKTNalP","user_contact_number":7392273017,"user_email_id":"team2l5ihl67fh0ef@gmail.com","creation_time":"2024-10-12T17:40:55.100+00:00","last_mod_time":"2024-10-12T17:40:55.100+00:00"},{"userAddress":{"addressId":8168,"plotNumber":null,"street":null,"state":null,"country":null,"zipCode":null},"user_id":8200,"user_first_name":"CHXeEpZHoJ","user_last_name":"TkJRPEEfnx","user_contact_number":9306907396,"user_email_id":"team21cafl62304n7@gmail.com","creation_time":"2024-10-12T17:40:55.331+00:00","last_mod_time":"2024-10-12T17:40:55.331+00:00"},{"userAddress":{"addressId":8169,"plotNumber":null,"street":null,"state":null,"country":null,"zipCode":null},"user_id":8201,"user_first_name":"pHTTCwIrLi","user_last_name":"oJFjgxnzmq","user_contact_number":3843827390,"user_email_id":"team22hhghjj07pge@gmail.com","creation_time":"2024-10-12T17:40:55.581+00:00","last_mod_time":"2024-10-12T17:40:55.581+00:00"},{"userAddress":{"addressId":8172,"plotNumber":null,"street":null,"state":null,"country":null,"zipCode":null},"user_id":8204,"user_first_name":"JcvLoiWSOJ","user_last_name":"jLWYalkezc","user_contact_number":5017692709,"user_email_id":"team24j78oabe78k3@gmail.com","creation_time":"2024-10-12T17:42:36.188+00:00","last_mod_time":"2024-10-12T17:42:36.188+00:00"},{"userAddress":{"addressId":8173,"plotNumber":null,"street":null,"state":null,"country":null,"zipCode":null},"user_id":8205,"user_first_name":"GMGrAupFUF","user_last_name":"FTIdReuXhq","user_contact_number":2030646798,"user_email_id":"team2nh5mgb2547e@gmail.com","creation_time":"2024-10-12T17:42:36.497+00:00","last_mod_time":"2024-10-12T17:42:36.497+00:00"},{"userAddress":{"addressId":8057,"plotNumber":"P1-10","street":"Stokes Plaza","state":"TX","country":"USA","zipCode":12356},"user_id":8089,"user_first_name":"Aisha","user_last_name":"Lakin","user_contact_number":3607896140,"user_email_id":"Mariano.Walsh@gmail.com","creation_time":"2024-10-12T02:55:28.679+00:00","last_mod_time":"2024-10-12T02:55:28.679+00:00"},{"userAddress":{"addressId":8174,"plotNumber":null,"street":null,"state":null,"country":null,"zipCode":null},"user_id":8206,"user_first_name":"vjoramZsml","user_last_name":"eLekBwOmxf","user_contact_number":6808123841,"user_email_id":"team240918i44klaf@gmail.com","creation_time":"2024-10-12T17:42:37.479+00:00","last_mod_time":"2024-10-12T17:42:37.479+00:00"},{"userAddress":{"addressId":8060,"plotNumber":"P1-10","street":"August Locks","state":"TX","country":"USA","zipCode":12356},"user_id":8092,"user_first_name":"Norbert","user_last_name":"Morar","user_contact_number":3607896126,"user_email_id":"Jada12@yahoo.com","creation_time":"2024-10-12T02:57:43.610+00:00","last_mod_time":"2024-10-12T02:57:43.610+00:00"},{"userAddress":{"addressId":8216,"plotNumber":null,"street":null,"state":null,"country":null,"zipCode":null},"user_id":8248,"user_first_name":"EMYQtQGWCz","user_last_name":"vPsBKAHVlt","user_contact_number":1144924445,"user_email_id":"team2dmm9c6cbo1k@gmail.com","creation_time":"2024-10-12T18:38:29.003+00:00","last_mod_time":"2024-10-12T18:38:29.003+00:00"},{"userAddress":{"addressId":8061,"plotNumber":"P1-09","street":"Alameda","state":"TX","country":"USA","zipCode":65412},"user_id":8093,"user_first_name":"easkaus","user_last_name":"varshu","user_contact_number":5896541232,"user_email_id":"easkaus@gmail.com","creation_time":"2024-10-12T03:00:16.401+00:00","last_mod_time":"2024-10-12T03:01:27.677+00:00"},{"userAddress":{"addressId":8546,"plotNumber":"A-123","street":"Main St","state":"CA","country":"USA","zipCode":90210},"user_id":8578,"user_first_name":"ranu","user_last_name":"sis","user_contact_number":1112223333,"user_email_id":"team04ranu@ymail.com","creation_time":"2024-10-13T05:24:50.306+00:00","last_mod_time":"2024-10-13T05:24:50.306+00:00"},{"userAddress":{"addressId":8218,"plotNumber":null,"street":null,"state":null,"country":null,"zipCode":null},"user_id":8250,"user_first_name":"JIvtGUFgDU","user_last_name":"wgzgvMRwiA","user_contact_number":6339192632,"user_email_id":"team2finjjel4071e@gmail.com","creation_time":"2024-10-12T18:38:29.506+00:00","last_mod_time":"2024-10-12T18:38:29.506+00:00"},{"userAddress":{"addressId":8219,"plotNumber":null,"street":null,"state":null,"country":null,"zipCode":null},"user_id":8251,"user_first_name":"aPzfQrpvLB","user_last_name":"nOqWLvuPdi","user_contact_number":4453505417,"user_email_id":"team2lgckb09gd0me@gmail.com","creation_time":"2024-10-12T18:38:29.844+00:00","last_mod_time":"2024-10-12T18:38:29.844+00:00"},{"userAddress":{"addressId":8547,"plotNumber":"P1-10","street":"Merlin Turnpike","state":"TX","country":"USA","zipCode":12356},"user_id":8579,"user_first_name":"Susie","user_last_name":"Harber","user_contact_number":3607896111,"user_email_id":"Cristopher24@gmail.com","creation_time":"2024-10-13T05:25:10.826+00:00","last_mod_time":"2024-10-13T05:25:10.826+00:00"},{"userAddress":{"addressId":9994,"plotNumber":"302-A","street":"Texas","state":"waterpark","country":"US","zipCode":78717},"user_id":10026,"user_first_name":"Kalai","user_last_name":"Rangasamy","user_contact_number":5124327042,"user_email_id":"kalaia56@gmail.com","creation_time":"2024-10-15T17:45:40.727+00:00","last_mod_time":"2024-10-15T17:45:40.727+00:00"},{"userAddress":{"addressId":8222,"plotNumber":null,"street":null,"state":null,"country":null,"zipCode":null},"user_id":8254,"user_first_name":"lwWfSJiiHN","user_last_name":"IHFSZybnHb","user_contact_number":5089760229,"user_email_id":"team22db53je75ajd@gmail.com","creation_time":"2024-10-12T18:38:30.633+00:00","last_mod_time":"2024-10-12T18:38:30.633+00:00"},{"userAddress":{"addressId":8223,"plotNumber":"pl-23","street":"my Street","state":"Texas","country":"USA","zipCode":75068},"user_id":8255,"user_first_name":"vijaya","user_last_name":"Teamtwo","user_contact_number":9085280351,"user_email_id":"vijimoa2p8n6k1ki@gmail.com","creation_time":"2024-10-12T18:40:37.978+00:00","last_mod_time":"2024-10-12T18:40:37.978+00:00"},{"userAddress":{"addressId":8548,"plotNumber":"P1-10","street":"Hobart Bridge","state":"TX","country":"USA","zipCode":12356},"user_id":8580,"user_first_name":"Clementina","user_last_name":"Barton","user_contact_number":3607896174,"user_email_id":"Roosevelt_Purdy@yahoo.com","creation_time":"2024-10-13T05:25:21.182+00:00","last_mod_time":"2024-10-13T05:25:21.182+00:00"},{"userAddress":{"addressId":8225,"plotNumber":null,"street":null,"state":null,"country":null,"zipCode":null},"user_id":8257,"user_first_name":"lQZCZGCpHz","user_last_name":"lVlAkRtxWC","user_contact_number":4020415420,"user_email_id":"team2b09ee9819ohn@gmail.com","creation_time":"2024-10-12T18:42:15.571+00:00","last_mod_time":"2024-10-12T18:42:15.571+00:00"},{"userAddress":{"addressId":8549,"plotNumber":"P1-10","street":"Micheal Walk","state":"TX","country":"USA","zipCode":12356},"user_id":8581,"user_first_name":"Alvis","user_last_name":"Kemmer","user_contact_number":3607896156,"user_email_id":"Marc23@yahoo.com","creation_time":"2024-10-13T05:25:21.732+00:00","last_mod_time":"2024-10-13T05:25:21.732+00:00"},{"userAddress":{"addressId":8226,"plotNumber":null,"street":null,"state":null,"country":null,"zipCode":null},"user_id":8258,"user_first_name":"BUhvAvHXAE","user_last_name":"KbOtWribZf","user_contact_number":4247948822,"user_email_id":"team2bhki9ac4c6lk@gmail.com","creation_time":"2024-10-12T18:42:15.807+00:00","last_mod_time":"2024-10-12T18:42:15.807+00:00"},{"userAddress":{"addressId":8227,"plotNumber":null,"street":null,"state":null,"country":null,"zipCode":null},"user_id":8259,"user_first_name":"gsyHmNPMNt","user_last_name":"sWKqcvhFNe","user_contact_number":3779235883,"user_email_id":"team2mdkle2bl7c5b@gmail.com","creation_time":"2024-10-12T18:42:16.229+00:00","last_mod_time":"2024-10-12T18:42:16.229+00:00"},{"userAddress":{"addressId":8228,"plotNumber":null,"street":null,"state":null,"country":null,"zipCode":null},"user_id":8260,"user_first_name":"KdRykGflqI","user_last_name":"qMbTiecwWX","user_contact_number":1547965695,"user_email_id":"team23bi9o6o599je@gmail.com","creation_time":"2024-10-12T18:42:16.538+00:00","last_mod_time":"2024-10-12T18:42:16.538+00:00"},{"userAddress":{"addressId":8229,"plotNumber":null,"street":null,"state":null,"country":null,"zipCode":null},"user_id":8261,"user_first_name":"alYKwKNoNx","user_last_name":"GcbIFMFpPH","user_contact_number":6152446246,"user_email_id":"team2bo67idofc8g@gmail.com","creation_time":"2024-10-12T18:42:16.820+00:00","last_mod_time":"2024-10-12T18:42:16.820+00:00"},{"userAddress":{"addressId":8231,"plotNumber":null,"street":null,"state":null,"country":null,"zipCode":null},"user_id":8263,"user_first_name":"aYdRqbepLO","user_last_name":"hhEpnUHacC","user_contact_number":9702545661,"user_email_id":"team2g6mbf4ehklo@gmail.com","creation_time":"2024-10-12T18:42:17.532+00:00","last_mod_time":"2024-10-12T18:42:17.532+00:00"},{"userAddress":{"addressId":8232,"plotNumber":null,"street":null,"state":null,"country":null,"zipCode":null},"user_id":8264,"user_first_name":"cVEEiIMHqs","user_last_name":"pKQoGhvzyk","user_contact_number":3898218156,"user_email_id":"team25l2d64d4k3n@gmail.com","creation_time":"2024-10-12T18:48:49.463+00:00","last_mod_time":"2024-10-12T18:48:49.463+00:00"},{"userAddress":{"addressId":8233,"plotNumber":null,"street":null,"state":null,"country":null,"zipCode":null},"user_id":8265,"user_first_name":"cRMKjZSCqG","user_last_name":"uVKwNkgZRc","user_contact_number":5267460666,"user_email_id":"team286kgoc3hm09a@gmail.com","creation_time":"2024-10-12T18:48:49.668+00:00","last_mod_time":"2024-10-12T18:48:49.668+00:00"},{"userAddress":{"addressId":8234,"plotNumber":null,"street":null,"state":null,"country":null,"zipCode":null},"user_id":8266,"user_first_name":"EeaGzPyEdF","user_last_name":"sBpTguqLPQ","user_contact_number":1506172616,"user_email_id":"team2p5je66m304e7@gmail.com","creation_time":"2024-10-12T18:48:49.766+00:00","last_mod_time":"2024-10-12T18:48:49.766+00:00"},{"userAddress":{"addressId":8235,"plotNumber":null,"street":null,"state":null,"country":null,"zipCode":null},"user_id":8267,"user_first_name":"OMpSHklUkK","user_last_name":"hQiToBEXXR","user_contact_number":3901901731,"user_email_id":"team263b1f003iddg@gmail.com","creation_time":"2024-10-12T18:48:49.891+00:00","last_mod_time":"2024-10-12T18:48:49.891+00:00"},{"userAddress":{"addressId":8236,"plotNumber":null,"street":null,"state":null,"country":null,"zipCode":null},"user_id":8268,"user_first_name":"TboUkzUKZv","user_last_name":"SijYGPOuls","user_contact_number":3031097790,"user_email_id":"team2le52h9f9hccg@gmail.com","creation_time":"2024-10-12T18:48:50.013+00:00","last_mod_time":"2024-10-12T18:48:50.013+00:00"},{"userAddress":{"addressId":8237,"plotNumber":null,"street":null,"state":null,"country":null,"zipCode":null},"user_id":8269,"user_first_name":"JUYeyocDzF","user_last_name":"kLhGXBovAS","user_contact_number":6727862688,"user_email_id":"team21b526jc17148@gmail.com","creation_time":"2024-10-12T18:48:50.140+00:00","last_mod_time":"2024-10-12T18:48:50.140+00:00"},{"userAddress":{"addressId":8238,"plotNumber":null,"street":null,"state":null,"country":null,"zipCode":null},"user_id":8270,"user_first_name":"JEDnMSWArR","user_last_name":"XzCJnfZelr","user_contact_number":5606472838,"user_email_id":"team2le608hjbd3db@gmail.com","creation_time":"2024-10-12T18:48:50.264+00:00","last_mod_time":"2024-10-12T18:48:50.264+00:00"},{"userAddress":{"addressId":10349,"plotNumber":"pl-35","street":"Cypress Dr","state":"Texas","country":"USA","zipCode":75688},"user_id":10381,"user_first_name":"vijayashree","user_last_name":"Jayakumar","user_contact_number":6576748899,"user_email_id":"vjemail123@gmail.com","creation_time":"2024-10-16T17:31:47.576+00:00","last_mod_time":"2024-10-16T17:31:47.576+00:00"},{"userAddress":{"addressId":10350,"plotNumber":"19-a","street":"Cypress Dr","state":"Texas","country":"USA","zipCode":null},"user_id":10382,"user_first_name":"Vijaya","user_last_name":"TeamTeam","user_contact_number":8625769087,"user_email_id":"vijaya@gmail.com","creation_time":"2024-10-16T17:32:01.125+00:00","last_mod_time":"2024-10-16T17:32:01.125+00:00"},{"userAddress":{"addressId":8426,"plotNumber":"P1-10","street":"Rosario Motorway","state":"TX","country":"USA","zipCode":12356},"user_id":8458,"user_first_name":"Elouise","user_last_name":"Gerlach","user_contact_number":3607896191,"user_email_id":"Deontae_Nicolas@hotmail.com","creation_time":"2024-10-13T04:49:23.114+00:00","last_mod_time":"2024-10-13T04:49:23.114+00:00"},{"userAddress":{"addressId":10820,"plotNumber":"pl-02","street":"street","state":"ghu","country":"jhh","zipCode":123456},"user_id":10852,"user_first_name":"Kalyan","user_last_name":"lname","user_contact_number":7876535674,"user_email_id":"Team03@gmail.com","creation_time":"2024-10-17T23:01:52.110+00:00","last_mod_time":"2024-10-17T23:01:52.110+00:00"},{"userAddress":{"addressId":10821,"plotNumber":"pl-02","street":"street","state":"ghu","country":"jhh","zipCode":123456},"user_id":10853,"user_first_name":"Kalyan","user_last_name":"lname","user_contact_number":7876535111,"user_email_id":"Team03Mathu@gmail.com","creation_time":"2024-10-17T23:07:56.489+00:00","last_mod_time":"2024-10-17T23:07:56.489+00:00"},{"userAddress":{"addressId":10842,"plotNumber":"Plot-1234","street":"TP Road","state":"IL","country":"USA","zipCode":60004},"user_id":10874,"user_first_name":"TestUser","user_last_name":"TestData","user_contact_number":2223334444,"user_email_id":"TestUser1011.TestData@gmail.com","creation_time":"2024-10-18T00:31:06.412+00:00","last_mod_time":"2024-10-18T00:31:06.412+00:00"},{"userAddress":{"addressId":8258,"plotNumber":null,"street":null,"state":null,"country":null,"zipCode":null},"user_id":8290,"user_first_name":"ccfTXySPBm","user_last_name":"zXfqAIRcua","user_contact_number":3585913604,"user_email_id":"team28p2lj3ggg726@gmail.com","creation_time":"2024-10-12T19:02:01.475+00:00","last_mod_time":"2024-10-12T19:02:01.475+00:00"},{"userAddress":{"addressId":8362,"plotNumber":"aa-1","street":"eer","state":"va","country":"usa","zipCode":20202},"user_id":8394,"user_first_name":"sammy","user_last_name":"roy","user_contact_number":2223341112,"user_email_id":"abcd@gmail.com","creation_time":"2024-10-13T00:31:01.496+00:00","last_mod_time":"2024-10-13T00:31:01.496+00:00"},{"userAddress":{"addressId":8260,"plotNumber":null,"street":null,"state":null,"country":null,"zipCode":null},"user_id":8292,"user_first_name":"uXViVOVUbw","user_last_name":"LqUwLrUHnk","user_contact_number":2533189671,"user_email_id":"team247jaood37bec@gmail.com","creation_time":"2024-10-12T19:05:02.301+00:00","last_mod_time":"2024-10-12T19:05:02.301+00:00"},{"userAddress":{"addressId":8261,"plotNumber":null,"street":null,"state":null,"country":null,"zipCode":null},"user_id":8293,"user_first_name":"wnsgEFTGti","user_last_name":"FMGwOQlpRa","user_contact_number":7152645742,"user_email_id":"team22gb24d767mfb@gmail.com","creation_time":"2024-10-12T19:05:02.598+00:00","last_mod_time":"2024-10-12T19:05:02.598+00:00"},{"userAddress":{"addressId":8262,"plotNumber":null,"street":null,"state":null,"country":null,"zipCode":null},"user_id":8294,"user_first_name":"OJmAQeKBqh","user_last_name":"EKzoFvDUbN","user_contact_number":4667136161,"user_email_id":"team2fijhi44odj5j@gmail.com","creation_time":"2024-10-12T19:05:03.015+00:00","last_mod_time":"2024-10-12T19:05:03.015+00:00"},{"userAddress":{"addressId":8263,"plotNumber":null,"street":null,"state":null,"country":null,"zipCode":null},"user_id":8295,"user_first_name":"MxkDQrlUnV","user_last_name":"WGWynAgxNX","user_contact_number":7996173077,"user_email_id":"team2h253p9de64fi@gmail.com","creation_time":"2024-10-12T19:05:03.316+00:00","last_mod_time":"2024-10-12T19:05:03.316+00:00"},{"userAddress":{"addressId":8264,"plotNumber":null,"street":null,"state":null,"country":null,"zipCode":null},"user_id":8296,"user_first_name":"TrmSocvdvm","user_last_name":"icuqbcJsJg","user_contact_number":9793974475,"user_email_id":"team29le11ghdmb2@gmail.com","creation_time":"2024-10-12T19:05:03.582+00:00","last_mod_time":"2024-10-12T19:05:03.582+00:00"},{"userAddress":{"addressId":8550,"plotNumber":"P1-10","street":"Borer Views","state":"TX","country":"USA","zipCode":12356},"user_id":8582,"user_first_name":"Iva","user_last_name":"Schowalter","user_contact_number":3607896133,"user_email_id":"Jaycee1@hotmail.com","creation_time":"2024-10-13T05:25:23.021+00:00","last_mod_time":"2024-10-13T05:25:23.021+00:00"},{"userAddress":{"addressId":8266,"plotNumber":null,"street":null,"state":null,"country":null,"zipCode":null},"user_id":8298,"user_first_name":"tplhWDqEeb","user_last_name":"dtSxMcmXth","user_contact_number":1239902650,"user_email_id":"team2nnmgakhamfm@gmail.com","creation_time":"2024-10-12T19:05:04.279+00:00","last_mod_time":"2024-10-12T19:05:04.279+00:00"},{"userAddress":{"addressId":8267,"plotNumber":null,"street":null,"state":null,"country":null,"zipCode":null},"user_id":8299,"user_first_name":"tlvOhByKGC","user_last_name":"AoFVBuvwki","user_contact_number":6027943071,"user_email_id":"team23m8e42go819a@gmail.com","creation_time":"2024-10-12T19:05:04.580+00:00","last_mod_time":"2024-10-12T19:05:04.580+00:00"},{"userAddress":{"addressId":8268,"plotNumber":"P1-11","street":"Main","state":"LA","country":"USA","zipCode":20875},"user_id":8300,"user_first_name":"rohit","user_last_name":"Amma","user_contact_number":4873403123,"user_email_id":"Team03RohitsharadaS@gmail.com","creation_time":"2024-10-12T19:31:20.157+00:00","last_mod_time":"2024-10-12T19:31:20.157+00:00"},{"userAddress":{"addressId":8551,"plotNumber":"P1-10","street":"Herzog Glens","state":"TX","country":"USA","zipCode":12356},"user_id":8583,"user_first_name":"Tyreek","user_last_name":"Spencer","user_contact_number":3607896104,"user_email_id":"Chad.Crona@hotmail.com","creation_time":"2024-10-13T05:25:25.745+00:00","last_mod_time":"2024-10-13T05:25:25.745+00:00"},{"userAddress":{"addressId":8552,"plotNumber":"P1-10","street":"Daugherty Street","state":"TX","country":"USA","zipCode":12356},"user_id":8584,"user_first_name":"Florencio","user_last_name":"Koelpin","user_contact_number":3607896164,"user_email_id":"Daphney_Crist@gmail.com","creation_time":"2024-10-13T05:25:28.271+00:00","last_mod_time":"2024-10-13T05:25:28.271+00:00"},{"userAddress":{"addressId":8553,"plotNumber":"P1-10","street":"Ford Point","state":"TX","country":"USA","zipCode":12356},"user_id":8585,"user_first_name":"Flossie","user_last_name":"Mertz","user_contact_number":3607896120,"user_email_id":"Ransom.Olson9@hotmail.com","creation_time":"2024-10-13T05:26:07.130+00:00","last_mod_time":"2024-10-13T05:26:07.130+00:00"},{"userAddress":{"addressId":8272,"plotNumber":null,"street":null,"state":null,"country":null,"zipCode":null},"user_id":8304,"user_first_name":"cxwYQBEiaA","user_last_name":"wrpvEWICkK","user_contact_number":1347317681,"user_email_id":"team2bbelj8057o5i@gmail.com","creation_time":"2024-10-12T19:42:13.985+00:00","last_mod_time":"2024-10-12T19:42:13.985+00:00"},{"userAddress":{"addressId":8273,"plotNumber":null,"street":null,"state":null,"country":null,"zipCode":null},"user_id":8305,"user_first_name":"gFCjgKuuDJ","user_last_name":"tPYWAHrTPP","user_contact_number":8986491799,"user_email_id":"team22d2g06ll7aii@gmail.com","creation_time":"2024-10-12T19:42:14.267+00:00","last_mod_time":"2024-10-12T19:42:14.267+00:00"},{"userAddress":{"addressId":8274,"plotNumber":null,"street":null,"state":null,"country":null,"zipCode":null},"user_id":8306,"user_first_name":"WeLPSdCvod","user_last_name":"mgphDImDQW","user_contact_number":5094531852,"user_email_id":"team27k1deme8b5h@gmail.com","creation_time":"2024-10-12T19:42:14.670+00:00","last_mod_time":"2024-10-12T19:42:14.670+00:00"},{"userAddress":{"addressId":8275,"plotNumber":null,"street":null,"state":null,"country":null,"zipCode":null},"user_id":8307,"user_first_name":"qcroCvPpUq","user_last_name":"uXLRTAkQkI","user_contact_number":4260233392,"user_email_id":"team2khmm6g1dp6d@gmail.com","creation_time":"2024-10-12T19:42:15.068+00:00","last_mod_time":"2024-10-12T19:42:15.068+00:00"},{"userAddress":{"addressId":8276,"plotNumber":null,"street":null,"state":null,"country":null,"zipCode":null},"user_id":8308,"user_first_name":"DjUjmPcdkd","user_last_name":"JMLAsMZjDO","user_contact_number":8725031876,"user_email_id":"team2j078mab6c4l@gmail.com","creation_time":"2024-10-12T19:42:15.538+00:00","last_mod_time":"2024-10-12T19:42:15.538+00:00"},{"userAddress":{"addressId":8278,"plotNumber":null,"street":null,"state":null,"country":null,"zipCode":null},"user_id":8310,"user_first_name":"aMAsWoyXuH","user_last_name":"pHauxpcfng","user_contact_number":4169282318,"user_email_id":"team2p68dc01k4l3@gmail.com","creation_time":"2024-10-12T19:42:16.374+00:00","last_mod_time":"2024-10-12T19:42:16.374+00:00"},{"userAddress":{"addressId":8279,"plotNumber":null,"street":null,"state":null,"country":null,"zipCode":null},"user_id":8311,"user_first_name":"QUFLlVDnbS","user_last_name":"zxEFmuusNM","user_contact_number":1201733749,"user_email_id":"team2866dibhm7e7m@gmail.com","creation_time":"2024-10-12T19:42:16.701+00:00","last_mod_time":"2024-10-12T19:42:16.701+00:00"},{"userAddress":{"addressId":8429,"plotNumber":"P1-10","street":"Camden Village","state":"TX","country":"USA","zipCode":12356},"user_id":8461,"user_first_name":"Willie","user_last_name":"Mayert","user_contact_number":3607896190,"user_email_id":"Lera38@hotmail.com","creation_time":"2024-10-13T04:49:40.111+00:00","last_mod_time":"2024-10-13T04:49:40.111+00:00"},{"userAddress":{"addressId":8283,"plotNumber":"pl-23","street":"my Street","state":"Texas","country":"USA","zipCode":75068},"user_id":8315,"user_first_name":"vijaya","user_last_name":"Teamtwo","user_contact_number":1048622120,"user_email_id":"vijimol8p1n143je@gmail.com","creation_time":"2024-10-12T19:58:19.753+00:00","last_mod_time":"2024-10-12T19:58:19.753+00:00"},{"userAddress":{"addressId":8431,"plotNumber":"P1-10","street":"Sylvia Brook","state":"TX","country":"USA","zipCode":12356},"user_id":8463,"user_first_name":"Alexandrine","user_last_name":"Satterfield","user_contact_number":3607896121,"user_email_id":"Myrna_Carroll@yahoo.com","creation_time":"2024-10-13T04:49:41.808+00:00","last_mod_time":"2024-10-13T04:49:41.808+00:00"},{"userAddress":{"addressId":8556,"plotNumber":"P1-10","street":"Isabell Springs","state":"TX","country":"USA","zipCode":12356},"user_id":8588,"user_first_name":"Carolyn","user_last_name":"Johnston","user_contact_number":3607896168,"user_email_id":"Shaniya.Koepp31@hotmail.com","creation_time":"2024-10-13T05:28:48.379+00:00","last_mod_time":"2024-10-13T05:28:48.379+00:00"},{"userAddress":{"addressId":8437,"plotNumber":"P1-10","street":"Casey Lodge","state":"TX","country":"USA","zipCode":12356},"user_id":8469,"user_first_name":"Cornell","user_last_name":"Collins","user_contact_number":3607896107,"user_email_id":"Marley_Bashirian35@gmail.com","creation_time":"2024-10-13T04:50:02.687+00:00","last_mod_time":"2024-10-13T04:50:02.687+00:00"},{"userAddress":{"addressId":8783,"plotNumber":"Pl-11","street":"UpdateSt","state":"OHIO","country":"India","zipCode":88888},"user_id":8815,"user_first_name":"Wendy","user_last_name":"Kirlin","user_contact_number":9282824711,"user_email_id":"Florian10@yahoo.com","creation_time":"2024-10-13T16:58:12.344+00:00","last_mod_time":"2024-10-13T17:19:01.482+00:00"},{"userAddress":{"addressId":8804,"plotNumber":"Bt-11","street":"First St","state":"Texas","country":"USA","zipCode":54877},"user_id":8836,"user_first_name":"Teamthree","user_last_name":"lastName","user_contact_number":2664846352,"user_email_id":"Team35lded28pe69b@gmail.com","creation_time":"2024-10-13T17:44:31.565+00:00","last_mod_time":"2024-10-13T17:44:31.565+00:00"},{"userAddress":{"addressId":8439,"plotNumber":"P1-10","street":"Gislason Ford","state":"TX","country":"USA","zipCode":12356},"user_id":8471,"user_first_name":"Emily","user_last_name":"Predovic","user_contact_number":3607896153,"user_email_id":"Maegan4@hotmail.com","creation_time":"2024-10-13T04:50:04.767+00:00","last_mod_time":"2024-10-13T04:50:04.767+00:00"},{"userAddress":{"addressId":9785,"plotNumber":"ab-12","street":"caminito","state":"california","country":"US","zipCode":null},"user_id":9817,"user_first_name":"Anamika","user_last_name":"Jain","user_contact_number":8888811888,"user_email_id":"Team03Anamika6@gmail.com","creation_time":"2024-10-14T16:55:36.958+00:00","last_mod_time":"2024-10-14T16:55:36.958+00:00"},{"userAddress":{"addressId":8560,"plotNumber":"P1-10","street":"Golda Locks","state":"TX","country":"USA","zipCode":12356},"user_id":8592,"user_first_name":"Sister","user_last_name":"Block","user_contact_number":3607896148,"user_email_id":"Jerrod.Gerhold@hotmail.com","creation_time":"2024-10-13T05:34:39.488+00:00","last_mod_time":"2024-10-13T05:34:39.488+00:00"},{"userAddress":{"addressId":8441,"plotNumber":"P1-10","street":"Savanah Walk","state":"TX","country":"USA","zipCode":12356},"user_id":8473,"user_first_name":"Roberto","user_last_name":"Morissette","user_contact_number":3607896183,"user_email_id":"Vinnie.Hyatt@hotmail.com","creation_time":"2024-10-13T04:50:06.634+00:00","last_mod_time":"2024-10-13T04:50:06.634+00:00"},{"userAddress":{"addressId":8561,"plotNumber":"P1-10","street":"VonRueden Drive","state":"TX","country":"USA","zipCode":12356},"user_id":8593,"user_first_name":"Shanel","user_last_name":"Hansen","user_contact_number":3607896197,"user_email_id":"Isaac_Kunze@hotmail.com","creation_time":"2024-10-13T05:35:49.793+00:00","last_mod_time":"2024-10-13T05:35:49.793+00:00"},{"userAddress":{"addressId":8562,"plotNumber":"P1-10","street":"Jevon Drive","state":"TX","country":"USA","zipCode":12356},"user_id":8594,"user_first_name":"Gonzalo","user_last_name":"Littel","user_contact_number":3607896162,"user_email_id":"Lonnie.Thompson@hotmail.com","creation_time":"2024-10-13T05:38:30.321+00:00","last_mod_time":"2024-10-13T05:38:30.321+00:00"},{"userAddress":{"addressId":8443,"plotNumber":"P1-10","street":"Humberto Street","state":"TX","country":"USA","zipCode":12356},"user_id":8475,"user_first_name":"Brad","user_last_name":"Harvey","user_contact_number":3607896193,"user_email_id":"Will_Fadel@yahoo.com","creation_time":"2024-10-13T04:50:08.283+00:00","last_mod_time":"2024-10-13T04:50:08.283+00:00"},{"userAddress":{"addressId":8806,"plotNumber":"Bt-11","street":"First St","state":"Texas","country":"USA","zipCode":54877},"user_id":8838,"user_first_name":"Teamthree","user_last_name":"lastName","user_contact_number":7184046524,"user_email_id":"Team3mbgb665imo3@gmail.com","creation_time":"2024-10-13T17:45:32.422+00:00","last_mod_time":"2024-10-13T17:45:32.422+00:00"},{"userAddress":{"addressId":8563,"plotNumber":"P1-10","street":"Turcotte Green","state":"NY","country":"USA","zipCode":10081},"user_id":8595,"user_first_name":"Aliza","user_last_name":"Swift","user_contact_number":3607896157,"user_email_id":"Oswald_Feest70@gmail.com","creation_time":"2024-10-13T05:38:56.950+00:00","last_mod_time":"2024-10-13T05:39:53.509+00:00"},{"userAddress":{"addressId":8564,"plotNumber":"P1-10","street":"Johnson Burgs","state":"TX","country":"USA","zipCode":12356},"user_id":8596,"user_first_name":"Sandra","user_last_name":"Marvin","user_contact_number":3607896171,"user_email_id":"Connor_Emard@hotmail.com","creation_time":"2024-10-13T05:40:30.502+00:00","last_mod_time":"2024-10-13T05:40:30.502+00:00"},{"userAddress":{"addressId":8565,"plotNumber":"P1-10","street":"Maximilian Pass","state":"TX","country":"USA","zipCode":12356},"user_id":8597,"user_first_name":"Bill","user_last_name":"Crona","user_contact_number":3607896195,"user_email_id":"Emmanuel55@yahoo.com","creation_time":"2024-10-13T05:40:31.466+00:00","last_mod_time":"2024-10-13T05:40:31.466+00:00"},{"userAddress":{"addressId":8566,"plotNumber":"P1-10","street":"Kreiger Greens","state":"TX","country":"USA","zipCode":12356},"user_id":8598,"user_first_name":"Dewayne","user_last_name":"Osinski","user_contact_number":3607896173,"user_email_id":"Gilberto8@gmail.com","creation_time":"2024-10-13T05:40:35.250+00:00","last_mod_time":"2024-10-13T05:40:35.250+00:00"},{"userAddress":{"addressId":8988,"plotNumber":"Bt-11","street":"First St","state":"Texas","country":"USA","zipCode":54877},"user_id":9020,"user_first_name":"Teamthree","user_last_name":"lastName","user_contact_number":9132099810,"user_email_id":"Team3kaomkip9e7g@gmail.com","creation_time":"2024-10-13T23:16:31.493+00:00","last_mod_time":"2024-10-13T23:16:31.493+00:00"},{"userAddress":{"addressId":8568,"plotNumber":"P1-10","street":"Darren Ports","state":"TX","country":"USA","zipCode":12356},"user_id":8600,"user_first_name":"Vincenzo","user_last_name":"McDermott","user_contact_number":3607896169,"user_email_id":"Marshall99@hotmail.com","creation_time":"2024-10-13T05:42:04.759+00:00","last_mod_time":"2024-10-13T05:42:04.759+00:00"},{"userAddress":{"addressId":8569,"plotNumber":"P1-10","street":"Terence Route","state":"TX","country":"USA","zipCode":12356},"user_id":8601,"user_first_name":"Stewart","user_last_name":"Schoen","user_contact_number":3607896322,"user_email_id":"Joanie.Turcotte@gmail.com","creation_time":"2024-10-13T05:43:25.400+00:00","last_mod_time":"2024-10-13T05:43:25.400+00:00"},{"userAddress":{"addressId":8570,"plotNumber":"P1-10","street":"Walker Spring","state":"TX","country":"USA","zipCode":12356},"user_id":8602,"user_first_name":"Gussie","user_last_name":"Satterfield","user_contact_number":3607896395,"user_email_id":"Yesenia4@hotmail.com","creation_time":"2024-10-13T05:43:27.214+00:00","last_mod_time":"2024-10-13T05:43:27.214+00:00"},{"userAddress":{"addressId":8571,"plotNumber":"P1-10","street":"Willms Courts","state":"TX","country":"USA","zipCode":12356},"user_id":8603,"user_first_name":"Antonette","user_last_name":"Gottlieb","user_contact_number":3607896259,"user_email_id":"Briana_Wisoky23@yahoo.com","creation_time":"2024-10-13T05:43:28.380+00:00","last_mod_time":"2024-10-13T05:43:28.380+00:00"},{"userAddress":{"addressId":8572,"plotNumber":"P1-10","street":"Imani Harbors","state":"TX","country":"USA","zipCode":12356},"user_id":8604,"user_first_name":"Alva","user_last_name":"Stiedemann","user_contact_number":3607896365,"user_email_id":"Katlyn40@gmail.com","creation_time":"2024-10-13T05:43:29.421+00:00","last_mod_time":"2024-10-13T05:43:29.421+00:00"},{"userAddress":{"addressId":8573,"plotNumber":"P1-10","street":"Darrick Loop","state":"TX","country":"USA","zipCode":12356},"user_id":8605,"user_first_name":"Wyatt","user_last_name":"Larson","user_contact_number":3607896202,"user_email_id":"Dallin74@hotmail.com","creation_time":"2024-10-13T05:43:30.411+00:00","last_mod_time":"2024-10-13T05:43:30.411+00:00"},{"userAddress":{"addressId":8994,"plotNumber":"P1-10","street":"Jast Stravenue","state":"TX","country":"USA","zipCode":12356},"user_id":9026,"user_first_name":"Elenora","user_last_name":"Ebert","user_contact_number":3607896274,"user_email_id":"Jaida40@hotmail.com","creation_time":"2024-10-13T23:24:36.891+00:00","last_mod_time":"2024-10-13T23:24:36.891+00:00"},{"userAddress":{"addressId":8995,"plotNumber":"P1-10","street":"Ena River","state":"TX","country":"USA","zipCode":12356},"user_id":9027,"user_first_name":"Raheem","user_last_name":"Prosacco","user_contact_number":3607896218,"user_email_id":"Noelia18@gmail.com","creation_time":"2024-10-13T23:25:08.185+00:00","last_mod_time":"2024-10-13T23:25:08.185+00:00"},{"userAddress":{"addressId":8996,"plotNumber":"P1-10","street":"Barrows Run","state":"TX","country":"USA","zipCode":12356},"user_id":9028,"user_first_name":"Velva","user_last_name":"Labadie","user_contact_number":3607896209,"user_email_id":"Terrence.Cronin@yahoo.com","creation_time":"2024-10-13T23:25:42.069+00:00","last_mod_time":"2024-10-13T23:25:42.069+00:00"},{"userAddress":{"addressId":8912,"plotNumber":"999-K","street":"Aldeburgh","state":"Texas","country":"US","zipCode":23294},"user_id":8944,"user_first_name":"Varalaxmi","user_last_name":"reddy","user_contact_number":8995119971,"user_email_id":"Team05Vara13@gmail.com","creation_time":"2024-10-13T21:26:36.044+00:00","last_mod_time":"2024-10-14T20:32:25.193+00:00"},{"userAddress":{"addressId":8998,"plotNumber":"P1-10","street":"Collier Road","state":"TX","country":"USA","zipCode":12356},"user_id":9030,"user_first_name":"Glennie","user_last_name":"Dooley","user_contact_number":3607896282,"user_email_id":"Earlene_Mohr46@gmail.com","creation_time":"2024-10-13T23:35:57.108+00:00","last_mod_time":"2024-10-13T23:35:57.108+00:00"},{"userAddress":{"addressId":8999,"plotNumber":"P1-10","street":"Thompson Heights","state":"TX","country":"USA","zipCode":12356},"user_id":9031,"user_first_name":"Amiya","user_last_name":"Torp","user_contact_number":3607896331,"user_email_id":"Eusebio94@yahoo.com","creation_time":"2024-10-13T23:36:01.048+00:00","last_mod_time":"2024-10-13T23:36:01.048+00:00"},{"userAddress":{"addressId":7335,"plotNumber":"A-12","street":"street","state":"Texas","country":"re","zipCode":123},"user_id":7368,"user_first_name":"Minni","user_last_name":"Samsons","user_contact_number":1237694564,"user_email_id":"testerlearnyyer4@gmail.com","creation_time":"2024-10-08T21:12:02.411+00:00","last_mod_time":"2024-10-14T00:06:04.332+00:00"},{"userAddress":{"addressId":9000,"plotNumber":"P1-10","street":"Maximus Plains","state":"TX","country":"USA","zipCode":12356},"user_id":9032,"user_first_name":"Raquel","user_last_name":"Osinski","user_contact_number":3607896343,"user_email_id":"Tomasa.Towne@hotmail.com","creation_time":"2024-10-13T23:36:05.114+00:00","last_mod_time":"2024-10-13T23:36:05.114+00:00"},{"userAddress":{"addressId":8840,"plotNumber":"ABC-5","street":"K Avenue","state":"TX","country":"USA","zipCode":75986},"user_id":8872,"user_first_name":"sukram","user_last_name":"Nilam","user_contact_number":2356235621,"user_email_id":"suk.nil@gmail.com","creation_time":"2024-10-13T18:55:05.974+00:00","last_mod_time":"2024-10-13T18:55:05.974+00:00"},{"userAddress":{"addressId":8841,"plotNumber":"S-5","street":"Haidi","state":"CT","country":"USA","zipCode":600000009},"user_id":8873,"user_first_name":"James","user_last_name":"Williams","user_contact_number":4563456321,"user_email_id":"team05jameswilliams@gmail.com","creation_time":"2024-10-13T18:55:26.289+00:00","last_mod_time":"2024-10-13T18:55:26.289+00:00"},{"userAddress":{"addressId":9002,"plotNumber":"P1-10","street":"Cole Shores","state":"TX","country":"USA","zipCode":12356},"user_id":9034,"user_first_name":"Joseph","user_last_name":"Schowalter","user_contact_number":3607896444,"user_email_id":"Arnoldo3@gmail.com","creation_time":"2024-10-13T23:38:59.141+00:00","last_mod_time":"2024-10-13T23:38:59.141+00:00"},{"userAddress":{"addressId":10353,"plotNumber":"pl-35","street":"Cypress Dr","state":"Texas","country":"USA","zipCode":75688},"user_id":10385,"user_first_name":"vijayashree","user_last_name":"Jayakumar","user_contact_number":6576755899,"user_email_id":"vijemail123@gmail.com","creation_time":"2024-10-16T17:41:44.187+00:00","last_mod_time":"2024-10-16T17:41:44.187+00:00"},{"userAddress":{"addressId":10791,"plotNumber":"ab-12","street":"John","state":"Texas","country":"USA","zipCode":60091},"user_id":10823,"user_first_name":"Jill","user_last_name":"QA","user_contact_number":2257784560,"user_email_id":"team5jill@qa.com","creation_time":"2024-10-17T21:59:30.490+00:00","last_mod_time":"2024-10-17T21:59:30.490+00:00"},{"userAddress":{"addressId":10822,"plotNumber":"102-AB","street":"village","state":"CA","country":"USA","zipCode":95671},"user_id":10854,"user_first_name":"veenavv","user_last_name":"papavv","user_contact_number":2200051229,"user_email_id":"veenapapavv@gmail.com","creation_time":"2024-10-17T23:40:58.233+00:00","last_mod_time":"2024-10-17T23:40:58.233+00:00"},{"userAddress":{"addressId":10843,"plotNumber":"Plot-1234","street":"TP Road","state":"IL","country":"USA","zipCode":60004},"user_id":10875,"user_first_name":"TestUserA","user_last_name":"TestData","user_contact_number":2242244001,"user_email_id":"TestUserA.TestData@gmail.com","creation_time":"2024-10-18T00:39:03.786+00:00","last_mod_time":"2024-10-18T00:39:03.786+00:00"},{"userAddress":{"addressId":10844,"plotNumber":"Plot-1234","street":"TP Road","state":"IL","country":"USA","zipCode":60004},"user_id":10876,"user_first_name":"TestUserC","user_last_name":"TestData","user_contact_number":2242244003,"user_email_id":"TestUserC.TestData@gmail.com","creation_time":"2024-10-18T00:39:04.041+00:00","last_mod_time":"2024-10-18T00:39:04.041+00:00"},{"userAddress":{"addressId":9362,"plotNumber":"345-p","street":"sterling","state":"Minnesota","country":null,"zipCode":55032},"user_id":9394,"user_first_name":"ssallsheena","user_last_name":"Hhanena","user_contact_number":6985644871,"user_email_id":"hr3@yahoo.com","creation_time":"2024-10-14T07:30:51.056+00:00","last_mod_time":"2024-10-14T07:30:51.056+00:00"},{"userAddress":{"addressId":9371,"plotNumber":"345-p","street":"sterling","state":"Minnesota","country":"USA","zipCode":null},"user_id":9403,"user_first_name":"ssallsheena","user_last_name":"Hhanena","user_contact_number":6955123571,"user_email_id":"hr13@yahoo.com","creation_time":"2024-10-14T07:49:38.350+00:00","last_mod_time":"2024-10-14T07:49:38.350+00:00"},{"userAddress":{"addressId":9372,"plotNumber":"ab-12","street":"caminito","state":"california","country":"US","zipCode":92128},"user_id":9404,"user_first_name":"Anamika","user_last_name":"Jain","user_contact_number":8888888888,"user_email_id":"Team03Anamika@gmail.com","creation_time":"2024-10-14T07:50:55.585+00:00","last_mod_time":"2024-10-14T07:50:55.585+00:00"},{"userAddress":{"addressId":8780,"plotNumber":"P1-10","street":"Martin Bypass","state":"TX","country":"USA","zipCode":12356},"user_id":8812,"user_first_name":"rajini","user_last_name":"kanth","user_contact_number":3607896455,"user_email_id":"Halle71@yahoo.com","creation_time":"2024-10-13T16:55:23.373+00:00","last_mod_time":"2024-10-13T16:55:23.373+00:00"},{"userAddress":{"addressId":8781,"plotNumber":"Bt-11","street":"First St","state":"Texas","country":"USA","zipCode":54877},"user_id":8813,"user_first_name":"myfirstname","user_last_name":"teamthree","user_contact_number":2469587658,"user_email_id":"Team36apal0ahe23l@gmail.com","creation_time":"2024-10-13T16:56:39.497+00:00","last_mod_time":"2024-10-13T16:56:39.497+00:00"},{"userAddress":{"addressId":8782,"plotNumber":"P1-10","street":"Simeon Cove","state":"NY","country":"USA","zipCode":10081},"user_id":8814,"user_first_name":"Bert","user_last_name":"Wisozk","user_contact_number":3607896315,"user_email_id":"Lenna.Ebert@yahoo.com","creation_time":"2024-10-13T16:57:53.661+00:00","last_mod_time":"2024-10-13T16:57:58.447+00:00"},{"userAddress":{"addressId":8784,"plotNumber":"pl-3","street":"shadow sR","state":"GA","country":"INDIA","zipCode":66466},"user_id":8816,"user_first_name":"testuse","user_last_name":"numpy","user_contact_number":5656565759,"user_email_id":"team5psm14@gmail.com","creation_time":"2024-10-13T17:00:21.383+00:00","last_mod_time":"2024-10-13T17:00:21.383+00:00"},{"userAddress":{"addressId":8911,"plotNumber":"pl-03","street":"Aldeburgh","state":"Texas","country":"US","zipCode":23294},"user_id":8943,"user_first_name":"Varalax","user_last_name":"Reddy","user_contact_number":8995115634,"user_email_id":"1234523@gmail.com","creation_time":"2024-10-13T21:25:07.375+00:00","last_mod_time":"2024-10-13T21:25:07.375+00:00"},{"userAddress":{"addressId":8913,"plotNumber":null,"street":null,"state":null,"country":null,"zipCode":null},"user_id":8945,"user_first_name":"NewfirstName","user_last_name":"lastTrial","user_contact_number":9772771845,"user_email_id":"tommymhn8eand5b3@gmail.com","creation_time":"2024-10-13T21:30:04.222+00:00","last_mod_time":"2024-10-13T21:30:04.222+00:00"},{"userAddress":{"addressId":8918,"plotNumber":"345-p","street":"sterling","state":"Minnesota","country":"Chase","zipCode":55032},"user_id":8950,"user_first_name":"sally","user_last_name":"sheen","user_contact_number":6783896758,"user_email_id":"sap@yahoo.com","creation_time":"2024-10-13T22:05:49.186+00:00","last_mod_time":"2024-10-13T22:05:49.186+00:00"},{"userAddress":{"addressId":8677,"plotNumber":"A-1234","street":"Main St","state":"CA","country":"USA","zipCode":90210},"user_id":8709,"user_first_name":"rs","user_last_name":"sis","user_contact_number":1112223335,"user_email_id":"team04rs@ymail.com","creation_time":"2024-10-13T07:11:56.861+00:00","last_mod_time":"2024-10-13T07:11:56.861+00:00"},{"userAddress":{"addressId":9004,"plotNumber":"P1-10","street":"Jordane Mountains","state":"TX","country":"USA","zipCode":12356},"user_id":9036,"user_first_name":"Kamryn","user_last_name":"Abbott","user_contact_number":1478503690,"user_email_id":"Rodrigo_Ritchie@gmail.com","creation_time":"2024-10-13T23:42:02.290+00:00","last_mod_time":"2024-10-13T23:42:02.290+00:00"},{"userAddress":{"addressId":8789,"plotNumber":"ABC-1234","street":"Main Street","state":"CA","country":"USA","zipCode":90210},"user_id":8821,"user_first_name":"first name","user_last_name":"last name","user_contact_number":1012233445,"user_email_id":"1234@ymail.com","creation_time":"2024-10-13T17:08:19.866+00:00","last_mod_time":"2024-10-13T17:14:42.405+00:00"},{"userAddress":{"addressId":9997,"plotNumber":"p1-01","street":"mainstreet","state":"ny","country":"usa","zipCode":12369},"user_id":10029,"user_first_name":"Werner","user_last_name":"VonRueden","user_contact_number":1114422333,"user_email_id":"Reed_Beer@yahoo.com","creation_time":"2024-10-15T18:32:09.328+00:00","last_mod_time":"2024-10-15T18:32:09.328+00:00"},{"userAddress":{"addressId":8954,"plotNumber":"Y-9","street":"Hawaii","state":"FL","country":"USA","zipCode":60070},"user_id":8986,"user_first_name":"Aarav","user_last_name":"Anand","user_contact_number":8856355389,"user_email_id":"team05ryan09@gmail.com","creation_time":"2024-10-13T22:36:19.234+00:00","last_mod_time":"2024-10-14T16:59:01.298+00:00"},{"userAddress":{"addressId":8989,"plotNumber":"P1-10","street":"Effertz Island","state":"TX","country":"USA","zipCode":12356},"user_id":9021,"user_first_name":"Dino","user_last_name":"Lubowitz","user_contact_number":3607896283,"user_email_id":"Kelli91@gmail.com","creation_time":"2024-10-13T23:16:43.698+00:00","last_mod_time":"2024-10-13T23:16:43.698+00:00"},{"userAddress":{"addressId":8629,"plotNumber":"P1-10","street":"Ratke Bypass","state":"NY","country":"USA","zipCode":10081},"user_id":8661,"user_first_name":"Christiana","user_last_name":"Aufderhar","user_contact_number":3607896897,"user_email_id":"Darrick16@yahoo.com","creation_time":"2024-10-13T06:27:31.384+00:00","last_mod_time":"2024-10-13T06:27:32.525+00:00"},{"userAddress":{"addressId":9787,"plotNumber":null,"street":null,"state":null,"country":null,"zipCode":null},"user_id":9819,"user_first_name":"QnKHdNKfgS","user_last_name":"LtHlfqevAe","user_contact_number":4901190398,"user_email_id":"team2ongn0aigb7il@gmail.com","creation_time":"2024-10-14T17:07:39.146+00:00","last_mod_time":"2024-10-14T17:07:39.146+00:00"},{"userAddress":{"addressId":9788,"plotNumber":null,"street":null,"state":null,"country":null,"zipCode":null},"user_id":9820,"user_first_name":"RGDPHaYTQi","user_last_name":"audQHykZGa","user_contact_number":9043653521,"user_email_id":"team22k04d09gnj0a@gmail.com","creation_time":"2024-10-14T17:07:39.469+00:00","last_mod_time":"2024-10-14T17:07:39.469+00:00"},{"userAddress":{"addressId":9789,"plotNumber":null,"street":null,"state":null,"country":null,"zipCode":null},"user_id":9821,"user_first_name":"ujlEntcdOe","user_last_name":"nYgiAwQYMx","user_contact_number":1735986212,"user_email_id":"team25c0gg5iib5ob@gmail.com","creation_time":"2024-10-14T17:07:39.915+00:00","last_mod_time":"2024-10-14T17:07:39.915+00:00"},{"userAddress":{"addressId":8311,"plotNumber":"pl-23","street":"my Street","state":"Texas","country":"USA","zipCode":75068},"user_id":8343,"user_first_name":"vijaya","user_last_name":"Teamthree","user_contact_number":9661144140,"user_email_id":"vijin01jemfod2ne@gmail.com","creation_time":"2024-10-12T20:48:24.754+00:00","last_mod_time":"2024-10-12T20:48:24.754+00:00"},{"userAddress":{"addressId":10773,"plotNumber":"pl-21","street":"Main street","state":"GA","country":"USA","zipCode":30001},"user_id":10805,"user_first_name":"kiru","user_last_name":"muthu","user_contact_number":4129967890,"user_email_id":"team05kiki@gmail.com","creation_time":"2024-10-17T21:05:56.669+00:00","last_mod_time":"2024-10-17T21:05:56.669+00:00"},{"userAddress":{"addressId":8313,"plotNumber":"pl-23","street":"my Street","state":"Texas","country":"USA","zipCode":75068},"user_id":8345,"user_first_name":"vijaya","user_last_name":"Teamthree","user_contact_number":8983002749,"user_email_id":"vijiee4agmg32hm9@gmail.com","creation_time":"2024-10-12T21:07:16.277+00:00","last_mod_time":"2024-10-12T21:07:16.277+00:00"},{"userAddress":{"addressId":8314,"plotNumber":"P1-10","street":"Runolfsdottir Manors","state":"TX","country":"USA","zipCode":12356},"user_id":8346,"user_first_name":"Brad","user_last_name":"Hickle","user_contact_number":3607896119,"user_email_id":"Maxime_Corkery77@yahoo.com","creation_time":"2024-10-12T21:20:56.473+00:00","last_mod_time":"2024-10-12T21:20:56.473+00:00"},{"userAddress":{"addressId":8315,"plotNumber":"P1-10","street":"Mitchell Highway","state":"TX","country":"USA","zipCode":12356},"user_id":8347,"user_first_name":"Elmira","user_last_name":"Dibbert","user_contact_number":3607896192,"user_email_id":"Ignatius.Christiansen34@gmail.com","creation_time":"2024-10-12T21:20:56.734+00:00","last_mod_time":"2024-10-12T21:20:56.734+00:00"},{"userAddress":{"addressId":8316,"plotNumber":"P1-10","street":"Wilkinson Highway","state":"TX","country":"USA","zipCode":12356},"user_id":8348,"user_first_name":"Alfredo","user_last_name":"Johns","user_contact_number":3607896196,"user_email_id":"Junior3@hotmail.com","creation_time":"2024-10-12T21:21:03.161+00:00","last_mod_time":"2024-10-12T21:21:03.161+00:00"},{"userAddress":{"addressId":8317,"plotNumber":"P1-10","street":"Strosin Isle","state":"TX","country":"USA","zipCode":12356},"user_id":8349,"user_first_name":"Alexzander","user_last_name":"Koch","user_contact_number":3607896189,"user_email_id":"Tyreek10@gmail.com","creation_time":"2024-10-12T21:21:04.231+00:00","last_mod_time":"2024-10-12T21:21:04.231+00:00"},{"userAddress":{"addressId":8318,"plotNumber":"P1-10","street":"Moen Cliff","state":"TX","country":"USA","zipCode":12356},"user_id":8350,"user_first_name":"Elyssa","user_last_name":"Kilback","user_contact_number":3607896113,"user_email_id":"Madalyn11@hotmail.com","creation_time":"2024-10-12T21:21:04.451+00:00","last_mod_time":"2024-10-12T21:21:04.451+00:00"},{"userAddress":{"addressId":8319,"plotNumber":"P1-10","street":"Adrienne Trace","state":"TX","country":"USA","zipCode":12356},"user_id":8351,"user_first_name":"Katlynn","user_last_name":"Trantow","user_contact_number":3607896200,"user_email_id":"Karolann_Batz61@hotmail.com","creation_time":"2024-10-12T21:21:23.990+00:00","last_mod_time":"2024-10-12T21:21:23.990+00:00"},{"userAddress":{"addressId":8320,"plotNumber":"P1-10","street":"Douglas Garden","state":"TX","country":"USA","zipCode":12356},"user_id":8352,"user_first_name":"Carlotta","user_last_name":"Fritsch","user_contact_number":3607896138,"user_email_id":"Kade_Reynolds55@gmail.com","creation_time":"2024-10-12T21:21:25.088+00:00","last_mod_time":"2024-10-12T21:21:25.088+00:00"},{"userAddress":{"addressId":8321,"plotNumber":"P1-10","street":"Omari Mill","state":"TX","country":"USA","zipCode":12356},"user_id":8353,"user_first_name":"Branson","user_last_name":"Brekke","user_contact_number":3607896144,"user_email_id":"Darrick90@gmail.com","creation_time":"2024-10-12T21:21:25.367+00:00","last_mod_time":"2024-10-12T21:21:25.367+00:00"},{"userAddress":{"addressId":8322,"plotNumber":"P1-10","street":"April Village","state":"TX","country":"USA","zipCode":12356},"user_id":8354,"user_first_name":"Vida","user_last_name":"Wintheiser","user_contact_number":3607896103,"user_email_id":"Rowan.Robel76@yahoo.com","creation_time":"2024-10-12T21:24:43.674+00:00","last_mod_time":"2024-10-12T21:24:43.674+00:00"},{"userAddress":{"addressId":8323,"plotNumber":"P1-10","street":"Orville Estates","state":"TX","country":"USA","zipCode":12356},"user_id":8355,"user_first_name":"Emmanuelle","user_last_name":"Schmeler","user_contact_number":3607896136,"user_email_id":"Oral7@yahoo.com","creation_time":"2024-10-12T21:24:55.785+00:00","last_mod_time":"2024-10-12T21:24:55.785+00:00"},{"userAddress":{"addressId":8324,"plotNumber":"P1-10","street":"Lela Keys","state":"TX","country":"USA","zipCode":12356},"user_id":8356,"user_first_name":"Coleman","user_last_name":"Okuneva","user_contact_number":3607896106,"user_email_id":"Abdiel30@hotmail.com","creation_time":"2024-10-12T21:24:57.213+00:00","last_mod_time":"2024-10-12T21:24:57.213+00:00"},{"userAddress":{"addressId":8326,"plotNumber":"P1-10","street":"Kristoffer Pine","state":"TX","country":"USA","zipCode":12356},"user_id":8358,"user_first_name":"Shana","user_last_name":"Schmidt","user_contact_number":3607896172,"user_email_id":"Mack59@yahoo.com","creation_time":"2024-10-12T21:25:01.357+00:00","last_mod_time":"2024-10-12T21:25:01.357+00:00"},{"userAddress":{"addressId":8327,"plotNumber":"P1-10","street":"Feeney Well","state":"TX","country":"USA","zipCode":12356},"user_id":8359,"user_first_name":"Danial","user_last_name":"Bailey","user_contact_number":3607896155,"user_email_id":"Augusta19@gmail.com","creation_time":"2024-10-12T21:25:02.594+00:00","last_mod_time":"2024-10-12T21:25:02.594+00:00"},{"userAddress":{"addressId":10354,"plotNumber":"19-a","street":"Cypress Dr","state":"Texas","country":"USA","zipCode":null},"user_id":10386,"user_first_name":"Vijaya","user_last_name":"TeamTeam","user_contact_number":8625769555,"user_email_id":"team3trial@gmail.com","creation_time":"2024-10-16T18:03:13.569+00:00","last_mod_time":"2024-10-16T18:03:13.569+00:00"},{"userAddress":{"addressId":8329,"plotNumber":"P1-10","street":"Maddison Road","state":"TX","country":"USA","zipCode":12356},"user_id":8361,"user_first_name":"Ellis","user_last_name":"Volkman","user_contact_number":3607896158,"user_email_id":"Cooper.Von@gmail.com","creation_time":"2024-10-12T21:25:41.079+00:00","last_mod_time":"2024-10-12T21:25:41.079+00:00"},{"userAddress":{"addressId":8330,"plotNumber":"P1-10","street":"Langworth Courts","state":"TX","country":"USA","zipCode":12356},"user_id":8362,"user_first_name":"Verna","user_last_name":"Wunsch","user_contact_number":3607896112,"user_email_id":"Marquise67@gmail.com","creation_time":"2024-10-12T21:26:06.190+00:00","last_mod_time":"2024-10-12T21:26:06.190+00:00"},{"userAddress":{"addressId":8735,"plotNumber":"abc-28","street":"vision","state":"illinois","country":"USA","zipCode":60091},"user_id":8767,"user_first_name":"Harry","user_last_name":"Test","user_contact_number":2235561235,"user_email_id":"team051jill@test.com","creation_time":"2024-10-13T16:14:03.116+00:00","last_mod_time":"2024-10-13T16:14:03.817+00:00"},{"userAddress":{"addressId":10380,"plotNumber":"pl-51","street":"vail rd","state":"nj","country":"usa","zipCode":54321},"user_id":10412,"user_first_name":"smitha","user_last_name":"dmaanj","user_contact_number":5121311145,"user_email_id":"sq1102eam5@gmail.com","creation_time":"2024-10-16T19:51:29.567+00:00","last_mod_time":"2024-10-16T19:51:29.567+00:00"},{"userAddress":{"addressId":8400,"plotNumber":"P1-10","street":"Harris Harbors","state":"TX","country":"USA","zipCode":12356},"user_id":8432,"user_first_name":"Tad","user_last_name":"Schuppe","user_contact_number":3607896114,"user_email_id":"Ali.Tremblay@hotmail.com","creation_time":"2024-10-13T04:44:01.575+00:00","last_mod_time":"2024-10-13T04:44:01.575+00:00"},{"userAddress":{"addressId":10381,"plotNumber":"pl-51","street":"vail rd","state":"nj","country":"usa","zipCode":54321},"user_id":10413,"user_first_name":"smitha","user_last_name":"dmaanj","user_contact_number":5321311145,"user_email_id":"sq1103eam5@gmail.com","creation_time":"2024-10-16T19:54:30.331+00:00","last_mod_time":"2024-10-16T19:54:30.331+00:00"},{"userAddress":{"addressId":9790,"plotNumber":null,"street":null,"state":null,"country":null,"zipCode":null},"user_id":9822,"user_first_name":"nCIVTSOmiu","user_last_name":"dqXhNrCDmO","user_contact_number":5328045189,"user_email_id":"team23omc477j2ci8@gmail.com","creation_time":"2024-10-14T17:07:40.252+00:00","last_mod_time":"2024-10-14T17:07:40.252+00:00"},{"userAddress":{"addressId":8816,"plotNumber":"pl-03","street":"Aldeburgh","state":"Texas","country":"US","zipCode":23294},"user_id":8848,"user_first_name":"Varalaxmi","user_last_name":"Reddy","user_contact_number":8995115934,"user_email_id":"Team05Vara6@gmail.com","creation_time":"2024-10-13T18:22:55.853+00:00","last_mod_time":"2024-10-13T18:22:55.853+00:00"},{"userAddress":{"addressId":8403,"plotNumber":"P1-10","street":"Keebler Walks","state":"TX","country":"USA","zipCode":12356},"user_id":8435,"user_first_name":"Jada","user_last_name":"Heidenreich","user_contact_number":3607896188,"user_email_id":"Ardella.Langosh@gmail.com","creation_time":"2024-10-13T04:44:05.253+00:00","last_mod_time":"2024-10-13T04:44:05.253+00:00"},{"userAddress":{"addressId":10067,"plotNumber":"P1-15","street":"Cedar","state":"NY","country":"USA","zipCode":33101},"user_id":10099,"user_first_name":"Duplicate","user_last_name":"User","user_contact_number":5057382112,"user_email_id":"Team03La2John@gmail.com","creation_time":"2024-10-15T21:30:16.446+00:00","last_mod_time":"2024-10-15T21:30:16.446+00:00"},{"userAddress":{"addressId":8334,"plotNumber":"P1-10","street":"Jarvis Mission","state":"NY","country":"USA","zipCode":10081},"user_id":8366,"user_first_name":"Stacey","user_last_name":"Kling","user_contact_number":3607896129,"user_email_id":"Dorris_Weissnat80@yahoo.com","creation_time":"2024-10-12T21:29:38.875+00:00","last_mod_time":"2024-10-12T21:37:14.433+00:00"},{"userAddress":{"addressId":8405,"plotNumber":"P1-10","street":"Donavon Valley","state":"TX","country":"USA","zipCode":12356},"user_id":8437,"user_first_name":"Isom","user_last_name":"Kuhic","user_contact_number":3607896134,"user_email_id":"Ransom.OReilly@gmail.com","creation_time":"2024-10-13T04:44:06.923+00:00","last_mod_time":"2024-10-13T04:44:06.923+00:00"},{"userAddress":{"addressId":8407,"plotNumber":"P1-10","street":"Batz Dale","state":"TX","country":"USA","zipCode":12356},"user_id":8439,"user_first_name":"Kathryne","user_last_name":"Aufderhar","user_contact_number":3607896178,"user_email_id":"Jordy_Tromp@gmail.com","creation_time":"2024-10-13T04:44:08.620+00:00","last_mod_time":"2024-10-13T04:44:08.620+00:00"},{"userAddress":{"addressId":9791,"plotNumber":null,"street":null,"state":null,"country":null,"zipCode":null},"user_id":9823,"user_first_name":"xJCOrnPpQW","user_last_name":"yqgHwINMAX","user_contact_number":1552889614,"user_email_id":"team24f1m0e98d5j5@gmail.com","creation_time":"2024-10-14T17:07:40.514+00:00","last_mod_time":"2024-10-14T17:07:40.514+00:00"},{"userAddress":{"addressId":8410,"plotNumber":"P1-10","street":"Stokes Inlet","state":"TX","country":"USA","zipCode":12356},"user_id":8442,"user_first_name":"Terrance","user_last_name":"Bins","user_contact_number":3607896149,"user_email_id":"Marjolaine.OKeefe58@hotmail.com","creation_time":"2024-10-13T04:44:13.556+00:00","last_mod_time":"2024-10-13T04:44:13.556+00:00"},{"userAddress":{"addressId":8823,"plotNumber":"W-3","street":"Annai","state":"NJ","country":"USA","zipCode":800973},"user_id":8855,"user_first_name":"Nand","user_last_name":"Dhini","user_contact_number":1002319987,"user_email_id":"team05nandhini@gmail.com","creation_time":"2024-10-13T18:33:41.887+00:00","last_mod_time":"2024-10-13T18:33:41.887+00:00"},{"userAddress":{"addressId":10486,"plotNumber":"102-AB","street":"village","state":"CA","country":"USA","zipCode":95671},"user_id":10518,"user_first_name":"reyin","user_last_name":"siin","user_contact_number":2454567779,"user_email_id":"reyinsiin07@gmail.com","creation_time":"2024-10-17T02:42:18.811+00:00","last_mod_time":"2024-10-17T02:42:18.811+00:00"},{"userAddress":{"addressId":8415,"plotNumber":"P1-10","street":"Franco View","state":"TX","country":"USA","zipCode":12356},"user_id":8447,"user_first_name":"Fay","user_last_name":"Monahan","user_contact_number":3607896109,"user_email_id":"Mabelle.Bartell@hotmail.com","creation_time":"2024-10-13T04:44:20.376+00:00","last_mod_time":"2024-10-13T04:44:20.376+00:00"},{"userAddress":{"addressId":8417,"plotNumber":"P1-10","street":"Konopelski Cove","state":"TX","country":"USA","zipCode":12356},"user_id":8449,"user_first_name":"Bartholome","user_last_name":"Beatty","user_contact_number":3607896137,"user_email_id":"Sim_Gleichner31@yahoo.com","creation_time":"2024-10-13T04:44:22.045+00:00","last_mod_time":"2024-10-13T04:44:22.045+00:00"},{"userAddress":{"addressId":8831,"plotNumber":"pl-03","street":"Aldeburgh","state":"Texas","country":"USA","zipCode":23294111},"user_id":8863,"user_first_name":"Varalaxm","user_last_name":"Reddy","user_contact_number":8995118934,"user_email_id":"Team05Vara9@gmail.com","creation_time":"2024-10-13T18:39:26.956+00:00","last_mod_time":"2024-10-13T18:39:26.956+00:00"},{"userAddress":{"addressId":10487,"plotNumber":"19-a","street":"Cypress Dr","state":"Texas","country":"USA","zipCode":null},"user_id":10519,"user_first_name":"Vijaya","user_last_name":"TeamThree","user_contact_number":5647112080,"user_email_id":"arturo.heathcote@example.com","creation_time":"2024-10-17T02:45:15.613+00:00","last_mod_time":"2024-10-17T02:45:15.613+00:00"},{"userAddress":{"addressId":8419,"plotNumber":"P1-10","street":"Blick Hill","state":"TX","country":"USA","zipCode":12356},"user_id":8451,"user_first_name":"Camila","user_last_name":"Roberts","user_contact_number":3607896167,"user_email_id":"Vita9@hotmail.com","creation_time":"2024-10-13T04:47:01.448+00:00","last_mod_time":"2024-10-13T04:47:01.448+00:00"},{"userAddress":{"addressId":10488,"plotNumber":"19-a","street":"Cypress Dr","state":"Texas","country":"USA","zipCode":null},"user_id":10520,"user_first_name":"Vijaya","user_last_name":"TeamThree","user_contact_number":5755044903,"user_email_id":"virgilio.quigley@example.com","creation_time":"2024-10-17T02:45:16.473+00:00","last_mod_time":"2024-10-17T02:45:16.473+00:00"},{"userAddress":{"addressId":10489,"plotNumber":"102-AB","street":"village","state":"CA","country":"USA","zipCode":95671},"user_id":10521,"user_first_name":"reyinn","user_last_name":"siinn","user_contact_number":2454560009,"user_email_id":"reyinnsiinn@gmail.com","creation_time":"2024-10-17T02:47:11.090+00:00","last_mod_time":"2024-10-17T02:47:11.090+00:00"},{"userAddress":{"addressId":8450,"plotNumber":"P1-10","street":"Cathy Wells","state":"TX","country":"USA","zipCode":12356},"user_id":8482,"user_first_name":"Antonette","user_last_name":"Hagenes","user_contact_number":3607896150,"user_email_id":"Demetris52@hotmail.com","creation_time":"2024-10-13T04:52:34.599+00:00","last_mod_time":"2024-10-13T04:52:34.599+00:00"},{"userAddress":{"addressId":8848,"plotNumber":"ABC-5","street":"null","state":"null","country":"null","zipCode":null},"user_id":8880,"user_first_name":"Amar","user_last_name":"marwa","user_contact_number":2312231212,"user_email_id":"amrwa@gmail.com","creation_time":"2024-10-13T19:06:05.161+00:00","last_mod_time":"2024-10-13T19:06:05.161+00:00"},{"userAddress":{"addressId":8452,"plotNumber":"P1-10","street":"VonRueden Oval","state":"TX","country":"USA","zipCode":12356},"user_id":8484,"user_first_name":"Layla","user_last_name":"Wisoky","user_contact_number":3607896127,"user_email_id":"Norbert.Stracke8@hotmail.com","creation_time":"2024-10-13T04:52:36.175+00:00","last_mod_time":"2024-10-13T04:52:36.175+00:00"},{"userAddress":{"addressId":7256,"plotNumber":"75-b","street":"Swckhammer way","state":"Texas","country":"USA","zipCode":7845},"user_id":7289,"user_first_name":"AnbuselviTesting","user_last_name":"TestingTwo","user_contact_number":2017550885,"user_email_id":"usjerseytesting@gmail.com","creation_time":"2024-10-08T01:35:53.338+00:00","last_mod_time":"2024-10-13T18:47:36.037+00:00"},{"userAddress":{"addressId":8454,"plotNumber":"P1-10","street":"Heaney Meadows","state":"TX","country":"USA","zipCode":12356},"user_id":8486,"user_first_name":"Jazmyn","user_last_name":"Welch","user_contact_number":3607896130,"user_email_id":"Karley.Senger@yahoo.com","creation_time":"2024-10-13T04:52:37.818+00:00","last_mod_time":"2024-10-13T04:52:37.818+00:00"},{"userAddress":{"addressId":8770,"plotNumber":"Bt-11","street":"First St","state":"Texas","country":"USA","zipCode":54657},"user_id":8802,"user_first_name":"myfirstname","user_last_name":"teamthree","user_contact_number":4393989662,"user_email_id":"Team36h27f00f3m26@gmail.com","creation_time":"2024-10-13T16:50:07.651+00:00","last_mod_time":"2024-10-13T16:50:07.651+00:00"},{"userAddress":{"addressId":8843,"plotNumber":"plot-05","street":"john","state":"texas","country":"USA","zipCode":60092},"user_id":8875,"user_first_name":"Para","user_last_name":"QA","user_contact_number":2285641730,"user_email_id":"manalitest03@qa.com","creation_time":"2024-10-13T19:00:23.662+00:00","last_mod_time":"2024-10-13T19:02:11.405+00:00"},{"userAddress":{"addressId":8753,"plotNumber":"Bt-11","street":"First St","state":"Texas","country":"USA","zipCode":54657},"user_id":8785,"user_first_name":"myfirstname","user_last_name":"teamthree","user_contact_number":4791293707,"user_email_id":"Team3molh80g5apk@gmail.com","creation_time":"2024-10-13T16:36:01.386+00:00","last_mod_time":"2024-10-13T16:36:01.386+00:00"},{"userAddress":{"addressId":8745,"plotNumber":"Bt-11","street":"First St","state":"Texas","country":"USA","zipCode":54657},"user_id":8777,"user_first_name":"myfirstname","user_last_name":"null","user_contact_number":5470885028,"user_email_id":"Team3jk31cag24mhg@gmail.com","creation_time":"2024-10-13T16:32:22.401+00:00","last_mod_time":"2024-10-13T16:32:22.401+00:00"},{"userAddress":{"addressId":8852,"plotNumber":"F-1","street":"Deibolt","state":"CT","country":"USA","zipCode":60098},"user_id":8884,"user_first_name":"Noah","user_last_name":"Montanez","user_contact_number":9788796435,"user_email_id":"team05noahmontanez@gmail.com","creation_time":"2024-10-13T19:15:03.177+00:00","last_mod_time":"2024-10-13T19:15:03.177+00:00"},{"userAddress":{"addressId":8756,"plotNumber":"Bt-11","street":"First St","state":"Texas","country":"USA","zipCode":54657},"user_id":8788,"user_first_name":"myfirstname","user_last_name":"teamthree","user_contact_number":4879592222,"user_email_id":"Team33oehfhbgkj2f@gmail.com","creation_time":"2024-10-13T16:37:06.382+00:00","last_mod_time":"2024-10-13T16:37:06.382+00:00"},{"userAddress":{"addressId":9644,"plotNumber":"PL-121","street":"Alderbranch","state":"NC","country":"USA","zipCode":27529},"user_id":9676,"user_first_name":"Sowjanya","user_last_name":"Ponugoti","user_contact_number":2313110356,"user_email_id":"Team04Sowjanya@gmail.com","creation_time":"2024-10-14T14:14:01.168+00:00","last_mod_time":"2024-10-14T14:14:01.168+00:00"},{"userAddress":{"addressId":8771,"plotNumber":"Bt-11","street":"First St","state":"Texas","country":"USA","zipCode":54877},"user_id":8803,"user_first_name":"myfirstname","user_last_name":"teamthree","user_contact_number":6957561360,"user_email_id":"Team3f380ag5b4mbf@gmail.com","creation_time":"2024-10-13T16:50:27.209+00:00","last_mod_time":"2024-10-13T16:50:27.209+00:00"},{"userAddress":{"addressId":8759,"plotNumber":"Bt-11","street":"First St","state":"Texas","country":"USA","zipCode":54657},"user_id":8791,"user_first_name":"myfirstname","user_last_name":"teamthree","user_contact_number":1513920688,"user_email_id":"Team3g22glegcd5d8@gmail.com","creation_time":"2024-10-13T16:39:25.830+00:00","last_mod_time":"2024-10-13T16:39:25.830+00:00"},{"userAddress":{"addressId":8761,"plotNumber":"Bt-11","street":"First St","state":"Texas","country":"USA","zipCode":54657},"user_id":8793,"user_first_name":"myfirstname","user_last_name":"teamthree","user_contact_number":3864311711,"user_email_id":"Team33kjkd628l9h9@gmail.com","creation_time":"2024-10-13T16:40:13.749+00:00","last_mod_time":"2024-10-13T16:40:13.749+00:00"},{"userAddress":{"addressId":8902,"plotNumber":"ABC-5","street":"K Avenue","state":"TX","country":"USA","zipCode":75986},"user_id":8934,"user_first_name":"madhu","user_last_name":"kanan","user_contact_number":2897458458,"user_email_id":"madhuk2@gmail.com","creation_time":"2024-10-13T21:07:22.857+00:00","last_mod_time":"2024-10-13T21:07:22.857+00:00"},{"userAddress":{"addressId":9197,"plotNumber":"p1-05","street":"teaole","state":"Tx","country":"USA","zipCode":34355},"user_id":9229,"user_first_name":"FirstN","user_last_name":"lasTn","user_contact_number":1345678073,"user_email_id":"blali456@gmail.com","creation_time":"2024-10-14T05:22:49.483+00:00","last_mod_time":"2024-10-14T05:22:49.483+00:00"},{"userAddress":{"addressId":7671,"plotNumber":"23-abc","street":"Foster street","state":"jhjkdlshf","country":"USA","zipCode":1},"user_id":7703,"user_first_name":"Michael B","user_last_name":"Jackson","user_contact_number":8701563487,"user_email_id":"MichaelB@gmail.com","creation_time":"2024-10-10T20:53:37.762+00:00","last_mod_time":"2024-10-14T15:10:20.983+00:00"},{"userAddress":{"addressId":9660,"plotNumber":"P1-110","street":"Collins Terrace","state":"TX","country":"USA","zipCode":12356},"user_id":9692,"user_first_name":"Tom","user_last_name":"Lehner","user_contact_number":3607896789,"user_email_id":"Brigitte_Morissette@hotmail.com","creation_time":"2024-10-14T15:10:40.919+00:00","last_mod_time":"2024-10-14T15:10:40.919+00:00"},{"userAddress":{"addressId":8914,"plotNumber":"Bt-11","street":"First St","state":"Texas","country":"USA","zipCode":54877},"user_id":8946,"user_first_name":"Teamthree","user_last_name":"lastName","user_contact_number":1534940624,"user_email_id":"Team3cjhio0c9c047@gmail.com","creation_time":"2024-10-13T21:37:05.054+00:00","last_mod_time":"2024-10-13T21:37:05.054+00:00"},{"userAddress":{"addressId":9198,"plotNumber":"Jo-708","street":"united drive","state":"texas","country":"USA","zipCode":75078},"user_id":9230,"user_first_name":"Jyoti","user_last_name":"Handore","user_contact_number":4693461038,"user_email_id":"handorejyoti8@gmail.com","creation_time":"2024-10-14T05:25:39.968+00:00","last_mod_time":"2024-10-14T05:25:39.968+00:00"},{"userAddress":{"addressId":9208,"plotNumber":"Jooo-708","street":"united drive","state":"texas","country":"USA","zipCode":75078},"user_id":9240,"user_first_name":"jyoti","user_last_name":"Handore","user_contact_number":6693461038,"user_email_id":"handorejyoti81@gmail.com","creation_time":"2024-10-14T05:32:24.548+00:00","last_mod_time":"2024-10-14T05:32:24.548+00:00"},{"userAddress":{"addressId":9132,"plotNumber":"P1-10","street":"Schimmel Skyway","state":"TX","country":"USA","zipCode":12356},"user_id":9164,"user_first_name":"Alysa","user_last_name":"Franecki","user_contact_number":3607896166,"user_email_id":"Teagan_Donnelly@gmail.com","creation_time":"2024-10-14T04:12:55.490+00:00","last_mod_time":"2024-10-14T04:12:55.490+00:00"},{"userAddress":{"addressId":9016,"plotNumber":"A-12","street":"Street","state":"Texas","country":"USA","zipCode":12345},"user_id":9048,"user_first_name":"Minni","user_last_name":"Samsons","user_contact_number":1200555892,"user_email_id":"minnijames22@gmail.com","creation_time":"2024-10-14T00:15:43.897+00:00","last_mod_time":"2024-10-14T00:15:43.897+00:00"},{"userAddress":{"addressId":9017,"plotNumber":"Bt-11","street":"First St","state":"Texas","country":"USA","zipCode":54877},"user_id":9049,"user_first_name":"Teamthree","user_last_name":"lastName","user_contact_number":5910704711,"user_email_id":"Team3008l03nb84c7eh@gmail.com","creation_time":"2024-10-14T00:20:05.226+00:00","last_mod_time":"2024-10-14T00:20:05.226+00:00"},{"userAddress":{"addressId":9646,"plotNumber":"PL-121","street":"Alderbranch","state":"NC","country":null,"zipCode":27529},"user_id":9678,"user_first_name":"Sowjanya","user_last_name":"Ponugoti","user_contact_number":2313110344,"user_email_id":"Team04Sowjanya11@gmail.com","creation_time":"2024-10-14T14:24:21.556+00:00","last_mod_time":"2024-10-14T14:24:21.556+00:00"},{"userAddress":{"addressId":9647,"plotNumber":"PL-121","street":"Alderbranch","state":"NC","country":"USA","zipCode":275292345},"user_id":9679,"user_first_name":"Sowjanya","user_last_name":"Ponugoti","user_contact_number":2313005678,"user_email_id":"Team03Sowjanya@gmail.com","creation_time":"2024-10-14T14:27:42.194+00:00","last_mod_time":"2024-10-14T14:27:42.194+00:00"},{"userAddress":{"addressId":9648,"plotNumber":"PL-121","street":"Alderbranch","state":"NC","country":"USA","zipCode":27529234545},"user_id":9680,"user_first_name":"Sowjanya","user_last_name":"Ponugoti","user_contact_number":2313005677,"user_email_id":"Team02Sowjanya@gmail.com","creation_time":"2024-10-14T14:28:54.270+00:00","last_mod_time":"2024-10-14T14:28:54.270+00:00"},{"userAddress":{"addressId":9020,"plotNumber":"ABC-5","street":"K Avenue","state":"TX","country":"USA","zipCode":75986},"user_id":9052,"user_first_name":"madhu","user_last_name":"kanann","user_contact_number":2897458448,"user_email_id":"madhuk3@gmail.com","creation_time":"2024-10-14T00:49:51.955+00:00","last_mod_time":"2024-10-14T00:49:51.955+00:00"},{"userAddress":{"addressId":9793,"plotNumber":null,"street":null,"state":null,"country":null,"zipCode":null},"user_id":9825,"user_first_name":"iMIenmAnla","user_last_name":"wOULAFOXli","user_contact_number":6340523321,"user_email_id":"team298d5o2ngn59g@gmail.com","creation_time":"2024-10-14T17:07:41.218+00:00","last_mod_time":"2024-10-14T17:07:41.218+00:00"},{"userAddress":{"addressId":9794,"plotNumber":null,"street":null,"state":null,"country":null,"zipCode":null},"user_id":9826,"user_first_name":"OJwlGqPbnP","user_last_name":"BkoCAaFLpt","user_contact_number":6884868185,"user_email_id":"team2no1ilk68nf2@gmail.com","creation_time":"2024-10-14T17:07:41.477+00:00","last_mod_time":"2024-10-14T17:07:41.477+00:00"},{"userAddress":{"addressId":9651,"plotNumber":"ABC-5","street":"K Avenue","state":"TX","country":"USA","zipCode":75986},"user_id":9683,"user_first_name":"madhumati","user_last_name":"kanann","user_contact_number":2857338298,"user_email_id":"madhu@gmail.com","creation_time":"2024-10-14T14:46:34.551+00:00","last_mod_time":"2024-10-14T14:46:34.551+00:00"},{"userAddress":{"addressId":9146,"plotNumber":"P1-10","street":"Ayana Lane","state":"TX","country":"USA","zipCode":12356},"user_id":9178,"user_first_name":"Cara","user_last_name":"Stehr","user_contact_number":3607896181,"user_email_id":"Maymie.Orn2@hotmail.com","creation_time":"2024-10-14T04:25:17.071+00:00","last_mod_time":"2024-10-14T04:25:17.071+00:00"},{"userAddress":{"addressId":9147,"plotNumber":"P1-10","street":"Ramon Corner","state":"TX","country":"USA","zipCode":12356},"user_id":9179,"user_first_name":"Delilah","user_last_name":"Klein","user_contact_number":3607896124,"user_email_id":"Arjun.Klocko@yahoo.com","creation_time":"2024-10-14T04:27:34.595+00:00","last_mod_time":"2024-10-14T04:27:34.595+00:00"},{"userAddress":{"addressId":9025,"plotNumber":"ABC-5","street":"K Avenue","state":"TX","country":"USA","zipCode":75986},"user_id":9057,"user_first_name":"madhumati","user_last_name":"kanann","user_contact_number":2897458498,"user_email_id":"madhuk5@gmail.com","creation_time":"2024-10-14T01:20:03.344+00:00","last_mod_time":"2024-10-14T01:20:03.344+00:00"},{"userAddress":{"addressId":9026,"plotNumber":"p-11","street":"Lontree","state":"California","country":"null","zipCode":95678},"user_id":9058,"user_first_name":"abi","user_last_name":"arav","user_contact_number":9923333776,"user_email_id":"abi@gmail.com","creation_time":"2024-10-14T01:24:47.646+00:00","last_mod_time":"2024-10-14T01:24:47.646+00:00"},{"userAddress":{"addressId":9151,"plotNumber":null,"street":"cherry","state":"virginia","country":"USA","zipCode":20166},"user_id":9183,"user_first_name":"Somya","user_last_name":"rani","user_contact_number":7049339080,"user_email_id":"apiteam4@gmail.com","creation_time":"2024-10-14T04:28:43.229+00:00","last_mod_time":"2024-10-14T04:28:43.229+00:00"},{"userAddress":{"addressId":9031,"plotNumber":"p-11","street":"Lontree","state":"California","country":"USA","zipCode":9578},"user_id":9063,"user_first_name":"Mehna","user_last_name":"Mania","user_contact_number":9955887776,"user_email_id":"Mehna@gmail.com","creation_time":"2024-10-14T01:37:53.711+00:00","last_mod_time":"2024-10-14T01:37:53.711+00:00"},{"userAddress":{"addressId":9153,"plotNumber":"pl-3","street":"shadow sR","state":"GA","country":"INDIA","zipCode":66466},"user_id":9185,"user_first_name":"firstname","user_last_name":"numpy","user_contact_number":5656505790,"user_email_id":"team5psm151@gmail.com","creation_time":"2024-10-14T04:29:16.709+00:00","last_mod_time":"2024-10-14T04:29:16.709+00:00"},{"userAddress":{"addressId":9664,"plotNumber":"P1-110","street":"Daniela Crest","state":"TX","country":"USA","zipCode":12356},"user_id":9696,"user_first_name":"Judson","user_last_name":"Huel","user_contact_number":3607896276,"user_email_id":"Chaz5@yahoo.com","creation_time":"2024-10-14T15:11:18.787+00:00","last_mod_time":"2024-10-14T15:11:18.787+00:00"},{"userAddress":{"addressId":9619,"plotNumber":"ABC-5","street":"K Avenue","state":"TX","country":"USA","zipCode":75986},"user_id":9651,"user_first_name":"madhumati","user_last_name":"kanann","user_contact_number":2857338498,"user_email_id":"madhuk8@gmail.com","creation_time":"2024-10-14T13:22:08.173+00:00","last_mod_time":"2024-10-14T13:22:08.173+00:00"},{"userAddress":{"addressId":9156,"plotNumber":"P1-10","street":"Green Rue","state":"TX","country":"USA","zipCode":12356},"user_id":9188,"user_first_name":"Veda","user_last_name":"Jacobi","user_contact_number":3607896122,"user_email_id":"Tracey99@hotmail.com","creation_time":"2024-10-14T04:35:12.569+00:00","last_mod_time":"2024-10-14T04:35:12.569+00:00"},{"userAddress":{"addressId":10490,"plotNumber":"102-AB","street":"village","state":"CA","country":"USA","zipCode":95671},"user_id":10522,"user_first_name":"kkk","user_last_name":"vv","user_contact_number":2004560009,"user_email_id":"kkvv@gmail.com","creation_time":"2024-10-17T02:49:01.243+00:00","last_mod_time":"2024-10-17T02:49:01.243+00:00"},{"userAddress":{"addressId":9666,"plotNumber":"P1-110","street":"Angela Underpass","state":"TX","country":"USA","zipCode":12356},"user_id":9698,"user_first_name":"Pietro","user_last_name":"Stoltenberg","user_contact_number":3607896420,"user_email_id":"Amparo5@hotmail.com","creation_time":"2024-10-14T15:11:22.893+00:00","last_mod_time":"2024-10-14T15:11:22.893+00:00"},{"userAddress":{"addressId":9036,"plotNumber":"p-11","street":"Lontree","state":"California","country":"USA","zipCode":978},"user_id":9068,"user_first_name":"Resh","user_last_name":"rohan","user_contact_number":9955887336,"user_email_id":"Resh@gmail.com","creation_time":"2024-10-14T01:41:58.039+00:00","last_mod_time":"2024-10-14T01:41:58.039+00:00"},{"userAddress":{"addressId":9686,"plotNumber":"pl-2","street":"shadow sR","state":"GA","country":"INDIA","zipCode":66466},"user_id":9718,"user_first_name":"zarass","user_last_name":"patricc","user_contact_number":5834567476,"user_email_id":"zaraateste124@gmail.com","creation_time":"2024-10-14T15:48:55.352+00:00","last_mod_time":"2024-10-14T15:48:55.352+00:00"},{"userAddress":{"addressId":10491,"plotNumber":"102-AB","street":"village","state":"CA","country":"USA","zipCode":95671},"user_id":10523,"user_first_name":"reyanshs","user_last_name":"sirangu","user_contact_number":2004550009,"user_email_id":"reyanshs@gmail.com","creation_time":"2024-10-17T02:51:28.334+00:00","last_mod_time":"2024-10-17T02:51:28.334+00:00"},{"userAddress":{"addressId":9668,"plotNumber":"23-abc","street":"Foster street","state":"jhjkdlshf","country":"USA","zipCode":null},"user_id":9700,"user_first_name":"Michael N","user_last_name":"Jackson J","user_contact_number":8501173487,"user_email_id":"MichaelN@gmail.com","creation_time":"2024-10-14T15:18:51.161+00:00","last_mod_time":"2024-10-14T15:18:51.161+00:00"},{"userAddress":{"addressId":9669,"plotNumber":null,"street":"spring","state":"virginia","country":"USA","zipCode":20166},"user_id":9701,"user_first_name":"Reshma","user_last_name":"Ranii","user_contact_number":6047889080,"user_email_id":"sehnarani1@gmail.com","creation_time":"2024-10-14T15:18:55.053+00:00","last_mod_time":"2024-10-14T15:18:55.053+00:00"},{"userAddress":{"addressId":9670,"plotNumber":"PL-131","street":"Alderbranch","state":"NC","country":"USA","zipCode":27529234545},"user_id":9702,"user_first_name":"Sangeetha","user_last_name":"Ponugoti","user_contact_number":2313005688,"user_email_id":"Team02Sowjanya45@gmail.com","creation_time":"2024-10-14T15:19:23.845+00:00","last_mod_time":"2024-10-14T15:19:23.845+00:00"},{"userAddress":{"addressId":9015,"plotNumber":"p-121","street":"Lontree","state":"California","country":"USA","zipCode":95678},"user_id":9047,"user_first_name":"seetha","user_last_name":"vishwa","user_contact_number":9998887776,"user_email_id":"seetha@gmail.com","creation_time":"2024-10-14T00:14:16.562+00:00","last_mod_time":"2024-10-14T02:04:41.955+00:00"},{"userAddress":{"addressId":9041,"plotNumber":"123-A","street":"Main Street","state":"PA","country":"USA","zipCode":12534},"user_id":9073,"user_first_name":"Neam","user_last_name":"Aide","user_contact_number":9231235468,"user_email_id":"stringabc@yahoo.com","creation_time":"2024-10-14T02:07:18.148+00:00","last_mod_time":"2024-10-14T02:07:18.148+00:00"},{"userAddress":{"addressId":9671,"plotNumber":"23-abc","street":"Foster street","state":"jhjkdlshf","country":"USA","zipCode":1234567},"user_id":9703,"user_first_name":"Michael F","user_last_name":"Jackson","user_contact_number":8801673487,"user_email_id":"24325234562@123.com","creation_time":"2024-10-14T15:20:30.448+00:00","last_mod_time":"2024-10-14T15:20:30.448+00:00"},{"userAddress":{"addressId":10492,"plotNumber":"102-AB","street":"village","state":"CA","country":"USA","zipCode":95671},"user_id":10524,"user_first_name":"reyanshss","user_last_name":"sirangus","user_contact_number":2004551119,"user_email_id":"reyanshsr@gmail.com","creation_time":"2024-10-17T02:52:47.844+00:00","last_mod_time":"2024-10-17T02:52:47.844+00:00"},{"userAddress":{"addressId":10493,"plotNumber":"19-a","street":"Cypress Dr","state":"Texas","country":"USA","zipCode":null},"user_id":10525,"user_first_name":"Vijaya","user_last_name":"TeamThree","user_contact_number":5778524224,"user_email_id":"branden.metz@example.com","creation_time":"2024-10-17T02:53:12.281+00:00","last_mod_time":"2024-10-17T02:53:12.281+00:00"},{"userAddress":{"addressId":10494,"plotNumber":"19-a","street":"Cypress Dr","state":"Texas","country":"USA","zipCode":null},"user_id":10526,"user_first_name":"Vijaya","user_last_name":"TeamThree","user_contact_number":5997245605,"user_email_id":"randy.lindgren@example.com","creation_time":"2024-10-17T02:53:13.103+00:00","last_mod_time":"2024-10-17T02:53:13.103+00:00"},{"userAddress":{"addressId":9047,"plotNumber":"123165-A","street":"Main Street","state":"PA","country":"USA","zipCode":12534},"user_id":9079,"user_first_name":"Naomi","user_last_name":"Jason","user_contact_number":9231235436,"user_email_id":"stringhgabc@yahoo.com","creation_time":"2024-10-14T02:18:26.558+00:00","last_mod_time":"2024-10-14T02:18:26.558+00:00"},{"userAddress":{"addressId":10495,"plotNumber":"102-AB","street":"village","state":"CA","country":"USA","zipCode":95671},"user_id":10527,"user_first_name":"manasuru","user_last_name":"sirangusmanu","user_contact_number":2220051119,"user_email_id":"manusuru@gmail.com","creation_time":"2024-10-17T02:54:22.115+00:00","last_mod_time":"2024-10-17T02:54:22.115+00:00"},{"userAddress":{"addressId":9050,"plotNumber":"P1-10","street":"Hessel Tunnel","state":"TX","country":"USA","zipCode":12356},"user_id":9082,"user_first_name":"Ashton","user_last_name":"Kreiger","user_contact_number":9478503690,"user_email_id":"Oswald_Franecki@hotmail.com","creation_time":"2024-10-14T02:22:46.445+00:00","last_mod_time":"2024-10-14T02:22:46.445+00:00"},{"userAddress":{"addressId":9055,"plotNumber":"P1-10","street":"Crist Manor","state":"TX","country":"USA","zipCode":12356},"user_id":9087,"user_first_name":"Rosalyn","user_last_name":"Stamm","user_contact_number":9478503695,"user_email_id":"Cordelia.Rempel@hotmail.com","creation_time":"2024-10-14T02:25:01.911+00:00","last_mod_time":"2024-10-14T02:25:01.911+00:00"},{"userAddress":{"addressId":9810,"plotNumber":"P1-110","street":"Gulgowski Expressway","state":"TX","country":"USA","zipCode":12356},"user_id":9842,"user_first_name":"Herminia","user_last_name":"Mertz","user_contact_number":3607896176,"user_email_id":"Hester91@hotmail.com","creation_time":"2024-10-14T17:29:05.760+00:00","last_mod_time":"2024-10-14T17:29:05.760+00:00"},{"userAddress":{"addressId":9680,"plotNumber":"pl-2","street":"shadow sR","state":"GA","country":"INDIA","zipCode":66466},"user_id":9712,"user_first_name":"zaras","user_last_name":"patric","user_contact_number":5834567475,"user_email_id":"zaraateste121@gmail.com","creation_time":"2024-10-14T15:44:32.433+00:00","last_mod_time":"2024-10-14T15:44:32.433+00:00"},{"userAddress":{"addressId":9059,"plotNumber":"P1-10","street":"Gislason Hill","state":"TX","country":"USA","zipCode":12356},"user_id":9091,"user_first_name":"Cole","user_last_name":"Spinka","user_contact_number":6478503695,"user_email_id":"Winston.Beer@hotmail.com","creation_time":"2024-10-14T02:27:14.884+00:00","last_mod_time":"2024-10-14T02:27:14.884+00:00"},{"userAddress":{"addressId":9812,"plotNumber":"P1-110","street":"Savion Island","state":"TX","country":"USA","zipCode":12356},"user_id":9844,"user_first_name":"Zaria","user_last_name":"Champlin","user_contact_number":3607896825,"user_email_id":"Chandler_Borer@hotmail.com","creation_time":"2024-10-14T17:29:09.280+00:00","last_mod_time":"2024-10-14T17:29:09.280+00:00"},{"userAddress":{"addressId":9062,"plotNumber":"P1-10","street":"Weber Cliffs","state":"TX","country":"USA","zipCode":12356},"user_id":9094,"user_first_name":"Talia","user_last_name":"Ratke","user_contact_number":3478503695,"user_email_id":"Hardy82@hotmail.com","creation_time":"2024-10-14T02:28:23.529+00:00","last_mod_time":"2024-10-14T02:28:23.529+00:00"},{"userAddress":{"addressId":9064,"plotNumber":"P1-10","street":"Funk Island","state":"TX","country":"USA","zipCode":12356},"user_id":9096,"user_first_name":"Fredrick","user_last_name":"Franecki","user_contact_number":4478503695,"user_email_id":"Elyssa_Larkin39@yahoo.com","creation_time":"2024-10-14T02:30:04.017+00:00","last_mod_time":"2024-10-14T02:30:04.017+00:00"},{"userAddress":{"addressId":9066,"plotNumber":"abc-123","street":"kentwood","state":"michigan","country":"usa","zipCode":49315},"user_id":9098,"user_first_name":"neha","user_last_name":"jain","user_contact_number":2456789071,"user_email_id":"nehaj2408@gmail.com","creation_time":"2024-10-14T02:37:34.314+00:00","last_mod_time":"2024-10-14T02:37:34.314+00:00"},{"userAddress":{"addressId":9814,"plotNumber":"P1-110","street":"Oberbrunner Mountain","state":"TX","country":"USA","zipCode":12356},"user_id":9846,"user_first_name":"Casimer","user_last_name":"Sipes","user_contact_number":3607896290,"user_email_id":"Eloisa46@hotmail.com","creation_time":"2024-10-14T17:29:15.727+00:00","last_mod_time":"2024-10-14T17:29:15.727+00:00"},{"userAddress":{"addressId":9687,"plotNumber":"P1-10","street":"Gottlieb Mount","state":"TX","country":"USA","zipCode":12356},"user_id":9719,"user_first_name":"Chelsea","user_last_name":"Flatley","user_contact_number":1234567890,"user_email_id":"Lorine_Russel16@hotmail.com","creation_time":"2024-10-14T15:53:19.307+00:00","last_mod_time":"2024-10-14T15:53:19.307+00:00"},{"userAddress":{"addressId":9065,"plotNumber":"153-A","street":"Main Street","state":"PA","country":"USA","zipCode":12534},"user_id":9097,"user_first_name":"Manny","user_last_name":"Jason","user_contact_number":9231698396,"user_email_id":"stringsgabc@yahoo.com","creation_time":"2024-10-14T02:35:47.693+00:00","last_mod_time":"2024-10-14T02:49:35.166+00:00"},{"userAddress":{"addressId":9689,"plotNumber":"P1-110","street":"Lucy Court","state":"TX","country":"USA","zipCode":12356},"user_id":9721,"user_first_name":"Bonnie","user_last_name":"MacGyver","user_contact_number":3607896236,"user_email_id":"Kari_Hand12@gmail.com","creation_time":"2024-10-14T15:53:24.869+00:00","last_mod_time":"2024-10-14T15:53:24.869+00:00"},{"userAddress":{"addressId":9817,"plotNumber":"P1-110","street":"King Meadow","state":"TX","country":"USA","zipCode":12356},"user_id":9849,"user_first_name":"Wade","user_last_name":"Homenick","user_contact_number":3607896378,"user_email_id":"Vern.Smitham30@gmail.com","creation_time":"2024-10-14T17:29:23.134+00:00","last_mod_time":"2024-10-14T17:29:23.134+00:00"},{"userAddress":{"addressId":9693,"plotNumber":"P1-110","street":"Jermey Gardens","state":"TX","country":"USA","zipCode":12356},"user_id":9725,"user_first_name":"Royce","user_last_name":"Sauer","user_contact_number":3607896147,"user_email_id":"Korbin_Sanford@hotmail.com","creation_time":"2024-10-14T15:53:32.210+00:00","last_mod_time":"2024-10-14T15:53:32.210+00:00"},{"userAddress":{"addressId":9205,"plotNumber":"p1-05","street":"teaole","state":"Tx","country":"USA","zipCode":75078},"user_id":9237,"user_first_name":"Numpy","user_last_name":"Lalitha","user_contact_number":1945678073,"user_email_id":"team2numpy@gmail.com","creation_time":"2024-10-14T05:30:33.554+00:00","last_mod_time":"2024-10-14T05:30:33.554+00:00"},{"userAddress":{"addressId":9080,"plotNumber":"345-A","street":"Main","state":"VA","country":"USA","zipCode":123645},"user_id":9112,"user_first_name":"Manny","user_last_name":"Parker","user_contact_number":1238762345,"user_email_id":"mannypark@parker.com","creation_time":"2024-10-14T03:09:11.157+00:00","last_mod_time":"2024-10-14T03:09:11.157+00:00"},{"userAddress":{"addressId":9695,"plotNumber":"P1-110","street":"Bennett Station","state":"TX","country":"USA","zipCode":12356},"user_id":9727,"user_first_name":"Nickolas","user_last_name":"Lebsack","user_contact_number":3607896535,"user_email_id":"Johnathan55@hotmail.com","creation_time":"2024-10-14T15:53:53.948+00:00","last_mod_time":"2024-10-14T15:53:53.948+00:00"},{"userAddress":{"addressId":9697,"plotNumber":"P1-110","street":"Asia Loop","state":"TX","country":"USA","zipCode":12356},"user_id":9729,"user_first_name":"Justyn","user_last_name":"Feeney","user_contact_number":3607896223,"user_email_id":"Retha_Hagenes@hotmail.com","creation_time":"2024-10-14T15:53:58.039+00:00","last_mod_time":"2024-10-14T15:53:58.039+00:00"},{"userAddress":{"addressId":9699,"plotNumber":"P1-110","street":"Pollich Expressway","state":"TX","country":"USA","zipCode":12356},"user_id":9731,"user_first_name":"Kennedi","user_last_name":"Mertz","user_contact_number":3607896347,"user_email_id":"Breana.Skiles59@gmail.com","creation_time":"2024-10-14T15:54:01.780+00:00","last_mod_time":"2024-10-14T15:54:01.780+00:00"},{"userAddress":{"addressId":9828,"plotNumber":null,"street":null,"state":null,"country":null,"zipCode":null},"user_id":9860,"user_first_name":"ixREKrNodN","user_last_name":"OcfERYqZzZ","user_contact_number":6983636204,"user_email_id":"team2dggn5n0p6cn7@gmail.com","creation_time":"2024-10-14T17:58:29.501+00:00","last_mod_time":"2024-10-14T17:58:29.501+00:00"},{"userAddress":{"addressId":9227,"plotNumber":"p1-23","street":"olive","state":"Tx","country":"USA","zipCode":73567},"user_id":9259,"user_first_name":"lalit","user_last_name":"team","user_contact_number":1234576890,"user_email_id":"team2octnump@gmail.com","creation_time":"2024-10-14T05:45:03.757+00:00","last_mod_time":"2024-10-14T05:45:03.757+00:00"},{"userAddress":{"addressId":10003,"plotNumber":"p1-01","street":"mainstreet","state":"ny","country":"usa","zipCode":12369},"user_id":10035,"user_first_name":"Seth","user_last_name":"Quigley","user_contact_number":1154422333,"user_email_id":"Waino.Donnelly62@hotmail.com","creation_time":"2024-10-15T18:41:12.553+00:00","last_mod_time":"2024-10-15T18:41:12.553+00:00"},{"userAddress":{"addressId":9351,"plotNumber":"P1-10","street":"Weimann Club","state":"TX","country":"USA","zipCode":12356},"user_id":9383,"user_first_name":"Vivianne","user_last_name":"Nienow","user_contact_number":3607896734,"user_email_id":"Kaitlyn_Strosin22@gmail.com","creation_time":"2024-10-14T07:01:25.716+00:00","last_mod_time":"2024-10-14T07:01:25.716+00:00"},{"userAddress":{"addressId":9358,"plotNumber":"P1-10","street":"Rippin Way","state":"TX","country":"USA","zipCode":12356},"user_id":9390,"user_first_name":"Van","user_last_name":"Koss","user_contact_number":3607896630,"user_email_id":"Lynn22@hotmail.com","creation_time":"2024-10-14T07:13:29.394+00:00","last_mod_time":"2024-10-14T07:13:29.394+00:00"},{"userAddress":{"addressId":9368,"plotNumber":"345-p","street":"sterling","state":"Minnesota","country":"USA","zipCode":52},"user_id":9400,"user_first_name":"ssallsheena","user_last_name":"Hhanena","user_contact_number":6955233771,"user_email_id":"hr10@yahoo.com","creation_time":"2024-10-14T07:42:41.390+00:00","last_mod_time":"2024-10-14T07:42:41.390+00:00"},{"userAddress":{"addressId":9829,"plotNumber":null,"street":null,"state":null,"country":null,"zipCode":null},"user_id":9861,"user_first_name":"lZFdbBMtMa","user_last_name":"LPlSwIQEDy","user_contact_number":5521860498,"user_email_id":"team2egm656plc3ed@gmail.com","creation_time":"2024-10-14T17:58:29.720+00:00","last_mod_time":"2024-10-14T17:58:29.720+00:00"},{"userAddress":{"addressId":9830,"plotNumber":null,"street":null,"state":null,"country":null,"zipCode":null},"user_id":9862,"user_first_name":"CfmovUGFfR","user_last_name":"vrIfxpGLBK","user_contact_number":1209931356,"user_email_id":"team2c8idd36ebl1e@gmail.com","creation_time":"2024-10-14T17:58:30.107+00:00","last_mod_time":"2024-10-14T17:58:30.107+00:00"},{"userAddress":{"addressId":9831,"plotNumber":null,"street":null,"state":null,"country":null,"zipCode":null},"user_id":9863,"user_first_name":"PKtClHEojR","user_last_name":"nrMlWEZvlE","user_contact_number":6991102241,"user_email_id":"team2j0oh90h0oii@gmail.com","creation_time":"2024-10-14T17:58:30.427+00:00","last_mod_time":"2024-10-14T17:58:30.427+00:00"},{"userAddress":{"addressId":9832,"plotNumber":null,"street":null,"state":null,"country":null,"zipCode":null},"user_id":9864,"user_first_name":"JyChjuNcdq","user_last_name":"WXFBhBHkyO","user_contact_number":4226081517,"user_email_id":"team2jmc8l1jno456@gmail.com","creation_time":"2024-10-14T17:58:30.700+00:00","last_mod_time":"2024-10-14T17:58:30.700+00:00"},{"userAddress":{"addressId":9834,"plotNumber":null,"street":null,"state":null,"country":null,"zipCode":null},"user_id":9866,"user_first_name":"sVrmEZuslV","user_last_name":"ZTnZrLZFFb","user_contact_number":4029109617,"user_email_id":"team2ed90pkal3pei@gmail.com","creation_time":"2024-10-14T17:58:31.358+00:00","last_mod_time":"2024-10-14T17:58:31.358+00:00"},{"userAddress":{"addressId":9835,"plotNumber":null,"street":null,"state":null,"country":null,"zipCode":null},"user_id":9867,"user_first_name":"XJlVuNAbXW","user_last_name":"yBghWhzLhY","user_contact_number":4644941501,"user_email_id":"team2ek9cn4g3ond@gmail.com","creation_time":"2024-10-14T17:58:31.611+00:00","last_mod_time":"2024-10-14T17:58:31.611+00:00"},{"userAddress":{"addressId":9846,"plotNumber":"Ai-45","street":"KeerAve","state":"Ca","country":"UnitedStates","zipCode":90876},"user_id":9878,"user_first_name":"Nijaml","user_last_name":"Gosh","user_contact_number":2349384549,"user_email_id":"jandh12@gmail.com","creation_time":"2024-10-14T18:01:50.076+00:00","last_mod_time":"2024-10-14T18:01:50.076+00:00"},{"userAddress":{"addressId":10214,"plotNumber":"P1-13","street":"Oak","state":"TX","country":"USA","zipCode":20895},"user_id":10246,"user_first_name":"Boby","user_last_name":"Smithy","user_contact_number":3939311556,"user_email_id":"BbrrSmithy@gmail.com","creation_time":"2024-10-16T04:20:38.969+00:00","last_mod_time":"2024-10-16T04:20:38.969+00:00"},{"userAddress":{"addressId":10012,"plotNumber":"P1-10","street":"London Trafficway","state":"TX","country":"USA","zipCode":12356},"user_id":10044,"user_first_name":"Kurtis","user_last_name":"Dooley","user_contact_number":5698741298,"user_email_id":"Anabelle84@yahoo.com","creation_time":"2024-10-15T18:49:51.709+00:00","last_mod_time":"2024-10-15T18:49:51.709+00:00"},{"userAddress":{"addressId":10081,"plotNumber":"P1-12","street":"Main","state":"CA","country":"USA","zipCode":20875},"user_id":10113,"user_first_name":"Alice","user_last_name":"Johnson","user_contact_number":2024447222,"user_email_id":"AiJohnson@example.com","creation_time":"2024-10-15T22:00:37.064+00:00","last_mod_time":"2024-10-15T22:00:37.064+00:00"},{"userAddress":{"addressId":10083,"plotNumber":"P1-14","street":"Pine","state":"FL","country":"USA","zipCode":75001},"user_id":10115,"user_first_name":"Charlie","user_last_name":"Brown","user_contact_number":5087382211,"user_email_id":"comBrown@example.com","creation_time":"2024-10-15T22:00:37.248+00:00","last_mod_time":"2024-10-15T22:00:37.248+00:00"},{"userAddress":{"addressId":10496,"plotNumber":"19-a","street":"Cypress Dr","state":"Texas","country":"USA","zipCode":null},"user_id":10528,"user_first_name":"Vijaya","user_last_name":"TeamThree","user_contact_number":5907124856,"user_email_id":"merrill.muller@example.com","creation_time":"2024-10-17T02:55:31.774+00:00","last_mod_time":"2024-10-17T02:55:31.774+00:00"},{"userAddress":{"addressId":10015,"plotNumber":"P1-10","street":"Buford Mountain","state":"TX","country":"USA","zipCode":12356},"user_id":10047,"user_first_name":"Aliza","user_last_name":"Douglas","user_contact_number":5698741261,"user_email_id":"Jack_Ankunding@hotmail.com","creation_time":"2024-10-15T18:52:16.788+00:00","last_mod_time":"2024-10-15T18:52:16.788+00:00"},{"userAddress":{"addressId":9721,"plotNumber":"123-A","street":"Main Street","state":"PA","country":"USA","zipCode":12534},"user_id":9753,"user_first_name":"Tony","user_last_name":"Jason","user_contact_number":9234387239,"user_email_id":"tonyc@yahoo.com","creation_time":"2024-10-14T16:09:56.493+00:00","last_mod_time":"2024-10-14T16:09:56.493+00:00"},{"userAddress":{"addressId":10018,"plotNumber":"P1-10","street":"Herman Place","state":"TX","country":"USA","zipCode":12356},"user_id":10050,"user_first_name":"Sterling","user_last_name":"Huels","user_contact_number":5698741334,"user_email_id":"Richard.OKon77@gmail.com","creation_time":"2024-10-15T18:53:53.264+00:00","last_mod_time":"2024-10-15T18:53:53.264+00:00"},{"userAddress":{"addressId":10019,"plotNumber":"302-A","street":"Texas","state":"waterpark","country":"US","zipCode":78717},"user_id":10051,"user_first_name":"Kalai","user_last_name":"Rangasamy","user_contact_number":5124327142,"user_email_id":"kalaia58@gmail.com","creation_time":"2024-10-15T18:54:48.417+00:00","last_mod_time":"2024-10-15T18:54:48.417+00:00"},{"userAddress":{"addressId":9858,"plotNumber":"P1-11","street":"Main","state":"LA","country":"USA","zipCode":20875},"user_id":9890,"user_first_name":"RamyaRam","user_last_name":"NeerajAppa","user_contact_number":5688002104,"user_email_id":"Team03RamyajRamappa@gmail.com","creation_time":"2024-10-14T18:18:52.169+00:00","last_mod_time":"2024-10-14T18:18:52.169+00:00"},{"userAddress":{"addressId":9821,"plotNumber":"P1-110","street":"Frami Run","state":"TX","country":"USA","zipCode":12356},"user_id":9853,"user_first_name":"Keyshawn","user_last_name":"Schmitt","user_contact_number":3607896493,"user_email_id":"Khalid5@yahoo.com","creation_time":"2024-10-14T17:50:25.294+00:00","last_mod_time":"2024-10-14T17:50:25.294+00:00"},{"userAddress":{"addressId":9736,"plotNumber":"P1-110","street":"Treutel Valleys","state":"TX","country":"USA","zipCode":12356},"user_id":9768,"user_first_name":"Sydni","user_last_name":"Hartmann","user_contact_number":3607896215,"user_email_id":"Augusta_Marquardt@gmail.com","creation_time":"2024-10-14T16:18:25.282+00:00","last_mod_time":"2024-10-14T16:18:25.282+00:00"},{"userAddress":{"addressId":9823,"plotNumber":"P1-110","street":"Willy Mount","state":"TX","country":"USA","zipCode":12356},"user_id":9855,"user_first_name":"Celine","user_last_name":"Bailey","user_contact_number":3607896453,"user_email_id":"Cierra_Zulauf21@yahoo.com","creation_time":"2024-10-14T17:50:29.024+00:00","last_mod_time":"2024-10-14T17:50:29.024+00:00"},{"userAddress":{"addressId":9739,"plotNumber":"P1-110","street":"Hickle Crest","state":"TX","country":"USA","zipCode":12356},"user_id":9771,"user_first_name":"Ed","user_last_name":"Goyette","user_contact_number":3607896237,"user_email_id":"Jedidiah.Kunde@gmail.com","creation_time":"2024-10-14T16:18:36.389+00:00","last_mod_time":"2024-10-14T16:18:36.389+00:00"},{"userAddress":{"addressId":9837,"plotNumber":null,"street":null,"state":null,"country":null,"zipCode":null},"user_id":9869,"user_first_name":"TZArhREWPH","user_last_name":"aGMbtnMXVr","user_contact_number":4489933594,"user_email_id":"team29ggpjpne8n6@gmail.com","creation_time":"2024-10-14T17:59:36.645+00:00","last_mod_time":"2024-10-14T17:59:36.645+00:00"},{"userAddress":{"addressId":9838,"plotNumber":null,"street":null,"state":null,"country":null,"zipCode":null},"user_id":9870,"user_first_name":"SwxCwcRGFj","user_last_name":"rTRDrWxTHH","user_contact_number":5729588000,"user_email_id":"team2e6o193gcofgc@gmail.com","creation_time":"2024-10-14T17:59:36.893+00:00","last_mod_time":"2024-10-14T17:59:36.893+00:00"},{"userAddress":{"addressId":9839,"plotNumber":null,"street":null,"state":null,"country":null,"zipCode":null},"user_id":9871,"user_first_name":"mOELkbfsvA","user_last_name":"ZoXHkswjdw","user_contact_number":2965616468,"user_email_id":"team24f9k368mh4dc@gmail.com","creation_time":"2024-10-14T17:59:37.311+00:00","last_mod_time":"2024-10-14T17:59:37.311+00:00"},{"userAddress":{"addressId":9840,"plotNumber":null,"street":null,"state":null,"country":null,"zipCode":null},"user_id":9872,"user_first_name":"EKzaUEFZCM","user_last_name":"HEYpBOoPhT","user_contact_number":5836936209,"user_email_id":"team23n5m4p56ji64@gmail.com","creation_time":"2024-10-14T17:59:37.581+00:00","last_mod_time":"2024-10-14T17:59:37.581+00:00"},{"userAddress":{"addressId":9841,"plotNumber":null,"street":null,"state":null,"country":null,"zipCode":null},"user_id":9873,"user_first_name":"aWNlxOfFra","user_last_name":"cagATftiDf","user_contact_number":6638295350,"user_email_id":"team2ff4ejj4ojl2d@gmail.com","creation_time":"2024-10-14T17:59:37.816+00:00","last_mod_time":"2024-10-14T17:59:37.816+00:00"},{"userAddress":{"addressId":9744,"plotNumber":"P1-110","street":"Mueller Ville","state":"TX","country":"USA","zipCode":12356},"user_id":9776,"user_first_name":"Marjolaine","user_last_name":"Fadel","user_contact_number":3607896604,"user_email_id":"Creola_Larkin@gmail.com","creation_time":"2024-10-14T16:18:51.527+00:00","last_mod_time":"2024-10-14T16:18:51.527+00:00"},{"userAddress":{"addressId":9843,"plotNumber":null,"street":null,"state":null,"country":null,"zipCode":null},"user_id":9875,"user_first_name":"FrlyWEILrp","user_last_name":"lwXevtHgFe","user_contact_number":9432373113,"user_email_id":"team2ofm2462jm9h@gmail.com","creation_time":"2024-10-14T17:59:38.436+00:00","last_mod_time":"2024-10-14T17:59:38.436+00:00"},{"userAddress":{"addressId":9746,"plotNumber":"P1-110","street":"Hickle Ferry","state":"TX","country":"USA","zipCode":12356},"user_id":9778,"user_first_name":"Vallie","user_last_name":"Huels","user_contact_number":3607896628,"user_email_id":"Oral.Jacobson30@gmail.com","creation_time":"2024-10-14T16:19:38.749+00:00","last_mod_time":"2024-10-14T16:19:38.749+00:00"},{"userAddress":{"addressId":9844,"plotNumber":null,"street":null,"state":null,"country":null,"zipCode":null},"user_id":9876,"user_first_name":"QhTPYilDPv","user_last_name":"NlaikuDxPS","user_contact_number":6548057662,"user_email_id":"team248nj33b0ik7e@gmail.com","creation_time":"2024-10-14T17:59:38.687+00:00","last_mod_time":"2024-10-14T17:59:38.687+00:00"},{"userAddress":{"addressId":9748,"plotNumber":"P1-110","street":"Halvorson Streets","state":"TX","country":"USA","zipCode":12356},"user_id":9780,"user_first_name":"Ines","user_last_name":"Heathcote","user_contact_number":3607896270,"user_email_id":"Hertha77@hotmail.com","creation_time":"2024-10-14T16:19:42.559+00:00","last_mod_time":"2024-10-14T16:19:42.559+00:00"},{"userAddress":{"addressId":9749,"plotNumber":"P1-110","street":"Flo Prairie","state":"TX","country":"USA","zipCode":12356},"user_id":9781,"user_first_name":"Vallie","user_last_name":"Jacobi","user_contact_number":3607896427,"user_email_id":"Casper_Quitzon@gmail.com","creation_time":"2024-10-14T16:19:46.215+00:00","last_mod_time":"2024-10-14T16:19:46.215+00:00"},{"userAddress":{"addressId":9751,"plotNumber":"P1-110","street":"Frederik Ridge","state":"TX","country":"USA","zipCode":12356},"user_id":9783,"user_first_name":"Serena","user_last_name":"Brekke","user_contact_number":3607896477,"user_email_id":"Camron_Spencer@hotmail.com","creation_time":"2024-10-14T16:19:51.420+00:00","last_mod_time":"2024-10-14T16:19:51.420+00:00"},{"userAddress":{"addressId":9851,"plotNumber":"abc-1","street":"Kent","state":"GA","country":"USA","zipCode":10040},"user_id":9883,"user_first_name":"Testuser","user_last_name":"test","user_contact_number":4449998887,"user_email_id":"testuser@gmail.com","creation_time":"2024-10-14T18:04:17.478+00:00","last_mod_time":"2024-10-14T18:04:17.478+00:00"},{"userAddress":{"addressId":9852,"plotNumber":"Ai-45","street":"KeerAve","state":"Ca","country":"UnitedStates","zipCode":98654},"user_id":9884,"user_first_name":"Jenkusd","user_last_name":"Kinghjgt","user_contact_number":4088345857,"user_email_id":"jkuhf23@gmail.com","creation_time":"2024-10-14T18:10:45.387+00:00","last_mod_time":"2024-10-14T18:10:45.387+00:00"},{"userAddress":{"addressId":9753,"plotNumber":"P1-110","street":"Ethelyn Orchard","state":"TX","country":"USA","zipCode":12356},"user_id":9785,"user_first_name":"Ardella","user_last_name":"Johnston","user_contact_number":3607896260,"user_email_id":"Melany_Schulist@gmail.com","creation_time":"2024-10-14T16:19:55.126+00:00","last_mod_time":"2024-10-14T16:19:55.126+00:00"},{"userAddress":{"addressId":9757,"plotNumber":"P1-110","street":"Murray Motorway","state":"TX","country":"USA","zipCode":12356},"user_id":9789,"user_first_name":"Hunter","user_last_name":"Lakin","user_contact_number":3607896553,"user_email_id":"Naomie_Rowe@gmail.com","creation_time":"2024-10-14T16:20:06.837+00:00","last_mod_time":"2024-10-14T16:20:06.837+00:00"},{"userAddress":{"addressId":9759,"plotNumber":"P1-110","street":"Rosetta Alley","state":"TX","country":"USA","zipCode":12356},"user_id":9791,"user_first_name":"Theresia","user_last_name":"McCullough","user_contact_number":3607896762,"user_email_id":"Estelle.Runte64@yahoo.com","creation_time":"2024-10-14T16:20:10.545+00:00","last_mod_time":"2024-10-14T16:20:10.545+00:00"},{"userAddress":{"addressId":9761,"plotNumber":"P1-110","street":"Leuschke Skyway","state":"TX","country":"USA","zipCode":12356},"user_id":9793,"user_first_name":"Anderson","user_last_name":"Terry","user_contact_number":3607896376,"user_email_id":"Braeden_DAmore@yahoo.com","creation_time":"2024-10-14T16:20:17.085+00:00","last_mod_time":"2024-10-14T16:20:17.085+00:00"},{"userAddress":{"addressId":9856,"plotNumber":"Ai-45","street":"KeerAve","state":"Ca","country":"UnitedStates","zipCode":78641},"user_id":9888,"user_first_name":"Kensly","user_last_name":"mason","user_contact_number":8970987654,"user_email_id":"kjinght@gmail.com","creation_time":"2024-10-14T18:17:20.430+00:00","last_mod_time":"2024-10-14T18:17:20.430+00:00"},{"userAddress":{"addressId":9763,"plotNumber":"P1-110","street":"Krajcik Throughway","state":"TX","country":"USA","zipCode":12356},"user_id":9795,"user_first_name":"Jimmie","user_last_name":"Cummerata","user_contact_number":3607896565,"user_email_id":"Aaliyah39@hotmail.com","creation_time":"2024-10-14T16:20:20.871+00:00","last_mod_time":"2024-10-14T16:20:20.871+00:00"},{"userAddress":{"addressId":9857,"plotNumber":"Ai-45","street":"KeerAve","state":"Ca","country":"UnitedStates","zipCode":95821},"user_id":9889,"user_first_name":"Dovn","user_last_name":"Jason","user_contact_number":7098654321,"user_email_id":"sadfsfs@gmail.com","creation_time":"2024-10-14T18:18:39.406+00:00","last_mod_time":"2024-10-14T18:18:39.406+00:00"},{"userAddress":{"addressId":9765,"plotNumber":"P1-110","street":"Zoe Street","state":"TX","country":"USA","zipCode":12356},"user_id":9797,"user_first_name":"Johnson","user_last_name":"Kovacek","user_contact_number":3607896678,"user_email_id":"Adrianna81@hotmail.com","creation_time":"2024-10-14T16:20:24.492+00:00","last_mod_time":"2024-10-14T16:20:24.492+00:00"},{"userAddress":{"addressId":9863,"plotNumber":"P1-110","street":"Halvorson Pass","state":"TX","country":"USA","zipCode":12356},"user_id":9895,"user_first_name":"Howell","user_last_name":"Witting","user_contact_number":3607896203,"user_email_id":"Cyrus40@gmail.com","creation_time":"2024-10-14T18:29:29.030+00:00","last_mod_time":"2024-10-14T18:29:29.030+00:00"},{"userAddress":{"addressId":9865,"plotNumber":"P1-110","street":"Wilbert Wells","state":"TX","country":"USA","zipCode":12356},"user_id":9897,"user_first_name":"Meaghan","user_last_name":"Sanford","user_contact_number":3607896325,"user_email_id":"Lillian.Schmidt84@hotmail.com","creation_time":"2024-10-14T18:29:32.708+00:00","last_mod_time":"2024-10-14T18:29:32.708+00:00"},{"userAddress":{"addressId":9869,"plotNumber":"12-A","street":"broadway","state":"TX","country":"USA","zipCode":75025},"user_id":9901,"user_first_name":"andrew","user_last_name":"smith","user_contact_number":9876541236,"user_email_id":"andrewsmith@aol.com","creation_time":"2024-10-14T18:34:32.051+00:00","last_mod_time":"2024-10-14T18:36:58.671+00:00"},{"userAddress":{"addressId":9871,"plotNumber":"aa-112","street":"avff","state":"va","country":"usa","zipCode":22728},"user_id":9903,"user_first_name":"sammy","user_last_name":"ray","user_contact_number":1223898974,"user_email_id":"abch@gmail.com","creation_time":"2024-10-14T18:56:33.374+00:00","last_mod_time":"2024-10-14T18:56:33.374+00:00"},{"userAddress":{"addressId":9872,"plotNumber":"pl-21","street":"pontiac","state":"Illinois","country":"USA","zipCode":null},"user_id":9904,"user_first_name":"Kalai","user_last_name":"Palaniappan","user_contact_number":9856543216,"user_email_id":"Team3Gayathri1@gmail.com","creation_time":"2024-10-14T18:57:45.138+00:00","last_mod_time":"2024-10-14T18:57:45.138+00:00"},{"userAddress":{"addressId":9873,"plotNumber":"PL-33","street":"star","state":"virginia","country":"USA","zipCode":2016422},"user_id":9905,"user_first_name":"sanjay","user_last_name":"Roy","user_contact_number":7029339041,"user_email_id":"sanjayteam481@gmail.com","creation_time":"2024-10-14T19:03:02.522+00:00","last_mod_time":"2024-10-14T19:03:02.522+00:00"},{"userAddress":{"addressId":9874,"plotNumber":"PL-33","street":"star","state":"virginia","country":"USA","zipCode":201642234},"user_id":9906,"user_first_name":"sanjay","user_last_name":"Roy","user_contact_number":7029339046,"user_email_id":"sanjayteam4822@gmail.com","creation_time":"2024-10-14T19:03:35.761+00:00","last_mod_time":"2024-10-14T19:03:35.761+00:00"},{"userAddress":{"addressId":9875,"plotNumber":"PL-33","street":"star","state":"virginia","country":"USA","zipCode":2016422342222},"user_id":9907,"user_first_name":"sanjay","user_last_name":"Roy","user_contact_number":7029339045,"user_email_id":"sanjayteam48222@gmail.com","creation_time":"2024-10-14T19:04:19.685+00:00","last_mod_time":"2024-10-14T19:04:19.685+00:00"},{"userAddress":{"addressId":9876,"plotNumber":"PL-1234","street":"star","state":"virginia","country":"USA","zipCode":201},"user_id":9908,"user_first_name":"sanjay","user_last_name":"Roy","user_contact_number":7029336682,"user_email_id":"sanjayteam4661@gmail.com","creation_time":"2024-10-14T19:05:16.870+00:00","last_mod_time":"2024-10-14T19:05:16.870+00:00"},{"userAddress":{"addressId":9877,"plotNumber":"PL-1234","street":"star","state":"virginia","country":"USA","zipCode":20164},"user_id":9909,"user_first_name":"sanjay","user_last_name":"Roy","user_contact_number":7029339082,"user_email_id":"sanjayteam47@gmail.com","creation_time":"2024-10-14T19:06:20.798+00:00","last_mod_time":"2024-10-14T19:06:20.798+00:00"},{"userAddress":{"addressId":9879,"plotNumber":"ab-12","street":"caminito","state":"california","country":"US","zipCode":92128},"user_id":9911,"user_first_name":"Anamika","user_last_name":"Jain","user_contact_number":8989898989,"user_email_id":"Team03Anamika1@gmail.com","creation_time":"2024-10-14T19:08:07.501+00:00","last_mod_time":"2024-10-14T19:08:07.501+00:00"},{"userAddress":{"addressId":9880,"plotNumber":"23-234","street":"felt st","state":"sdf","country":"USA","zipCode":987655},"user_id":9912,"user_first_name":"Michael Z","user_last_name":"Jackson","user_contact_number":8374578487,"user_email_id":"Michael-Z@sjkl.com","creation_time":"2024-10-14T19:09:14.610+00:00","last_mod_time":"2024-10-14T19:09:14.610+00:00"},{"userAddress":{"addressId":9884,"plotNumber":"abc-1231","street":"Mere","state":"GA","country":"USA","zipCode":123},"user_id":9916,"user_first_name":"Anu","user_last_name":"Riya","user_contact_number":4349909099,"user_email_id":"Apicamp2@gmail.com","creation_time":"2024-10-14T19:14:51.365+00:00","last_mod_time":"2024-10-14T19:14:51.365+00:00"},{"userAddress":{"addressId":9885,"plotNumber":"BCD-123","street":"ABCDEFG","state":"NJ","country":"USA","zipCode":743165789456},"user_id":9917,"user_first_name":"Arundhati","user_last_name":"Biswas","user_contact_number":4567893456,"user_email_id":"TEAM02Arundhati@gmail.com","creation_time":"2024-10-14T19:15:18.854+00:00","last_mod_time":"2024-10-14T19:15:18.854+00:00"},{"userAddress":{"addressId":9886,"plotNumber":"23-abc","street":"Foster street","state":"jhjkdlshf","country":"USA","zipCode":1234567},"user_id":9918,"user_first_name":"Michael L","user_last_name":"Jackson","user_contact_number":8863478489,"user_email_id":"2432523456@23444444444.hh","creation_time":"2024-10-14T19:15:30.720+00:00","last_mod_time":"2024-10-14T19:15:30.720+00:00"},{"userAddress":{"addressId":7771,"plotNumber":"23-abc","street":"Foster street","state":"CT","country":"USA","zipCode":1234567},"user_id":7803,"user_first_name":"Michael E","user_last_name":"Jackson","user_contact_number":8701573487,"user_email_id":"Michael-E@gmail.com","creation_time":"2024-10-11T11:38:49.919+00:00","last_mod_time":"2024-10-14T19:20:46.236+00:00"},{"userAddress":{"addressId":9890,"plotNumber":"pl-21","street":"pontiac","state":"Illinois","country":"USA","zipCode":60502},"user_id":9922,"user_first_name":"Kalaiarasi","user_last_name":"Palaniappan","user_contact_number":9856543239,"user_email_id":"Team3Gayathri45@gmail.com","creation_time":"2024-10-14T19:26:02.492+00:00","last_mod_time":"2024-10-14T19:27:39.651+00:00"},{"userAddress":{"addressId":9870,"plotNumber":"pl-03","street":"star","state":"virginia","country":"USA","zipCode":201644567899},"user_id":9902,"user_first_name":"sanjay","user_last_name":"Roy","user_contact_number":7029339080,"user_email_id":"sanjayteam4@gmail.com","creation_time":"2024-10-14T18:53:53.424+00:00","last_mod_time":"2024-10-14T19:34:20.040+00:00"},{"userAddress":{"addressId":9891,"plotNumber":"pl-21","street":"pontiac","state":"Illinois","country":null,"zipCode":60502},"user_id":9923,"user_first_name":"Gomathi","user_last_name":"Palaniappan","user_contact_number":9866543216,"user_email_id":"Team3Gayathri11@gmail.com","creation_time":"2024-10-14T19:51:18.274+00:00","last_mod_time":"2024-10-14T19:51:18.274+00:00"},{"userAddress":{"addressId":9892,"plotNumber":"23-abc","street":"Foster street","state":"jhjkdlshf","country":"USA","zipCode":1234567},"user_id":9924,"user_first_name":"Michael C","user_last_name":"Jackson J","user_contact_number":8601573487,"user_email_id":"MichaelC@gmail.com","creation_time":"2024-10-14T19:53:26.693+00:00","last_mod_time":"2024-10-14T19:53:26.693+00:00"},{"userAddress":{"addressId":9894,"plotNumber":"ab-12","street":"caminito","state":"california","country":"US","zipCode":92128},"user_id":9926,"user_first_name":"Anamika","user_last_name":"Jain","user_contact_number":8989823989,"user_email_id":"Team03Anamika12@gmail.com","creation_time":"2024-10-14T20:03:03.706+00:00","last_mod_time":"2024-10-14T20:03:03.706+00:00"},{"userAddress":{"addressId":9895,"plotNumber":"ab-12","street":"caminito","state":"california","country":"US","zipCode":null},"user_id":9927,"user_first_name":"Anamika","user_last_name":"Jain","user_contact_number":8888111818,"user_email_id":"Team03Anamika23@gmail.com","creation_time":"2024-10-14T20:03:30.579+00:00","last_mod_time":"2024-10-14T20:03:30.579+00:00"},{"userAddress":{"addressId":9896,"plotNumber":"q-18","street":"caminito","state":"cali","country":"us","zipCode":92128},"user_id":9928,"user_first_name":"Ana","user_last_name":"Kumar","user_contact_number":8588588555,"user_email_id":"team03anaJain123@gmail.com","creation_time":"2024-10-14T20:04:55.829+00:00","last_mod_time":"2024-10-14T20:07:29.964+00:00"},{"userAddress":{"addressId":9897,"plotNumber":"pl-21","street":"pontiac","state":"Illinois","country":"USA","zipCode":60502},"user_id":9929,"user_first_name":"ChitraP","user_last_name":"Palaniappan","user_contact_number":9856549216,"user_email_id":"Team3Gayathri89@gmail.com","creation_time":"2024-10-14T20:08:50.121+00:00","last_mod_time":"2024-10-14T20:08:50.121+00:00"},{"userAddress":{"addressId":9898,"plotNumber":"Apt-450","street":"cinnamon","state":"CA","country":"USA","zipCode":95035},"user_id":9930,"user_first_name":"ShebaA","user_last_name":"PrathabZ","user_contact_number":1255522222,"user_email_id":"numpy13@gmail.com","creation_time":"2024-10-14T20:29:20.334+00:00","last_mod_time":"2024-10-14T20:31:19.935+00:00"},{"userAddress":{"addressId":9379,"plotNumber":"345-a","street":"sterling","state":"Minnesota","country":"USA","zipCode":35},"user_id":9411,"user_first_name":"ssallsheena","user_last_name":"Hhanena","user_contact_number":6251035718,"user_email_id":"hr16@yahoo.com","creation_time":"2024-10-14T08:07:04.515+00:00","last_mod_time":"2024-10-14T20:37:24.467+00:00"},{"userAddress":{"addressId":9901,"plotNumber":"75-b","street":"Swckhammer way","state":"Texas","country":"USA","zipCode":7845},"user_id":9933,"user_first_name":"AnbuselviTestingTesting","user_last_name":"TestingThree","user_contact_number":2017660905,"user_email_id":"usjerseytestinglake@gmail.com","creation_time":"2024-10-15T00:33:12.907+00:00","last_mod_time":"2024-10-15T00:33:12.907+00:00"},{"userAddress":{"addressId":9903,"plotNumber":"19-a","street":"Jersey Street","state":"NewJersey","country":"USA ","zipCode":7828},"user_id":9935,"user_first_name":"Anbuselvi","user_last_name":"TeamTeam","user_contact_number":8625960000,"user_email_id":"Jerseycity@gmail.com","creation_time":"2024-10-15T00:45:48.284+00:00","last_mod_time":"2024-10-15T00:45:48.284+00:00"},{"userAddress":{"addressId":9906,"plotNumber":"Ai-45","street":"KeerAve","state":"Ca","country":"UnitedStates","zipCode":12980},"user_id":9938,"user_first_name":"Kishne","user_last_name":"Mich","user_contact_number":4098765834,"user_email_id":"sdfg12@gmail.com","creation_time":"2024-10-15T02:39:00.457+00:00","last_mod_time":"2024-10-15T02:39:00.457+00:00"},{"userAddress":{"addressId":9907,"plotNumber":"I-83","street":"Hallowed","state":"Tx","country":"UnitedStates","zipCode":76845},"user_id":9939,"user_first_name":"Kaitlyn","user_last_name":"Joen","user_contact_number":9876354242,"user_email_id":"klen12@gmail.com","creation_time":"2024-10-15T02:39:01.644+00:00","last_mod_time":"2024-10-15T02:39:01.644+00:00"},{"userAddress":{"addressId":9908,"plotNumber":"0-98","street":"Vasanln","state":"Tx","country":"UnitedStates","zipCode":76854},"user_id":9940,"user_first_name":"Zayn","user_last_name":"Karen","user_contact_number":8097624233,"user_email_id":"nsgg12@gmail.com","creation_time":"2024-10-15T02:39:02.047+00:00","last_mod_time":"2024-10-15T02:39:02.047+00:00"},{"userAddress":{"addressId":9909,"plotNumber":"Y-09","street":"Westparmerln","state":"Tx","country":"Unitedstates","zipCode":98765},"user_id":9941,"user_first_name":"John","user_last_name":"Miller","user_contact_number":8097654321,"user_email_id":"jk23@gmail.com","creation_time":"2024-10-15T02:39:02.577+00:00","last_mod_time":"2024-10-15T02:39:02.577+00:00"},{"userAddress":{"addressId":9910,"plotNumber":"Ag-67","street":"West st","state":"Ca","country":"Unitedstates","zipCode":98706},"user_id":9942,"user_first_name":"Mia","user_last_name":"Maryn","user_contact_number":9084536123,"user_email_id":"mia34@gmail.com","creation_time":"2024-10-15T02:39:02.715+00:00","last_mod_time":"2024-10-15T02:39:02.715+00:00"},{"userAddress":{"addressId":9911,"plotNumber":"Ai-45","street":"KeerAve","state":"Ca","country":"UnitedStates","zipCode":null},"user_id":9943,"user_first_name":"Azzdff","user_last_name":"Zfzdffff","user_contact_number":9809898999,"user_email_id":"jkhijn@gmail.com","creation_time":"2024-10-15T02:41:44.604+00:00","last_mod_time":"2024-10-15T02:41:44.604+00:00"},{"userAddress":{"addressId":9912,"plotNumber":"Ai-45","street":"KeerAve","state":"Ca","country":"UnitedStates","zipCode":null},"user_id":9944,"user_first_name":"Qqqqqq","user_last_name":"Aaaaaaa","user_contact_number":7867857584,"user_email_id":"gfdgtrt1@gmail.com","creation_time":"2024-10-15T02:47:43.379+00:00","last_mod_time":"2024-10-15T02:47:43.379+00:00"},{"userAddress":{"addressId":9913,"plotNumber":"Ai-45","street":"KeerAve","state":"Ca","country":"UnitedStates","zipCode":12980},"user_id":9945,"user_first_name":"Vvvvvv","user_last_name":"Sssssss","user_contact_number":4567566789,"user_email_id":"kjhijk@gmail.com","creation_time":"2024-10-15T02:51:17.574+00:00","last_mod_time":"2024-10-15T02:51:17.574+00:00"},{"userAddress":{"addressId":9914,"plotNumber":"Ai-45","street":"KeerAve","state":"Ca","country":"UnitedStates","zipCode":12980},"user_id":9946,"user_first_name":"Bbbbbb","user_last_name":"Ggggggg","user_contact_number":4444444444,"user_email_id":"asdf@gmail.com","creation_time":"2024-10-15T02:56:24.233+00:00","last_mod_time":"2024-10-15T02:56:24.233+00:00"},{"userAddress":{"addressId":9915,"plotNumber":"Ai-45","street":"KeerAve","state":"Ca","country":"UnitedStates","zipCode":12980},"user_id":9947,"user_first_name":"Fghhgfhfh","user_last_name":"Sdfsdfsf","user_contact_number":9809090909,"user_email_id":"jjjjjjjj@gmail.com","creation_time":"2024-10-15T03:10:00.222+00:00","last_mod_time":"2024-10-15T03:10:00.222+00:00"},{"userAddress":{"addressId":9916,"plotNumber":"Ai-45","street":"KeerAve","state":"Ca","country":"UnitedStates","zipCode":12980},"user_id":9948,"user_first_name":"Xxxxxxx","user_last_name":"Aaaaaaa","user_contact_number":9898989876,"user_email_id":"klklk@gmail.com","creation_time":"2024-10-15T03:17:53.305+00:00","last_mod_time":"2024-10-15T03:17:53.305+00:00"},{"userAddress":{"addressId":9922,"plotNumber":"Ai-45","street":"KeerAve","state":"Ca","country":"UnitedStates","zipCode":12980},"user_id":9954,"user_first_name":"Kate","user_last_name":"kohls","user_contact_number":8978989898,"user_email_id":"thers12@gmail.com","creation_time":"2024-10-15T05:11:15.760+00:00","last_mod_time":"2024-10-15T05:11:17.094+00:00"},{"userAddress":{"addressId":9927,"plotNumber":"P1-10","street":"Firststreet","state":"TX","country":"USA","zipCode":12356},"user_id":9959,"user_first_name":"Jothika","user_last_name":"Suriya","user_contact_number":8417523695,"user_email_id":"jo@gmail.com","creation_time":"2024-10-15T13:55:03.096+00:00","last_mod_time":"2024-10-15T13:55:03.096+00:00"},{"userAddress":{"addressId":9928,"plotNumber":"P1-10","street":"Firststreet","state":"TX","country":"USA","zipCode":12356},"user_id":9960,"user_first_name":"Umaiyal","user_last_name":"Karthik","user_contact_number":9654781230,"user_email_id":"umai@gmail.com","creation_time":"2024-10-15T13:55:05.896+00:00","last_mod_time":"2024-10-15T13:55:05.896+00:00"},{"userAddress":{"addressId":9929,"plotNumber":"P1-10","street":"Firststreet","state":"TX","country":"USA","zipCode":12356},"user_id":9961,"user_first_name":"Jothikasu","user_last_name":"Suriya","user_contact_number":8417523691,"user_email_id":"jos@gmail.com","creation_time":"2024-10-15T14:30:09.405+00:00","last_mod_time":"2024-10-15T14:30:09.405+00:00"},{"userAddress":{"addressId":9930,"plotNumber":"P1-10","street":"Firststreet","state":"TX","country":"USA","zipCode":12356},"user_id":9962,"user_first_name":"Umaiyalka","user_last_name":"Karthik","user_contact_number":9654781235,"user_email_id":"umais@gmail.com","creation_time":"2024-10-15T14:30:11.652+00:00","last_mod_time":"2024-10-15T14:30:11.652+00:00"},{"userAddress":{"addressId":9931,"plotNumber":"P1-10","street":"Firststreet","state":"TX","country":"USA","zipCode":12356},"user_id":9963,"user_first_name":"Jothikas","user_last_name":"Suriya","user_contact_number":8417523661,"user_email_id":"josu@gmail.com","creation_time":"2024-10-15T14:33:56.096+00:00","last_mod_time":"2024-10-15T14:33:56.096+00:00"},{"userAddress":{"addressId":9932,"plotNumber":"P1-10","street":"Firststreet","state":"TX","country":"USA","zipCode":12356},"user_id":9964,"user_first_name":"Jothikasq","user_last_name":"Suriyaa","user_contact_number":8017523661,"user_email_id":"josuq@gmail.com","creation_time":"2024-10-15T14:34:58.512+00:00","last_mod_time":"2024-10-15T14:34:58.512+00:00"},{"userAddress":{"addressId":9933,"plotNumber":"P1-10","street":"Firststreet","state":"TX","country":"USA","zipCode":12356},"user_id":9965,"user_first_name":"Jothikasql","user_last_name":"Suriyaal","user_contact_number":8017523061,"user_email_id":"josuqa@gmail.com","creation_time":"2024-10-15T14:39:07.779+00:00","last_mod_time":"2024-10-15T14:39:07.779+00:00"},{"userAddress":{"addressId":9935,"plotNumber":"P1-10","street":"Firststreet","state":"TX","country":"USA","zipCode":12356},"user_id":9967,"user_first_name":"Jothikasql","user_last_name":"Suriyaal","user_contact_number":8017923061,"user_email_id":"josuqac@gmail.com","creation_time":"2024-10-15T14:44:28.112+00:00","last_mod_time":"2024-10-15T14:44:28.112+00:00"},{"userAddress":{"addressId":9936,"plotNumber":"P1-10","street":"Firststreet","state":"TX","country":"USA","zipCode":12356},"user_id":9968,"user_first_name":"Krishna","user_last_name":"Kanna","user_contact_number":8015223061,"user_email_id":"krishna@gmail.com","creation_time":"2024-10-15T14:48:06.207+00:00","last_mod_time":"2024-10-15T14:48:06.207+00:00"},{"userAddress":{"addressId":9937,"plotNumber":"P1-11","street":"Main","state":"LA","country":"USA","zipCode":20875},"user_id":9969,"user_first_name":"NeerajaRam","user_last_name":"rock","user_contact_number":6688332189,"user_email_id":"Team03Neerajrock@gmail.com","creation_time":"2024-10-15T14:50:09.839+00:00","last_mod_time":"2024-10-15T14:50:09.839+00:00"},{"userAddress":{"addressId":9938,"plotNumber":"P1-10","street":"Firststreet","state":"TX","country":"USA","zipCode":12356},"user_id":9970,"user_first_name":"Krishnaradha","user_last_name":"Kannaradha","user_contact_number":8015223098,"user_email_id":"krishnaradha@gmail.com","creation_time":"2024-10-15T15:04:41.132+00:00","last_mod_time":"2024-10-15T15:04:41.132+00:00"},{"userAddress":{"addressId":9939,"plotNumber":"P1-10","street":"Firststreet","state":"TX","country":"USA","zipCode":12356},"user_id":9971,"user_first_name":"Krishnaradhai","user_last_name":"Kannaradha","user_contact_number":8015223023,"user_email_id":"krishnaradhai@gmail.com","creation_time":"2024-10-15T15:06:38.641+00:00","last_mod_time":"2024-10-15T15:06:38.641+00:00"},{"userAddress":{"addressId":9940,"plotNumber":"P1-10","street":"Firststreet","state":"TX","country":"USA","zipCode":12356},"user_id":9972,"user_first_name":"Krishnaradhai","user_last_name":"Kannaradha","user_contact_number":8015223099,"user_email_id":"krishnarada@gmail.com","creation_time":"2024-10-15T15:12:16.041+00:00","last_mod_time":"2024-10-15T15:12:16.041+00:00"},{"userAddress":{"addressId":9941,"plotNumber":"P1-10","street":"Chelsea Parkways","state":"TX","country":"USA","zipCode":12356},"user_id":9973,"user_first_name":"Kaleb","user_last_name":"Grimes","user_contact_number":3607896397,"user_email_id":"Ola.Brekke@hotmail.com","creation_time":"2024-10-15T15:20:34.262+00:00","last_mod_time":"2024-10-15T15:20:34.262+00:00"},{"userAddress":{"addressId":9942,"plotNumber":"P1-10","street":"Firststreet","state":"TX","country":"USA","zipCode":12356},"user_id":9974,"user_first_name":"Muruga","user_last_name":"Valli","user_contact_number":8022223099,"user_email_id":"Deivaanai@gmail.com","creation_time":"2024-10-15T15:24:16.911+00:00","last_mod_time":"2024-10-15T15:24:16.911+00:00"},{"userAddress":{"addressId":9943,"plotNumber":"P1-10","street":"Jenkins Crossing","state":"TX","country":"USA","zipCode":12356},"user_id":9975,"user_first_name":"Alfredo","user_last_name":"Wintheiser","user_contact_number":3607896496,"user_email_id":"Ariane.Turner@hotmail.com","creation_time":"2024-10-15T15:25:50.447+00:00","last_mod_time":"2024-10-15T15:25:50.447+00:00"},{"userAddress":{"addressId":9944,"plotNumber":"P1-10","street":"Firststreet","state":"TX","country":"USA","zipCode":12356},"user_id":9976,"user_first_name":"Murugan","user_last_name":"Valli","user_contact_number":8022223999,"user_email_id":"Deivaanaim@gmail.com","creation_time":"2024-10-15T15:27:49.890+00:00","last_mod_time":"2024-10-15T15:27:49.890+00:00"},{"userAddress":{"addressId":9945,"plotNumber":"P3-03","street":"Elm Street","state":"NY","country":"USA","zipCode":10001},"user_id":9977,"user_first_name":"Charlie","user_last_name":"Brown","user_contact_number":5647382910,"user_email_id":"charlie.brown@example.com","creation_time":"2024-10-15T15:29:56.687+00:00","last_mod_time":"2024-10-15T15:29:56.687+00:00"},{"userAddress":{"addressId":9946,"plotNumber":"P1-11","street":"Main","state":"LA","country":"USA","zipCode":20875},"user_id":9978,"user_first_name":"lavanya","user_last_name":"John","user_contact_number":6529334456,"user_email_id":"Team03LavanyaJohn@gmail.com","creation_time":"2024-10-15T15:37:34.598+00:00","last_mod_time":"2024-10-15T15:37:34.598+00:00"},{"userAddress":{"addressId":9947,"plotNumber":"P1-12","street":"Main","state":"CA","country":"USA","zipCode":90210},"user_id":9979,"user_first_name":"Alice","user_last_name":"Johnson","user_contact_number":1234567222,"user_email_id":"AJohnson@example.com","creation_time":"2024-10-15T15:37:34.705+00:00","last_mod_time":"2024-10-15T15:37:34.705+00:00"},{"userAddress":{"addressId":9949,"plotNumber":"P1-14","street":"Pine","state":"FL","country":"USA","zipCode":33101},"user_id":9981,"user_first_name":"Charlie","user_last_name":"Brown","user_contact_number":5647382111,"user_email_id":"Brown@example.com","creation_time":"2024-10-15T15:37:34.898+00:00","last_mod_time":"2024-10-15T15:37:34.898+00:00"},{"userAddress":{"addressId":9950,"plotNumber":"P1-10","street":"Lilliana Mission","state":"TX","country":"USA","zipCode":12356},"user_id":9982,"user_first_name":"Juvenal","user_last_name":"Wunsch","user_contact_number":1112222333,"user_email_id":"Merl.Jacobs63@yahoo.com","creation_time":"2024-10-15T15:44:54.371+00:00","last_mod_time":"2024-10-15T15:44:54.371+00:00"},{"userAddress":{"addressId":9952,"plotNumber":"P1-11","street":"NJ","state":"TX","country":"USA","zipCode":12356},"user_id":9984,"user_first_name":"Murugan","user_last_name":"Valli","user_contact_number":8422223999,"user_email_id":"Deivaanaimuru@gmail.com","creation_time":"2024-10-15T15:47:21.627+00:00","last_mod_time":"2024-10-15T15:47:21.627+00:00"},{"userAddress":{"addressId":10361,"plotNumber":"pl-51","street":"vail rd","state":"nj","country":"usa","zipCode":54321},"user_id":10393,"user_first_name":"smitha","user_last_name":"dmaanj","user_contact_number":5521311145,"user_email_id":"sq1602eam5@gmail.com","creation_time":"2024-10-16T18:43:27.833+00:00","last_mod_time":"2024-10-16T18:43:27.833+00:00"},{"userAddress":{"addressId":10224,"plotNumber":"P1-12","street":"Main","state":"CA","country":"USA","zipCode":20875},"user_id":10256,"user_first_name":"Alice","user_last_name":"Johnson","user_contact_number":7911133000,"user_email_id":"Team03sonJohn@gmail.com","creation_time":"2024-10-16T04:24:42.036+00:00","last_mod_time":"2024-10-16T04:24:42.036+00:00"},{"userAddress":{"addressId":10475,"plotNumber":"19-a","street":"Cypress Dr","state":"Texas","country":"USA","zipCode":75688},"user_id":10507,"user_first_name":"Vijaya","user_last_name":"TeamThree","user_contact_number":8575769345,"user_email_id":"team3try@gmail.com","creation_time":"2024-10-17T02:01:45.507+00:00","last_mod_time":"2024-10-17T02:01:45.507+00:00"},{"userAddress":{"addressId":10476,"plotNumber":"102-AB","street":"village","state":"CA","country":"USA","zipCode":95671},"user_id":10508,"user_first_name":"Trek","user_last_name":"star","user_contact_number":1010101001,"user_email_id":"star2@gmail.com","creation_time":"2024-10-17T02:02:52.093+00:00","last_mod_time":"2024-10-17T02:02:52.093+00:00"},{"userAddress":{"addressId":10477,"plotNumber":"102-AB","street":"village","state":"CA","country":"USA","zipCode":95671},"user_id":10509,"user_first_name":"Trekkk","user_last_name":"starrr","user_contact_number":1444567888,"user_email_id":"star07@gmail.com","creation_time":"2024-10-17T02:05:51.154+00:00","last_mod_time":"2024-10-17T02:05:51.154+00:00"},{"userAddress":{"addressId":10225,"plotNumber":"P1-13","street":"Oak","state":"TX","country":"USA","zipCode":20895},"user_id":10257,"user_first_name":"Boby","user_last_name":"Smithy","user_contact_number":8761210066,"user_email_id":"BitooKS@gmail.com","creation_time":"2024-10-16T04:24:42.148+00:00","last_mod_time":"2024-10-17T02:21:24.604+00:00"},{"userAddress":{"addressId":10497,"plotNumber":"19-a","street":"Cypress Dr","state":"Texas","country":"USA","zipCode":null},"user_id":10529,"user_first_name":"Vijaya","user_last_name":"TeamThree","user_contact_number":5053984268,"user_email_id":"jesse.quigley@example.com","creation_time":"2024-10-17T02:55:32.553+00:00","last_mod_time":"2024-10-17T02:55:32.553+00:00"},{"userAddress":{"addressId":10413,"plotNumber":"pl-13","street":"Avenue","state":"GA","country":"USA","zipCode":30055},"user_id":10445,"user_first_name":"null","user_last_name":"muthu","user_contact_number":4123567891,"user_email_id":"tean5kiru@gmail.com","creation_time":"2024-10-16T23:18:17.926+00:00","last_mod_time":"2024-10-16T23:18:17.926+00:00"},{"userAddress":{"addressId":10498,"plotNumber":"19-a","street":"Cypress Dr","state":"Texas","country":"USA","zipCode":null},"user_id":10530,"user_first_name":"Vijaya","user_last_name":"TeamThree","user_contact_number":5776827070,"user_email_id":"lorri.kemmer@example.com","creation_time":"2024-10-17T02:57:02.454+00:00","last_mod_time":"2024-10-17T02:57:02.454+00:00"},{"userAddress":{"addressId":10499,"plotNumber":"19-a","street":"Cypress Dr","state":"Texas","country":"USA","zipCode":null},"user_id":10531,"user_first_name":"Vijaya","user_last_name":"TeamThree","user_contact_number":5794829236,"user_email_id":"carolyn.parisian@example.com","creation_time":"2024-10-17T02:57:03.245+00:00","last_mod_time":"2024-10-17T02:57:03.245+00:00"},{"userAddress":{"addressId":10500,"plotNumber":"102-AB","street":"village","state":"CA","country":"USA","zipCode":95671},"user_id":10532,"user_first_name":"veena","user_last_name":"papa","user_contact_number":2200051119,"user_email_id":"veenapapa@gmail.com","creation_time":"2024-10-17T02:57:10.510+00:00","last_mod_time":"2024-10-17T02:57:10.510+00:00"},{"userAddress":{"addressId":10502,"plotNumber":"P1-12","street":"Main","state":"CA","country":"USA","zipCode":20875},"user_id":10534,"user_first_name":"Alice","user_last_name":"Johnson","user_contact_number":1781091012,"user_email_id":"Team03AIICnJohn@gmail.com","creation_time":"2024-10-17T02:59:13.614+00:00","last_mod_time":"2024-10-17T02:59:13.614+00:00"},{"userAddress":{"addressId":10503,"plotNumber":"19-a","street":"Cypress Dr","state":"Texas","country":"USA","zipCode":null},"user_id":10535,"user_first_name":"Vijaya","user_last_name":"TeamThree","user_contact_number":5842718347,"user_email_id":"matt.hammes@example.com","creation_time":"2024-10-17T03:01:52.036+00:00","last_mod_time":"2024-10-17T03:01:52.036+00:00"},{"userAddress":{"addressId":10504,"plotNumber":"19-a","street":"Cypress Dr","state":"Texas","country":"USA","zipCode":null},"user_id":10536,"user_first_name":"Vijaya","user_last_name":"TeamThree","user_contact_number":5828481374,"user_email_id":"shawana.runolfsson@example.com","creation_time":"2024-10-17T03:01:52.847+00:00","last_mod_time":"2024-10-17T03:01:52.847+00:00"},{"userAddress":{"addressId":10507,"plotNumber":"P1-11","street":"Main","state":"LA","country":"USA","zipCode":20875},"user_id":10539,"user_first_name":"RagRash","user_last_name":"SiriSonu","user_contact_number":4874191421,"user_email_id":"Team03SiriSonuR@gmail.com","creation_time":"2024-10-17T03:43:54.208+00:00","last_mod_time":"2024-10-17T03:43:54.208+00:00"},{"userAddress":{"addressId":10508,"plotNumber":"P1-12","street":"Main","state":"CA","country":"USA","zipCode":20875},"user_id":10540,"user_first_name":"Alice","user_last_name":"Johnson","user_contact_number":1781092100,"user_email_id":"Team03AIIICnJohn@gmail.com","creation_time":"2024-10-17T03:43:54.549+00:00","last_mod_time":"2024-10-17T03:43:54.549+00:00"},{"userAddress":{"addressId":10509,"plotNumber":"P1-13","street":"Oak","state":"TX","country":"USA","zipCode":20895},"user_id":10541,"user_first_name":"Boby","user_last_name":"Smithy","user_contact_number":8721610066,"user_email_id":"BitooKSS@gmail.com","creation_time":"2024-10-17T03:44:00.913+00:00","last_mod_time":"2024-10-17T03:44:00.913+00:00"},{"userAddress":{"addressId":10512,"plotNumber":"P1-11","street":"Main","state":"LA","country":"USA","zipCode":20875},"user_id":10544,"user_first_name":"RagRash","user_last_name":"SiriSonu","user_contact_number":8474191421,"user_email_id":"Team03SiriSonuRR@gmail.com","creation_time":"2024-10-17T03:57:25.921+00:00","last_mod_time":"2024-10-17T03:57:25.921+00:00"},{"userAddress":{"addressId":10513,"plotNumber":"P1-11","street":"Main","state":"LA","country":"USA","zipCode":20875},"user_id":10545,"user_first_name":"RagRash","user_last_name":"SiriSonu","user_contact_number":8400191421,"user_email_id":"Team019SiriSonuRR@gmail.com","creation_time":"2024-10-17T03:58:30.328+00:00","last_mod_time":"2024-10-17T03:58:30.328+00:00"},{"userAddress":{"addressId":10518,"plotNumber":"P1-11","street":"Main","state":"LA","country":"USA","zipCode":20875},"user_id":10550,"user_first_name":"RagRash","user_last_name":"SiriSonu","user_contact_number":3010191421,"user_email_id":"Team01SiriSonuRR@gmail.com","creation_time":"2024-10-17T04:20:47.949+00:00","last_mod_time":"2024-10-17T04:20:47.949+00:00"},{"userAddress":{"addressId":10519,"plotNumber":"P1-12","street":"Main","state":"CA","country":"USA","zipCode":20875},"user_id":10551,"user_first_name":"Alice","user_last_name":"Johnson","user_contact_number":8711096100,"user_email_id":"Team02AIIICneJohn@gmail.com","creation_time":"2024-10-17T04:20:48.333+00:00","last_mod_time":"2024-10-17T04:20:48.333+00:00"},{"userAddress":{"addressId":10520,"plotNumber":"P1-13","street":"Oak","state":"TX","country":"USA","zipCode":20895},"user_id":10552,"user_first_name":"Boby","user_last_name":"Smithy","user_contact_number":8729020066,"user_email_id":"BbitooKSS@gmail.com","creation_time":"2024-10-17T04:20:55.417+00:00","last_mod_time":"2024-10-17T04:20:55.417+00:00"},{"userAddress":{"addressId":10525,"plotNumber":"P1-13","street":"Oak","state":"TX","country":"USA","zipCode":20895},"user_id":10557,"user_first_name":"Boby","user_last_name":"Smithy","user_contact_number":8729026600,"user_email_id":"BBB@gmail.com","creation_time":"2024-10-17T04:59:37.628+00:00","last_mod_time":"2024-10-17T04:59:37.628+00:00"},{"userAddress":{"addressId":10528,"plotNumber":"P1-12","street":"Main","state":"CA","country":"USA","zipCode":20875},"user_id":10560,"user_first_name":"Alice","user_last_name":"Johnson","user_contact_number":5178096100,"user_email_id":"Team02JAAA@gmail.com","creation_time":"2024-10-17T05:11:19.592+00:00","last_mod_time":"2024-10-17T05:11:19.592+00:00"},{"userAddress":{"addressId":10524,"plotNumber":"P1-12","street":"Main","state":"CA","country":"USA","zipCode":20875},"user_id":10556,"user_first_name":"Alice","user_last_name":"Johnson","user_contact_number":1178096100,"user_email_id":"Team02AAA@gmail.com","creation_time":"2024-10-17T04:59:31.369+00:00","last_mod_time":"2024-10-17T04:59:31.369+00:00"},{"userAddress":{"addressId":10567,"plotNumber":"17-A","street":"gcd street","state":"California","country":"USA","zipCode":92125},"user_id":10599,"user_first_name":"Jam","user_last_name":"Yam","user_contact_number":2346678912,"user_email_id":"jam.yam@gmail.com","creation_time":"2024-10-17T06:33:59.373+00:00","last_mod_time":"2024-10-17T06:33:59.373+00:00"},{"userAddress":{"addressId":10568,"plotNumber":"17-A","street":"gcd street","state":"California","country":"USA","zipCode":92125},"user_id":10600,"user_first_name":"Jamlu","user_last_name":"Yamalu","user_contact_number":2346678777,"user_email_id":"jamlu.yam@gmail.com","creation_time":"2024-10-17T07:08:37.149+00:00","last_mod_time":"2024-10-17T07:08:37.149+00:00"},{"userAddress":{"addressId":10590,"plotNumber":"P1-12","street":"Main","state":"CA","country":"USA","zipCode":20875},"user_id":10622,"user_first_name":"Alice","user_last_name":"Johnson","user_contact_number":7178096300,"user_email_id":"Team02JAAAJ@gmail.com","creation_time":"2024-10-17T13:09:15.067+00:00","last_mod_time":"2024-10-17T13:09:15.067+00:00"},{"userAddress":{"addressId":10591,"plotNumber":"P1-13","street":"Oak","state":"TX","country":"USA","zipCode":20895},"user_id":10623,"user_first_name":"Boby","user_last_name":"Smithy","user_contact_number":8297666600,"user_email_id":"BBBO@gmail.com","creation_time":"2024-10-17T13:09:23.333+00:00","last_mod_time":"2024-10-17T13:09:23.333+00:00"},{"userAddress":{"addressId":10593,"plotNumber":"P1-12","street":"Main","state":"CA","country":"USA","zipCode":20875},"user_id":10625,"user_first_name":"Alice","user_last_name":"Johnson","user_contact_number":7778096300,"user_email_id":"Team02JAAAjJ@gmail.com","creation_time":"2024-10-17T13:12:39.609+00:00","last_mod_time":"2024-10-17T13:12:39.609+00:00"},{"userAddress":{"addressId":10594,"plotNumber":"P1-13","street":"Oak","state":"TX","country":"USA","zipCode":20895},"user_id":10626,"user_first_name":"Boby","user_last_name":"Smithy","user_contact_number":8867666600,"user_email_id":"BBBOo@gmail.com","creation_time":"2024-10-17T13:12:47.182+00:00","last_mod_time":"2024-10-17T13:12:47.182+00:00"},{"userAddress":{"addressId":10595,"plotNumber":"19-a","street":"Cypress Dr","state":"Texas","country":"USA","zipCode":null},"user_id":10627,"user_first_name":"Vijaya","user_last_name":"TeamThree","user_contact_number":5638458536,"user_email_id":"johanna.upton@example.com","creation_time":"2024-10-17T13:21:15.557+00:00","last_mod_time":"2024-10-17T13:21:15.557+00:00"},{"userAddress":{"addressId":10596,"plotNumber":"19-a","street":"Cypress Dr","state":"Texas","country":"USA","zipCode":null},"user_id":10628,"user_first_name":"Vijaya","user_last_name":"TeamThree","user_contact_number":5793477152,"user_email_id":"otha.carter@example.com","creation_time":"2024-10-17T13:21:16.353+00:00","last_mod_time":"2024-10-17T13:21:16.353+00:00"},{"userAddress":{"addressId":10597,"plotNumber":"19-a","street":"Cypress Dr","state":"Texas","country":"USA","zipCode":null},"user_id":10629,"user_first_name":"Vijaya","user_last_name":"TeamThree","user_contact_number":5140440894,"user_email_id":"nga.krajcik@example.com","creation_time":"2024-10-17T13:21:56.384+00:00","last_mod_time":"2024-10-17T13:21:56.384+00:00"},{"userAddress":{"addressId":10598,"plotNumber":"19-a","street":"Cypress Dr","state":"Texas","country":"USA","zipCode":null},"user_id":10630,"user_first_name":"Vijaya","user_last_name":"TeamThree","user_contact_number":5760053888,"user_email_id":"boyce.blick@example.com","creation_time":"2024-10-17T13:21:57.175+00:00","last_mod_time":"2024-10-17T13:21:57.175+00:00"},{"userAddress":{"addressId":10599,"plotNumber":"19-a","street":"Cypress Dr","state":"Texas","country":"USA","zipCode":null},"user_id":10631,"user_first_name":"Vijaya","user_last_name":"TeamThree","user_contact_number":5057892649,"user_email_id":"marg.swift@example.com","creation_time":"2024-10-17T13:24:58.644+00:00","last_mod_time":"2024-10-17T13:24:58.644+00:00"},{"userAddress":{"addressId":10600,"plotNumber":"19-a","street":"Cypress Dr","state":"Texas","country":"USA","zipCode":null},"user_id":10632,"user_first_name":"Vijaya","user_last_name":"TeamThree","user_contact_number":5624869357,"user_email_id":"eleanore.kerluke@example.com","creation_time":"2024-10-17T13:24:59.410+00:00","last_mod_time":"2024-10-17T13:24:59.410+00:00"},{"userAddress":{"addressId":10602,"plotNumber":"19-a","street":"Cypress Dr","state":"Texas","country":"USA","zipCode":null},"user_id":10634,"user_first_name":"Vijaya","user_last_name":"TeamThree","user_contact_number":5529851019,"user_email_id":"dylan.sauer@example.com","creation_time":"2024-10-17T13:26:51.105+00:00","last_mod_time":"2024-10-17T13:26:51.105+00:00"},{"userAddress":{"addressId":10603,"plotNumber":"19-a","street":"Cypress Dr","state":"Texas","country":"USA","zipCode":null},"user_id":10635,"user_first_name":"Vijaya","user_last_name":"TeamThree","user_contact_number":5797047066,"user_email_id":"emory.gibson@example.com","creation_time":"2024-10-17T13:26:51.860+00:00","last_mod_time":"2024-10-17T13:26:51.860+00:00"},{"userAddress":{"addressId":10604,"plotNumber":"P1-13","street":"Oak","state":"TX","country":"USA","zipCode":20895},"user_id":10636,"user_first_name":"Boby","user_last_name":"Smithy","user_contact_number":8834666600,"user_email_id":"BBBOoB@gmail.com","creation_time":"2024-10-17T13:30:59.405+00:00","last_mod_time":"2024-10-17T13:30:59.405+00:00"},{"userAddress":{"addressId":10607,"plotNumber":"P1-12","street":"Main","state":"CA","country":"USA","zipCode":20875},"user_id":10639,"user_first_name":"Alice","user_last_name":"Johnson","user_contact_number":7178059300,"user_email_id":"Team09JAjJ@gmail.com","creation_time":"2024-10-17T13:43:21.510+00:00","last_mod_time":"2024-10-17T13:43:21.510+00:00"},{"userAddress":{"addressId":10608,"plotNumber":"P1-13","street":"Oak","state":"TX","country":"USA","zipCode":20895},"user_id":10640,"user_first_name":"Boby","user_last_name":"Smithy","user_contact_number":1234666600,"user_email_id":"BBBOoBo@gmail.com","creation_time":"2024-10-17T13:43:30.382+00:00","last_mod_time":"2024-10-17T13:43:30.382+00:00"},{"userAddress":{"addressId":10609,"plotNumber":"P1-12","street":"Main","state":"CA","country":"USA","zipCode":20875},"user_id":10641,"user_first_name":"Alice","user_last_name":"Johnson","user_contact_number":7178000300,"user_email_id":"Team10JAjJ@gmail.com","creation_time":"2024-10-17T13:49:20.054+00:00","last_mod_time":"2024-10-17T13:49:20.054+00:00"},{"userAddress":{"addressId":10611,"plotNumber":"P1-12","street":"Main","state":"CA","country":"USA","zipCode":20875},"user_id":10643,"user_first_name":"Alice","user_last_name":"Johnson","user_contact_number":9698000300,"user_email_id":"Team11JAjJ@gmail.com","creation_time":"2024-10-17T13:53:41.969+00:00","last_mod_time":"2024-10-17T13:53:41.969+00:00"},{"userAddress":{"addressId":10612,"plotNumber":"P1-13","street":"Oak","state":"TX","country":"USA","zipCode":20895},"user_id":10644,"user_first_name":"Boby","user_last_name":"Smithy","user_contact_number":1564666600,"user_email_id":"BBSBo@gmail.com","creation_time":"2024-10-17T13:53:43.319+00:00","last_mod_time":"2024-10-17T13:53:43.319+00:00"},{"userAddress":{"addressId":10613,"plotNumber":"19-a","street":"Cypress Dr","state":"Texas","country":"USA","zipCode":null},"user_id":10645,"user_first_name":"Vijaya","user_last_name":"TeamThree","user_contact_number":5274994396,"user_email_id":"sachiko.schoen@example.com","creation_time":"2024-10-17T13:59:08.556+00:00","last_mod_time":"2024-10-17T13:59:08.556+00:00"},{"userAddress":{"addressId":10614,"plotNumber":"19-a","street":"Cypress Dr","state":"Texas","country":"USA","zipCode":null},"user_id":10646,"user_first_name":"Vijaya","user_last_name":"TeamThree","user_contact_number":5563053555,"user_email_id":"santa.vandervort@example.com","creation_time":"2024-10-17T13:59:09.382+00:00","last_mod_time":"2024-10-17T13:59:09.382+00:00"},{"userAddress":{"addressId":10616,"plotNumber":"pl-23","street":"my Street","state":"Texas","country":"USA","zipCode":75068},"user_id":10648,"user_first_name":"Vijaya","user_last_name":"Team","user_contact_number":6333177778,"user_email_id":"myemail1trial@gmail.com","creation_time":"2024-10-17T14:01:52.055+00:00","last_mod_time":"2024-10-17T14:01:52.055+00:00"},{"userAddress":{"addressId":10750,"plotNumber":"P1-12","street":"Main","state":"CA","country":"USA","zipCode":20875},"user_id":10782,"user_first_name":"Alice","user_last_name":"Johnson","user_contact_number":6694430300,"user_email_id":"Team12JAjjJ@gmail.com","creation_time":"2024-10-17T19:32:23.427+00:00","last_mod_time":"2024-10-17T19:32:23.427+00:00"},{"userAddress":{"addressId":10751,"plotNumber":"P1-13","street":"Oak","state":"TX","country":"USA","zipCode":20895},"user_id":10783,"user_first_name":"Boby","user_last_name":"Smithy","user_contact_number":6514116600,"user_email_id":"BBSsB@gmail.com","creation_time":"2024-10-17T19:32:23.806+00:00","last_mod_time":"2024-10-17T19:32:23.806+00:00"},{"userAddress":{"addressId":10730,"plotNumber":"A-202","street":"golden dr","state":"MA","country":"USA","zipCode":24568},"user_id":10762,"user_first_name":"DummyABC","user_last_name":"Last","user_contact_number":5412598753,"user_email_id":"lastAB@gmail.com","creation_time":"2024-10-17T18:27:04.151+00:00","last_mod_time":"2024-10-17T19:32:41.702+00:00"},{"userAddress":{"addressId":10754,"plotNumber":"P1-12","street":"Main","state":"CA","country":"USA","zipCode":20875},"user_id":10786,"user_first_name":"Alice","user_last_name":"Johnson","user_contact_number":6694434300,"user_email_id":"Team13JAjjJ@gmail.com","creation_time":"2024-10-17T19:38:00.169+00:00","last_mod_time":"2024-10-17T19:38:00.169+00:00"},{"userAddress":{"addressId":10624,"plotNumber":"P1-12","street":"Main","state":"CA","country":"USA","zipCode":20875},"user_id":10656,"user_first_name":"Alice","user_last_name":"Johnson","user_contact_number":6698220300,"user_email_id":"Team12JAjJ@gmail.com","creation_time":"2024-10-17T14:07:52.613+00:00","last_mod_time":"2024-10-17T14:07:52.613+00:00"},{"userAddress":{"addressId":10625,"plotNumber":"P1-13","street":"Oak","state":"TX","country":"USA","zipCode":20895},"user_id":10657,"user_first_name":"Boby","user_last_name":"Smithy","user_contact_number":6514666600,"user_email_id":"BBSs@gmail.com","creation_time":"2024-10-17T14:08:01.441+00:00","last_mod_time":"2024-10-17T14:08:01.441+00:00"},{"userAddress":{"addressId":10755,"plotNumber":"P1-13","street":"Oak","state":"TX","country":"USA","zipCode":20895},"user_id":10787,"user_first_name":"Boby","user_last_name":"Smithy","user_contact_number":6511096600,"user_email_id":"BBSsBs@gmail.com","creation_time":"2024-10-17T19:38:00.608+00:00","last_mod_time":"2024-10-17T19:38:00.608+00:00"},{"userAddress":{"addressId":10633,"plotNumber":"19-a","street":"Cypress Dr","state":"Texas","country":"USA","zipCode":null},"user_id":10665,"user_first_name":"Vijaya","user_last_name":"TeamThree","user_contact_number":5694720258,"user_email_id":"will.legros@example.com","creation_time":"2024-10-17T14:19:50.013+00:00","last_mod_time":"2024-10-17T14:19:50.013+00:00"},{"userAddress":{"addressId":10634,"plotNumber":"19-a","street":"Cypress Dr","state":"Texas","country":"USA","zipCode":null},"user_id":10666,"user_first_name":"Vijaya","user_last_name":"TeamThree","user_contact_number":5643146181,"user_email_id":"benny.luettgen@example.com","creation_time":"2024-10-17T14:19:51.123+00:00","last_mod_time":"2024-10-17T14:19:51.123+00:00"},{"userAddress":{"addressId":10635,"plotNumber":"19-a","street":"Cypress Dr","state":"Texas","country":"USA","zipCode":null},"user_id":10667,"user_first_name":"Vijaya","user_last_name":"TeamThree","user_contact_number":5772199490,"user_email_id":"willie.breitenberg@example.com","creation_time":"2024-10-17T14:25:38.002+00:00","last_mod_time":"2024-10-17T14:25:38.002+00:00"},{"userAddress":{"addressId":10636,"plotNumber":"19-a","street":"Cypress Dr","state":"Texas","country":"USA","zipCode":null},"user_id":10668,"user_first_name":"Vijaya","user_last_name":"TeamThree","user_contact_number":5427510505,"user_email_id":"sergio.kling@example.com","creation_time":"2024-10-17T14:25:38.836+00:00","last_mod_time":"2024-10-17T14:25:38.836+00:00"},{"userAddress":{"addressId":10637,"plotNumber":"19-a","street":"Cypress Dr","state":"Texas","country":"USA","zipCode":null},"user_id":10669,"user_first_name":"Vijaya","user_last_name":"TeamThree","user_contact_number":5192616652,"user_email_id":"randy.ondricka@example.com","creation_time":"2024-10-17T14:28:42.393+00:00","last_mod_time":"2024-10-17T14:28:42.393+00:00"},{"userAddress":{"addressId":10638,"plotNumber":"19-a","street":"Cypress Dr","state":"Texas","country":"USA","zipCode":56576},"user_id":10670,"user_first_name":"Vijaya","user_last_name":"TeamThree","user_contact_number":5041878390,"user_email_id":"randell.treutel@example.com","creation_time":"2024-10-17T14:28:43.213+00:00","last_mod_time":"2024-10-17T14:28:43.213+00:00"},{"userAddress":{"addressId":10795,"plotNumber":"P1-12","street":"Main","state":"CA","country":"USA","zipCode":20875},"user_id":10827,"user_first_name":"Alice","user_last_name":"Johnson","user_contact_number":6694789300,"user_email_id":"Team14JAjjJn@gmail.com","creation_time":"2024-10-17T22:03:54.965+00:00","last_mod_time":"2024-10-17T22:03:54.965+00:00"},{"userAddress":{"addressId":10796,"plotNumber":"P1-13","street":"Oak","state":"TX","country":"USA","zipCode":20895},"user_id":10828,"user_first_name":"Boby","user_last_name":"Smithy","user_contact_number":9891096600,"user_email_id":"BBSsBss@gmail.com","creation_time":"2024-10-17T22:03:55.332+00:00","last_mod_time":"2024-10-17T22:03:55.332+00:00"},{"userAddress":{"addressId":10661,"plotNumber":"19-a","street":"Cypress Dr","state":"Texas","country":"USA","zipCode":null},"user_id":10693,"user_first_name":"Vijaya","user_last_name":"TeamThree","user_contact_number":5942468612,"user_email_id":"man.oconnell@example.com","creation_time":"2024-10-17T14:49:48.565+00:00","last_mod_time":"2024-10-17T14:49:48.565+00:00"},{"userAddress":{"addressId":10800,"plotNumber":"P1-12","street":"Main","state":"CA","country":"USA","zipCode":20875},"user_id":10832,"user_first_name":"Alice","user_last_name":"Johnson","user_contact_number":5564789300,"user_email_id":"Team14JAjjJnn@gmail.com","creation_time":"2024-10-17T22:16:44.010+00:00","last_mod_time":"2024-10-17T22:16:44.010+00:00"},{"userAddress":{"addressId":10662,"plotNumber":"19-a","street":"Cypress Dr","state":"Texas","country":"USA","zipCode":56576},"user_id":10694,"user_first_name":"Vijaya","user_last_name":"TeamThree","user_contact_number":5313553700,"user_email_id":"glenn.kling@example.com","creation_time":"2024-10-17T14:49:48.975+00:00","last_mod_time":"2024-10-17T14:49:48.975+00:00"},{"userAddress":{"addressId":10801,"plotNumber":"P1-13","street":"Oak","state":"TX","country":"USA","zipCode":20895},"user_id":10833,"user_first_name":"Boby","user_last_name":"Smithy","user_contact_number":9654396600,"user_email_id":"BBSsBsss@gmail.com","creation_time":"2024-10-17T22:16:51.724+00:00","last_mod_time":"2024-10-17T22:16:51.724+00:00"},{"userAddress":{"addressId":10663,"plotNumber":"19-a","street":"Cypress Dr","state":"Texas","country":"USA","zipCode":null},"user_id":10695,"user_first_name":"Vijaya","user_last_name":"TeamThree","user_contact_number":5548032235,"user_email_id":"roosevelt.fisher@example.com","creation_time":"2024-10-17T14:53:47.882+00:00","last_mod_time":"2024-10-17T14:53:47.882+00:00"},{"userAddress":{"addressId":10664,"plotNumber":"19-a","street":"Cypress Dr","state":"Texas","country":"USA","zipCode":56576},"user_id":10696,"user_first_name":"Vijaya","user_last_name":"TeamThree","user_contact_number":5345470417,"user_email_id":"toni.labadie@example.com","creation_time":"2024-10-17T14:53:48.473+00:00","last_mod_time":"2024-10-17T14:53:48.473+00:00"},{"userAddress":{"addressId":10665,"plotNumber":"19-a","street":"Cypress Dr","state":"Texas","country":"USA","zipCode":null},"user_id":10697,"user_first_name":"Vijaya","user_last_name":"TeamThree","user_contact_number":5299941159,"user_email_id":"stacy.damore@example.com","creation_time":"2024-10-17T14:56:07.601+00:00","last_mod_time":"2024-10-17T14:56:07.601+00:00"},{"userAddress":{"addressId":10666,"plotNumber":"19-a","street":"Cypress Dr","state":"Texas","country":"USA","zipCode":56576},"user_id":10698,"user_first_name":"Vijaya","user_last_name":"TeamThree","user_contact_number":5650200371,"user_email_id":"hipolito.windler@example.com","creation_time":"2024-10-17T14:56:08.012+00:00","last_mod_time":"2024-10-17T14:56:08.012+00:00"},{"userAddress":{"addressId":10667,"plotNumber":"19-a","street":"Cypress Dr","state":"Texas","country":"USA","zipCode":null},"user_id":10699,"user_first_name":"Vijaya","user_last_name":"TeamThree","user_contact_number":5440639118,"user_email_id":"cheyenne.bradtke@example.com","creation_time":"2024-10-17T14:57:16.603+00:00","last_mod_time":"2024-10-17T14:57:16.603+00:00"},{"userAddress":{"addressId":10668,"plotNumber":"19-a","street":"Cypress Dr","state":"Texas","country":"USA","zipCode":56576},"user_id":10700,"user_first_name":"Vijaya","user_last_name":"TeamThree","user_contact_number":5767989888,"user_email_id":"chi.graham@example.com","creation_time":"2024-10-17T14:57:17.384+00:00","last_mod_time":"2024-10-17T14:57:17.384+00:00"},{"userAddress":{"addressId":10646,"plotNumber":"19-a","street":"Cypress Dr","state":"Texas","country":"USA","zipCode":null},"user_id":10678,"user_first_name":"Vijaya","user_last_name":"TeamThree","user_contact_number":5290121657,"user_email_id":"marti.pfeffer@example.com","creation_time":"2024-10-17T14:35:30.888+00:00","last_mod_time":"2024-10-17T14:35:30.888+00:00"},{"userAddress":{"addressId":10647,"plotNumber":"19-a","street":"Cypress Dr","state":"Texas","country":"USA","zipCode":56576},"user_id":10679,"user_first_name":"Vijaya","user_last_name":"TeamThree","user_contact_number":5731835458,"user_email_id":"deandre.effertz@example.com","creation_time":"2024-10-17T14:35:31.315+00:00","last_mod_time":"2024-10-17T14:35:31.315+00:00"},{"userAddress":{"addressId":10803,"plotNumber":"P1-12","street":"Main","state":"CA","country":"USA","zipCode":20875},"user_id":10835,"user_first_name":"Alice","user_last_name":"Johnson","user_contact_number":5004789300,"user_email_id":"Team15SON@gmail.com","creation_time":"2024-10-17T22:23:10.957+00:00","last_mod_time":"2024-10-17T22:23:10.957+00:00"},{"userAddress":{"addressId":10804,"plotNumber":"P1-13","street":"Oak","state":"TX","country":"USA","zipCode":20895},"user_id":10836,"user_first_name":"Boby","user_last_name":"Smithy","user_contact_number":9654399900,"user_email_id":"BBSsBssss@gmail.com","creation_time":"2024-10-17T22:23:22.973+00:00","last_mod_time":"2024-10-17T22:23:22.973+00:00"},{"userAddress":{"addressId":10669,"plotNumber":"pl-51","street":"vail rd","state":"nj","country":"usa","zipCode":54321},"user_id":10701,"user_first_name":"smitha","user_last_name":"dmaanj","user_contact_number":5167311145,"user_email_id":"sq11048eam11@gmail.com","creation_time":"2024-10-17T15:11:29.914+00:00","last_mod_time":"2024-10-17T15:11:29.914+00:00"},{"userAddress":{"addressId":10671,"plotNumber":"pl-51","street":"vail rd","state":"nj","country":"usa","zipCode":54321},"user_id":10703,"user_first_name":"smitha","user_last_name":"dmaanj","user_contact_number":5767311145,"user_email_id":"sq11648eam11@gmail.com","creation_time":"2024-10-17T15:12:36.691+00:00","last_mod_time":"2024-10-17T15:12:36.691+00:00"},{"userAddress":{"addressId":10655,"plotNumber":"19-a","street":"Cypress Dr","state":"Texas","country":"USA","zipCode":null},"user_id":10687,"user_first_name":"Vijaya","user_last_name":"TeamThree","user_contact_number":5827797124,"user_email_id":"ramon.douglas@example.com","creation_time":"2024-10-17T14:39:19.000+00:00","last_mod_time":"2024-10-17T14:39:19.000+00:00"},{"userAddress":{"addressId":10656,"plotNumber":"19-a","street":"Cypress Dr","state":"Texas","country":"USA","zipCode":56576},"user_id":10688,"user_first_name":"Vijaya","user_last_name":"TeamThree","user_contact_number":5176512025,"user_email_id":"rolland.lemke@example.com","creation_time":"2024-10-17T14:39:19.588+00:00","last_mod_time":"2024-10-17T14:39:19.588+00:00"},{"userAddress":{"addressId":10657,"plotNumber":"19-a","street":"Cypress Dr","state":"Texas","country":"USA","zipCode":null},"user_id":10689,"user_first_name":"Vijaya","user_last_name":"TeamThree","user_contact_number":5571717171,"user_email_id":"wes.bins@example.com","creation_time":"2024-10-17T14:41:02.020+00:00","last_mod_time":"2024-10-17T14:41:02.020+00:00"},{"userAddress":{"addressId":10658,"plotNumber":"19-a","street":"Cypress Dr","state":"Texas","country":"USA","zipCode":56576},"user_id":10690,"user_first_name":"Vijaya","user_last_name":"TeamThree","user_contact_number":5169907768,"user_email_id":"ila.anderson@example.com","creation_time":"2024-10-17T14:41:03.073+00:00","last_mod_time":"2024-10-17T14:41:03.073+00:00"},{"userAddress":{"addressId":10659,"plotNumber":"pl-03","street":"Broadway","state":"Broadway","country":"USA","zipCode":143422},"user_id":10691,"user_first_name":"Rekha","user_last_name":"Subi","user_contact_number":1423567890,"user_email_id":"subh1234@gmail.com","creation_time":"2024-10-17T14:46:06.046+00:00","last_mod_time":"2024-10-17T14:46:06.046+00:00"},{"userAddress":{"addressId":10677,"plotNumber":"pl-81","street":"Cypress street","state":"GA","country":"USA","zipCode":30002},"user_id":10709,"user_first_name":"meena","user_last_name":"sek","user_contact_number":6723567890,"user_email_id":"team005kisemu@gmail.com","creation_time":"2024-10-17T15:22:54.793+00:00","last_mod_time":"2024-10-17T15:22:54.793+00:00"},{"userAddress":{"addressId":10680,"plotNumber":"19-a","street":"Cypress Dr","state":"Texas","country":"USA","zipCode":null},"user_id":10712,"user_first_name":"Vijaya","user_last_name":"TeamThree","user_contact_number":5625350379,"user_email_id":"wendell.hand@example.com","creation_time":"2024-10-17T15:29:10.903+00:00","last_mod_time":"2024-10-17T15:29:10.903+00:00"},{"userAddress":{"addressId":10681,"plotNumber":"19-a","street":"Cypress Dr","state":"Texas","country":"USA","zipCode":56576},"user_id":10713,"user_first_name":"Vijaya","user_last_name":"TeamThree","user_contact_number":5897546811,"user_email_id":"eddie.walter@example.com","creation_time":"2024-10-17T15:29:11.714+00:00","last_mod_time":"2024-10-17T15:29:11.714+00:00"},{"userAddress":{"addressId":10682,"plotNumber":"19-a","street":"Cypress Dr","state":"Texas","country":"USA","zipCode":null},"user_id":10714,"user_first_name":"Vijaya","user_last_name":"TeamThree","user_contact_number":5815448488,"user_email_id":"marielle.greenfelder@example.com","creation_time":"2024-10-17T15:40:19.501+00:00","last_mod_time":"2024-10-17T15:40:19.501+00:00"},{"userAddress":{"addressId":10683,"plotNumber":"19-a","street":"Cypress Dr","state":"Texas","country":"USA","zipCode":56576},"user_id":10715,"user_first_name":"Vijaya","user_last_name":"TeamThree","user_contact_number":5114041304,"user_email_id":"lonnie.kiehn@example.com","creation_time":"2024-10-17T15:40:19.902+00:00","last_mod_time":"2024-10-17T15:40:19.902+00:00"},{"userAddress":{"addressId":10684,"plotNumber":"19-a","street":"Cypress Dr","state":"Texas","country":"USA","zipCode":null},"user_id":10716,"user_first_name":"Vijaya","user_last_name":"TeamThree","user_contact_number":5001242849,"user_email_id":"carie.krajcik@example.com","creation_time":"2024-10-17T15:45:37.766+00:00","last_mod_time":"2024-10-17T15:45:37.766+00:00"},{"userAddress":{"addressId":10685,"plotNumber":"19-a","street":"Cypress Dr","state":"Texas","country":"USA","zipCode":56576},"user_id":10717,"user_first_name":"Vijaya","user_last_name":"TeamThree","user_contact_number":5459624625,"user_email_id":"rolando.walker@example.com","creation_time":"2024-10-17T15:45:38.162+00:00","last_mod_time":"2024-10-17T15:45:38.162+00:00"},{"userAddress":{"addressId":10686,"plotNumber":"19-a","street":"Cypress Dr","state":"Texas","country":"USA","zipCode":null},"user_id":10718,"user_first_name":"Vijaya","user_last_name":"TeamThree","user_contact_number":5321033441,"user_email_id":"mertie.okuneva@example.com","creation_time":"2024-10-17T15:47:34.608+00:00","last_mod_time":"2024-10-17T15:47:34.608+00:00"},{"userAddress":{"addressId":10687,"plotNumber":"19-a","street":"Cypress Dr","state":"Texas","country":"USA","zipCode":56576},"user_id":10719,"user_first_name":"Vijaya","user_last_name":"TeamThree","user_contact_number":5206064022,"user_email_id":"abe.moen@example.com","creation_time":"2024-10-17T15:47:35.019+00:00","last_mod_time":"2024-10-17T15:47:35.019+00:00"},{"userAddress":{"addressId":10688,"plotNumber":"19-a","street":"Cypress Dr","state":"Texas","country":"USA","zipCode":null},"user_id":10720,"user_first_name":"Vijaya","user_last_name":"TeamThree","user_contact_number":5490722468,"user_email_id":"mark.bartoletti@example.com","creation_time":"2024-10-17T15:49:29.630+00:00","last_mod_time":"2024-10-17T15:49:29.630+00:00"},{"userAddress":{"addressId":10689,"plotNumber":"19-a","street":"Cypress Dr","state":"Texas","country":"USA","zipCode":56576},"user_id":10721,"user_first_name":"Vijaya","user_last_name":"TeamThree","user_contact_number":5865201315,"user_email_id":"faustina.schiller@example.com","creation_time":"2024-10-17T15:49:30.030+00:00","last_mod_time":"2024-10-17T15:49:30.030+00:00"},{"userAddress":{"addressId":10690,"plotNumber":"19-a","street":"Cypress Dr","state":"Texas","country":"USA","zipCode":null},"user_id":10722,"user_first_name":"Vijaya","user_last_name":"TeamThree","user_contact_number":5535032491,"user_email_id":"quinn.hand@example.com","creation_time":"2024-10-17T15:51:13.080+00:00","last_mod_time":"2024-10-17T15:51:13.080+00:00"},{"userAddress":{"addressId":10691,"plotNumber":"19-a","street":"Cypress Dr","state":"Texas","country":"USA","zipCode":56576},"user_id":10723,"user_first_name":"Vijaya","user_last_name":"TeamThree","user_contact_number":5703793804,"user_email_id":"margy.gusikowski@example.com","creation_time":"2024-10-17T15:51:13.478+00:00","last_mod_time":"2024-10-17T15:51:13.478+00:00"},{"userAddress":{"addressId":10692,"plotNumber":"19-a","street":"Cypress Dr","state":"Texas","country":"USA","zipCode":null},"user_id":10724,"user_first_name":"Vijaya","user_last_name":"TeamThree","user_contact_number":5463248335,"user_email_id":"patrick.schultz@example.com","creation_time":"2024-10-17T15:52:06.513+00:00","last_mod_time":"2024-10-17T15:52:06.513+00:00"},{"userAddress":{"addressId":10693,"plotNumber":"19-a","street":"Cypress Dr","state":"Texas","country":"USA","zipCode":56576},"user_id":10725,"user_first_name":"Vijaya","user_last_name":"TeamThree","user_contact_number":5790333202,"user_email_id":"peter.mosciski@example.com","creation_time":"2024-10-17T15:52:06.917+00:00","last_mod_time":"2024-10-17T15:52:06.917+00:00"},{"userAddress":{"addressId":10694,"plotNumber":"19-a","street":"Cypress Dr","state":"Texas","country":"USA","zipCode":null},"user_id":10726,"user_first_name":"Vijaya","user_last_name":"TeamThree","user_contact_number":5892532817,"user_email_id":"belva.friesen@example.com","creation_time":"2024-10-17T16:07:01.384+00:00","last_mod_time":"2024-10-17T16:07:01.384+00:00"},{"userAddress":{"addressId":10695,"plotNumber":"19-a","street":"Cypress Dr","state":"Texas","country":"USA","zipCode":56576},"user_id":10727,"user_first_name":"Vijaya","user_last_name":"TeamThree","user_contact_number":5250123306,"user_email_id":"ben.stehr@example.com","creation_time":"2024-10-17T16:07:01.789+00:00","last_mod_time":"2024-10-17T16:07:01.789+00:00"},{"userAddress":{"addressId":10698,"plotNumber":"19-a","street":"Cypress Dr","state":"Texas","country":"USA","zipCode":null},"user_id":10730,"user_first_name":"Vijaya","user_last_name":"TeamThree","user_contact_number":5118861839,"user_email_id":"michal.frami@example.com","creation_time":"2024-10-17T16:23:43.801+00:00","last_mod_time":"2024-10-17T16:23:43.801+00:00"},{"userAddress":{"addressId":10699,"plotNumber":"19-a","street":"Cypress Dr","state":"Texas","country":"USA","zipCode":56576},"user_id":10731,"user_first_name":"Vijaya","user_last_name":"TeamThree","user_contact_number":5231284834,"user_email_id":"mitch.mckenzie@example.com","creation_time":"2024-10-17T16:23:44.206+00:00","last_mod_time":"2024-10-17T16:23:44.206+00:00"}]

at java.base/jdk.internal.reflect.DirectConstructorHandleAccessor.newInstance(DirectConstructorHandleAccessor.java:62)
at java.base/java.lang.reflect.Constructor.newInstanceWithCaller(Constructor.java:502)
at java.base/java.lang.reflect.Constructor.newInstance(Constructor.java:486)
at org.codehaus.groovy.reflection.CachedConstructor.invoke(CachedConstructor.java:73)
at org.codehaus.groovy.runtime.callsite.ConstructorSite$ConstructorSiteNoUnwrapNoCoerce.callConstructor(ConstructorSite.java:108)
at org.codehaus.groovy.runtime.callsite.CallSiteArray.defaultCallConstructor(CallSiteArray.java:57)
at org.codehaus.groovy.runtime.callsite.AbstractCallSite.callConstructor(AbstractCallSite.java:263)
at org.codehaus.groovy.runtime.callsite.AbstractCallSite.callConstructor(AbstractCallSite.java:277)
at io.restassured.internal.ResponseSpecificationImpl$HamcrestAssertionClosure.validate(ResponseSpecificationImpl.groovy:512)
at io.restassured.internal.ResponseSpecificationImpl$HamcrestAssertionClosure$validate$1.call(Unknown Source)
at io.restassured.internal.ResponseSpecificationImpl.validateResponseIfRequired(ResponseSpecificationImpl.groovy:696)
at io.restassured.internal.ResponseSpecificationImpl.this$2$validateResponseIfRequired(ResponseSpecificationImpl.groovy)
at java.base/jdk.internal.reflect.DirectMethodHandleAccessor.invoke(DirectMethodHandleAccessor.java:103)
at java.base/java.lang.reflect.Method.invoke(Method.java:580)
at org.codehaus.groovy.runtime.callsite.PlainObjectMetaMethodSite.doInvoke(PlainObjectMetaMethodSite.java:43)
at org.codehaus.groovy.runtime.callsite.PogoMetaMethodSite$PogoCachedMethodSiteNoUnwrapNoCoerce.invoke(PogoMetaMethodSite.java:198)
at org.codehaus.groovy.runtime.callsite.PogoMetaMethodSite.callCurrent(PogoMetaMethodSite.java:62)
at org.codehaus.groovy.runtime.callsite.CallSiteArray.defaultCallCurrent(CallSiteArray.java:49)
at org.codehaus.groovy.runtime.callsite.AbstractCallSite.callCurrent(AbstractCallSite.java:171)
at org.codehaus.groovy.runtime.callsite.AbstractCallSite.callCurrent(AbstractCallSite.java:185)
at io.restassured.internal.ResponseSpecificationImpl.body(ResponseSpecificationImpl.groovy:107)
at io.restassured.internal.ValidatableResponseOptionsImpl.body(ValidatableResponseOptionsImpl.java:238)
at requests.GetRequests.GetAllUser(GetRequests.java:51)
at java.base/jdk.internal.reflect.DirectMethodHandleAccessor.invoke(DirectMethodHandleAccessor.java:103)
at java.base/java.lang.reflect.Method.invoke(Method.java:580)
at org.testng.internal.invokers.MethodInvocationHelper.invokeMethod(MethodInvocationHelper.java:141)
at org.testng.internal.invokers.TestInvoker.invokeMethod(TestInvoker.java:686)
at org.testng.internal.invokers.TestInvoker.invokeTestMethod(TestInvoker.java:230)
at org.testng.internal.invokers.MethodRunner.runInSequence(MethodRunner.java:63)
at org.testng.internal.invokers.TestInvoker$MethodInvocationAgent.invoke(TestInvoker.java:992)
at org.testng.internal.invokers.TestInvoker.invokeTestMethods(TestInvoker.java:203)
at org.testng.internal.invokers.TestMethodWorker.invokeTestMethods(TestMethodWorker.java:154)
at org.testng.internal.invokers.TestMethodWorker.run(TestMethodWorker.java:134)
at java.base/java.util.ArrayList.forEach(ArrayList.java:1596)
at org.testng.TestRunner.privateRun(TestRunner.java:739)
at org.testng.TestRunner.run(TestRunner.java:614)
at org.testng.SuiteRunner.runTest(SuiteRunner.java:421)
at org.testng.SuiteRunner.runSequentially(SuiteRunner.java:413)
at org.testng.SuiteRunner.privateRun(SuiteRunner.java:373)
at org.testng.SuiteRunner.run(SuiteRunner.java:312)
at org.testng.SuiteRunnerWorker.runSuite(SuiteRunnerWorker.java:52)
at org.testng.SuiteRunnerWorker.run(SuiteRunnerWorker.java:95)
at org.testng.TestNG.runSuitesSequentially(TestNG.java:1274)
at org.testng.TestNG.runSuitesLocally(TestNG.java:1208)
at org.testng.TestNG.runSuites(TestNG.java:1112)
at org.testng.TestNG.run(TestNG.java:1079)
at org.testng.remote.AbstractRemoteTestNG.run(AbstractRemoteTestNG.java:115)
at org.testng.remote.RemoteTestNG.initAndRun(RemoteTestNG.java:293)
at org.testng.remote.RemoteTestNG.main(RemoteTestNG.java:91)
]]>
    </failure>
  </testcase> <!-- GetAllUser -->
</testsuite> <!-- requests.GetRequests -->
