<?xml version="1.0" encoding="UTF-8"?>
<!-- Generated by org.testng.reporters.JUnitReportReporter -->
<testsuite hostname="Mukilsai" failures="0" tests="8" name="requests.DeleteRequest$GetRequests" time="3.450" errors="0" timestamp="2024-10-17T10:36:52 EDT" skipped="0">
  <testcase classname="requests.DeleteRequest$GetRequests" name="DeleteByIdAndUser" time="1.154"/>
  <testcase classname="requests.DeleteRequest$GetRequests" name="DeleteByIdAndUser" time="0.278"/>
  <testcase classname="requests.DeleteRequest$GetRequests" name="DeleteByIdAndUser" time="0.260"/>
  <testcase classname="requests.DeleteRequest$GetRequests" name="DeleteByIdAndUser" time="0.473"/>
  <testcase classname="requests.DeleteRequest$GetRequests" name="DeleteByIdAndUser" time="0.251"/>
  <testcase classname="requests.DeleteRequest$GetRequests" name="DeleteByIdAndUser" time="0.389"/>
  <testcase classname="requests.DeleteRequest$GetRequests" name="DeleteByIdAndUser" time="0.252"/>
  <testcase classname="requests.DeleteRequest$GetRequests" name="DeleteByIdAndUser" time="0.393"/>
</testsuite> <!-- requests.DeleteRequest$GetRequests -->
