<?xml version="1.0" encoding="UTF-8"?>
<!-- Generated by org.testng.reporters.JUnitReportReporter -->
<testsuite hostname="Mukilsai" failures="0" tests="24" name="requests.PostRequest" time="8.349" errors="0" timestamp="2024-10-17T10:36:52 EDT" skipped="0">
  <testcase classname="requests.PostRequest" name="Post_New_user" time="0.298"/>
  <testcase classname="requests.PostRequest" name="Post_New_user" time="0.271"/>
  <testcase classname="requests.PostRequest" name="Post_New_user" time="0.274"/>
  <testcase classname="requests.PostRequest" name="Post_New_user" time="0.298"/>
  <testcase classname="requests.PostRequest" name="Post_New_user" time="0.286"/>
  <testcase classname="requests.PostRequest" name="Post_New_user" time="0.299"/>
  <testcase classname="requests.PostRequest" name="Post_New_user" time="0.308"/>
  <testcase classname="requests.PostRequest" name="Post_New_user" time="0.285"/>
  <testcase classname="requests.PostRequest" name="Post_New_user" time="0.426"/>
  <testcase classname="requests.PostRequest" name="Post_New_user" time="0.419"/>
  <testcase classname="requests.PostRequest" name="Post_New_user" time="0.275"/>
  <testcase classname="requests.PostRequest" name="Post_New_user" time="0.438"/>
  <testcase classname="requests.PostRequest" name="Post_New_user" time="0.280"/>
  <testcase classname="requests.PostRequest" name="Post_New_user" time="0.439"/>
  <testcase classname="requests.PostRequest" name="Post_New_user" time="0.291"/>
  <testcase classname="requests.PostRequest" name="Post_New_user" time="0.288"/>
  <testcase classname="requests.PostRequest" name="Post_New_user" time="0.292"/>
  <testcase classname="requests.PostRequest" name="Post_New_user" time="0.283"/>
  <testcase classname="requests.PostRequest" name="Post_New_user" time="0.827"/>
  <testcase classname="requests.PostRequest" name="Post_New_user" time="0.290"/>
  <testcase classname="requests.PostRequest" name="Post_New_user" time="0.504"/>
  <testcase classname="requests.PostRequest" name="Post_New_user" time="0.296"/>
  <testcase classname="requests.PostRequest" name="Post_New_user" time="0.278"/>
  <testcase classname="requests.PostRequest" name="Post_New_user" time="0.404"/>
</testsuite> <!-- requests.PostRequest -->
