<?xml version="1.0" encoding="UTF-8"?>
<!-- Generated by org.testng.reporters.JUnitReportReporter -->
<testsuite hostname="Mukilsai" failures="0" tests="19" name="requests.PutRequest" time="4.891" errors="0" timestamp="2024-10-18T15:13:35 EDT" skipped="0">
  <testcase classname="requests.PutRequest" name="Put_New_user" time="0.249"/>
  <testcase classname="requests.PutRequest" name="Put_New_user" time="0.258"/>
  <testcase classname="requests.PutRequest" name="Put_New_user" time="0.252"/>
  <testcase classname="requests.PutRequest" name="Put_New_user" time="0.267"/>
  <testcase classname="requests.PutRequest" name="Put_New_user" time="0.235"/>
  <testcase classname="requests.PutRequest" name="Put_New_user" time="0.267"/>
  <testcase classname="requests.PutRequest" name="Put_New_user" time="0.275"/>
  <testcase classname="requests.PutRequest" name="Put_New_user" time="0.268"/>
  <testcase classname="requests.PutRequest" name="Put_New_user" time="0.257"/>
  <testcase classname="requests.PutRequest" name="Put_New_user" time="0.250"/>
  <testcase classname="requests.PutRequest" name="Put_New_user" time="0.260"/>
  <testcase classname="requests.PutRequest" name="Put_New_user" time="0.269"/>
  <testcase classname="requests.PutRequest" name="Put_New_user" time="0.247"/>
  <testcase classname="requests.PutRequest" name="Put_New_user" time="0.245"/>
  <testcase classname="requests.PutRequest" name="Put_New_user" time="0.253"/>
  <testcase classname="requests.PutRequest" name="Put_New_user" time="0.286"/>
  <testcase classname="requests.PutRequest" name="Put_New_user" time="0.251"/>
  <testcase classname="requests.PutRequest" name="Put_New_user" time="0.253"/>
  <testcase classname="requests.PutRequest" name="Put_New_user" time="0.249"/>
</testsuite> <!-- requests.PutRequest -->
