<?xml version="1.0" encoding="UTF-8"?>
<!-- Generated by org.testng.reporters.JUnitReportReporter -->
<testsuite hostname="Mukilsai" failures="0" tests="10" name="requests.GetRequests" time="4.322" errors="0" timestamp="2024-10-18T15:13:35 EDT" skipped="0">
  <testcase classname="requests.GetRequests" name="GetAllUser" time="0.266"/>
  <testcase classname="requests.GetRequests" name="GetAllUser" time="0.243"/>
  <testcase classname="requests.GetRequests" name="GetAllUser" time="0.253"/>
  <testcase classname="requests.GetRequests" name="GetAllUser" time="0.260"/>
  <testcase classname="requests.GetRequests" name="GetAllUser" time="0.255"/>
  <testcase classname="requests.GetRequests" name="GetAllUser" time="0.269"/>
  <testcase classname="requests.GetRequests" name="GetAllUser" time="0.259"/>
  <testcase classname="requests.GetRequests" name="GetAllUser" time="0.252"/>
  <testcase classname="requests.GetRequests" name="GetAllUser" time="0.266"/>
  <testcase classname="requests.GetRequests" name="GetAllUser" time="1.999"/>
</testsuite> <!-- requests.GetRequests -->
