<?xml version="1.0" encoding="UTF-8"?>
<!-- Generated by org.testng.reporters.JUnitReportReporter -->
<testsuite hostname="Mukilsai" failures="0" tests="19" name="requests.PutRequest" time="6.805" errors="0" timestamp="2024-10-17T21:01:47 EDT" skipped="0">
  <testcase classname="requests.PutRequest" name="Post_New_user" time="0.290"/>
  <testcase classname="requests.PutRequest" name="Post_New_user" time="0.277"/>
  <testcase classname="requests.PutRequest" name="Post_New_user" time="0.247"/>
  <testcase classname="requests.PutRequest" name="Post_New_user" time="0.260"/>
  <testcase classname="requests.PutRequest" name="Post_New_user" time="0.279"/>
  <testcase classname="requests.PutRequest" name="Post_New_user" time="0.323"/>
  <testcase classname="requests.PutRequest" name="Post_New_user" time="0.250"/>
  <testcase classname="requests.PutRequest" name="Post_New_user" time="0.276"/>
  <testcase classname="requests.PutRequest" name="Post_New_user" time="1.916"/>
  <testcase classname="requests.PutRequest" name="Post_New_user" time="0.262"/>
  <testcase classname="requests.PutRequest" name="Post_New_user" time="0.256"/>
  <testcase classname="requests.PutRequest" name="Post_New_user" time="0.283"/>
  <testcase classname="requests.PutRequest" name="Post_New_user" time="0.296"/>
  <testcase classname="requests.PutRequest" name="Post_New_user" time="0.247"/>
  <testcase classname="requests.PutRequest" name="Post_New_user" time="0.260"/>
  <testcase classname="requests.PutRequest" name="Post_New_user" time="0.254"/>
  <testcase classname="requests.PutRequest" name="Post_New_user" time="0.270"/>
  <testcase classname="requests.PutRequest" name="Post_New_user" time="0.268"/>
  <testcase classname="requests.PutRequest" name="Post_New_user" time="0.291"/>
</testsuite> <!-- requests.PutRequest -->
